<?xml version="1.0" encoding="UTF-8"?>
<testsuite xmlns:xsi="http://www.w3.org/2001/XMLSchema-instance" xsi:noNamespaceSchemaLocation="https://maven.apache.org/surefire/maven-surefire-plugin/xsd/surefire-test-report.xsd" version="3.0.2" name="com.in28minutes.springboot.learn_spring_boot.LearnSpringBootApplicationTests" time="2.175" tests="1" errors="0" skipped="0" failures="0">
  <properties>
    <property name="java.specification.version" value="22"/>
    <property name="sun.jnu.encoding" value="UTF-8"/>
    <property name="java.class.path" value="/Users/hyojun/Documents/독학/Java Spring Boot/learn-spring-boot/target/test-classes:/Users/hyojun/Documents/독학/Java Spring Boot/learn-spring-boot/target/classes:/Users/hyojun/.m2/repository/org/springframework/boot/spring-boot-starter-web/3.4.0-M2/spring-boot-starter-web-3.4.0-M2.jar:/Users/hyojun/.m2/repository/org/springframework/boot/spring-boot-starter/3.4.0-M2/spring-boot-starter-3.4.0-M2.jar:/Users/hyojun/.m2/repository/org/springframework/boot/spring-boot-starter-logging/3.4.0-M2/spring-boot-starter-logging-3.4.0-M2.jar:/Users/hyojun/.m2/repository/ch/qos/logback/logback-classic/1.5.7/logback-classic-1.5.7.jar:/Users/hyojun/.m2/repository/ch/qos/logback/logback-core/1.5.7/logback-core-1.5.7.jar:/Users/hyojun/.m2/repository/org/apache/logging/log4j/log4j-to-slf4j/2.23.1/log4j-to-slf4j-2.23.1.jar:/Users/hyojun/.m2/repository/org/apache/logging/log4j/log4j-api/2.23.1/log4j-api-2.23.1.jar:/Users/hyojun/.m2/repository/org/slf4j/jul-to-slf4j/2.0.16/jul-to-slf4j-2.0.16.jar:/Users/hyojun/.m2/repository/jakarta/annotation/jakarta.annotation-api/2.1.1/jakarta.annotation-api-2.1.1.jar:/Users/hyojun/.m2/repository/org/yaml/snakeyaml/2.2/snakeyaml-2.2.jar:/Users/hyojun/.m2/repository/org/springframework/boot/spring-boot-starter-json/3.4.0-M2/spring-boot-starter-json-3.4.0-M2.jar:/Users/hyojun/.m2/repository/com/fasterxml/jackson/core/jackson-databind/2.17.2/jackson-databind-2.17.2.jar:/Users/hyojun/.m2/repository/com/fasterxml/jackson/core/jackson-annotations/2.17.2/jackson-annotations-2.17.2.jar:/Users/hyojun/.m2/repository/com/fasterxml/jackson/core/jackson-core/2.17.2/jackson-core-2.17.2.jar:/Users/hyojun/.m2/repository/com/fasterxml/jackson/datatype/jackson-datatype-jdk8/2.17.2/jackson-datatype-jdk8-2.17.2.jar:/Users/hyojun/.m2/repository/com/fasterxml/jackson/datatype/jackson-datatype-jsr310/2.17.2/jackson-datatype-jsr310-2.17.2.jar:/Users/hyojun/.m2/repository/com/fasterxml/jackson/module/jackson-module-parameter-names/2.17.2/jackson-module-parameter-names-2.17.2.jar:/Users/hyojun/.m2/repository/org/springframework/boot/spring-boot-starter-tomcat/3.4.0-M2/spring-boot-starter-tomcat-3.4.0-M2.jar:/Users/hyojun/.m2/repository/org/apache/tomcat/embed/tomcat-embed-core/10.1.28/tomcat-embed-core-10.1.28.jar:/Users/hyojun/.m2/repository/org/apache/tomcat/embed/tomcat-embed-el/10.1.28/tomcat-embed-el-10.1.28.jar:/Users/hyojun/.m2/repository/org/apache/tomcat/embed/tomcat-embed-websocket/10.1.28/tomcat-embed-websocket-10.1.28.jar:/Users/hyojun/.m2/repository/org/springframework/spring-web/6.2.0-M7/spring-web-6.2.0-M7.jar:/Users/hyojun/.m2/repository/org/springframework/spring-beans/6.2.0-M7/spring-beans-6.2.0-M7.jar:/Users/hyojun/.m2/repository/org/springframework/spring-webmvc/6.2.0-M7/spring-webmvc-6.2.0-M7.jar:/Users/hyojun/.m2/repository/org/springframework/spring-aop/6.2.0-M7/spring-aop-6.2.0-M7.jar:/Users/hyojun/.m2/repository/org/springframework/spring-context/6.2.0-M7/spring-context-6.2.0-M7.jar:/Users/hyojun/.m2/repository/org/springframework/spring-expression/6.2.0-M7/spring-expression-6.2.0-M7.jar:/Users/hyojun/.m2/repository/org/springframework/boot/spring-boot-starter-actuator/3.4.0-M2/spring-boot-starter-actuator-3.4.0-M2.jar:/Users/hyojun/.m2/repository/org/springframework/boot/spring-boot-actuator-autoconfigure/3.4.0-M2/spring-boot-actuator-autoconfigure-3.4.0-M2.jar:/Users/hyojun/.m2/repository/org/springframework/boot/spring-boot-actuator/3.4.0-M2/spring-boot-actuator-3.4.0-M2.jar:/Users/hyojun/.m2/repository/io/micrometer/micrometer-observation/1.14.0-M2/micrometer-observation-1.14.0-M2.jar:/Users/hyojun/.m2/repository/io/micrometer/micrometer-commons/1.14.0-M2/micrometer-commons-1.14.0-M2.jar:/Users/hyojun/.m2/repository/io/micrometer/micrometer-jakarta9/1.14.0-M2/micrometer-jakarta9-1.14.0-M2.jar:/Users/hyojun/.m2/repository/io/micrometer/micrometer-core/1.14.0-M2/micrometer-core-1.14.0-M2.jar:/Users/hyojun/.m2/repository/org/hdrhistogram/HdrHistogram/2.2.2/HdrHistogram-2.2.2.jar:/Users/hyojun/.m2/repository/org/latencyutils/LatencyUtils/2.0.3/LatencyUtils-2.0.3.jar:/Users/hyojun/.m2/repository/org/springframework/boot/spring-boot-devtools/3.4.0-M2/spring-boot-devtools-3.4.0-M2.jar:/Users/hyojun/.m2/repository/org/springframework/boot/spring-boot/3.4.0-M2/spring-boot-3.4.0-M2.jar:/Users/hyojun/.m2/repository/org/springframework/boot/spring-boot-autoconfigure/3.4.0-M2/spring-boot-autoconfigure-3.4.0-M2.jar:/Users/hyojun/.m2/repository/org/springframework/boot/spring-boot-starter-test/3.4.0-M2/spring-boot-starter-test-3.4.0-M2.jar:/Users/hyojun/.m2/repository/org/springframework/boot/spring-boot-test/3.4.0-M2/spring-boot-test-3.4.0-M2.jar:/Users/hyojun/.m2/repository/org/springframework/boot/spring-boot-test-autoconfigure/3.4.0-M2/spring-boot-test-autoconfigure-3.4.0-M2.jar:/Users/hyojun/.m2/repository/com/jayway/jsonpath/json-path/2.9.0/json-path-2.9.0.jar:/Users/hyojun/.m2/repository/org/slf4j/slf4j-api/2.0.16/slf4j-api-2.0.16.jar:/Users/hyojun/.m2/repository/jakarta/xml/bind/jakarta.xml.bind-api/4.0.2/jakarta.xml.bind-api-4.0.2.jar:/Users/hyojun/.m2/repository/jakarta/activation/jakarta.activation-api/2.1.3/jakarta.activation-api-2.1.3.jar:/Users/hyojun/.m2/repository/net/minidev/json-smart/2.5.1/json-smart-2.5.1.jar:/Users/hyojun/.m2/repository/net/minidev/accessors-smart/2.5.1/accessors-smart-2.5.1.jar:/Users/hyojun/.m2/repository/org/ow2/asm/asm/9.6/asm-9.6.jar:/Users/hyojun/.m2/repository/org/assertj/assertj-core/3.26.3/assertj-core-3.26.3.jar:/Users/hyojun/.m2/repository/net/bytebuddy/byte-buddy/1.14.19/byte-buddy-1.14.19.jar:/Users/hyojun/.m2/repository/org/awaitility/awaitility/4.2.2/awaitility-4.2.2.jar:/Users/hyojun/.m2/repository/org/hamcrest/hamcrest/2.2/hamcrest-2.2.jar:/Users/hyojun/.m2/repository/org/junit/jupiter/junit-jupiter/5.11.0/junit-jupiter-5.11.0.jar:/Users/hyojun/.m2/repository/org/junit/jupiter/junit-jupiter-api/5.11.0/junit-jupiter-api-5.11.0.jar:/Users/hyojun/.m2/repository/org/opentest4j/opentest4j/1.3.0/opentest4j-1.3.0.jar:/Users/hyojun/.m2/repository/org/junit/platform/junit-platform-commons/1.11.0/junit-platform-commons-1.11.0.jar:/Users/hyojun/.m2/repository/org/apiguardian/apiguardian-api/1.1.2/apiguardian-api-1.1.2.jar:/Users/hyojun/.m2/repository/org/junit/jupiter/junit-jupiter-params/5.11.0/junit-jupiter-params-5.11.0.jar:/Users/hyojun/.m2/repository/org/junit/jupiter/junit-jupiter-engine/5.11.0/junit-jupiter-engine-5.11.0.jar:/Users/hyojun/.m2/repository/org/junit/platform/junit-platform-engine/1.11.0/junit-platform-engine-1.11.0.jar:/Users/hyojun/.m2/repository/org/mockito/mockito-core/5.12.0/mockito-core-5.12.0.jar:/Users/hyojun/.m2/repository/net/bytebuddy/byte-buddy-agent/1.14.19/byte-buddy-agent-1.14.19.jar:/Users/hyojun/.m2/repository/org/objenesis/objenesis/3.3/objenesis-3.3.jar:/Users/hyojun/.m2/repository/org/mockito/mockito-junit-jupiter/5.12.0/mockito-junit-jupiter-5.12.0.jar:/Users/hyojun/.m2/repository/org/skyscreamer/jsonassert/1.5.3/jsonassert-1.5.3.jar:/Users/hyojun/.m2/repository/com/vaadin/external/google/android-json/0.0.20131108.vaadin1/android-json-0.0.20131108.vaadin1.jar:/Users/hyojun/.m2/repository/org/springframework/spring-core/6.2.0-M7/spring-core-6.2.0-M7.jar:/Users/hyojun/.m2/repository/org/springframework/spring-jcl/6.2.0-M7/spring-jcl-6.2.0-M7.jar:/Users/hyojun/.m2/repository/org/springframework/spring-test/6.2.0-M7/spring-test-6.2.0-M7.jar:/Users/hyojun/.m2/repository/org/xmlunit/xmlunit-core/2.10.0/xmlunit-core-2.10.0.jar:"/>
    <property name="java.vm.vendor" value="Oracle Corporation"/>
    <property name="sun.arch.data.model" value="64"/>
    <property name="java.vendor.url" value="https://java.oracle.com/"/>
    <property name="user.timezone" value="Asia/Seoul"/>
    <property name="os.name" value="Mac OS X"/>
    <property name="java.vm.specification.version" value="22"/>
    <property name="APPLICATION_NAME" value="learn-spring-boot"/>
    <property name="sun.java.launcher" value="SUN_STANDARD"/>
    <property name="user.country" value="KR"/>
    <property name="sun.boot.library.path" value="/Library/Java/JavaVirtualMachines/jdk-22.jdk/Contents/Home/lib"/>
    <property name="sun.java.command" value="/Users/hyojun/Documents/독학/Java Spring Boot/learn-spring-boot/target/surefire/surefirebooter-20240910204806890_3.jar /Users/hyojun/Documents/독학/Java Spring Boot/learn-spring-boot/target/surefire 2024-09-10T20-48-06_840-jvmRun1 surefire-20240910204806890_1tmp surefire_0-20240910204806890_2tmp"/>
    <property name="http.nonProxyHosts" value="local|*.local|169.254/16|*.169.254/16|localhost|*.localhost|127.0.0.1:21300|*.127.0.0.1:21300"/>
    <property name="jdk.debug" value="release"/>
    <property name="surefire.test.class.path" value="/Users/hyojun/Documents/독학/Java Spring Boot/learn-spring-boot/target/test-classes:/Users/hyojun/Documents/독학/Java Spring Boot/learn-spring-boot/target/classes:/Users/hyojun/.m2/repository/org/springframework/boot/spring-boot-starter-web/3.4.0-M2/spring-boot-starter-web-3.4.0-M2.jar:/Users/hyojun/.m2/repository/org/springframework/boot/spring-boot-starter/3.4.0-M2/spring-boot-starter-3.4.0-M2.jar:/Users/hyojun/.m2/repository/org/springframework/boot/spring-boot-starter-logging/3.4.0-M2/spring-boot-starter-logging-3.4.0-M2.jar:/Users/hyojun/.m2/repository/ch/qos/logback/logback-classic/1.5.7/logback-classic-1.5.7.jar:/Users/hyojun/.m2/repository/ch/qos/logback/logback-core/1.5.7/logback-core-1.5.7.jar:/Users/hyojun/.m2/repository/org/apache/logging/log4j/log4j-to-slf4j/2.23.1/log4j-to-slf4j-2.23.1.jar:/Users/hyojun/.m2/repository/org/apache/logging/log4j/log4j-api/2.23.1/log4j-api-2.23.1.jar:/Users/hyojun/.m2/repository/org/slf4j/jul-to-slf4j/2.0.16/jul-to-slf4j-2.0.16.jar:/Users/hyojun/.m2/repository/jakarta/annotation/jakarta.annotation-api/2.1.1/jakarta.annotation-api-2.1.1.jar:/Users/hyojun/.m2/repository/org/yaml/snakeyaml/2.2/snakeyaml-2.2.jar:/Users/hyojun/.m2/repository/org/springframework/boot/spring-boot-starter-json/3.4.0-M2/spring-boot-starter-json-3.4.0-M2.jar:/Users/hyojun/.m2/repository/com/fasterxml/jackson/core/jackson-databind/2.17.2/jackson-databind-2.17.2.jar:/Users/hyojun/.m2/repository/com/fasterxml/jackson/core/jackson-annotations/2.17.2/jackson-annotations-2.17.2.jar:/Users/hyojun/.m2/repository/com/fasterxml/jackson/core/jackson-core/2.17.2/jackson-core-2.17.2.jar:/Users/hyojun/.m2/repository/com/fasterxml/jackson/datatype/jackson-datatype-jdk8/2.17.2/jackson-datatype-jdk8-2.17.2.jar:/Users/hyojun/.m2/repository/com/fasterxml/jackson/datatype/jackson-datatype-jsr310/2.17.2/jackson-datatype-jsr310-2.17.2.jar:/Users/hyojun/.m2/repository/com/fasterxml/jackson/module/jackson-module-parameter-names/2.17.2/jackson-module-parameter-names-2.17.2.jar:/Users/hyojun/.m2/repository/org/springframework/boot/spring-boot-starter-tomcat/3.4.0-M2/spring-boot-starter-tomcat-3.4.0-M2.jar:/Users/hyojun/.m2/repository/org/apache/tomcat/embed/tomcat-embed-core/10.1.28/tomcat-embed-core-10.1.28.jar:/Users/hyojun/.m2/repository/org/apache/tomcat/embed/tomcat-embed-el/10.1.28/tomcat-embed-el-10.1.28.jar:/Users/hyojun/.m2/repository/org/apache/tomcat/embed/tomcat-embed-websocket/10.1.28/tomcat-embed-websocket-10.1.28.jar:/Users/hyojun/.m2/repository/org/springframework/spring-web/6.2.0-M7/spring-web-6.2.0-M7.jar:/Users/hyojun/.m2/repository/org/springframework/spring-beans/6.2.0-M7/spring-beans-6.2.0-M7.jar:/Users/hyojun/.m2/repository/org/springframework/spring-webmvc/6.2.0-M7/spring-webmvc-6.2.0-M7.jar:/Users/hyojun/.m2/repository/org/springframework/spring-aop/6.2.0-M7/spring-aop-6.2.0-M7.jar:/Users/hyojun/.m2/repository/org/springframework/spring-context/6.2.0-M7/spring-context-6.2.0-M7.jar:/Users/hyojun/.m2/repository/org/springframework/spring-expression/6.2.0-M7/spring-expression-6.2.0-M7.jar:/Users/hyojun/.m2/repository/org/springframework/boot/spring-boot-starter-actuator/3.4.0-M2/spring-boot-starter-actuator-3.4.0-M2.jar:/Users/hyojun/.m2/repository/org/springframework/boot/spring-boot-actuator-autoconfigure/3.4.0-M2/spring-boot-actuator-autoconfigure-3.4.0-M2.jar:/Users/hyojun/.m2/repository/org/springframework/boot/spring-boot-actuator/3.4.0-M2/spring-boot-actuator-3.4.0-M2.jar:/Users/hyojun/.m2/repository/io/micrometer/micrometer-observation/1.14.0-M2/micrometer-observation-1.14.0-M2.jar:/Users/hyojun/.m2/repository/io/micrometer/micrometer-commons/1.14.0-M2/micrometer-commons-1.14.0-M2.jar:/Users/hyojun/.m2/repository/io/micrometer/micrometer-jakarta9/1.14.0-M2/micrometer-jakarta9-1.14.0-M2.jar:/Users/hyojun/.m2/repository/io/micrometer/micrometer-core/1.14.0-M2/micrometer-core-1.14.0-M2.jar:/Users/hyojun/.m2/repository/org/hdrhistogram/HdrHistogram/2.2.2/HdrHistogram-2.2.2.jar:/Users/hyojun/.m2/repository/org/latencyutils/LatencyUtils/2.0.3/LatencyUtils-2.0.3.jar:/Users/hyojun/.m2/repository/org/springframework/boot/spring-boot-devtools/3.4.0-M2/spring-boot-devtools-3.4.0-M2.jar:/Users/hyojun/.m2/repository/org/springframework/boot/spring-boot/3.4.0-M2/spring-boot-3.4.0-M2.jar:/Users/hyojun/.m2/repository/org/springframework/boot/spring-boot-autoconfigure/3.4.0-M2/spring-boot-autoconfigure-3.4.0-M2.jar:/Users/hyojun/.m2/repository/org/springframework/boot/spring-boot-starter-test/3.4.0-M2/spring-boot-starter-test-3.4.0-M2.jar:/Users/hyojun/.m2/repository/org/springframework/boot/spring-boot-test/3.4.0-M2/spring-boot-test-3.4.0-M2.jar:/Users/hyojun/.m2/repository/org/springframework/boot/spring-boot-test-autoconfigure/3.4.0-M2/spring-boot-test-autoconfigure-3.4.0-M2.jar:/Users/hyojun/.m2/repository/com/jayway/jsonpath/json-path/2.9.0/json-path-2.9.0.jar:/Users/hyojun/.m2/repository/org/slf4j/slf4j-api/2.0.16/slf4j-api-2.0.16.jar:/Users/hyojun/.m2/repository/jakarta/xml/bind/jakarta.xml.bind-api/4.0.2/jakarta.xml.bind-api-4.0.2.jar:/Users/hyojun/.m2/repository/jakarta/activation/jakarta.activation-api/2.1.3/jakarta.activation-api-2.1.3.jar:/Users/hyojun/.m2/repository/net/minidev/json-smart/2.5.1/json-smart-2.5.1.jar:/Users/hyojun/.m2/repository/net/minidev/accessors-smart/2.5.1/accessors-smart-2.5.1.jar:/Users/hyojun/.m2/repository/org/ow2/asm/asm/9.6/asm-9.6.jar:/Users/hyojun/.m2/repository/org/assertj/assertj-core/3.26.3/assertj-core-3.26.3.jar:/Users/hyojun/.m2/repository/net/bytebuddy/byte-buddy/1.14.19/byte-buddy-1.14.19.jar:/Users/hyojun/.m2/repository/org/awaitility/awaitility/4.2.2/awaitility-4.2.2.jar:/Users/hyojun/.m2/repository/org/hamcrest/hamcrest/2.2/hamcrest-2.2.jar:/Users/hyojun/.m2/repository/org/junit/jupiter/junit-jupiter/5.11.0/junit-jupiter-5.11.0.jar:/Users/hyojun/.m2/repository/org/junit/jupiter/junit-jupiter-api/5.11.0/junit-jupiter-api-5.11.0.jar:/Users/hyojun/.m2/repository/org/opentest4j/opentest4j/1.3.0/opentest4j-1.3.0.jar:/Users/hyojun/.m2/repository/org/junit/platform/junit-platform-commons/1.11.0/junit-platform-commons-1.11.0.jar:/Users/hyojun/.m2/repository/org/apiguardian/apiguardian-api/1.1.2/apiguardian-api-1.1.2.jar:/Users/hyojun/.m2/repository/org/junit/jupiter/junit-jupiter-params/5.11.0/junit-jupiter-params-5.11.0.jar:/Users/hyojun/.m2/repository/org/junit/jupiter/junit-jupiter-engine/5.11.0/junit-jupiter-engine-5.11.0.jar:/Users/hyojun/.m2/repository/org/junit/platform/junit-platform-engine/1.11.0/junit-platform-engine-1.11.0.jar:/Users/hyojun/.m2/repository/org/mockito/mockito-core/5.12.0/mockito-core-5.12.0.jar:/Users/hyojun/.m2/repository/net/bytebuddy/byte-buddy-agent/1.14.19/byte-buddy-agent-1.14.19.jar:/Users/hyojun/.m2/repository/org/objenesis/objenesis/3.3/objenesis-3.3.jar:/Users/hyojun/.m2/repository/org/mockito/mockito-junit-jupiter/5.12.0/mockito-junit-jupiter-5.12.0.jar:/Users/hyojun/.m2/repository/org/skyscreamer/jsonassert/1.5.3/jsonassert-1.5.3.jar:/Users/hyojun/.m2/repository/com/vaadin/external/google/android-json/0.0.20131108.vaadin1/android-json-0.0.20131108.vaadin1.jar:/Users/hyojun/.m2/repository/org/springframework/spring-core/6.2.0-M7/spring-core-6.2.0-M7.jar:/Users/hyojun/.m2/repository/org/springframework/spring-jcl/6.2.0-M7/spring-jcl-6.2.0-M7.jar:/Users/hyojun/.m2/repository/org/springframework/spring-test/6.2.0-M7/spring-test-6.2.0-M7.jar:/Users/hyojun/.m2/repository/org/xmlunit/xmlunit-core/2.10.0/xmlunit-core-2.10.0.jar:"/>
    <property name="sun.cpu.endian" value="little"/>
    <property name="user.home" value="/Users/hyojun"/>
    <property name="user.language" value="ko"/>
    <property name="java.specification.vendor" value="Oracle Corporation"/>
    <property name="java.version.date" value="2024-07-16"/>
    <property name="java.home" value="/Library/Java/JavaVirtualMachines/jdk-22.jdk/Contents/Home"/>
    <property name="file.separator" value="/"/>
    <property name="basedir" value="/Users/hyojun/Documents/독학/Java Spring Boot/learn-spring-boot"/>
    <property name="style.color" value="always"/>
    <property name="java.vm.compressedOopsMode" value="Zero based"/>
    <property name="line.separator" value="&#10;"/>
    <property name="java.vm.specification.vendor" value="Oracle Corporation"/>
    <property name="java.specification.name" value="Java Platform API Specification"/>
    <property name="FILE_LOG_CHARSET" value="UTF-8"/>
    <property name="java.awt.headless" value="true"/>
    <property name="apple.awt.application.name" value="ForkedBooter"/>
    <property name="surefire.real.class.path" value="/Users/hyojun/Documents/독학/Java Spring Boot/learn-spring-boot/target/surefire/surefirebooter-20240910204806890_3.jar"/>
    <property name="sun.management.compiler" value="HotSpot 64-Bit Tiered Compilers"/>
    <property name="ftp.nonProxyHosts" value="local|*.local|169.254/16|*.169.254/16|localhost|*.localhost|127.0.0.1:21300|*.127.0.0.1:21300"/>
    <property name="java.runtime.version" value="22.0.2+9-70"/>
    <property name="user.name" value="hyojun"/>
    <property name="stdout.encoding" value="UTF-8"/>
    <property name="path.separator" value=":"/>
    <property name="os.version" value="14.5"/>
    <property name="java.runtime.name" value="Java(TM) SE Runtime Environment"/>
    <property name="file.encoding" value="UTF-8"/>
    <property name="java.vm.name" value="Java HotSpot(TM) 64-Bit Server VM"/>
    <property name="localRepository" value="/Users/hyojun/.m2/repository"/>
    <property name="java.vendor.url.bug" value="https://bugreport.java.com/bugreport/"/>
    <property name="java.io.tmpdir" value="/var/folders/pr/jrj2dr4d127dv49bckx7km200000gn/T/"/>
    <property name="java.version" value="22.0.2"/>
    <property name="user.dir" value="/Users/hyojun/Documents/독학/Java Spring Boot/learn-spring-boot"/>
    <property name="os.arch" value="aarch64"/>
    <property name="java.vm.specification.name" value="Java Virtual Machine Specification"/>
    <property name="PID" value="86442"/>
    <property name="CONSOLE_LOG_CHARSET" value="UTF-8"/>
    <property name="native.encoding" value="UTF-8"/>
    <property name="java.library.path" value="/Users/hyojun/Library/Java/Extensions:/Library/Java/Extensions:/Network/Library/Java/Extensions:/System/Library/Java/Extensions:/usr/lib/java:."/>
    <property name="java.vm.info" value="mixed mode, sharing"/>
    <property name="stderr.encoding" value="UTF-8"/>
    <property name="java.vendor" value="Oracle Corporation"/>
    <property name="java.vm.version" value="22.0.2+9-70"/>
    <property name="sun.io.unicode.encoding" value="UnicodeBig"/>
    <property name="socksNonProxyHosts" value="local|*.local|169.254/16|*.169.254/16|localhost|*.localhost|127.0.0.1:21300|*.127.0.0.1:21300"/>
    <property name="java.class.version" value="66.0"/>
    <property name="LOGGED_APPLICATION_NAME" value="[learn-spring-boot] "/>
  </properties>
  <testcase name="contextLoads" classname="com.in28minutes.springboot.learn_spring_boot.LearnSpringBootApplicationTests" time="0.538">
    <system-out><![CDATA[20:48:07.354 [main] INFO org.springframework.test.context.support.AnnotationConfigContextLoaderUtils -- Could not detect default configuration classes for test class [com.in28minutes.springboot.learn_spring_boot.LearnSpringBootApplicationTests]: LearnSpringBootApplicationTests does not declare any static, non-private, non-final, nested classes annotated with @Configuration.
20:48:07.423 [main] INFO org.springframework.boot.test.context.SpringBootTestContextBootstrapper -- Found @SpringBootConfiguration com.in28minutes.springboot.learn_spring_boot.LearnSpringBootApplication for test class com.in28minutes.springboot.learn_spring_boot.LearnSpringBootApplicationTests
20:48:07.504 [main] INFO org.springframework.boot.devtools.restart.RestartApplicationListener -- Restart disabled due to context in which it is running
2024-09-10T20:48:07.625+09:00 TRACE 86442 --- [learn-spring-boot] [           main] o.s.c.io.support.SpringFactoriesLoader   : Loaded [org.springframework.boot.ApplicationContextFactory] names: [org.springframework.boot.web.reactive.context.ReactiveWebServerApplicationContextFactory, org.springframework.boot.web.servlet.context.ServletWebServerApplicationContextFactory]

  .   ____          _            __ _ _
 /\\ / ___'_ __ _ _(_)_ __  __ _ \ \ \ \
( ( )\___ | '_ | '_| | '_ \/ _` | \ \ \ \
 \\/  ___)| |_)| | | | | || (_| |  ) ) ) )
  '  |____| .__|_| |_|_| |_\__, | / / / /
 =========|_|==============|___/=/_/_/_/

 :: Spring Boot ::             (v3.4.0-M2)

2024-09-10T20:48:07.690+09:00 TRACE 86442 --- [learn-spring-boot] [           main] o.s.b.f.s.DefaultListableBeanFactory     : Registering scope 'restart' with implementation [org.springframework.boot.devtools.restart.RestartScopeInitializer$RestartScope@22fa55b2]
2024-09-10T20:48:07.691+09:00 TRACE 86442 --- [learn-spring-boot] [           main] o.s.c.io.support.SpringFactoriesLoader   : Loaded [org.springframework.core.io.ProtocolResolver] names: [org.springframework.boot.io.Base64ProtocolResolver]
2024-09-10T20:48:07.694+09:00  INFO 86442 --- [learn-spring-boot] [           main] c.i.s.l.LearnSpringBootApplicationTests  : Starting LearnSpringBootApplicationTests using Java 22.0.2 with PID 86442 (started by hyojun in /Users/hyojun/Documents/독학/Java Spring Boot/learn-spring-boot)
2024-09-10T20:48:07.695+09:00  INFO 86442 --- [learn-spring-boot] [           main] c.i.s.l.LearnSpringBootApplicationTests  : The following 1 profile is active: "dev"
2024-09-10T20:48:07.695+09:00 DEBUG 86442 --- [learn-spring-boot] [           main] o.s.boot.SpringApplication               : Loading source class com.in28minutes.springboot.learn_spring_boot.LearnSpringBootApplication
2024-09-10T20:48:07.703+09:00 TRACE 86442 --- [learn-spring-boot] [           main] o.s.c.a.ClassPathBeanDefinitionScanner   : JSR-250 'jakarta.annotation.ManagedBean' found and supported for component scanning
2024-09-10T20:48:07.709+09:00 TRACE 86442 --- [learn-spring-boot] [           main] uePropertySourceEnvironmentPostProcessor : RandomValuePropertySource add to Environment
2024-09-10T20:48:07.710+09:00 TRACE 86442 --- [learn-spring-boot] [           main] b.c.c.ConfigDataEnvironmentPostProcessor : Post-processing environment to add config data
2024-09-10T20:48:07.710+09:00 TRACE 86442 --- [learn-spring-boot] [           main] o.s.b.c.config.ConfigDataEnvironment     : Building config data environment contributors
2024-09-10T20:48:07.710+09:00 TRACE 86442 --- [learn-spring-boot] [           main] o.s.b.c.config.ConfigDataEnvironment     : Creating wrapped config data contributor for 'Inlined Test Properties'
2024-09-10T20:48:07.710+09:00 TRACE 86442 --- [learn-spring-boot] [           main] o.s.b.c.config.ConfigDataEnvironment     : Creating wrapped config data contributor for 'configurationProperties'
2024-09-10T20:48:07.710+09:00 TRACE 86442 --- [learn-spring-boot] [           main] o.s.b.c.config.ConfigDataEnvironment     : Creating wrapped config data contributor for 'servletConfigInitParams'
2024-09-10T20:48:07.710+09:00 TRACE 86442 --- [learn-spring-boot] [           main] o.s.b.c.config.ConfigDataEnvironment     : Creating wrapped config data contributor for 'servletContextInitParams'
2024-09-10T20:48:07.710+09:00 TRACE 86442 --- [learn-spring-boot] [           main] o.s.b.c.config.ConfigDataEnvironment     : Creating wrapped config data contributor for 'systemProperties'
2024-09-10T20:48:07.710+09:00 TRACE 86442 --- [learn-spring-boot] [           main] o.s.b.c.config.ConfigDataEnvironment     : Creating wrapped config data contributor for 'systemEnvironment'
2024-09-10T20:48:07.710+09:00 TRACE 86442 --- [learn-spring-boot] [           main] o.s.b.c.config.ConfigDataEnvironment     : Creating wrapped config data contributor for 'random'
2024-09-10T20:48:07.710+09:00 TRACE 86442 --- [learn-spring-boot] [           main] o.s.b.c.config.ConfigDataEnvironment     : Creating wrapped config data contributor for 'applicationInfo'
2024-09-10T20:48:07.710+09:00 TRACE 86442 --- [learn-spring-boot] [           main] o.s.b.c.config.ConfigDataEnvironment     : Adding initial config data import from location 'optional:file:./;optional:file:./config/;optional:file:./config/*/'
2024-09-10T20:48:07.711+09:00 TRACE 86442 --- [learn-spring-boot] [           main] o.s.b.c.config.ConfigDataEnvironment     : Adding initial config data import from location 'optional:classpath:/;optional:classpath:/config/'
2024-09-10T20:48:07.711+09:00 TRACE 86442 --- [learn-spring-boot] [           main] o.s.b.c.config.ConfigDataEnvironment     : Processing initial config data environment contributors without activation context
2024-09-10T20:48:07.711+09:00 TRACE 86442 --- [learn-spring-boot] [           main] .b.c.c.ConfigDataEnvironmentContributors : Processing imports for phase BEFORE_PROFILE_ACTIVATION. no activation context
2024-09-10T20:48:07.711+09:00 TRACE 86442 --- [learn-spring-boot] [           main] .b.c.c.ConfigDataEnvironmentContributors : Processing imports [optional:file:./;optional:file:./config/;optional:file:./config/*/]
2024-09-10T20:48:07.711+09:00 TRACE 86442 --- [learn-spring-boot] [           main] b.c.c.StandardConfigDataLocationResolver : Skipping missing resource file:./application.yaml
2024-09-10T20:48:07.711+09:00 TRACE 86442 --- [learn-spring-boot] [           main] b.c.c.StandardConfigDataLocationResolver : Skipping missing resource file:./application.yml
2024-09-10T20:48:07.711+09:00 TRACE 86442 --- [learn-spring-boot] [           main] b.c.c.StandardConfigDataLocationResolver : Skipping missing resource file:./application.xml
2024-09-10T20:48:07.711+09:00 TRACE 86442 --- [learn-spring-boot] [           main] b.c.c.StandardConfigDataLocationResolver : Skipping missing resource file:./application.properties
2024-09-10T20:48:07.711+09:00 TRACE 86442 --- [learn-spring-boot] [           main] b.c.c.StandardConfigDataLocationResolver : Skipping missing resource file:./config/application.yaml
2024-09-10T20:48:07.711+09:00 TRACE 86442 --- [learn-spring-boot] [           main] b.c.c.StandardConfigDataLocationResolver : Skipping missing resource file:./config/application.yml
2024-09-10T20:48:07.712+09:00 TRACE 86442 --- [learn-spring-boot] [           main] b.c.c.StandardConfigDataLocationResolver : Skipping missing resource file:./config/application.xml
2024-09-10T20:48:07.712+09:00 TRACE 86442 --- [learn-spring-boot] [           main] b.c.c.StandardConfigDataLocationResolver : Skipping missing resource file:./config/application.properties
2024-09-10T20:48:07.712+09:00 TRACE 86442 --- [learn-spring-boot] [           main] o.s.b.context.config.ConfigDataImporter  : Considering resource file [.] from location optional:file:./;optional:file:./config/;optional:file:./config/*/
2024-09-10T20:48:07.712+09:00 TRACE 86442 --- [learn-spring-boot] [           main] o.s.b.context.config.ConfigDataLoaders   : Loading file [.] using loader org.springframework.boot.context.config.StandardConfigDataLoader
2024-09-10T20:48:07.712+09:00 TRACE 86442 --- [learn-spring-boot] [           main] o.s.b.context.config.ConfigDataImporter  : Loaded resource file [.] from location optional:file:./;optional:file:./config/;optional:file:./config/*/
2024-09-10T20:48:07.714+09:00 TRACE 86442 --- [learn-spring-boot] [           main] .b.c.c.ConfigDataEnvironmentContributors : Imported 1 resource [file [.]]
2024-09-10T20:48:07.714+09:00 TRACE 86442 --- [learn-spring-boot] [           main] .b.c.c.ConfigDataEnvironmentContributors : Processing imports [optional:classpath:/;optional:classpath:/config/]
2024-09-10T20:48:07.714+09:00 TRACE 86442 --- [learn-spring-boot] [           main] b.c.c.StandardConfigDataLocationResolver : Skipping missing resource classpath:/application.yaml
2024-09-10T20:48:07.714+09:00 TRACE 86442 --- [learn-spring-boot] [           main] b.c.c.StandardConfigDataLocationResolver : Skipping missing resource classpath:/application.yml
2024-09-10T20:48:07.714+09:00 TRACE 86442 --- [learn-spring-boot] [           main] b.c.c.StandardConfigDataLocationResolver : Skipping missing resource classpath:/application.xml
2024-09-10T20:48:07.714+09:00 TRACE 86442 --- [learn-spring-boot] [           main] b.c.c.StandardConfigDataLocationResolver : Skipping missing resource classpath:/config/application.yaml
2024-09-10T20:48:07.714+09:00 TRACE 86442 --- [learn-spring-boot] [           main] b.c.c.StandardConfigDataLocationResolver : Skipping missing resource classpath:/config/application.yml
2024-09-10T20:48:07.715+09:00 TRACE 86442 --- [learn-spring-boot] [           main] b.c.c.StandardConfigDataLocationResolver : Skipping missing resource classpath:/config/application.xml
2024-09-10T20:48:07.715+09:00 TRACE 86442 --- [learn-spring-boot] [           main] b.c.c.StandardConfigDataLocationResolver : Skipping missing resource classpath:/config/application.properties
2024-09-10T20:48:07.715+09:00 TRACE 86442 --- [learn-spring-boot] [           main] o.s.b.context.config.ConfigDataImporter  : Considering resource class path resource [application.properties] from location optional:classpath:/;optional:classpath:/config/
2024-09-10T20:48:07.715+09:00 TRACE 86442 --- [learn-spring-boot] [           main] o.s.b.context.config.ConfigDataLoaders   : Loading class path resource [application.properties] using loader org.springframework.boot.context.config.StandardConfigDataLoader
2024-09-10T20:48:07.715+09:00 TRACE 86442 --- [learn-spring-boot] [           main] o.s.b.context.config.ConfigDataImporter  : Loaded resource class path resource [application.properties] from location optional:classpath:/;optional:classpath:/config/
2024-09-10T20:48:07.715+09:00 TRACE 86442 --- [learn-spring-boot] [           main] .b.c.c.ConfigDataEnvironmentContributors : Imported 1 resource [class path resource [application.properties]]
2024-09-10T20:48:07.717+09:00 TRACE 86442 --- [learn-spring-boot] [           main] .b.c.c.ConfigDataEnvironmentContributors : Processed imports for of 2 contributors
2024-09-10T20:48:07.717+09:00 TRACE 86442 --- [learn-spring-boot] [           main] o.s.b.c.config.ConfigDataEnvironment     : Creating config data activation context from initial contributions
2024-09-10T20:48:07.717+09:00 TRACE 86442 --- [learn-spring-boot] [           main] o.s.b.c.config.ConfigDataEnvironment     : Processing config data environment contributors with initial activation context
2024-09-10T20:48:07.718+09:00 TRACE 86442 --- [learn-spring-boot] [           main] .b.c.c.ConfigDataEnvironmentContributors : Processing imports for phase BEFORE_PROFILE_ACTIVATION. [ConfigDataActivationContext@6f815e7f cloudPlatform = [null], profiles = [null]]
2024-09-10T20:48:07.718+09:00 TRACE 86442 --- [learn-spring-boot] [           main] .b.c.c.ConfigDataEnvironmentContributors : Processed imports for of 0 contributors
2024-09-10T20:48:07.718+09:00 TRACE 86442 --- [learn-spring-boot] [           main] o.s.b.c.config.ConfigDataEnvironment     : Deducing profiles from current config data environment contributors
2024-09-10T20:48:07.718+09:00 TRACE 86442 --- [learn-spring-boot] [           main] o.s.b.c.config.ConfigDataEnvironment     : Processing config data environment contributors with profile activation context
2024-09-10T20:48:07.718+09:00 TRACE 86442 --- [learn-spring-boot] [           main] .b.c.c.ConfigDataEnvironmentContributors : Processing imports for phase AFTER_PROFILE_ACTIVATION. [ConfigDataActivationContext@65e7f52a cloudPlatform = [null], profiles = [Profiles@304b9f1a active = '[dev]', default = '[default]', accepted = '[dev]']]
2024-09-10T20:48:07.718+09:00 TRACE 86442 --- [learn-spring-boot] [           main] .b.c.c.ConfigDataEnvironmentContributors : Processing imports [optional:file:./;optional:file:./config/;optional:file:./config/*/]
2024-09-10T20:48:07.719+09:00 TRACE 86442 --- [learn-spring-boot] [           main] b.c.c.StandardConfigDataLocationResolver : Skipping missing resource file:./application.yaml
2024-09-10T20:48:07.719+09:00 TRACE 86442 --- [learn-spring-boot] [           main] b.c.c.StandardConfigDataLocationResolver : Skipping missing resource file:./application.yml
2024-09-10T20:48:07.719+09:00 TRACE 86442 --- [learn-spring-boot] [           main] b.c.c.StandardConfigDataLocationResolver : Skipping missing resource file:./application.xml
2024-09-10T20:48:07.719+09:00 TRACE 86442 --- [learn-spring-boot] [           main] b.c.c.StandardConfigDataLocationResolver : Skipping missing resource file:./application.properties
2024-09-10T20:48:07.719+09:00 TRACE 86442 --- [learn-spring-boot] [           main] b.c.c.StandardConfigDataLocationResolver : Skipping missing resource file:./config/application.yaml
2024-09-10T20:48:07.719+09:00 TRACE 86442 --- [learn-spring-boot] [           main] b.c.c.StandardConfigDataLocationResolver : Skipping missing resource file:./config/application.yml
2024-09-10T20:48:07.719+09:00 TRACE 86442 --- [learn-spring-boot] [           main] b.c.c.StandardConfigDataLocationResolver : Skipping missing resource file:./config/application.xml
2024-09-10T20:48:07.719+09:00 TRACE 86442 --- [learn-spring-boot] [           main] b.c.c.StandardConfigDataLocationResolver : Skipping missing resource file:./config/application.properties
2024-09-10T20:48:07.719+09:00 TRACE 86442 --- [learn-spring-boot] [           main] b.c.c.StandardConfigDataLocationResolver : Skipping missing resource file:./application-dev.yaml
2024-09-10T20:48:07.719+09:00 TRACE 86442 --- [learn-spring-boot] [           main] b.c.c.StandardConfigDataLocationResolver : Skipping missing resource file:./application-dev.yml
2024-09-10T20:48:07.719+09:00 TRACE 86442 --- [learn-spring-boot] [           main] b.c.c.StandardConfigDataLocationResolver : Skipping missing resource file:./application-dev.xml
2024-09-10T20:48:07.719+09:00 TRACE 86442 --- [learn-spring-boot] [           main] b.c.c.StandardConfigDataLocationResolver : Skipping missing resource file:./application-dev.properties
2024-09-10T20:48:07.720+09:00 TRACE 86442 --- [learn-spring-boot] [           main] b.c.c.StandardConfigDataLocationResolver : Skipping missing resource file:./config/application-dev.yaml
2024-09-10T20:48:07.720+09:00 TRACE 86442 --- [learn-spring-boot] [           main] b.c.c.StandardConfigDataLocationResolver : Skipping missing resource file:./config/application-dev.yml
2024-09-10T20:48:07.720+09:00 TRACE 86442 --- [learn-spring-boot] [           main] b.c.c.StandardConfigDataLocationResolver : Skipping missing resource file:./config/application-dev.xml
2024-09-10T20:48:07.720+09:00 TRACE 86442 --- [learn-spring-boot] [           main] b.c.c.StandardConfigDataLocationResolver : Skipping missing resource file:./config/application-dev.properties
2024-09-10T20:48:07.720+09:00 TRACE 86442 --- [learn-spring-boot] [           main] o.s.b.context.config.ConfigDataImporter  : Considering resource file [.] from location optional:file:./;optional:file:./config/;optional:file:./config/*/
2024-09-10T20:48:07.720+09:00 TRACE 86442 --- [learn-spring-boot] [           main] o.s.b.context.config.ConfigDataImporter  : Already loaded resource file [.] ignoring location optional:file:./;optional:file:./config/;optional:file:./config/*/
2024-09-10T20:48:07.720+09:00 TRACE 86442 --- [learn-spring-boot] [           main] o.s.b.context.config.ConfigDataImporter  : Considering resource file [.] from location optional:file:./;optional:file:./config/;optional:file:./config/*/
2024-09-10T20:48:07.720+09:00 TRACE 86442 --- [learn-spring-boot] [           main] o.s.b.context.config.ConfigDataImporter  : Already loaded resource file [.] ignoring location optional:file:./;optional:file:./config/;optional:file:./config/*/
2024-09-10T20:48:07.720+09:00 TRACE 86442 --- [learn-spring-boot] [           main] .b.c.c.ConfigDataEnvironmentContributors : Nothing imported
2024-09-10T20:48:07.720+09:00 TRACE 86442 --- [learn-spring-boot] [           main] .b.c.c.ConfigDataEnvironmentContributors : Processing imports [optional:classpath:/;optional:classpath:/config/]
2024-09-10T20:48:07.720+09:00 TRACE 86442 --- [learn-spring-boot] [           main] b.c.c.StandardConfigDataLocationResolver : Skipping missing resource classpath:/application.yaml
2024-09-10T20:48:07.721+09:00 TRACE 86442 --- [learn-spring-boot] [           main] b.c.c.StandardConfigDataLocationResolver : Skipping missing resource classpath:/application.yml
2024-09-10T20:48:07.721+09:00 TRACE 86442 --- [learn-spring-boot] [           main] b.c.c.StandardConfigDataLocationResolver : Skipping missing resource classpath:/application.xml
2024-09-10T20:48:07.725+09:00 TRACE 86442 --- [learn-spring-boot] [           main] b.c.c.StandardConfigDataLocationResolver : Skipping missing resource classpath:/config/application.yaml
2024-09-10T20:48:07.725+09:00 TRACE 86442 --- [learn-spring-boot] [           main] b.c.c.StandardConfigDataLocationResolver : Skipping missing resource classpath:/config/application.yml
2024-09-10T20:48:07.725+09:00 TRACE 86442 --- [learn-spring-boot] [           main] b.c.c.StandardConfigDataLocationResolver : Skipping missing resource classpath:/config/application.xml
2024-09-10T20:48:07.725+09:00 TRACE 86442 --- [learn-spring-boot] [           main] b.c.c.StandardConfigDataLocationResolver : Skipping missing resource classpath:/config/application.properties
2024-09-10T20:48:07.725+09:00 TRACE 86442 --- [learn-spring-boot] [           main] b.c.c.StandardConfigDataLocationResolver : Skipping missing resource classpath:/application-dev.yaml
2024-09-10T20:48:07.725+09:00 TRACE 86442 --- [learn-spring-boot] [           main] b.c.c.StandardConfigDataLocationResolver : Skipping missing resource classpath:/application-dev.yml
2024-09-10T20:48:07.725+09:00 TRACE 86442 --- [learn-spring-boot] [           main] b.c.c.StandardConfigDataLocationResolver : Skipping missing resource classpath:/application-dev.xml
2024-09-10T20:48:07.725+09:00 TRACE 86442 --- [learn-spring-boot] [           main] b.c.c.StandardConfigDataLocationResolver : Skipping missing resource classpath:/config/application-dev.yaml
2024-09-10T20:48:07.725+09:00 TRACE 86442 --- [learn-spring-boot] [           main] b.c.c.StandardConfigDataLocationResolver : Skipping missing resource classpath:/config/application-dev.yml
2024-09-10T20:48:07.726+09:00 TRACE 86442 --- [learn-spring-boot] [           main] b.c.c.StandardConfigDataLocationResolver : Skipping missing resource classpath:/config/application-dev.xml
2024-09-10T20:48:07.726+09:00 TRACE 86442 --- [learn-spring-boot] [           main] b.c.c.StandardConfigDataLocationResolver : Skipping missing resource classpath:/config/application-dev.properties
2024-09-10T20:48:07.726+09:00 TRACE 86442 --- [learn-spring-boot] [           main] o.s.b.context.config.ConfigDataImporter  : Considering resource class path resource [application-dev.properties] from location optional:classpath:/;optional:classpath:/config/
2024-09-10T20:48:07.726+09:00 TRACE 86442 --- [learn-spring-boot] [           main] o.s.b.context.config.ConfigDataLoaders   : Loading class path resource [application-dev.properties] using loader org.springframework.boot.context.config.StandardConfigDataLoader
2024-09-10T20:48:07.726+09:00 TRACE 86442 --- [learn-spring-boot] [           main] o.s.b.context.config.ConfigDataImporter  : Loaded resource class path resource [application-dev.properties] from location optional:classpath:/;optional:classpath:/config/
2024-09-10T20:48:07.726+09:00 TRACE 86442 --- [learn-spring-boot] [           main] o.s.b.context.config.ConfigDataImporter  : Considering resource class path resource [application.properties] from location optional:classpath:/;optional:classpath:/config/
2024-09-10T20:48:07.726+09:00 TRACE 86442 --- [learn-spring-boot] [           main] o.s.b.context.config.ConfigDataImporter  : Already loaded resource class path resource [application.properties] ignoring location optional:classpath:/;optional:classpath:/config/
2024-09-10T20:48:07.726+09:00 TRACE 86442 --- [learn-spring-boot] [           main] .b.c.c.ConfigDataEnvironmentContributors : Imported 1 resource [class path resource [application-dev.properties]]
2024-09-10T20:48:07.726+09:00 TRACE 86442 --- [learn-spring-boot] [           main] .b.c.c.ConfigDataEnvironmentContributors : Processed imports for of 2 contributors
2024-09-10T20:48:07.726+09:00 TRACE 86442 --- [learn-spring-boot] [           main] o.s.b.c.config.ConfigDataEnvironment     : Applying config data environment contributions
2024-09-10T20:48:07.726+09:00 TRACE 86442 --- [learn-spring-boot] [           main] o.s.b.c.config.ConfigDataEnvironment     : Adding imported property source 'Config resource 'class path resource [application-dev.properties]' via location 'optional:classpath:/''
2024-09-10T20:48:07.727+09:00 TRACE 86442 --- [learn-spring-boot] [           main] o.s.b.c.config.ConfigDataEnvironment     : Adding imported property source 'Config resource 'class path resource [application.properties]' via location 'optional:classpath:/''
2024-09-10T20:48:07.727+09:00 TRACE 86442 --- [learn-spring-boot] [           main] o.s.b.c.config.ConfigDataEnvironment     : Setting default profiles: [default]
2024-09-10T20:48:07.727+09:00 TRACE 86442 --- [learn-spring-boot] [           main] o.s.b.c.config.ConfigDataEnvironment     : Setting active profiles: [dev]
2024-09-10T20:48:07.730+09:00 TRACE 86442 --- [learn-spring-boot] [           main] o.s.w.c.s.GenericWebApplicationContext   : Refreshing org.springframework.web.context.support.GenericWebApplicationContext@61a5b4ae, started on Tue Sep 10 20:48:07 KST 2024
2024-09-10T20:48:07.735+09:00 TRACE 86442 --- [learn-spring-boot] [           main] o.s.b.f.s.DefaultListableBeanFactory     : Registering scope 'request' with implementation [org.springframework.web.context.request.RequestScope@3c443976]
2024-09-10T20:48:07.735+09:00 TRACE 86442 --- [learn-spring-boot] [           main] o.s.b.f.s.DefaultListableBeanFactory     : Registering scope 'session' with implementation [org.springframework.web.context.request.SessionScope@7e0b9178]
2024-09-10T20:48:07.736+09:00 TRACE 86442 --- [learn-spring-boot] [           main] o.s.b.f.s.DefaultListableBeanFactory     : Registering scope 'application' with implementation [org.springframework.web.context.support.ServletContextScope@2e6ba49a]
2024-09-10T20:48:07.741+09:00 DEBUG 86442 --- [learn-spring-boot] [           main] o.s.b.f.s.DefaultListableBeanFactory     : Creating shared instance of singleton bean 'org.springframework.context.annotation.internalConfigurationAnnotationProcessor'
2024-09-10T20:48:07.741+09:00 TRACE 86442 --- [learn-spring-boot] [           main] o.s.b.f.s.DefaultListableBeanFactory     : Creating instance of bean 'org.springframework.context.annotation.internalConfigurationAnnotationProcessor'
2024-09-10T20:48:07.754+09:00 DEBUG 86442 --- [learn-spring-boot] [           main] o.s.b.f.s.DefaultListableBeanFactory     : Creating shared instance of singleton bean 'org.springframework.boot.autoconfigure.internalCachingMetadataReaderFactory'
2024-09-10T20:48:07.755+09:00 TRACE 86442 --- [learn-spring-boot] [           main] o.s.b.f.s.DefaultListableBeanFactory     : Creating instance of bean 'org.springframework.boot.autoconfigure.internalCachingMetadataReaderFactory'
2024-09-10T20:48:07.756+09:00 TRACE 86442 --- [learn-spring-boot] [           main] o.s.b.f.s.DefaultListableBeanFactory     : Finished creating instance of bean 'org.springframework.boot.autoconfigure.internalCachingMetadataReaderFactory'
2024-09-10T20:48:07.757+09:00 TRACE 86442 --- [learn-spring-boot] [           main] o.s.c.io.support.SpringFactoriesLoader   : Loaded [org.springframework.beans.BeanInfoFactory] names: []
2024-09-10T20:48:07.757+09:00 TRACE 86442 --- [learn-spring-boot] [           main] o.s.beans.CachedIntrospectionResults     : Getting BeanInfo for class [org.springframework.context.annotation.ConfigurationClassPostProcessor]
2024-09-10T20:48:07.759+09:00 TRACE 86442 --- [learn-spring-boot] [           main] o.s.beans.CachedIntrospectionResults     : Caching PropertyDescriptors for class [org.springframework.context.annotation.ConfigurationClassPostProcessor]
2024-09-10T20:48:07.759+09:00 TRACE 86442 --- [learn-spring-boot] [           main] o.s.beans.CachedIntrospectionResults     : Found bean property 'applicationStartup' of type [org.springframework.core.metrics.ApplicationStartup]
2024-09-10T20:48:07.760+09:00 TRACE 86442 --- [learn-spring-boot] [           main] o.s.beans.CachedIntrospectionResults     : Found bean property 'beanClassLoader' of type [java.lang.ClassLoader]
2024-09-10T20:48:07.760+09:00 TRACE 86442 --- [learn-spring-boot] [           main] o.s.beans.CachedIntrospectionResults     : Found bean property 'beanExcludedFromAotProcessing' of type [boolean]
2024-09-10T20:48:07.760+09:00 TRACE 86442 --- [learn-spring-boot] [           main] o.s.beans.CachedIntrospectionResults     : Found bean property 'beanNameGenerator' of type [org.springframework.beans.factory.support.BeanNameGenerator]
2024-09-10T20:48:07.760+09:00 TRACE 86442 --- [learn-spring-boot] [           main] o.s.beans.CachedIntrospectionResults     : Found bean property 'class' of type [java.lang.Class]
2024-09-10T20:48:07.760+09:00 TRACE 86442 --- [learn-spring-boot] [           main] o.s.beans.CachedIntrospectionResults     : Found bean property 'environment' of type [org.springframework.core.env.Environment]
2024-09-10T20:48:07.760+09:00 TRACE 86442 --- [learn-spring-boot] [           main] o.s.beans.CachedIntrospectionResults     : Found bean property 'metadataReaderFactory' of type [org.springframework.core.type.classreading.MetadataReaderFactory]
2024-09-10T20:48:07.760+09:00 TRACE 86442 --- [learn-spring-boot] [           main] o.s.beans.CachedIntrospectionResults     : Found bean property 'order' of type [int]
2024-09-10T20:48:07.761+09:00 TRACE 86442 --- [learn-spring-boot] [           main] o.s.beans.CachedIntrospectionResults     : Found bean property 'problemReporter' of type [org.springframework.beans.factory.parsing.ProblemReporter]
2024-09-10T20:48:07.761+09:00 TRACE 86442 --- [learn-spring-boot] [           main] o.s.beans.CachedIntrospectionResults     : Found bean property 'resourceLoader' of type [org.springframework.core.io.ResourceLoader]
2024-09-10T20:48:07.761+09:00 TRACE 86442 --- [learn-spring-boot] [           main] o.s.beans.CachedIntrospectionResults     : Found bean property 'sourceExtractor' of type [org.springframework.beans.factory.parsing.SourceExtractor]
2024-09-10T20:48:07.763+09:00 TRACE 86442 --- [learn-spring-boot] [           main] o.s.b.f.s.DefaultListableBeanFactory     : Finished creating instance of bean 'org.springframework.context.annotation.internalConfigurationAnnotationProcessor'
2024-09-10T20:48:07.769+09:00 TRACE 86442 --- [learn-spring-boot] [           main] o.s.c.a.ClassPathBeanDefinitionScanner   : JSR-250 'jakarta.annotation.ManagedBean' found and supported for component scanning
2024-09-10T20:48:07.770+09:00 TRACE 86442 --- [learn-spring-boot] [           main] .i.s.PathMatchingResourcePatternResolver : Resolved module-path location pattern [com/in28minutes/springboot/learn_spring_boot/**/*.class] to resources []
2024-09-10T20:48:07.770+09:00 TRACE 86442 --- [learn-spring-boot] [           main] .i.s.PathMatchingResourcePatternResolver : Resolved module-path location pattern [com/in28minutes/springboot/learn_spring_boot/] to resources []
2024-09-10T20:48:07.770+09:00 TRACE 86442 --- [learn-spring-boot] [           main] .i.s.PathMatchingResourcePatternResolver : Resolved class path location [com/in28minutes/springboot/learn_spring_boot/] to resources [file [/Users/hyojun/Documents/독학/Java Spring Boot/learn-spring-boot/target/test-classes/com/in28minutes/springboot/learn_spring_boot], file [/Users/hyojun/Documents/독학/Java Spring Boot/learn-spring-boot/target/classes/com/in28minutes/springboot/learn_spring_boot]]
2024-09-10T20:48:07.771+09:00 TRACE 86442 --- [learn-spring-boot] [           main] .i.s.PathMatchingResourcePatternResolver : Searching directory [/Users/hyojun/Documents/독학/Java Spring Boot/learn-spring-boot/target/test-classes/com/in28minutes/springboot/learn_spring_boot] for files matching pattern [**/*.class]
2024-09-10T20:48:07.772+09:00 TRACE 86442 --- [learn-spring-boot] [           main] .i.s.PathMatchingResourcePatternResolver : Searching directory [/Users/hyojun/Documents/독학/Java Spring Boot/learn-spring-boot/target/classes/com/in28minutes/springboot/learn_spring_boot] for files matching pattern [**/*.class]
2024-09-10T20:48:07.773+09:00 TRACE 86442 --- [learn-spring-boot] [           main] .i.s.PathMatchingResourcePatternResolver : Resolved location pattern [classpath*:com/in28minutes/springboot/learn_spring_boot/**/*.class] to resources [file [/Users/hyojun/Documents/독학/Java Spring Boot/learn-spring-boot/target/test-classes/com/in28minutes/springboot/learn_spring_boot/LearnSpringBootApplicationTests.class], file [/Users/hyojun/Documents/독학/Java Spring Boot/learn-spring-boot/target/classes/com/in28minutes/springboot/learn_spring_boot/Course.class], file [/Users/hyojun/Documents/독학/Java Spring Boot/learn-spring-boot/target/classes/com/in28minutes/springboot/learn_spring_boot/CourseController.class], file [/Users/hyojun/Documents/독학/Java Spring Boot/learn-spring-boot/target/classes/com/in28minutes/springboot/learn_spring_boot/CurrencyConfigurationController.class], file [/Users/hyojun/Documents/독학/Java Spring Boot/learn-spring-boot/target/classes/com/in28minutes/springboot/learn_spring_boot/CurrencyServiceConfiguration.class], file [/Users/hyojun/Documents/독학/Java Spring Boot/learn-spring-boot/target/classes/com/in28minutes/springboot/learn_spring_boot/LearnSpringBootApplication.class]]
2024-09-10T20:48:07.773+09:00 TRACE 86442 --- [learn-spring-boot] [           main] o.s.c.a.ClassPathBeanDefinitionScanner   : Scanning file [/Users/hyojun/Documents/독학/Java Spring Boot/learn-spring-boot/target/test-classes/com/in28minutes/springboot/learn_spring_boot/LearnSpringBootApplicationTests.class]
2024-09-10T20:48:07.774+09:00 TRACE 86442 --- [learn-spring-boot] [           main] o.s.b.f.s.DefaultListableBeanFactory     : Returning cached instance of singleton bean 'org.springframework.boot.test.context.filter.TestTypeExcludeFilter'
2024-09-10T20:48:07.774+09:00 TRACE 86442 --- [learn-spring-boot] [           main] o.s.c.a.ClassPathBeanDefinitionScanner   : Ignored because not matching any filter: file [/Users/hyojun/Documents/독학/Java Spring Boot/learn-spring-boot/target/test-classes/com/in28minutes/springboot/learn_spring_boot/LearnSpringBootApplicationTests.class]
2024-09-10T20:48:07.774+09:00 TRACE 86442 --- [learn-spring-boot] [           main] o.s.c.a.ClassPathBeanDefinitionScanner   : Scanning file [/Users/hyojun/Documents/독학/Java Spring Boot/learn-spring-boot/target/classes/com/in28minutes/springboot/learn_spring_boot/Course.class]
2024-09-10T20:48:07.774+09:00 TRACE 86442 --- [learn-spring-boot] [           main] o.s.c.a.ClassPathBeanDefinitionScanner   : Ignored because not matching any filter: file [/Users/hyojun/Documents/독학/Java Spring Boot/learn-spring-boot/target/classes/com/in28minutes/springboot/learn_spring_boot/Course.class]
2024-09-10T20:48:07.774+09:00 TRACE 86442 --- [learn-spring-boot] [           main] o.s.c.a.ClassPathBeanDefinitionScanner   : Scanning file [/Users/hyojun/Documents/독학/Java Spring Boot/learn-spring-boot/target/classes/com/in28minutes/springboot/learn_spring_boot/CourseController.class]
2024-09-10T20:48:07.775+09:00 DEBUG 86442 --- [learn-spring-boot] [           main] o.s.c.a.ClassPathBeanDefinitionScanner   : Identified candidate component class: file [/Users/hyojun/Documents/독학/Java Spring Boot/learn-spring-boot/target/classes/com/in28minutes/springboot/learn_spring_boot/CourseController.class]
2024-09-10T20:48:07.775+09:00 TRACE 86442 --- [learn-spring-boot] [           main] o.s.c.a.ClassPathBeanDefinitionScanner   : Scanning file [/Users/hyojun/Documents/독학/Java Spring Boot/learn-spring-boot/target/classes/com/in28minutes/springboot/learn_spring_boot/CurrencyConfigurationController.class]
2024-09-10T20:48:07.775+09:00 DEBUG 86442 --- [learn-spring-boot] [           main] o.s.c.a.ClassPathBeanDefinitionScanner   : Identified candidate component class: file [/Users/hyojun/Documents/독학/Java Spring Boot/learn-spring-boot/target/classes/com/in28minutes/springboot/learn_spring_boot/CurrencyConfigurationController.class]
2024-09-10T20:48:07.775+09:00 TRACE 86442 --- [learn-spring-boot] [           main] o.s.c.a.ClassPathBeanDefinitionScanner   : Scanning file [/Users/hyojun/Documents/독학/Java Spring Boot/learn-spring-boot/target/classes/com/in28minutes/springboot/learn_spring_boot/CurrencyServiceConfiguration.class]
2024-09-10T20:48:07.775+09:00 DEBUG 86442 --- [learn-spring-boot] [           main] o.s.c.a.ClassPathBeanDefinitionScanner   : Identified candidate component class: file [/Users/hyojun/Documents/독학/Java Spring Boot/learn-spring-boot/target/classes/com/in28minutes/springboot/learn_spring_boot/CurrencyServiceConfiguration.class]
2024-09-10T20:48:07.775+09:00 TRACE 86442 --- [learn-spring-boot] [           main] o.s.c.a.ClassPathBeanDefinitionScanner   : Scanning file [/Users/hyojun/Documents/독학/Java Spring Boot/learn-spring-boot/target/classes/com/in28minutes/springboot/learn_spring_boot/LearnSpringBootApplication.class]
2024-09-10T20:48:07.776+09:00 TRACE 86442 --- [learn-spring-boot] [           main] o.s.c.a.ClassPathBeanDefinitionScanner   : Ignored because not matching any filter: file [/Users/hyojun/Documents/독학/Java Spring Boot/learn-spring-boot/target/classes/com/in28minutes/springboot/learn_spring_boot/LearnSpringBootApplication.class]
2024-09-10T20:48:07.787+09:00 TRACE 86442 --- [learn-spring-boot] [           main] o.s.c.io.support.SpringFactoriesLoader   : Loaded [org.springframework.boot.autoconfigure.AutoConfigurationImportFilter] names: [org.springframework.boot.autoconfigure.condition.OnBeanCondition, org.springframework.boot.autoconfigure.condition.OnClassCondition, org.springframework.boot.autoconfigure.condition.OnWebApplicationCondition]
2024-09-10T20:48:07.800+09:00 TRACE 86442 --- [learn-spring-boot] [           main] o.s.b.f.s.DefaultListableBeanFactory     : Returning cached instance of singleton bean 'autoConfigurationReport'
2024-09-10T20:48:07.818+09:00 TRACE 86442 --- [learn-spring-boot] [           main] o.s.b.a.condition.OnClassCondition       : Condition OnClassCondition on org.springframework.boot.actuate.autoconfigure.amqp.RabbitHealthContributorAutoConfiguration did not match due to @ConditionalOnClass did not find required class 'org.springframework.amqp.rabbit.core.RabbitTemplate'
2024-09-10T20:48:07.819+09:00 TRACE 86442 --- [learn-spring-boot] [           main] o.s.b.a.condition.OnClassCondition       : Condition OnClassCondition on org.springframework.boot.actuate.autoconfigure.cassandra.CassandraHealthContributorAutoConfiguration did not match due to @ConditionalOnClass did not find required class 'com.datastax.oss.driver.api.core.CqlSession'
2024-09-10T20:48:07.819+09:00 TRACE 86442 --- [learn-spring-boot] [           main] o.s.b.a.condition.OnClassCondition       : Condition OnClassCondition on org.springframework.boot.actuate.autoconfigure.cassandra.CassandraReactiveHealthContributorAutoConfiguration did not match due to @ConditionalOnClass did not find required class 'com.datastax.oss.driver.api.core.CqlSession'
2024-09-10T20:48:07.819+09:00 TRACE 86442 --- [learn-spring-boot] [           main] o.s.b.a.condition.OnClassCondition       : Condition OnClassCondition on org.springframework.boot.actuate.autoconfigure.couchbase.CouchbaseHealthContributorAutoConfiguration did not match due to @ConditionalOnClass did not find required class 'com.couchbase.client.java.Cluster'
2024-09-10T20:48:07.819+09:00 TRACE 86442 --- [learn-spring-boot] [           main] o.s.b.a.condition.OnClassCondition       : Condition OnClassCondition on org.springframework.boot.actuate.autoconfigure.couchbase.CouchbaseReactiveHealthContributorAutoConfiguration did not match due to @ConditionalOnClass did not find required class 'com.couchbase.client.java.Cluster'
2024-09-10T20:48:07.819+09:00 TRACE 86442 --- [learn-spring-boot] [           main] o.s.b.a.condition.OnClassCondition       : Condition OnClassCondition on org.springframework.boot.actuate.autoconfigure.data.elasticsearch.ElasticsearchReactiveHealthContributorAutoConfiguration did not match due to @ConditionalOnClass did not find required class 'reactor.core.publisher.Flux'
2024-09-10T20:48:07.819+09:00 TRACE 86442 --- [learn-spring-boot] [           main] o.s.b.a.condition.OnClassCondition       : Condition OnClassCondition on org.springframework.boot.actuate.autoconfigure.elasticsearch.ElasticsearchRestHealthContributorAutoConfiguration did not match due to @ConditionalOnClass did not find required class 'org.elasticsearch.client.RestClient'
2024-09-10T20:48:07.819+09:00 TRACE 86442 --- [learn-spring-boot] [           main] o.s.b.a.condition.OnClassCondition       : Condition OnClassCondition on org.springframework.boot.actuate.autoconfigure.flyway.FlywayEndpointAutoConfiguration did not match due to @ConditionalOnClass did not find required class 'org.flywaydb.core.Flyway'
2024-09-10T20:48:07.819+09:00 TRACE 86442 --- [learn-spring-boot] [           main] o.s.b.a.condition.OnClassCondition       : Condition OnClassCondition on org.springframework.boot.actuate.autoconfigure.hazelcast.HazelcastHealthContributorAutoConfiguration did not match due to @ConditionalOnClass did not find required class 'com.hazelcast.core.HazelcastInstance'
2024-09-10T20:48:07.819+09:00 TRACE 86442 --- [learn-spring-boot] [           main] o.s.b.a.condition.OnClassCondition       : Condition OnClassCondition on org.springframework.boot.actuate.autoconfigure.integration.IntegrationGraphEndpointAutoConfiguration did not match due to @ConditionalOnClass did not find required class 'org.springframework.integration.graph.IntegrationGraphServer'
2024-09-10T20:48:07.820+09:00 TRACE 86442 --- [learn-spring-boot] [           main] o.s.b.a.condition.OnClassCondition       : Condition OnClassCondition on org.springframework.boot.actuate.autoconfigure.jdbc.DataSourceHealthContributorAutoConfiguration did not match due to @ConditionalOnClass did not find required class 'org.springframework.jdbc.core.JdbcTemplate'
2024-09-10T20:48:07.820+09:00 TRACE 86442 --- [learn-spring-boot] [           main] o.s.b.a.condition.OnClassCondition       : Condition OnClassCondition on org.springframework.boot.actuate.autoconfigure.jms.JmsHealthContributorAutoConfiguration did not match due to @ConditionalOnClass did not find required class 'jakarta.jms.ConnectionFactory'
2024-09-10T20:48:07.820+09:00 TRACE 86442 --- [learn-spring-boot] [           main] o.s.b.a.condition.OnClassCondition       : Condition OnClassCondition on org.springframework.boot.actuate.autoconfigure.ldap.LdapHealthContributorAutoConfiguration did not match due to @ConditionalOnClass did not find required class 'org.springframework.ldap.core.LdapOperations'
2024-09-10T20:48:07.820+09:00 TRACE 86442 --- [learn-spring-boot] [           main] o.s.b.a.condition.OnClassCondition       : Condition OnClassCondition on org.springframework.boot.actuate.autoconfigure.liquibase.LiquibaseEndpointAutoConfiguration did not match due to @ConditionalOnClass did not find required class 'liquibase.integration.spring.SpringLiquibase'
2024-09-10T20:48:07.820+09:00 TRACE 86442 --- [learn-spring-boot] [           main] o.s.b.a.condition.OnClassCondition       : Condition OnClassCondition on org.springframework.boot.actuate.autoconfigure.logging.opentelemetry.OpenTelemetryLoggingAutoConfiguration did not match due to @ConditionalOnClass did not find required class 'io.opentelemetry.api.OpenTelemetry'
2024-09-10T20:48:07.820+09:00 TRACE 86442 --- [learn-spring-boot] [           main] o.s.b.a.condition.OnClassCondition       : Condition OnClassCondition on org.springframework.boot.actuate.autoconfigure.logging.opentelemetry.otlp.OtlpLoggingAutoConfiguration did not match due to @ConditionalOnClass did not find required class 'io.opentelemetry.api.OpenTelemetry'
2024-09-10T20:48:07.820+09:00 TRACE 86442 --- [learn-spring-boot] [           main] o.s.b.a.condition.OnClassCondition       : Condition OnClassCondition on org.springframework.boot.actuate.autoconfigure.mail.MailHealthContributorAutoConfiguration did not match due to @ConditionalOnClass did not find required class 'org.springframework.mail.javamail.JavaMailSenderImpl'
2024-09-10T20:48:07.820+09:00 TRACE 86442 --- [learn-spring-boot] [           main] o.s.b.a.condition.OnClassCondition       : Condition OnClassCondition on org.springframework.boot.actuate.autoconfigure.metrics.KafkaMetricsAutoConfiguration did not match due to @ConditionalOnClass did not find required class 'org.springframework.kafka.core.ProducerFactory'
2024-09-10T20:48:07.820+09:00 TRACE 86442 --- [learn-spring-boot] [           main] o.s.b.a.condition.OnClassCondition       : Condition OnClassCondition on org.springframework.boot.actuate.autoconfigure.metrics.Log4J2MetricsAutoConfiguration did not match due to @ConditionalOnClass did not find required class 'org.apache.logging.log4j.core.LoggerContext'
2024-09-10T20:48:07.820+09:00 TRACE 86442 --- [learn-spring-boot] [           main] o.s.b.a.condition.OnClassCondition       : Condition OnClassCondition on org.springframework.boot.actuate.autoconfigure.metrics.MetricsAspectsAutoConfiguration did not match due to @ConditionalOnClass did not find required class 'org.aspectj.weaver.Advice'
2024-09-10T20:48:07.820+09:00 TRACE 86442 --- [learn-spring-boot] [           main] o.s.b.a.condition.OnClassCondition       : Condition OnClassCondition on org.springframework.boot.actuate.autoconfigure.metrics.amqp.RabbitMetricsAutoConfiguration did not match due to @ConditionalOnClass did not find required class 'com.rabbitmq.client.ConnectionFactory'
2024-09-10T20:48:07.820+09:00 TRACE 86442 --- [learn-spring-boot] [           main] o.s.b.a.condition.OnClassCondition       : Condition OnClassCondition on org.springframework.boot.actuate.autoconfigure.metrics.data.RepositoryMetricsAutoConfiguration did not match due to @ConditionalOnClass did not find required class 'org.springframework.data.repository.Repository'
2024-09-10T20:48:07.820+09:00 TRACE 86442 --- [learn-spring-boot] [           main] o.s.b.a.condition.OnClassCondition       : Condition OnClassCondition on org.springframework.boot.actuate.autoconfigure.metrics.export.appoptics.AppOpticsMetricsExportAutoConfiguration did not match due to @ConditionalOnClass did not find required class 'io.micrometer.appoptics.AppOpticsMeterRegistry'
2024-09-10T20:48:07.820+09:00 TRACE 86442 --- [learn-spring-boot] [           main] o.s.b.a.condition.OnClassCondition       : Condition OnClassCondition on org.springframework.boot.actuate.autoconfigure.metrics.export.atlas.AtlasMetricsExportAutoConfiguration did not match due to @ConditionalOnClass did not find required class 'io.micrometer.atlas.AtlasMeterRegistry'
2024-09-10T20:48:07.820+09:00 TRACE 86442 --- [learn-spring-boot] [           main] o.s.b.a.condition.OnClassCondition       : Condition OnClassCondition on org.springframework.boot.actuate.autoconfigure.metrics.export.datadog.DatadogMetricsExportAutoConfiguration did not match due to @ConditionalOnClass did not find required class 'io.micrometer.datadog.DatadogMeterRegistry'
2024-09-10T20:48:07.820+09:00 TRACE 86442 --- [learn-spring-boot] [           main] o.s.b.a.condition.OnClassCondition       : Condition OnClassCondition on org.springframework.boot.actuate.autoconfigure.metrics.export.dynatrace.DynatraceMetricsExportAutoConfiguration did not match due to @ConditionalOnClass did not find required class 'io.micrometer.dynatrace.DynatraceMeterRegistry'
2024-09-10T20:48:07.821+09:00 TRACE 86442 --- [learn-spring-boot] [           main] o.s.b.a.condition.OnClassCondition       : Condition OnClassCondition on org.springframework.boot.actuate.autoconfigure.metrics.export.elastic.ElasticMetricsExportAutoConfiguration did not match due to @ConditionalOnClass did not find required class 'io.micrometer.elastic.ElasticMeterRegistry'
2024-09-10T20:48:07.821+09:00 TRACE 86442 --- [learn-spring-boot] [           main] o.s.b.a.condition.OnClassCondition       : Condition OnClassCondition on org.springframework.boot.actuate.autoconfigure.metrics.export.ganglia.GangliaMetricsExportAutoConfiguration did not match due to @ConditionalOnClass did not find required class 'io.micrometer.ganglia.GangliaMeterRegistry'
2024-09-10T20:48:07.821+09:00 TRACE 86442 --- [learn-spring-boot] [           main] o.s.b.a.condition.OnClassCondition       : Condition OnClassCondition on org.springframework.boot.actuate.autoconfigure.metrics.export.graphite.GraphiteMetricsExportAutoConfiguration did not match due to @ConditionalOnClass did not find required class 'io.micrometer.graphite.GraphiteMeterRegistry'
2024-09-10T20:48:07.821+09:00 TRACE 86442 --- [learn-spring-boot] [           main] o.s.b.a.condition.OnClassCondition       : Condition OnClassCondition on org.springframework.boot.actuate.autoconfigure.metrics.export.humio.HumioMetricsExportAutoConfiguration did not match due to @ConditionalOnClass did not find required class 'io.micrometer.humio.HumioMeterRegistry'
2024-09-10T20:48:07.821+09:00 TRACE 86442 --- [learn-spring-boot] [           main] o.s.b.a.condition.OnClassCondition       : Condition OnClassCondition on org.springframework.boot.actuate.autoconfigure.metrics.export.influx.InfluxMetricsExportAutoConfiguration did not match due to @ConditionalOnClass did not find required class 'io.micrometer.influx.InfluxMeterRegistry'
2024-09-10T20:48:07.821+09:00 TRACE 86442 --- [learn-spring-boot] [           main] o.s.b.a.condition.OnClassCondition       : Condition OnClassCondition on org.springframework.boot.actuate.autoconfigure.metrics.export.jmx.JmxMetricsExportAutoConfiguration did not match due to @ConditionalOnClass did not find required class 'io.micrometer.jmx.JmxMeterRegistry'
2024-09-10T20:48:07.821+09:00 TRACE 86442 --- [learn-spring-boot] [           main] o.s.b.a.condition.OnClassCondition       : Condition OnClassCondition on org.springframework.boot.actuate.autoconfigure.metrics.export.kairos.KairosMetricsExportAutoConfiguration did not match due to @ConditionalOnClass did not find required class 'io.micrometer.kairos.KairosMeterRegistry'
2024-09-10T20:48:07.821+09:00 TRACE 86442 --- [learn-spring-boot] [           main] o.s.b.a.condition.OnClassCondition       : Condition OnClassCondition on org.springframework.boot.actuate.autoconfigure.metrics.export.newrelic.NewRelicMetricsExportAutoConfiguration did not match due to @ConditionalOnClass did not find required class 'io.micrometer.newrelic.NewRelicMeterRegistry'
2024-09-10T20:48:07.821+09:00 TRACE 86442 --- [learn-spring-boot] [           main] o.s.b.a.condition.OnClassCondition       : Condition OnClassCondition on org.springframework.boot.actuate.autoconfigure.metrics.export.otlp.OtlpMetricsExportAutoConfiguration did not match due to @ConditionalOnClass did not find required class 'io.micrometer.registry.otlp.OtlpMeterRegistry'
2024-09-10T20:48:07.821+09:00 TRACE 86442 --- [learn-spring-boot] [           main] o.s.b.a.condition.OnClassCondition       : Condition OnClassCondition on org.springframework.boot.actuate.autoconfigure.metrics.export.prometheus.PrometheusMetricsExportAutoConfiguration did not match due to @ConditionalOnClass did not find required class 'io.micrometer.prometheusmetrics.PrometheusMeterRegistry'
2024-09-10T20:48:07.821+09:00 TRACE 86442 --- [learn-spring-boot] [           main] o.s.b.a.condition.OnClassCondition       : Condition OnClassCondition on org.springframework.boot.actuate.autoconfigure.metrics.export.prometheus.PrometheusSimpleclientMetricsExportAutoConfiguration did not match due to @ConditionalOnClass did not find required class 'io.micrometer.prometheus.PrometheusMeterRegistry'
2024-09-10T20:48:07.821+09:00 TRACE 86442 --- [learn-spring-boot] [           main] o.s.b.a.condition.OnClassCondition       : Condition OnClassCondition on org.springframework.boot.actuate.autoconfigure.metrics.export.signalfx.SignalFxMetricsExportAutoConfiguration did not match due to @ConditionalOnClass did not find required class 'io.micrometer.signalfx.SignalFxMeterRegistry'
2024-09-10T20:48:07.821+09:00 TRACE 86442 --- [learn-spring-boot] [           main] o.s.b.a.condition.OnClassCondition       : Condition OnClassCondition on org.springframework.boot.actuate.autoconfigure.metrics.export.stackdriver.StackdriverMetricsExportAutoConfiguration did not match due to @ConditionalOnClass did not find required class 'io.micrometer.stackdriver.StackdriverMeterRegistry'
2024-09-10T20:48:07.821+09:00 TRACE 86442 --- [learn-spring-boot] [           main] o.s.b.a.condition.OnClassCondition       : Condition OnClassCondition on org.springframework.boot.actuate.autoconfigure.metrics.export.statsd.StatsdMetricsExportAutoConfiguration did not match due to @ConditionalOnClass did not find required class 'io.micrometer.statsd.StatsdMeterRegistry'
2024-09-10T20:48:07.822+09:00 TRACE 86442 --- [learn-spring-boot] [           main] o.s.b.a.condition.OnClassCondition       : Condition OnClassCondition on org.springframework.boot.actuate.autoconfigure.metrics.export.wavefront.WavefrontMetricsExportAutoConfiguration did not match due to @ConditionalOnClass did not find required class 'com.wavefront.sdk.common.WavefrontSender'
2024-09-10T20:48:07.822+09:00 TRACE 86442 --- [learn-spring-boot] [           main] o.s.b.a.condition.OnClassCondition       : Condition OnClassCondition on org.springframework.boot.actuate.autoconfigure.observation.batch.BatchObservationAutoConfiguration did not match due to @ConditionalOnClass did not find required class 'org.springframework.batch.core.configuration.annotation.BatchObservabilityBeanPostProcessor'
2024-09-10T20:48:07.822+09:00 TRACE 86442 --- [learn-spring-boot] [           main] o.s.b.a.condition.OnClassCondition       : Condition OnClassCondition on org.springframework.boot.actuate.autoconfigure.observation.graphql.GraphQlObservationAutoConfiguration did not match due to @ConditionalOnClass did not find required class 'graphql.GraphQL'
2024-09-10T20:48:07.822+09:00 TRACE 86442 --- [learn-spring-boot] [           main] o.s.b.a.condition.OnClassCondition       : Condition OnClassCondition on org.springframework.boot.actuate.autoconfigure.metrics.jersey.JerseyServerMetricsAutoConfiguration did not match due to @ConditionalOnClass did not find required class 'org.glassfish.jersey.micrometer.server.ObservationApplicationEventListener'
2024-09-10T20:48:07.822+09:00 TRACE 86442 --- [learn-spring-boot] [           main] o.s.b.a.condition.OnClassCondition       : Condition OnClassCondition on org.springframework.boot.actuate.autoconfigure.metrics.mongo.MongoMetricsAutoConfiguration did not match due to @ConditionalOnClass did not find required class 'com.mongodb.MongoClientSettings'
2024-09-10T20:48:07.822+09:00 TRACE 86442 --- [learn-spring-boot] [           main] o.s.b.a.condition.OnClassCondition       : Condition OnClassCondition on org.springframework.boot.actuate.autoconfigure.metrics.orm.jpa.HibernateMetricsAutoConfiguration did not match due to @ConditionalOnClass did not find required class 'jakarta.persistence.EntityManagerFactory'
2024-09-10T20:48:07.822+09:00 TRACE 86442 --- [learn-spring-boot] [           main] o.s.b.a.condition.OnClassCondition       : Condition OnClassCondition on org.springframework.boot.actuate.autoconfigure.metrics.r2dbc.ConnectionPoolMetricsAutoConfiguration did not match due to @ConditionalOnClass did not find required class 'io.r2dbc.pool.ConnectionPool'
2024-09-10T20:48:07.822+09:00 TRACE 86442 --- [learn-spring-boot] [           main] o.s.b.a.condition.OnClassCondition       : Condition OnClassCondition on org.springframework.boot.actuate.autoconfigure.metrics.redis.LettuceMetricsAutoConfiguration did not match due to @ConditionalOnClass did not find required class 'io.lettuce.core.metrics.MicrometerCommandLatencyRecorder'
2024-09-10T20:48:07.822+09:00 TRACE 86442 --- [learn-spring-boot] [           main] o.s.b.a.condition.OnClassCondition       : Condition OnClassCondition on org.springframework.boot.actuate.autoconfigure.metrics.web.jetty.JettyMetricsAutoConfiguration did not match due to @ConditionalOnClass did not find required class 'org.eclipse.jetty.server.Server'
2024-09-10T20:48:07.822+09:00 TRACE 86442 --- [learn-spring-boot] [           main] o.s.b.a.condition.OnClassCondition       : Condition OnClassCondition on org.springframework.boot.actuate.autoconfigure.data.mongo.MongoHealthContributorAutoConfiguration did not match due to @ConditionalOnClass did not find required class 'org.springframework.data.mongodb.core.MongoTemplate'
2024-09-10T20:48:07.822+09:00 TRACE 86442 --- [learn-spring-boot] [           main] o.s.b.a.condition.OnClassCondition       : Condition OnClassCondition on org.springframework.boot.actuate.autoconfigure.data.mongo.MongoReactiveHealthContributorAutoConfiguration did not match due to @ConditionalOnClass did not find required class 'reactor.core.publisher.Flux'
2024-09-10T20:48:07.822+09:00 TRACE 86442 --- [learn-spring-boot] [           main] o.s.b.a.condition.OnClassCondition       : Condition OnClassCondition on org.springframework.boot.actuate.autoconfigure.neo4j.Neo4jHealthContributorAutoConfiguration did not match due to @ConditionalOnClass did not find required class 'org.neo4j.driver.Driver'
2024-09-10T20:48:07.822+09:00 TRACE 86442 --- [learn-spring-boot] [           main] o.s.b.a.condition.OnClassCondition       : Condition OnClassCondition on org.springframework.boot.actuate.autoconfigure.opentelemetry.OpenTelemetryAutoConfiguration did not match due to @ConditionalOnClass did not find required class 'io.opentelemetry.sdk.OpenTelemetrySdk'
2024-09-10T20:48:07.822+09:00 TRACE 86442 --- [learn-spring-boot] [           main] o.s.b.a.condition.OnClassCondition       : Condition OnClassCondition on org.springframework.boot.actuate.autoconfigure.quartz.QuartzEndpointAutoConfiguration did not match due to @ConditionalOnClass did not find required class 'org.quartz.Scheduler'
2024-09-10T20:48:07.822+09:00 TRACE 86442 --- [learn-spring-boot] [           main] o.s.b.a.condition.OnClassCondition       : Condition OnClassCondition on org.springframework.boot.actuate.autoconfigure.r2dbc.ConnectionFactoryHealthContributorAutoConfiguration did not match due to @ConditionalOnClass did not find required class 'io.r2dbc.spi.ConnectionFactory'
2024-09-10T20:48:07.822+09:00 TRACE 86442 --- [learn-spring-boot] [           main] o.s.b.a.condition.OnClassCondition       : Condition OnClassCondition on org.springframework.boot.actuate.autoconfigure.r2dbc.R2dbcObservationAutoConfiguration did not match due to @ConditionalOnClass did not find required class 'io.r2dbc.proxy.ProxyConnectionFactory'
2024-09-10T20:48:07.822+09:00 TRACE 86442 --- [learn-spring-boot] [           main] o.s.b.a.condition.OnClassCondition       : Condition OnClassCondition on org.springframework.boot.actuate.autoconfigure.data.redis.RedisHealthContributorAutoConfiguration did not match due to @ConditionalOnClass did not find required class 'org.springframework.data.redis.connection.RedisConnectionFactory'
2024-09-10T20:48:07.823+09:00 TRACE 86442 --- [learn-spring-boot] [           main] o.s.b.a.condition.OnClassCondition       : Condition OnClassCondition on org.springframework.boot.actuate.autoconfigure.data.redis.RedisReactiveHealthContributorAutoConfiguration did not match due to @ConditionalOnClass did not find required class 'reactor.core.publisher.Flux'
2024-09-10T20:48:07.823+09:00 TRACE 86442 --- [learn-spring-boot] [           main] o.s.b.a.condition.OnClassCondition       : Condition OnClassCondition on org.springframework.boot.actuate.autoconfigure.security.reactive.ReactiveManagementWebSecurityAutoConfiguration did not match due to @ConditionalOnClass did not find required class 'org.springframework.security.config.annotation.web.reactive.EnableWebFluxSecurity'
2024-09-10T20:48:07.823+09:00 TRACE 86442 --- [learn-spring-boot] [           main] o.s.b.a.condition.OnClassCondition       : Condition OnClassCondition on org.springframework.boot.actuate.autoconfigure.session.SessionsEndpointAutoConfiguration did not match due to @ConditionalOnClass did not find required class 'org.springframework.session.Session'
2024-09-10T20:48:07.823+09:00 TRACE 86442 --- [learn-spring-boot] [           main] o.s.b.a.condition.OnClassCondition       : Condition OnClassCondition on org.springframework.boot.actuate.autoconfigure.tracing.BraveAutoConfiguration did not match due to @ConditionalOnClass did not find required class 'brave.Tracer'
2024-09-10T20:48:07.823+09:00 TRACE 86442 --- [learn-spring-boot] [           main] o.s.b.a.condition.OnClassCondition       : Condition OnClassCondition on org.springframework.boot.actuate.autoconfigure.tracing.MicrometerTracingAutoConfiguration did not match due to @ConditionalOnClass did not find required class 'io.micrometer.tracing.Tracer'
2024-09-10T20:48:07.823+09:00 TRACE 86442 --- [learn-spring-boot] [           main] o.s.b.a.condition.OnClassCondition       : Condition OnClassCondition on org.springframework.boot.actuate.autoconfigure.tracing.NoopTracerAutoConfiguration did not match due to @ConditionalOnClass did not find required class 'io.micrometer.tracing.Tracer'
2024-09-10T20:48:07.823+09:00 TRACE 86442 --- [learn-spring-boot] [           main] o.s.b.a.condition.OnClassCondition       : Condition OnClassCondition on org.springframework.boot.actuate.autoconfigure.tracing.OpenTelemetryAutoConfiguration did not match due to @ConditionalOnClass did not find required class 'io.micrometer.tracing.otel.bridge.OtelTracer'
2024-09-10T20:48:07.823+09:00 TRACE 86442 --- [learn-spring-boot] [           main] o.s.b.a.condition.OnClassCondition       : Condition OnClassCondition on org.springframework.boot.actuate.autoconfigure.tracing.otlp.OtlpAutoConfiguration did not match due to @ConditionalOnClass did not find required class 'io.micrometer.tracing.otel.bridge.OtelTracer'
2024-09-10T20:48:07.823+09:00 TRACE 86442 --- [learn-spring-boot] [           main] o.s.b.a.condition.OnClassCondition       : Condition OnClassCondition on org.springframework.boot.actuate.autoconfigure.tracing.prometheus.PrometheusExemplarsAutoConfiguration did not match due to @ConditionalOnClass did not find required class 'io.micrometer.tracing.Tracer'
2024-09-10T20:48:07.823+09:00 TRACE 86442 --- [learn-spring-boot] [           main] o.s.b.a.condition.OnClassCondition       : Condition OnClassCondition on org.springframework.boot.actuate.autoconfigure.tracing.prometheus.PrometheusSimpleclientExemplarsAutoConfiguration did not match due to @ConditionalOnClass did not find required class 'io.micrometer.tracing.Tracer'
2024-09-10T20:48:07.823+09:00 TRACE 86442 --- [learn-spring-boot] [           main] o.s.b.a.condition.OnClassCondition       : Condition OnClassCondition on org.springframework.boot.actuate.autoconfigure.tracing.wavefront.WavefrontTracingAutoConfiguration did not match due to @ConditionalOnClass did not find required class 'com.wavefront.sdk.common.WavefrontSender'
2024-09-10T20:48:07.823+09:00 TRACE 86442 --- [learn-spring-boot] [           main] o.s.b.a.condition.OnClassCondition       : Condition OnClassCondition on org.springframework.boot.actuate.autoconfigure.tracing.zipkin.ZipkinAutoConfiguration did not match due to @ConditionalOnClass did not find required class 'zipkin2.reporter.Encoding'
2024-09-10T20:48:07.823+09:00 TRACE 86442 --- [learn-spring-boot] [           main] o.s.b.a.condition.OnClassCondition       : Condition OnClassCondition on org.springframework.boot.actuate.autoconfigure.wavefront.WavefrontAutoConfiguration did not match due to @ConditionalOnClass did not find required class 'com.wavefront.sdk.common.application.ApplicationTags'
2024-09-10T20:48:07.823+09:00 TRACE 86442 --- [learn-spring-boot] [           main] o.s.b.a.condition.OnClassCondition       : Condition OnClassCondition on org.springframework.boot.actuate.autoconfigure.web.reactive.ReactiveManagementContextAutoConfiguration did not match due to @ConditionalOnClass did not find required class 'reactor.core.publisher.Flux'
2024-09-10T20:48:07.823+09:00 TRACE 86442 --- [learn-spring-boot] [           main] o.s.b.a.condition.OnClassCondition       : Condition OnClassCondition on org.springframework.boot.devtools.autoconfigure.DevToolsR2dbcAutoConfiguration did not match due to @ConditionalOnClass did not find required class 'io.r2dbc.spi.ConnectionFactory'
2024-09-10T20:48:07.823+09:00 TRACE 86442 --- [learn-spring-boot] [           main] o.s.b.a.condition.OnClassCondition       : Condition OnClassCondition on org.springframework.boot.autoconfigure.amqp.RabbitAutoConfiguration did not match due to @ConditionalOnClass did not find required class 'com.rabbitmq.client.Channel'
2024-09-10T20:48:07.823+09:00 TRACE 86442 --- [learn-spring-boot] [           main] o.s.b.a.condition.OnClassCondition       : Condition OnClassCondition on org.springframework.boot.autoconfigure.batch.BatchAutoConfiguration did not match due to @ConditionalOnClass did not find required class 'org.springframework.batch.core.launch.JobLauncher'
2024-09-10T20:48:07.823+09:00 TRACE 86442 --- [learn-spring-boot] [           main] o.s.b.a.condition.OnClassCondition       : Condition OnClassCondition on org.springframework.boot.autoconfigure.cassandra.CassandraAutoConfiguration did not match due to @ConditionalOnClass did not find required class 'com.datastax.oss.driver.api.core.CqlSession'
2024-09-10T20:48:07.823+09:00 TRACE 86442 --- [learn-spring-boot] [           main] o.s.b.a.condition.OnClassCondition       : Condition OnClassCondition on org.springframework.boot.autoconfigure.couchbase.CouchbaseAutoConfiguration did not match due to @ConditionalOnClass did not find required class 'com.couchbase.client.java.Cluster'
2024-09-10T20:48:07.824+09:00 TRACE 86442 --- [learn-spring-boot] [           main] o.s.b.a.condition.OnClassCondition       : Condition OnClassCondition on org.springframework.boot.autoconfigure.dao.PersistenceExceptionTranslationAutoConfiguration did not match due to @ConditionalOnClass did not find required class 'org.springframework.dao.annotation.PersistenceExceptionTranslationPostProcessor'
2024-09-10T20:48:07.824+09:00 TRACE 86442 --- [learn-spring-boot] [           main] o.s.b.a.condition.OnClassCondition       : Condition OnClassCondition on org.springframework.boot.autoconfigure.data.cassandra.CassandraDataAutoConfiguration did not match due to @ConditionalOnClass did not find required class 'com.datastax.oss.driver.api.core.CqlSession'
2024-09-10T20:48:07.824+09:00 TRACE 86442 --- [learn-spring-boot] [           main] o.s.b.a.condition.OnClassCondition       : Condition OnClassCondition on org.springframework.boot.autoconfigure.data.cassandra.CassandraReactiveDataAutoConfiguration did not match due to @ConditionalOnClass did not find required class 'com.datastax.oss.driver.api.core.CqlSession'
2024-09-10T20:48:07.824+09:00 TRACE 86442 --- [learn-spring-boot] [           main] o.s.b.a.condition.OnClassCondition       : Condition OnClassCondition on org.springframework.boot.autoconfigure.data.cassandra.CassandraReactiveRepositoriesAutoConfiguration did not match due to @ConditionalOnClass did not find required class 'org.springframework.data.cassandra.ReactiveSession'
2024-09-10T20:48:07.824+09:00 TRACE 86442 --- [learn-spring-boot] [           main] o.s.b.a.condition.OnClassCondition       : Condition OnClassCondition on org.springframework.boot.autoconfigure.data.cassandra.CassandraRepositoriesAutoConfiguration did not match due to @ConditionalOnClass did not find required class 'com.datastax.oss.driver.api.core.CqlSession'
2024-09-10T20:48:07.824+09:00 TRACE 86442 --- [learn-spring-boot] [           main] o.s.b.a.condition.OnClassCondition       : Condition OnClassCondition on org.springframework.boot.autoconfigure.data.couchbase.CouchbaseDataAutoConfiguration did not match due to @ConditionalOnClass did not find required class 'com.couchbase.client.java.Bucket'
2024-09-10T20:48:07.824+09:00 TRACE 86442 --- [learn-spring-boot] [           main] o.s.b.a.condition.OnClassCondition       : Condition OnClassCondition on org.springframework.boot.autoconfigure.data.couchbase.CouchbaseReactiveDataAutoConfiguration did not match due to @ConditionalOnClass did not find required class 'com.couchbase.client.java.Cluster'
2024-09-10T20:48:07.824+09:00 TRACE 86442 --- [learn-spring-boot] [           main] o.s.b.a.condition.OnClassCondition       : Condition OnClassCondition on org.springframework.boot.autoconfigure.data.couchbase.CouchbaseReactiveRepositoriesAutoConfiguration did not match due to @ConditionalOnClass did not find required class 'com.couchbase.client.java.Cluster'
2024-09-10T20:48:07.826+09:00 TRACE 86442 --- [learn-spring-boot] [           main] o.s.b.a.condition.OnClassCondition       : Condition OnClassCondition on org.springframework.boot.autoconfigure.data.couchbase.CouchbaseRepositoriesAutoConfiguration did not match due to @ConditionalOnClass did not find required class 'com.couchbase.client.java.Bucket'
2024-09-10T20:48:07.826+09:00 TRACE 86442 --- [learn-spring-boot] [           main] o.s.b.a.condition.OnClassCondition       : Condition OnClassCondition on org.springframework.boot.autoconfigure.data.elasticsearch.ElasticsearchDataAutoConfiguration did not match due to @ConditionalOnClass did not find required class 'org.springframework.data.elasticsearch.client.elc.ElasticsearchTemplate'
2024-09-10T20:48:07.826+09:00 TRACE 86442 --- [learn-spring-boot] [           main] o.s.b.a.condition.OnClassCondition       : Condition OnClassCondition on org.springframework.boot.autoconfigure.data.elasticsearch.ElasticsearchRepositoriesAutoConfiguration did not match due to @ConditionalOnClass did not find required class 'org.springframework.data.elasticsearch.repository.ElasticsearchRepository'
2024-09-10T20:48:07.826+09:00 TRACE 86442 --- [learn-spring-boot] [           main] o.s.b.a.condition.OnClassCondition       : Condition OnClassCondition on org.springframework.boot.autoconfigure.data.elasticsearch.ReactiveElasticsearchRepositoriesAutoConfiguration did not match due to @ConditionalOnClass did not find required class 'reactor.core.publisher.Mono'
2024-09-10T20:48:07.826+09:00 TRACE 86442 --- [learn-spring-boot] [           main] o.s.b.a.condition.OnClassCondition       : Condition OnClassCondition on org.springframework.boot.autoconfigure.data.jdbc.JdbcRepositoriesAutoConfiguration did not match due to @ConditionalOnClass did not find required class 'org.springframework.data.jdbc.repository.config.AbstractJdbcConfiguration'
2024-09-10T20:48:07.826+09:00 TRACE 86442 --- [learn-spring-boot] [           main] o.s.b.a.condition.OnClassCondition       : Condition OnClassCondition on org.springframework.boot.autoconfigure.data.jpa.JpaRepositoriesAutoConfiguration did not match due to @ConditionalOnClass did not find required class 'org.springframework.data.jpa.repository.JpaRepository'
2024-09-10T20:48:07.827+09:00 TRACE 86442 --- [learn-spring-boot] [           main] o.s.b.a.condition.OnClassCondition       : Condition OnClassCondition on org.springframework.boot.autoconfigure.data.ldap.LdapRepositoriesAutoConfiguration did not match due to @ConditionalOnClass did not find required class 'org.springframework.data.ldap.repository.LdapRepository'
2024-09-10T20:48:07.827+09:00 TRACE 86442 --- [learn-spring-boot] [           main] o.s.b.a.condition.OnClassCondition       : Condition OnClassCondition on org.springframework.boot.autoconfigure.data.mongo.MongoDataAutoConfiguration did not match due to @ConditionalOnClass did not find required class 'com.mongodb.client.MongoClient'
2024-09-10T20:48:07.827+09:00 TRACE 86442 --- [learn-spring-boot] [           main] o.s.b.a.condition.OnClassCondition       : Condition OnClassCondition on org.springframework.boot.autoconfigure.data.mongo.MongoReactiveDataAutoConfiguration did not match due to @ConditionalOnClass did not find required class 'com.mongodb.reactivestreams.client.MongoClient'
2024-09-10T20:48:07.827+09:00 TRACE 86442 --- [learn-spring-boot] [           main] o.s.b.a.condition.OnClassCondition       : Condition OnClassCondition on org.springframework.boot.autoconfigure.data.mongo.MongoReactiveRepositoriesAutoConfiguration did not match due to @ConditionalOnClass did not find required class 'com.mongodb.reactivestreams.client.MongoClient'
2024-09-10T20:48:07.827+09:00 TRACE 86442 --- [learn-spring-boot] [           main] o.s.b.a.condition.OnClassCondition       : Condition OnClassCondition on org.springframework.boot.autoconfigure.data.mongo.MongoRepositoriesAutoConfiguration did not match due to @ConditionalOnClass did not find required class 'com.mongodb.client.MongoClient'
2024-09-10T20:48:07.827+09:00 TRACE 86442 --- [learn-spring-boot] [           main] o.s.b.a.condition.OnClassCondition       : Condition OnClassCondition on org.springframework.boot.autoconfigure.data.neo4j.Neo4jDataAutoConfiguration did not match due to @ConditionalOnClass did not find required class 'org.neo4j.driver.Driver'
2024-09-10T20:48:07.827+09:00 TRACE 86442 --- [learn-spring-boot] [           main] o.s.b.a.condition.OnClassCondition       : Condition OnClassCondition on org.springframework.boot.autoconfigure.data.neo4j.Neo4jReactiveDataAutoConfiguration did not match due to @ConditionalOnClass did not find required class 'org.neo4j.driver.Driver'
2024-09-10T20:48:07.827+09:00 TRACE 86442 --- [learn-spring-boot] [           main] o.s.b.a.condition.OnClassCondition       : Condition OnClassCondition on org.springframework.boot.autoconfigure.data.neo4j.Neo4jReactiveRepositoriesAutoConfiguration did not match due to @ConditionalOnClass did not find required class 'org.neo4j.driver.Driver'
2024-09-10T20:48:07.827+09:00 TRACE 86442 --- [learn-spring-boot] [           main] o.s.b.a.condition.OnClassCondition       : Condition OnClassCondition on org.springframework.boot.autoconfigure.data.neo4j.Neo4jRepositoriesAutoConfiguration did not match due to @ConditionalOnClass did not find required class 'org.neo4j.driver.Driver'
2024-09-10T20:48:07.827+09:00 TRACE 86442 --- [learn-spring-boot] [           main] o.s.b.a.condition.OnClassCondition       : Condition OnClassCondition on org.springframework.boot.autoconfigure.data.r2dbc.R2dbcDataAutoConfiguration did not match due to @ConditionalOnClass did not find required class 'org.springframework.data.r2dbc.core.R2dbcEntityTemplate'
2024-09-10T20:48:07.827+09:00 TRACE 86442 --- [learn-spring-boot] [           main] o.s.b.a.condition.OnClassCondition       : Condition OnClassCondition on org.springframework.boot.autoconfigure.data.r2dbc.R2dbcRepositoriesAutoConfiguration did not match due to @ConditionalOnClass did not find required class 'io.r2dbc.spi.ConnectionFactory'
2024-09-10T20:48:07.827+09:00 TRACE 86442 --- [learn-spring-boot] [           main] o.s.b.a.condition.OnClassCondition       : Condition OnClassCondition on org.springframework.boot.autoconfigure.data.redis.RedisAutoConfiguration did not match due to @ConditionalOnClass did not find required class 'org.springframework.data.redis.core.RedisOperations'
2024-09-10T20:48:07.827+09:00 TRACE 86442 --- [learn-spring-boot] [           main] o.s.b.a.condition.OnClassCondition       : Condition OnClassCondition on org.springframework.boot.autoconfigure.data.redis.RedisReactiveAutoConfiguration did not match due to @ConditionalOnClass did not find required class 'reactor.core.publisher.Flux'
2024-09-10T20:48:07.827+09:00 TRACE 86442 --- [learn-spring-boot] [           main] o.s.b.a.condition.OnClassCondition       : Condition OnClassCondition on org.springframework.boot.autoconfigure.data.redis.RedisRepositoriesAutoConfiguration did not match due to @ConditionalOnClass did not find required class 'org.springframework.data.redis.repository.configuration.EnableRedisRepositories'
2024-09-10T20:48:07.827+09:00 TRACE 86442 --- [learn-spring-boot] [           main] o.s.b.a.condition.OnClassCondition       : Condition OnClassCondition on org.springframework.boot.autoconfigure.data.rest.RepositoryRestMvcAutoConfiguration did not match due to @ConditionalOnClass did not find required class 'org.springframework.data.rest.webmvc.config.RepositoryRestMvcConfiguration'
2024-09-10T20:48:07.827+09:00 TRACE 86442 --- [learn-spring-boot] [           main] o.s.b.a.condition.OnClassCondition       : Condition OnClassCondition on org.springframework.boot.autoconfigure.data.web.SpringDataWebAutoConfiguration did not match due to @ConditionalOnClass did not find required class 'org.springframework.data.web.PageableHandlerMethodArgumentResolver'
2024-09-10T20:48:07.827+09:00 TRACE 86442 --- [learn-spring-boot] [           main] o.s.b.a.condition.OnClassCondition       : Condition OnClassCondition on org.springframework.boot.autoconfigure.elasticsearch.ElasticsearchClientAutoConfiguration did not match due to @ConditionalOnClass did not find required class 'co.elastic.clients.elasticsearch.ElasticsearchClient'
2024-09-10T20:48:07.827+09:00 TRACE 86442 --- [learn-spring-boot] [           main] o.s.b.a.condition.OnClassCondition       : Condition OnClassCondition on org.springframework.boot.autoconfigure.elasticsearch.ElasticsearchRestClientAutoConfiguration did not match due to @ConditionalOnClass did not find required class 'org.elasticsearch.client.RestClientBuilder'
2024-09-10T20:48:07.828+09:00 TRACE 86442 --- [learn-spring-boot] [           main] o.s.b.a.condition.OnClassCondition       : Condition OnClassCondition on org.springframework.boot.autoconfigure.elasticsearch.ReactiveElasticsearchClientAutoConfiguration did not match due to @ConditionalOnClass did not find required class 'co.elastic.clients.transport.ElasticsearchTransport'
2024-09-10T20:48:07.828+09:00 TRACE 86442 --- [learn-spring-boot] [           main] o.s.b.a.condition.OnClassCondition       : Condition OnClassCondition on org.springframework.boot.autoconfigure.flyway.FlywayAutoConfiguration did not match due to @ConditionalOnClass did not find required class 'org.flywaydb.core.Flyway'
2024-09-10T20:48:07.828+09:00 TRACE 86442 --- [learn-spring-boot] [           main] o.s.b.a.condition.OnClassCondition       : Condition OnClassCondition on org.springframework.boot.autoconfigure.freemarker.FreeMarkerAutoConfiguration did not match due to @ConditionalOnClass did not find required class 'freemarker.template.Configuration'
2024-09-10T20:48:07.828+09:00 TRACE 86442 --- [learn-spring-boot] [           main] o.s.b.a.condition.OnClassCondition       : Condition OnClassCondition on org.springframework.boot.autoconfigure.graphql.GraphQlAutoConfiguration did not match due to @ConditionalOnClass did not find required class 'graphql.GraphQL'
2024-09-10T20:48:07.828+09:00 TRACE 86442 --- [learn-spring-boot] [           main] o.s.b.a.condition.OnClassCondition       : Condition OnClassCondition on org.springframework.boot.autoconfigure.graphql.data.GraphQlReactiveQueryByExampleAutoConfiguration did not match due to @ConditionalOnClass did not find required class 'graphql.GraphQL'
2024-09-10T20:48:07.828+09:00 TRACE 86442 --- [learn-spring-boot] [           main] o.s.b.a.condition.OnClassCondition       : Condition OnClassCondition on org.springframework.boot.autoconfigure.graphql.data.GraphQlReactiveQuerydslAutoConfiguration did not match due to @ConditionalOnClass did not find required class 'com.querydsl.core.Query'
2024-09-10T20:48:07.828+09:00 TRACE 86442 --- [learn-spring-boot] [           main] o.s.b.a.condition.OnClassCondition       : Condition OnClassCondition on org.springframework.boot.autoconfigure.graphql.data.GraphQlQueryByExampleAutoConfiguration did not match due to @ConditionalOnClass did not find required class 'graphql.GraphQL'
2024-09-10T20:48:07.828+09:00 TRACE 86442 --- [learn-spring-boot] [           main] o.s.b.a.condition.OnClassCondition       : Condition OnClassCondition on org.springframework.boot.autoconfigure.graphql.data.GraphQlQuerydslAutoConfiguration did not match due to @ConditionalOnClass did not find required class 'com.querydsl.core.Query'
2024-09-10T20:48:07.828+09:00 TRACE 86442 --- [learn-spring-boot] [           main] o.s.b.a.condition.OnClassCondition       : Condition OnClassCondition on org.springframework.boot.autoconfigure.graphql.reactive.GraphQlWebFluxAutoConfiguration did not match due to @ConditionalOnClass did not find required class 'graphql.GraphQL'
2024-09-10T20:48:07.828+09:00 TRACE 86442 --- [learn-spring-boot] [           main] o.s.b.a.condition.OnClassCondition       : Condition OnClassCondition on org.springframework.boot.autoconfigure.graphql.rsocket.GraphQlRSocketAutoConfiguration did not match due to @ConditionalOnClass did not find required class 'graphql.GraphQL'
2024-09-10T20:48:07.828+09:00 TRACE 86442 --- [learn-spring-boot] [           main] o.s.b.a.condition.OnClassCondition       : Condition OnClassCondition on org.springframework.boot.autoconfigure.graphql.rsocket.RSocketGraphQlClientAutoConfiguration did not match due to @ConditionalOnClass did not find required class 'graphql.GraphQL'
2024-09-10T20:48:07.828+09:00 TRACE 86442 --- [learn-spring-boot] [           main] o.s.b.a.condition.OnClassCondition       : Condition OnClassCondition on org.springframework.boot.autoconfigure.graphql.security.GraphQlWebFluxSecurityAutoConfiguration did not match due to @ConditionalOnClass did not find required class 'graphql.GraphQL'
2024-09-10T20:48:07.828+09:00 TRACE 86442 --- [learn-spring-boot] [           main] o.s.b.a.condition.OnClassCondition       : Condition OnClassCondition on org.springframework.boot.autoconfigure.graphql.security.GraphQlWebMvcSecurityAutoConfiguration did not match due to @ConditionalOnClass did not find required class 'graphql.GraphQL'
2024-09-10T20:48:07.828+09:00 TRACE 86442 --- [learn-spring-boot] [           main] o.s.b.a.condition.OnClassCondition       : Condition OnClassCondition on org.springframework.boot.autoconfigure.graphql.servlet.GraphQlWebMvcAutoConfiguration did not match due to @ConditionalOnClass did not find required class 'graphql.GraphQL'
2024-09-10T20:48:07.828+09:00 TRACE 86442 --- [learn-spring-boot] [           main] o.s.b.a.condition.OnClassCondition       : Condition OnClassCondition on org.springframework.boot.autoconfigure.groovy.template.GroovyTemplateAutoConfiguration did not match due to @ConditionalOnClass did not find required class 'groovy.text.markup.MarkupTemplateEngine'
2024-09-10T20:48:07.828+09:00 TRACE 86442 --- [learn-spring-boot] [           main] o.s.b.a.condition.OnClassCondition       : Condition OnClassCondition on org.springframework.boot.autoconfigure.gson.GsonAutoConfiguration did not match due to @ConditionalOnClass did not find required class 'com.google.gson.Gson'
2024-09-10T20:48:07.828+09:00 TRACE 86442 --- [learn-spring-boot] [           main] o.s.b.a.condition.OnClassCondition       : Condition OnClassCondition on org.springframework.boot.autoconfigure.h2.H2ConsoleAutoConfiguration did not match due to @ConditionalOnClass did not find required class 'org.h2.server.web.JakartaWebServlet'
2024-09-10T20:48:07.828+09:00 TRACE 86442 --- [learn-spring-boot] [           main] o.s.b.a.condition.OnClassCondition       : Condition OnClassCondition on org.springframework.boot.autoconfigure.hateoas.HypermediaAutoConfiguration did not match due to @ConditionalOnClass did not find required class 'org.springframework.hateoas.EntityModel'
2024-09-10T20:48:07.828+09:00 TRACE 86442 --- [learn-spring-boot] [           main] o.s.b.a.condition.OnClassCondition       : Condition OnClassCondition on org.springframework.boot.autoconfigure.hazelcast.HazelcastAutoConfiguration did not match due to @ConditionalOnClass did not find required class 'com.hazelcast.core.HazelcastInstance'
2024-09-10T20:48:07.828+09:00 TRACE 86442 --- [learn-spring-boot] [           main] o.s.b.a.condition.OnClassCondition       : Condition OnClassCondition on org.springframework.boot.autoconfigure.hazelcast.HazelcastJpaDependencyAutoConfiguration did not match due to @ConditionalOnClass did not find required class 'com.hazelcast.core.HazelcastInstance'
2024-09-10T20:48:07.829+09:00 TRACE 86442 --- [learn-spring-boot] [           main] o.s.b.a.condition.OnClassCondition       : Condition OnClassCondition on org.springframework.boot.autoconfigure.http.codec.CodecsAutoConfiguration did not match due to @ConditionalOnClass did not find required class 'org.springframework.web.reactive.function.client.WebClient'
2024-09-10T20:48:07.829+09:00 TRACE 86442 --- [learn-spring-boot] [           main] o.s.b.a.condition.OnClassCondition       : Condition OnClassCondition on org.springframework.boot.autoconfigure.integration.IntegrationAutoConfiguration did not match due to @ConditionalOnClass did not find required class 'org.springframework.integration.config.EnableIntegration'
2024-09-10T20:48:07.829+09:00 TRACE 86442 --- [learn-spring-boot] [           main] o.s.b.a.condition.OnClassCondition       : Condition OnClassCondition on org.springframework.boot.autoconfigure.jdbc.DataSourceAutoConfiguration did not match due to @ConditionalOnClass did not find required class 'org.springframework.jdbc.datasource.embedded.EmbeddedDatabaseType'
2024-09-10T20:48:07.829+09:00 TRACE 86442 --- [learn-spring-boot] [           main] o.s.b.a.condition.OnClassCondition       : Condition OnClassCondition on org.springframework.boot.autoconfigure.jdbc.JdbcTemplateAutoConfiguration did not match due to @ConditionalOnClass did not find required class 'org.springframework.jdbc.core.JdbcTemplate'
2024-09-10T20:48:07.829+09:00 TRACE 86442 --- [learn-spring-boot] [           main] o.s.b.a.condition.OnClassCondition       : Condition OnClassCondition on org.springframework.boot.autoconfigure.jdbc.JndiDataSourceAutoConfiguration did not match due to @ConditionalOnClass did not find required class 'org.springframework.jdbc.datasource.embedded.EmbeddedDatabaseType'
2024-09-10T20:48:07.829+09:00 TRACE 86442 --- [learn-spring-boot] [           main] o.s.b.a.condition.OnClassCondition       : Condition OnClassCondition on org.springframework.boot.autoconfigure.jdbc.XADataSourceAutoConfiguration did not match due to @ConditionalOnClass did not find required class 'jakarta.transaction.TransactionManager'
2024-09-10T20:48:07.829+09:00 TRACE 86442 --- [learn-spring-boot] [           main] o.s.b.a.condition.OnClassCondition       : Condition OnClassCondition on org.springframework.boot.autoconfigure.jdbc.DataSourceTransactionManagerAutoConfiguration did not match due to @ConditionalOnClass did not find required class 'org.springframework.jdbc.core.JdbcTemplate'
2024-09-10T20:48:07.829+09:00 TRACE 86442 --- [learn-spring-boot] [           main] o.s.b.a.condition.OnClassCondition       : Condition OnClassCondition on org.springframework.boot.autoconfigure.jersey.JerseyAutoConfiguration did not match due to @ConditionalOnClass did not find required class 'org.glassfish.jersey.server.spring.SpringComponentProvider'
2024-09-10T20:48:07.829+09:00 TRACE 86442 --- [learn-spring-boot] [           main] o.s.b.a.condition.OnClassCondition       : Condition OnClassCondition on org.springframework.boot.autoconfigure.jms.JmsAutoConfiguration did not match due to @ConditionalOnClass did not find required class 'jakarta.jms.Message'
2024-09-10T20:48:07.829+09:00 TRACE 86442 --- [learn-spring-boot] [           main] o.s.b.a.condition.OnClassCondition       : Condition OnClassCondition on org.springframework.boot.autoconfigure.jms.JndiConnectionFactoryAutoConfiguration did not match due to @ConditionalOnClass did not find required class 'org.springframework.jms.core.JmsTemplate'
2024-09-10T20:48:07.829+09:00 TRACE 86442 --- [learn-spring-boot] [           main] o.s.b.a.condition.OnClassCondition       : Condition OnClassCondition on org.springframework.boot.autoconfigure.jms.activemq.ActiveMQAutoConfiguration did not match due to @ConditionalOnClass did not find required class 'jakarta.jms.ConnectionFactory'
2024-09-10T20:48:07.829+09:00 TRACE 86442 --- [learn-spring-boot] [           main] o.s.b.a.condition.OnClassCondition       : Condition OnClassCondition on org.springframework.boot.autoconfigure.jms.artemis.ArtemisAutoConfiguration did not match due to @ConditionalOnClass did not find required class 'jakarta.jms.ConnectionFactory'
2024-09-10T20:48:07.829+09:00 TRACE 86442 --- [learn-spring-boot] [           main] o.s.b.a.condition.OnClassCondition       : Condition OnClassCondition on org.springframework.boot.autoconfigure.jooq.JooqAutoConfiguration did not match due to @ConditionalOnClass did not find required class 'org.jooq.DSLContext'
2024-09-10T20:48:07.829+09:00 TRACE 86442 --- [learn-spring-boot] [           main] o.s.b.a.condition.OnClassCondition       : Condition OnClassCondition on org.springframework.boot.autoconfigure.jsonb.JsonbAutoConfiguration did not match due to @ConditionalOnClass did not find required class 'jakarta.json.bind.Jsonb'
2024-09-10T20:48:07.829+09:00 TRACE 86442 --- [learn-spring-boot] [           main] o.s.b.a.condition.OnClassCondition       : Condition OnClassCondition on org.springframework.boot.autoconfigure.kafka.KafkaAutoConfiguration did not match due to @ConditionalOnClass did not find required class 'org.springframework.kafka.core.KafkaTemplate'
2024-09-10T20:48:07.829+09:00 TRACE 86442 --- [learn-spring-boot] [           main] o.s.b.a.condition.OnClassCondition       : Condition OnClassCondition on org.springframework.boot.autoconfigure.ldap.embedded.EmbeddedLdapAutoConfiguration did not match due to @ConditionalOnClass did not find required class 'com.unboundid.ldap.listener.InMemoryDirectoryServer'
2024-09-10T20:48:07.829+09:00 TRACE 86442 --- [learn-spring-boot] [           main] o.s.b.a.condition.OnClassCondition       : Condition OnClassCondition on org.springframework.boot.autoconfigure.ldap.LdapAutoConfiguration did not match due to @ConditionalOnClass did not find required class 'org.springframework.ldap.core.ContextSource'
2024-09-10T20:48:07.829+09:00 TRACE 86442 --- [learn-spring-boot] [           main] o.s.b.a.condition.OnClassCondition       : Condition OnClassCondition on org.springframework.boot.autoconfigure.liquibase.LiquibaseAutoConfiguration did not match due to @ConditionalOnClass did not find required class 'liquibase.change.DatabaseChange'
2024-09-10T20:48:07.829+09:00 TRACE 86442 --- [learn-spring-boot] [           main] o.s.b.a.condition.OnClassCondition       : Condition OnClassCondition on org.springframework.boot.autoconfigure.mail.MailSenderAutoConfiguration did not match due to @ConditionalOnClass did not find required class 'jakarta.mail.internet.MimeMessage'
2024-09-10T20:48:07.829+09:00 TRACE 86442 --- [learn-spring-boot] [           main] o.s.b.a.condition.OnClassCondition       : Condition OnClassCondition on org.springframework.boot.autoconfigure.mongo.MongoAutoConfiguration did not match due to @ConditionalOnClass did not find required class 'com.mongodb.client.MongoClient'
2024-09-10T20:48:07.829+09:00 TRACE 86442 --- [learn-spring-boot] [           main] o.s.b.a.condition.OnClassCondition       : Condition OnClassCondition on org.springframework.boot.autoconfigure.mongo.MongoReactiveAutoConfiguration did not match due to @ConditionalOnClass did not find required class 'com.mongodb.reactivestreams.client.MongoClient'
2024-09-10T20:48:07.830+09:00 TRACE 86442 --- [learn-spring-boot] [           main] o.s.b.a.condition.OnClassCondition       : Condition OnClassCondition on org.springframework.boot.autoconfigure.mustache.MustacheAutoConfiguration did not match due to @ConditionalOnClass did not find required class 'com.samskivert.mustache.Mustache'
2024-09-10T20:48:07.830+09:00 TRACE 86442 --- [learn-spring-boot] [           main] o.s.b.a.condition.OnClassCondition       : Condition OnClassCondition on org.springframework.boot.autoconfigure.neo4j.Neo4jAutoConfiguration did not match due to @ConditionalOnClass did not find required class 'org.neo4j.driver.Driver'
2024-09-10T20:48:07.830+09:00 TRACE 86442 --- [learn-spring-boot] [           main] o.s.b.a.condition.OnClassCondition       : Condition OnClassCondition on org.springframework.boot.autoconfigure.netty.NettyAutoConfiguration did not match due to @ConditionalOnClass did not find required class 'io.netty.util.NettyRuntime'
2024-09-10T20:48:07.830+09:00 TRACE 86442 --- [learn-spring-boot] [           main] o.s.b.a.condition.OnClassCondition       : Condition OnClassCondition on org.springframework.boot.autoconfigure.orm.jpa.HibernateJpaAutoConfiguration did not match due to @ConditionalOnClass did not find required class 'jakarta.persistence.EntityManager'
2024-09-10T20:48:07.830+09:00 TRACE 86442 --- [learn-spring-boot] [           main] o.s.b.a.condition.OnClassCondition       : Condition OnClassCondition on org.springframework.boot.autoconfigure.pulsar.PulsarAutoConfiguration did not match due to @ConditionalOnClass did not find required class 'org.apache.pulsar.client.api.PulsarClient'
2024-09-10T20:48:07.830+09:00 TRACE 86442 --- [learn-spring-boot] [           main] o.s.b.a.condition.OnClassCondition       : Condition OnClassCondition on org.springframework.boot.autoconfigure.pulsar.PulsarReactiveAutoConfiguration did not match due to @ConditionalOnClass did not find required class 'org.apache.pulsar.client.api.PulsarClient'
2024-09-10T20:48:07.830+09:00 TRACE 86442 --- [learn-spring-boot] [           main] o.s.b.a.condition.OnClassCondition       : Condition OnClassCondition on org.springframework.boot.autoconfigure.quartz.QuartzAutoConfiguration did not match due to @ConditionalOnClass did not find required class 'org.quartz.Scheduler'
2024-09-10T20:48:07.830+09:00 TRACE 86442 --- [learn-spring-boot] [           main] o.s.b.a.condition.OnClassCondition       : Condition OnClassCondition on org.springframework.boot.autoconfigure.r2dbc.R2dbcAutoConfiguration did not match due to @ConditionalOnClass did not find required class 'io.r2dbc.spi.ConnectionFactory'
2024-09-10T20:48:07.830+09:00 TRACE 86442 --- [learn-spring-boot] [           main] o.s.b.a.condition.OnClassCondition       : Condition OnClassCondition on org.springframework.boot.autoconfigure.r2dbc.R2dbcProxyAutoConfiguration did not match due to @ConditionalOnClass did not find required class 'io.r2dbc.proxy.ProxyConnectionFactory'
2024-09-10T20:48:07.830+09:00 TRACE 86442 --- [learn-spring-boot] [           main] o.s.b.a.condition.OnClassCondition       : Condition OnClassCondition on org.springframework.boot.autoconfigure.r2dbc.R2dbcTransactionManagerAutoConfiguration did not match due to @ConditionalOnClass did not find required class 'org.springframework.r2dbc.connection.R2dbcTransactionManager'
2024-09-10T20:48:07.830+09:00 TRACE 86442 --- [learn-spring-boot] [           main] o.s.b.a.condition.OnClassCondition       : Condition OnClassCondition on org.springframework.boot.autoconfigure.reactor.ReactorAutoConfiguration did not match due to @ConditionalOnClass did not find required class 'reactor.core.publisher.Hooks'
2024-09-10T20:48:07.830+09:00 TRACE 86442 --- [learn-spring-boot] [           main] o.s.b.a.condition.OnClassCondition       : Condition OnClassCondition on org.springframework.boot.autoconfigure.rsocket.RSocketMessagingAutoConfiguration did not match due to @ConditionalOnClass did not find required class 'io.rsocket.RSocket'
2024-09-10T20:48:07.830+09:00 TRACE 86442 --- [learn-spring-boot] [           main] o.s.b.a.condition.OnClassCondition       : Condition OnClassCondition on org.springframework.boot.autoconfigure.rsocket.RSocketRequesterAutoConfiguration did not match due to @ConditionalOnClass did not find required class 'io.rsocket.RSocket'
2024-09-10T20:48:07.830+09:00 TRACE 86442 --- [learn-spring-boot] [           main] o.s.b.a.condition.OnClassCondition       : Condition OnClassCondition on org.springframework.boot.autoconfigure.rsocket.RSocketServerAutoConfiguration did not match due to @ConditionalOnClass did not find required class 'io.rsocket.core.RSocketServer'
2024-09-10T20:48:07.830+09:00 TRACE 86442 --- [learn-spring-boot] [           main] o.s.b.a.condition.OnClassCondition       : Condition OnClassCondition on org.springframework.boot.autoconfigure.rsocket.RSocketStrategiesAutoConfiguration did not match due to @ConditionalOnClass did not find required class 'io.netty.buffer.PooledByteBufAllocator'
2024-09-10T20:48:07.830+09:00 TRACE 86442 --- [learn-spring-boot] [           main] o.s.b.a.condition.OnClassCondition       : Condition OnClassCondition on org.springframework.boot.autoconfigure.security.servlet.SecurityAutoConfiguration did not match due to @ConditionalOnClass did not find required class 'org.springframework.security.authentication.DefaultAuthenticationEventPublisher'
2024-09-10T20:48:07.830+09:00 TRACE 86442 --- [learn-spring-boot] [           main] o.s.b.a.condition.OnClassCondition       : Condition OnClassCondition on org.springframework.boot.autoconfigure.security.servlet.UserDetailsServiceAutoConfiguration did not match due to @ConditionalOnClass did not find required class 'org.springframework.security.authentication.AuthenticationManager'
2024-09-10T20:48:07.830+09:00 TRACE 86442 --- [learn-spring-boot] [           main] o.s.b.a.condition.OnClassCondition       : Condition OnClassCondition on org.springframework.boot.autoconfigure.security.servlet.SecurityFilterAutoConfiguration did not match due to @ConditionalOnClass did not find required class 'org.springframework.security.config.http.SessionCreationPolicy'
2024-09-10T20:48:07.830+09:00 TRACE 86442 --- [learn-spring-boot] [           main] o.s.b.a.condition.OnClassCondition       : Condition OnClassCondition on org.springframework.boot.autoconfigure.security.reactive.ReactiveSecurityAutoConfiguration did not match due to @ConditionalOnClass did not find required class 'reactor.core.publisher.Flux'
2024-09-10T20:48:07.830+09:00 TRACE 86442 --- [learn-spring-boot] [           main] o.s.b.a.condition.OnClassCondition       : Condition OnClassCondition on org.springframework.boot.autoconfigure.security.reactive.ReactiveUserDetailsServiceAutoConfiguration did not match due to @ConditionalOnClass did not find required class 'org.springframework.security.authentication.ReactiveAuthenticationManager'
2024-09-10T20:48:07.831+09:00 TRACE 86442 --- [learn-spring-boot] [           main] o.s.b.a.condition.OnClassCondition       : Condition OnClassCondition on org.springframework.boot.autoconfigure.security.rsocket.RSocketSecurityAutoConfiguration did not match due to @ConditionalOnClass did not find required class 'org.springframework.security.rsocket.core.SecuritySocketAcceptorInterceptor'
2024-09-10T20:48:07.831+09:00 TRACE 86442 --- [learn-spring-boot] [           main] o.s.b.a.condition.OnClassCondition       : Condition OnClassCondition on org.springframework.boot.autoconfigure.security.saml2.Saml2RelyingPartyAutoConfiguration did not match due to @ConditionalOnClass did not find required class 'org.springframework.security.saml2.provider.service.registration.RelyingPartyRegistrationRepository'
2024-09-10T20:48:07.831+09:00 TRACE 86442 --- [learn-spring-boot] [           main] o.s.b.a.condition.OnClassCondition       : Condition OnClassCondition on org.springframework.boot.autoconfigure.sendgrid.SendGridAutoConfiguration did not match due to @ConditionalOnClass did not find required class 'com.sendgrid.SendGrid'
2024-09-10T20:48:07.831+09:00 TRACE 86442 --- [learn-spring-boot] [           main] o.s.b.a.condition.OnClassCondition       : Condition OnClassCondition on org.springframework.boot.autoconfigure.session.SessionAutoConfiguration did not match due to @ConditionalOnClass did not find required class 'org.springframework.session.Session'
2024-09-10T20:48:07.831+09:00 TRACE 86442 --- [learn-spring-boot] [           main] o.s.b.a.condition.OnClassCondition       : Condition OnClassCondition on org.springframework.boot.autoconfigure.security.oauth2.client.servlet.OAuth2ClientAutoConfiguration did not match due to @ConditionalOnClass did not find required class 'org.springframework.security.config.annotation.web.configuration.EnableWebSecurity'
2024-09-10T20:48:07.831+09:00 TRACE 86442 --- [learn-spring-boot] [           main] o.s.b.a.condition.OnClassCondition       : Condition OnClassCondition on org.springframework.boot.autoconfigure.security.oauth2.client.reactive.ReactiveOAuth2ClientAutoConfiguration did not match due to @ConditionalOnClass did not find required class 'reactor.core.publisher.Flux'
2024-09-10T20:48:07.831+09:00 TRACE 86442 --- [learn-spring-boot] [           main] o.s.b.a.condition.OnClassCondition       : Condition OnClassCondition on org.springframework.boot.autoconfigure.security.oauth2.resource.servlet.OAuth2ResourceServerAutoConfiguration did not match due to @ConditionalOnClass did not find required class 'org.springframework.security.oauth2.server.resource.authentication.BearerTokenAuthenticationToken'
2024-09-10T20:48:07.831+09:00 TRACE 86442 --- [learn-spring-boot] [           main] o.s.b.a.condition.OnClassCondition       : Condition OnClassCondition on org.springframework.boot.autoconfigure.security.oauth2.resource.reactive.ReactiveOAuth2ResourceServerAutoConfiguration did not match due to @ConditionalOnClass did not find required class 'org.springframework.security.config.annotation.web.reactive.EnableWebFluxSecurity'
2024-09-10T20:48:07.831+09:00 TRACE 86442 --- [learn-spring-boot] [           main] o.s.b.a.condition.OnClassCondition       : Condition OnClassCondition on org.springframework.boot.autoconfigure.security.oauth2.server.servlet.OAuth2AuthorizationServerAutoConfiguration did not match due to @ConditionalOnClass did not find required class 'org.springframework.security.oauth2.server.authorization.OAuth2Authorization'
2024-09-10T20:48:07.831+09:00 TRACE 86442 --- [learn-spring-boot] [           main] o.s.b.a.condition.OnClassCondition       : Condition OnClassCondition on org.springframework.boot.autoconfigure.security.oauth2.server.servlet.OAuth2AuthorizationServerJwtAutoConfiguration did not match due to @ConditionalOnClass did not find required class 'org.springframework.security.oauth2.server.authorization.OAuth2Authorization'
2024-09-10T20:48:07.831+09:00 TRACE 86442 --- [learn-spring-boot] [           main] o.s.b.a.condition.OnClassCondition       : Condition OnClassCondition on org.springframework.boot.autoconfigure.thymeleaf.ThymeleafAutoConfiguration did not match due to @ConditionalOnClass did not find required class 'org.thymeleaf.spring6.SpringTemplateEngine'
2024-09-10T20:48:07.831+09:00 TRACE 86442 --- [learn-spring-boot] [           main] o.s.b.a.condition.OnClassCondition       : Condition OnClassCondition on org.springframework.boot.autoconfigure.transaction.TransactionAutoConfiguration did not match due to @ConditionalOnClass did not find required class 'org.springframework.transaction.PlatformTransactionManager'
2024-09-10T20:48:07.831+09:00 TRACE 86442 --- [learn-spring-boot] [           main] o.s.b.a.condition.OnClassCondition       : Condition OnClassCondition on org.springframework.boot.autoconfigure.transaction.TransactionManagerCustomizationAutoConfiguration did not match due to @ConditionalOnClass did not find required class 'org.springframework.transaction.PlatformTransactionManager'
2024-09-10T20:48:07.832+09:00 TRACE 86442 --- [learn-spring-boot] [           main] o.s.b.a.condition.OnClassCondition       : Condition OnClassCondition on org.springframework.boot.autoconfigure.transaction.jta.JtaAutoConfiguration did not match due to @ConditionalOnClass did not find required class 'jakarta.transaction.Transaction'
2024-09-10T20:48:07.832+09:00 TRACE 86442 --- [learn-spring-boot] [           main] o.s.b.a.condition.OnClassCondition       : Condition OnClassCondition on org.springframework.boot.autoconfigure.validation.ValidationAutoConfiguration did not match due to @ConditionalOnClass did not find required class 'jakarta.validation.executable.ExecutableValidator'
2024-09-10T20:48:07.832+09:00 TRACE 86442 --- [learn-spring-boot] [           main] o.s.b.a.condition.OnClassCondition       : Condition OnClassCondition on org.springframework.boot.autoconfigure.web.reactive.HttpHandlerAutoConfiguration did not match due to @ConditionalOnClass did not find required class 'org.springframework.web.reactive.DispatcherHandler'
2024-09-10T20:48:07.832+09:00 TRACE 86442 --- [learn-spring-boot] [           main] o.s.b.a.condition.OnClassCondition       : Condition OnClassCondition on org.springframework.boot.autoconfigure.web.reactive.ReactiveMultipartAutoConfiguration did not match due to @ConditionalOnClass did not find required class 'org.springframework.web.reactive.config.WebFluxConfigurer'
2024-09-10T20:48:07.832+09:00 TRACE 86442 --- [learn-spring-boot] [           main] o.s.b.a.condition.OnClassCondition       : Condition OnClassCondition on org.springframework.boot.autoconfigure.web.reactive.WebFluxAutoConfiguration did not match due to @ConditionalOnClass did not find required class 'org.springframework.web.reactive.config.WebFluxConfigurer'
2024-09-10T20:48:07.832+09:00 TRACE 86442 --- [learn-spring-boot] [           main] o.s.b.a.condition.OnClassCondition       : Condition OnClassCondition on org.springframework.boot.autoconfigure.web.reactive.WebSessionIdResolverAutoConfiguration did not match due to @ConditionalOnClass did not find required class 'reactor.core.publisher.Mono'
2024-09-10T20:48:07.832+09:00 TRACE 86442 --- [learn-spring-boot] [           main] o.s.b.a.condition.OnClassCondition       : Condition OnClassCondition on org.springframework.boot.autoconfigure.web.reactive.error.ErrorWebFluxAutoConfiguration did not match due to @ConditionalOnClass did not find required class 'org.springframework.web.reactive.config.WebFluxConfigurer'
2024-09-10T20:48:07.832+09:00 TRACE 86442 --- [learn-spring-boot] [           main] o.s.b.a.condition.OnClassCondition       : Condition OnClassCondition on org.springframework.boot.autoconfigure.web.reactive.function.client.ClientHttpConnectorAutoConfiguration did not match due to @ConditionalOnClass did not find required class 'org.springframework.web.reactive.function.client.WebClient'
2024-09-10T20:48:07.832+09:00 TRACE 86442 --- [learn-spring-boot] [           main] o.s.b.a.condition.OnClassCondition       : Condition OnClassCondition on org.springframework.boot.autoconfigure.web.reactive.function.client.WebClientAutoConfiguration did not match due to @ConditionalOnClass did not find required class 'org.springframework.web.reactive.function.client.WebClient'
2024-09-10T20:48:07.832+09:00 TRACE 86442 --- [learn-spring-boot] [           main] o.s.b.a.condition.OnClassCondition       : Condition OnClassCondition on org.springframework.boot.autoconfigure.websocket.servlet.WebSocketMessagingAutoConfiguration did not match due to @ConditionalOnClass did not find required class 'org.springframework.web.socket.config.annotation.WebSocketMessageBrokerConfigurer'
2024-09-10T20:48:07.832+09:00 TRACE 86442 --- [learn-spring-boot] [           main] o.s.b.a.condition.OnClassCondition       : Condition OnClassCondition on org.springframework.boot.autoconfigure.webservices.WebServicesAutoConfiguration did not match due to @ConditionalOnClass did not find required class 'org.springframework.ws.transport.http.MessageDispatcherServlet'
2024-09-10T20:48:07.832+09:00 TRACE 86442 --- [learn-spring-boot] [           main] o.s.b.a.condition.OnClassCondition       : Condition OnClassCondition on org.springframework.boot.autoconfigure.webservices.client.WebServiceTemplateAutoConfiguration did not match due to @ConditionalOnClass did not find required class 'org.springframework.oxm.Marshaller'
2024-09-10T20:48:07.832+09:00 TRACE 86442 --- [learn-spring-boot] [           main] o.s.b.f.s.DefaultListableBeanFactory     : Returning cached instance of singleton bean 'autoConfigurationReport'
2024-09-10T20:48:07.833+09:00 TRACE 86442 --- [learn-spring-boot] [           main] o.s.b.a.c.OnWebApplicationCondition      : Condition OnWebApplicationCondition on org.springframework.boot.actuate.autoconfigure.cloudfoundry.reactive.ReactiveCloudFoundryActuatorAutoConfiguration did not match due to @ConditionalOnWebApplication did not find reactive web application classes
2024-09-10T20:48:07.833+09:00 TRACE 86442 --- [learn-spring-boot] [           main] o.s.b.a.c.OnWebApplicationCondition      : Condition OnWebApplicationCondition on org.springframework.boot.actuate.autoconfigure.observation.web.reactive.WebFluxObservationAutoConfiguration did not match due to @ConditionalOnWebApplication did not find reactive web application classes
2024-09-10T20:48:07.833+09:00 TRACE 86442 --- [learn-spring-boot] [           main] o.s.b.a.c.OnWebApplicationCondition      : Condition OnWebApplicationCondition on org.springframework.boot.autoconfigure.web.reactive.ReactiveWebServerFactoryAutoConfiguration did not match due to @ConditionalOnWebApplication did not find reactive web application classes
2024-09-10T20:48:07.833+09:00 TRACE 86442 --- [learn-spring-boot] [           main] o.s.b.a.c.OnWebApplicationCondition      : Condition OnWebApplicationCondition on org.springframework.boot.autoconfigure.websocket.reactive.WebSocketReactiveAutoConfiguration did not match due to @ConditionalOnWebApplication did not find reactive web application classes
2024-09-10T20:48:07.833+09:00 TRACE 86442 --- [learn-spring-boot] [           main] o.s.b.f.s.DefaultListableBeanFactory     : Returning cached instance of singleton bean 'autoConfigurationReport'
2024-09-10T20:48:07.836+09:00 TRACE 86442 --- [learn-spring-boot] [           main] o.s.b.a.condition.OnBeanCondition        : Condition OnBeanCondition on org.springframework.boot.autoconfigure.jdbc.JdbcClientAutoConfiguration did not match due to @ConditionalOnSingleCandidate did not find required type 'org.springframework.jdbc.core.namedparam.NamedParameterJdbcTemplate'
2024-09-10T20:48:07.836+09:00 TRACE 86442 --- [learn-spring-boot] [           main] o.s.b.a.condition.OnBeanCondition        : Condition OnBeanCondition on org.springframework.boot.autoconfigure.mail.MailSenderValidatorAutoConfiguration did not match due to @ConditionalOnSingleCandidate did not find required type 'org.springframework.mail.javamail.JavaMailSenderImpl'
2024-09-10T20:48:07.838+09:00 TRACE 86442 --- [learn-spring-boot] [           main] o.s.b.a.AutoConfigurationImportSelector  : Filtered 200 auto configuration class in 35 ms
2024-09-10T20:48:07.839+09:00 TRACE 86442 --- [learn-spring-boot] [           main] o.s.c.io.support.SpringFactoriesLoader   : Loaded [org.springframework.boot.autoconfigure.AutoConfigurationImportListener] names: [org.springframework.boot.autoconfigure.condition.ConditionEvaluationReportAutoConfigurationImportListener]
2024-09-10T20:48:07.839+09:00 TRACE 86442 --- [learn-spring-boot] [           main] o.s.b.f.s.DefaultListableBeanFactory     : Returning cached instance of singleton bean 'autoConfigurationReport'
2024-09-10T20:48:07.846+09:00 TRACE 86442 --- [learn-spring-boot] [           main] o.s.b.f.s.DefaultListableBeanFactory     : Returning cached instance of singleton bean 'org.springframework.boot.autoconfigure.internalCachingMetadataReaderFactory'
2024-09-10T20:48:07.851+09:00 TRACE 86442 --- [learn-spring-boot] [           main] o.s.b.f.s.DefaultListableBeanFactory     : Returning cached instance of singleton bean 'autoConfigurationReport'
2024-09-10T20:48:07.851+09:00 TRACE 86442 --- [learn-spring-boot] [           main] o.s.b.f.s.DefaultListableBeanFactory     : Returning cached instance of singleton bean 'autoConfigurationReport'
2024-09-10T20:48:07.851+09:00 TRACE 86442 --- [learn-spring-boot] [           main] o.s.b.f.s.DefaultListableBeanFactory     : Returning cached instance of singleton bean 'autoConfigurationReport'
2024-09-10T20:48:07.851+09:00 TRACE 86442 --- [learn-spring-boot] [           main] o.s.b.f.s.DefaultListableBeanFactory     : Returning cached instance of singleton bean 'autoConfigurationReport'
2024-09-10T20:48:07.851+09:00 TRACE 86442 --- [learn-spring-boot] [           main] o.s.b.f.s.DefaultListableBeanFactory     : Returning cached instance of singleton bean 'autoConfigurationReport'
2024-09-10T20:48:07.851+09:00 TRACE 86442 --- [learn-spring-boot] [           main] o.s.b.f.s.DefaultListableBeanFactory     : Returning cached instance of singleton bean 'autoConfigurationReport'
2024-09-10T20:48:07.857+09:00 TRACE 86442 --- [learn-spring-boot] [           main] .i.s.PathMatchingResourcePatternResolver : Resolved module-path location pattern [messages.properties] to resources []
2024-09-10T20:48:07.857+09:00 TRACE 86442 --- [learn-spring-boot] [           main] .i.s.PathMatchingResourcePatternResolver : Resolved class path location [messages.properties] to resources []
2024-09-10T20:48:07.858+09:00 TRACE 86442 --- [learn-spring-boot] [           main] utoConfiguration$ResourceBundleCondition : Condition MessageSourceAutoConfiguration.ResourceBundleCondition on org.springframework.boot.autoconfigure.context.MessageSourceAutoConfiguration did not match due to ResourceBundle did not find bundle with basename messages
2024-09-10T20:48:07.858+09:00 TRACE 86442 --- [learn-spring-boot] [           main] o.s.b.f.s.DefaultListableBeanFactory     : Returning cached instance of singleton bean 'autoConfigurationReport'
2024-09-10T20:48:07.858+09:00 TRACE 86442 --- [learn-spring-boot] [           main] o.s.b.f.s.DefaultListableBeanFactory     : Returning cached instance of singleton bean 'autoConfigurationReport'
2024-09-10T20:48:07.858+09:00 TRACE 86442 --- [learn-spring-boot] [           main] o.s.b.f.s.DefaultListableBeanFactory     : Returning cached instance of singleton bean 'autoConfigurationReport'
2024-09-10T20:48:07.858+09:00 TRACE 86442 --- [learn-spring-boot] [           main] o.s.b.f.s.DefaultListableBeanFactory     : Returning cached instance of singleton bean 'autoConfigurationReport'
2024-09-10T20:48:07.858+09:00 TRACE 86442 --- [learn-spring-boot] [           main] o.s.b.f.s.DefaultListableBeanFactory     : Returning cached instance of singleton bean 'autoConfigurationReport'
2024-09-10T20:48:07.858+09:00 TRACE 86442 --- [learn-spring-boot] [           main] o.s.b.f.s.DefaultListableBeanFactory     : Returning cached instance of singleton bean 'autoConfigurationReport'
2024-09-10T20:48:07.858+09:00 TRACE 86442 --- [learn-spring-boot] [           main] o.s.b.f.s.DefaultListableBeanFactory     : Returning cached instance of singleton bean 'autoConfigurationReport'
2024-09-10T20:48:07.858+09:00 TRACE 86442 --- [learn-spring-boot] [           main] o.s.b.f.s.DefaultListableBeanFactory     : Returning cached instance of singleton bean 'autoConfigurationReport'
2024-09-10T20:48:07.858+09:00 TRACE 86442 --- [learn-spring-boot] [           main] o.s.b.f.s.DefaultListableBeanFactory     : Returning cached instance of singleton bean 'autoConfigurationReport'
2024-09-10T20:48:07.858+09:00 TRACE 86442 --- [learn-spring-boot] [           main] o.s.b.f.s.DefaultListableBeanFactory     : Returning cached instance of singleton bean 'autoConfigurationReport'
2024-09-10T20:48:07.861+09:00 TRACE 86442 --- [learn-spring-boot] [           main] o.s.b.f.s.DefaultListableBeanFactory     : Returning cached instance of singleton bean 'autoConfigurationReport'
2024-09-10T20:48:07.861+09:00 TRACE 86442 --- [learn-spring-boot] [           main] o.s.b.f.s.DefaultListableBeanFactory     : Returning cached instance of singleton bean 'autoConfigurationReport'
2024-09-10T20:48:07.861+09:00 TRACE 86442 --- [learn-spring-boot] [           main] o.s.b.f.s.DefaultListableBeanFactory     : Returning cached instance of singleton bean 'autoConfigurationReport'
2024-09-10T20:48:07.861+09:00 TRACE 86442 --- [learn-spring-boot] [           main] o.s.b.f.s.DefaultListableBeanFactory     : Returning cached instance of singleton bean 'autoConfigurationReport'
2024-09-10T20:48:07.861+09:00 TRACE 86442 --- [learn-spring-boot] [           main] o.s.b.f.s.DefaultListableBeanFactory     : Returning cached instance of singleton bean 'autoConfigurationReport'
2024-09-10T20:48:07.861+09:00 TRACE 86442 --- [learn-spring-boot] [           main] o.s.b.f.s.DefaultListableBeanFactory     : Returning cached instance of singleton bean 'autoConfigurationReport'
2024-09-10T20:48:07.861+09:00 TRACE 86442 --- [learn-spring-boot] [           main] o.s.b.f.s.DefaultListableBeanFactory     : Returning cached instance of singleton bean 'autoConfigurationReport'
2024-09-10T20:48:07.862+09:00 TRACE 86442 --- [learn-spring-boot] [           main] o.s.b.f.s.DefaultListableBeanFactory     : Returning cached instance of singleton bean 'autoConfigurationReport'
2024-09-10T20:48:07.862+09:00 TRACE 86442 --- [learn-spring-boot] [           main] o.s.b.f.s.DefaultListableBeanFactory     : Returning cached instance of singleton bean 'autoConfigurationReport'
2024-09-10T20:48:07.863+09:00 TRACE 86442 --- [learn-spring-boot] [           main] o.s.b.f.s.DefaultListableBeanFactory     : Returning cached instance of singleton bean 'autoConfigurationReport'
2024-09-10T20:48:07.863+09:00 TRACE 86442 --- [learn-spring-boot] [           main] o.s.b.f.s.DefaultListableBeanFactory     : Returning cached instance of singleton bean 'autoConfigurationReport'
2024-09-10T20:48:07.863+09:00 TRACE 86442 --- [learn-spring-boot] [           main] o.s.b.f.s.DefaultListableBeanFactory     : Returning cached instance of singleton bean 'autoConfigurationReport'
2024-09-10T20:48:07.864+09:00 TRACE 86442 --- [learn-spring-boot] [           main] o.s.b.f.s.DefaultListableBeanFactory     : Returning cached instance of singleton bean 'autoConfigurationReport'
2024-09-10T20:48:07.864+09:00 TRACE 86442 --- [learn-spring-boot] [           main] o.s.b.f.s.DefaultListableBeanFactory     : Returning cached instance of singleton bean 'autoConfigurationReport'
2024-09-10T20:48:07.864+09:00 TRACE 86442 --- [learn-spring-boot] [           main] o.s.b.f.s.DefaultListableBeanFactory     : Returning cached instance of singleton bean 'autoConfigurationReport'
2024-09-10T20:48:07.865+09:00 TRACE 86442 --- [learn-spring-boot] [           main] o.s.b.a.condition.OnClassCondition       : Condition OnClassCondition on org.springframework.boot.autoconfigure.websocket.servlet.WebSocketServletAutoConfiguration matched due to @ConditionalOnClass found required classes 'jakarta.servlet.Servlet', 'jakarta.websocket.server.ServerContainer'
2024-09-10T20:48:07.865+09:00 TRACE 86442 --- [learn-spring-boot] [           main] o.s.b.f.s.DefaultListableBeanFactory     : Returning cached instance of singleton bean 'autoConfigurationReport'
2024-09-10T20:48:07.865+09:00 TRACE 86442 --- [learn-spring-boot] [           main] o.s.b.a.c.OnWebApplicationCondition      : Condition OnWebApplicationCondition on org.springframework.boot.autoconfigure.websocket.servlet.WebSocketServletAutoConfiguration matched due to found 'session' scope
2024-09-10T20:48:07.865+09:00 TRACE 86442 --- [learn-spring-boot] [           main] o.s.b.f.s.DefaultListableBeanFactory     : Returning cached instance of singleton bean 'autoConfigurationReport'
2024-09-10T20:48:07.865+09:00 TRACE 86442 --- [learn-spring-boot] [           main] o.s.b.f.s.DefaultListableBeanFactory     : Returning cached instance of singleton bean 'autoConfigurationReport'
2024-09-10T20:48:07.865+09:00 TRACE 86442 --- [learn-spring-boot] [           main] o.s.b.f.s.DefaultListableBeanFactory     : Returning cached instance of singleton bean 'autoConfigurationReport'
2024-09-10T20:48:07.865+09:00 TRACE 86442 --- [learn-spring-boot] [           main] o.s.b.f.s.DefaultListableBeanFactory     : Returning cached instance of singleton bean 'autoConfigurationReport'
2024-09-10T20:48:07.867+09:00 TRACE 86442 --- [learn-spring-boot] [           main] o.s.b.a.condition.OnClassCondition       : Condition OnClassCondition on org.springframework.boot.autoconfigure.websocket.servlet.WebSocketServletAutoConfiguration$UndertowWebSocketConfiguration did not match due to @ConditionalOnClass did not find required class 'io.undertow.websockets.jsr.Bootstrap'
2024-09-10T20:48:07.867+09:00 TRACE 86442 --- [learn-spring-boot] [           main] o.s.b.f.s.DefaultListableBeanFactory     : Returning cached instance of singleton bean 'autoConfigurationReport'
2024-09-10T20:48:07.867+09:00 TRACE 86442 --- [learn-spring-boot] [           main] o.s.b.a.condition.OnClassCondition       : Condition OnClassCondition on org.springframework.boot.autoconfigure.websocket.servlet.WebSocketServletAutoConfiguration$JettyWebSocketConfiguration did not match due to @ConditionalOnClass did not find required class 'org.eclipse.jetty.ee10.websocket.jakarta.server.config.JakartaWebSocketServletContainerInitializer'
2024-09-10T20:48:07.867+09:00 TRACE 86442 --- [learn-spring-boot] [           main] o.s.b.f.s.DefaultListableBeanFactory     : Returning cached instance of singleton bean 'autoConfigurationReport'
2024-09-10T20:48:07.868+09:00 TRACE 86442 --- [learn-spring-boot] [           main] o.s.b.a.condition.OnClassCondition       : Condition OnClassCondition on org.springframework.boot.autoconfigure.websocket.servlet.WebSocketServletAutoConfiguration$TomcatWebSocketConfiguration matched due to @ConditionalOnClass found required classes 'org.apache.catalina.startup.Tomcat', 'org.apache.tomcat.websocket.server.WsSci'
2024-09-10T20:48:07.868+09:00 TRACE 86442 --- [learn-spring-boot] [           main] o.s.b.f.s.DefaultListableBeanFactory     : Returning cached instance of singleton bean 'autoConfigurationReport'
2024-09-10T20:48:07.869+09:00 TRACE 86442 --- [learn-spring-boot] [           main] o.s.b.f.s.DefaultListableBeanFactory     : Returning cached instance of singleton bean 'autoConfigurationReport'
2024-09-10T20:48:07.869+09:00 TRACE 86442 --- [learn-spring-boot] [           main] o.s.b.f.s.DefaultListableBeanFactory     : Returning cached instance of singleton bean 'autoConfigurationReport'
2024-09-10T20:48:07.869+09:00 TRACE 86442 --- [learn-spring-boot] [           main] o.s.b.f.s.DefaultListableBeanFactory     : Returning cached instance of singleton bean 'autoConfigurationReport'
2024-09-10T20:48:07.870+09:00 TRACE 86442 --- [learn-spring-boot] [           main] o.s.b.f.s.DefaultListableBeanFactory     : Returning cached instance of singleton bean 'autoConfigurationReport'
2024-09-10T20:48:07.870+09:00 TRACE 86442 --- [learn-spring-boot] [           main] o.s.b.f.s.DefaultListableBeanFactory     : Returning cached instance of singleton bean 'autoConfigurationReport'
2024-09-10T20:48:07.870+09:00 TRACE 86442 --- [learn-spring-boot] [           main] o.s.b.f.s.DefaultListableBeanFactory     : Returning cached instance of singleton bean 'autoConfigurationReport'
2024-09-10T20:48:07.870+09:00 TRACE 86442 --- [learn-spring-boot] [           main] o.s.b.f.s.DefaultListableBeanFactory     : Returning cached instance of singleton bean 'autoConfigurationReport'
2024-09-10T20:48:07.870+09:00 TRACE 86442 --- [learn-spring-boot] [           main] o.s.b.f.s.DefaultListableBeanFactory     : Returning cached instance of singleton bean 'autoConfigurationReport'
2024-09-10T20:48:07.870+09:00 TRACE 86442 --- [learn-spring-boot] [           main] o.s.b.f.s.DefaultListableBeanFactory     : Returning cached instance of singleton bean 'autoConfigurationReport'
2024-09-10T20:48:07.871+09:00 TRACE 86442 --- [learn-spring-boot] [           main] o.s.b.a.condition.OnClassCondition       : Condition OnClassCondition on org.springframework.boot.autoconfigure.web.servlet.ServletWebServerFactoryAutoConfiguration matched due to @ConditionalOnClass found required class 'jakarta.servlet.ServletRequest'
2024-09-10T20:48:07.871+09:00 TRACE 86442 --- [learn-spring-boot] [           main] o.s.b.f.s.DefaultListableBeanFactory     : Returning cached instance of singleton bean 'autoConfigurationReport'
2024-09-10T20:48:07.871+09:00 TRACE 86442 --- [learn-spring-boot] [           main] o.s.b.a.c.OnWebApplicationCondition      : Condition OnWebApplicationCondition on org.springframework.boot.autoconfigure.web.servlet.ServletWebServerFactoryAutoConfiguration matched due to found 'session' scope
2024-09-10T20:48:07.871+09:00 TRACE 86442 --- [learn-spring-boot] [           main] o.s.b.f.s.DefaultListableBeanFactory     : Returning cached instance of singleton bean 'autoConfigurationReport'
2024-09-10T20:48:07.871+09:00 TRACE 86442 --- [learn-spring-boot] [           main] o.s.b.f.s.DefaultListableBeanFactory     : Returning cached instance of singleton bean 'autoConfigurationReport'
2024-09-10T20:48:07.871+09:00 TRACE 86442 --- [learn-spring-boot] [           main] o.s.b.f.s.DefaultListableBeanFactory     : Returning cached instance of singleton bean 'autoConfigurationReport'
2024-09-10T20:48:07.871+09:00 TRACE 86442 --- [learn-spring-boot] [           main] o.s.b.f.s.DefaultListableBeanFactory     : Returning cached instance of singleton bean 'autoConfigurationReport'
2024-09-10T20:48:07.875+09:00 TRACE 86442 --- [learn-spring-boot] [           main] o.s.b.a.condition.OnPropertyCondition    : Condition OnPropertyCondition on org.springframework.boot.autoconfigure.web.servlet.ServletWebServerFactoryAutoConfiguration$ForwardedHeaderFilterConfiguration did not match due to @ConditionalOnProperty (server.forward-headers-strategy=framework) did not find property 'server.forward-headers-strategy'
2024-09-10T20:48:07.875+09:00 TRACE 86442 --- [learn-spring-boot] [           main] o.s.b.f.s.DefaultListableBeanFactory     : Returning cached instance of singleton bean 'autoConfigurationReport'
2024-09-10T20:48:07.878+09:00 TRACE 86442 --- [learn-spring-boot] [           main] o.s.b.a.condition.OnClassCondition       : Condition OnClassCondition on org.springframework.boot.autoconfigure.web.servlet.ServletWebServerFactoryConfiguration$EmbeddedTomcat matched due to @ConditionalOnClass found required classes 'jakarta.servlet.Servlet', 'org.apache.catalina.startup.Tomcat', 'org.apache.coyote.UpgradeProtocol'
2024-09-10T20:48:07.878+09:00 TRACE 86442 --- [learn-spring-boot] [           main] o.s.b.f.s.DefaultListableBeanFactory     : Returning cached instance of singleton bean 'autoConfigurationReport'
2024-09-10T20:48:07.878+09:00 TRACE 86442 --- [learn-spring-boot] [           main] o.s.b.f.s.DefaultListableBeanFactory     : Returning cached instance of singleton bean 'autoConfigurationReport'
2024-09-10T20:48:07.878+09:00 TRACE 86442 --- [learn-spring-boot] [           main] o.s.b.f.s.DefaultListableBeanFactory     : Returning cached instance of singleton bean 'autoConfigurationReport'
2024-09-10T20:48:07.878+09:00 TRACE 86442 --- [learn-spring-boot] [           main] o.s.b.f.s.DefaultListableBeanFactory     : Returning cached instance of singleton bean 'autoConfigurationReport'
2024-09-10T20:48:07.879+09:00 TRACE 86442 --- [learn-spring-boot] [           main] o.s.b.a.condition.OnClassCondition       : Condition OnClassCondition on org.springframework.boot.autoconfigure.web.servlet.ServletWebServerFactoryConfiguration$EmbeddedJetty did not match due to @ConditionalOnClass did not find required classes 'org.eclipse.jetty.server.Server', 'org.eclipse.jetty.util.Loader', 'org.eclipse.jetty.ee10.webapp.WebAppContext'
2024-09-10T20:48:07.879+09:00 TRACE 86442 --- [learn-spring-boot] [           main] o.s.b.f.s.DefaultListableBeanFactory     : Returning cached instance of singleton bean 'autoConfigurationReport'
2024-09-10T20:48:07.879+09:00 TRACE 86442 --- [learn-spring-boot] [           main] o.s.b.a.condition.OnClassCondition       : Condition OnClassCondition on org.springframework.boot.autoconfigure.web.servlet.ServletWebServerFactoryConfiguration$EmbeddedUndertow did not match due to @ConditionalOnClass did not find required classes 'io.undertow.Undertow', 'org.xnio.SslClientAuthMode'
2024-09-10T20:48:07.879+09:00 TRACE 86442 --- [learn-spring-boot] [           main] o.s.b.f.s.DefaultListableBeanFactory     : Returning cached instance of singleton bean 'autoConfigurationReport'
2024-09-10T20:48:07.879+09:00 TRACE 86442 --- [learn-spring-boot] [           main] o.s.b.f.s.DefaultListableBeanFactory     : Returning cached instance of singleton bean 'autoConfigurationReport'
2024-09-10T20:48:07.879+09:00 TRACE 86442 --- [learn-spring-boot] [           main] o.s.b.f.s.DefaultListableBeanFactory     : Returning cached instance of singleton bean 'autoConfigurationReport'
2024-09-10T20:48:07.879+09:00 TRACE 86442 --- [learn-spring-boot] [           main] o.s.b.f.s.DefaultListableBeanFactory     : Returning cached instance of singleton bean 'autoConfigurationReport'
2024-09-10T20:48:07.879+09:00 TRACE 86442 --- [learn-spring-boot] [           main] o.s.b.f.s.DefaultListableBeanFactory     : Returning cached instance of singleton bean 'autoConfigurationReport'
2024-09-10T20:48:07.880+09:00 TRACE 86442 --- [learn-spring-boot] [           main] o.s.b.f.s.DefaultListableBeanFactory     : Returning cached instance of singleton bean 'autoConfigurationReport'
2024-09-10T20:48:07.880+09:00 TRACE 86442 --- [learn-spring-boot] [           main] o.s.b.f.s.DefaultListableBeanFactory     : Returning cached instance of singleton bean 'autoConfigurationReport'
2024-09-10T20:48:07.880+09:00 TRACE 86442 --- [learn-spring-boot] [           main] o.s.b.a.condition.OnClassCondition       : Condition OnClassCondition on org.springframework.boot.autoconfigure.web.servlet.DispatcherServletAutoConfiguration matched due to @ConditionalOnClass found required class 'org.springframework.web.servlet.DispatcherServlet'
2024-09-10T20:48:07.880+09:00 TRACE 86442 --- [learn-spring-boot] [           main] o.s.b.f.s.DefaultListableBeanFactory     : Returning cached instance of singleton bean 'autoConfigurationReport'
2024-09-10T20:48:07.880+09:00 TRACE 86442 --- [learn-spring-boot] [           main] o.s.b.a.c.OnWebApplicationCondition      : Condition OnWebApplicationCondition on org.springframework.boot.autoconfigure.web.servlet.DispatcherServletAutoConfiguration matched due to found 'session' scope
2024-09-10T20:48:07.880+09:00 TRACE 86442 --- [learn-spring-boot] [           main] o.s.b.f.s.DefaultListableBeanFactory     : Returning cached instance of singleton bean 'autoConfigurationReport'
2024-09-10T20:48:07.880+09:00 TRACE 86442 --- [learn-spring-boot] [           main] o.s.b.f.s.DefaultListableBeanFactory     : Returning cached instance of singleton bean 'autoConfigurationReport'
2024-09-10T20:48:07.880+09:00 TRACE 86442 --- [learn-spring-boot] [           main] o.s.b.f.s.DefaultListableBeanFactory     : Returning cached instance of singleton bean 'autoConfigurationReport'
2024-09-10T20:48:07.880+09:00 TRACE 86442 --- [learn-spring-boot] [           main] o.s.b.f.s.DefaultListableBeanFactory     : Returning cached instance of singleton bean 'autoConfigurationReport'
2024-09-10T20:48:07.882+09:00 TRACE 86442 --- [learn-spring-boot] [           main] o.s.b.a.condition.OnClassCondition       : Condition OnClassCondition on org.springframework.boot.autoconfigure.web.servlet.DispatcherServletAutoConfiguration$DispatcherServletRegistrationConfiguration matched due to @ConditionalOnClass found required class 'jakarta.servlet.ServletRegistration'
2024-09-10T20:48:07.883+09:00 TRACE 86442 --- [learn-spring-boot] [           main] o.s.b.f.s.DefaultListableBeanFactory     : Returning cached instance of singleton bean 'autoConfigurationReport'
2024-09-10T20:48:07.883+09:00 TRACE 86442 --- [learn-spring-boot] [           main] n$DispatcherServletRegistrationCondition : Condition DispatcherServletAutoConfiguration.DispatcherServletRegistrationCondition on org.springframework.boot.autoconfigure.web.servlet.DispatcherServletAutoConfiguration$DispatcherServletRegistrationConfiguration matched due to DispatcherServlet Registration did not find servlet registration bean
2024-09-10T20:48:07.884+09:00 TRACE 86442 --- [learn-spring-boot] [           main] o.s.b.f.s.DefaultListableBeanFactory     : Returning cached instance of singleton bean 'autoConfigurationReport'
2024-09-10T20:48:07.884+09:00 TRACE 86442 --- [learn-spring-boot] [           main] o.s.b.f.s.DefaultListableBeanFactory     : Returning cached instance of singleton bean 'autoConfigurationReport'
2024-09-10T20:48:07.884+09:00 TRACE 86442 --- [learn-spring-boot] [           main] o.s.b.f.s.DefaultListableBeanFactory     : Returning cached instance of singleton bean 'autoConfigurationReport'
2024-09-10T20:48:07.884+09:00 TRACE 86442 --- [learn-spring-boot] [           main] o.s.b.f.s.DefaultListableBeanFactory     : Returning cached instance of singleton bean 'autoConfigurationReport'
2024-09-10T20:48:07.884+09:00 TRACE 86442 --- [learn-spring-boot] [           main] o.s.b.a.condition.OnClassCondition       : Condition OnClassCondition on org.springframework.boot.autoconfigure.web.servlet.DispatcherServletAutoConfiguration$DispatcherServletConfiguration matched due to @ConditionalOnClass found required class 'jakarta.servlet.ServletRegistration'
2024-09-10T20:48:07.884+09:00 TRACE 86442 --- [learn-spring-boot] [           main] o.s.b.f.s.DefaultListableBeanFactory     : Returning cached instance of singleton bean 'autoConfigurationReport'
2024-09-10T20:48:07.885+09:00 TRACE 86442 --- [learn-spring-boot] [           main] ration$DefaultDispatcherServletCondition : Condition DispatcherServletAutoConfiguration.DefaultDispatcherServletCondition on org.springframework.boot.autoconfigure.web.servlet.DispatcherServletAutoConfiguration$DispatcherServletConfiguration matched due to Default DispatcherServlet did not find dispatcher servlet beans
2024-09-10T20:48:07.885+09:00 TRACE 86442 --- [learn-spring-boot] [           main] o.s.b.f.s.DefaultListableBeanFactory     : Returning cached instance of singleton bean 'autoConfigurationReport'
2024-09-10T20:48:07.885+09:00 TRACE 86442 --- [learn-spring-boot] [           main] o.s.b.f.s.DefaultListableBeanFactory     : Returning cached instance of singleton bean 'autoConfigurationReport'
2024-09-10T20:48:07.885+09:00 TRACE 86442 --- [learn-spring-boot] [           main] o.s.b.f.s.DefaultListableBeanFactory     : Returning cached instance of singleton bean 'autoConfigurationReport'
2024-09-10T20:48:07.885+09:00 TRACE 86442 --- [learn-spring-boot] [           main] o.s.b.f.s.DefaultListableBeanFactory     : Returning cached instance of singleton bean 'autoConfigurationReport'
2024-09-10T20:48:07.885+09:00 TRACE 86442 --- [learn-spring-boot] [           main] o.s.b.a.condition.OnClassCondition       : Condition OnClassCondition on org.springframework.boot.autoconfigure.web.servlet.DispatcherServletAutoConfiguration$DispatcherServletConfiguration matched due to @ConditionalOnClass found required class 'jakarta.servlet.ServletRegistration'
2024-09-10T20:48:07.885+09:00 TRACE 86442 --- [learn-spring-boot] [           main] o.s.b.f.s.DefaultListableBeanFactory     : Returning cached instance of singleton bean 'autoConfigurationReport'
2024-09-10T20:48:07.886+09:00 TRACE 86442 --- [learn-spring-boot] [           main] ration$DefaultDispatcherServletCondition : Condition DispatcherServletAutoConfiguration.DefaultDispatcherServletCondition on org.springframework.boot.autoconfigure.web.servlet.DispatcherServletAutoConfiguration$DispatcherServletConfiguration matched due to Default DispatcherServlet did not find dispatcher servlet beans
2024-09-10T20:48:07.886+09:00 TRACE 86442 --- [learn-spring-boot] [           main] o.s.b.f.s.DefaultListableBeanFactory     : Returning cached instance of singleton bean 'autoConfigurationReport'
2024-09-10T20:48:07.886+09:00 TRACE 86442 --- [learn-spring-boot] [           main] o.s.b.f.s.DefaultListableBeanFactory     : Returning cached instance of singleton bean 'autoConfigurationReport'
2024-09-10T20:48:07.886+09:00 TRACE 86442 --- [learn-spring-boot] [           main] o.s.b.f.s.DefaultListableBeanFactory     : Returning cached instance of singleton bean 'autoConfigurationReport'
2024-09-10T20:48:07.886+09:00 TRACE 86442 --- [learn-spring-boot] [           main] o.s.b.f.s.DefaultListableBeanFactory     : Returning cached instance of singleton bean 'autoConfigurationReport'
2024-09-10T20:48:07.886+09:00 TRACE 86442 --- [learn-spring-boot] [           main] o.s.b.f.s.DefaultListableBeanFactory     : Returning cached instance of singleton bean 'autoConfigurationReport'
2024-09-10T20:48:07.886+09:00 TRACE 86442 --- [learn-spring-boot] [           main] o.s.b.f.s.DefaultListableBeanFactory     : Returning cached instance of singleton bean 'autoConfigurationReport'
2024-09-10T20:48:07.886+09:00 TRACE 86442 --- [learn-spring-boot] [           main] o.s.b.f.s.DefaultListableBeanFactory     : Returning cached instance of singleton bean 'autoConfigurationReport'
2024-09-10T20:48:07.887+09:00 TRACE 86442 --- [learn-spring-boot] [           main] o.s.b.a.condition.OnClassCondition       : Condition OnClassCondition on org.springframework.boot.autoconfigure.task.TaskExecutionAutoConfiguration matched due to @ConditionalOnClass found required class 'org.springframework.scheduling.concurrent.ThreadPoolTaskExecutor'
2024-09-10T20:48:07.887+09:00 TRACE 86442 --- [learn-spring-boot] [           main] o.s.b.f.s.DefaultListableBeanFactory     : Returning cached instance of singleton bean 'autoConfigurationReport'
2024-09-10T20:48:07.887+09:00 TRACE 86442 --- [learn-spring-boot] [           main] o.s.b.f.s.DefaultListableBeanFactory     : Returning cached instance of singleton bean 'autoConfigurationReport'
2024-09-10T20:48:07.887+09:00 TRACE 86442 --- [learn-spring-boot] [           main] o.s.b.f.s.DefaultListableBeanFactory     : Returning cached instance of singleton bean 'autoConfigurationReport'
2024-09-10T20:48:07.887+09:00 TRACE 86442 --- [learn-spring-boot] [           main] o.s.b.f.s.DefaultListableBeanFactory     : Returning cached instance of singleton bean 'autoConfigurationReport'
2024-09-10T20:48:07.889+09:00 TRACE 86442 --- [learn-spring-boot] [           main] o.s.b.f.s.DefaultListableBeanFactory     : Returning cached instance of singleton bean 'autoConfigurationReport'
2024-09-10T20:48:07.889+09:00 TRACE 86442 --- [learn-spring-boot] [           main] o.s.b.f.s.DefaultListableBeanFactory     : Returning cached instance of singleton bean 'autoConfigurationReport'
2024-09-10T20:48:07.889+09:00 TRACE 86442 --- [learn-spring-boot] [           main] o.s.b.f.s.DefaultListableBeanFactory     : Returning cached instance of singleton bean 'autoConfigurationReport'
2024-09-10T20:48:07.889+09:00 TRACE 86442 --- [learn-spring-boot] [           main] o.s.b.f.s.DefaultListableBeanFactory     : Returning cached instance of singleton bean 'autoConfigurationReport'
2024-09-10T20:48:07.889+09:00 TRACE 86442 --- [learn-spring-boot] [           main] o.s.b.f.s.DefaultListableBeanFactory     : Returning cached instance of singleton bean 'autoConfigurationReport'
2024-09-10T20:48:07.889+09:00 TRACE 86442 --- [learn-spring-boot] [           main] o.s.b.f.s.DefaultListableBeanFactory     : Returning cached instance of singleton bean 'autoConfigurationReport'
2024-09-10T20:48:07.890+09:00 TRACE 86442 --- [learn-spring-boot] [           main] o.s.b.f.s.DefaultListableBeanFactory     : Returning cached instance of singleton bean 'autoConfigurationReport'
2024-09-10T20:48:07.890+09:00 TRACE 86442 --- [learn-spring-boot] [           main] o.s.b.f.s.DefaultListableBeanFactory     : Returning cached instance of singleton bean 'autoConfigurationReport'
2024-09-10T20:48:07.890+09:00 TRACE 86442 --- [learn-spring-boot] [           main] o.s.b.f.s.DefaultListableBeanFactory     : Returning cached instance of singleton bean 'autoConfigurationReport'
2024-09-10T20:48:07.890+09:00 TRACE 86442 --- [learn-spring-boot] [           main] o.s.b.f.s.DefaultListableBeanFactory     : Returning cached instance of singleton bean 'autoConfigurationReport'
2024-09-10T20:48:07.890+09:00 TRACE 86442 --- [learn-spring-boot] [           main] o.s.b.f.s.DefaultListableBeanFactory     : Returning cached instance of singleton bean 'autoConfigurationReport'
2024-09-10T20:48:07.890+09:00 TRACE 86442 --- [learn-spring-boot] [           main] o.s.b.f.s.DefaultListableBeanFactory     : Returning cached instance of singleton bean 'autoConfigurationReport'
2024-09-10T20:48:07.890+09:00 TRACE 86442 --- [learn-spring-boot] [           main] o.s.b.f.s.DefaultListableBeanFactory     : Returning cached instance of singleton bean 'autoConfigurationReport'
2024-09-10T20:48:07.890+09:00 TRACE 86442 --- [learn-spring-boot] [           main] o.s.b.f.s.DefaultListableBeanFactory     : Returning cached instance of singleton bean 'autoConfigurationReport'
2024-09-10T20:48:07.890+09:00 TRACE 86442 --- [learn-spring-boot] [           main] o.s.b.f.s.DefaultListableBeanFactory     : Returning cached instance of singleton bean 'autoConfigurationReport'
2024-09-10T20:48:07.891+09:00 TRACE 86442 --- [learn-spring-boot] [           main] o.s.b.a.condition.OnClassCondition       : Condition OnClassCondition on org.springframework.boot.autoconfigure.web.servlet.error.ErrorMvcAutoConfiguration matched due to @ConditionalOnClass found required classes 'jakarta.servlet.Servlet', 'org.springframework.web.servlet.DispatcherServlet'
2024-09-10T20:48:07.891+09:00 TRACE 86442 --- [learn-spring-boot] [           main] o.s.b.f.s.DefaultListableBeanFactory     : Returning cached instance of singleton bean 'autoConfigurationReport'
2024-09-10T20:48:07.891+09:00 TRACE 86442 --- [learn-spring-boot] [           main] o.s.b.a.c.OnWebApplicationCondition      : Condition OnWebApplicationCondition on org.springframework.boot.autoconfigure.web.servlet.error.ErrorMvcAutoConfiguration matched due to found 'session' scope
2024-09-10T20:48:07.891+09:00 TRACE 86442 --- [learn-spring-boot] [           main] o.s.b.f.s.DefaultListableBeanFactory     : Returning cached instance of singleton bean 'autoConfigurationReport'
2024-09-10T20:48:07.891+09:00 TRACE 86442 --- [learn-spring-boot] [           main] o.s.b.f.s.DefaultListableBeanFactory     : Returning cached instance of singleton bean 'autoConfigurationReport'
2024-09-10T20:48:07.891+09:00 TRACE 86442 --- [learn-spring-boot] [           main] o.s.b.f.s.DefaultListableBeanFactory     : Returning cached instance of singleton bean 'autoConfigurationReport'
2024-09-10T20:48:07.891+09:00 TRACE 86442 --- [learn-spring-boot] [           main] o.s.b.f.s.DefaultListableBeanFactory     : Returning cached instance of singleton bean 'autoConfigurationReport'
2024-09-10T20:48:07.894+09:00 TRACE 86442 --- [learn-spring-boot] [           main] o.s.b.a.condition.OnPropertyCondition    : Condition OnPropertyCondition on org.springframework.boot.autoconfigure.web.servlet.error.ErrorMvcAutoConfiguration$WhitelabelErrorViewConfiguration matched due to @ConditionalOnProperty (server.error.whitelabel.enabled) matched
2024-09-10T20:48:07.894+09:00 TRACE 86442 --- [learn-spring-boot] [           main] o.s.b.f.s.DefaultListableBeanFactory     : Returning cached instance of singleton bean 'autoConfigurationReport'
2024-09-10T20:48:07.895+09:00 TRACE 86442 --- [learn-spring-boot] [           main] o.s.c.io.support.SpringFactoriesLoader   : Loaded [org.springframework.boot.autoconfigure.template.TemplateAvailabilityProvider] names: [org.springframework.boot.autoconfigure.freemarker.FreeMarkerTemplateAvailabilityProvider, org.springframework.boot.autoconfigure.mustache.MustacheTemplateAvailabilityProvider, org.springframework.boot.autoconfigure.groovy.template.GroovyTemplateAvailabilityProvider, org.springframework.boot.autoconfigure.thymeleaf.ThymeleafTemplateAvailabilityProvider, org.springframework.boot.autoconfigure.web.servlet.JspTemplateAvailabilityProvider]
2024-09-10T20:48:07.898+09:00 TRACE 86442 --- [learn-spring-boot] [           main] figuration$ErrorTemplateMissingCondition : Condition ErrorMvcAutoConfiguration.ErrorTemplateMissingCondition on org.springframework.boot.autoconfigure.web.servlet.error.ErrorMvcAutoConfiguration$WhitelabelErrorViewConfiguration matched due to ErrorTemplate Missing did not find error template view
2024-09-10T20:48:07.898+09:00 TRACE 86442 --- [learn-spring-boot] [           main] o.s.b.f.s.DefaultListableBeanFactory     : Returning cached instance of singleton bean 'autoConfigurationReport'
2024-09-10T20:48:07.898+09:00 TRACE 86442 --- [learn-spring-boot] [           main] o.s.b.f.s.DefaultListableBeanFactory     : Returning cached instance of singleton bean 'autoConfigurationReport'
2024-09-10T20:48:07.898+09:00 TRACE 86442 --- [learn-spring-boot] [           main] o.s.b.f.s.DefaultListableBeanFactory     : Returning cached instance of singleton bean 'autoConfigurationReport'
2024-09-10T20:48:07.898+09:00 TRACE 86442 --- [learn-spring-boot] [           main] o.s.b.f.s.DefaultListableBeanFactory     : Returning cached instance of singleton bean 'autoConfigurationReport'
2024-09-10T20:48:07.899+09:00 TRACE 86442 --- [learn-spring-boot] [           main] o.s.b.f.s.DefaultListableBeanFactory     : Returning cached instance of singleton bean 'autoConfigurationReport'
2024-09-10T20:48:07.899+09:00 TRACE 86442 --- [learn-spring-boot] [           main] o.s.b.f.s.DefaultListableBeanFactory     : Returning cached instance of singleton bean 'autoConfigurationReport'
2024-09-10T20:48:07.899+09:00 TRACE 86442 --- [learn-spring-boot] [           main] o.s.b.f.s.DefaultListableBeanFactory     : Returning cached instance of singleton bean 'autoConfigurationReport'
2024-09-10T20:48:07.899+09:00 TRACE 86442 --- [learn-spring-boot] [           main] o.s.b.f.s.DefaultListableBeanFactory     : Returning cached instance of singleton bean 'autoConfigurationReport'
2024-09-10T20:48:07.899+09:00 TRACE 86442 --- [learn-spring-boot] [           main] o.s.b.f.s.DefaultListableBeanFactory     : Returning cached instance of singleton bean 'autoConfigurationReport'
2024-09-10T20:48:07.900+09:00 TRACE 86442 --- [learn-spring-boot] [           main] o.s.b.f.s.DefaultListableBeanFactory     : Returning cached instance of singleton bean 'autoConfigurationReport'
2024-09-10T20:48:07.900+09:00 TRACE 86442 --- [learn-spring-boot] [           main] o.s.b.f.s.DefaultListableBeanFactory     : Returning cached instance of singleton bean 'autoConfigurationReport'
2024-09-10T20:48:07.900+09:00 TRACE 86442 --- [learn-spring-boot] [           main] o.s.b.f.s.DefaultListableBeanFactory     : Returning cached instance of singleton bean 'autoConfigurationReport'
2024-09-10T20:48:07.900+09:00 TRACE 86442 --- [learn-spring-boot] [           main] o.s.b.f.s.DefaultListableBeanFactory     : Returning cached instance of singleton bean 'autoConfigurationReport'
2024-09-10T20:48:07.900+09:00 TRACE 86442 --- [learn-spring-boot] [           main] o.s.b.a.condition.OnClassCondition       : Condition OnClassCondition on org.springframework.boot.autoconfigure.web.servlet.WebMvcAutoConfiguration matched due to @ConditionalOnClass found required classes 'jakarta.servlet.Servlet', 'org.springframework.web.servlet.DispatcherServlet', 'org.springframework.web.servlet.config.annotation.WebMvcConfigurer'
2024-09-10T20:48:07.900+09:00 TRACE 86442 --- [learn-spring-boot] [           main] o.s.b.f.s.DefaultListableBeanFactory     : Returning cached instance of singleton bean 'autoConfigurationReport'
2024-09-10T20:48:07.901+09:00 TRACE 86442 --- [learn-spring-boot] [           main] o.s.b.a.c.OnWebApplicationCondition      : Condition OnWebApplicationCondition on org.springframework.boot.autoconfigure.web.servlet.WebMvcAutoConfiguration matched due to found 'session' scope
2024-09-10T20:48:07.901+09:00 TRACE 86442 --- [learn-spring-boot] [           main] o.s.b.f.s.DefaultListableBeanFactory     : Returning cached instance of singleton bean 'autoConfigurationReport'
2024-09-10T20:48:07.901+09:00 TRACE 86442 --- [learn-spring-boot] [           main] o.s.b.f.s.DefaultListableBeanFactory     : Returning cached instance of singleton bean 'autoConfigurationReport'
2024-09-10T20:48:07.901+09:00 TRACE 86442 --- [learn-spring-boot] [           main] o.s.b.f.s.DefaultListableBeanFactory     : Returning cached instance of singleton bean 'autoConfigurationReport'
2024-09-10T20:48:07.901+09:00 TRACE 86442 --- [learn-spring-boot] [           main] o.s.b.f.s.DefaultListableBeanFactory     : Returning cached instance of singleton bean 'autoConfigurationReport'
2024-09-10T20:48:07.904+09:00 TRACE 86442 --- [learn-spring-boot] [           main] o.s.b.f.s.DefaultListableBeanFactory     : Returning cached instance of singleton bean 'autoConfigurationReport'
2024-09-10T20:48:07.904+09:00 TRACE 86442 --- [learn-spring-boot] [           main] o.s.b.f.s.DefaultListableBeanFactory     : Returning cached instance of singleton bean 'autoConfigurationReport'
2024-09-10T20:48:07.904+09:00 TRACE 86442 --- [learn-spring-boot] [           main] o.s.b.f.s.DefaultListableBeanFactory     : Returning cached instance of singleton bean 'autoConfigurationReport'
2024-09-10T20:48:07.907+09:00 TRACE 86442 --- [learn-spring-boot] [           main] o.s.b.f.s.DefaultListableBeanFactory     : Returning cached instance of singleton bean 'autoConfigurationReport'
2024-09-10T20:48:07.907+09:00 TRACE 86442 --- [learn-spring-boot] [           main] o.s.b.f.s.DefaultListableBeanFactory     : Returning cached instance of singleton bean 'autoConfigurationReport'
2024-09-10T20:48:07.907+09:00 TRACE 86442 --- [learn-spring-boot] [           main] o.s.b.f.s.DefaultListableBeanFactory     : Returning cached instance of singleton bean 'autoConfigurationReport'
2024-09-10T20:48:07.909+09:00 TRACE 86442 --- [learn-spring-boot] [           main] o.s.b.a.condition.OnPropertyCondition    : Condition OnPropertyCondition on org.springframework.boot.autoconfigure.web.servlet.WebMvcAutoConfiguration$ProblemDetailsErrorHandlingConfiguration did not match due to @ConditionalOnProperty (spring.mvc.problemdetails.enabled=true) did not find property 'enabled'
2024-09-10T20:48:07.909+09:00 TRACE 86442 --- [learn-spring-boot] [           main] o.s.b.f.s.DefaultListableBeanFactory     : Returning cached instance of singleton bean 'autoConfigurationReport'
2024-09-10T20:48:07.909+09:00 TRACE 86442 --- [learn-spring-boot] [           main] .s.b.a.w.OnEnabledResourceChainCondition : Condition OnEnabledResourceChainCondition on org.springframework.boot.autoconfigure.web.servlet.WebMvcAutoConfiguration$ResourceChainCustomizerConfiguration did not match due to @ConditionalOnEnabledResourceChain did not find class org.webjars.WebJarVersionLocator
2024-09-10T20:48:07.910+09:00 TRACE 86442 --- [learn-spring-boot] [           main] o.s.b.f.s.DefaultListableBeanFactory     : Returning cached instance of singleton bean 'autoConfigurationReport'
2024-09-10T20:48:07.910+09:00 TRACE 86442 --- [learn-spring-boot] [           main] o.s.b.f.s.DefaultListableBeanFactory     : Returning cached instance of singleton bean 'autoConfigurationReport'
2024-09-10T20:48:07.910+09:00 TRACE 86442 --- [learn-spring-boot] [           main] o.s.b.f.s.DefaultListableBeanFactory     : Returning cached instance of singleton bean 'autoConfigurationReport'
2024-09-10T20:48:07.910+09:00 TRACE 86442 --- [learn-spring-boot] [           main] o.s.b.f.s.DefaultListableBeanFactory     : Returning cached instance of singleton bean 'autoConfigurationReport'
2024-09-10T20:48:07.910+09:00 TRACE 86442 --- [learn-spring-boot] [           main] o.s.b.f.s.DefaultListableBeanFactory     : Returning cached instance of singleton bean 'autoConfigurationReport'
2024-09-10T20:48:07.910+09:00 TRACE 86442 --- [learn-spring-boot] [           main] o.s.b.f.s.DefaultListableBeanFactory     : Returning cached instance of singleton bean 'autoConfigurationReport'
2024-09-10T20:48:07.910+09:00 TRACE 86442 --- [learn-spring-boot] [           main] o.s.b.f.s.DefaultListableBeanFactory     : Returning cached instance of singleton bean 'autoConfigurationReport'
2024-09-10T20:48:07.912+09:00 TRACE 86442 --- [learn-spring-boot] [           main] o.s.b.a.condition.OnPropertyCondition    : Condition OnPropertyCondition on org.springframework.boot.actuate.autoconfigure.audit.AuditAutoConfiguration matched due to @ConditionalOnProperty (management.auditevents.enabled) matched
2024-09-10T20:48:07.912+09:00 TRACE 86442 --- [learn-spring-boot] [           main] o.s.b.f.s.DefaultListableBeanFactory     : Returning cached instance of singleton bean 'autoConfigurationReport'
2024-09-10T20:48:07.912+09:00 TRACE 86442 --- [learn-spring-boot] [           main] o.s.b.f.s.DefaultListableBeanFactory     : Returning cached instance of singleton bean 'autoConfigurationReport'
2024-09-10T20:48:07.912+09:00 TRACE 86442 --- [learn-spring-boot] [           main] o.s.b.f.s.DefaultListableBeanFactory     : Returning cached instance of singleton bean 'autoConfigurationReport'
2024-09-10T20:48:07.912+09:00 TRACE 86442 --- [learn-spring-boot] [           main] o.s.b.f.s.DefaultListableBeanFactory     : Returning cached instance of singleton bean 'autoConfigurationReport'
2024-09-10T20:48:07.912+09:00 TRACE 86442 --- [learn-spring-boot] [           main] o.s.b.f.s.DefaultListableBeanFactory     : Returning cached instance of singleton bean 'autoConfigurationReport'
2024-09-10T20:48:07.912+09:00 TRACE 86442 --- [learn-spring-boot] [           main] o.s.b.f.s.DefaultListableBeanFactory     : Returning cached instance of singleton bean 'autoConfigurationReport'
2024-09-10T20:48:07.912+09:00 TRACE 86442 --- [learn-spring-boot] [           main] o.s.b.f.s.DefaultListableBeanFactory     : Returning cached instance of singleton bean 'autoConfigurationReport'
2024-09-10T20:48:07.912+09:00 TRACE 86442 --- [learn-spring-boot] [           main] o.s.b.f.s.DefaultListableBeanFactory     : Returning cached instance of singleton bean 'autoConfigurationReport'
2024-09-10T20:48:07.912+09:00 TRACE 86442 --- [learn-spring-boot] [           main] o.s.b.f.s.DefaultListableBeanFactory     : Returning cached instance of singleton bean 'autoConfigurationReport'
2024-09-10T20:48:07.912+09:00 TRACE 86442 --- [learn-spring-boot] [           main] o.s.b.f.s.DefaultListableBeanFactory     : Returning cached instance of singleton bean 'autoConfigurationReport'
2024-09-10T20:48:07.921+09:00 TRACE 86442 --- [learn-spring-boot] [           main] o.s.c.io.support.SpringFactoriesLoader   : Loaded [org.springframework.boot.actuate.autoconfigure.endpoint.condition.EndpointExposureOutcomeContributor] names: [org.springframework.boot.actuate.autoconfigure.cloudfoundry.CloudFoundryEndpointExposureOutcomeContributor]
2024-09-10T20:48:07.921+09:00 TRACE 86442 --- [learn-spring-boot] [           main] s.b.a.a.e.c.OnAvailableEndpointCondition : Condition OnAvailableEndpointCondition on org.springframework.boot.actuate.autoconfigure.audit.AuditEventsEndpointAutoConfiguration did not match due to @ConditionalOnAvailableEndpoint not enabled or exposed
2024-09-10T20:48:07.921+09:00 TRACE 86442 --- [learn-spring-boot] [           main] o.s.b.f.s.DefaultListableBeanFactory     : Returning cached instance of singleton bean 'autoConfigurationReport'
2024-09-10T20:48:07.921+09:00 TRACE 86442 --- [learn-spring-boot] [           main] o.s.b.f.s.DefaultListableBeanFactory     : Returning cached instance of singleton bean 'autoConfigurationReport'
2024-09-10T20:48:07.921+09:00 TRACE 86442 --- [learn-spring-boot] [           main] o.s.b.f.s.DefaultListableBeanFactory     : Returning cached instance of singleton bean 'autoConfigurationReport'
2024-09-10T20:48:07.921+09:00 TRACE 86442 --- [learn-spring-boot] [           main] o.s.b.f.s.DefaultListableBeanFactory     : Returning cached instance of singleton bean 'autoConfigurationReport'
2024-09-10T20:48:07.922+09:00 TRACE 86442 --- [learn-spring-boot] [           main] o.s.b.f.s.DefaultListableBeanFactory     : Returning cached instance of singleton bean 'autoConfigurationReport'
2024-09-10T20:48:07.922+09:00 TRACE 86442 --- [learn-spring-boot] [           main] o.s.b.f.s.DefaultListableBeanFactory     : Returning cached instance of singleton bean 'autoConfigurationReport'
2024-09-10T20:48:07.922+09:00 TRACE 86442 --- [learn-spring-boot] [           main] o.s.b.f.s.DefaultListableBeanFactory     : Returning cached instance of singleton bean 'autoConfigurationReport'
2024-09-10T20:48:07.922+09:00 TRACE 86442 --- [learn-spring-boot] [           main] o.s.b.f.s.DefaultListableBeanFactory     : Returning cached instance of singleton bean 'autoConfigurationReport'
2024-09-10T20:48:07.922+09:00 TRACE 86442 --- [learn-spring-boot] [           main] o.s.b.f.s.DefaultListableBeanFactory     : Returning cached instance of singleton bean 'autoConfigurationReport'
2024-09-10T20:48:07.922+09:00 TRACE 86442 --- [learn-spring-boot] [           main] o.s.b.f.s.DefaultListableBeanFactory     : Returning cached instance of singleton bean 'autoConfigurationReport'
2024-09-10T20:48:07.922+09:00 TRACE 86442 --- [learn-spring-boot] [           main] o.s.b.f.s.DefaultListableBeanFactory     : Returning cached instance of singleton bean 'autoConfigurationReport'
2024-09-10T20:48:07.922+09:00 TRACE 86442 --- [learn-spring-boot] [           main] o.s.b.f.s.DefaultListableBeanFactory     : Returning cached instance of singleton bean 'autoConfigurationReport'
2024-09-10T20:48:07.922+09:00 TRACE 86442 --- [learn-spring-boot] [           main] o.s.b.f.s.DefaultListableBeanFactory     : Returning cached instance of singleton bean 'autoConfigurationReport'
2024-09-10T20:48:07.922+09:00 TRACE 86442 --- [learn-spring-boot] [           main] o.s.b.f.s.DefaultListableBeanFactory     : Returning cached instance of singleton bean 'autoConfigurationReport'
2024-09-10T20:48:07.922+09:00 TRACE 86442 --- [learn-spring-boot] [           main] o.s.b.f.s.DefaultListableBeanFactory     : Returning cached instance of singleton bean 'autoConfigurationReport'
2024-09-10T20:48:07.922+09:00 TRACE 86442 --- [learn-spring-boot] [           main] o.s.b.f.s.DefaultListableBeanFactory     : Returning cached instance of singleton bean 'autoConfigurationReport'
2024-09-10T20:48:07.923+09:00 TRACE 86442 --- [learn-spring-boot] [           main] o.s.b.f.s.DefaultListableBeanFactory     : Returning cached instance of singleton bean 'autoConfigurationReport'
2024-09-10T20:48:07.923+09:00 TRACE 86442 --- [learn-spring-boot] [           main] o.s.b.f.s.DefaultListableBeanFactory     : Returning cached instance of singleton bean 'autoConfigurationReport'
2024-09-10T20:48:07.923+09:00 TRACE 86442 --- [learn-spring-boot] [           main] o.s.b.f.s.DefaultListableBeanFactory     : Returning cached instance of singleton bean 'autoConfigurationReport'
2024-09-10T20:48:07.923+09:00 TRACE 86442 --- [learn-spring-boot] [           main] o.s.b.f.s.DefaultListableBeanFactory     : Returning cached instance of singleton bean 'autoConfigurationReport'
2024-09-10T20:48:07.923+09:00 TRACE 86442 --- [learn-spring-boot] [           main] o.s.b.f.s.DefaultListableBeanFactory     : Returning cached instance of singleton bean 'autoConfigurationReport'
2024-09-10T20:48:07.923+09:00 TRACE 86442 --- [learn-spring-boot] [           main] o.s.b.f.s.DefaultListableBeanFactory     : Returning cached instance of singleton bean 'autoConfigurationReport'
2024-09-10T20:48:07.923+09:00 TRACE 86442 --- [learn-spring-boot] [           main] o.s.b.f.s.DefaultListableBeanFactory     : Returning cached instance of singleton bean 'autoConfigurationReport'
2024-09-10T20:48:07.923+09:00 TRACE 86442 --- [learn-spring-boot] [           main] o.s.b.f.s.DefaultListableBeanFactory     : Returning cached instance of singleton bean 'autoConfigurationReport'
2024-09-10T20:48:07.923+09:00 TRACE 86442 --- [learn-spring-boot] [           main] o.s.b.f.s.DefaultListableBeanFactory     : Returning cached instance of singleton bean 'autoConfigurationReport'
2024-09-10T20:48:07.925+09:00 TRACE 86442 --- [learn-spring-boot] [           main] yProbesAutoConfiguration$ProbesCondition : Condition AvailabilityProbesAutoConfiguration.ProbesCondition on org.springframework.boot.actuate.autoconfigure.availability.AvailabilityProbesAutoConfiguration did not match due to Probes availability not running on a supported cloud platform
2024-09-10T20:48:07.925+09:00 TRACE 86442 --- [learn-spring-boot] [           main] o.s.b.f.s.DefaultListableBeanFactory     : Returning cached instance of singleton bean 'autoConfigurationReport'
2024-09-10T20:48:07.925+09:00 TRACE 86442 --- [learn-spring-boot] [           main] o.s.b.f.s.DefaultListableBeanFactory     : Returning cached instance of singleton bean 'autoConfigurationReport'
2024-09-10T20:48:07.925+09:00 TRACE 86442 --- [learn-spring-boot] [           main] o.s.b.f.s.DefaultListableBeanFactory     : Returning cached instance of singleton bean 'autoConfigurationReport'
2024-09-10T20:48:07.925+09:00 TRACE 86442 --- [learn-spring-boot] [           main] o.s.b.f.s.DefaultListableBeanFactory     : Returning cached instance of singleton bean 'autoConfigurationReport'
2024-09-10T20:48:07.925+09:00 TRACE 86442 --- [learn-spring-boot] [           main] o.s.b.f.s.DefaultListableBeanFactory     : Returning cached instance of singleton bean 'autoConfigurationReport'
2024-09-10T20:48:07.925+09:00 TRACE 86442 --- [learn-spring-boot] [           main] o.s.b.f.s.DefaultListableBeanFactory     : Returning cached instance of singleton bean 'autoConfigurationReport'
2024-09-10T20:48:07.925+09:00 TRACE 86442 --- [learn-spring-boot] [           main] o.s.b.f.s.DefaultListableBeanFactory     : Returning cached instance of singleton bean 'autoConfigurationReport'
2024-09-10T20:48:07.926+09:00 TRACE 86442 --- [learn-spring-boot] [           main] s.b.a.a.e.c.OnAvailableEndpointCondition : Condition OnAvailableEndpointCondition on org.springframework.boot.actuate.autoconfigure.beans.BeansEndpointAutoConfiguration did not match due to @ConditionalOnAvailableEndpoint not enabled or exposed
2024-09-10T20:48:07.926+09:00 TRACE 86442 --- [learn-spring-boot] [           main] o.s.b.f.s.DefaultListableBeanFactory     : Returning cached instance of singleton bean 'autoConfigurationReport'
2024-09-10T20:48:07.926+09:00 TRACE 86442 --- [learn-spring-boot] [           main] o.s.b.f.s.DefaultListableBeanFactory     : Returning cached instance of singleton bean 'autoConfigurationReport'
2024-09-10T20:48:07.926+09:00 TRACE 86442 --- [learn-spring-boot] [           main] o.s.b.f.s.DefaultListableBeanFactory     : Returning cached instance of singleton bean 'autoConfigurationReport'
2024-09-10T20:48:07.926+09:00 TRACE 86442 --- [learn-spring-boot] [           main] o.s.b.f.s.DefaultListableBeanFactory     : Returning cached instance of singleton bean 'autoConfigurationReport'
2024-09-10T20:48:07.926+09:00 TRACE 86442 --- [learn-spring-boot] [           main] o.s.b.f.s.DefaultListableBeanFactory     : Returning cached instance of singleton bean 'autoConfigurationReport'
2024-09-10T20:48:07.926+09:00 TRACE 86442 --- [learn-spring-boot] [           main] o.s.b.f.s.DefaultListableBeanFactory     : Returning cached instance of singleton bean 'autoConfigurationReport'
2024-09-10T20:48:07.926+09:00 TRACE 86442 --- [learn-spring-boot] [           main] o.s.b.f.s.DefaultListableBeanFactory     : Returning cached instance of singleton bean 'autoConfigurationReport'
2024-09-10T20:48:07.927+09:00 TRACE 86442 --- [learn-spring-boot] [           main] o.s.b.a.condition.OnClassCondition       : Condition OnClassCondition on org.springframework.boot.autoconfigure.jackson.JacksonAutoConfiguration matched due to @ConditionalOnClass found required class 'com.fasterxml.jackson.databind.ObjectMapper'
2024-09-10T20:48:07.927+09:00 TRACE 86442 --- [learn-spring-boot] [           main] o.s.b.f.s.DefaultListableBeanFactory     : Returning cached instance of singleton bean 'autoConfigurationReport'
2024-09-10T20:48:07.927+09:00 TRACE 86442 --- [learn-spring-boot] [           main] o.s.b.f.s.DefaultListableBeanFactory     : Returning cached instance of singleton bean 'autoConfigurationReport'
2024-09-10T20:48:07.927+09:00 TRACE 86442 --- [learn-spring-boot] [           main] o.s.b.f.s.DefaultListableBeanFactory     : Returning cached instance of singleton bean 'autoConfigurationReport'
2024-09-10T20:48:07.927+09:00 TRACE 86442 --- [learn-spring-boot] [           main] o.s.b.f.s.DefaultListableBeanFactory     : Returning cached instance of singleton bean 'autoConfigurationReport'
2024-09-10T20:48:07.929+09:00 TRACE 86442 --- [learn-spring-boot] [           main] o.s.b.a.condition.OnClassCondition       : Condition OnClassCondition on org.springframework.boot.autoconfigure.jackson.JacksonAutoConfiguration$Jackson2ObjectMapperBuilderCustomizerConfiguration matched due to @ConditionalOnClass found required class 'org.springframework.http.converter.json.Jackson2ObjectMapperBuilder'
2024-09-10T20:48:07.929+09:00 TRACE 86442 --- [learn-spring-boot] [           main] o.s.b.f.s.DefaultListableBeanFactory     : Returning cached instance of singleton bean 'autoConfigurationReport'
2024-09-10T20:48:07.929+09:00 TRACE 86442 --- [learn-spring-boot] [           main] o.s.b.f.s.DefaultListableBeanFactory     : Returning cached instance of singleton bean 'autoConfigurationReport'
2024-09-10T20:48:07.929+09:00 TRACE 86442 --- [learn-spring-boot] [           main] o.s.b.f.s.DefaultListableBeanFactory     : Returning cached instance of singleton bean 'autoConfigurationReport'
2024-09-10T20:48:07.929+09:00 TRACE 86442 --- [learn-spring-boot] [           main] o.s.b.f.s.DefaultListableBeanFactory     : Returning cached instance of singleton bean 'autoConfigurationReport'
2024-09-10T20:48:07.930+09:00 TRACE 86442 --- [learn-spring-boot] [           main] o.s.b.a.condition.OnClassCondition       : Condition OnClassCondition on org.springframework.boot.autoconfigure.jackson.JacksonAutoConfiguration$JacksonObjectMapperBuilderConfiguration matched due to @ConditionalOnClass found required class 'org.springframework.http.converter.json.Jackson2ObjectMapperBuilder'
2024-09-10T20:48:07.930+09:00 TRACE 86442 --- [learn-spring-boot] [           main] o.s.b.f.s.DefaultListableBeanFactory     : Returning cached instance of singleton bean 'autoConfigurationReport'
2024-09-10T20:48:07.930+09:00 TRACE 86442 --- [learn-spring-boot] [           main] o.s.b.f.s.DefaultListableBeanFactory     : Returning cached instance of singleton bean 'autoConfigurationReport'
2024-09-10T20:48:07.930+09:00 TRACE 86442 --- [learn-spring-boot] [           main] o.s.b.f.s.DefaultListableBeanFactory     : Returning cached instance of singleton bean 'autoConfigurationReport'
2024-09-10T20:48:07.930+09:00 TRACE 86442 --- [learn-spring-boot] [           main] o.s.b.f.s.DefaultListableBeanFactory     : Returning cached instance of singleton bean 'autoConfigurationReport'
2024-09-10T20:48:07.930+09:00 TRACE 86442 --- [learn-spring-boot] [           main] o.s.b.a.condition.OnClassCondition       : Condition OnClassCondition on org.springframework.boot.autoconfigure.jackson.JacksonAutoConfiguration$ParameterNamesModuleConfiguration matched due to @ConditionalOnClass found required class 'com.fasterxml.jackson.module.paramnames.ParameterNamesModule'
2024-09-10T20:48:07.930+09:00 TRACE 86442 --- [learn-spring-boot] [           main] o.s.b.f.s.DefaultListableBeanFactory     : Returning cached instance of singleton bean 'autoConfigurationReport'
2024-09-10T20:48:07.930+09:00 TRACE 86442 --- [learn-spring-boot] [           main] o.s.b.f.s.DefaultListableBeanFactory     : Returning cached instance of singleton bean 'autoConfigurationReport'
2024-09-10T20:48:07.930+09:00 TRACE 86442 --- [learn-spring-boot] [           main] o.s.b.f.s.DefaultListableBeanFactory     : Returning cached instance of singleton bean 'autoConfigurationReport'
2024-09-10T20:48:07.930+09:00 TRACE 86442 --- [learn-spring-boot] [           main] o.s.b.f.s.DefaultListableBeanFactory     : Returning cached instance of singleton bean 'autoConfigurationReport'
2024-09-10T20:48:07.931+09:00 TRACE 86442 --- [learn-spring-boot] [           main] o.s.b.a.condition.OnClassCondition       : Condition OnClassCondition on org.springframework.boot.autoconfigure.jackson.JacksonAutoConfiguration$JacksonObjectMapperConfiguration matched due to @ConditionalOnClass found required class 'org.springframework.http.converter.json.Jackson2ObjectMapperBuilder'
2024-09-10T20:48:07.931+09:00 TRACE 86442 --- [learn-spring-boot] [           main] o.s.b.f.s.DefaultListableBeanFactory     : Returning cached instance of singleton bean 'autoConfigurationReport'
2024-09-10T20:48:07.931+09:00 TRACE 86442 --- [learn-spring-boot] [           main] o.s.b.f.s.DefaultListableBeanFactory     : Returning cached instance of singleton bean 'autoConfigurationReport'
2024-09-10T20:48:07.931+09:00 TRACE 86442 --- [learn-spring-boot] [           main] o.s.b.f.s.DefaultListableBeanFactory     : Returning cached instance of singleton bean 'autoConfigurationReport'
2024-09-10T20:48:07.931+09:00 TRACE 86442 --- [learn-spring-boot] [           main] o.s.b.f.s.DefaultListableBeanFactory     : Returning cached instance of singleton bean 'autoConfigurationReport'
2024-09-10T20:48:07.931+09:00 TRACE 86442 --- [learn-spring-boot] [           main] o.s.b.f.s.DefaultListableBeanFactory     : Returning cached instance of singleton bean 'autoConfigurationReport'
2024-09-10T20:48:07.931+09:00 TRACE 86442 --- [learn-spring-boot] [           main] o.s.b.f.s.DefaultListableBeanFactory     : Returning cached instance of singleton bean 'autoConfigurationReport'
2024-09-10T20:48:07.931+09:00 TRACE 86442 --- [learn-spring-boot] [           main] o.s.b.f.s.DefaultListableBeanFactory     : Returning cached instance of singleton bean 'autoConfigurationReport'
2024-09-10T20:48:07.931+09:00 TRACE 86442 --- [learn-spring-boot] [           main] o.s.b.f.s.DefaultListableBeanFactory     : Returning cached instance of singleton bean 'autoConfigurationReport'
2024-09-10T20:48:07.931+09:00 TRACE 86442 --- [learn-spring-boot] [           main] o.s.b.f.s.DefaultListableBeanFactory     : Returning cached instance of singleton bean 'autoConfigurationReport'
2024-09-10T20:48:07.931+09:00 TRACE 86442 --- [learn-spring-boot] [           main] o.s.b.f.s.DefaultListableBeanFactory     : Returning cached instance of singleton bean 'autoConfigurationReport'
2024-09-10T20:48:07.931+09:00 TRACE 86442 --- [learn-spring-boot] [           main] o.s.b.f.s.DefaultListableBeanFactory     : Returning cached instance of singleton bean 'autoConfigurationReport'
2024-09-10T20:48:07.931+09:00 TRACE 86442 --- [learn-spring-boot] [           main] o.s.b.f.s.DefaultListableBeanFactory     : Returning cached instance of singleton bean 'autoConfigurationReport'
2024-09-10T20:48:07.931+09:00 TRACE 86442 --- [learn-spring-boot] [           main] o.s.b.f.s.DefaultListableBeanFactory     : Returning cached instance of singleton bean 'autoConfigurationReport'
2024-09-10T20:48:07.932+09:00 TRACE 86442 --- [learn-spring-boot] [           main] o.s.b.a.condition.OnClassCondition       : Condition OnClassCondition on org.springframework.boot.autoconfigure.cache.CacheAutoConfiguration matched due to @ConditionalOnClass found required class 'org.springframework.cache.CacheManager'
2024-09-10T20:48:07.932+09:00 TRACE 86442 --- [learn-spring-boot] [           main] o.s.b.f.s.DefaultListableBeanFactory     : Returning cached instance of singleton bean 'autoConfigurationReport'
2024-09-10T20:48:07.932+09:00 TRACE 86442 --- [learn-spring-boot] [           main] o.s.b.f.s.DefaultListableBeanFactory     : Returning cached instance of singleton bean 'autoConfigurationReport'
2024-09-10T20:48:07.932+09:00 TRACE 86442 --- [learn-spring-boot] [           main] o.s.b.f.s.DefaultListableBeanFactory     : Returning cached instance of singleton bean 'autoConfigurationReport'
2024-09-10T20:48:07.932+09:00 TRACE 86442 --- [learn-spring-boot] [           main] o.s.b.f.s.DefaultListableBeanFactory     : Returning cached instance of singleton bean 'autoConfigurationReport'
2024-09-10T20:48:07.935+09:00 TRACE 86442 --- [learn-spring-boot] [           main] o.s.b.f.s.DefaultListableBeanFactory     : Returning cached instance of singleton bean 'autoConfigurationReport'
2024-09-10T20:48:07.935+09:00 TRACE 86442 --- [learn-spring-boot] [           main] o.s.b.f.s.DefaultListableBeanFactory     : Returning cached instance of singleton bean 'autoConfigurationReport'
2024-09-10T20:48:07.935+09:00 TRACE 86442 --- [learn-spring-boot] [           main] o.s.b.f.s.DefaultListableBeanFactory     : Returning cached instance of singleton bean 'autoConfigurationReport'
2024-09-10T20:48:07.936+09:00 TRACE 86442 --- [learn-spring-boot] [           main] o.s.b.f.s.DefaultListableBeanFactory     : Returning cached instance of singleton bean 'autoConfigurationReport'
2024-09-10T20:48:07.936+09:00 TRACE 86442 --- [learn-spring-boot] [           main] o.s.b.a.condition.OnClassCondition       : Condition OnClassCondition on org.springframework.boot.autoconfigure.cache.JCacheCacheConfiguration did not match due to @ConditionalOnClass did not find required class 'javax.cache.Caching'
2024-09-10T20:48:07.936+09:00 TRACE 86442 --- [learn-spring-boot] [           main] o.s.b.f.s.DefaultListableBeanFactory     : Returning cached instance of singleton bean 'autoConfigurationReport'
2024-09-10T20:48:07.936+09:00 TRACE 86442 --- [learn-spring-boot] [           main] o.s.b.f.s.DefaultListableBeanFactory     : Returning cached instance of singleton bean 'autoConfigurationReport'
2024-09-10T20:48:07.936+09:00 TRACE 86442 --- [learn-spring-boot] [           main] o.s.b.a.AutoConfigurationImportSelector  : Filtered 1 auto configuration class in 0 ms
2024-09-10T20:48:07.936+09:00 TRACE 86442 --- [learn-spring-boot] [           main] o.s.b.f.s.DefaultListableBeanFactory     : Returning cached instance of singleton bean 'autoConfigurationReport'
2024-09-10T20:48:07.936+09:00 TRACE 86442 --- [learn-spring-boot] [           main] o.s.b.a.condition.OnClassCondition       : Condition OnClassCondition on org.springframework.boot.autoconfigure.cache.HazelcastCacheConfiguration did not match due to @ConditionalOnClass did not find required class 'com.hazelcast.core.HazelcastInstance'
2024-09-10T20:48:07.936+09:00 TRACE 86442 --- [learn-spring-boot] [           main] o.s.b.f.s.DefaultListableBeanFactory     : Returning cached instance of singleton bean 'autoConfigurationReport'
2024-09-10T20:48:07.936+09:00 TRACE 86442 --- [learn-spring-boot] [           main] o.s.b.f.s.DefaultListableBeanFactory     : Returning cached instance of singleton bean 'autoConfigurationReport'
2024-09-10T20:48:07.936+09:00 TRACE 86442 --- [learn-spring-boot] [           main] o.s.b.a.AutoConfigurationImportSelector  : Filtered 1 auto configuration class in 0 ms
2024-09-10T20:48:07.936+09:00 TRACE 86442 --- [learn-spring-boot] [           main] o.s.b.f.s.DefaultListableBeanFactory     : Returning cached instance of singleton bean 'autoConfigurationReport'
2024-09-10T20:48:07.936+09:00 TRACE 86442 --- [learn-spring-boot] [           main] o.s.b.a.condition.OnClassCondition       : Condition OnClassCondition on org.springframework.boot.autoconfigure.cache.CouchbaseCacheConfiguration did not match due to @ConditionalOnClass did not find required class 'com.couchbase.client.java.Cluster'
2024-09-10T20:48:07.937+09:00 TRACE 86442 --- [learn-spring-boot] [           main] o.s.b.f.s.DefaultListableBeanFactory     : Returning cached instance of singleton bean 'autoConfigurationReport'
2024-09-10T20:48:07.937+09:00 TRACE 86442 --- [learn-spring-boot] [           main] o.s.b.f.s.DefaultListableBeanFactory     : Returning cached instance of singleton bean 'autoConfigurationReport'
2024-09-10T20:48:07.937+09:00 TRACE 86442 --- [learn-spring-boot] [           main] o.s.b.a.AutoConfigurationImportSelector  : Filtered 1 auto configuration class in 0 ms
2024-09-10T20:48:07.937+09:00 TRACE 86442 --- [learn-spring-boot] [           main] o.s.b.f.s.DefaultListableBeanFactory     : Returning cached instance of singleton bean 'autoConfigurationReport'
2024-09-10T20:48:07.937+09:00 TRACE 86442 --- [learn-spring-boot] [           main] o.s.b.a.condition.OnClassCondition       : Condition OnClassCondition on org.springframework.boot.autoconfigure.cache.InfinispanCacheConfiguration did not match due to @ConditionalOnClass did not find required class 'org.infinispan.spring.embedded.provider.SpringEmbeddedCacheManager'
2024-09-10T20:48:07.937+09:00 TRACE 86442 --- [learn-spring-boot] [           main] o.s.b.f.s.DefaultListableBeanFactory     : Returning cached instance of singleton bean 'autoConfigurationReport'
2024-09-10T20:48:07.937+09:00 TRACE 86442 --- [learn-spring-boot] [           main] o.s.b.f.s.DefaultListableBeanFactory     : Returning cached instance of singleton bean 'autoConfigurationReport'
2024-09-10T20:48:07.937+09:00 TRACE 86442 --- [learn-spring-boot] [           main] o.s.b.a.AutoConfigurationImportSelector  : Filtered 1 auto configuration class in 0 ms
2024-09-10T20:48:07.937+09:00 TRACE 86442 --- [learn-spring-boot] [           main] o.s.b.f.s.DefaultListableBeanFactory     : Returning cached instance of singleton bean 'autoConfigurationReport'
2024-09-10T20:48:07.937+09:00 TRACE 86442 --- [learn-spring-boot] [           main] o.s.b.a.condition.OnClassCondition       : Condition OnClassCondition on org.springframework.boot.autoconfigure.cache.RedisCacheConfiguration did not match due to @ConditionalOnClass did not find required class 'org.springframework.data.redis.connection.RedisConnectionFactory'
2024-09-10T20:48:07.937+09:00 TRACE 86442 --- [learn-spring-boot] [           main] o.s.b.f.s.DefaultListableBeanFactory     : Returning cached instance of singleton bean 'autoConfigurationReport'
2024-09-10T20:48:07.937+09:00 TRACE 86442 --- [learn-spring-boot] [           main] o.s.b.f.s.DefaultListableBeanFactory     : Returning cached instance of singleton bean 'autoConfigurationReport'
2024-09-10T20:48:07.937+09:00 TRACE 86442 --- [learn-spring-boot] [           main] o.s.b.a.AutoConfigurationImportSelector  : Filtered 1 auto configuration class in 0 ms
2024-09-10T20:48:07.937+09:00 TRACE 86442 --- [learn-spring-boot] [           main] o.s.b.f.s.DefaultListableBeanFactory     : Returning cached instance of singleton bean 'autoConfigurationReport'
2024-09-10T20:48:07.937+09:00 TRACE 86442 --- [learn-spring-boot] [           main] o.s.b.a.condition.OnClassCondition       : Condition OnClassCondition on org.springframework.boot.autoconfigure.cache.Cache2kCacheConfiguration did not match due to @ConditionalOnClass did not find required class 'org.cache2k.Cache2kBuilder'
2024-09-10T20:48:07.937+09:00 TRACE 86442 --- [learn-spring-boot] [           main] o.s.b.f.s.DefaultListableBeanFactory     : Returning cached instance of singleton bean 'autoConfigurationReport'
2024-09-10T20:48:07.937+09:00 TRACE 86442 --- [learn-spring-boot] [           main] o.s.b.f.s.DefaultListableBeanFactory     : Returning cached instance of singleton bean 'autoConfigurationReport'
2024-09-10T20:48:07.937+09:00 TRACE 86442 --- [learn-spring-boot] [           main] o.s.b.a.AutoConfigurationImportSelector  : Filtered 1 auto configuration class in 0 ms
2024-09-10T20:48:07.937+09:00 TRACE 86442 --- [learn-spring-boot] [           main] o.s.b.f.s.DefaultListableBeanFactory     : Returning cached instance of singleton bean 'autoConfigurationReport'
2024-09-10T20:48:07.937+09:00 TRACE 86442 --- [learn-spring-boot] [           main] o.s.b.a.condition.OnClassCondition       : Condition OnClassCondition on org.springframework.boot.autoconfigure.cache.CaffeineCacheConfiguration did not match due to @ConditionalOnClass did not find required class 'com.github.benmanes.caffeine.cache.Caffeine'
2024-09-10T20:48:07.937+09:00 TRACE 86442 --- [learn-spring-boot] [           main] o.s.b.f.s.DefaultListableBeanFactory     : Returning cached instance of singleton bean 'autoConfigurationReport'
2024-09-10T20:48:07.937+09:00 TRACE 86442 --- [learn-spring-boot] [           main] o.s.b.f.s.DefaultListableBeanFactory     : Returning cached instance of singleton bean 'autoConfigurationReport'
2024-09-10T20:48:07.937+09:00 TRACE 86442 --- [learn-spring-boot] [           main] o.s.b.a.AutoConfigurationImportSelector  : Filtered 1 auto configuration class in 0 ms
2024-09-10T20:48:07.937+09:00 TRACE 86442 --- [learn-spring-boot] [           main] o.s.b.f.s.DefaultListableBeanFactory     : Returning cached instance of singleton bean 'autoConfigurationReport'
2024-09-10T20:48:07.937+09:00 TRACE 86442 --- [learn-spring-boot] [           main] o.s.b.f.s.DefaultListableBeanFactory     : Returning cached instance of singleton bean 'autoConfigurationReport'
2024-09-10T20:48:07.937+09:00 TRACE 86442 --- [learn-spring-boot] [           main] o.s.b.f.s.DefaultListableBeanFactory     : Returning cached instance of singleton bean 'autoConfigurationReport'
2024-09-10T20:48:07.938+09:00 TRACE 86442 --- [learn-spring-boot] [           main] o.s.b.f.s.DefaultListableBeanFactory     : Returning cached instance of singleton bean 'autoConfigurationReport'
2024-09-10T20:48:07.938+09:00 TRACE 86442 --- [learn-spring-boot] [           main] o.s.b.f.s.DefaultListableBeanFactory     : Returning cached instance of singleton bean 'autoConfigurationReport'
2024-09-10T20:48:07.938+09:00 TRACE 86442 --- [learn-spring-boot] [           main] o.s.b.f.s.DefaultListableBeanFactory     : Returning cached instance of singleton bean 'autoConfigurationReport'
2024-09-10T20:48:07.939+09:00 TRACE 86442 --- [learn-spring-boot] [           main] o.s.b.a.cache.CacheCondition             : Condition CacheCondition on org.springframework.boot.autoconfigure.cache.GenericCacheConfiguration matched due to Cache org.springframework.boot.autoconfigure.cache.GenericCacheConfiguration automatic cache type
2024-09-10T20:48:07.939+09:00 TRACE 86442 --- [learn-spring-boot] [           main] o.s.b.f.s.DefaultListableBeanFactory     : Returning cached instance of singleton bean 'autoConfigurationReport'
2024-09-10T20:48:07.939+09:00 TRACE 86442 --- [learn-spring-boot] [           main] o.s.b.f.s.DefaultListableBeanFactory     : Returning cached instance of singleton bean 'autoConfigurationReport'
2024-09-10T20:48:07.939+09:00 TRACE 86442 --- [learn-spring-boot] [           main] o.s.b.f.s.DefaultListableBeanFactory     : Returning cached instance of singleton bean 'autoConfigurationReport'
2024-09-10T20:48:07.939+09:00 TRACE 86442 --- [learn-spring-boot] [           main] o.s.b.f.s.DefaultListableBeanFactory     : Returning cached instance of singleton bean 'autoConfigurationReport'
2024-09-10T20:48:07.939+09:00 TRACE 86442 --- [learn-spring-boot] [           main] o.s.b.a.cache.CacheCondition             : Condition CacheCondition on org.springframework.boot.autoconfigure.cache.SimpleCacheConfiguration matched due to Cache org.springframework.boot.autoconfigure.cache.SimpleCacheConfiguration automatic cache type
2024-09-10T20:48:07.939+09:00 TRACE 86442 --- [learn-spring-boot] [           main] o.s.b.f.s.DefaultListableBeanFactory     : Returning cached instance of singleton bean 'autoConfigurationReport'
2024-09-10T20:48:07.939+09:00 TRACE 86442 --- [learn-spring-boot] [           main] o.s.b.f.s.DefaultListableBeanFactory     : Returning cached instance of singleton bean 'autoConfigurationReport'
2024-09-10T20:48:07.939+09:00 TRACE 86442 --- [learn-spring-boot] [           main] o.s.b.f.s.DefaultListableBeanFactory     : Returning cached instance of singleton bean 'autoConfigurationReport'
2024-09-10T20:48:07.939+09:00 TRACE 86442 --- [learn-spring-boot] [           main] o.s.b.f.s.DefaultListableBeanFactory     : Returning cached instance of singleton bean 'autoConfigurationReport'
2024-09-10T20:48:07.940+09:00 TRACE 86442 --- [learn-spring-boot] [           main] o.s.b.a.cache.CacheCondition             : Condition CacheCondition on org.springframework.boot.autoconfigure.cache.NoOpCacheConfiguration matched due to Cache org.springframework.boot.autoconfigure.cache.NoOpCacheConfiguration automatic cache type
2024-09-10T20:48:07.940+09:00 TRACE 86442 --- [learn-spring-boot] [           main] o.s.b.f.s.DefaultListableBeanFactory     : Returning cached instance of singleton bean 'autoConfigurationReport'
2024-09-10T20:48:07.940+09:00 TRACE 86442 --- [learn-spring-boot] [           main] o.s.b.f.s.DefaultListableBeanFactory     : Returning cached instance of singleton bean 'autoConfigurationReport'
2024-09-10T20:48:07.940+09:00 TRACE 86442 --- [learn-spring-boot] [           main] o.s.b.f.s.DefaultListableBeanFactory     : Returning cached instance of singleton bean 'autoConfigurationReport'
2024-09-10T20:48:07.940+09:00 TRACE 86442 --- [learn-spring-boot] [           main] o.s.b.f.s.DefaultListableBeanFactory     : Returning cached instance of singleton bean 'autoConfigurationReport'
2024-09-10T20:48:07.941+09:00 TRACE 86442 --- [learn-spring-boot] [           main] o.s.b.a.condition.OnClassCondition       : Condition OnClassCondition on org.springframework.boot.autoconfigure.cache.CacheAutoConfiguration$CacheManagerEntityManagerFactoryDependsOnPostProcessor did not match due to @ConditionalOnClass did not find required class 'org.springframework.orm.jpa.LocalContainerEntityManagerFactoryBean'
2024-09-10T20:48:07.941+09:00 TRACE 86442 --- [learn-spring-boot] [           main] o.s.b.f.s.DefaultListableBeanFactory     : Returning cached instance of singleton bean 'autoConfigurationReport'
2024-09-10T20:48:07.941+09:00 TRACE 86442 --- [learn-spring-boot] [           main] o.s.b.f.s.DefaultListableBeanFactory     : Returning cached instance of singleton bean 'autoConfigurationReport'
2024-09-10T20:48:07.941+09:00 TRACE 86442 --- [learn-spring-boot] [           main] o.s.b.f.s.DefaultListableBeanFactory     : Returning cached instance of singleton bean 'autoConfigurationReport'
2024-09-10T20:48:07.941+09:00 TRACE 86442 --- [learn-spring-boot] [           main] o.s.b.f.s.DefaultListableBeanFactory     : Returning cached instance of singleton bean 'autoConfigurationReport'
2024-09-10T20:48:07.941+09:00 TRACE 86442 --- [learn-spring-boot] [           main] o.s.b.f.s.DefaultListableBeanFactory     : Returning cached instance of singleton bean 'autoConfigurationReport'
2024-09-10T20:48:07.941+09:00 TRACE 86442 --- [learn-spring-boot] [           main] o.s.b.f.s.DefaultListableBeanFactory     : Returning cached instance of singleton bean 'autoConfigurationReport'
2024-09-10T20:48:07.941+09:00 TRACE 86442 --- [learn-spring-boot] [           main] o.s.b.f.s.DefaultListableBeanFactory     : Returning cached instance of singleton bean 'autoConfigurationReport'
2024-09-10T20:48:07.942+09:00 TRACE 86442 --- [learn-spring-boot] [           main] o.s.b.a.condition.OnClassCondition       : Condition OnClassCondition on org.springframework.boot.actuate.autoconfigure.cache.CachesEndpointAutoConfiguration matched due to @ConditionalOnClass found required class 'org.springframework.cache.CacheManager'
2024-09-10T20:48:07.942+09:00 TRACE 86442 --- [learn-spring-boot] [           main] o.s.b.f.s.DefaultListableBeanFactory     : Returning cached instance of singleton bean 'autoConfigurationReport'
2024-09-10T20:48:07.943+09:00 TRACE 86442 --- [learn-spring-boot] [           main] s.b.a.a.e.c.OnAvailableEndpointCondition : Condition OnAvailableEndpointCondition on org.springframework.boot.actuate.autoconfigure.cache.CachesEndpointAutoConfiguration did not match due to @ConditionalOnAvailableEndpoint not enabled or exposed
2024-09-10T20:48:07.943+09:00 TRACE 86442 --- [learn-spring-boot] [           main] o.s.b.f.s.DefaultListableBeanFactory     : Returning cached instance of singleton bean 'autoConfigurationReport'
2024-09-10T20:48:07.943+09:00 TRACE 86442 --- [learn-spring-boot] [           main] o.s.b.f.s.DefaultListableBeanFactory     : Returning cached instance of singleton bean 'autoConfigurationReport'
2024-09-10T20:48:07.943+09:00 TRACE 86442 --- [learn-spring-boot] [           main] o.s.b.f.s.DefaultListableBeanFactory     : Returning cached instance of singleton bean 'autoConfigurationReport'
2024-09-10T20:48:07.943+09:00 TRACE 86442 --- [learn-spring-boot] [           main] o.s.b.f.s.DefaultListableBeanFactory     : Returning cached instance of singleton bean 'autoConfigurationReport'
2024-09-10T20:48:07.943+09:00 TRACE 86442 --- [learn-spring-boot] [           main] o.s.b.f.s.DefaultListableBeanFactory     : Returning cached instance of singleton bean 'autoConfigurationReport'
2024-09-10T20:48:07.943+09:00 TRACE 86442 --- [learn-spring-boot] [           main] o.s.b.f.s.DefaultListableBeanFactory     : Returning cached instance of singleton bean 'autoConfigurationReport'
2024-09-10T20:48:07.943+09:00 TRACE 86442 --- [learn-spring-boot] [           main] o.s.b.f.s.DefaultListableBeanFactory     : Returning cached instance of singleton bean 'autoConfigurationReport'
2024-09-10T20:48:07.945+09:00 TRACE 86442 --- [learn-spring-boot] [           main] s.b.a.a.e.c.OnAvailableEndpointCondition : Condition OnAvailableEndpointCondition on org.springframework.boot.actuate.autoconfigure.health.HealthEndpointAutoConfiguration matched due to @ConditionalOnAvailableEndpoint marked as exposed by a 'management.endpoints.web.exposure' property
2024-09-10T20:48:07.945+09:00 TRACE 86442 --- [learn-spring-boot] [           main] o.s.b.f.s.DefaultListableBeanFactory     : Returning cached instance of singleton bean 'autoConfigurationReport'
2024-09-10T20:48:07.945+09:00 TRACE 86442 --- [learn-spring-boot] [           main] o.s.b.f.s.DefaultListableBeanFactory     : Returning cached instance of singleton bean 'autoConfigurationReport'
2024-09-10T20:48:07.945+09:00 TRACE 86442 --- [learn-spring-boot] [           main] o.s.b.f.s.DefaultListableBeanFactory     : Returning cached instance of singleton bean 'autoConfigurationReport'
2024-09-10T20:48:07.945+09:00 TRACE 86442 --- [learn-spring-boot] [           main] o.s.b.f.s.DefaultListableBeanFactory     : Returning cached instance of singleton bean 'autoConfigurationReport'
2024-09-10T20:48:07.947+09:00 TRACE 86442 --- [learn-spring-boot] [           main] o.s.b.f.s.DefaultListableBeanFactory     : Returning cached instance of singleton bean 'autoConfigurationReport'
2024-09-10T20:48:07.947+09:00 TRACE 86442 --- [learn-spring-boot] [           main] o.s.b.f.s.DefaultListableBeanFactory     : Returning cached instance of singleton bean 'autoConfigurationReport'
2024-09-10T20:48:07.947+09:00 TRACE 86442 --- [learn-spring-boot] [           main] o.s.b.f.s.DefaultListableBeanFactory     : Returning cached instance of singleton bean 'autoConfigurationReport'
2024-09-10T20:48:07.948+09:00 TRACE 86442 --- [learn-spring-boot] [           main] o.s.b.a.condition.OnClassCondition       : Condition OnClassCondition on org.springframework.boot.actuate.autoconfigure.health.ReactiveHealthEndpointConfiguration did not match due to @ConditionalOnClass did not find required class 'reactor.core.publisher.Flux'
2024-09-10T20:48:07.948+09:00 TRACE 86442 --- [learn-spring-boot] [           main] o.s.b.f.s.DefaultListableBeanFactory     : Returning cached instance of singleton bean 'autoConfigurationReport'
2024-09-10T20:48:07.948+09:00 TRACE 86442 --- [learn-spring-boot] [           main] o.s.b.a.c.OnWebApplicationCondition      : Condition OnWebApplicationCondition on org.springframework.boot.actuate.autoconfigure.health.HealthEndpointWebExtensionConfiguration matched due to found 'session' scope
2024-09-10T20:48:07.948+09:00 TRACE 86442 --- [learn-spring-boot] [           main] o.s.b.f.s.DefaultListableBeanFactory     : Returning cached instance of singleton bean 'autoConfigurationReport'
2024-09-10T20:48:07.955+09:00 TRACE 86442 --- [learn-spring-boot] [           main] s.b.a.a.e.c.OnAvailableEndpointCondition : Condition OnAvailableEndpointCondition on org.springframework.boot.actuate.autoconfigure.health.HealthEndpointWebExtensionConfiguration matched due to @ConditionalOnAvailableEndpoint marked as exposed by a 'management.endpoints.web.exposure' property
2024-09-10T20:48:07.956+09:00 TRACE 86442 --- [learn-spring-boot] [           main] o.s.b.f.s.DefaultListableBeanFactory     : Returning cached instance of singleton bean 'autoConfigurationReport'
2024-09-10T20:48:07.956+09:00 TRACE 86442 --- [learn-spring-boot] [           main] o.s.b.f.s.DefaultListableBeanFactory     : Returning cached instance of singleton bean 'autoConfigurationReport'
2024-09-10T20:48:07.956+09:00 TRACE 86442 --- [learn-spring-boot] [           main] o.s.b.f.s.DefaultListableBeanFactory     : Returning cached instance of singleton bean 'autoConfigurationReport'
2024-09-10T20:48:07.956+09:00 TRACE 86442 --- [learn-spring-boot] [           main] o.s.b.f.s.DefaultListableBeanFactory     : Returning cached instance of singleton bean 'autoConfigurationReport'
2024-09-10T20:48:07.958+09:00 TRACE 86442 --- [learn-spring-boot] [           main] o.s.b.a.condition.OnClassCondition       : Condition OnClassCondition on org.springframework.boot.actuate.autoconfigure.health.HealthEndpointWebExtensionConfiguration$JerseyAdditionalHealthEndpointPathsConfiguration did not match due to @ConditionalOnClass did not find required class 'org.glassfish.jersey.server.ResourceConfig'
2024-09-10T20:48:07.958+09:00 TRACE 86442 --- [learn-spring-boot] [           main] o.s.b.f.s.DefaultListableBeanFactory     : Returning cached instance of singleton bean 'autoConfigurationReport'
2024-09-10T20:48:07.958+09:00 TRACE 86442 --- [learn-spring-boot] [           main] o.s.b.f.s.DefaultListableBeanFactory     : Returning cached instance of singleton bean 'autoConfigurationReport'
2024-09-10T20:48:07.958+09:00 TRACE 86442 --- [learn-spring-boot] [           main] o.s.b.f.s.DefaultListableBeanFactory     : Returning cached instance of singleton bean 'autoConfigurationReport'
2024-09-10T20:48:07.958+09:00 TRACE 86442 --- [learn-spring-boot] [           main] o.s.b.f.s.DefaultListableBeanFactory     : Returning cached instance of singleton bean 'autoConfigurationReport'
2024-09-10T20:48:07.958+09:00 TRACE 86442 --- [learn-spring-boot] [           main] o.s.b.a.c.OnWebApplicationCondition      : Condition OnWebApplicationCondition on org.springframework.boot.actuate.autoconfigure.health.HealthEndpointReactiveWebExtensionConfiguration did not match due to did not find reactive web application classes
2024-09-10T20:48:07.959+09:00 TRACE 86442 --- [learn-spring-boot] [           main] o.s.b.f.s.DefaultListableBeanFactory     : Returning cached instance of singleton bean 'autoConfigurationReport'
2024-09-10T20:48:07.959+09:00 TRACE 86442 --- [learn-spring-boot] [           main] o.s.b.f.s.DefaultListableBeanFactory     : Returning cached instance of singleton bean 'autoConfigurationReport'
2024-09-10T20:48:07.959+09:00 TRACE 86442 --- [learn-spring-boot] [           main] o.s.b.f.s.DefaultListableBeanFactory     : Returning cached instance of singleton bean 'autoConfigurationReport'
2024-09-10T20:48:07.959+09:00 TRACE 86442 --- [learn-spring-boot] [           main] o.s.b.f.s.DefaultListableBeanFactory     : Returning cached instance of singleton bean 'autoConfigurationReport'
2024-09-10T20:48:07.959+09:00 TRACE 86442 --- [learn-spring-boot] [           main] o.s.b.f.s.DefaultListableBeanFactory     : Returning cached instance of singleton bean 'autoConfigurationReport'
2024-09-10T20:48:07.959+09:00 TRACE 86442 --- [learn-spring-boot] [           main] o.s.b.f.s.DefaultListableBeanFactory     : Returning cached instance of singleton bean 'autoConfigurationReport'
2024-09-10T20:48:07.959+09:00 TRACE 86442 --- [learn-spring-boot] [           main] o.s.b.f.s.DefaultListableBeanFactory     : Returning cached instance of singleton bean 'autoConfigurationReport'
2024-09-10T20:48:07.960+09:00 TRACE 86442 --- [learn-spring-boot] [           main] o.s.b.f.s.DefaultListableBeanFactory     : Returning cached instance of singleton bean 'autoConfigurationReport'
2024-09-10T20:48:07.960+09:00 TRACE 86442 --- [learn-spring-boot] [           main] o.s.b.f.s.DefaultListableBeanFactory     : Returning cached instance of singleton bean 'autoConfigurationReport'
2024-09-10T20:48:07.960+09:00 TRACE 86442 --- [learn-spring-boot] [           main] o.s.b.f.s.DefaultListableBeanFactory     : Returning cached instance of singleton bean 'autoConfigurationReport'
2024-09-10T20:48:07.961+09:00 TRACE 86442 --- [learn-spring-boot] [           main] o.s.b.f.s.DefaultListableBeanFactory     : Returning cached instance of singleton bean 'autoConfigurationReport'
2024-09-10T20:48:07.961+09:00 TRACE 86442 --- [learn-spring-boot] [           main] o.s.b.f.s.DefaultListableBeanFactory     : Returning cached instance of singleton bean 'autoConfigurationReport'
2024-09-10T20:48:07.961+09:00 TRACE 86442 --- [learn-spring-boot] [           main] o.s.b.f.s.DefaultListableBeanFactory     : Returning cached instance of singleton bean 'autoConfigurationReport'
2024-09-10T20:48:07.961+09:00 TRACE 86442 --- [learn-spring-boot] [           main] o.s.b.f.s.DefaultListableBeanFactory     : Returning cached instance of singleton bean 'autoConfigurationReport'
2024-09-10T20:48:07.961+09:00 TRACE 86442 --- [learn-spring-boot] [           main] o.s.b.f.s.DefaultListableBeanFactory     : Returning cached instance of singleton bean 'autoConfigurationReport'
2024-09-10T20:48:07.961+09:00 TRACE 86442 --- [learn-spring-boot] [           main] o.s.b.f.s.DefaultListableBeanFactory     : Returning cached instance of singleton bean 'autoConfigurationReport'
2024-09-10T20:48:07.963+09:00 TRACE 86442 --- [learn-spring-boot] [           main] o.s.b.f.s.DefaultListableBeanFactory     : Returning cached instance of singleton bean 'autoConfigurationReport'
2024-09-10T20:48:07.963+09:00 TRACE 86442 --- [learn-spring-boot] [           main] o.s.b.f.s.DefaultListableBeanFactory     : Returning cached instance of singleton bean 'autoConfigurationReport'
2024-09-10T20:48:07.963+09:00 TRACE 86442 --- [learn-spring-boot] [           main] o.s.b.f.s.DefaultListableBeanFactory     : Returning cached instance of singleton bean 'autoConfigurationReport'
2024-09-10T20:48:07.963+09:00 TRACE 86442 --- [learn-spring-boot] [           main] o.s.b.f.s.DefaultListableBeanFactory     : Returning cached instance of singleton bean 'autoConfigurationReport'
2024-09-10T20:48:07.963+09:00 TRACE 86442 --- [learn-spring-boot] [           main] o.s.b.f.s.DefaultListableBeanFactory     : Returning cached instance of singleton bean 'autoConfigurationReport'
2024-09-10T20:48:07.963+09:00 TRACE 86442 --- [learn-spring-boot] [           main] o.s.b.f.s.DefaultListableBeanFactory     : Returning cached instance of singleton bean 'autoConfigurationReport'
2024-09-10T20:48:07.963+09:00 TRACE 86442 --- [learn-spring-boot] [           main] o.s.b.f.s.DefaultListableBeanFactory     : Returning cached instance of singleton bean 'autoConfigurationReport'
2024-09-10T20:48:07.963+09:00 TRACE 86442 --- [learn-spring-boot] [           main] o.s.b.f.s.DefaultListableBeanFactory     : Returning cached instance of singleton bean 'autoConfigurationReport'
2024-09-10T20:48:07.963+09:00 TRACE 86442 --- [learn-spring-boot] [           main] o.s.b.f.s.DefaultListableBeanFactory     : Returning cached instance of singleton bean 'autoConfigurationReport'
2024-09-10T20:48:07.964+09:00 TRACE 86442 --- [learn-spring-boot] [           main] s.b.a.a.e.c.OnAvailableEndpointCondition : Condition OnAvailableEndpointCondition on org.springframework.boot.actuate.autoconfigure.info.InfoEndpointAutoConfiguration did not match due to @ConditionalOnAvailableEndpoint not enabled or exposed
2024-09-10T20:48:07.964+09:00 TRACE 86442 --- [learn-spring-boot] [           main] o.s.b.f.s.DefaultListableBeanFactory     : Returning cached instance of singleton bean 'autoConfigurationReport'
2024-09-10T20:48:07.964+09:00 TRACE 86442 --- [learn-spring-boot] [           main] o.s.b.f.s.DefaultListableBeanFactory     : Returning cached instance of singleton bean 'autoConfigurationReport'
2024-09-10T20:48:07.964+09:00 TRACE 86442 --- [learn-spring-boot] [           main] o.s.b.f.s.DefaultListableBeanFactory     : Returning cached instance of singleton bean 'autoConfigurationReport'
2024-09-10T20:48:07.964+09:00 TRACE 86442 --- [learn-spring-boot] [           main] o.s.b.f.s.DefaultListableBeanFactory     : Returning cached instance of singleton bean 'autoConfigurationReport'
2024-09-10T20:48:07.964+09:00 TRACE 86442 --- [learn-spring-boot] [           main] o.s.b.f.s.DefaultListableBeanFactory     : Returning cached instance of singleton bean 'autoConfigurationReport'
2024-09-10T20:48:07.964+09:00 TRACE 86442 --- [learn-spring-boot] [           main] o.s.b.f.s.DefaultListableBeanFactory     : Returning cached instance of singleton bean 'autoConfigurationReport'
2024-09-10T20:48:07.964+09:00 TRACE 86442 --- [learn-spring-boot] [           main] o.s.b.f.s.DefaultListableBeanFactory     : Returning cached instance of singleton bean 'autoConfigurationReport'
2024-09-10T20:48:07.965+09:00 TRACE 86442 --- [learn-spring-boot] [           main] o.s.b.a.condition.OnClassCondition       : Condition OnClassCondition on org.springframework.boot.actuate.autoconfigure.web.servlet.ServletManagementContextAutoConfiguration matched due to @ConditionalOnClass found required class 'jakarta.servlet.Servlet'
2024-09-10T20:48:07.965+09:00 TRACE 86442 --- [learn-spring-boot] [           main] o.s.b.f.s.DefaultListableBeanFactory     : Returning cached instance of singleton bean 'autoConfigurationReport'
2024-09-10T20:48:07.965+09:00 TRACE 86442 --- [learn-spring-boot] [           main] o.s.b.a.c.OnWebApplicationCondition      : Condition OnWebApplicationCondition on org.springframework.boot.actuate.autoconfigure.web.servlet.ServletManagementContextAutoConfiguration matched due to found 'session' scope
2024-09-10T20:48:07.965+09:00 TRACE 86442 --- [learn-spring-boot] [           main] o.s.b.f.s.DefaultListableBeanFactory     : Returning cached instance of singleton bean 'autoConfigurationReport'
2024-09-10T20:48:07.965+09:00 TRACE 86442 --- [learn-spring-boot] [           main] o.s.b.f.s.DefaultListableBeanFactory     : Returning cached instance of singleton bean 'autoConfigurationReport'
2024-09-10T20:48:07.965+09:00 TRACE 86442 --- [learn-spring-boot] [           main] o.s.b.f.s.DefaultListableBeanFactory     : Returning cached instance of singleton bean 'autoConfigurationReport'
2024-09-10T20:48:07.965+09:00 TRACE 86442 --- [learn-spring-boot] [           main] o.s.b.f.s.DefaultListableBeanFactory     : Returning cached instance of singleton bean 'autoConfigurationReport'
2024-09-10T20:48:07.966+09:00 TRACE 86442 --- [learn-spring-boot] [           main] o.s.b.a.condition.OnPropertyCondition    : Condition OnPropertyCondition on org.springframework.boot.actuate.autoconfigure.web.servlet.ServletManagementContextAutoConfiguration$ApplicationContextFilterConfiguration did not match due to @ConditionalOnProperty (management.server.add-application-context-header=true) did not find property 'add-application-context-header'
2024-09-10T20:48:07.966+09:00 TRACE 86442 --- [learn-spring-boot] [           main] o.s.b.f.s.DefaultListableBeanFactory     : Returning cached instance of singleton bean 'autoConfigurationReport'
2024-09-10T20:48:07.966+09:00 TRACE 86442 --- [learn-spring-boot] [           main] o.s.b.f.s.DefaultListableBeanFactory     : Returning cached instance of singleton bean 'autoConfigurationReport'
2024-09-10T20:48:07.966+09:00 TRACE 86442 --- [learn-spring-boot] [           main] o.s.b.f.s.DefaultListableBeanFactory     : Returning cached instance of singleton bean 'autoConfigurationReport'
2024-09-10T20:48:07.966+09:00 TRACE 86442 --- [learn-spring-boot] [           main] o.s.b.f.s.DefaultListableBeanFactory     : Returning cached instance of singleton bean 'autoConfigurationReport'
2024-09-10T20:48:07.966+09:00 TRACE 86442 --- [learn-spring-boot] [           main] o.s.b.f.s.DefaultListableBeanFactory     : Returning cached instance of singleton bean 'autoConfigurationReport'
2024-09-10T20:48:07.966+09:00 TRACE 86442 --- [learn-spring-boot] [           main] o.s.b.f.s.DefaultListableBeanFactory     : Returning cached instance of singleton bean 'autoConfigurationReport'
2024-09-10T20:48:07.966+09:00 TRACE 86442 --- [learn-spring-boot] [           main] o.s.b.f.s.DefaultListableBeanFactory     : Returning cached instance of singleton bean 'autoConfigurationReport'
2024-09-10T20:48:07.968+09:00 TRACE 86442 --- [learn-spring-boot] [           main] o.s.b.a.condition.OnClassCondition       : Condition OnClassCondition on org.springframework.boot.actuate.autoconfigure.cloudfoundry.servlet.CloudFoundryActuatorAutoConfiguration matched due to @ConditionalOnClass found required class 'org.springframework.web.servlet.DispatcherServlet'
2024-09-10T20:48:07.968+09:00 TRACE 86442 --- [learn-spring-boot] [           main] o.s.b.f.s.DefaultListableBeanFactory     : Returning cached instance of singleton bean 'autoConfigurationReport'
2024-09-10T20:48:07.968+09:00 TRACE 86442 --- [learn-spring-boot] [           main] o.s.b.a.c.OnWebApplicationCondition      : Condition OnWebApplicationCondition on org.springframework.boot.actuate.autoconfigure.cloudfoundry.servlet.CloudFoundryActuatorAutoConfiguration matched due to found 'session' scope
2024-09-10T20:48:07.968+09:00 TRACE 86442 --- [learn-spring-boot] [           main] o.s.b.f.s.DefaultListableBeanFactory     : Returning cached instance of singleton bean 'autoConfigurationReport'
2024-09-10T20:48:07.968+09:00 TRACE 86442 --- [learn-spring-boot] [           main] o.s.b.a.condition.OnPropertyCondition    : Condition OnPropertyCondition on org.springframework.boot.actuate.autoconfigure.cloudfoundry.servlet.CloudFoundryActuatorAutoConfiguration matched due to @ConditionalOnProperty (management.cloudfoundry.enabled) matched
2024-09-10T20:48:07.968+09:00 TRACE 86442 --- [learn-spring-boot] [           main] o.s.b.f.s.DefaultListableBeanFactory     : Returning cached instance of singleton bean 'autoConfigurationReport'
2024-09-10T20:48:07.968+09:00 TRACE 86442 --- [learn-spring-boot] [           main] o.s.b.a.c.OnCloudPlatformCondition       : Condition OnCloudPlatformCondition on org.springframework.boot.actuate.autoconfigure.cloudfoundry.servlet.CloudFoundryActuatorAutoConfiguration did not match due to @ConditionalOnCloudPlatform did not find CLOUD_FOUNDRY
2024-09-10T20:48:07.968+09:00 TRACE 86442 --- [learn-spring-boot] [           main] o.s.b.f.s.DefaultListableBeanFactory     : Returning cached instance of singleton bean 'autoConfigurationReport'
2024-09-10T20:48:07.968+09:00 TRACE 86442 --- [learn-spring-boot] [           main] o.s.b.f.s.DefaultListableBeanFactory     : Returning cached instance of singleton bean 'autoConfigurationReport'
2024-09-10T20:48:07.968+09:00 TRACE 86442 --- [learn-spring-boot] [           main] o.s.b.f.s.DefaultListableBeanFactory     : Returning cached instance of singleton bean 'autoConfigurationReport'
2024-09-10T20:48:07.968+09:00 TRACE 86442 --- [learn-spring-boot] [           main] o.s.b.f.s.DefaultListableBeanFactory     : Returning cached instance of singleton bean 'autoConfigurationReport'
2024-09-10T20:48:07.968+09:00 TRACE 86442 --- [learn-spring-boot] [           main] o.s.b.f.s.DefaultListableBeanFactory     : Returning cached instance of singleton bean 'autoConfigurationReport'
2024-09-10T20:48:07.968+09:00 TRACE 86442 --- [learn-spring-boot] [           main] o.s.b.f.s.DefaultListableBeanFactory     : Returning cached instance of singleton bean 'autoConfigurationReport'
2024-09-10T20:48:07.968+09:00 TRACE 86442 --- [learn-spring-boot] [           main] o.s.b.f.s.DefaultListableBeanFactory     : Returning cached instance of singleton bean 'autoConfigurationReport'
2024-09-10T20:48:07.969+09:00 TRACE 86442 --- [learn-spring-boot] [           main] s.b.a.a.e.c.OnAvailableEndpointCondition : Condition OnAvailableEndpointCondition on org.springframework.boot.actuate.autoconfigure.condition.ConditionsReportEndpointAutoConfiguration did not match due to @ConditionalOnAvailableEndpoint not enabled or exposed
2024-09-10T20:48:07.969+09:00 TRACE 86442 --- [learn-spring-boot] [           main] o.s.b.f.s.DefaultListableBeanFactory     : Returning cached instance of singleton bean 'autoConfigurationReport'
2024-09-10T20:48:07.969+09:00 TRACE 86442 --- [learn-spring-boot] [           main] o.s.b.f.s.DefaultListableBeanFactory     : Returning cached instance of singleton bean 'autoConfigurationReport'
2024-09-10T20:48:07.969+09:00 TRACE 86442 --- [learn-spring-boot] [           main] o.s.b.f.s.DefaultListableBeanFactory     : Returning cached instance of singleton bean 'autoConfigurationReport'
2024-09-10T20:48:07.969+09:00 TRACE 86442 --- [learn-spring-boot] [           main] o.s.b.f.s.DefaultListableBeanFactory     : Returning cached instance of singleton bean 'autoConfigurationReport'
2024-09-10T20:48:07.969+09:00 TRACE 86442 --- [learn-spring-boot] [           main] o.s.b.f.s.DefaultListableBeanFactory     : Returning cached instance of singleton bean 'autoConfigurationReport'
2024-09-10T20:48:07.969+09:00 TRACE 86442 --- [learn-spring-boot] [           main] o.s.b.f.s.DefaultListableBeanFactory     : Returning cached instance of singleton bean 'autoConfigurationReport'
2024-09-10T20:48:07.969+09:00 TRACE 86442 --- [learn-spring-boot] [           main] o.s.b.f.s.DefaultListableBeanFactory     : Returning cached instance of singleton bean 'autoConfigurationReport'
2024-09-10T20:48:07.970+09:00 TRACE 86442 --- [learn-spring-boot] [           main] s.b.a.a.e.c.OnAvailableEndpointCondition : Condition OnAvailableEndpointCondition on org.springframework.boot.actuate.autoconfigure.context.ShutdownEndpointAutoConfiguration did not match due to @ConditionalOnAvailableEndpoint not enabled or exposed
2024-09-10T20:48:07.970+09:00 TRACE 86442 --- [learn-spring-boot] [           main] o.s.b.f.s.DefaultListableBeanFactory     : Returning cached instance of singleton bean 'autoConfigurationReport'
2024-09-10T20:48:07.970+09:00 TRACE 86442 --- [learn-spring-boot] [           main] o.s.b.f.s.DefaultListableBeanFactory     : Returning cached instance of singleton bean 'autoConfigurationReport'
2024-09-10T20:48:07.970+09:00 TRACE 86442 --- [learn-spring-boot] [           main] o.s.b.f.s.DefaultListableBeanFactory     : Returning cached instance of singleton bean 'autoConfigurationReport'
2024-09-10T20:48:07.970+09:00 TRACE 86442 --- [learn-spring-boot] [           main] o.s.b.f.s.DefaultListableBeanFactory     : Returning cached instance of singleton bean 'autoConfigurationReport'
2024-09-10T20:48:07.970+09:00 TRACE 86442 --- [learn-spring-boot] [           main] o.s.b.f.s.DefaultListableBeanFactory     : Returning cached instance of singleton bean 'autoConfigurationReport'
2024-09-10T20:48:07.970+09:00 TRACE 86442 --- [learn-spring-boot] [           main] o.s.b.f.s.DefaultListableBeanFactory     : Returning cached instance of singleton bean 'autoConfigurationReport'
2024-09-10T20:48:07.970+09:00 TRACE 86442 --- [learn-spring-boot] [           main] o.s.b.f.s.DefaultListableBeanFactory     : Returning cached instance of singleton bean 'autoConfigurationReport'
2024-09-10T20:48:07.971+09:00 TRACE 86442 --- [learn-spring-boot] [           main] s.b.a.a.e.c.OnAvailableEndpointCondition : Condition OnAvailableEndpointCondition on org.springframework.boot.actuate.autoconfigure.context.properties.ConfigurationPropertiesReportEndpointAutoConfiguration did not match due to @ConditionalOnAvailableEndpoint not enabled or exposed
2024-09-10T20:48:07.971+09:00 TRACE 86442 --- [learn-spring-boot] [           main] o.s.b.f.s.DefaultListableBeanFactory     : Returning cached instance of singleton bean 'autoConfigurationReport'
2024-09-10T20:48:07.971+09:00 TRACE 86442 --- [learn-spring-boot] [           main] o.s.b.f.s.DefaultListableBeanFactory     : Returning cached instance of singleton bean 'autoConfigurationReport'
2024-09-10T20:48:07.971+09:00 TRACE 86442 --- [learn-spring-boot] [           main] o.s.b.f.s.DefaultListableBeanFactory     : Returning cached instance of singleton bean 'autoConfigurationReport'
2024-09-10T20:48:07.971+09:00 TRACE 86442 --- [learn-spring-boot] [           main] o.s.b.f.s.DefaultListableBeanFactory     : Returning cached instance of singleton bean 'autoConfigurationReport'
2024-09-10T20:48:07.971+09:00 TRACE 86442 --- [learn-spring-boot] [           main] o.s.b.f.s.DefaultListableBeanFactory     : Returning cached instance of singleton bean 'autoConfigurationReport'
2024-09-10T20:48:07.971+09:00 TRACE 86442 --- [learn-spring-boot] [           main] o.s.b.f.s.DefaultListableBeanFactory     : Returning cached instance of singleton bean 'autoConfigurationReport'
2024-09-10T20:48:07.971+09:00 TRACE 86442 --- [learn-spring-boot] [           main] o.s.b.f.s.DefaultListableBeanFactory     : Returning cached instance of singleton bean 'autoConfigurationReport'
2024-09-10T20:48:07.972+09:00 TRACE 86442 --- [learn-spring-boot] [           main] o.s.b.f.s.DefaultListableBeanFactory     : Returning cached instance of singleton bean 'autoConfigurationReport'
2024-09-10T20:48:07.972+09:00 TRACE 86442 --- [learn-spring-boot] [           main] o.s.b.f.s.DefaultListableBeanFactory     : Returning cached instance of singleton bean 'autoConfigurationReport'
2024-09-10T20:48:07.972+09:00 TRACE 86442 --- [learn-spring-boot] [           main] o.s.b.f.s.DefaultListableBeanFactory     : Returning cached instance of singleton bean 'autoConfigurationReport'
2024-09-10T20:48:07.972+09:00 TRACE 86442 --- [learn-spring-boot] [           main] o.s.b.f.s.DefaultListableBeanFactory     : Returning cached instance of singleton bean 'autoConfigurationReport'
2024-09-10T20:48:07.972+09:00 TRACE 86442 --- [learn-spring-boot] [           main] o.s.b.f.s.DefaultListableBeanFactory     : Returning cached instance of singleton bean 'autoConfigurationReport'
2024-09-10T20:48:07.972+09:00 TRACE 86442 --- [learn-spring-boot] [           main] o.s.b.f.s.DefaultListableBeanFactory     : Returning cached instance of singleton bean 'autoConfigurationReport'
2024-09-10T20:48:07.972+09:00 TRACE 86442 --- [learn-spring-boot] [           main] o.s.b.f.s.DefaultListableBeanFactory     : Returning cached instance of singleton bean 'autoConfigurationReport'
2024-09-10T20:48:07.972+09:00 TRACE 86442 --- [learn-spring-boot] [           main] o.s.b.f.s.DefaultListableBeanFactory     : Returning cached instance of singleton bean 'autoConfigurationReport'
2024-09-10T20:48:07.972+09:00 TRACE 86442 --- [learn-spring-boot] [           main] o.s.b.f.s.DefaultListableBeanFactory     : Returning cached instance of singleton bean 'autoConfigurationReport'
2024-09-10T20:48:07.972+09:00 TRACE 86442 --- [learn-spring-boot] [           main] o.s.b.f.s.DefaultListableBeanFactory     : Returning cached instance of singleton bean 'autoConfigurationReport'
2024-09-10T20:48:07.972+09:00 TRACE 86442 --- [learn-spring-boot] [           main] o.s.b.f.s.DefaultListableBeanFactory     : Returning cached instance of singleton bean 'autoConfigurationReport'
2024-09-10T20:48:07.972+09:00 TRACE 86442 --- [learn-spring-boot] [           main] o.s.b.f.s.DefaultListableBeanFactory     : Returning cached instance of singleton bean 'autoConfigurationReport'
2024-09-10T20:48:07.973+09:00 TRACE 86442 --- [learn-spring-boot] [           main] o.s.b.f.s.DefaultListableBeanFactory     : Returning cached instance of singleton bean 'autoConfigurationReport'
2024-09-10T20:48:07.973+09:00 TRACE 86442 --- [learn-spring-boot] [           main] o.s.b.f.s.DefaultListableBeanFactory     : Returning cached instance of singleton bean 'autoConfigurationReport'
2024-09-10T20:48:07.973+09:00 TRACE 86442 --- [learn-spring-boot] [           main] o.s.b.f.s.DefaultListableBeanFactory     : Returning cached instance of singleton bean 'autoConfigurationReport'
2024-09-10T20:48:07.973+09:00 TRACE 86442 --- [learn-spring-boot] [           main] o.s.b.f.s.DefaultListableBeanFactory     : Returning cached instance of singleton bean 'autoConfigurationReport'
2024-09-10T20:48:07.973+09:00 TRACE 86442 --- [learn-spring-boot] [           main] o.s.b.f.s.DefaultListableBeanFactory     : Returning cached instance of singleton bean 'autoConfigurationReport'
2024-09-10T20:48:07.973+09:00 TRACE 86442 --- [learn-spring-boot] [           main] o.s.b.f.s.DefaultListableBeanFactory     : Returning cached instance of singleton bean 'autoConfigurationReport'
2024-09-10T20:48:07.973+09:00 TRACE 86442 --- [learn-spring-boot] [           main] o.s.b.a.condition.OnClassCondition       : Condition OnClassCondition on org.springframework.boot.autoconfigure.jmx.JmxAutoConfiguration matched due to @ConditionalOnClass found required class 'org.springframework.jmx.export.MBeanExporter'
2024-09-10T20:48:07.973+09:00 TRACE 86442 --- [learn-spring-boot] [           main] o.s.b.f.s.DefaultListableBeanFactory     : Returning cached instance of singleton bean 'autoConfigurationReport'
2024-09-10T20:48:07.973+09:00 TRACE 86442 --- [learn-spring-boot] [           main] o.s.b.a.condition.OnPropertyCondition    : Condition OnPropertyCondition on org.springframework.boot.autoconfigure.jmx.JmxAutoConfiguration did not match due to @ConditionalOnProperty (spring.jmx.enabled=true) found different value in property 'enabled'
2024-09-10T20:48:07.973+09:00 TRACE 86442 --- [learn-spring-boot] [           main] o.s.b.f.s.DefaultListableBeanFactory     : Returning cached instance of singleton bean 'autoConfigurationReport'
2024-09-10T20:48:07.973+09:00 TRACE 86442 --- [learn-spring-boot] [           main] o.s.b.f.s.DefaultListableBeanFactory     : Returning cached instance of singleton bean 'autoConfigurationReport'
2024-09-10T20:48:07.973+09:00 TRACE 86442 --- [learn-spring-boot] [           main] o.s.b.f.s.DefaultListableBeanFactory     : Returning cached instance of singleton bean 'autoConfigurationReport'
2024-09-10T20:48:07.973+09:00 TRACE 86442 --- [learn-spring-boot] [           main] o.s.b.f.s.DefaultListableBeanFactory     : Returning cached instance of singleton bean 'autoConfigurationReport'
2024-09-10T20:48:07.973+09:00 TRACE 86442 --- [learn-spring-boot] [           main] o.s.b.f.s.DefaultListableBeanFactory     : Returning cached instance of singleton bean 'autoConfigurationReport'
2024-09-10T20:48:07.973+09:00 TRACE 86442 --- [learn-spring-boot] [           main] o.s.b.f.s.DefaultListableBeanFactory     : Returning cached instance of singleton bean 'autoConfigurationReport'
2024-09-10T20:48:07.973+09:00 TRACE 86442 --- [learn-spring-boot] [           main] o.s.b.f.s.DefaultListableBeanFactory     : Returning cached instance of singleton bean 'autoConfigurationReport'
2024-09-10T20:48:07.974+09:00 TRACE 86442 --- [learn-spring-boot] [           main] o.s.b.a.condition.OnPropertyCondition    : Condition OnPropertyCondition on org.springframework.boot.actuate.autoconfigure.endpoint.jmx.JmxEndpointAutoConfiguration did not match due to @ConditionalOnProperty (spring.jmx.enabled=true) found different value in property 'enabled'
2024-09-10T20:48:07.974+09:00 TRACE 86442 --- [learn-spring-boot] [           main] o.s.b.f.s.DefaultListableBeanFactory     : Returning cached instance of singleton bean 'autoConfigurationReport'
2024-09-10T20:48:07.974+09:00 TRACE 86442 --- [learn-spring-boot] [           main] o.s.b.f.s.DefaultListableBeanFactory     : Returning cached instance of singleton bean 'autoConfigurationReport'
2024-09-10T20:48:07.974+09:00 TRACE 86442 --- [learn-spring-boot] [           main] o.s.b.f.s.DefaultListableBeanFactory     : Returning cached instance of singleton bean 'autoConfigurationReport'
2024-09-10T20:48:07.974+09:00 TRACE 86442 --- [learn-spring-boot] [           main] o.s.b.f.s.DefaultListableBeanFactory     : Returning cached instance of singleton bean 'autoConfigurationReport'
2024-09-10T20:48:07.974+09:00 TRACE 86442 --- [learn-spring-boot] [           main] o.s.b.f.s.DefaultListableBeanFactory     : Returning cached instance of singleton bean 'autoConfigurationReport'
2024-09-10T20:48:07.974+09:00 TRACE 86442 --- [learn-spring-boot] [           main] o.s.b.f.s.DefaultListableBeanFactory     : Returning cached instance of singleton bean 'autoConfigurationReport'
2024-09-10T20:48:07.974+09:00 TRACE 86442 --- [learn-spring-boot] [           main] o.s.b.f.s.DefaultListableBeanFactory     : Returning cached instance of singleton bean 'autoConfigurationReport'
2024-09-10T20:48:07.975+09:00 TRACE 86442 --- [learn-spring-boot] [           main] o.s.b.a.c.OnWebApplicationCondition      : Condition OnWebApplicationCondition on org.springframework.boot.actuate.autoconfigure.endpoint.web.WebEndpointAutoConfiguration matched due to @ConditionalOnWebApplication (required) found 'session' scope
2024-09-10T20:48:07.975+09:00 TRACE 86442 --- [learn-spring-boot] [           main] o.s.b.f.s.DefaultListableBeanFactory     : Returning cached instance of singleton bean 'autoConfigurationReport'
2024-09-10T20:48:07.975+09:00 TRACE 86442 --- [learn-spring-boot] [           main] o.s.b.f.s.DefaultListableBeanFactory     : Returning cached instance of singleton bean 'autoConfigurationReport'
2024-09-10T20:48:07.975+09:00 TRACE 86442 --- [learn-spring-boot] [           main] o.s.b.f.s.DefaultListableBeanFactory     : Returning cached instance of singleton bean 'autoConfigurationReport'
2024-09-10T20:48:07.975+09:00 TRACE 86442 --- [learn-spring-boot] [           main] o.s.b.f.s.DefaultListableBeanFactory     : Returning cached instance of singleton bean 'autoConfigurationReport'
2024-09-10T20:48:07.976+09:00 TRACE 86442 --- [learn-spring-boot] [           main] o.s.b.a.c.OnWebApplicationCondition      : Condition OnWebApplicationCondition on org.springframework.boot.actuate.autoconfigure.endpoint.web.WebEndpointAutoConfiguration$WebEndpointServletConfiguration matched due to found 'session' scope
2024-09-10T20:48:07.976+09:00 TRACE 86442 --- [learn-spring-boot] [           main] o.s.b.f.s.DefaultListableBeanFactory     : Returning cached instance of singleton bean 'autoConfigurationReport'
2024-09-10T20:48:07.976+09:00 TRACE 86442 --- [learn-spring-boot] [           main] o.s.b.f.s.DefaultListableBeanFactory     : Returning cached instance of singleton bean 'autoConfigurationReport'
2024-09-10T20:48:07.976+09:00 TRACE 86442 --- [learn-spring-boot] [           main] o.s.b.f.s.DefaultListableBeanFactory     : Returning cached instance of singleton bean 'autoConfigurationReport'
2024-09-10T20:48:07.976+09:00 TRACE 86442 --- [learn-spring-boot] [           main] o.s.b.f.s.DefaultListableBeanFactory     : Returning cached instance of singleton bean 'autoConfigurationReport'
2024-09-10T20:48:07.976+09:00 TRACE 86442 --- [learn-spring-boot] [           main] o.s.b.f.s.DefaultListableBeanFactory     : Returning cached instance of singleton bean 'autoConfigurationReport'
2024-09-10T20:48:07.976+09:00 TRACE 86442 --- [learn-spring-boot] [           main] o.s.b.f.s.DefaultListableBeanFactory     : Returning cached instance of singleton bean 'autoConfigurationReport'
2024-09-10T20:48:07.976+09:00 TRACE 86442 --- [learn-spring-boot] [           main] o.s.b.f.s.DefaultListableBeanFactory     : Returning cached instance of singleton bean 'autoConfigurationReport'
2024-09-10T20:48:07.976+09:00 TRACE 86442 --- [learn-spring-boot] [           main] o.s.b.f.s.DefaultListableBeanFactory     : Returning cached instance of singleton bean 'autoConfigurationReport'
2024-09-10T20:48:07.976+09:00 TRACE 86442 --- [learn-spring-boot] [           main] o.s.b.f.s.DefaultListableBeanFactory     : Returning cached instance of singleton bean 'autoConfigurationReport'
2024-09-10T20:48:07.976+09:00 TRACE 86442 --- [learn-spring-boot] [           main] o.s.b.f.s.DefaultListableBeanFactory     : Returning cached instance of singleton bean 'autoConfigurationReport'
2024-09-10T20:48:07.977+09:00 TRACE 86442 --- [learn-spring-boot] [           main] s.b.a.a.e.c.OnAvailableEndpointCondition : Condition OnAvailableEndpointCondition on org.springframework.boot.actuate.autoconfigure.env.EnvironmentEndpointAutoConfiguration did not match due to @ConditionalOnAvailableEndpoint not enabled or exposed
2024-09-10T20:48:07.978+09:00 TRACE 86442 --- [learn-spring-boot] [           main] o.s.b.f.s.DefaultListableBeanFactory     : Returning cached instance of singleton bean 'autoConfigurationReport'
2024-09-10T20:48:07.978+09:00 TRACE 86442 --- [learn-spring-boot] [           main] o.s.b.f.s.DefaultListableBeanFactory     : Returning cached instance of singleton bean 'autoConfigurationReport'
2024-09-10T20:48:07.978+09:00 TRACE 86442 --- [learn-spring-boot] [           main] o.s.b.f.s.DefaultListableBeanFactory     : Returning cached instance of singleton bean 'autoConfigurationReport'
2024-09-10T20:48:07.978+09:00 TRACE 86442 --- [learn-spring-boot] [           main] o.s.b.f.s.DefaultListableBeanFactory     : Returning cached instance of singleton bean 'autoConfigurationReport'
2024-09-10T20:48:07.978+09:00 TRACE 86442 --- [learn-spring-boot] [           main] o.s.b.f.s.DefaultListableBeanFactory     : Returning cached instance of singleton bean 'autoConfigurationReport'
2024-09-10T20:48:07.978+09:00 TRACE 86442 --- [learn-spring-boot] [           main] o.s.b.f.s.DefaultListableBeanFactory     : Returning cached instance of singleton bean 'autoConfigurationReport'
2024-09-10T20:48:07.978+09:00 TRACE 86442 --- [learn-spring-boot] [           main] o.s.b.f.s.DefaultListableBeanFactory     : Returning cached instance of singleton bean 'autoConfigurationReport'
2024-09-10T20:48:07.979+09:00 TRACE 86442 --- [learn-spring-boot] [           main] .a.a.h.OnEnabledHealthIndicatorCondition : Condition OnEnabledHealthIndicatorCondition on org.springframework.boot.actuate.autoconfigure.ssl.SslHealthContributorAutoConfiguration matched due to @ConditionalOnEnabledHealthIndicator management.health.defaults.enabled is considered true
2024-09-10T20:48:07.979+09:00 TRACE 86442 --- [learn-spring-boot] [           main] o.s.b.f.s.DefaultListableBeanFactory     : Returning cached instance of singleton bean 'autoConfigurationReport'
2024-09-10T20:48:07.979+09:00 TRACE 86442 --- [learn-spring-boot] [           main] o.s.b.f.s.DefaultListableBeanFactory     : Returning cached instance of singleton bean 'autoConfigurationReport'
2024-09-10T20:48:07.979+09:00 TRACE 86442 --- [learn-spring-boot] [           main] o.s.b.f.s.DefaultListableBeanFactory     : Returning cached instance of singleton bean 'autoConfigurationReport'
2024-09-10T20:48:07.979+09:00 TRACE 86442 --- [learn-spring-boot] [           main] o.s.b.f.s.DefaultListableBeanFactory     : Returning cached instance of singleton bean 'autoConfigurationReport'
2024-09-10T20:48:07.979+09:00 TRACE 86442 --- [learn-spring-boot] [           main] o.s.b.f.s.DefaultListableBeanFactory     : Returning cached instance of singleton bean 'autoConfigurationReport'
2024-09-10T20:48:07.979+09:00 TRACE 86442 --- [learn-spring-boot] [           main] o.s.b.f.s.DefaultListableBeanFactory     : Returning cached instance of singleton bean 'autoConfigurationReport'
2024-09-10T20:48:07.979+09:00 TRACE 86442 --- [learn-spring-boot] [           main] o.s.b.f.s.DefaultListableBeanFactory     : Returning cached instance of singleton bean 'autoConfigurationReport'
2024-09-10T20:48:07.979+09:00 TRACE 86442 --- [learn-spring-boot] [           main] o.s.b.f.s.DefaultListableBeanFactory     : Returning cached instance of singleton bean 'autoConfigurationReport'
2024-09-10T20:48:07.979+09:00 TRACE 86442 --- [learn-spring-boot] [           main] o.s.b.f.s.DefaultListableBeanFactory     : Returning cached instance of singleton bean 'autoConfigurationReport'
2024-09-10T20:48:07.979+09:00 TRACE 86442 --- [learn-spring-boot] [           main] o.s.b.f.s.DefaultListableBeanFactory     : Returning cached instance of singleton bean 'autoConfigurationReport'
2024-09-10T20:48:07.980+09:00 TRACE 86442 --- [learn-spring-boot] [           main] .a.a.h.OnEnabledHealthIndicatorCondition : Condition OnEnabledHealthIndicatorCondition on org.springframework.boot.actuate.autoconfigure.system.DiskSpaceHealthContributorAutoConfiguration matched due to @ConditionalOnEnabledHealthIndicator management.health.defaults.enabled is considered true
2024-09-10T20:48:07.980+09:00 TRACE 86442 --- [learn-spring-boot] [           main] o.s.b.f.s.DefaultListableBeanFactory     : Returning cached instance of singleton bean 'autoConfigurationReport'
2024-09-10T20:48:07.980+09:00 TRACE 86442 --- [learn-spring-boot] [           main] o.s.b.f.s.DefaultListableBeanFactory     : Returning cached instance of singleton bean 'autoConfigurationReport'
2024-09-10T20:48:07.980+09:00 TRACE 86442 --- [learn-spring-boot] [           main] o.s.b.f.s.DefaultListableBeanFactory     : Returning cached instance of singleton bean 'autoConfigurationReport'
2024-09-10T20:48:07.980+09:00 TRACE 86442 --- [learn-spring-boot] [           main] o.s.b.f.s.DefaultListableBeanFactory     : Returning cached instance of singleton bean 'autoConfigurationReport'
2024-09-10T20:48:07.980+09:00 TRACE 86442 --- [learn-spring-boot] [           main] o.s.b.f.s.DefaultListableBeanFactory     : Returning cached instance of singleton bean 'autoConfigurationReport'
2024-09-10T20:48:07.980+09:00 TRACE 86442 --- [learn-spring-boot] [           main] o.s.b.f.s.DefaultListableBeanFactory     : Returning cached instance of singleton bean 'autoConfigurationReport'
2024-09-10T20:48:07.980+09:00 TRACE 86442 --- [learn-spring-boot] [           main] o.s.b.f.s.DefaultListableBeanFactory     : Returning cached instance of singleton bean 'autoConfigurationReport'
2024-09-10T20:48:07.980+09:00 TRACE 86442 --- [learn-spring-boot] [           main] o.s.b.f.s.DefaultListableBeanFactory     : Returning cached instance of singleton bean 'autoConfigurationReport'
2024-09-10T20:48:07.980+09:00 TRACE 86442 --- [learn-spring-boot] [           main] o.s.b.f.s.DefaultListableBeanFactory     : Returning cached instance of singleton bean 'autoConfigurationReport'
2024-09-10T20:48:07.980+09:00 TRACE 86442 --- [learn-spring-boot] [           main] o.s.b.f.s.DefaultListableBeanFactory     : Returning cached instance of singleton bean 'autoConfigurationReport'
2024-09-10T20:48:07.981+09:00 TRACE 86442 --- [learn-spring-boot] [           main] o.s.b.f.s.DefaultListableBeanFactory     : Returning cached instance of singleton bean 'autoConfigurationReport'
2024-09-10T20:48:07.981+09:00 TRACE 86442 --- [learn-spring-boot] [           main] o.s.b.f.s.DefaultListableBeanFactory     : Returning cached instance of singleton bean 'autoConfigurationReport'
2024-09-10T20:48:07.981+09:00 TRACE 86442 --- [learn-spring-boot] [           main] o.s.b.f.s.DefaultListableBeanFactory     : Returning cached instance of singleton bean 'autoConfigurationReport'
2024-09-10T20:48:07.981+09:00 TRACE 86442 --- [learn-spring-boot] [           main] o.s.b.f.s.DefaultListableBeanFactory     : Returning cached instance of singleton bean 'autoConfigurationReport'
2024-09-10T20:48:07.981+09:00 TRACE 86442 --- [learn-spring-boot] [           main] o.s.b.f.s.DefaultListableBeanFactory     : Returning cached instance of singleton bean 'autoConfigurationReport'
2024-09-10T20:48:07.981+09:00 TRACE 86442 --- [learn-spring-boot] [           main] o.s.b.f.s.DefaultListableBeanFactory     : Returning cached instance of singleton bean 'autoConfigurationReport'
2024-09-10T20:48:07.981+09:00 TRACE 86442 --- [learn-spring-boot] [           main] o.s.b.f.s.DefaultListableBeanFactory     : Returning cached instance of singleton bean 'autoConfigurationReport'
2024-09-10T20:48:07.981+09:00 TRACE 86442 --- [learn-spring-boot] [           main] o.s.b.f.s.DefaultListableBeanFactory     : Returning cached instance of singleton bean 'autoConfigurationReport'
2024-09-10T20:48:07.981+09:00 TRACE 86442 --- [learn-spring-boot] [           main] o.s.b.f.s.DefaultListableBeanFactory     : Returning cached instance of singleton bean 'autoConfigurationReport'
2024-09-10T20:48:07.984+09:00 TRACE 86442 --- [learn-spring-boot] [           main] s.b.a.a.e.c.OnAvailableEndpointCondition : Condition OnAvailableEndpointCondition on org.springframework.boot.actuate.autoconfigure.logging.LogFileWebEndpointAutoConfiguration did not match due to @ConditionalOnAvailableEndpoint not enabled or exposed
2024-09-10T20:48:07.984+09:00 TRACE 86442 --- [learn-spring-boot] [           main] o.s.b.f.s.DefaultListableBeanFactory     : Returning cached instance of singleton bean 'autoConfigurationReport'
2024-09-10T20:48:07.984+09:00 TRACE 86442 --- [learn-spring-boot] [           main] o.s.b.f.s.DefaultListableBeanFactory     : Returning cached instance of singleton bean 'autoConfigurationReport'
2024-09-10T20:48:07.984+09:00 TRACE 86442 --- [learn-spring-boot] [           main] o.s.b.f.s.DefaultListableBeanFactory     : Returning cached instance of singleton bean 'autoConfigurationReport'
2024-09-10T20:48:07.984+09:00 TRACE 86442 --- [learn-spring-boot] [           main] o.s.b.f.s.DefaultListableBeanFactory     : Returning cached instance of singleton bean 'autoConfigurationReport'
2024-09-10T20:48:07.984+09:00 TRACE 86442 --- [learn-spring-boot] [           main] o.s.b.f.s.DefaultListableBeanFactory     : Returning cached instance of singleton bean 'autoConfigurationReport'
2024-09-10T20:48:07.984+09:00 TRACE 86442 --- [learn-spring-boot] [           main] o.s.b.f.s.DefaultListableBeanFactory     : Returning cached instance of singleton bean 'autoConfigurationReport'
2024-09-10T20:48:07.984+09:00 TRACE 86442 --- [learn-spring-boot] [           main] o.s.b.f.s.DefaultListableBeanFactory     : Returning cached instance of singleton bean 'autoConfigurationReport'
2024-09-10T20:48:07.986+09:00 TRACE 86442 --- [learn-spring-boot] [           main] s.b.a.a.e.c.OnAvailableEndpointCondition : Condition OnAvailableEndpointCondition on org.springframework.boot.actuate.autoconfigure.logging.LoggersEndpointAutoConfiguration did not match due to @ConditionalOnAvailableEndpoint not enabled or exposed
2024-09-10T20:48:07.986+09:00 TRACE 86442 --- [learn-spring-boot] [           main] o.s.b.f.s.DefaultListableBeanFactory     : Returning cached instance of singleton bean 'autoConfigurationReport'
2024-09-10T20:48:07.986+09:00 TRACE 86442 --- [learn-spring-boot] [           main] o.s.b.f.s.DefaultListableBeanFactory     : Returning cached instance of singleton bean 'autoConfigurationReport'
2024-09-10T20:48:07.986+09:00 TRACE 86442 --- [learn-spring-boot] [           main] o.s.b.f.s.DefaultListableBeanFactory     : Returning cached instance of singleton bean 'autoConfigurationReport'
2024-09-10T20:48:07.986+09:00 TRACE 86442 --- [learn-spring-boot] [           main] o.s.b.f.s.DefaultListableBeanFactory     : Returning cached instance of singleton bean 'autoConfigurationReport'
2024-09-10T20:48:07.986+09:00 TRACE 86442 --- [learn-spring-boot] [           main] o.s.b.f.s.DefaultListableBeanFactory     : Returning cached instance of singleton bean 'autoConfigurationReport'
2024-09-10T20:48:07.986+09:00 TRACE 86442 --- [learn-spring-boot] [           main] o.s.b.f.s.DefaultListableBeanFactory     : Returning cached instance of singleton bean 'autoConfigurationReport'
2024-09-10T20:48:07.986+09:00 TRACE 86442 --- [learn-spring-boot] [           main] o.s.b.f.s.DefaultListableBeanFactory     : Returning cached instance of singleton bean 'autoConfigurationReport'
2024-09-10T20:48:07.987+09:00 TRACE 86442 --- [learn-spring-boot] [           main] s.b.a.a.e.c.OnAvailableEndpointCondition : Condition OnAvailableEndpointCondition on org.springframework.boot.actuate.autoconfigure.management.HeapDumpWebEndpointAutoConfiguration did not match due to @ConditionalOnAvailableEndpoint not enabled or exposed
2024-09-10T20:48:07.987+09:00 TRACE 86442 --- [learn-spring-boot] [           main] o.s.b.f.s.DefaultListableBeanFactory     : Returning cached instance of singleton bean 'autoConfigurationReport'
2024-09-10T20:48:07.987+09:00 TRACE 86442 --- [learn-spring-boot] [           main] o.s.b.f.s.DefaultListableBeanFactory     : Returning cached instance of singleton bean 'autoConfigurationReport'
2024-09-10T20:48:07.987+09:00 TRACE 86442 --- [learn-spring-boot] [           main] o.s.b.f.s.DefaultListableBeanFactory     : Returning cached instance of singleton bean 'autoConfigurationReport'
2024-09-10T20:48:07.987+09:00 TRACE 86442 --- [learn-spring-boot] [           main] o.s.b.f.s.DefaultListableBeanFactory     : Returning cached instance of singleton bean 'autoConfigurationReport'
2024-09-10T20:48:07.987+09:00 TRACE 86442 --- [learn-spring-boot] [           main] o.s.b.f.s.DefaultListableBeanFactory     : Returning cached instance of singleton bean 'autoConfigurationReport'
2024-09-10T20:48:07.987+09:00 TRACE 86442 --- [learn-spring-boot] [           main] o.s.b.f.s.DefaultListableBeanFactory     : Returning cached instance of singleton bean 'autoConfigurationReport'
2024-09-10T20:48:07.987+09:00 TRACE 86442 --- [learn-spring-boot] [           main] o.s.b.f.s.DefaultListableBeanFactory     : Returning cached instance of singleton bean 'autoConfigurationReport'
2024-09-10T20:48:07.988+09:00 TRACE 86442 --- [learn-spring-boot] [           main] s.b.a.a.e.c.OnAvailableEndpointCondition : Condition OnAvailableEndpointCondition on org.springframework.boot.actuate.autoconfigure.management.ThreadDumpEndpointAutoConfiguration did not match due to @ConditionalOnAvailableEndpoint not enabled or exposed
2024-09-10T20:48:07.988+09:00 TRACE 86442 --- [learn-spring-boot] [           main] o.s.b.f.s.DefaultListableBeanFactory     : Returning cached instance of singleton bean 'autoConfigurationReport'
2024-09-10T20:48:07.988+09:00 TRACE 86442 --- [learn-spring-boot] [           main] o.s.b.f.s.DefaultListableBeanFactory     : Returning cached instance of singleton bean 'autoConfigurationReport'
2024-09-10T20:48:07.988+09:00 TRACE 86442 --- [learn-spring-boot] [           main] o.s.b.f.s.DefaultListableBeanFactory     : Returning cached instance of singleton bean 'autoConfigurationReport'
2024-09-10T20:48:07.988+09:00 TRACE 86442 --- [learn-spring-boot] [           main] o.s.b.f.s.DefaultListableBeanFactory     : Returning cached instance of singleton bean 'autoConfigurationReport'
2024-09-10T20:48:07.988+09:00 TRACE 86442 --- [learn-spring-boot] [           main] o.s.b.f.s.DefaultListableBeanFactory     : Returning cached instance of singleton bean 'autoConfigurationReport'
2024-09-10T20:48:07.988+09:00 TRACE 86442 --- [learn-spring-boot] [           main] o.s.b.f.s.DefaultListableBeanFactory     : Returning cached instance of singleton bean 'autoConfigurationReport'
2024-09-10T20:48:07.988+09:00 TRACE 86442 --- [learn-spring-boot] [           main] o.s.b.f.s.DefaultListableBeanFactory     : Returning cached instance of singleton bean 'autoConfigurationReport'
2024-09-10T20:48:07.988+09:00 TRACE 86442 --- [learn-spring-boot] [           main] o.s.b.a.condition.OnClassCondition       : Condition OnClassCondition on org.springframework.boot.actuate.autoconfigure.metrics.MetricsAutoConfiguration matched due to @ConditionalOnClass found required class 'io.micrometer.core.annotation.Timed'
2024-09-10T20:48:07.988+09:00 TRACE 86442 --- [learn-spring-boot] [           main] o.s.b.f.s.DefaultListableBeanFactory     : Returning cached instance of singleton bean 'autoConfigurationReport'
2024-09-10T20:48:07.988+09:00 TRACE 86442 --- [learn-spring-boot] [           main] o.s.b.f.s.DefaultListableBeanFactory     : Returning cached instance of singleton bean 'autoConfigurationReport'
2024-09-10T20:48:07.988+09:00 TRACE 86442 --- [learn-spring-boot] [           main] o.s.b.f.s.DefaultListableBeanFactory     : Returning cached instance of singleton bean 'autoConfigurationReport'
2024-09-10T20:48:07.988+09:00 TRACE 86442 --- [learn-spring-boot] [           main] o.s.b.f.s.DefaultListableBeanFactory     : Returning cached instance of singleton bean 'autoConfigurationReport'
2024-09-10T20:48:07.989+09:00 TRACE 86442 --- [learn-spring-boot] [           main] o.s.b.f.s.DefaultListableBeanFactory     : Returning cached instance of singleton bean 'autoConfigurationReport'
2024-09-10T20:48:07.989+09:00 TRACE 86442 --- [learn-spring-boot] [           main] o.s.b.f.s.DefaultListableBeanFactory     : Returning cached instance of singleton bean 'autoConfigurationReport'
2024-09-10T20:48:07.989+09:00 TRACE 86442 --- [learn-spring-boot] [           main] o.s.b.f.s.DefaultListableBeanFactory     : Returning cached instance of singleton bean 'autoConfigurationReport'
2024-09-10T20:48:07.989+09:00 TRACE 86442 --- [learn-spring-boot] [           main] o.s.b.f.s.DefaultListableBeanFactory     : Returning cached instance of singleton bean 'autoConfigurationReport'
2024-09-10T20:48:07.989+09:00 TRACE 86442 --- [learn-spring-boot] [           main] o.s.b.f.s.DefaultListableBeanFactory     : Returning cached instance of singleton bean 'autoConfigurationReport'
2024-09-10T20:48:07.989+09:00 TRACE 86442 --- [learn-spring-boot] [           main] o.s.b.f.s.DefaultListableBeanFactory     : Returning cached instance of singleton bean 'autoConfigurationReport'
2024-09-10T20:48:07.991+09:00 TRACE 86442 --- [learn-spring-boot] [           main] .a.a.m.e.OnMetricsExportEnabledCondition : Condition OnMetricsExportEnabledCondition on org.springframework.boot.actuate.autoconfigure.metrics.export.simple.SimpleMetricsExportAutoConfiguration matched due to @ConditionalOnEnabledMetricsExport management.simple.metrics.export.enabled is true
2024-09-10T20:48:07.991+09:00 TRACE 86442 --- [learn-spring-boot] [           main] o.s.b.f.s.DefaultListableBeanFactory     : Returning cached instance of singleton bean 'autoConfigurationReport'
2024-09-10T20:48:07.991+09:00 TRACE 86442 --- [learn-spring-boot] [           main] o.s.b.f.s.DefaultListableBeanFactory     : Returning cached instance of singleton bean 'autoConfigurationReport'
2024-09-10T20:48:07.991+09:00 TRACE 86442 --- [learn-spring-boot] [           main] o.s.b.f.s.DefaultListableBeanFactory     : Returning cached instance of singleton bean 'autoConfigurationReport'
2024-09-10T20:48:07.991+09:00 TRACE 86442 --- [learn-spring-boot] [           main] o.s.b.f.s.DefaultListableBeanFactory     : Returning cached instance of singleton bean 'autoConfigurationReport'
2024-09-10T20:48:07.991+09:00 TRACE 86442 --- [learn-spring-boot] [           main] o.s.b.f.s.DefaultListableBeanFactory     : Returning cached instance of singleton bean 'autoConfigurationReport'
2024-09-10T20:48:07.991+09:00 TRACE 86442 --- [learn-spring-boot] [           main] o.s.b.f.s.DefaultListableBeanFactory     : Returning cached instance of singleton bean 'autoConfigurationReport'
2024-09-10T20:48:07.991+09:00 TRACE 86442 --- [learn-spring-boot] [           main] o.s.b.f.s.DefaultListableBeanFactory     : Returning cached instance of singleton bean 'autoConfigurationReport'
2024-09-10T20:48:07.991+09:00 TRACE 86442 --- [learn-spring-boot] [           main] o.s.b.f.s.DefaultListableBeanFactory     : Returning cached instance of singleton bean 'autoConfigurationReport'
2024-09-10T20:48:07.991+09:00 TRACE 86442 --- [learn-spring-boot] [           main] o.s.b.f.s.DefaultListableBeanFactory     : Returning cached instance of singleton bean 'autoConfigurationReport'
2024-09-10T20:48:07.991+09:00 TRACE 86442 --- [learn-spring-boot] [           main] o.s.b.f.s.DefaultListableBeanFactory     : Returning cached instance of singleton bean 'autoConfigurationReport'
2024-09-10T20:48:07.992+09:00 TRACE 86442 --- [learn-spring-boot] [           main] o.s.b.a.condition.OnClassCondition       : Condition OnClassCondition on org.springframework.boot.actuate.autoconfigure.metrics.CompositeMeterRegistryAutoConfiguration matched due to @ConditionalOnClass found required class 'io.micrometer.core.instrument.composite.CompositeMeterRegistry'
2024-09-10T20:48:07.992+09:00 TRACE 86442 --- [learn-spring-boot] [           main] o.s.b.f.s.DefaultListableBeanFactory     : Returning cached instance of singleton bean 'autoConfigurationReport'
2024-09-10T20:48:07.992+09:00 TRACE 86442 --- [learn-spring-boot] [           main] o.s.b.f.s.DefaultListableBeanFactory     : Returning cached instance of singleton bean 'autoConfigurationReport'
2024-09-10T20:48:07.992+09:00 TRACE 86442 --- [learn-spring-boot] [           main] o.s.b.f.s.DefaultListableBeanFactory     : Returning cached instance of singleton bean 'autoConfigurationReport'
2024-09-10T20:48:07.992+09:00 TRACE 86442 --- [learn-spring-boot] [           main] o.s.b.f.s.DefaultListableBeanFactory     : Returning cached instance of singleton bean 'autoConfigurationReport'
2024-09-10T20:48:07.993+09:00 TRACE 86442 --- [learn-spring-boot] [           main] o.s.b.f.s.DefaultListableBeanFactory     : Returning cached instance of singleton bean 'autoConfigurationReport'
2024-09-10T20:48:07.993+09:00 TRACE 86442 --- [learn-spring-boot] [           main] o.s.b.f.s.DefaultListableBeanFactory     : Returning cached instance of singleton bean 'autoConfigurationReport'
2024-09-10T20:48:07.993+09:00 TRACE 86442 --- [learn-spring-boot] [           main] o.s.b.f.s.DefaultListableBeanFactory     : Returning cached instance of singleton bean 'autoConfigurationReport'
2024-09-10T20:48:07.993+09:00 TRACE 86442 --- [learn-spring-boot] [           main] o.s.b.f.s.DefaultListableBeanFactory     : Returning cached instance of singleton bean 'autoConfigurationReport'
2024-09-10T20:48:07.993+09:00 TRACE 86442 --- [learn-spring-boot] [           main] o.s.b.f.s.DefaultListableBeanFactory     : Returning cached instance of singleton bean 'autoConfigurationReport'
2024-09-10T20:48:07.993+09:00 TRACE 86442 --- [learn-spring-boot] [           main] o.s.b.f.s.DefaultListableBeanFactory     : Returning cached instance of singleton bean 'autoConfigurationReport'
2024-09-10T20:48:07.994+09:00 TRACE 86442 --- [learn-spring-boot] [           main] o.s.b.f.s.DefaultListableBeanFactory     : Returning cached instance of singleton bean 'autoConfigurationReport'
2024-09-10T20:48:07.994+09:00 TRACE 86442 --- [learn-spring-boot] [           main] o.s.b.f.s.DefaultListableBeanFactory     : Returning cached instance of singleton bean 'autoConfigurationReport'
2024-09-10T20:48:07.994+09:00 TRACE 86442 --- [learn-spring-boot] [           main] o.s.b.f.s.DefaultListableBeanFactory     : Returning cached instance of singleton bean 'autoConfigurationReport'
2024-09-10T20:48:07.994+09:00 TRACE 86442 --- [learn-spring-boot] [           main] o.s.b.f.s.DefaultListableBeanFactory     : Returning cached instance of singleton bean 'autoConfigurationReport'
2024-09-10T20:48:07.994+09:00 TRACE 86442 --- [learn-spring-boot] [           main] o.s.b.f.s.DefaultListableBeanFactory     : Returning cached instance of singleton bean 'autoConfigurationReport'
2024-09-10T20:48:07.994+09:00 TRACE 86442 --- [learn-spring-boot] [           main] o.s.b.f.s.DefaultListableBeanFactory     : Returning cached instance of singleton bean 'autoConfigurationReport'
2024-09-10T20:48:07.994+09:00 TRACE 86442 --- [learn-spring-boot] [           main] o.s.b.a.condition.OnClassCondition       : Condition OnClassCondition on org.springframework.boot.actuate.autoconfigure.metrics.JvmMetricsAutoConfiguration matched due to @ConditionalOnClass found required class 'io.micrometer.core.instrument.MeterRegistry'
2024-09-10T20:48:07.994+09:00 TRACE 86442 --- [learn-spring-boot] [           main] o.s.b.f.s.DefaultListableBeanFactory     : Returning cached instance of singleton bean 'autoConfigurationReport'
2024-09-10T20:48:07.994+09:00 TRACE 86442 --- [learn-spring-boot] [           main] o.s.b.f.s.DefaultListableBeanFactory     : Returning cached instance of singleton bean 'autoConfigurationReport'
2024-09-10T20:48:07.994+09:00 TRACE 86442 --- [learn-spring-boot] [           main] o.s.b.f.s.DefaultListableBeanFactory     : Returning cached instance of singleton bean 'autoConfigurationReport'
2024-09-10T20:48:07.994+09:00 TRACE 86442 --- [learn-spring-boot] [           main] o.s.b.f.s.DefaultListableBeanFactory     : Returning cached instance of singleton bean 'autoConfigurationReport'
2024-09-10T20:48:07.994+09:00 TRACE 86442 --- [learn-spring-boot] [           main] o.s.b.f.s.DefaultListableBeanFactory     : Returning cached instance of singleton bean 'autoConfigurationReport'
2024-09-10T20:48:07.995+09:00 TRACE 86442 --- [learn-spring-boot] [           main] o.s.b.f.s.DefaultListableBeanFactory     : Returning cached instance of singleton bean 'autoConfigurationReport'
2024-09-10T20:48:07.995+09:00 TRACE 86442 --- [learn-spring-boot] [           main] o.s.b.f.s.DefaultListableBeanFactory     : Returning cached instance of singleton bean 'autoConfigurationReport'
2024-09-10T20:48:07.995+09:00 TRACE 86442 --- [learn-spring-boot] [           main] o.s.b.f.s.DefaultListableBeanFactory     : Returning cached instance of singleton bean 'autoConfigurationReport'
2024-09-10T20:48:07.995+09:00 TRACE 86442 --- [learn-spring-boot] [           main] o.s.b.f.s.DefaultListableBeanFactory     : Returning cached instance of singleton bean 'autoConfigurationReport'
2024-09-10T20:48:07.995+09:00 TRACE 86442 --- [learn-spring-boot] [           main] o.s.b.f.s.DefaultListableBeanFactory     : Returning cached instance of singleton bean 'autoConfigurationReport'
2024-09-10T20:48:07.995+09:00 TRACE 86442 --- [learn-spring-boot] [           main] o.s.b.a.condition.OnClassCondition       : Condition OnClassCondition on org.springframework.boot.actuate.autoconfigure.metrics.LogbackMetricsAutoConfiguration matched due to @ConditionalOnClass found required classes 'io.micrometer.core.instrument.MeterRegistry', 'ch.qos.logback.classic.LoggerContext', 'org.slf4j.LoggerFactory'
2024-09-10T20:48:07.995+09:00 TRACE 86442 --- [learn-spring-boot] [           main] o.s.b.f.s.DefaultListableBeanFactory     : Returning cached instance of singleton bean 'autoConfigurationReport'
2024-09-10T20:48:07.995+09:00 TRACE 86442 --- [learn-spring-boot] [           main] utoConfiguration$LogbackLoggingCondition : Condition LogbackMetricsAutoConfiguration.LogbackLoggingCondition on org.springframework.boot.actuate.autoconfigure.metrics.LogbackMetricsAutoConfiguration matched due to LogbackLoggingCondition ILoggerFactory is a Logback LoggerContext
2024-09-10T20:48:07.995+09:00 TRACE 86442 --- [learn-spring-boot] [           main] o.s.b.f.s.DefaultListableBeanFactory     : Returning cached instance of singleton bean 'autoConfigurationReport'
2024-09-10T20:48:07.995+09:00 TRACE 86442 --- [learn-spring-boot] [           main] o.s.b.f.s.DefaultListableBeanFactory     : Returning cached instance of singleton bean 'autoConfigurationReport'
2024-09-10T20:48:07.995+09:00 TRACE 86442 --- [learn-spring-boot] [           main] o.s.b.f.s.DefaultListableBeanFactory     : Returning cached instance of singleton bean 'autoConfigurationReport'
2024-09-10T20:48:07.995+09:00 TRACE 86442 --- [learn-spring-boot] [           main] o.s.b.f.s.DefaultListableBeanFactory     : Returning cached instance of singleton bean 'autoConfigurationReport'
2024-09-10T20:48:07.996+09:00 TRACE 86442 --- [learn-spring-boot] [           main] o.s.b.f.s.DefaultListableBeanFactory     : Returning cached instance of singleton bean 'autoConfigurationReport'
2024-09-10T20:48:07.996+09:00 TRACE 86442 --- [learn-spring-boot] [           main] o.s.b.f.s.DefaultListableBeanFactory     : Returning cached instance of singleton bean 'autoConfigurationReport'
2024-09-10T20:48:07.996+09:00 TRACE 86442 --- [learn-spring-boot] [           main] o.s.b.f.s.DefaultListableBeanFactory     : Returning cached instance of singleton bean 'autoConfigurationReport'
2024-09-10T20:48:07.996+09:00 TRACE 86442 --- [learn-spring-boot] [           main] o.s.b.f.s.DefaultListableBeanFactory     : Returning cached instance of singleton bean 'autoConfigurationReport'
2024-09-10T20:48:07.996+09:00 TRACE 86442 --- [learn-spring-boot] [           main] o.s.b.f.s.DefaultListableBeanFactory     : Returning cached instance of singleton bean 'autoConfigurationReport'
2024-09-10T20:48:07.996+09:00 TRACE 86442 --- [learn-spring-boot] [           main] o.s.b.f.s.DefaultListableBeanFactory     : Returning cached instance of singleton bean 'autoConfigurationReport'
2024-09-10T20:48:07.996+09:00 TRACE 86442 --- [learn-spring-boot] [           main] o.s.b.a.condition.OnClassCondition       : Condition OnClassCondition on org.springframework.boot.actuate.autoconfigure.metrics.MetricsEndpointAutoConfiguration matched due to @ConditionalOnClass found required class 'io.micrometer.core.annotation.Timed'
2024-09-10T20:48:07.996+09:00 TRACE 86442 --- [learn-spring-boot] [           main] o.s.b.f.s.DefaultListableBeanFactory     : Returning cached instance of singleton bean 'autoConfigurationReport'
2024-09-10T20:48:07.997+09:00 TRACE 86442 --- [learn-spring-boot] [           main] s.b.a.a.e.c.OnAvailableEndpointCondition : Condition OnAvailableEndpointCondition on org.springframework.boot.actuate.autoconfigure.metrics.MetricsEndpointAutoConfiguration did not match due to @ConditionalOnAvailableEndpoint not enabled or exposed
2024-09-10T20:48:07.997+09:00 TRACE 86442 --- [learn-spring-boot] [           main] o.s.b.f.s.DefaultListableBeanFactory     : Returning cached instance of singleton bean 'autoConfigurationReport'
2024-09-10T20:48:07.997+09:00 TRACE 86442 --- [learn-spring-boot] [           main] o.s.b.f.s.DefaultListableBeanFactory     : Returning cached instance of singleton bean 'autoConfigurationReport'
2024-09-10T20:48:07.997+09:00 TRACE 86442 --- [learn-spring-boot] [           main] o.s.b.f.s.DefaultListableBeanFactory     : Returning cached instance of singleton bean 'autoConfigurationReport'
2024-09-10T20:48:07.997+09:00 TRACE 86442 --- [learn-spring-boot] [           main] o.s.b.f.s.DefaultListableBeanFactory     : Returning cached instance of singleton bean 'autoConfigurationReport'
2024-09-10T20:48:07.997+09:00 TRACE 86442 --- [learn-spring-boot] [           main] o.s.b.f.s.DefaultListableBeanFactory     : Returning cached instance of singleton bean 'autoConfigurationReport'
2024-09-10T20:48:07.997+09:00 TRACE 86442 --- [learn-spring-boot] [           main] o.s.b.f.s.DefaultListableBeanFactory     : Returning cached instance of singleton bean 'autoConfigurationReport'
2024-09-10T20:48:07.997+09:00 TRACE 86442 --- [learn-spring-boot] [           main] o.s.b.f.s.DefaultListableBeanFactory     : Returning cached instance of singleton bean 'autoConfigurationReport'
2024-09-10T20:48:07.998+09:00 TRACE 86442 --- [learn-spring-boot] [           main] o.s.b.a.condition.OnClassCondition       : Condition OnClassCondition on org.springframework.boot.actuate.autoconfigure.metrics.SystemMetricsAutoConfiguration matched due to @ConditionalOnClass found required class 'io.micrometer.core.instrument.MeterRegistry'
2024-09-10T20:48:07.998+09:00 TRACE 86442 --- [learn-spring-boot] [           main] o.s.b.f.s.DefaultListableBeanFactory     : Returning cached instance of singleton bean 'autoConfigurationReport'
2024-09-10T20:48:07.998+09:00 TRACE 86442 --- [learn-spring-boot] [           main] o.s.b.f.s.DefaultListableBeanFactory     : Returning cached instance of singleton bean 'autoConfigurationReport'
2024-09-10T20:48:07.998+09:00 TRACE 86442 --- [learn-spring-boot] [           main] o.s.b.f.s.DefaultListableBeanFactory     : Returning cached instance of singleton bean 'autoConfigurationReport'
2024-09-10T20:48:07.998+09:00 TRACE 86442 --- [learn-spring-boot] [           main] o.s.b.f.s.DefaultListableBeanFactory     : Returning cached instance of singleton bean 'autoConfigurationReport'
2024-09-10T20:48:07.998+09:00 TRACE 86442 --- [learn-spring-boot] [           main] o.s.b.f.s.DefaultListableBeanFactory     : Returning cached instance of singleton bean 'autoConfigurationReport'
2024-09-10T20:48:07.998+09:00 TRACE 86442 --- [learn-spring-boot] [           main] o.s.b.f.s.DefaultListableBeanFactory     : Returning cached instance of singleton bean 'autoConfigurationReport'
2024-09-10T20:48:07.998+09:00 TRACE 86442 --- [learn-spring-boot] [           main] o.s.b.f.s.DefaultListableBeanFactory     : Returning cached instance of singleton bean 'autoConfigurationReport'
2024-09-10T20:48:07.998+09:00 TRACE 86442 --- [learn-spring-boot] [           main] o.s.b.f.s.DefaultListableBeanFactory     : Returning cached instance of singleton bean 'autoConfigurationReport'
2024-09-10T20:48:07.998+09:00 TRACE 86442 --- [learn-spring-boot] [           main] o.s.b.f.s.DefaultListableBeanFactory     : Returning cached instance of singleton bean 'autoConfigurationReport'
2024-09-10T20:48:07.998+09:00 TRACE 86442 --- [learn-spring-boot] [           main] o.s.b.f.s.DefaultListableBeanFactory     : Returning cached instance of singleton bean 'autoConfigurationReport'
2024-09-10T20:48:07.998+09:00 TRACE 86442 --- [learn-spring-boot] [           main] o.s.b.f.s.DefaultListableBeanFactory     : Returning cached instance of singleton bean 'autoConfigurationReport'
2024-09-10T20:48:07.999+09:00 TRACE 86442 --- [learn-spring-boot] [           main] o.s.b.f.s.DefaultListableBeanFactory     : Returning cached instance of singleton bean 'autoConfigurationReport'
2024-09-10T20:48:07.999+09:00 TRACE 86442 --- [learn-spring-boot] [           main] o.s.b.f.s.DefaultListableBeanFactory     : Returning cached instance of singleton bean 'autoConfigurationReport'
2024-09-10T20:48:07.999+09:00 TRACE 86442 --- [learn-spring-boot] [           main] o.s.b.a.condition.OnClassCondition       : Condition OnClassCondition on org.springframework.boot.actuate.autoconfigure.metrics.cache.CacheMeterBinderProvidersConfiguration matched due to @ConditionalOnClass found required class 'io.micrometer.core.instrument.binder.MeterBinder'
2024-09-10T20:48:07.999+09:00 TRACE 86442 --- [learn-spring-boot] [           main] o.s.b.f.s.DefaultListableBeanFactory     : Returning cached instance of singleton bean 'autoConfigurationReport'
2024-09-10T20:48:07.999+09:00 TRACE 86442 --- [learn-spring-boot] [           main] o.s.b.f.s.DefaultListableBeanFactory     : Returning cached instance of singleton bean 'autoConfigurationReport'
2024-09-10T20:48:07.999+09:00 TRACE 86442 --- [learn-spring-boot] [           main] o.s.b.f.s.DefaultListableBeanFactory     : Returning cached instance of singleton bean 'autoConfigurationReport'
2024-09-10T20:48:07.999+09:00 TRACE 86442 --- [learn-spring-boot] [           main] o.s.b.f.s.DefaultListableBeanFactory     : Returning cached instance of singleton bean 'autoConfigurationReport'
2024-09-10T20:48:08.001+09:00 TRACE 86442 --- [learn-spring-boot] [           main] o.s.b.a.condition.OnClassCondition       : Condition OnClassCondition on org.springframework.boot.actuate.autoconfigure.metrics.cache.CacheMeterBinderProvidersConfiguration$RedisCacheMeterBinderProviderConfiguration did not match due to @ConditionalOnClass did not find required class 'org.springframework.data.redis.cache.RedisCache'
2024-09-10T20:48:08.001+09:00 TRACE 86442 --- [learn-spring-boot] [           main] o.s.b.f.s.DefaultListableBeanFactory     : Returning cached instance of singleton bean 'autoConfigurationReport'
2024-09-10T20:48:08.001+09:00 TRACE 86442 --- [learn-spring-boot] [           main] o.s.b.a.condition.OnClassCondition       : Condition OnClassCondition on org.springframework.boot.actuate.autoconfigure.metrics.cache.CacheMeterBinderProvidersConfiguration$JCacheCacheMeterBinderProviderConfiguration did not match due to @ConditionalOnClass did not find required classes 'org.springframework.cache.jcache.JCacheCache', 'javax.cache.CacheManager'
2024-09-10T20:48:08.001+09:00 TRACE 86442 --- [learn-spring-boot] [           main] o.s.b.f.s.DefaultListableBeanFactory     : Returning cached instance of singleton bean 'autoConfigurationReport'
2024-09-10T20:48:08.001+09:00 TRACE 86442 --- [learn-spring-boot] [           main] o.s.b.a.condition.OnClassCondition       : Condition OnClassCondition on org.springframework.boot.actuate.autoconfigure.metrics.cache.CacheMeterBinderProvidersConfiguration$HazelcastCacheMeterBinderProviderConfiguration did not match due to @ConditionalOnClass did not find required classes 'com.hazelcast.spring.cache.HazelcastCache', 'com.hazelcast.core.Hazelcast'
2024-09-10T20:48:08.001+09:00 TRACE 86442 --- [learn-spring-boot] [           main] o.s.b.f.s.DefaultListableBeanFactory     : Returning cached instance of singleton bean 'autoConfigurationReport'
2024-09-10T20:48:08.001+09:00 TRACE 86442 --- [learn-spring-boot] [           main] o.s.b.a.condition.OnClassCondition       : Condition OnClassCondition on org.springframework.boot.actuate.autoconfigure.metrics.cache.CacheMeterBinderProvidersConfiguration$CaffeineCacheMeterBinderProviderConfiguration did not match due to @ConditionalOnClass did not find required classes 'org.springframework.cache.caffeine.CaffeineCache', 'com.github.benmanes.caffeine.cache.Cache'
2024-09-10T20:48:08.001+09:00 TRACE 86442 --- [learn-spring-boot] [           main] o.s.b.f.s.DefaultListableBeanFactory     : Returning cached instance of singleton bean 'autoConfigurationReport'
2024-09-10T20:48:08.002+09:00 TRACE 86442 --- [learn-spring-boot] [           main] o.s.b.a.condition.OnClassCondition       : Condition OnClassCondition on org.springframework.boot.actuate.autoconfigure.metrics.cache.CacheMeterBinderProvidersConfiguration$Cache2kCacheMeterBinderProviderConfiguration did not match due to @ConditionalOnClass did not find required classes 'org.cache2k.Cache2kBuilder', 'org.cache2k.extra.spring.SpringCache2kCache', 'org.cache2k.extra.micrometer.Cache2kCacheMetrics'
2024-09-10T20:48:08.002+09:00 TRACE 86442 --- [learn-spring-boot] [           main] o.s.b.f.s.DefaultListableBeanFactory     : Returning cached instance of singleton bean 'autoConfigurationReport'
2024-09-10T20:48:08.002+09:00 TRACE 86442 --- [learn-spring-boot] [           main] o.s.b.f.s.DefaultListableBeanFactory     : Returning cached instance of singleton bean 'autoConfigurationReport'
2024-09-10T20:48:08.002+09:00 TRACE 86442 --- [learn-spring-boot] [           main] o.s.b.f.s.DefaultListableBeanFactory     : Returning cached instance of singleton bean 'autoConfigurationReport'
2024-09-10T20:48:08.002+09:00 TRACE 86442 --- [learn-spring-boot] [           main] o.s.b.f.s.DefaultListableBeanFactory     : Returning cached instance of singleton bean 'autoConfigurationReport'
2024-09-10T20:48:08.002+09:00 TRACE 86442 --- [learn-spring-boot] [           main] o.s.b.f.s.DefaultListableBeanFactory     : Returning cached instance of singleton bean 'autoConfigurationReport'
2024-09-10T20:48:08.002+09:00 TRACE 86442 --- [learn-spring-boot] [           main] o.s.b.f.s.DefaultListableBeanFactory     : Returning cached instance of singleton bean 'autoConfigurationReport'
2024-09-10T20:48:08.002+09:00 TRACE 86442 --- [learn-spring-boot] [           main] o.s.b.f.s.DefaultListableBeanFactory     : Returning cached instance of singleton bean 'autoConfigurationReport'
2024-09-10T20:48:08.002+09:00 TRACE 86442 --- [learn-spring-boot] [           main] o.s.b.f.s.DefaultListableBeanFactory     : Returning cached instance of singleton bean 'autoConfigurationReport'
2024-09-10T20:48:08.002+09:00 TRACE 86442 --- [learn-spring-boot] [           main] o.s.b.f.s.DefaultListableBeanFactory     : Returning cached instance of singleton bean 'autoConfigurationReport'
2024-09-10T20:48:08.002+09:00 TRACE 86442 --- [learn-spring-boot] [           main] o.s.b.f.s.DefaultListableBeanFactory     : Returning cached instance of singleton bean 'autoConfigurationReport'
2024-09-10T20:48:08.002+09:00 TRACE 86442 --- [learn-spring-boot] [           main] o.s.b.f.s.DefaultListableBeanFactory     : Returning cached instance of singleton bean 'autoConfigurationReport'
2024-09-10T20:48:08.002+09:00 TRACE 86442 --- [learn-spring-boot] [           main] o.s.b.f.s.DefaultListableBeanFactory     : Returning cached instance of singleton bean 'autoConfigurationReport'
2024-09-10T20:48:08.002+09:00 TRACE 86442 --- [learn-spring-boot] [           main] o.s.b.f.s.DefaultListableBeanFactory     : Returning cached instance of singleton bean 'autoConfigurationReport'
2024-09-10T20:48:08.002+09:00 TRACE 86442 --- [learn-spring-boot] [           main] o.s.b.f.s.DefaultListableBeanFactory     : Returning cached instance of singleton bean 'autoConfigurationReport'
2024-09-10T20:48:08.003+09:00 TRACE 86442 --- [learn-spring-boot] [           main] o.s.b.f.s.DefaultListableBeanFactory     : Returning cached instance of singleton bean 'autoConfigurationReport'
2024-09-10T20:48:08.003+09:00 TRACE 86442 --- [learn-spring-boot] [           main] o.s.b.f.s.DefaultListableBeanFactory     : Returning cached instance of singleton bean 'autoConfigurationReport'
2024-09-10T20:48:08.003+09:00 TRACE 86442 --- [learn-spring-boot] [           main] o.s.b.f.s.DefaultListableBeanFactory     : Returning cached instance of singleton bean 'autoConfigurationReport'
2024-09-10T20:48:08.003+09:00 TRACE 86442 --- [learn-spring-boot] [           main] o.s.b.f.s.DefaultListableBeanFactory     : Returning cached instance of singleton bean 'autoConfigurationReport'
2024-09-10T20:48:08.003+09:00 TRACE 86442 --- [learn-spring-boot] [           main] o.s.b.f.s.DefaultListableBeanFactory     : Returning cached instance of singleton bean 'autoConfigurationReport'
2024-09-10T20:48:08.003+09:00 TRACE 86442 --- [learn-spring-boot] [           main] o.s.b.a.condition.OnClassCondition       : Condition OnClassCondition on org.springframework.boot.actuate.autoconfigure.metrics.jdbc.DataSourcePoolMetricsAutoConfiguration matched due to @ConditionalOnClass found required classes 'javax.sql.DataSource', 'io.micrometer.core.instrument.MeterRegistry'
2024-09-10T20:48:08.003+09:00 TRACE 86442 --- [learn-spring-boot] [           main] o.s.b.f.s.DefaultListableBeanFactory     : Returning cached instance of singleton bean 'autoConfigurationReport'
2024-09-10T20:48:08.003+09:00 TRACE 86442 --- [learn-spring-boot] [           main] o.s.b.f.s.DefaultListableBeanFactory     : Returning cached instance of singleton bean 'autoConfigurationReport'
2024-09-10T20:48:08.003+09:00 TRACE 86442 --- [learn-spring-boot] [           main] o.s.b.f.s.DefaultListableBeanFactory     : Returning cached instance of singleton bean 'autoConfigurationReport'
2024-09-10T20:48:08.003+09:00 TRACE 86442 --- [learn-spring-boot] [           main] o.s.b.f.s.DefaultListableBeanFactory     : Returning cached instance of singleton bean 'autoConfigurationReport'
2024-09-10T20:48:08.004+09:00 TRACE 86442 --- [learn-spring-boot] [           main] o.s.b.a.condition.OnClassCondition       : Condition OnClassCondition on org.springframework.boot.actuate.autoconfigure.metrics.jdbc.DataSourcePoolMetricsAutoConfiguration$HikariDataSourceMetricsConfiguration did not match due to @ConditionalOnClass did not find required class 'com.zaxxer.hikari.HikariDataSource'
2024-09-10T20:48:08.004+09:00 TRACE 86442 --- [learn-spring-boot] [           main] o.s.b.f.s.DefaultListableBeanFactory     : Returning cached instance of singleton bean 'autoConfigurationReport'
2024-09-10T20:48:08.004+09:00 TRACE 86442 --- [learn-spring-boot] [           main] o.s.b.f.s.DefaultListableBeanFactory     : Returning cached instance of singleton bean 'autoConfigurationReport'
2024-09-10T20:48:08.004+09:00 TRACE 86442 --- [learn-spring-boot] [           main] o.s.b.f.s.DefaultListableBeanFactory     : Returning cached instance of singleton bean 'autoConfigurationReport'
2024-09-10T20:48:08.004+09:00 TRACE 86442 --- [learn-spring-boot] [           main] o.s.b.f.s.DefaultListableBeanFactory     : Returning cached instance of singleton bean 'autoConfigurationReport'
2024-09-10T20:48:08.004+09:00 TRACE 86442 --- [learn-spring-boot] [           main] o.s.b.f.s.DefaultListableBeanFactory     : Returning cached instance of singleton bean 'autoConfigurationReport'
2024-09-10T20:48:08.004+09:00 TRACE 86442 --- [learn-spring-boot] [           main] o.s.b.f.s.DefaultListableBeanFactory     : Returning cached instance of singleton bean 'autoConfigurationReport'
2024-09-10T20:48:08.004+09:00 TRACE 86442 --- [learn-spring-boot] [           main] o.s.b.f.s.DefaultListableBeanFactory     : Returning cached instance of singleton bean 'autoConfigurationReport'
2024-09-10T20:48:08.004+09:00 TRACE 86442 --- [learn-spring-boot] [           main] o.s.b.f.s.DefaultListableBeanFactory     : Returning cached instance of singleton bean 'autoConfigurationReport'
2024-09-10T20:48:08.004+09:00 TRACE 86442 --- [learn-spring-boot] [           main] o.s.b.f.s.DefaultListableBeanFactory     : Returning cached instance of singleton bean 'autoConfigurationReport'
2024-09-10T20:48:08.004+09:00 TRACE 86442 --- [learn-spring-boot] [           main] o.s.b.f.s.DefaultListableBeanFactory     : Returning cached instance of singleton bean 'autoConfigurationReport'
2024-09-10T20:48:08.005+09:00 TRACE 86442 --- [learn-spring-boot] [           main] o.s.b.a.condition.OnClassCondition       : Condition OnClassCondition on org.springframework.boot.actuate.autoconfigure.metrics.startup.StartupTimeMetricsListenerAutoConfiguration matched due to @ConditionalOnClass found required class 'io.micrometer.core.instrument.MeterRegistry'
2024-09-10T20:48:08.005+09:00 TRACE 86442 --- [learn-spring-boot] [           main] o.s.b.f.s.DefaultListableBeanFactory     : Returning cached instance of singleton bean 'autoConfigurationReport'
2024-09-10T20:48:08.005+09:00 TRACE 86442 --- [learn-spring-boot] [           main] o.s.b.f.s.DefaultListableBeanFactory     : Returning cached instance of singleton bean 'autoConfigurationReport'
2024-09-10T20:48:08.005+09:00 TRACE 86442 --- [learn-spring-boot] [           main] o.s.b.f.s.DefaultListableBeanFactory     : Returning cached instance of singleton bean 'autoConfigurationReport'
2024-09-10T20:48:08.005+09:00 TRACE 86442 --- [learn-spring-boot] [           main] o.s.b.f.s.DefaultListableBeanFactory     : Returning cached instance of singleton bean 'autoConfigurationReport'
2024-09-10T20:48:08.005+09:00 TRACE 86442 --- [learn-spring-boot] [           main] o.s.b.f.s.DefaultListableBeanFactory     : Returning cached instance of singleton bean 'autoConfigurationReport'
2024-09-10T20:48:08.005+09:00 TRACE 86442 --- [learn-spring-boot] [           main] o.s.b.f.s.DefaultListableBeanFactory     : Returning cached instance of singleton bean 'autoConfigurationReport'
2024-09-10T20:48:08.005+09:00 TRACE 86442 --- [learn-spring-boot] [           main] o.s.b.f.s.DefaultListableBeanFactory     : Returning cached instance of singleton bean 'autoConfigurationReport'
2024-09-10T20:48:08.005+09:00 TRACE 86442 --- [learn-spring-boot] [           main] o.s.b.f.s.DefaultListableBeanFactory     : Returning cached instance of singleton bean 'autoConfigurationReport'
2024-09-10T20:48:08.005+09:00 TRACE 86442 --- [learn-spring-boot] [           main] o.s.b.f.s.DefaultListableBeanFactory     : Returning cached instance of singleton bean 'autoConfigurationReport'
2024-09-10T20:48:08.005+09:00 TRACE 86442 --- [learn-spring-boot] [           main] o.s.b.f.s.DefaultListableBeanFactory     : Returning cached instance of singleton bean 'autoConfigurationReport'
2024-09-10T20:48:08.005+09:00 TRACE 86442 --- [learn-spring-boot] [           main] o.s.b.a.condition.OnClassCondition       : Condition OnClassCondition on org.springframework.boot.autoconfigure.task.TaskSchedulingAutoConfiguration matched due to @ConditionalOnClass found required class 'org.springframework.scheduling.concurrent.ThreadPoolTaskScheduler'
2024-09-10T20:48:08.005+09:00 TRACE 86442 --- [learn-spring-boot] [           main] o.s.b.f.s.DefaultListableBeanFactory     : Returning cached instance of singleton bean 'autoConfigurationReport'
2024-09-10T20:48:08.005+09:00 TRACE 86442 --- [learn-spring-boot] [           main] o.s.b.f.s.DefaultListableBeanFactory     : Returning cached instance of singleton bean 'autoConfigurationReport'
2024-09-10T20:48:08.005+09:00 TRACE 86442 --- [learn-spring-boot] [           main] o.s.b.f.s.DefaultListableBeanFactory     : Returning cached instance of singleton bean 'autoConfigurationReport'
2024-09-10T20:48:08.005+09:00 TRACE 86442 --- [learn-spring-boot] [           main] o.s.b.f.s.DefaultListableBeanFactory     : Returning cached instance of singleton bean 'autoConfigurationReport'
2024-09-10T20:48:08.006+09:00 TRACE 86442 --- [learn-spring-boot] [           main] o.s.b.f.s.DefaultListableBeanFactory     : Returning cached instance of singleton bean 'autoConfigurationReport'
2024-09-10T20:48:08.006+09:00 TRACE 86442 --- [learn-spring-boot] [           main] o.s.b.f.s.DefaultListableBeanFactory     : Returning cached instance of singleton bean 'autoConfigurationReport'
2024-09-10T20:48:08.006+09:00 TRACE 86442 --- [learn-spring-boot] [           main] o.s.b.f.s.DefaultListableBeanFactory     : Returning cached instance of singleton bean 'autoConfigurationReport'
2024-09-10T20:48:08.006+09:00 TRACE 86442 --- [learn-spring-boot] [           main] o.s.b.f.s.DefaultListableBeanFactory     : Returning cached instance of singleton bean 'autoConfigurationReport'
2024-09-10T20:48:08.006+09:00 TRACE 86442 --- [learn-spring-boot] [           main] o.s.b.f.s.DefaultListableBeanFactory     : Returning cached instance of singleton bean 'autoConfigurationReport'
2024-09-10T20:48:08.006+09:00 TRACE 86442 --- [learn-spring-boot] [           main] o.s.b.f.s.DefaultListableBeanFactory     : Returning cached instance of singleton bean 'autoConfigurationReport'
2024-09-10T20:48:08.006+09:00 TRACE 86442 --- [learn-spring-boot] [           main] o.s.b.f.s.DefaultListableBeanFactory     : Returning cached instance of singleton bean 'autoConfigurationReport'
2024-09-10T20:48:08.006+09:00 TRACE 86442 --- [learn-spring-boot] [           main] o.s.b.f.s.DefaultListableBeanFactory     : Returning cached instance of singleton bean 'autoConfigurationReport'
2024-09-10T20:48:08.006+09:00 TRACE 86442 --- [learn-spring-boot] [           main] o.s.b.f.s.DefaultListableBeanFactory     : Returning cached instance of singleton bean 'autoConfigurationReport'
2024-09-10T20:48:08.007+09:00 TRACE 86442 --- [learn-spring-boot] [           main] o.s.b.f.s.DefaultListableBeanFactory     : Returning cached instance of singleton bean 'autoConfigurationReport'
2024-09-10T20:48:08.007+09:00 TRACE 86442 --- [learn-spring-boot] [           main] o.s.b.f.s.DefaultListableBeanFactory     : Returning cached instance of singleton bean 'autoConfigurationReport'
2024-09-10T20:48:08.007+09:00 TRACE 86442 --- [learn-spring-boot] [           main] o.s.b.f.s.DefaultListableBeanFactory     : Returning cached instance of singleton bean 'autoConfigurationReport'
2024-09-10T20:48:08.007+09:00 TRACE 86442 --- [learn-spring-boot] [           main] o.s.b.f.s.DefaultListableBeanFactory     : Returning cached instance of singleton bean 'autoConfigurationReport'
2024-09-10T20:48:08.007+09:00 TRACE 86442 --- [learn-spring-boot] [           main] o.s.b.f.s.DefaultListableBeanFactory     : Returning cached instance of singleton bean 'autoConfigurationReport'
2024-09-10T20:48:08.007+09:00 TRACE 86442 --- [learn-spring-boot] [           main] o.s.b.f.s.DefaultListableBeanFactory     : Returning cached instance of singleton bean 'autoConfigurationReport'
2024-09-10T20:48:08.007+09:00 TRACE 86442 --- [learn-spring-boot] [           main] o.s.b.a.condition.OnClassCondition       : Condition OnClassCondition on org.springframework.boot.actuate.autoconfigure.metrics.task.TaskExecutorMetricsAutoConfiguration matched due to @ConditionalOnClass found required class 'io.micrometer.core.instrument.binder.jvm.ExecutorServiceMetrics'
2024-09-10T20:48:08.007+09:00 TRACE 86442 --- [learn-spring-boot] [           main] o.s.b.f.s.DefaultListableBeanFactory     : Returning cached instance of singleton bean 'autoConfigurationReport'
2024-09-10T20:48:08.007+09:00 TRACE 86442 --- [learn-spring-boot] [           main] o.s.b.f.s.DefaultListableBeanFactory     : Returning cached instance of singleton bean 'autoConfigurationReport'
2024-09-10T20:48:08.007+09:00 TRACE 86442 --- [learn-spring-boot] [           main] o.s.b.f.s.DefaultListableBeanFactory     : Returning cached instance of singleton bean 'autoConfigurationReport'
2024-09-10T20:48:08.007+09:00 TRACE 86442 --- [learn-spring-boot] [           main] o.s.b.f.s.DefaultListableBeanFactory     : Returning cached instance of singleton bean 'autoConfigurationReport'
2024-09-10T20:48:08.007+09:00 TRACE 86442 --- [learn-spring-boot] [           main] o.s.b.f.s.DefaultListableBeanFactory     : Returning cached instance of singleton bean 'autoConfigurationReport'
2024-09-10T20:48:08.007+09:00 TRACE 86442 --- [learn-spring-boot] [           main] o.s.b.f.s.DefaultListableBeanFactory     : Returning cached instance of singleton bean 'autoConfigurationReport'
2024-09-10T20:48:08.007+09:00 TRACE 86442 --- [learn-spring-boot] [           main] o.s.b.f.s.DefaultListableBeanFactory     : Returning cached instance of singleton bean 'autoConfigurationReport'
2024-09-10T20:48:08.007+09:00 TRACE 86442 --- [learn-spring-boot] [           main] o.s.b.f.s.DefaultListableBeanFactory     : Returning cached instance of singleton bean 'autoConfigurationReport'
2024-09-10T20:48:08.007+09:00 TRACE 86442 --- [learn-spring-boot] [           main] o.s.b.f.s.DefaultListableBeanFactory     : Returning cached instance of singleton bean 'autoConfigurationReport'
2024-09-10T20:48:08.007+09:00 TRACE 86442 --- [learn-spring-boot] [           main] o.s.b.f.s.DefaultListableBeanFactory     : Returning cached instance of singleton bean 'autoConfigurationReport'
2024-09-10T20:48:08.008+09:00 TRACE 86442 --- [learn-spring-boot] [           main] o.s.b.a.condition.OnClassCondition       : Condition OnClassCondition on org.springframework.boot.actuate.autoconfigure.metrics.web.tomcat.TomcatMetricsAutoConfiguration matched due to @ConditionalOnClass found required classes 'io.micrometer.core.instrument.binder.tomcat.TomcatMetrics', 'org.apache.catalina.Manager'
2024-09-10T20:48:08.008+09:00 TRACE 86442 --- [learn-spring-boot] [           main] o.s.b.f.s.DefaultListableBeanFactory     : Returning cached instance of singleton bean 'autoConfigurationReport'
2024-09-10T20:48:08.008+09:00 TRACE 86442 --- [learn-spring-boot] [           main] o.s.b.a.c.OnWebApplicationCondition      : Condition OnWebApplicationCondition on org.springframework.boot.actuate.autoconfigure.metrics.web.tomcat.TomcatMetricsAutoConfiguration matched due to @ConditionalOnWebApplication (required) found 'session' scope
2024-09-10T20:48:08.008+09:00 TRACE 86442 --- [learn-spring-boot] [           main] o.s.b.f.s.DefaultListableBeanFactory     : Returning cached instance of singleton bean 'autoConfigurationReport'
2024-09-10T20:48:08.008+09:00 TRACE 86442 --- [learn-spring-boot] [           main] o.s.b.f.s.DefaultListableBeanFactory     : Returning cached instance of singleton bean 'autoConfigurationReport'
2024-09-10T20:48:08.008+09:00 TRACE 86442 --- [learn-spring-boot] [           main] o.s.b.f.s.DefaultListableBeanFactory     : Returning cached instance of singleton bean 'autoConfigurationReport'
2024-09-10T20:48:08.008+09:00 TRACE 86442 --- [learn-spring-boot] [           main] o.s.b.f.s.DefaultListableBeanFactory     : Returning cached instance of singleton bean 'autoConfigurationReport'
2024-09-10T20:48:08.008+09:00 TRACE 86442 --- [learn-spring-boot] [           main] o.s.b.f.s.DefaultListableBeanFactory     : Returning cached instance of singleton bean 'autoConfigurationReport'
2024-09-10T20:48:08.008+09:00 TRACE 86442 --- [learn-spring-boot] [           main] o.s.b.f.s.DefaultListableBeanFactory     : Returning cached instance of singleton bean 'autoConfigurationReport'
2024-09-10T20:48:08.008+09:00 TRACE 86442 --- [learn-spring-boot] [           main] o.s.b.f.s.DefaultListableBeanFactory     : Returning cached instance of singleton bean 'autoConfigurationReport'
2024-09-10T20:48:08.008+09:00 TRACE 86442 --- [learn-spring-boot] [           main] o.s.b.f.s.DefaultListableBeanFactory     : Returning cached instance of singleton bean 'autoConfigurationReport'
2024-09-10T20:48:08.008+09:00 TRACE 86442 --- [learn-spring-boot] [           main] o.s.b.f.s.DefaultListableBeanFactory     : Returning cached instance of singleton bean 'autoConfigurationReport'
2024-09-10T20:48:08.008+09:00 TRACE 86442 --- [learn-spring-boot] [           main] o.s.b.f.s.DefaultListableBeanFactory     : Returning cached instance of singleton bean 'autoConfigurationReport'
2024-09-10T20:48:08.008+09:00 TRACE 86442 --- [learn-spring-boot] [           main] o.s.b.a.condition.OnClassCondition       : Condition OnClassCondition on org.springframework.boot.actuate.autoconfigure.observation.ObservationAutoConfiguration matched due to @ConditionalOnClass found required class 'io.micrometer.observation.ObservationRegistry'
2024-09-10T20:48:08.009+09:00 TRACE 86442 --- [learn-spring-boot] [           main] o.s.b.f.s.DefaultListableBeanFactory     : Returning cached instance of singleton bean 'autoConfigurationReport'
2024-09-10T20:48:08.009+09:00 TRACE 86442 --- [learn-spring-boot] [           main] o.s.b.f.s.DefaultListableBeanFactory     : Returning cached instance of singleton bean 'autoConfigurationReport'
2024-09-10T20:48:08.009+09:00 TRACE 86442 --- [learn-spring-boot] [           main] o.s.b.f.s.DefaultListableBeanFactory     : Returning cached instance of singleton bean 'autoConfigurationReport'
2024-09-10T20:48:08.009+09:00 TRACE 86442 --- [learn-spring-boot] [           main] o.s.b.f.s.DefaultListableBeanFactory     : Returning cached instance of singleton bean 'autoConfigurationReport'
2024-09-10T20:48:08.010+09:00 TRACE 86442 --- [learn-spring-boot] [           main] o.s.b.a.condition.OnClassCondition       : Condition OnClassCondition on org.springframework.boot.actuate.autoconfigure.observation.ObservationAutoConfiguration$ObservedAspectConfiguration did not match due to @ConditionalOnClass did not find required class 'org.aspectj.weaver.Advice'
2024-09-10T20:48:08.010+09:00 TRACE 86442 --- [learn-spring-boot] [           main] o.s.b.f.s.DefaultListableBeanFactory     : Returning cached instance of singleton bean 'autoConfigurationReport'
2024-09-10T20:48:08.010+09:00 TRACE 86442 --- [learn-spring-boot] [           main] o.s.b.f.s.DefaultListableBeanFactory     : Returning cached instance of singleton bean 'autoConfigurationReport'
2024-09-10T20:48:08.010+09:00 TRACE 86442 --- [learn-spring-boot] [           main] o.s.b.f.s.DefaultListableBeanFactory     : Returning cached instance of singleton bean 'autoConfigurationReport'
2024-09-10T20:48:08.010+09:00 TRACE 86442 --- [learn-spring-boot] [           main] o.s.b.f.s.DefaultListableBeanFactory     : Returning cached instance of singleton bean 'autoConfigurationReport'
2024-09-10T20:48:08.011+09:00 TRACE 86442 --- [learn-spring-boot] [           main] o.s.b.f.s.DefaultListableBeanFactory     : Returning cached instance of singleton bean 'autoConfigurationReport'
2024-09-10T20:48:08.011+09:00 TRACE 86442 --- [learn-spring-boot] [           main] o.s.b.f.s.DefaultListableBeanFactory     : Returning cached instance of singleton bean 'autoConfigurationReport'
2024-09-10T20:48:08.011+09:00 TRACE 86442 --- [learn-spring-boot] [           main] o.s.b.f.s.DefaultListableBeanFactory     : Returning cached instance of singleton bean 'autoConfigurationReport'
2024-09-10T20:48:08.011+09:00 TRACE 86442 --- [learn-spring-boot] [           main] o.s.b.a.condition.OnBeanCondition        : Condition OnBeanCondition on org.springframework.boot.actuate.autoconfigure.observation.ObservationAutoConfiguration$MeterObservationHandlerConfiguration$TracingAndMetricsObservationHandlerConfiguration did not match due to @ConditionalOnBean did not find required type 'io.micrometer.tracing.Tracer'
2024-09-10T20:48:08.011+09:00 TRACE 86442 --- [learn-spring-boot] [           main] o.s.b.a.AutoConfigurationImportSelector  : Filtered 1 auto configuration class in 0 ms
2024-09-10T20:48:08.011+09:00 TRACE 86442 --- [learn-spring-boot] [           main] o.s.b.f.s.DefaultListableBeanFactory     : Returning cached instance of singleton bean 'autoConfigurationReport'
2024-09-10T20:48:08.011+09:00 TRACE 86442 --- [learn-spring-boot] [           main] o.s.b.f.s.DefaultListableBeanFactory     : Returning cached instance of singleton bean 'autoConfigurationReport'
2024-09-10T20:48:08.011+09:00 TRACE 86442 --- [learn-spring-boot] [           main] o.s.b.f.s.DefaultListableBeanFactory     : Returning cached instance of singleton bean 'autoConfigurationReport'
2024-09-10T20:48:08.011+09:00 TRACE 86442 --- [learn-spring-boot] [           main] o.s.b.a.condition.OnClassCondition       : Condition OnClassCondition on org.springframework.boot.actuate.autoconfigure.observation.ObservationAutoConfiguration$MetricsWithTracingConfiguration did not match due to @ConditionalOnClass did not find required class 'io.micrometer.tracing.Tracer'
2024-09-10T20:48:08.011+09:00 TRACE 86442 --- [learn-spring-boot] [           main] o.s.b.f.s.DefaultListableBeanFactory     : Returning cached instance of singleton bean 'autoConfigurationReport'
2024-09-10T20:48:08.011+09:00 TRACE 86442 --- [learn-spring-boot] [           main] o.s.b.a.condition.OnClassCondition       : Condition OnClassCondition on org.springframework.boot.actuate.autoconfigure.observation.ObservationAutoConfiguration$OnlyTracingConfiguration did not match due to @ConditionalOnClass did not find required class 'io.micrometer.tracing.Tracer'
2024-09-10T20:48:08.011+09:00 TRACE 86442 --- [learn-spring-boot] [           main] o.s.b.f.s.DefaultListableBeanFactory     : Returning cached instance of singleton bean 'autoConfigurationReport'
2024-09-10T20:48:08.012+09:00 TRACE 86442 --- [learn-spring-boot] [           main] o.s.b.a.condition.OnClassCondition       : Condition OnClassCondition on org.springframework.boot.actuate.autoconfigure.observation.ObservationAutoConfiguration$OnlyMetricsConfiguration matched due to @ConditionalOnClass found required class 'io.micrometer.core.instrument.MeterRegistry'; @ConditionalOnMissingClass did not find unwanted class 'io.micrometer.tracing.Tracer'
2024-09-10T20:48:08.012+09:00 TRACE 86442 --- [learn-spring-boot] [           main] o.s.b.f.s.DefaultListableBeanFactory     : Returning cached instance of singleton bean 'autoConfigurationReport'
2024-09-10T20:48:08.012+09:00 TRACE 86442 --- [learn-spring-boot] [           main] o.s.b.a.condition.OnClassCondition       : Condition OnClassCondition on org.springframework.boot.actuate.autoconfigure.observation.ObservationAutoConfiguration$OnlyMetricsConfiguration matched due to @ConditionalOnClass found required class 'io.micrometer.core.instrument.MeterRegistry'; @ConditionalOnMissingClass did not find unwanted class 'io.micrometer.tracing.Tracer'
2024-09-10T20:48:08.012+09:00 TRACE 86442 --- [learn-spring-boot] [           main] o.s.b.f.s.DefaultListableBeanFactory     : Returning cached instance of singleton bean 'autoConfigurationReport'
2024-09-10T20:48:08.012+09:00 TRACE 86442 --- [learn-spring-boot] [           main] o.s.b.f.s.DefaultListableBeanFactory     : Returning cached instance of singleton bean 'autoConfigurationReport'
2024-09-10T20:48:08.012+09:00 TRACE 86442 --- [learn-spring-boot] [           main] o.s.b.f.s.DefaultListableBeanFactory     : Returning cached instance of singleton bean 'autoConfigurationReport'
2024-09-10T20:48:08.012+09:00 TRACE 86442 --- [learn-spring-boot] [           main] o.s.b.f.s.DefaultListableBeanFactory     : Returning cached instance of singleton bean 'autoConfigurationReport'
2024-09-10T20:48:08.013+09:00 TRACE 86442 --- [learn-spring-boot] [           main] o.s.b.f.s.DefaultListableBeanFactory     : Returning cached instance of singleton bean 'autoConfigurationReport'
2024-09-10T20:48:08.013+09:00 TRACE 86442 --- [learn-spring-boot] [           main] o.s.b.f.s.DefaultListableBeanFactory     : Returning cached instance of singleton bean 'autoConfigurationReport'
2024-09-10T20:48:08.013+09:00 TRACE 86442 --- [learn-spring-boot] [           main] o.s.b.f.s.DefaultListableBeanFactory     : Returning cached instance of singleton bean 'autoConfigurationReport'
2024-09-10T20:48:08.013+09:00 TRACE 86442 --- [learn-spring-boot] [           main] o.s.b.f.s.DefaultListableBeanFactory     : Returning cached instance of singleton bean 'autoConfigurationReport'
2024-09-10T20:48:08.013+09:00 TRACE 86442 --- [learn-spring-boot] [           main] o.s.b.f.s.DefaultListableBeanFactory     : Returning cached instance of singleton bean 'autoConfigurationReport'
2024-09-10T20:48:08.013+09:00 TRACE 86442 --- [learn-spring-boot] [           main] o.s.b.f.s.DefaultListableBeanFactory     : Returning cached instance of singleton bean 'autoConfigurationReport'
2024-09-10T20:48:08.013+09:00 TRACE 86442 --- [learn-spring-boot] [           main] o.s.b.a.condition.OnClassCondition       : Condition OnClassCondition on org.springframework.boot.autoconfigure.http.HttpMessageConvertersAutoConfiguration matched due to @ConditionalOnClass found required class 'org.springframework.http.converter.HttpMessageConverter'
2024-09-10T20:48:08.013+09:00 TRACE 86442 --- [learn-spring-boot] [           main] o.s.b.f.s.DefaultListableBeanFactory     : Returning cached instance of singleton bean 'autoConfigurationReport'
2024-09-10T20:48:08.017+09:00 TRACE 86442 --- [learn-spring-boot] [           main] ation$NotReactiveWebApplicationCondition : Condition HttpMessageConvertersAutoConfiguration.NotReactiveWebApplicationCondition on org.springframework.boot.autoconfigure.http.HttpMessageConvertersAutoConfiguration matched due to NoneNestedConditions 0 matched 1 did not; NestedCondition on HttpMessageConvertersAutoConfiguration.NotReactiveWebApplicationCondition.ReactiveWebApplication did not find reactive web application classes
2024-09-10T20:48:08.017+09:00 TRACE 86442 --- [learn-spring-boot] [           main] o.s.b.f.s.DefaultListableBeanFactory     : Returning cached instance of singleton bean 'autoConfigurationReport'
2024-09-10T20:48:08.017+09:00 TRACE 86442 --- [learn-spring-boot] [           main] o.s.b.f.s.DefaultListableBeanFactory     : Returning cached instance of singleton bean 'autoConfigurationReport'
2024-09-10T20:48:08.017+09:00 TRACE 86442 --- [learn-spring-boot] [           main] o.s.b.f.s.DefaultListableBeanFactory     : Returning cached instance of singleton bean 'autoConfigurationReport'
2024-09-10T20:48:08.017+09:00 TRACE 86442 --- [learn-spring-boot] [           main] o.s.b.f.s.DefaultListableBeanFactory     : Returning cached instance of singleton bean 'autoConfigurationReport'
2024-09-10T20:48:08.018+09:00 TRACE 86442 --- [learn-spring-boot] [           main] o.s.b.a.condition.OnClassCondition       : Condition OnClassCondition on org.springframework.boot.autoconfigure.http.HttpMessageConvertersAutoConfiguration$StringHttpMessageConverterConfiguration matched due to @ConditionalOnClass found required class 'org.springframework.http.converter.StringHttpMessageConverter'
2024-09-10T20:48:08.018+09:00 TRACE 86442 --- [learn-spring-boot] [           main] o.s.b.f.s.DefaultListableBeanFactory     : Returning cached instance of singleton bean 'autoConfigurationReport'
2024-09-10T20:48:08.018+09:00 TRACE 86442 --- [learn-spring-boot] [           main] o.s.b.f.s.DefaultListableBeanFactory     : Returning cached instance of singleton bean 'autoConfigurationReport'
2024-09-10T20:48:08.018+09:00 TRACE 86442 --- [learn-spring-boot] [           main] o.s.b.f.s.DefaultListableBeanFactory     : Returning cached instance of singleton bean 'autoConfigurationReport'
2024-09-10T20:48:08.018+09:00 TRACE 86442 --- [learn-spring-boot] [           main] o.s.b.f.s.DefaultListableBeanFactory     : Returning cached instance of singleton bean 'autoConfigurationReport'
2024-09-10T20:48:08.018+09:00 TRACE 86442 --- [learn-spring-boot] [           main] o.s.b.f.s.DefaultListableBeanFactory     : Returning cached instance of singleton bean 'autoConfigurationReport'
2024-09-10T20:48:08.018+09:00 TRACE 86442 --- [learn-spring-boot] [           main] o.s.b.f.s.DefaultListableBeanFactory     : Returning cached instance of singleton bean 'autoConfigurationReport'
2024-09-10T20:48:08.018+09:00 TRACE 86442 --- [learn-spring-boot] [           main] o.s.b.f.s.DefaultListableBeanFactory     : Returning cached instance of singleton bean 'autoConfigurationReport'
2024-09-10T20:48:08.019+09:00 TRACE 86442 --- [learn-spring-boot] [           main] o.s.b.a.condition.OnClassCondition       : Condition OnClassCondition on org.springframework.boot.autoconfigure.http.JacksonHttpMessageConvertersConfiguration$MappingJackson2XmlHttpMessageConverterConfiguration did not match due to @ConditionalOnClass did not find required class 'com.fasterxml.jackson.dataformat.xml.XmlMapper'
2024-09-10T20:48:08.019+09:00 TRACE 86442 --- [learn-spring-boot] [           main] o.s.b.f.s.DefaultListableBeanFactory     : Returning cached instance of singleton bean 'autoConfigurationReport'
2024-09-10T20:48:08.019+09:00 TRACE 86442 --- [learn-spring-boot] [           main] o.s.b.a.condition.OnClassCondition       : Condition OnClassCondition on org.springframework.boot.autoconfigure.http.JacksonHttpMessageConvertersConfiguration$MappingJackson2HttpMessageConverterConfiguration matched due to @ConditionalOnClass found required class 'com.fasterxml.jackson.databind.ObjectMapper'
2024-09-10T20:48:08.019+09:00 TRACE 86442 --- [learn-spring-boot] [           main] o.s.b.f.s.DefaultListableBeanFactory     : Returning cached instance of singleton bean 'autoConfigurationReport'
2024-09-10T20:48:08.020+09:00 TRACE 86442 --- [learn-spring-boot] [           main] o.s.b.a.condition.OnPropertyCondition    : Condition OnPropertyCondition on org.springframework.boot.autoconfigure.http.JacksonHttpMessageConvertersConfiguration$MappingJackson2HttpMessageConverterConfiguration matched due to @ConditionalOnProperty (spring.mvc.converters.preferred-json-mapper=jackson) matched
2024-09-10T20:48:08.020+09:00 TRACE 86442 --- [learn-spring-boot] [           main] o.s.b.f.s.DefaultListableBeanFactory     : Returning cached instance of singleton bean 'autoConfigurationReport'
2024-09-10T20:48:08.020+09:00 TRACE 86442 --- [learn-spring-boot] [           main] o.s.b.f.s.DefaultListableBeanFactory     : Returning cached instance of singleton bean 'autoConfigurationReport'
2024-09-10T20:48:08.020+09:00 TRACE 86442 --- [learn-spring-boot] [           main] o.s.b.f.s.DefaultListableBeanFactory     : Returning cached instance of singleton bean 'autoConfigurationReport'
2024-09-10T20:48:08.020+09:00 TRACE 86442 --- [learn-spring-boot] [           main] o.s.b.f.s.DefaultListableBeanFactory     : Returning cached instance of singleton bean 'autoConfigurationReport'
2024-09-10T20:48:08.020+09:00 TRACE 86442 --- [learn-spring-boot] [           main] o.s.b.a.condition.OnClassCondition       : Condition OnClassCondition on org.springframework.boot.autoconfigure.http.GsonHttpMessageConvertersConfiguration did not match due to @ConditionalOnClass did not find required class 'com.google.gson.Gson'
2024-09-10T20:48:08.020+09:00 TRACE 86442 --- [learn-spring-boot] [           main] o.s.b.f.s.DefaultListableBeanFactory     : Returning cached instance of singleton bean 'autoConfigurationReport'
2024-09-10T20:48:08.020+09:00 TRACE 86442 --- [learn-spring-boot] [           main] o.s.b.a.condition.OnClassCondition       : Condition OnClassCondition on org.springframework.boot.autoconfigure.http.JsonbHttpMessageConvertersConfiguration did not match due to @ConditionalOnClass did not find required class 'jakarta.json.bind.Jsonb'
2024-09-10T20:48:08.020+09:00 TRACE 86442 --- [learn-spring-boot] [           main] o.s.b.f.s.DefaultListableBeanFactory     : Returning cached instance of singleton bean 'autoConfigurationReport'
2024-09-10T20:48:08.020+09:00 TRACE 86442 --- [learn-spring-boot] [           main] o.s.b.f.s.DefaultListableBeanFactory     : Returning cached instance of singleton bean 'autoConfigurationReport'
2024-09-10T20:48:08.020+09:00 TRACE 86442 --- [learn-spring-boot] [           main] o.s.b.f.s.DefaultListableBeanFactory     : Returning cached instance of singleton bean 'autoConfigurationReport'
2024-09-10T20:48:08.020+09:00 TRACE 86442 --- [learn-spring-boot] [           main] o.s.b.f.s.DefaultListableBeanFactory     : Returning cached instance of singleton bean 'autoConfigurationReport'
2024-09-10T20:48:08.020+09:00 TRACE 86442 --- [learn-spring-boot] [           main] o.s.b.f.s.DefaultListableBeanFactory     : Returning cached instance of singleton bean 'autoConfigurationReport'
2024-09-10T20:48:08.020+09:00 TRACE 86442 --- [learn-spring-boot] [           main] o.s.b.f.s.DefaultListableBeanFactory     : Returning cached instance of singleton bean 'autoConfigurationReport'
2024-09-10T20:48:08.020+09:00 TRACE 86442 --- [learn-spring-boot] [           main] o.s.b.f.s.DefaultListableBeanFactory     : Returning cached instance of singleton bean 'autoConfigurationReport'
2024-09-10T20:48:08.021+09:00 TRACE 86442 --- [learn-spring-boot] [           main] o.s.b.a.condition.OnClassCondition       : Condition OnClassCondition on org.springframework.boot.autoconfigure.web.client.RestClientAutoConfiguration matched due to @ConditionalOnClass found required class 'org.springframework.web.client.RestClient'
2024-09-10T20:48:08.021+09:00 TRACE 86442 --- [learn-spring-boot] [           main] o.s.b.f.s.DefaultListableBeanFactory     : Returning cached instance of singleton bean 'autoConfigurationReport'
2024-09-10T20:48:08.022+09:00 TRACE 86442 --- [learn-spring-boot] [           main] a.w.c.NotReactiveWebApplicationCondition : Condition NotReactiveWebApplicationCondition on org.springframework.boot.autoconfigure.web.client.RestClientAutoConfiguration matched due to NoneNestedConditions 0 matched 1 did not; NestedCondition on NotReactiveWebApplicationCondition.ReactiveWebApplication did not find reactive web application classes
2024-09-10T20:48:08.022+09:00 TRACE 86442 --- [learn-spring-boot] [           main] o.s.b.f.s.DefaultListableBeanFactory     : Returning cached instance of singleton bean 'autoConfigurationReport'
2024-09-10T20:48:08.022+09:00 TRACE 86442 --- [learn-spring-boot] [           main] o.s.b.f.s.DefaultListableBeanFactory     : Returning cached instance of singleton bean 'autoConfigurationReport'
2024-09-10T20:48:08.022+09:00 TRACE 86442 --- [learn-spring-boot] [           main] o.s.b.f.s.DefaultListableBeanFactory     : Returning cached instance of singleton bean 'autoConfigurationReport'
2024-09-10T20:48:08.022+09:00 TRACE 86442 --- [learn-spring-boot] [           main] o.s.b.f.s.DefaultListableBeanFactory     : Returning cached instance of singleton bean 'autoConfigurationReport'
2024-09-10T20:48:08.022+09:00 TRACE 86442 --- [learn-spring-boot] [           main] o.s.b.f.s.DefaultListableBeanFactory     : Returning cached instance of singleton bean 'autoConfigurationReport'
2024-09-10T20:48:08.022+09:00 TRACE 86442 --- [learn-spring-boot] [           main] o.s.b.f.s.DefaultListableBeanFactory     : Returning cached instance of singleton bean 'autoConfigurationReport'
2024-09-10T20:48:08.022+09:00 TRACE 86442 --- [learn-spring-boot] [           main] o.s.b.f.s.DefaultListableBeanFactory     : Returning cached instance of singleton bean 'autoConfigurationReport'
2024-09-10T20:48:08.022+09:00 TRACE 86442 --- [learn-spring-boot] [           main] o.s.b.f.s.DefaultListableBeanFactory     : Returning cached instance of singleton bean 'autoConfigurationReport'
2024-09-10T20:48:08.022+09:00 TRACE 86442 --- [learn-spring-boot] [           main] o.s.b.f.s.DefaultListableBeanFactory     : Returning cached instance of singleton bean 'autoConfigurationReport'
2024-09-10T20:48:08.022+09:00 TRACE 86442 --- [learn-spring-boot] [           main] o.s.b.f.s.DefaultListableBeanFactory     : Returning cached instance of singleton bean 'autoConfigurationReport'
2024-09-10T20:48:08.023+09:00 TRACE 86442 --- [learn-spring-boot] [           main] o.s.b.a.condition.OnClassCondition       : Condition OnClassCondition on org.springframework.boot.autoconfigure.web.client.RestTemplateAutoConfiguration matched due to @ConditionalOnClass found required class 'org.springframework.web.client.RestTemplate'
2024-09-10T20:48:08.023+09:00 TRACE 86442 --- [learn-spring-boot] [           main] o.s.b.f.s.DefaultListableBeanFactory     : Returning cached instance of singleton bean 'autoConfigurationReport'
2024-09-10T20:48:08.023+09:00 TRACE 86442 --- [learn-spring-boot] [           main] a.w.c.NotReactiveWebApplicationCondition : Condition NotReactiveWebApplicationCondition on org.springframework.boot.autoconfigure.web.client.RestTemplateAutoConfiguration matched due to NoneNestedConditions 0 matched 1 did not; NestedCondition on NotReactiveWebApplicationCondition.ReactiveWebApplication did not find reactive web application classes
2024-09-10T20:48:08.023+09:00 TRACE 86442 --- [learn-spring-boot] [           main] o.s.b.f.s.DefaultListableBeanFactory     : Returning cached instance of singleton bean 'autoConfigurationReport'
2024-09-10T20:48:08.023+09:00 TRACE 86442 --- [learn-spring-boot] [           main] o.s.b.f.s.DefaultListableBeanFactory     : Returning cached instance of singleton bean 'autoConfigurationReport'
2024-09-10T20:48:08.023+09:00 TRACE 86442 --- [learn-spring-boot] [           main] o.s.b.f.s.DefaultListableBeanFactory     : Returning cached instance of singleton bean 'autoConfigurationReport'
2024-09-10T20:48:08.023+09:00 TRACE 86442 --- [learn-spring-boot] [           main] o.s.b.f.s.DefaultListableBeanFactory     : Returning cached instance of singleton bean 'autoConfigurationReport'
2024-09-10T20:48:08.023+09:00 TRACE 86442 --- [learn-spring-boot] [           main] o.s.b.f.s.DefaultListableBeanFactory     : Returning cached instance of singleton bean 'autoConfigurationReport'
2024-09-10T20:48:08.023+09:00 TRACE 86442 --- [learn-spring-boot] [           main] o.s.b.f.s.DefaultListableBeanFactory     : Returning cached instance of singleton bean 'autoConfigurationReport'
2024-09-10T20:48:08.023+09:00 TRACE 86442 --- [learn-spring-boot] [           main] o.s.b.f.s.DefaultListableBeanFactory     : Returning cached instance of singleton bean 'autoConfigurationReport'
2024-09-10T20:48:08.023+09:00 TRACE 86442 --- [learn-spring-boot] [           main] o.s.b.f.s.DefaultListableBeanFactory     : Returning cached instance of singleton bean 'autoConfigurationReport'
2024-09-10T20:48:08.023+09:00 TRACE 86442 --- [learn-spring-boot] [           main] o.s.b.f.s.DefaultListableBeanFactory     : Returning cached instance of singleton bean 'autoConfigurationReport'
2024-09-10T20:48:08.023+09:00 TRACE 86442 --- [learn-spring-boot] [           main] o.s.b.f.s.DefaultListableBeanFactory     : Returning cached instance of singleton bean 'autoConfigurationReport'
2024-09-10T20:48:08.024+09:00 TRACE 86442 --- [learn-spring-boot] [           main] o.s.b.a.condition.OnClassCondition       : Condition OnClassCondition on org.springframework.boot.actuate.autoconfigure.observation.web.client.HttpClientObservationsAutoConfiguration matched due to @ConditionalOnClass found required class 'io.micrometer.observation.Observation'
2024-09-10T20:48:08.024+09:00 TRACE 86442 --- [learn-spring-boot] [           main] o.s.b.f.s.DefaultListableBeanFactory     : Returning cached instance of singleton bean 'autoConfigurationReport'
2024-09-10T20:48:08.024+09:00 TRACE 86442 --- [learn-spring-boot] [           main] o.s.b.f.s.DefaultListableBeanFactory     : Returning cached instance of singleton bean 'autoConfigurationReport'
2024-09-10T20:48:08.024+09:00 TRACE 86442 --- [learn-spring-boot] [           main] o.s.b.f.s.DefaultListableBeanFactory     : Returning cached instance of singleton bean 'autoConfigurationReport'
2024-09-10T20:48:08.024+09:00 TRACE 86442 --- [learn-spring-boot] [           main] o.s.b.f.s.DefaultListableBeanFactory     : Returning cached instance of singleton bean 'autoConfigurationReport'
2024-09-10T20:48:08.024+09:00 TRACE 86442 --- [learn-spring-boot] [           main] o.s.b.a.condition.OnClassCondition       : Condition OnClassCondition on org.springframework.boot.actuate.autoconfigure.observation.web.client.HttpClientObservationsAutoConfiguration$MeterFilterConfiguration matched due to @ConditionalOnClass found required class 'io.micrometer.core.instrument.MeterRegistry'
2024-09-10T20:48:08.024+09:00 TRACE 86442 --- [learn-spring-boot] [           main] o.s.b.f.s.DefaultListableBeanFactory     : Returning cached instance of singleton bean 'autoConfigurationReport'
2024-09-10T20:48:08.024+09:00 TRACE 86442 --- [learn-spring-boot] [           main] o.s.b.f.s.DefaultListableBeanFactory     : Returning cached instance of singleton bean 'autoConfigurationReport'
2024-09-10T20:48:08.024+09:00 TRACE 86442 --- [learn-spring-boot] [           main] o.s.b.f.s.DefaultListableBeanFactory     : Returning cached instance of singleton bean 'autoConfigurationReport'
2024-09-10T20:48:08.024+09:00 TRACE 86442 --- [learn-spring-boot] [           main] o.s.b.f.s.DefaultListableBeanFactory     : Returning cached instance of singleton bean 'autoConfigurationReport'
2024-09-10T20:48:08.025+09:00 TRACE 86442 --- [learn-spring-boot] [           main] o.s.b.a.condition.OnClassCondition       : Condition OnClassCondition on org.springframework.boot.actuate.autoconfigure.observation.web.client.RestTemplateObservationConfiguration matched due to @ConditionalOnClass found required class 'org.springframework.web.client.RestTemplate'
2024-09-10T20:48:08.025+09:00 TRACE 86442 --- [learn-spring-boot] [           main] o.s.b.f.s.DefaultListableBeanFactory     : Returning cached instance of singleton bean 'autoConfigurationReport'
2024-09-10T20:48:08.025+09:00 TRACE 86442 --- [learn-spring-boot] [           main] o.s.b.f.s.DefaultListableBeanFactory     : Returning cached instance of singleton bean 'autoConfigurationReport'
2024-09-10T20:48:08.025+09:00 TRACE 86442 --- [learn-spring-boot] [           main] o.s.b.f.s.DefaultListableBeanFactory     : Returning cached instance of singleton bean 'autoConfigurationReport'
2024-09-10T20:48:08.025+09:00 TRACE 86442 --- [learn-spring-boot] [           main] o.s.b.f.s.DefaultListableBeanFactory     : Returning cached instance of singleton bean 'autoConfigurationReport'
2024-09-10T20:48:08.026+09:00 TRACE 86442 --- [learn-spring-boot] [           main] o.s.b.a.condition.OnClassCondition       : Condition OnClassCondition on org.springframework.boot.actuate.autoconfigure.observation.web.client.WebClientObservationConfiguration did not match due to @ConditionalOnClass did not find required class 'org.springframework.web.reactive.function.client.WebClient'
2024-09-10T20:48:08.026+09:00 TRACE 86442 --- [learn-spring-boot] [           main] o.s.b.f.s.DefaultListableBeanFactory     : Returning cached instance of singleton bean 'autoConfigurationReport'
2024-09-10T20:48:08.026+09:00 TRACE 86442 --- [learn-spring-boot] [           main] o.s.b.a.condition.OnClassCondition       : Condition OnClassCondition on org.springframework.boot.actuate.autoconfigure.observation.web.client.RestClientObservationConfiguration matched due to @ConditionalOnClass found required class 'org.springframework.web.client.RestClient'
2024-09-10T20:48:08.026+09:00 TRACE 86442 --- [learn-spring-boot] [           main] o.s.b.f.s.DefaultListableBeanFactory     : Returning cached instance of singleton bean 'autoConfigurationReport'
2024-09-10T20:48:08.026+09:00 TRACE 86442 --- [learn-spring-boot] [           main] o.s.b.f.s.DefaultListableBeanFactory     : Returning cached instance of singleton bean 'autoConfigurationReport'
2024-09-10T20:48:08.026+09:00 TRACE 86442 --- [learn-spring-boot] [           main] o.s.b.f.s.DefaultListableBeanFactory     : Returning cached instance of singleton bean 'autoConfigurationReport'
2024-09-10T20:48:08.026+09:00 TRACE 86442 --- [learn-spring-boot] [           main] o.s.b.f.s.DefaultListableBeanFactory     : Returning cached instance of singleton bean 'autoConfigurationReport'
2024-09-10T20:48:08.026+09:00 TRACE 86442 --- [learn-spring-boot] [           main] o.s.b.f.s.DefaultListableBeanFactory     : Returning cached instance of singleton bean 'autoConfigurationReport'
2024-09-10T20:48:08.026+09:00 TRACE 86442 --- [learn-spring-boot] [           main] o.s.b.f.s.DefaultListableBeanFactory     : Returning cached instance of singleton bean 'autoConfigurationReport'
2024-09-10T20:48:08.026+09:00 TRACE 86442 --- [learn-spring-boot] [           main] o.s.b.f.s.DefaultListableBeanFactory     : Returning cached instance of singleton bean 'autoConfigurationReport'
2024-09-10T20:48:08.026+09:00 TRACE 86442 --- [learn-spring-boot] [           main] o.s.b.f.s.DefaultListableBeanFactory     : Returning cached instance of singleton bean 'autoConfigurationReport'
2024-09-10T20:48:08.026+09:00 TRACE 86442 --- [learn-spring-boot] [           main] o.s.b.f.s.DefaultListableBeanFactory     : Returning cached instance of singleton bean 'autoConfigurationReport'
2024-09-10T20:48:08.026+09:00 TRACE 86442 --- [learn-spring-boot] [           main] o.s.b.f.s.DefaultListableBeanFactory     : Returning cached instance of singleton bean 'autoConfigurationReport'
2024-09-10T20:48:08.027+09:00 TRACE 86442 --- [learn-spring-boot] [           main] o.s.b.a.condition.OnClassCondition       : Condition OnClassCondition on org.springframework.boot.actuate.autoconfigure.observation.web.servlet.WebMvcObservationAutoConfiguration matched due to @ConditionalOnClass found required classes 'org.springframework.web.servlet.DispatcherServlet', 'io.micrometer.observation.Observation'
2024-09-10T20:48:08.027+09:00 TRACE 86442 --- [learn-spring-boot] [           main] o.s.b.f.s.DefaultListableBeanFactory     : Returning cached instance of singleton bean 'autoConfigurationReport'
2024-09-10T20:48:08.027+09:00 TRACE 86442 --- [learn-spring-boot] [           main] o.s.b.a.c.OnWebApplicationCondition      : Condition OnWebApplicationCondition on org.springframework.boot.actuate.autoconfigure.observation.web.servlet.WebMvcObservationAutoConfiguration matched due to found 'session' scope
2024-09-10T20:48:08.027+09:00 TRACE 86442 --- [learn-spring-boot] [           main] o.s.b.f.s.DefaultListableBeanFactory     : Returning cached instance of singleton bean 'autoConfigurationReport'
2024-09-10T20:48:08.027+09:00 TRACE 86442 --- [learn-spring-boot] [           main] o.s.b.f.s.DefaultListableBeanFactory     : Returning cached instance of singleton bean 'autoConfigurationReport'
2024-09-10T20:48:08.027+09:00 TRACE 86442 --- [learn-spring-boot] [           main] o.s.b.f.s.DefaultListableBeanFactory     : Returning cached instance of singleton bean 'autoConfigurationReport'
2024-09-10T20:48:08.027+09:00 TRACE 86442 --- [learn-spring-boot] [           main] o.s.b.f.s.DefaultListableBeanFactory     : Returning cached instance of singleton bean 'autoConfigurationReport'
2024-09-10T20:48:08.027+09:00 TRACE 86442 --- [learn-spring-boot] [           main] o.s.b.a.condition.OnClassCondition       : Condition OnClassCondition on org.springframework.boot.actuate.autoconfigure.observation.web.servlet.WebMvcObservationAutoConfiguration$MeterFilterConfiguration matched due to @ConditionalOnClass found required class 'io.micrometer.core.instrument.MeterRegistry'
2024-09-10T20:48:08.027+09:00 TRACE 86442 --- [learn-spring-boot] [           main] o.s.b.f.s.DefaultListableBeanFactory     : Returning cached instance of singleton bean 'autoConfigurationReport'
2024-09-10T20:48:08.027+09:00 TRACE 86442 --- [learn-spring-boot] [           main] o.s.b.f.s.DefaultListableBeanFactory     : Returning cached instance of singleton bean 'autoConfigurationReport'
2024-09-10T20:48:08.027+09:00 TRACE 86442 --- [learn-spring-boot] [           main] o.s.b.f.s.DefaultListableBeanFactory     : Returning cached instance of singleton bean 'autoConfigurationReport'
2024-09-10T20:48:08.028+09:00 TRACE 86442 --- [learn-spring-boot] [           main] o.s.b.f.s.DefaultListableBeanFactory     : Returning cached instance of singleton bean 'autoConfigurationReport'
2024-09-10T20:48:08.028+09:00 TRACE 86442 --- [learn-spring-boot] [           main] o.s.b.f.s.DefaultListableBeanFactory     : Returning cached instance of singleton bean 'autoConfigurationReport'
2024-09-10T20:48:08.028+09:00 TRACE 86442 --- [learn-spring-boot] [           main] o.s.b.f.s.DefaultListableBeanFactory     : Returning cached instance of singleton bean 'autoConfigurationReport'
2024-09-10T20:48:08.028+09:00 TRACE 86442 --- [learn-spring-boot] [           main] o.s.b.f.s.DefaultListableBeanFactory     : Returning cached instance of singleton bean 'autoConfigurationReport'
2024-09-10T20:48:08.028+09:00 TRACE 86442 --- [learn-spring-boot] [           main] o.s.b.f.s.DefaultListableBeanFactory     : Returning cached instance of singleton bean 'autoConfigurationReport'
2024-09-10T20:48:08.028+09:00 TRACE 86442 --- [learn-spring-boot] [           main] o.s.b.f.s.DefaultListableBeanFactory     : Returning cached instance of singleton bean 'autoConfigurationReport'
2024-09-10T20:48:08.028+09:00 TRACE 86442 --- [learn-spring-boot] [           main] o.s.b.f.s.DefaultListableBeanFactory     : Returning cached instance of singleton bean 'autoConfigurationReport'
2024-09-10T20:48:08.029+09:00 TRACE 86442 --- [learn-spring-boot] [           main] s.b.a.a.e.c.OnAvailableEndpointCondition : Condition OnAvailableEndpointCondition on org.springframework.boot.actuate.autoconfigure.sbom.SbomEndpointAutoConfiguration did not match due to @ConditionalOnAvailableEndpoint not enabled or exposed
2024-09-10T20:48:08.029+09:00 TRACE 86442 --- [learn-spring-boot] [           main] o.s.b.f.s.DefaultListableBeanFactory     : Returning cached instance of singleton bean 'autoConfigurationReport'
2024-09-10T20:48:08.029+09:00 TRACE 86442 --- [learn-spring-boot] [           main] o.s.b.f.s.DefaultListableBeanFactory     : Returning cached instance of singleton bean 'autoConfigurationReport'
2024-09-10T20:48:08.029+09:00 TRACE 86442 --- [learn-spring-boot] [           main] o.s.b.f.s.DefaultListableBeanFactory     : Returning cached instance of singleton bean 'autoConfigurationReport'
2024-09-10T20:48:08.029+09:00 TRACE 86442 --- [learn-spring-boot] [           main] o.s.b.f.s.DefaultListableBeanFactory     : Returning cached instance of singleton bean 'autoConfigurationReport'
2024-09-10T20:48:08.029+09:00 TRACE 86442 --- [learn-spring-boot] [           main] o.s.b.f.s.DefaultListableBeanFactory     : Returning cached instance of singleton bean 'autoConfigurationReport'
2024-09-10T20:48:08.029+09:00 TRACE 86442 --- [learn-spring-boot] [           main] o.s.b.f.s.DefaultListableBeanFactory     : Returning cached instance of singleton bean 'autoConfigurationReport'
2024-09-10T20:48:08.029+09:00 TRACE 86442 --- [learn-spring-boot] [           main] o.s.b.f.s.DefaultListableBeanFactory     : Returning cached instance of singleton bean 'autoConfigurationReport'
2024-09-10T20:48:08.030+09:00 TRACE 86442 --- [learn-spring-boot] [           main] s.b.a.a.e.c.OnAvailableEndpointCondition : Condition OnAvailableEndpointCondition on org.springframework.boot.actuate.autoconfigure.scheduling.ScheduledTasksEndpointAutoConfiguration did not match due to @ConditionalOnAvailableEndpoint not enabled or exposed
2024-09-10T20:48:08.030+09:00 TRACE 86442 --- [learn-spring-boot] [           main] o.s.b.f.s.DefaultListableBeanFactory     : Returning cached instance of singleton bean 'autoConfigurationReport'
2024-09-10T20:48:08.030+09:00 TRACE 86442 --- [learn-spring-boot] [           main] o.s.b.f.s.DefaultListableBeanFactory     : Returning cached instance of singleton bean 'autoConfigurationReport'
2024-09-10T20:48:08.030+09:00 TRACE 86442 --- [learn-spring-boot] [           main] o.s.b.f.s.DefaultListableBeanFactory     : Returning cached instance of singleton bean 'autoConfigurationReport'
2024-09-10T20:48:08.030+09:00 TRACE 86442 --- [learn-spring-boot] [           main] o.s.b.f.s.DefaultListableBeanFactory     : Returning cached instance of singleton bean 'autoConfigurationReport'
2024-09-10T20:48:08.030+09:00 TRACE 86442 --- [learn-spring-boot] [           main] o.s.b.f.s.DefaultListableBeanFactory     : Returning cached instance of singleton bean 'autoConfigurationReport'
2024-09-10T20:48:08.030+09:00 TRACE 86442 --- [learn-spring-boot] [           main] o.s.b.f.s.DefaultListableBeanFactory     : Returning cached instance of singleton bean 'autoConfigurationReport'
2024-09-10T20:48:08.030+09:00 TRACE 86442 --- [learn-spring-boot] [           main] o.s.b.f.s.DefaultListableBeanFactory     : Returning cached instance of singleton bean 'autoConfigurationReport'
2024-09-10T20:48:08.031+09:00 TRACE 86442 --- [learn-spring-boot] [           main] o.s.b.a.condition.OnClassCondition       : Condition OnClassCondition on org.springframework.boot.actuate.autoconfigure.scheduling.ScheduledTasksObservabilityAutoConfiguration matched due to @ConditionalOnClass found required class 'org.springframework.scheduling.concurrent.ThreadPoolTaskScheduler'
2024-09-10T20:48:08.031+09:00 TRACE 86442 --- [learn-spring-boot] [           main] o.s.b.f.s.DefaultListableBeanFactory     : Returning cached instance of singleton bean 'autoConfigurationReport'
2024-09-10T20:48:08.031+09:00 TRACE 86442 --- [learn-spring-boot] [           main] o.s.b.f.s.DefaultListableBeanFactory     : Returning cached instance of singleton bean 'autoConfigurationReport'
2024-09-10T20:48:08.031+09:00 TRACE 86442 --- [learn-spring-boot] [           main] o.s.b.f.s.DefaultListableBeanFactory     : Returning cached instance of singleton bean 'autoConfigurationReport'
2024-09-10T20:48:08.031+09:00 TRACE 86442 --- [learn-spring-boot] [           main] o.s.b.f.s.DefaultListableBeanFactory     : Returning cached instance of singleton bean 'autoConfigurationReport'
2024-09-10T20:48:08.031+09:00 TRACE 86442 --- [learn-spring-boot] [           main] o.s.b.f.s.DefaultListableBeanFactory     : Returning cached instance of singleton bean 'autoConfigurationReport'
2024-09-10T20:48:08.031+09:00 TRACE 86442 --- [learn-spring-boot] [           main] o.s.b.f.s.DefaultListableBeanFactory     : Returning cached instance of singleton bean 'autoConfigurationReport'
2024-09-10T20:48:08.031+09:00 TRACE 86442 --- [learn-spring-boot] [           main] o.s.b.f.s.DefaultListableBeanFactory     : Returning cached instance of singleton bean 'autoConfigurationReport'
2024-09-10T20:48:08.031+09:00 TRACE 86442 --- [learn-spring-boot] [           main] o.s.b.f.s.DefaultListableBeanFactory     : Returning cached instance of singleton bean 'autoConfigurationReport'
2024-09-10T20:48:08.031+09:00 TRACE 86442 --- [learn-spring-boot] [           main] o.s.b.f.s.DefaultListableBeanFactory     : Returning cached instance of singleton bean 'autoConfigurationReport'
2024-09-10T20:48:08.031+09:00 TRACE 86442 --- [learn-spring-boot] [           main] o.s.b.f.s.DefaultListableBeanFactory     : Returning cached instance of singleton bean 'autoConfigurationReport'
2024-09-10T20:48:08.032+09:00 TRACE 86442 --- [learn-spring-boot] [           main] o.s.b.a.c.OnWebApplicationCondition      : Condition OnWebApplicationCondition on org.springframework.boot.actuate.autoconfigure.security.servlet.ManagementWebSecurityAutoConfiguration matched due to found 'session' scope
2024-09-10T20:48:08.032+09:00 TRACE 86442 --- [learn-spring-boot] [           main] o.s.b.f.s.DefaultListableBeanFactory     : Returning cached instance of singleton bean 'autoConfigurationReport'
2024-09-10T20:48:08.032+09:00 TRACE 86442 --- [learn-spring-boot] [           main] o.s.b.f.s.DefaultListableBeanFactory     : Returning cached instance of singleton bean 'autoConfigurationReport'
2024-09-10T20:48:08.032+09:00 TRACE 86442 --- [learn-spring-boot] [           main] o.s.b.f.s.DefaultListableBeanFactory     : Returning cached instance of singleton bean 'autoConfigurationReport'
2024-09-10T20:48:08.032+09:00 TRACE 86442 --- [learn-spring-boot] [           main] o.s.b.f.s.DefaultListableBeanFactory     : Returning cached instance of singleton bean 'autoConfigurationReport'
2024-09-10T20:48:08.032+09:00 TRACE 86442 --- [learn-spring-boot] [           main] o.s.b.f.s.DefaultListableBeanFactory     : Returning cached instance of singleton bean 'autoConfigurationReport'
2024-09-10T20:48:08.032+09:00 TRACE 86442 --- [learn-spring-boot] [           main] o.s.b.f.s.DefaultListableBeanFactory     : Returning cached instance of singleton bean 'autoConfigurationReport'
2024-09-10T20:48:08.032+09:00 TRACE 86442 --- [learn-spring-boot] [           main] o.s.b.f.s.DefaultListableBeanFactory     : Returning cached instance of singleton bean 'autoConfigurationReport'
2024-09-10T20:48:08.032+09:00 TRACE 86442 --- [learn-spring-boot] [           main] o.s.b.f.s.DefaultListableBeanFactory     : Returning cached instance of singleton bean 'autoConfigurationReport'
2024-09-10T20:48:08.032+09:00 TRACE 86442 --- [learn-spring-boot] [           main] o.s.b.f.s.DefaultListableBeanFactory     : Returning cached instance of singleton bean 'autoConfigurationReport'
2024-09-10T20:48:08.032+09:00 TRACE 86442 --- [learn-spring-boot] [           main] o.s.b.f.s.DefaultListableBeanFactory     : Returning cached instance of singleton bean 'autoConfigurationReport'
2024-09-10T20:48:08.034+09:00 TRACE 86442 --- [learn-spring-boot] [           main] onfiguration$ApplicationStartupCondition : Condition StartupEndpointAutoConfiguration.ApplicationStartupCondition on org.springframework.boot.actuate.autoconfigure.startup.StartupEndpointAutoConfiguration did not match due to ApplicationStartup configured applicationStartup is of type class org.springframework.core.metrics.DefaultApplicationStartup, expected BufferingApplicationStartup.
2024-09-10T20:48:08.034+09:00 TRACE 86442 --- [learn-spring-boot] [           main] o.s.b.f.s.DefaultListableBeanFactory     : Returning cached instance of singleton bean 'autoConfigurationReport'
2024-09-10T20:48:08.034+09:00 TRACE 86442 --- [learn-spring-boot] [           main] o.s.b.f.s.DefaultListableBeanFactory     : Returning cached instance of singleton bean 'autoConfigurationReport'
2024-09-10T20:48:08.034+09:00 TRACE 86442 --- [learn-spring-boot] [           main] o.s.b.f.s.DefaultListableBeanFactory     : Returning cached instance of singleton bean 'autoConfigurationReport'
2024-09-10T20:48:08.034+09:00 TRACE 86442 --- [learn-spring-boot] [           main] o.s.b.f.s.DefaultListableBeanFactory     : Returning cached instance of singleton bean 'autoConfigurationReport'
2024-09-10T20:48:08.034+09:00 TRACE 86442 --- [learn-spring-boot] [           main] o.s.b.f.s.DefaultListableBeanFactory     : Returning cached instance of singleton bean 'autoConfigurationReport'
2024-09-10T20:48:08.034+09:00 TRACE 86442 --- [learn-spring-boot] [           main] o.s.b.f.s.DefaultListableBeanFactory     : Returning cached instance of singleton bean 'autoConfigurationReport'
2024-09-10T20:48:08.034+09:00 TRACE 86442 --- [learn-spring-boot] [           main] o.s.b.f.s.DefaultListableBeanFactory     : Returning cached instance of singleton bean 'autoConfigurationReport'
2024-09-10T20:48:08.034+09:00 TRACE 86442 --- [learn-spring-boot] [           main] o.s.b.a.c.OnWebApplicationCondition      : Condition OnWebApplicationCondition on org.springframework.boot.actuate.autoconfigure.web.exchanges.HttpExchangesAutoConfiguration matched due to @ConditionalOnWebApplication (required) found 'session' scope
2024-09-10T20:48:08.034+09:00 TRACE 86442 --- [learn-spring-boot] [           main] o.s.b.f.s.DefaultListableBeanFactory     : Returning cached instance of singleton bean 'autoConfigurationReport'
2024-09-10T20:48:08.034+09:00 TRACE 86442 --- [learn-spring-boot] [           main] o.s.b.a.condition.OnPropertyCondition    : Condition OnPropertyCondition on org.springframework.boot.actuate.autoconfigure.web.exchanges.HttpExchangesAutoConfiguration matched due to @ConditionalOnProperty (management.httpexchanges.recording.enabled) matched
2024-09-10T20:48:08.035+09:00 TRACE 86442 --- [learn-spring-boot] [           main] o.s.b.f.s.DefaultListableBeanFactory     : Returning cached instance of singleton bean 'autoConfigurationReport'
2024-09-10T20:48:08.035+09:00 TRACE 86442 --- [learn-spring-boot] [           main] o.s.b.f.s.DefaultListableBeanFactory     : Returning cached instance of singleton bean 'autoConfigurationReport'
2024-09-10T20:48:08.035+09:00 TRACE 86442 --- [learn-spring-boot] [           main] o.s.b.f.s.DefaultListableBeanFactory     : Returning cached instance of singleton bean 'autoConfigurationReport'
2024-09-10T20:48:08.035+09:00 TRACE 86442 --- [learn-spring-boot] [           main] o.s.b.f.s.DefaultListableBeanFactory     : Returning cached instance of singleton bean 'autoConfigurationReport'
2024-09-10T20:48:08.035+09:00 TRACE 86442 --- [learn-spring-boot] [           main] o.s.b.a.c.OnWebApplicationCondition      : Condition OnWebApplicationCondition on org.springframework.boot.actuate.autoconfigure.web.exchanges.HttpExchangesAutoConfiguration$ReactiveHttpExchangesConfiguration did not match due to did not find reactive web application classes
2024-09-10T20:48:08.035+09:00 TRACE 86442 --- [learn-spring-boot] [           main] o.s.b.f.s.DefaultListableBeanFactory     : Returning cached instance of singleton bean 'autoConfigurationReport'
2024-09-10T20:48:08.035+09:00 TRACE 86442 --- [learn-spring-boot] [           main] o.s.b.a.c.OnWebApplicationCondition      : Condition OnWebApplicationCondition on org.springframework.boot.actuate.autoconfigure.web.exchanges.HttpExchangesAutoConfiguration$ServletHttpExchangesConfiguration matched due to found 'session' scope
2024-09-10T20:48:08.035+09:00 TRACE 86442 --- [learn-spring-boot] [           main] o.s.b.f.s.DefaultListableBeanFactory     : Returning cached instance of singleton bean 'autoConfigurationReport'
2024-09-10T20:48:08.035+09:00 TRACE 86442 --- [learn-spring-boot] [           main] o.s.b.f.s.DefaultListableBeanFactory     : Returning cached instance of singleton bean 'autoConfigurationReport'
2024-09-10T20:48:08.035+09:00 TRACE 86442 --- [learn-spring-boot] [           main] o.s.b.f.s.DefaultListableBeanFactory     : Returning cached instance of singleton bean 'autoConfigurationReport'
2024-09-10T20:48:08.035+09:00 TRACE 86442 --- [learn-spring-boot] [           main] o.s.b.f.s.DefaultListableBeanFactory     : Returning cached instance of singleton bean 'autoConfigurationReport'
2024-09-10T20:48:08.035+09:00 TRACE 86442 --- [learn-spring-boot] [           main] o.s.b.f.s.DefaultListableBeanFactory     : Returning cached instance of singleton bean 'autoConfigurationReport'
2024-09-10T20:48:08.035+09:00 TRACE 86442 --- [learn-spring-boot] [           main] o.s.b.f.s.DefaultListableBeanFactory     : Returning cached instance of singleton bean 'autoConfigurationReport'
2024-09-10T20:48:08.036+09:00 TRACE 86442 --- [learn-spring-boot] [           main] o.s.b.f.s.DefaultListableBeanFactory     : Returning cached instance of singleton bean 'autoConfigurationReport'
2024-09-10T20:48:08.036+09:00 TRACE 86442 --- [learn-spring-boot] [           main] o.s.b.f.s.DefaultListableBeanFactory     : Returning cached instance of singleton bean 'autoConfigurationReport'
2024-09-10T20:48:08.036+09:00 TRACE 86442 --- [learn-spring-boot] [           main] o.s.b.f.s.DefaultListableBeanFactory     : Returning cached instance of singleton bean 'autoConfigurationReport'
2024-09-10T20:48:08.036+09:00 TRACE 86442 --- [learn-spring-boot] [           main] o.s.b.f.s.DefaultListableBeanFactory     : Returning cached instance of singleton bean 'autoConfigurationReport'
2024-09-10T20:48:08.036+09:00 TRACE 86442 --- [learn-spring-boot] [           main] s.b.a.a.e.c.OnAvailableEndpointCondition : Condition OnAvailableEndpointCondition on org.springframework.boot.actuate.autoconfigure.web.exchanges.HttpExchangesEndpointAutoConfiguration did not match due to @ConditionalOnAvailableEndpoint not enabled or exposed
2024-09-10T20:48:08.036+09:00 TRACE 86442 --- [learn-spring-boot] [           main] o.s.b.f.s.DefaultListableBeanFactory     : Returning cached instance of singleton bean 'autoConfigurationReport'
2024-09-10T20:48:08.036+09:00 TRACE 86442 --- [learn-spring-boot] [           main] o.s.b.f.s.DefaultListableBeanFactory     : Returning cached instance of singleton bean 'autoConfigurationReport'
2024-09-10T20:48:08.036+09:00 TRACE 86442 --- [learn-spring-boot] [           main] o.s.b.f.s.DefaultListableBeanFactory     : Returning cached instance of singleton bean 'autoConfigurationReport'
2024-09-10T20:48:08.036+09:00 TRACE 86442 --- [learn-spring-boot] [           main] o.s.b.f.s.DefaultListableBeanFactory     : Returning cached instance of singleton bean 'autoConfigurationReport'
2024-09-10T20:48:08.036+09:00 TRACE 86442 --- [learn-spring-boot] [           main] o.s.b.f.s.DefaultListableBeanFactory     : Returning cached instance of singleton bean 'autoConfigurationReport'
2024-09-10T20:48:08.036+09:00 TRACE 86442 --- [learn-spring-boot] [           main] o.s.b.f.s.DefaultListableBeanFactory     : Returning cached instance of singleton bean 'autoConfigurationReport'
2024-09-10T20:48:08.036+09:00 TRACE 86442 --- [learn-spring-boot] [           main] o.s.b.f.s.DefaultListableBeanFactory     : Returning cached instance of singleton bean 'autoConfigurationReport'
2024-09-10T20:48:08.037+09:00 TRACE 86442 --- [learn-spring-boot] [           main] s.b.a.a.e.c.OnAvailableEndpointCondition : Condition OnAvailableEndpointCondition on org.springframework.boot.actuate.autoconfigure.web.mappings.MappingsEndpointAutoConfiguration did not match due to @ConditionalOnAvailableEndpoint not enabled or exposed
2024-09-10T20:48:08.037+09:00 TRACE 86442 --- [learn-spring-boot] [           main] o.s.b.f.s.DefaultListableBeanFactory     : Returning cached instance of singleton bean 'autoConfigurationReport'
2024-09-10T20:48:08.037+09:00 TRACE 86442 --- [learn-spring-boot] [           main] o.s.b.f.s.DefaultListableBeanFactory     : Returning cached instance of singleton bean 'autoConfigurationReport'
2024-09-10T20:48:08.037+09:00 TRACE 86442 --- [learn-spring-boot] [           main] o.s.b.f.s.DefaultListableBeanFactory     : Returning cached instance of singleton bean 'autoConfigurationReport'
2024-09-10T20:48:08.037+09:00 TRACE 86442 --- [learn-spring-boot] [           main] o.s.b.f.s.DefaultListableBeanFactory     : Returning cached instance of singleton bean 'autoConfigurationReport'
2024-09-10T20:48:08.037+09:00 TRACE 86442 --- [learn-spring-boot] [           main] o.s.b.f.s.DefaultListableBeanFactory     : Returning cached instance of singleton bean 'autoConfigurationReport'
2024-09-10T20:48:08.037+09:00 TRACE 86442 --- [learn-spring-boot] [           main] o.s.b.f.s.DefaultListableBeanFactory     : Returning cached instance of singleton bean 'autoConfigurationReport'
2024-09-10T20:48:08.037+09:00 TRACE 86442 --- [learn-spring-boot] [           main] o.s.b.f.s.DefaultListableBeanFactory     : Returning cached instance of singleton bean 'autoConfigurationReport'
2024-09-10T20:48:08.037+09:00 TRACE 86442 --- [learn-spring-boot] [           main] o.s.b.a.condition.OnPropertyCondition    : Condition OnPropertyCondition on org.springframework.boot.autoconfigure.admin.SpringApplicationAdminJmxAutoConfiguration did not match due to @ConditionalOnProperty (spring.application.admin.enabled=true) did not find property 'enabled'
2024-09-10T20:48:08.037+09:00 TRACE 86442 --- [learn-spring-boot] [           main] o.s.b.f.s.DefaultListableBeanFactory     : Returning cached instance of singleton bean 'autoConfigurationReport'
2024-09-10T20:48:08.037+09:00 TRACE 86442 --- [learn-spring-boot] [           main] o.s.b.f.s.DefaultListableBeanFactory     : Returning cached instance of singleton bean 'autoConfigurationReport'
2024-09-10T20:48:08.037+09:00 TRACE 86442 --- [learn-spring-boot] [           main] o.s.b.f.s.DefaultListableBeanFactory     : Returning cached instance of singleton bean 'autoConfigurationReport'
2024-09-10T20:48:08.037+09:00 TRACE 86442 --- [learn-spring-boot] [           main] o.s.b.f.s.DefaultListableBeanFactory     : Returning cached instance of singleton bean 'autoConfigurationReport'
2024-09-10T20:48:08.037+09:00 TRACE 86442 --- [learn-spring-boot] [           main] o.s.b.f.s.DefaultListableBeanFactory     : Returning cached instance of singleton bean 'autoConfigurationReport'
2024-09-10T20:48:08.037+09:00 TRACE 86442 --- [learn-spring-boot] [           main] o.s.b.f.s.DefaultListableBeanFactory     : Returning cached instance of singleton bean 'autoConfigurationReport'
2024-09-10T20:48:08.037+09:00 TRACE 86442 --- [learn-spring-boot] [           main] o.s.b.f.s.DefaultListableBeanFactory     : Returning cached instance of singleton bean 'autoConfigurationReport'
2024-09-10T20:48:08.038+09:00 TRACE 86442 --- [learn-spring-boot] [           main] o.s.b.a.condition.OnPropertyCondition    : Condition OnPropertyCondition on org.springframework.boot.autoconfigure.aop.AopAutoConfiguration matched due to @ConditionalOnProperty (spring.aop.auto=true) matched
2024-09-10T20:48:08.038+09:00 TRACE 86442 --- [learn-spring-boot] [           main] o.s.b.f.s.DefaultListableBeanFactory     : Returning cached instance of singleton bean 'autoConfigurationReport'
2024-09-10T20:48:08.038+09:00 TRACE 86442 --- [learn-spring-boot] [           main] o.s.b.f.s.DefaultListableBeanFactory     : Returning cached instance of singleton bean 'autoConfigurationReport'
2024-09-10T20:48:08.038+09:00 TRACE 86442 --- [learn-spring-boot] [           main] o.s.b.f.s.DefaultListableBeanFactory     : Returning cached instance of singleton bean 'autoConfigurationReport'
2024-09-10T20:48:08.038+09:00 TRACE 86442 --- [learn-spring-boot] [           main] o.s.b.f.s.DefaultListableBeanFactory     : Returning cached instance of singleton bean 'autoConfigurationReport'
2024-09-10T20:48:08.038+09:00 TRACE 86442 --- [learn-spring-boot] [           main] o.s.b.a.condition.OnClassCondition       : Condition OnClassCondition on org.springframework.boot.autoconfigure.aop.AopAutoConfiguration$ClassProxyingConfiguration matched due to @ConditionalOnMissingClass did not find unwanted class 'org.aspectj.weaver.Advice'
2024-09-10T20:48:08.038+09:00 TRACE 86442 --- [learn-spring-boot] [           main] o.s.b.f.s.DefaultListableBeanFactory     : Returning cached instance of singleton bean 'autoConfigurationReport'
2024-09-10T20:48:08.038+09:00 TRACE 86442 --- [learn-spring-boot] [           main] o.s.b.a.condition.OnPropertyCondition    : Condition OnPropertyCondition on org.springframework.boot.autoconfigure.aop.AopAutoConfiguration$ClassProxyingConfiguration matched due to @ConditionalOnProperty (spring.aop.proxy-target-class=true) matched
2024-09-10T20:48:08.039+09:00 TRACE 86442 --- [learn-spring-boot] [           main] o.s.b.f.s.DefaultListableBeanFactory     : Returning cached instance of singleton bean 'autoConfigurationReport'
2024-09-10T20:48:08.039+09:00 TRACE 86442 --- [learn-spring-boot] [           main] o.s.b.f.s.DefaultListableBeanFactory     : Returning cached instance of singleton bean 'autoConfigurationReport'
2024-09-10T20:48:08.039+09:00 TRACE 86442 --- [learn-spring-boot] [           main] o.s.b.f.s.DefaultListableBeanFactory     : Returning cached instance of singleton bean 'autoConfigurationReport'
2024-09-10T20:48:08.039+09:00 TRACE 86442 --- [learn-spring-boot] [           main] o.s.b.f.s.DefaultListableBeanFactory     : Returning cached instance of singleton bean 'autoConfigurationReport'
2024-09-10T20:48:08.039+09:00 TRACE 86442 --- [learn-spring-boot] [           main] o.s.b.a.condition.OnClassCondition       : Condition OnClassCondition on org.springframework.boot.autoconfigure.aop.AopAutoConfiguration$AspectJAutoProxyingConfiguration did not match due to @ConditionalOnClass did not find required class 'org.aspectj.weaver.Advice'
2024-09-10T20:48:08.039+09:00 TRACE 86442 --- [learn-spring-boot] [           main] o.s.b.f.s.DefaultListableBeanFactory     : Returning cached instance of singleton bean 'autoConfigurationReport'
2024-09-10T20:48:08.039+09:00 TRACE 86442 --- [learn-spring-boot] [           main] o.s.b.f.s.DefaultListableBeanFactory     : Returning cached instance of singleton bean 'autoConfigurationReport'
2024-09-10T20:48:08.039+09:00 TRACE 86442 --- [learn-spring-boot] [           main] o.s.b.f.s.DefaultListableBeanFactory     : Returning cached instance of singleton bean 'autoConfigurationReport'
2024-09-10T20:48:08.039+09:00 TRACE 86442 --- [learn-spring-boot] [           main] o.s.b.f.s.DefaultListableBeanFactory     : Returning cached instance of singleton bean 'autoConfigurationReport'
2024-09-10T20:48:08.039+09:00 TRACE 86442 --- [learn-spring-boot] [           main] o.s.b.f.s.DefaultListableBeanFactory     : Returning cached instance of singleton bean 'autoConfigurationReport'
2024-09-10T20:48:08.039+09:00 TRACE 86442 --- [learn-spring-boot] [           main] o.s.b.f.s.DefaultListableBeanFactory     : Returning cached instance of singleton bean 'autoConfigurationReport'
2024-09-10T20:48:08.039+09:00 TRACE 86442 --- [learn-spring-boot] [           main] o.s.b.f.s.DefaultListableBeanFactory     : Returning cached instance of singleton bean 'autoConfigurationReport'
2024-09-10T20:48:08.039+09:00 TRACE 86442 --- [learn-spring-boot] [           main] o.s.b.f.s.DefaultListableBeanFactory     : Returning cached instance of singleton bean 'autoConfigurationReport'
2024-09-10T20:48:08.039+09:00 TRACE 86442 --- [learn-spring-boot] [           main] o.s.b.f.s.DefaultListableBeanFactory     : Returning cached instance of singleton bean 'autoConfigurationReport'
2024-09-10T20:48:08.039+09:00 TRACE 86442 --- [learn-spring-boot] [           main] o.s.b.f.s.DefaultListableBeanFactory     : Returning cached instance of singleton bean 'autoConfigurationReport'
2024-09-10T20:48:08.039+09:00 TRACE 86442 --- [learn-spring-boot] [           main] o.s.b.f.s.DefaultListableBeanFactory     : Returning cached instance of singleton bean 'autoConfigurationReport'
2024-09-10T20:48:08.039+09:00 TRACE 86442 --- [learn-spring-boot] [           main] o.s.b.f.s.DefaultListableBeanFactory     : Returning cached instance of singleton bean 'autoConfigurationReport'
2024-09-10T20:48:08.039+09:00 TRACE 86442 --- [learn-spring-boot] [           main] o.s.b.f.s.DefaultListableBeanFactory     : Returning cached instance of singleton bean 'autoConfigurationReport'
2024-09-10T20:48:08.039+09:00 TRACE 86442 --- [learn-spring-boot] [           main] o.s.b.f.s.DefaultListableBeanFactory     : Returning cached instance of singleton bean 'autoConfigurationReport'
2024-09-10T20:48:08.039+09:00 TRACE 86442 --- [learn-spring-boot] [           main] o.s.b.f.s.DefaultListableBeanFactory     : Returning cached instance of singleton bean 'autoConfigurationReport'
2024-09-10T20:48:08.039+09:00 TRACE 86442 --- [learn-spring-boot] [           main] o.s.b.f.s.DefaultListableBeanFactory     : Returning cached instance of singleton bean 'autoConfigurationReport'
2024-09-10T20:48:08.040+09:00 TRACE 86442 --- [learn-spring-boot] [           main] o.s.b.f.s.DefaultListableBeanFactory     : Returning cached instance of singleton bean 'autoConfigurationReport'
2024-09-10T20:48:08.040+09:00 TRACE 86442 --- [learn-spring-boot] [           main] o.s.b.f.s.DefaultListableBeanFactory     : Returning cached instance of singleton bean 'autoConfigurationReport'
2024-09-10T20:48:08.040+09:00 TRACE 86442 --- [learn-spring-boot] [           main] o.s.b.f.s.DefaultListableBeanFactory     : Returning cached instance of singleton bean 'autoConfigurationReport'
2024-09-10T20:48:08.040+09:00 TRACE 86442 --- [learn-spring-boot] [           main] o.s.b.f.s.DefaultListableBeanFactory     : Returning cached instance of singleton bean 'autoConfigurationReport'
2024-09-10T20:48:08.040+09:00 TRACE 86442 --- [learn-spring-boot] [           main] o.s.b.f.s.DefaultListableBeanFactory     : Returning cached instance of singleton bean 'autoConfigurationReport'
2024-09-10T20:48:08.040+09:00 TRACE 86442 --- [learn-spring-boot] [           main] o.s.b.f.s.DefaultListableBeanFactory     : Returning cached instance of singleton bean 'autoConfigurationReport'
2024-09-10T20:48:08.040+09:00 TRACE 86442 --- [learn-spring-boot] [           main] o.s.b.f.s.DefaultListableBeanFactory     : Returning cached instance of singleton bean 'autoConfigurationReport'
2024-09-10T20:48:08.040+09:00 TRACE 86442 --- [learn-spring-boot] [           main] o.s.b.f.s.DefaultListableBeanFactory     : Returning cached instance of singleton bean 'autoConfigurationReport'
2024-09-10T20:48:08.040+09:00 TRACE 86442 --- [learn-spring-boot] [           main] o.s.b.f.s.DefaultListableBeanFactory     : Returning cached instance of singleton bean 'autoConfigurationReport'
2024-09-10T20:48:08.040+09:00 TRACE 86442 --- [learn-spring-boot] [           main] o.s.b.a.condition.OnPropertyCondition    : Condition OnPropertyCondition on org.springframework.boot.autoconfigure.sql.init.SqlInitializationAutoConfiguration matched due to @ConditionalOnProperty (spring.sql.init.enabled) matched
2024-09-10T20:48:08.040+09:00 TRACE 86442 --- [learn-spring-boot] [           main] o.s.b.f.s.DefaultListableBeanFactory     : Returning cached instance of singleton bean 'autoConfigurationReport'
2024-09-10T20:48:08.041+09:00 TRACE 86442 --- [learn-spring-boot] [           main] iguration$SqlInitializationModeCondition : Condition SqlInitializationAutoConfiguration.SqlInitializationModeCondition on org.springframework.boot.autoconfigure.sql.init.SqlInitializationAutoConfiguration matched due to NoneNestedConditions 0 matched 1 did not; NestedCondition on SqlInitializationAutoConfiguration.SqlInitializationModeCondition.ModeIsNever @ConditionalOnProperty (spring.sql.init.mode=never) did not find property 'mode'
2024-09-10T20:48:08.041+09:00 TRACE 86442 --- [learn-spring-boot] [           main] o.s.b.f.s.DefaultListableBeanFactory     : Returning cached instance of singleton bean 'autoConfigurationReport'
2024-09-10T20:48:08.041+09:00 TRACE 86442 --- [learn-spring-boot] [           main] o.s.b.f.s.DefaultListableBeanFactory     : Returning cached instance of singleton bean 'autoConfigurationReport'
2024-09-10T20:48:08.041+09:00 TRACE 86442 --- [learn-spring-boot] [           main] o.s.b.f.s.DefaultListableBeanFactory     : Returning cached instance of singleton bean 'autoConfigurationReport'
2024-09-10T20:48:08.041+09:00 TRACE 86442 --- [learn-spring-boot] [           main] o.s.b.f.s.DefaultListableBeanFactory     : Returning cached instance of singleton bean 'autoConfigurationReport'
2024-09-10T20:48:08.042+09:00 TRACE 86442 --- [learn-spring-boot] [           main] o.s.b.a.condition.OnClassCondition       : Condition OnClassCondition on org.springframework.boot.autoconfigure.sql.init.R2dbcInitializationConfiguration did not match due to @ConditionalOnClass did not find required classes 'io.r2dbc.spi.ConnectionFactory', 'org.springframework.r2dbc.connection.init.DatabasePopulator'
2024-09-10T20:48:08.042+09:00 TRACE 86442 --- [learn-spring-boot] [           main] o.s.b.f.s.DefaultListableBeanFactory     : Returning cached instance of singleton bean 'autoConfigurationReport'
2024-09-10T20:48:08.042+09:00 TRACE 86442 --- [learn-spring-boot] [           main] o.s.b.a.condition.OnClassCondition       : Condition OnClassCondition on org.springframework.boot.autoconfigure.sql.init.DataSourceInitializationConfiguration did not match due to @ConditionalOnClass did not find required class 'org.springframework.jdbc.datasource.init.DatabasePopulator'
2024-09-10T20:48:08.042+09:00 TRACE 86442 --- [learn-spring-boot] [           main] o.s.b.f.s.DefaultListableBeanFactory     : Returning cached instance of singleton bean 'autoConfigurationReport'
2024-09-10T20:48:08.042+09:00 TRACE 86442 --- [learn-spring-boot] [           main] o.s.b.f.s.DefaultListableBeanFactory     : Returning cached instance of singleton bean 'autoConfigurationReport'
2024-09-10T20:48:08.042+09:00 TRACE 86442 --- [learn-spring-boot] [           main] o.s.b.f.s.DefaultListableBeanFactory     : Returning cached instance of singleton bean 'autoConfigurationReport'
2024-09-10T20:48:08.042+09:00 TRACE 86442 --- [learn-spring-boot] [           main] o.s.b.f.s.DefaultListableBeanFactory     : Returning cached instance of singleton bean 'autoConfigurationReport'
2024-09-10T20:48:08.042+09:00 TRACE 86442 --- [learn-spring-boot] [           main] o.s.b.f.s.DefaultListableBeanFactory     : Returning cached instance of singleton bean 'autoConfigurationReport'
2024-09-10T20:48:08.042+09:00 TRACE 86442 --- [learn-spring-boot] [           main] o.s.b.f.s.DefaultListableBeanFactory     : Returning cached instance of singleton bean 'autoConfigurationReport'
2024-09-10T20:48:08.042+09:00 TRACE 86442 --- [learn-spring-boot] [           main] o.s.b.f.s.DefaultListableBeanFactory     : Returning cached instance of singleton bean 'autoConfigurationReport'
2024-09-10T20:48:08.043+09:00 TRACE 86442 --- [learn-spring-boot] [           main] o.s.b.a.c.OnWebApplicationCondition      : Condition OnWebApplicationCondition on org.springframework.boot.autoconfigure.web.embedded.EmbeddedWebServerFactoryCustomizerAutoConfiguration matched due to @ConditionalOnWebApplication (required) found 'session' scope
2024-09-10T20:48:08.043+09:00 TRACE 86442 --- [learn-spring-boot] [           main] o.s.b.f.s.DefaultListableBeanFactory     : Returning cached instance of singleton bean 'autoConfigurationReport'
2024-09-10T20:48:08.043+09:00 TRACE 86442 --- [learn-spring-boot] [           main] o.s.b.a.c.OnWarDeploymentCondition       : Condition OnWarDeploymentCondition on org.springframework.boot.autoconfigure.web.embedded.EmbeddedWebServerFactoryCustomizerAutoConfiguration did not match due to Application is deployed as a WAR file.
2024-09-10T20:48:08.043+09:00 TRACE 86442 --- [learn-spring-boot] [           main] o.s.b.f.s.DefaultListableBeanFactory     : Returning cached instance of singleton bean 'autoConfigurationReport'
2024-09-10T20:48:08.043+09:00 TRACE 86442 --- [learn-spring-boot] [           main] o.s.b.f.s.DefaultListableBeanFactory     : Returning cached instance of singleton bean 'autoConfigurationReport'
2024-09-10T20:48:08.043+09:00 TRACE 86442 --- [learn-spring-boot] [           main] o.s.b.f.s.DefaultListableBeanFactory     : Returning cached instance of singleton bean 'autoConfigurationReport'
2024-09-10T20:48:08.043+09:00 TRACE 86442 --- [learn-spring-boot] [           main] o.s.b.f.s.DefaultListableBeanFactory     : Returning cached instance of singleton bean 'autoConfigurationReport'
2024-09-10T20:48:08.043+09:00 TRACE 86442 --- [learn-spring-boot] [           main] o.s.b.f.s.DefaultListableBeanFactory     : Returning cached instance of singleton bean 'autoConfigurationReport'
2024-09-10T20:48:08.043+09:00 TRACE 86442 --- [learn-spring-boot] [           main] o.s.b.f.s.DefaultListableBeanFactory     : Returning cached instance of singleton bean 'autoConfigurationReport'
2024-09-10T20:48:08.043+09:00 TRACE 86442 --- [learn-spring-boot] [           main] o.s.b.f.s.DefaultListableBeanFactory     : Returning cached instance of singleton bean 'autoConfigurationReport'
2024-09-10T20:48:08.043+09:00 TRACE 86442 --- [learn-spring-boot] [           main] o.s.b.a.condition.OnClassCondition       : Condition OnClassCondition on org.springframework.boot.autoconfigure.web.servlet.HttpEncodingAutoConfiguration matched due to @ConditionalOnClass found required class 'org.springframework.web.filter.CharacterEncodingFilter'
2024-09-10T20:48:08.043+09:00 TRACE 86442 --- [learn-spring-boot] [           main] o.s.b.f.s.DefaultListableBeanFactory     : Returning cached instance of singleton bean 'autoConfigurationReport'
2024-09-10T20:48:08.043+09:00 TRACE 86442 --- [learn-spring-boot] [           main] o.s.b.a.c.OnWebApplicationCondition      : Condition OnWebApplicationCondition on org.springframework.boot.autoconfigure.web.servlet.HttpEncodingAutoConfiguration matched due to found 'session' scope
2024-09-10T20:48:08.043+09:00 TRACE 86442 --- [learn-spring-boot] [           main] o.s.b.f.s.DefaultListableBeanFactory     : Returning cached instance of singleton bean 'autoConfigurationReport'
2024-09-10T20:48:08.043+09:00 TRACE 86442 --- [learn-spring-boot] [           main] o.s.b.a.condition.OnPropertyCondition    : Condition OnPropertyCondition on org.springframework.boot.autoconfigure.web.servlet.HttpEncodingAutoConfiguration matched due to @ConditionalOnProperty (server.servlet.encoding.enabled) matched
2024-09-10T20:48:08.043+09:00 TRACE 86442 --- [learn-spring-boot] [           main] o.s.b.f.s.DefaultListableBeanFactory     : Returning cached instance of singleton bean 'autoConfigurationReport'
2024-09-10T20:48:08.043+09:00 TRACE 86442 --- [learn-spring-boot] [           main] o.s.b.f.s.DefaultListableBeanFactory     : Returning cached instance of singleton bean 'autoConfigurationReport'
2024-09-10T20:48:08.043+09:00 TRACE 86442 --- [learn-spring-boot] [           main] o.s.b.f.s.DefaultListableBeanFactory     : Returning cached instance of singleton bean 'autoConfigurationReport'
2024-09-10T20:48:08.043+09:00 TRACE 86442 --- [learn-spring-boot] [           main] o.s.b.f.s.DefaultListableBeanFactory     : Returning cached instance of singleton bean 'autoConfigurationReport'
2024-09-10T20:48:08.044+09:00 TRACE 86442 --- [learn-spring-boot] [           main] o.s.b.f.s.DefaultListableBeanFactory     : Returning cached instance of singleton bean 'autoConfigurationReport'
2024-09-10T20:48:08.044+09:00 TRACE 86442 --- [learn-spring-boot] [           main] o.s.b.f.s.DefaultListableBeanFactory     : Returning cached instance of singleton bean 'autoConfigurationReport'
2024-09-10T20:48:08.044+09:00 TRACE 86442 --- [learn-spring-boot] [           main] o.s.b.f.s.DefaultListableBeanFactory     : Returning cached instance of singleton bean 'autoConfigurationReport'
2024-09-10T20:48:08.044+09:00 TRACE 86442 --- [learn-spring-boot] [           main] o.s.b.f.s.DefaultListableBeanFactory     : Returning cached instance of singleton bean 'autoConfigurationReport'
2024-09-10T20:48:08.044+09:00 TRACE 86442 --- [learn-spring-boot] [           main] o.s.b.f.s.DefaultListableBeanFactory     : Returning cached instance of singleton bean 'autoConfigurationReport'
2024-09-10T20:48:08.044+09:00 TRACE 86442 --- [learn-spring-boot] [           main] o.s.b.f.s.DefaultListableBeanFactory     : Returning cached instance of singleton bean 'autoConfigurationReport'
2024-09-10T20:48:08.044+09:00 TRACE 86442 --- [learn-spring-boot] [           main] o.s.b.a.condition.OnClassCondition       : Condition OnClassCondition on org.springframework.boot.autoconfigure.web.servlet.MultipartAutoConfiguration matched due to @ConditionalOnClass found required classes 'jakarta.servlet.Servlet', 'org.springframework.web.multipart.support.StandardServletMultipartResolver', 'jakarta.servlet.MultipartConfigElement'
2024-09-10T20:48:08.044+09:00 TRACE 86442 --- [learn-spring-boot] [           main] o.s.b.f.s.DefaultListableBeanFactory     : Returning cached instance of singleton bean 'autoConfigurationReport'
2024-09-10T20:48:08.044+09:00 TRACE 86442 --- [learn-spring-boot] [           main] o.s.b.a.c.OnWebApplicationCondition      : Condition OnWebApplicationCondition on org.springframework.boot.autoconfigure.web.servlet.MultipartAutoConfiguration matched due to found 'session' scope
2024-09-10T20:48:08.044+09:00 TRACE 86442 --- [learn-spring-boot] [           main] o.s.b.f.s.DefaultListableBeanFactory     : Returning cached instance of singleton bean 'autoConfigurationReport'
2024-09-10T20:48:08.044+09:00 TRACE 86442 --- [learn-spring-boot] [           main] o.s.b.a.condition.OnPropertyCondition    : Condition OnPropertyCondition on org.springframework.boot.autoconfigure.web.servlet.MultipartAutoConfiguration matched due to @ConditionalOnProperty (spring.servlet.multipart.enabled) matched
2024-09-10T20:48:08.044+09:00 TRACE 86442 --- [learn-spring-boot] [           main] o.s.b.f.s.DefaultListableBeanFactory     : Returning cached instance of singleton bean 'autoConfigurationReport'
2024-09-10T20:48:08.044+09:00 TRACE 86442 --- [learn-spring-boot] [           main] o.s.b.f.s.DefaultListableBeanFactory     : Returning cached instance of singleton bean 'autoConfigurationReport'
2024-09-10T20:48:08.044+09:00 TRACE 86442 --- [learn-spring-boot] [           main] o.s.b.f.s.DefaultListableBeanFactory     : Returning cached instance of singleton bean 'autoConfigurationReport'
2024-09-10T20:48:08.044+09:00 TRACE 86442 --- [learn-spring-boot] [           main] o.s.b.f.s.DefaultListableBeanFactory     : Returning cached instance of singleton bean 'autoConfigurationReport'
2024-09-10T20:48:08.045+09:00 TRACE 86442 --- [learn-spring-boot] [           main] o.s.b.f.s.DefaultListableBeanFactory     : Returning cached instance of singleton bean 'autoConfigurationReport'
2024-09-10T20:48:08.045+09:00 TRACE 86442 --- [learn-spring-boot] [           main] o.s.b.f.s.DefaultListableBeanFactory     : Returning cached instance of singleton bean 'autoConfigurationReport'
2024-09-10T20:48:08.045+09:00 TRACE 86442 --- [learn-spring-boot] [           main] o.s.b.f.s.DefaultListableBeanFactory     : Returning cached instance of singleton bean 'autoConfigurationReport'
2024-09-10T20:48:08.045+09:00 TRACE 86442 --- [learn-spring-boot] [           main] o.s.b.f.s.DefaultListableBeanFactory     : Returning cached instance of singleton bean 'autoConfigurationReport'
2024-09-10T20:48:08.045+09:00 TRACE 86442 --- [learn-spring-boot] [           main] o.s.b.f.s.DefaultListableBeanFactory     : Returning cached instance of singleton bean 'autoConfigurationReport'
2024-09-10T20:48:08.045+09:00 TRACE 86442 --- [learn-spring-boot] [           main] o.s.b.f.s.DefaultListableBeanFactory     : Returning cached instance of singleton bean 'autoConfigurationReport'
2024-09-10T20:48:08.045+09:00 TRACE 86442 --- [learn-spring-boot] [           main] o.s.b.a.condition.OnClassCondition       : Condition OnClassCondition on org.springframework.boot.devtools.autoconfigure.DevToolsDataSourceAutoConfiguration matched due to @ConditionalOnClass found required class 'javax.sql.DataSource'
2024-09-10T20:48:08.045+09:00 TRACE 86442 --- [learn-spring-boot] [           main] o.s.b.f.s.DefaultListableBeanFactory     : Returning cached instance of singleton bean 'autoConfigurationReport'
2024-09-10T20:48:08.046+09:00 TRACE 86442 --- [learn-spring-boot] [           main] o.s.b.d.a.OnEnabledDevToolsCondition     : Condition OnEnabledDevToolsCondition on org.springframework.boot.devtools.autoconfigure.DevToolsDataSourceAutoConfiguration did not match due to Devtools devtools is disabled for current context.
2024-09-10T20:48:08.046+09:00 TRACE 86442 --- [learn-spring-boot] [           main] o.s.b.f.s.DefaultListableBeanFactory     : Returning cached instance of singleton bean 'autoConfigurationReport'
2024-09-10T20:48:08.046+09:00 TRACE 86442 --- [learn-spring-boot] [           main] o.s.b.f.s.DefaultListableBeanFactory     : Returning cached instance of singleton bean 'autoConfigurationReport'
2024-09-10T20:48:08.046+09:00 TRACE 86442 --- [learn-spring-boot] [           main] o.s.b.f.s.DefaultListableBeanFactory     : Returning cached instance of singleton bean 'autoConfigurationReport'
2024-09-10T20:48:08.046+09:00 TRACE 86442 --- [learn-spring-boot] [           main] o.s.b.f.s.DefaultListableBeanFactory     : Returning cached instance of singleton bean 'autoConfigurationReport'
2024-09-10T20:48:08.046+09:00 TRACE 86442 --- [learn-spring-boot] [           main] o.s.b.f.s.DefaultListableBeanFactory     : Returning cached instance of singleton bean 'autoConfigurationReport'
2024-09-10T20:48:08.046+09:00 TRACE 86442 --- [learn-spring-boot] [           main] o.s.b.f.s.DefaultListableBeanFactory     : Returning cached instance of singleton bean 'autoConfigurationReport'
2024-09-10T20:48:08.046+09:00 TRACE 86442 --- [learn-spring-boot] [           main] o.s.b.f.s.DefaultListableBeanFactory     : Returning cached instance of singleton bean 'autoConfigurationReport'
2024-09-10T20:48:08.047+09:00 TRACE 86442 --- [learn-spring-boot] [           main] .s.b.d.r.OnInitializedRestarterCondition : Condition OnInitializedRestarterCondition on org.springframework.boot.devtools.autoconfigure.LocalDevToolsAutoConfiguration did not match due to Initialized Restarter Condition initialized without URLs
2024-09-10T20:48:08.047+09:00 TRACE 86442 --- [learn-spring-boot] [           main] o.s.b.f.s.DefaultListableBeanFactory     : Returning cached instance of singleton bean 'autoConfigurationReport'
2024-09-10T20:48:08.047+09:00 TRACE 86442 --- [learn-spring-boot] [           main] o.s.b.f.s.DefaultListableBeanFactory     : Returning cached instance of singleton bean 'autoConfigurationReport'
2024-09-10T20:48:08.047+09:00 TRACE 86442 --- [learn-spring-boot] [           main] o.s.b.f.s.DefaultListableBeanFactory     : Returning cached instance of singleton bean 'autoConfigurationReport'
2024-09-10T20:48:08.047+09:00 TRACE 86442 --- [learn-spring-boot] [           main] o.s.b.f.s.DefaultListableBeanFactory     : Returning cached instance of singleton bean 'autoConfigurationReport'
2024-09-10T20:48:08.047+09:00 TRACE 86442 --- [learn-spring-boot] [           main] o.s.b.f.s.DefaultListableBeanFactory     : Returning cached instance of singleton bean 'autoConfigurationReport'
2024-09-10T20:48:08.047+09:00 TRACE 86442 --- [learn-spring-boot] [           main] o.s.b.f.s.DefaultListableBeanFactory     : Returning cached instance of singleton bean 'autoConfigurationReport'
2024-09-10T20:48:08.047+09:00 TRACE 86442 --- [learn-spring-boot] [           main] o.s.b.f.s.DefaultListableBeanFactory     : Returning cached instance of singleton bean 'autoConfigurationReport'
2024-09-10T20:48:08.047+09:00 TRACE 86442 --- [learn-spring-boot] [           main] o.s.b.a.condition.OnClassCondition       : Condition OnClassCondition on org.springframework.boot.devtools.autoconfigure.RemoteDevToolsAutoConfiguration matched due to @ConditionalOnClass found required classes 'jakarta.servlet.Filter', 'org.springframework.http.server.ServerHttpRequest'
2024-09-10T20:48:08.047+09:00 TRACE 86442 --- [learn-spring-boot] [           main] o.s.b.f.s.DefaultListableBeanFactory     : Returning cached instance of singleton bean 'autoConfigurationReport'
2024-09-10T20:48:08.048+09:00 TRACE 86442 --- [learn-spring-boot] [           main] o.s.b.a.condition.OnPropertyCondition    : Condition OnPropertyCondition on org.springframework.boot.devtools.autoconfigure.RemoteDevToolsAutoConfiguration did not match due to @ConditionalOnProperty (spring.devtools.remote.secret) did not find property 'secret'
2024-09-10T20:48:08.048+09:00 TRACE 86442 --- [learn-spring-boot] [           main] o.s.b.f.s.DefaultListableBeanFactory     : Returning cached instance of singleton bean 'autoConfigurationReport'
2024-09-10T20:48:08.048+09:00 TRACE 86442 --- [learn-spring-boot] [           main] o.s.b.f.s.DefaultListableBeanFactory     : Returning cached instance of singleton bean 'autoConfigurationReport'
2024-09-10T20:48:08.048+09:00 TRACE 86442 --- [learn-spring-boot] [           main] o.s.b.f.s.DefaultListableBeanFactory     : Returning cached instance of singleton bean 'autoConfigurationReport'
2024-09-10T20:48:08.048+09:00 TRACE 86442 --- [learn-spring-boot] [           main] o.s.b.f.s.DefaultListableBeanFactory     : Returning cached instance of singleton bean 'autoConfigurationReport'
2024-09-10T20:48:08.048+09:00 TRACE 86442 --- [learn-spring-boot] [           main] o.s.b.f.s.DefaultListableBeanFactory     : Returning cached instance of singleton bean 'autoConfigurationReport'
2024-09-10T20:48:08.048+09:00 TRACE 86442 --- [learn-spring-boot] [           main] o.s.b.f.s.DefaultListableBeanFactory     : Returning cached instance of singleton bean 'autoConfigurationReport'
2024-09-10T20:48:08.048+09:00 TRACE 86442 --- [learn-spring-boot] [           main] o.s.b.f.s.DefaultListableBeanFactory     : Returning cached instance of singleton bean 'autoConfigurationReport'
2024-09-10T20:48:08.048+09:00 TRACE 86442 --- [learn-spring-boot] [           main] o.s.b.f.s.DefaultListableBeanFactory     : Returning cached instance of singleton bean 'autoConfigurationReport'
2024-09-10T20:48:08.048+09:00 TRACE 86442 --- [learn-spring-boot] [           main] o.s.b.f.s.DefaultListableBeanFactory     : Returning cached instance of singleton bean 'autoConfigurationReport'
2024-09-10T20:48:08.048+09:00 TRACE 86442 --- [learn-spring-boot] [           main] o.s.b.f.s.DefaultListableBeanFactory     : Returning cached instance of singleton bean 'autoConfigurationReport'
2024-09-10T20:48:08.050+09:00 TRACE 86442 --- [learn-spring-boot] [           main] o.s.b.a.a.w.s.OnManagementPortCondition  : Condition OnManagementPortCondition on org.springframework.boot.actuate.autoconfigure.web.server.ManagementContextAutoConfiguration$DifferentManagementContextConfiguration did not match due to Management Port actual port type (SAME) did not match required type (DIFFERENT)
2024-09-10T20:48:08.050+09:00 TRACE 86442 --- [learn-spring-boot] [           main] o.s.b.f.s.DefaultListableBeanFactory     : Returning cached instance of singleton bean 'autoConfigurationReport'
2024-09-10T20:48:08.050+09:00 TRACE 86442 --- [learn-spring-boot] [           main] o.s.b.a.a.w.s.OnManagementPortCondition  : Condition OnManagementPortCondition on org.springframework.boot.actuate.autoconfigure.web.server.ManagementContextAutoConfiguration$SameManagementContextConfiguration matched due to Management Port actual port type (SAME) matched required type
2024-09-10T20:48:08.050+09:00 TRACE 86442 --- [learn-spring-boot] [           main] o.s.b.f.s.DefaultListableBeanFactory     : Returning cached instance of singleton bean 'autoConfigurationReport'
2024-09-10T20:48:08.050+09:00 TRACE 86442 --- [learn-spring-boot] [           main] o.s.b.f.s.DefaultListableBeanFactory     : Returning cached instance of singleton bean 'autoConfigurationReport'
2024-09-10T20:48:08.050+09:00 TRACE 86442 --- [learn-spring-boot] [           main] o.s.b.f.s.DefaultListableBeanFactory     : Returning cached instance of singleton bean 'autoConfigurationReport'
2024-09-10T20:48:08.050+09:00 TRACE 86442 --- [learn-spring-boot] [           main] o.s.b.f.s.DefaultListableBeanFactory     : Returning cached instance of singleton bean 'autoConfigurationReport'
2024-09-10T20:48:08.051+09:00 TRACE 86442 --- [learn-spring-boot] [           main] o.s.b.f.s.DefaultListableBeanFactory     : Returning cached instance of singleton bean 'autoConfigurationReport'
2024-09-10T20:48:08.051+09:00 TRACE 86442 --- [learn-spring-boot] [           main] o.s.b.f.s.DefaultListableBeanFactory     : Returning cached instance of singleton bean 'autoConfigurationReport'
2024-09-10T20:48:08.051+09:00 TRACE 86442 --- [learn-spring-boot] [           main] o.s.b.f.s.DefaultListableBeanFactory     : Returning cached instance of singleton bean 'autoConfigurationReport'
2024-09-10T20:48:08.057+09:00 TRACE 86442 --- [learn-spring-boot] [           main] o.s.b.a.c.OnWebApplicationCondition      : Condition OnWebApplicationCondition on org.springframework.boot.actuate.autoconfigure.endpoint.web.ServletEndpointManagementContextConfiguration matched due to found 'session' scope
2024-09-10T20:48:08.057+09:00 TRACE 86442 --- [learn-spring-boot] [           main] o.s.b.f.s.DefaultListableBeanFactory     : Returning cached instance of singleton bean 'autoConfigurationReport'
2024-09-10T20:48:08.058+09:00 TRACE 86442 --- [learn-spring-boot] [           main] o.s.b.a.condition.OnClassCondition       : Condition OnClassCondition on org.springframework.boot.actuate.autoconfigure.endpoint.web.ServletEndpointManagementContextConfiguration$JerseyServletEndpointManagementContextConfiguration did not match due to @ConditionalOnClass did not find required class 'org.glassfish.jersey.server.ResourceConfig'
2024-09-10T20:48:08.058+09:00 TRACE 86442 --- [learn-spring-boot] [           main] o.s.b.f.s.DefaultListableBeanFactory     : Returning cached instance of singleton bean 'autoConfigurationReport'
2024-09-10T20:48:08.058+09:00 TRACE 86442 --- [learn-spring-boot] [           main] o.s.b.a.condition.OnClassCondition       : Condition OnClassCondition on org.springframework.boot.actuate.autoconfigure.endpoint.web.ServletEndpointManagementContextConfiguration$WebMvcServletEndpointManagementContextConfiguration matched due to @ConditionalOnClass found required class 'org.springframework.web.servlet.DispatcherServlet'
2024-09-10T20:48:08.058+09:00 TRACE 86442 --- [learn-spring-boot] [           main] o.s.b.f.s.DefaultListableBeanFactory     : Returning cached instance of singleton bean 'autoConfigurationReport'
2024-09-10T20:48:08.059+09:00 TRACE 86442 --- [learn-spring-boot] [           main] o.s.b.a.condition.OnClassCondition       : Condition OnClassCondition on org.springframework.boot.actuate.autoconfigure.endpoint.web.jersey.JerseyWebEndpointManagementContextConfiguration did not match due to @ConditionalOnClass did not find required class 'org.glassfish.jersey.server.ResourceConfig'
2024-09-10T20:48:08.059+09:00 TRACE 86442 --- [learn-spring-boot] [           main] o.s.b.f.s.DefaultListableBeanFactory     : Returning cached instance of singleton bean 'autoConfigurationReport'
2024-09-10T20:48:08.059+09:00 TRACE 86442 --- [learn-spring-boot] [           main] o.s.b.a.condition.OnClassCondition       : Condition OnClassCondition on org.springframework.boot.actuate.autoconfigure.endpoint.web.reactive.WebFluxEndpointManagementContextConfiguration did not match due to @ConditionalOnClass did not find required class 'org.springframework.web.reactive.DispatcherHandler'
2024-09-10T20:48:08.059+09:00 TRACE 86442 --- [learn-spring-boot] [           main] o.s.b.f.s.DefaultListableBeanFactory     : Returning cached instance of singleton bean 'autoConfigurationReport'
2024-09-10T20:48:08.059+09:00 TRACE 86442 --- [learn-spring-boot] [           main] o.s.b.a.condition.OnClassCondition       : Condition OnClassCondition on org.springframework.boot.actuate.autoconfigure.endpoint.web.servlet.WebMvcEndpointManagementContextConfiguration matched due to @ConditionalOnClass found required class 'org.springframework.web.servlet.DispatcherServlet'
2024-09-10T20:48:08.059+09:00 TRACE 86442 --- [learn-spring-boot] [           main] o.s.b.f.s.DefaultListableBeanFactory     : Returning cached instance of singleton bean 'autoConfigurationReport'
2024-09-10T20:48:08.059+09:00 TRACE 86442 --- [learn-spring-boot] [           main] o.s.b.a.c.OnWebApplicationCondition      : Condition OnWebApplicationCondition on org.springframework.boot.actuate.autoconfigure.endpoint.web.servlet.WebMvcEndpointManagementContextConfiguration matched due to found 'session' scope
2024-09-10T20:48:08.059+09:00 TRACE 86442 --- [learn-spring-boot] [           main] o.s.b.f.s.DefaultListableBeanFactory     : Returning cached instance of singleton bean 'autoConfigurationReport'
2024-09-10T20:48:08.060+09:00 TRACE 86442 --- [learn-spring-boot] [           main] o.s.b.a.condition.OnClassCondition       : Condition OnClassCondition on org.springframework.boot.actuate.autoconfigure.security.servlet.SecurityRequestMatchersManagementContextConfiguration did not match due to @ConditionalOnClass did not find required class 'org.springframework.security.web.util.matcher.RequestMatcher'
2024-09-10T20:48:08.060+09:00 TRACE 86442 --- [learn-spring-boot] [           main] o.s.b.f.s.DefaultListableBeanFactory     : Returning cached instance of singleton bean 'autoConfigurationReport'
2024-09-10T20:48:08.060+09:00 TRACE 86442 --- [learn-spring-boot] [           main] o.s.b.a.condition.OnClassCondition       : Condition OnClassCondition on org.springframework.boot.actuate.autoconfigure.web.jersey.JerseySameManagementContextConfiguration did not match due to @ConditionalOnClass did not find required class 'org.glassfish.jersey.server.ResourceConfig'
2024-09-10T20:48:08.060+09:00 TRACE 86442 --- [learn-spring-boot] [           main] o.s.b.f.s.DefaultListableBeanFactory     : Returning cached instance of singleton bean 'autoConfigurationReport'
2024-09-10T20:48:08.065+09:00 TRACE 86442 --- [learn-spring-boot] [           main] a.ConfigurationClassBeanDefinitionReader : Registered bean definition for imported class 'org.springframework.boot.autoconfigure.context.PropertyPlaceholderAutoConfiguration'
2024-09-10T20:48:08.067+09:00 TRACE 86442 --- [learn-spring-boot] [           main] o.s.b.a.condition.OnBeanCondition        : Condition OnBeanCondition on org.springframework.boot.autoconfigure.context.PropertyPlaceholderAutoConfiguration#propertySourcesPlaceholderConfigurer matched due to @ConditionalOnMissingBean (types: org.springframework.context.support.PropertySourcesPlaceholderConfigurer; SearchStrategy: current) did not find any beans
2024-09-10T20:48:08.067+09:00 TRACE 86442 --- [learn-spring-boot] [           main] o.s.b.f.s.DefaultListableBeanFactory     : Returning cached instance of singleton bean 'autoConfigurationReport'
2024-09-10T20:48:08.067+09:00 TRACE 86442 --- [learn-spring-boot] [           main] a.ConfigurationClassBeanDefinitionReader : Registering bean definition for @Bean method org.springframework.boot.autoconfigure.context.PropertyPlaceholderAutoConfiguration.propertySourcesPlaceholderConfigurer()
2024-09-10T20:48:08.068+09:00 TRACE 86442 --- [learn-spring-boot] [           main] a.ConfigurationClassBeanDefinitionReader : Registered bean definition for imported class 'org.springframework.boot.autoconfigure.ssl.SslAutoConfiguration'
2024-09-10T20:48:08.068+09:00 TRACE 86442 --- [learn-spring-boot] [           main] a.ConfigurationClassBeanDefinitionReader : Registering bean definition for @Bean method org.springframework.boot.autoconfigure.ssl.SslAutoConfiguration.fileWatcher()
2024-09-10T20:48:08.068+09:00 TRACE 86442 --- [learn-spring-boot] [           main] a.ConfigurationClassBeanDefinitionReader : Registering bean definition for @Bean method org.springframework.boot.autoconfigure.ssl.SslAutoConfiguration.sslPropertiesSslBundleRegistrar()
2024-09-10T20:48:08.070+09:00 TRACE 86442 --- [learn-spring-boot] [           main] o.s.b.a.condition.OnBeanCondition        : Condition OnBeanCondition on org.springframework.boot.autoconfigure.ssl.SslAutoConfiguration#sslBundleRegistry matched due to @ConditionalOnMissingBean (types: org.springframework.boot.ssl.SslBundleRegistry,org.springframework.boot.ssl.SslBundles; SearchStrategy: all) did not find any beans
2024-09-10T20:48:08.071+09:00 TRACE 86442 --- [learn-spring-boot] [           main] o.s.b.f.s.DefaultListableBeanFactory     : Returning cached instance of singleton bean 'autoConfigurationReport'
2024-09-10T20:48:08.071+09:00 TRACE 86442 --- [learn-spring-boot] [           main] a.ConfigurationClassBeanDefinitionReader : Registering bean definition for @Bean method org.springframework.boot.autoconfigure.ssl.SslAutoConfiguration.sslBundleRegistry()
2024-09-10T20:48:08.074+09:00 TRACE 86442 --- [learn-spring-boot] [           main] o.s.b.a.condition.OnClassCondition       : Condition OnClassCondition on org.springframework.boot.autoconfigure.websocket.servlet.WebSocketServletAutoConfiguration matched due to @ConditionalOnClass found required classes 'jakarta.servlet.Servlet', 'jakarta.websocket.server.ServerContainer'
2024-09-10T20:48:08.074+09:00 TRACE 86442 --- [learn-spring-boot] [           main] o.s.b.f.s.DefaultListableBeanFactory     : Returning cached instance of singleton bean 'autoConfigurationReport'
2024-09-10T20:48:08.074+09:00 TRACE 86442 --- [learn-spring-boot] [           main] o.s.b.a.c.OnWebApplicationCondition      : Condition OnWebApplicationCondition on org.springframework.boot.autoconfigure.websocket.servlet.WebSocketServletAutoConfiguration matched due to found 'session' scope
2024-09-10T20:48:08.074+09:00 TRACE 86442 --- [learn-spring-boot] [           main] o.s.b.f.s.DefaultListableBeanFactory     : Returning cached instance of singleton bean 'autoConfigurationReport'
2024-09-10T20:48:08.074+09:00 TRACE 86442 --- [learn-spring-boot] [           main] o.s.b.a.condition.OnClassCondition       : Condition OnClassCondition on org.springframework.boot.autoconfigure.websocket.servlet.WebSocketServletAutoConfiguration$TomcatWebSocketConfiguration matched due to @ConditionalOnClass found required classes 'org.apache.catalina.startup.Tomcat', 'org.apache.tomcat.websocket.server.WsSci'
2024-09-10T20:48:08.074+09:00 TRACE 86442 --- [learn-spring-boot] [           main] o.s.b.f.s.DefaultListableBeanFactory     : Returning cached instance of singleton bean 'autoConfigurationReport'
2024-09-10T20:48:08.075+09:00 TRACE 86442 --- [learn-spring-boot] [           main] a.ConfigurationClassBeanDefinitionReader : Registered bean definition for imported class 'org.springframework.boot.autoconfigure.websocket.servlet.WebSocketServletAutoConfiguration$TomcatWebSocketConfiguration'
2024-09-10T20:48:08.075+09:00 TRACE 86442 --- [learn-spring-boot] [           main] o.s.b.a.condition.OnBeanCondition        : Condition OnBeanCondition on org.springframework.boot.autoconfigure.websocket.servlet.WebSocketServletAutoConfiguration$TomcatWebSocketConfiguration#websocketServletWebServerCustomizer matched due to @ConditionalOnMissingBean (names: websocketServletWebServerCustomizer; SearchStrategy: all) did not find any beans
2024-09-10T20:48:08.075+09:00 TRACE 86442 --- [learn-spring-boot] [           main] o.s.b.f.s.DefaultListableBeanFactory     : Returning cached instance of singleton bean 'autoConfigurationReport'
2024-09-10T20:48:08.075+09:00 TRACE 86442 --- [learn-spring-boot] [           main] a.ConfigurationClassBeanDefinitionReader : Registering bean definition for @Bean method org.springframework.boot.autoconfigure.websocket.servlet.WebSocketServletAutoConfiguration$TomcatWebSocketConfiguration.websocketServletWebServerCustomizer()
2024-09-10T20:48:08.075+09:00 TRACE 86442 --- [learn-spring-boot] [           main] a.ConfigurationClassBeanDefinitionReader : Registered bean definition for imported class 'org.springframework.boot.autoconfigure.websocket.servlet.WebSocketServletAutoConfiguration'
2024-09-10T20:48:08.075+09:00 TRACE 86442 --- [learn-spring-boot] [           main] o.s.b.a.condition.OnClassCondition       : Condition OnClassCondition on org.springframework.boot.autoconfigure.web.servlet.ServletWebServerFactoryAutoConfiguration matched due to @ConditionalOnClass found required class 'jakarta.servlet.ServletRequest'
2024-09-10T20:48:08.075+09:00 TRACE 86442 --- [learn-spring-boot] [           main] o.s.b.f.s.DefaultListableBeanFactory     : Returning cached instance of singleton bean 'autoConfigurationReport'
2024-09-10T20:48:08.075+09:00 TRACE 86442 --- [learn-spring-boot] [           main] o.s.b.a.c.OnWebApplicationCondition      : Condition OnWebApplicationCondition on org.springframework.boot.autoconfigure.web.servlet.ServletWebServerFactoryAutoConfiguration matched due to found 'session' scope
2024-09-10T20:48:08.075+09:00 TRACE 86442 --- [learn-spring-boot] [           main] o.s.b.f.s.DefaultListableBeanFactory     : Returning cached instance of singleton bean 'autoConfigurationReport'
2024-09-10T20:48:08.075+09:00 TRACE 86442 --- [learn-spring-boot] [           main] o.s.b.a.condition.OnClassCondition       : Condition OnClassCondition on org.springframework.boot.autoconfigure.web.servlet.ServletWebServerFactoryConfiguration$EmbeddedTomcat matched due to @ConditionalOnClass found required classes 'jakarta.servlet.Servlet', 'org.apache.catalina.startup.Tomcat', 'org.apache.coyote.UpgradeProtocol'
2024-09-10T20:48:08.075+09:00 TRACE 86442 --- [learn-spring-boot] [           main] o.s.b.f.s.DefaultListableBeanFactory     : Returning cached instance of singleton bean 'autoConfigurationReport'
2024-09-10T20:48:08.077+09:00 TRACE 86442 --- [learn-spring-boot] [           main] o.s.b.a.condition.OnBeanCondition        : Condition OnBeanCondition on org.springframework.boot.autoconfigure.web.servlet.ServletWebServerFactoryConfiguration$EmbeddedTomcat matched due to @ConditionalOnMissingBean (types: org.springframework.boot.web.servlet.server.ServletWebServerFactory; SearchStrategy: current) did not find any beans
2024-09-10T20:48:08.077+09:00 TRACE 86442 --- [learn-spring-boot] [           main] o.s.b.f.s.DefaultListableBeanFactory     : Returning cached instance of singleton bean 'autoConfigurationReport'
2024-09-10T20:48:08.077+09:00 TRACE 86442 --- [learn-spring-boot] [           main] a.ConfigurationClassBeanDefinitionReader : Registered bean definition for imported class 'org.springframework.boot.autoconfigure.web.servlet.ServletWebServerFactoryConfiguration$EmbeddedTomcat'
2024-09-10T20:48:08.077+09:00 TRACE 86442 --- [learn-spring-boot] [           main] a.ConfigurationClassBeanDefinitionReader : Registering bean definition for @Bean method org.springframework.boot.autoconfigure.web.servlet.ServletWebServerFactoryConfiguration$EmbeddedTomcat.tomcatServletWebServerFactory()
2024-09-10T20:48:08.078+09:00 TRACE 86442 --- [learn-spring-boot] [           main] a.ConfigurationClassBeanDefinitionReader : Registered bean definition for imported class 'org.springframework.boot.autoconfigure.web.servlet.ServletWebServerFactoryAutoConfiguration'
2024-09-10T20:48:08.078+09:00 TRACE 86442 --- [learn-spring-boot] [           main] a.ConfigurationClassBeanDefinitionReader : Registering bean definition for @Bean method org.springframework.boot.autoconfigure.web.servlet.ServletWebServerFactoryAutoConfiguration.servletWebServerFactoryCustomizer()
2024-09-10T20:48:08.078+09:00 TRACE 86442 --- [learn-spring-boot] [           main] o.s.b.a.condition.OnClassCondition       : Condition OnClassCondition on org.springframework.boot.autoconfigure.web.servlet.ServletWebServerFactoryAutoConfiguration#tomcatServletWebServerFactoryCustomizer matched due to @ConditionalOnClass found required class 'org.apache.catalina.startup.Tomcat'
2024-09-10T20:48:08.078+09:00 TRACE 86442 --- [learn-spring-boot] [           main] o.s.b.f.s.DefaultListableBeanFactory     : Returning cached instance of singleton bean 'autoConfigurationReport'
2024-09-10T20:48:08.078+09:00 TRACE 86442 --- [learn-spring-boot] [           main] a.ConfigurationClassBeanDefinitionReader : Registering bean definition for @Bean method org.springframework.boot.autoconfigure.web.servlet.ServletWebServerFactoryAutoConfiguration.tomcatServletWebServerFactoryCustomizer()
2024-09-10T20:48:08.084+09:00 TRACE 86442 --- [learn-spring-boot] [           main] o.s.b.a.condition.OnClassCondition       : Condition OnClassCondition on org.springframework.boot.autoconfigure.web.servlet.DispatcherServletAutoConfiguration matched due to @ConditionalOnClass found required class 'org.springframework.web.servlet.DispatcherServlet'
2024-09-10T20:48:08.084+09:00 TRACE 86442 --- [learn-spring-boot] [           main] o.s.b.f.s.DefaultListableBeanFactory     : Returning cached instance of singleton bean 'autoConfigurationReport'
2024-09-10T20:48:08.084+09:00 TRACE 86442 --- [learn-spring-boot] [           main] o.s.b.a.c.OnWebApplicationCondition      : Condition OnWebApplicationCondition on org.springframework.boot.autoconfigure.web.servlet.DispatcherServletAutoConfiguration matched due to found 'session' scope
2024-09-10T20:48:08.084+09:00 TRACE 86442 --- [learn-spring-boot] [           main] o.s.b.f.s.DefaultListableBeanFactory     : Returning cached instance of singleton bean 'autoConfigurationReport'
2024-09-10T20:48:08.084+09:00 TRACE 86442 --- [learn-spring-boot] [           main] o.s.b.a.condition.OnClassCondition       : Condition OnClassCondition on org.springframework.boot.autoconfigure.web.servlet.DispatcherServletAutoConfiguration$DispatcherServletRegistrationConfiguration matched due to @ConditionalOnClass found required class 'jakarta.servlet.ServletRegistration'
2024-09-10T20:48:08.084+09:00 TRACE 86442 --- [learn-spring-boot] [           main] o.s.b.f.s.DefaultListableBeanFactory     : Returning cached instance of singleton bean 'autoConfigurationReport'
2024-09-10T20:48:08.084+09:00 TRACE 86442 --- [learn-spring-boot] [           main] n$DispatcherServletRegistrationCondition : Condition DispatcherServletAutoConfiguration.DispatcherServletRegistrationCondition on org.springframework.boot.autoconfigure.web.servlet.DispatcherServletAutoConfiguration$DispatcherServletRegistrationConfiguration matched due to DispatcherServlet Registration did not find servlet registration bean
2024-09-10T20:48:08.084+09:00 TRACE 86442 --- [learn-spring-boot] [           main] o.s.b.f.s.DefaultListableBeanFactory     : Returning cached instance of singleton bean 'autoConfigurationReport'
2024-09-10T20:48:08.084+09:00 TRACE 86442 --- [learn-spring-boot] [           main] o.s.b.a.condition.OnClassCondition       : Condition OnClassCondition on org.springframework.boot.autoconfigure.web.servlet.DispatcherServletAutoConfiguration$DispatcherServletConfiguration matched due to @ConditionalOnClass found required class 'jakarta.servlet.ServletRegistration'
2024-09-10T20:48:08.084+09:00 TRACE 86442 --- [learn-spring-boot] [           main] o.s.b.f.s.DefaultListableBeanFactory     : Returning cached instance of singleton bean 'autoConfigurationReport'
2024-09-10T20:48:08.084+09:00 TRACE 86442 --- [learn-spring-boot] [           main] ration$DefaultDispatcherServletCondition : Condition DispatcherServletAutoConfiguration.DefaultDispatcherServletCondition on org.springframework.boot.autoconfigure.web.servlet.DispatcherServletAutoConfiguration$DispatcherServletConfiguration matched due to Default DispatcherServlet did not find dispatcher servlet beans
2024-09-10T20:48:08.084+09:00 TRACE 86442 --- [learn-spring-boot] [           main] o.s.b.f.s.DefaultListableBeanFactory     : Returning cached instance of singleton bean 'autoConfigurationReport'
2024-09-10T20:48:08.084+09:00 TRACE 86442 --- [learn-spring-boot] [           main] a.ConfigurationClassBeanDefinitionReader : Registered bean definition for imported class 'org.springframework.boot.autoconfigure.web.servlet.DispatcherServletAutoConfiguration$DispatcherServletConfiguration'
2024-09-10T20:48:08.085+09:00 TRACE 86442 --- [learn-spring-boot] [           main] a.ConfigurationClassBeanDefinitionReader : Registering bean definition for @Bean method org.springframework.boot.autoconfigure.web.servlet.DispatcherServletAutoConfiguration$DispatcherServletConfiguration.dispatcherServlet()
2024-09-10T20:48:08.085+09:00 TRACE 86442 --- [learn-spring-boot] [           main] o.s.b.a.condition.OnBeanCondition        : Condition OnBeanCondition on org.springframework.boot.autoconfigure.web.servlet.DispatcherServletAutoConfiguration$DispatcherServletConfiguration#multipartResolver did not match due to @ConditionalOnBean (types: org.springframework.web.multipart.MultipartResolver; SearchStrategy: all) did not find any beans of type org.springframework.web.multipart.MultipartResolver
2024-09-10T20:48:08.085+09:00 TRACE 86442 --- [learn-spring-boot] [           main] o.s.b.f.s.DefaultListableBeanFactory     : Returning cached instance of singleton bean 'autoConfigurationReport'
2024-09-10T20:48:08.087+09:00 TRACE 86442 --- [learn-spring-boot] [           main] a.ConfigurationClassBeanDefinitionReader : Registered bean definition for imported class 'org.springframework.boot.autoconfigure.web.servlet.DispatcherServletAutoConfiguration$DispatcherServletRegistrationConfiguration'
2024-09-10T20:48:08.088+09:00 TRACE 86442 --- [learn-spring-boot] [           main] o.s.b.a.condition.OnBeanCondition        : Condition OnBeanCondition on org.springframework.boot.autoconfigure.web.servlet.DispatcherServletAutoConfiguration$DispatcherServletRegistrationConfiguration#dispatcherServletRegistration matched due to @ConditionalOnBean (names: dispatcherServlet types: org.springframework.web.servlet.DispatcherServlet; SearchStrategy: all) found bean 'dispatcherServlet'
2024-09-10T20:48:08.088+09:00 TRACE 86442 --- [learn-spring-boot] [           main] o.s.b.f.s.DefaultListableBeanFactory     : Returning cached instance of singleton bean 'autoConfigurationReport'
2024-09-10T20:48:08.088+09:00 TRACE 86442 --- [learn-spring-boot] [           main] a.ConfigurationClassBeanDefinitionReader : Registering bean definition for @Bean method org.springframework.boot.autoconfigure.web.servlet.DispatcherServletAutoConfiguration$DispatcherServletRegistrationConfiguration.dispatcherServletRegistration()
2024-09-10T20:48:08.088+09:00 TRACE 86442 --- [learn-spring-boot] [           main] a.ConfigurationClassBeanDefinitionReader : Registered bean definition for imported class 'org.springframework.boot.autoconfigure.web.servlet.DispatcherServletAutoConfiguration'
2024-09-10T20:48:08.088+09:00 TRACE 86442 --- [learn-spring-boot] [           main] o.s.b.a.condition.OnClassCondition       : Condition OnClassCondition on org.springframework.boot.autoconfigure.task.TaskExecutionAutoConfiguration matched due to @ConditionalOnClass found required class 'org.springframework.scheduling.concurrent.ThreadPoolTaskExecutor'
2024-09-10T20:48:08.088+09:00 TRACE 86442 --- [learn-spring-boot] [           main] o.s.b.f.s.DefaultListableBeanFactory     : Returning cached instance of singleton bean 'autoConfigurationReport'
2024-09-10T20:48:08.088+09:00 TRACE 86442 --- [learn-spring-boot] [           main] a.ConfigurationClassBeanDefinitionReader : Registered bean definition for imported class 'org.springframework.boot.autoconfigure.task.TaskExecutorConfigurations$ThreadPoolTaskExecutorBuilderConfiguration'
2024-09-10T20:48:08.090+09:00 TRACE 86442 --- [learn-spring-boot] [           main] o.s.b.a.condition.OnBeanCondition        : Condition OnBeanCondition on org.springframework.boot.autoconfigure.task.TaskExecutorConfigurations$ThreadPoolTaskExecutorBuilderConfiguration#threadPoolTaskExecutorBuilder matched due to @ConditionalOnMissingBean (types: org.springframework.boot.task.ThreadPoolTaskExecutorBuilder; SearchStrategy: all) did not find any beans
2024-09-10T20:48:08.090+09:00 TRACE 86442 --- [learn-spring-boot] [           main] o.s.b.f.s.DefaultListableBeanFactory     : Returning cached instance of singleton bean 'autoConfigurationReport'
2024-09-10T20:48:08.090+09:00 TRACE 86442 --- [learn-spring-boot] [           main] a.ConfigurationClassBeanDefinitionReader : Registering bean definition for @Bean method org.springframework.boot.autoconfigure.task.TaskExecutorConfigurations$ThreadPoolTaskExecutorBuilderConfiguration.threadPoolTaskExecutorBuilder()
2024-09-10T20:48:08.090+09:00 TRACE 86442 --- [learn-spring-boot] [           main] a.ConfigurationClassBeanDefinitionReader : Registered bean definition for imported class 'org.springframework.boot.autoconfigure.task.TaskExecutorConfigurations$SimpleAsyncTaskExecutorBuilderConfiguration'
2024-09-10T20:48:08.091+09:00 TRACE 86442 --- [learn-spring-boot] [           main] o.s.b.a.condition.OnBeanCondition        : Condition OnBeanCondition on org.springframework.boot.autoconfigure.task.TaskExecutorConfigurations$SimpleAsyncTaskExecutorBuilderConfiguration#simpleAsyncTaskExecutorBuilder matched due to @ConditionalOnMissingBean (types: org.springframework.boot.task.SimpleAsyncTaskExecutorBuilder; SearchStrategy: all) did not find any beans
2024-09-10T20:48:08.091+09:00 TRACE 86442 --- [learn-spring-boot] [           main] o.s.b.f.s.DefaultListableBeanFactory     : Returning cached instance of singleton bean 'autoConfigurationReport'
2024-09-10T20:48:08.091+09:00 TRACE 86442 --- [learn-spring-boot] [           main] o.s.b.a.condition.OnThreadingCondition   : Condition OnThreadingCondition on org.springframework.boot.autoconfigure.task.TaskExecutorConfigurations$SimpleAsyncTaskExecutorBuilderConfiguration#simpleAsyncTaskExecutorBuilder matched due to @ConditionalOnThreading found PLATFORM
2024-09-10T20:48:08.091+09:00 TRACE 86442 --- [learn-spring-boot] [           main] o.s.b.f.s.DefaultListableBeanFactory     : Returning cached instance of singleton bean 'autoConfigurationReport'
2024-09-10T20:48:08.091+09:00 TRACE 86442 --- [learn-spring-boot] [           main] a.ConfigurationClassBeanDefinitionReader : Registering bean definition for @Bean method org.springframework.boot.autoconfigure.task.TaskExecutorConfigurations$SimpleAsyncTaskExecutorBuilderConfiguration.simpleAsyncTaskExecutorBuilder()
2024-09-10T20:48:08.100+09:00 TRACE 86442 --- [learn-spring-boot] [           main] o.s.b.a.condition.OnBeanCondition        : Condition OnBeanCondition on org.springframework.boot.autoconfigure.task.TaskExecutorConfigurations$SimpleAsyncTaskExecutorBuilderConfiguration#simpleAsyncTaskExecutorBuilderVirtualThreads did not match due to @ConditionalOnMissingBean (types: org.springframework.boot.task.SimpleAsyncTaskExecutorBuilder; SearchStrategy: all) found beans of type 'org.springframework.boot.task.SimpleAsyncTaskExecutorBuilder' simpleAsyncTaskExecutorBuilder
2024-09-10T20:48:08.100+09:00 TRACE 86442 --- [learn-spring-boot] [           main] o.s.b.f.s.DefaultListableBeanFactory     : Returning cached instance of singleton bean 'autoConfigurationReport'
2024-09-10T20:48:08.100+09:00 TRACE 86442 --- [learn-spring-boot] [           main] o.s.b.a.condition.OnBeanCondition        : Condition OnBeanCondition on org.springframework.boot.autoconfigure.task.TaskExecutorConfigurations$TaskExecutorConfiguration matched due to @ConditionalOnMissingBean (types: java.util.concurrent.Executor; SearchStrategy: all) did not find any beans
2024-09-10T20:48:08.101+09:00 TRACE 86442 --- [learn-spring-boot] [           main] o.s.b.f.s.DefaultListableBeanFactory     : Returning cached instance of singleton bean 'autoConfigurationReport'
2024-09-10T20:48:08.101+09:00 TRACE 86442 --- [learn-spring-boot] [           main] a.ConfigurationClassBeanDefinitionReader : Registered bean definition for imported class 'org.springframework.boot.autoconfigure.task.TaskExecutorConfigurations$TaskExecutorConfiguration'
2024-09-10T20:48:08.101+09:00 TRACE 86442 --- [learn-spring-boot] [           main] o.s.b.a.condition.OnThreadingCondition   : Condition OnThreadingCondition on org.springframework.boot.autoconfigure.task.TaskExecutorConfigurations$TaskExecutorConfiguration#applicationTaskExecutorVirtualThreads did not match due to @ConditionalOnThreading did not find VIRTUAL
2024-09-10T20:48:08.101+09:00 TRACE 86442 --- [learn-spring-boot] [           main] o.s.b.f.s.DefaultListableBeanFactory     : Returning cached instance of singleton bean 'autoConfigurationReport'
2024-09-10T20:48:08.101+09:00 TRACE 86442 --- [learn-spring-boot] [           main] o.s.b.a.condition.OnThreadingCondition   : Condition OnThreadingCondition on org.springframework.boot.autoconfigure.task.TaskExecutorConfigurations$TaskExecutorConfiguration#applicationTaskExecutor matched due to @ConditionalOnThreading found PLATFORM
2024-09-10T20:48:08.101+09:00 TRACE 86442 --- [learn-spring-boot] [           main] o.s.b.f.s.DefaultListableBeanFactory     : Returning cached instance of singleton bean 'autoConfigurationReport'
2024-09-10T20:48:08.101+09:00 TRACE 86442 --- [learn-spring-boot] [           main] o.s.b.f.s.DefaultListableBeanFactory     : Alias definition 'taskExecutor' registered for name 'applicationTaskExecutor'
2024-09-10T20:48:08.101+09:00 TRACE 86442 --- [learn-spring-boot] [           main] a.ConfigurationClassBeanDefinitionReader : Registering bean definition for @Bean method org.springframework.boot.autoconfigure.task.TaskExecutorConfigurations$TaskExecutorConfiguration.applicationTaskExecutor()
2024-09-10T20:48:08.102+09:00 TRACE 86442 --- [learn-spring-boot] [           main] a.ConfigurationClassBeanDefinitionReader : Registered bean definition for imported class 'org.springframework.boot.autoconfigure.task.TaskExecutionAutoConfiguration'
2024-09-10T20:48:08.102+09:00 TRACE 86442 --- [learn-spring-boot] [           main] o.s.b.a.condition.OnClassCondition       : Condition OnClassCondition on org.springframework.boot.autoconfigure.web.servlet.error.ErrorMvcAutoConfiguration matched due to @ConditionalOnClass found required classes 'jakarta.servlet.Servlet', 'org.springframework.web.servlet.DispatcherServlet'
2024-09-10T20:48:08.102+09:00 TRACE 86442 --- [learn-spring-boot] [           main] o.s.b.f.s.DefaultListableBeanFactory     : Returning cached instance of singleton bean 'autoConfigurationReport'
2024-09-10T20:48:08.102+09:00 TRACE 86442 --- [learn-spring-boot] [           main] o.s.b.a.c.OnWebApplicationCondition      : Condition OnWebApplicationCondition on org.springframework.boot.autoconfigure.web.servlet.error.ErrorMvcAutoConfiguration matched due to found 'session' scope
2024-09-10T20:48:08.102+09:00 TRACE 86442 --- [learn-spring-boot] [           main] o.s.b.f.s.DefaultListableBeanFactory     : Returning cached instance of singleton bean 'autoConfigurationReport'
2024-09-10T20:48:08.102+09:00 TRACE 86442 --- [learn-spring-boot] [           main] o.s.b.a.condition.OnPropertyCondition    : Condition OnPropertyCondition on org.springframework.boot.autoconfigure.web.servlet.error.ErrorMvcAutoConfiguration$WhitelabelErrorViewConfiguration matched due to @ConditionalOnProperty (server.error.whitelabel.enabled) matched
2024-09-10T20:48:08.102+09:00 TRACE 86442 --- [learn-spring-boot] [           main] o.s.b.f.s.DefaultListableBeanFactory     : Returning cached instance of singleton bean 'autoConfigurationReport'
2024-09-10T20:48:08.102+09:00 TRACE 86442 --- [learn-spring-boot] [           main] o.s.c.io.support.SpringFactoriesLoader   : Loaded [org.springframework.boot.autoconfigure.template.TemplateAvailabilityProvider] names: [org.springframework.boot.autoconfigure.freemarker.FreeMarkerTemplateAvailabilityProvider, org.springframework.boot.autoconfigure.mustache.MustacheTemplateAvailabilityProvider, org.springframework.boot.autoconfigure.groovy.template.GroovyTemplateAvailabilityProvider, org.springframework.boot.autoconfigure.thymeleaf.ThymeleafTemplateAvailabilityProvider, org.springframework.boot.autoconfigure.web.servlet.JspTemplateAvailabilityProvider]
2024-09-10T20:48:08.103+09:00 TRACE 86442 --- [learn-spring-boot] [           main] figuration$ErrorTemplateMissingCondition : Condition ErrorMvcAutoConfiguration.ErrorTemplateMissingCondition on org.springframework.boot.autoconfigure.web.servlet.error.ErrorMvcAutoConfiguration$WhitelabelErrorViewConfiguration matched due to ErrorTemplate Missing did not find error template view
2024-09-10T20:48:08.103+09:00 TRACE 86442 --- [learn-spring-boot] [           main] o.s.b.f.s.DefaultListableBeanFactory     : Returning cached instance of singleton bean 'autoConfigurationReport'
2024-09-10T20:48:08.103+09:00 TRACE 86442 --- [learn-spring-boot] [           main] a.ConfigurationClassBeanDefinitionReader : Registered bean definition for imported class 'org.springframework.boot.autoconfigure.web.servlet.error.ErrorMvcAutoConfiguration$WhitelabelErrorViewConfiguration'
2024-09-10T20:48:08.103+09:00 TRACE 86442 --- [learn-spring-boot] [           main] o.s.b.a.condition.OnBeanCondition        : Condition OnBeanCondition on org.springframework.boot.autoconfigure.web.servlet.error.ErrorMvcAutoConfiguration$WhitelabelErrorViewConfiguration#defaultErrorView matched due to @ConditionalOnMissingBean (names: error; SearchStrategy: all) did not find any beans
2024-09-10T20:48:08.103+09:00 TRACE 86442 --- [learn-spring-boot] [           main] o.s.b.f.s.DefaultListableBeanFactory     : Returning cached instance of singleton bean 'autoConfigurationReport'
2024-09-10T20:48:08.103+09:00 TRACE 86442 --- [learn-spring-boot] [           main] a.ConfigurationClassBeanDefinitionReader : Registering bean definition for @Bean method org.springframework.boot.autoconfigure.web.servlet.error.ErrorMvcAutoConfiguration$WhitelabelErrorViewConfiguration.error()
2024-09-10T20:48:08.106+09:00 TRACE 86442 --- [learn-spring-boot] [           main] o.s.b.a.condition.OnBeanCondition        : Condition OnBeanCondition on org.springframework.boot.autoconfigure.web.servlet.error.ErrorMvcAutoConfiguration$WhitelabelErrorViewConfiguration#beanNameViewResolver matched due to @ConditionalOnMissingBean (types: org.springframework.web.servlet.view.BeanNameViewResolver; SearchStrategy: all) did not find any beans
2024-09-10T20:48:08.106+09:00 TRACE 86442 --- [learn-spring-boot] [           main] o.s.b.f.s.DefaultListableBeanFactory     : Returning cached instance of singleton bean 'autoConfigurationReport'
2024-09-10T20:48:08.106+09:00 TRACE 86442 --- [learn-spring-boot] [           main] a.ConfigurationClassBeanDefinitionReader : Registering bean definition for @Bean method org.springframework.boot.autoconfigure.web.servlet.error.ErrorMvcAutoConfiguration$WhitelabelErrorViewConfiguration.beanNameViewResolver()
2024-09-10T20:48:08.106+09:00 TRACE 86442 --- [learn-spring-boot] [           main] a.ConfigurationClassBeanDefinitionReader : Registered bean definition for imported class 'org.springframework.boot.autoconfigure.web.servlet.error.ErrorMvcAutoConfiguration$DefaultErrorViewResolverConfiguration'
2024-09-10T20:48:08.107+09:00 TRACE 86442 --- [learn-spring-boot] [           main] o.s.b.a.condition.OnBeanCondition        : Condition OnBeanCondition on org.springframework.boot.autoconfigure.web.servlet.error.ErrorMvcAutoConfiguration$DefaultErrorViewResolverConfiguration#conventionErrorViewResolver matched due to @ConditionalOnBean (types: org.springframework.web.servlet.DispatcherServlet; SearchStrategy: all) found bean 'dispatcherServlet'; @ConditionalOnMissingBean (types: org.springframework.boot.autoconfigure.web.servlet.error.ErrorViewResolver; SearchStrategy: all) did not find any beans
2024-09-10T20:48:08.107+09:00 TRACE 86442 --- [learn-spring-boot] [           main] o.s.b.f.s.DefaultListableBeanFactory     : Returning cached instance of singleton bean 'autoConfigurationReport'
2024-09-10T20:48:08.108+09:00 TRACE 86442 --- [learn-spring-boot] [           main] o.s.b.a.condition.OnBeanCondition        : Condition OnBeanCondition on org.springframework.boot.autoconfigure.web.servlet.error.ErrorMvcAutoConfiguration$DefaultErrorViewResolverConfiguration#conventionErrorViewResolver matched due to @ConditionalOnBean (types: org.springframework.web.servlet.DispatcherServlet; SearchStrategy: all) found bean 'dispatcherServlet'; @ConditionalOnMissingBean (types: org.springframework.boot.autoconfigure.web.servlet.error.ErrorViewResolver; SearchStrategy: all) did not find any beans
2024-09-10T20:48:08.108+09:00 TRACE 86442 --- [learn-spring-boot] [           main] o.s.b.f.s.DefaultListableBeanFactory     : Returning cached instance of singleton bean 'autoConfigurationReport'
2024-09-10T20:48:08.108+09:00 TRACE 86442 --- [learn-spring-boot] [           main] a.ConfigurationClassBeanDefinitionReader : Registering bean definition for @Bean method org.springframework.boot.autoconfigure.web.servlet.error.ErrorMvcAutoConfiguration$DefaultErrorViewResolverConfiguration.conventionErrorViewResolver()
2024-09-10T20:48:08.108+09:00 TRACE 86442 --- [learn-spring-boot] [           main] a.ConfigurationClassBeanDefinitionReader : Registered bean definition for imported class 'org.springframework.boot.autoconfigure.web.servlet.error.ErrorMvcAutoConfiguration'
2024-09-10T20:48:08.109+09:00 TRACE 86442 --- [learn-spring-boot] [           main] o.s.b.a.condition.OnBeanCondition        : Condition OnBeanCondition on org.springframework.boot.autoconfigure.web.servlet.error.ErrorMvcAutoConfiguration#errorAttributes matched due to @ConditionalOnMissingBean (types: org.springframework.boot.web.servlet.error.ErrorAttributes; SearchStrategy: current) did not find any beans
2024-09-10T20:48:08.109+09:00 TRACE 86442 --- [learn-spring-boot] [           main] o.s.b.f.s.DefaultListableBeanFactory     : Returning cached instance of singleton bean 'autoConfigurationReport'
2024-09-10T20:48:08.109+09:00 TRACE 86442 --- [learn-spring-boot] [           main] a.ConfigurationClassBeanDefinitionReader : Registering bean definition for @Bean method org.springframework.boot.autoconfigure.web.servlet.error.ErrorMvcAutoConfiguration.errorAttributes()
2024-09-10T20:48:08.111+09:00 TRACE 86442 --- [learn-spring-boot] [           main] o.s.b.a.condition.OnBeanCondition        : Condition OnBeanCondition on org.springframework.boot.autoconfigure.web.servlet.error.ErrorMvcAutoConfiguration#basicErrorController matched due to @ConditionalOnMissingBean (types: org.springframework.boot.web.servlet.error.ErrorController; SearchStrategy: current) did not find any beans
2024-09-10T20:48:08.111+09:00 TRACE 86442 --- [learn-spring-boot] [           main] o.s.b.f.s.DefaultListableBeanFactory     : Returning cached instance of singleton bean 'autoConfigurationReport'
2024-09-10T20:48:08.111+09:00 TRACE 86442 --- [learn-spring-boot] [           main] a.ConfigurationClassBeanDefinitionReader : Registering bean definition for @Bean method org.springframework.boot.autoconfigure.web.servlet.error.ErrorMvcAutoConfiguration.basicErrorController()
2024-09-10T20:48:08.111+09:00 TRACE 86442 --- [learn-spring-boot] [           main] a.ConfigurationClassBeanDefinitionReader : Registering bean definition for @Bean method org.springframework.boot.autoconfigure.web.servlet.error.ErrorMvcAutoConfiguration.errorPageCustomizer()
2024-09-10T20:48:08.111+09:00 TRACE 86442 --- [learn-spring-boot] [           main] a.ConfigurationClassBeanDefinitionReader : Registering bean definition for @Bean method org.springframework.boot.autoconfigure.web.servlet.error.ErrorMvcAutoConfiguration.preserveErrorControllerTargetClassPostProcessor()
2024-09-10T20:48:08.111+09:00 TRACE 86442 --- [learn-spring-boot] [           main] o.s.b.a.condition.OnClassCondition       : Condition OnClassCondition on org.springframework.boot.autoconfigure.web.servlet.WebMvcAutoConfiguration matched due to @ConditionalOnClass found required classes 'jakarta.servlet.Servlet', 'org.springframework.web.servlet.DispatcherServlet', 'org.springframework.web.servlet.config.annotation.WebMvcConfigurer'
2024-09-10T20:48:08.111+09:00 TRACE 86442 --- [learn-spring-boot] [           main] o.s.b.f.s.DefaultListableBeanFactory     : Returning cached instance of singleton bean 'autoConfigurationReport'
2024-09-10T20:48:08.111+09:00 TRACE 86442 --- [learn-spring-boot] [           main] o.s.b.a.c.OnWebApplicationCondition      : Condition OnWebApplicationCondition on org.springframework.boot.autoconfigure.web.servlet.WebMvcAutoConfiguration matched due to found 'session' scope
2024-09-10T20:48:08.111+09:00 TRACE 86442 --- [learn-spring-boot] [           main] o.s.b.f.s.DefaultListableBeanFactory     : Returning cached instance of singleton bean 'autoConfigurationReport'
2024-09-10T20:48:08.112+09:00 TRACE 86442 --- [learn-spring-boot] [           main] o.s.b.a.condition.OnBeanCondition        : Condition OnBeanCondition on org.springframework.boot.autoconfigure.web.servlet.WebMvcAutoConfiguration matched due to @ConditionalOnMissingBean (types: org.springframework.web.servlet.config.annotation.WebMvcConfigurationSupport; SearchStrategy: all) did not find any beans
2024-09-10T20:48:08.112+09:00 TRACE 86442 --- [learn-spring-boot] [           main] o.s.b.f.s.DefaultListableBeanFactory     : Returning cached instance of singleton bean 'autoConfigurationReport'
2024-09-10T20:48:08.112+09:00 TRACE 86442 --- [learn-spring-boot] [           main] a.ConfigurationClassBeanDefinitionReader : Registered bean definition for imported class 'org.springframework.boot.autoconfigure.web.servlet.WebMvcAutoConfiguration$EnableWebMvcConfiguration'
2024-09-10T20:48:08.112+09:00 TRACE 86442 --- [learn-spring-boot] [           main] a.ConfigurationClassBeanDefinitionReader : Registering bean definition for @Bean method org.springframework.boot.autoconfigure.web.servlet.WebMvcAutoConfiguration$EnableWebMvcConfiguration.welcomePageHandlerMapping()
2024-09-10T20:48:08.112+09:00 TRACE 86442 --- [learn-spring-boot] [           main] a.ConfigurationClassBeanDefinitionReader : Registering bean definition for @Bean method org.springframework.boot.autoconfigure.web.servlet.WebMvcAutoConfiguration$EnableWebMvcConfiguration.welcomePageNotAcceptableHandlerMapping()
2024-09-10T20:48:08.112+09:00 TRACE 86442 --- [learn-spring-boot] [           main] o.s.b.a.condition.OnBeanCondition        : Condition OnBeanCondition on org.springframework.boot.autoconfigure.web.servlet.WebMvcAutoConfiguration$EnableWebMvcConfiguration#localeResolver matched due to @ConditionalOnMissingBean (names: localeResolver; SearchStrategy: all) did not find any beans
2024-09-10T20:48:08.112+09:00 TRACE 86442 --- [learn-spring-boot] [           main] o.s.b.f.s.DefaultListableBeanFactory     : Returning cached instance of singleton bean 'autoConfigurationReport'
2024-09-10T20:48:08.112+09:00 TRACE 86442 --- [learn-spring-boot] [           main] a.ConfigurationClassBeanDefinitionReader : Registering bean definition for @Bean method org.springframework.boot.autoconfigure.web.servlet.WebMvcAutoConfiguration$EnableWebMvcConfiguration.localeResolver()
2024-09-10T20:48:08.112+09:00 TRACE 86442 --- [learn-spring-boot] [           main] o.s.b.a.condition.OnBeanCondition        : Condition OnBeanCondition on org.springframework.boot.autoconfigure.web.servlet.WebMvcAutoConfiguration$EnableWebMvcConfiguration#themeResolver matched due to @ConditionalOnMissingBean (names: themeResolver; SearchStrategy: all) did not find any beans
2024-09-10T20:48:08.112+09:00 TRACE 86442 --- [learn-spring-boot] [           main] o.s.b.f.s.DefaultListableBeanFactory     : Returning cached instance of singleton bean 'autoConfigurationReport'
2024-09-10T20:48:08.112+09:00 TRACE 86442 --- [learn-spring-boot] [           main] a.ConfigurationClassBeanDefinitionReader : Registering bean definition for @Bean method org.springframework.boot.autoconfigure.web.servlet.WebMvcAutoConfiguration$EnableWebMvcConfiguration.themeResolver()
2024-09-10T20:48:08.112+09:00 TRACE 86442 --- [learn-spring-boot] [           main] o.s.b.a.condition.OnBeanCondition        : Condition OnBeanCondition on org.springframework.boot.autoconfigure.web.servlet.WebMvcAutoConfiguration$EnableWebMvcConfiguration#flashMapManager matched due to @ConditionalOnMissingBean (names: flashMapManager; SearchStrategy: all) did not find any beans
2024-09-10T20:48:08.112+09:00 TRACE 86442 --- [learn-spring-boot] [           main] o.s.b.f.s.DefaultListableBeanFactory     : Returning cached instance of singleton bean 'autoConfigurationReport'
2024-09-10T20:48:08.112+09:00 TRACE 86442 --- [learn-spring-boot] [           main] a.ConfigurationClassBeanDefinitionReader : Registering bean definition for @Bean method org.springframework.boot.autoconfigure.web.servlet.WebMvcAutoConfiguration$EnableWebMvcConfiguration.flashMapManager()
2024-09-10T20:48:08.112+09:00 TRACE 86442 --- [learn-spring-boot] [           main] o.s.b.a.condition.OnBeanCondition        : Condition OnBeanCondition on org.springframework.boot.autoconfigure.web.servlet.WebMvcAutoConfiguration$EnableWebMvcConfiguration#viewNameTranslator matched due to @ConditionalOnMissingBean (names: viewNameTranslator; SearchStrategy: all) did not find any beans
2024-09-10T20:48:08.112+09:00 TRACE 86442 --- [learn-spring-boot] [           main] o.s.b.f.s.DefaultListableBeanFactory     : Returning cached instance of singleton bean 'autoConfigurationReport'
2024-09-10T20:48:08.112+09:00 TRACE 86442 --- [learn-spring-boot] [           main] a.ConfigurationClassBeanDefinitionReader : Registering bean definition for @Bean method org.springframework.boot.autoconfigure.web.servlet.WebMvcAutoConfiguration$EnableWebMvcConfiguration.viewNameTranslator()
2024-09-10T20:48:08.112+09:00 TRACE 86442 --- [learn-spring-boot] [           main] a.ConfigurationClassBeanDefinitionReader : Registering bean definition for @Bean method org.springframework.boot.autoconfigure.web.servlet.WebMvcAutoConfiguration$EnableWebMvcConfiguration.mvcConversionService()
2024-09-10T20:48:08.113+09:00 TRACE 86442 --- [learn-spring-boot] [           main] a.ConfigurationClassBeanDefinitionReader : Registering bean definition for @Bean method org.springframework.boot.autoconfigure.web.servlet.WebMvcAutoConfiguration$EnableWebMvcConfiguration.mvcValidator()
2024-09-10T20:48:08.113+09:00 TRACE 86442 --- [learn-spring-boot] [           main] a.ConfigurationClassBeanDefinitionReader : Registering bean definition for @Bean method org.springframework.boot.autoconfigure.web.servlet.WebMvcAutoConfiguration$EnableWebMvcConfiguration.mvcContentNegotiationManager()
2024-09-10T20:48:08.113+09:00 TRACE 86442 --- [learn-spring-boot] [           main] a.ConfigurationClassBeanDefinitionReader : Registering bean definition for @Bean method org.springframework.boot.autoconfigure.web.servlet.WebMvcAutoConfiguration$EnableWebMvcConfiguration.requestMappingHandlerMapping()
2024-09-10T20:48:08.113+09:00 TRACE 86442 --- [learn-spring-boot] [           main] a.ConfigurationClassBeanDefinitionReader : Registering bean definition for @Bean method org.springframework.boot.autoconfigure.web.servlet.WebMvcAutoConfiguration$EnableWebMvcConfiguration.mvcPatternParser()
2024-09-10T20:48:08.113+09:00 TRACE 86442 --- [learn-spring-boot] [           main] a.ConfigurationClassBeanDefinitionReader : Registering bean definition for @Bean method org.springframework.boot.autoconfigure.web.servlet.WebMvcAutoConfiguration$EnableWebMvcConfiguration.mvcUrlPathHelper()
2024-09-10T20:48:08.113+09:00 TRACE 86442 --- [learn-spring-boot] [           main] a.ConfigurationClassBeanDefinitionReader : Registering bean definition for @Bean method org.springframework.boot.autoconfigure.web.servlet.WebMvcAutoConfiguration$EnableWebMvcConfiguration.mvcPathMatcher()
2024-09-10T20:48:08.113+09:00 TRACE 86442 --- [learn-spring-boot] [           main] a.ConfigurationClassBeanDefinitionReader : Registering bean definition for @Bean method org.springframework.boot.autoconfigure.web.servlet.WebMvcAutoConfiguration$EnableWebMvcConfiguration.viewControllerHandlerMapping()
2024-09-10T20:48:08.113+09:00 TRACE 86442 --- [learn-spring-boot] [           main] a.ConfigurationClassBeanDefinitionReader : Registering bean definition for @Bean method org.springframework.boot.autoconfigure.web.servlet.WebMvcAutoConfiguration$EnableWebMvcConfiguration.beanNameHandlerMapping()
2024-09-10T20:48:08.113+09:00 TRACE 86442 --- [learn-spring-boot] [           main] a.ConfigurationClassBeanDefinitionReader : Registering bean definition for @Bean method org.springframework.boot.autoconfigure.web.servlet.WebMvcAutoConfiguration$EnableWebMvcConfiguration.routerFunctionMapping()
2024-09-10T20:48:08.113+09:00 TRACE 86442 --- [learn-spring-boot] [           main] a.ConfigurationClassBeanDefinitionReader : Registering bean definition for @Bean method org.springframework.boot.autoconfigure.web.servlet.WebMvcAutoConfiguration$EnableWebMvcConfiguration.resourceHandlerMapping()
2024-09-10T20:48:08.113+09:00 TRACE 86442 --- [learn-spring-boot] [           main] a.ConfigurationClassBeanDefinitionReader : Registering bean definition for @Bean method org.springframework.boot.autoconfigure.web.servlet.WebMvcAutoConfiguration$EnableWebMvcConfiguration.mvcResourceUrlProvider()
2024-09-10T20:48:08.113+09:00 TRACE 86442 --- [learn-spring-boot] [           main] a.ConfigurationClassBeanDefinitionReader : Registering bean definition for @Bean method org.springframework.boot.autoconfigure.web.servlet.WebMvcAutoConfiguration$EnableWebMvcConfiguration.defaultServletHandlerMapping()
2024-09-10T20:48:08.113+09:00 TRACE 86442 --- [learn-spring-boot] [           main] a.ConfigurationClassBeanDefinitionReader : Registering bean definition for @Bean method org.springframework.boot.autoconfigure.web.servlet.WebMvcAutoConfiguration$EnableWebMvcConfiguration.requestMappingHandlerAdapter()
2024-09-10T20:48:08.113+09:00 TRACE 86442 --- [learn-spring-boot] [           main] a.ConfigurationClassBeanDefinitionReader : Registering bean definition for @Bean method org.springframework.boot.autoconfigure.web.servlet.WebMvcAutoConfiguration$EnableWebMvcConfiguration.handlerFunctionAdapter()
2024-09-10T20:48:08.113+09:00 TRACE 86442 --- [learn-spring-boot] [           main] a.ConfigurationClassBeanDefinitionReader : Registering bean definition for @Bean method org.springframework.boot.autoconfigure.web.servlet.WebMvcAutoConfiguration$EnableWebMvcConfiguration.mvcUriComponentsContributor()
2024-09-10T20:48:08.113+09:00 TRACE 86442 --- [learn-spring-boot] [           main] a.ConfigurationClassBeanDefinitionReader : Registering bean definition for @Bean method org.springframework.boot.autoconfigure.web.servlet.WebMvcAutoConfiguration$EnableWebMvcConfiguration.httpRequestHandlerAdapter()
2024-09-10T20:48:08.113+09:00 TRACE 86442 --- [learn-spring-boot] [           main] a.ConfigurationClassBeanDefinitionReader : Registering bean definition for @Bean method org.springframework.boot.autoconfigure.web.servlet.WebMvcAutoConfiguration$EnableWebMvcConfiguration.simpleControllerHandlerAdapter()
2024-09-10T20:48:08.113+09:00 TRACE 86442 --- [learn-spring-boot] [           main] a.ConfigurationClassBeanDefinitionReader : Registering bean definition for @Bean method org.springframework.boot.autoconfigure.web.servlet.WebMvcAutoConfiguration$EnableWebMvcConfiguration.handlerExceptionResolver()
2024-09-10T20:48:08.113+09:00 TRACE 86442 --- [learn-spring-boot] [           main] a.ConfigurationClassBeanDefinitionReader : Registering bean definition for @Bean method org.springframework.boot.autoconfigure.web.servlet.WebMvcAutoConfiguration$EnableWebMvcConfiguration.mvcViewResolver()
2024-09-10T20:48:08.113+09:00 TRACE 86442 --- [learn-spring-boot] [           main] a.ConfigurationClassBeanDefinitionReader : Registering bean definition for @Bean method org.springframework.boot.autoconfigure.web.servlet.WebMvcAutoConfiguration$EnableWebMvcConfiguration.mvcHandlerMappingIntrospector()
2024-09-10T20:48:08.114+09:00 TRACE 86442 --- [learn-spring-boot] [           main] a.ConfigurationClassBeanDefinitionReader : Registered bean definition for imported class 'org.springframework.boot.autoconfigure.web.servlet.WebMvcAutoConfiguration$WebMvcAutoConfigurationAdapter'
2024-09-10T20:48:08.129+09:00 TRACE 86442 --- [learn-spring-boot] [           main] o.s.b.a.condition.OnBeanCondition        : Condition OnBeanCondition on org.springframework.boot.autoconfigure.web.servlet.WebMvcAutoConfiguration$WebMvcAutoConfigurationAdapter#defaultViewResolver matched due to @ConditionalOnMissingBean (types: org.springframework.web.servlet.view.InternalResourceViewResolver; SearchStrategy: all) did not find any beans
2024-09-10T20:48:08.129+09:00 TRACE 86442 --- [learn-spring-boot] [           main] o.s.b.f.s.DefaultListableBeanFactory     : Returning cached instance of singleton bean 'autoConfigurationReport'
2024-09-10T20:48:08.129+09:00 TRACE 86442 --- [learn-spring-boot] [           main] a.ConfigurationClassBeanDefinitionReader : Registering bean definition for @Bean method org.springframework.boot.autoconfigure.web.servlet.WebMvcAutoConfiguration$WebMvcAutoConfigurationAdapter.defaultViewResolver()
2024-09-10T20:48:08.131+09:00 TRACE 86442 --- [learn-spring-boot] [           main] o.s.b.a.condition.OnBeanCondition        : Condition OnBeanCondition on org.springframework.boot.autoconfigure.web.servlet.WebMvcAutoConfiguration$WebMvcAutoConfigurationAdapter#beanNameViewResolver did not match due to @ConditionalOnMissingBean (types: org.springframework.web.servlet.view.BeanNameViewResolver; SearchStrategy: all) found beans of type 'org.springframework.web.servlet.view.BeanNameViewResolver' beanNameViewResolver
2024-09-10T20:48:08.131+09:00 TRACE 86442 --- [learn-spring-boot] [           main] o.s.b.f.s.DefaultListableBeanFactory     : Returning cached instance of singleton bean 'autoConfigurationReport'
2024-09-10T20:48:08.132+09:00 TRACE 86442 --- [learn-spring-boot] [           main] o.s.b.a.condition.OnBeanCondition        : Condition OnBeanCondition on org.springframework.boot.autoconfigure.web.servlet.WebMvcAutoConfiguration$WebMvcAutoConfigurationAdapter#viewResolver matched due to @ConditionalOnBean (types: org.springframework.web.servlet.ViewResolver; SearchStrategy: all) found beans 'defaultViewResolver', 'beanNameViewResolver', 'mvcViewResolver'; @ConditionalOnMissingBean (names: viewResolver types: org.springframework.web.servlet.view.ContentNegotiatingViewResolver; SearchStrategy: all) did not find any beans
2024-09-10T20:48:08.132+09:00 TRACE 86442 --- [learn-spring-boot] [           main] o.s.b.f.s.DefaultListableBeanFactory     : Returning cached instance of singleton bean 'autoConfigurationReport'
2024-09-10T20:48:08.132+09:00 TRACE 86442 --- [learn-spring-boot] [           main] o.s.b.a.condition.OnBeanCondition        : Condition OnBeanCondition on org.springframework.boot.autoconfigure.web.servlet.WebMvcAutoConfiguration$WebMvcAutoConfigurationAdapter#viewResolver matched due to @ConditionalOnBean (types: org.springframework.web.servlet.ViewResolver; SearchStrategy: all) found beans 'defaultViewResolver', 'beanNameViewResolver', 'mvcViewResolver'; @ConditionalOnMissingBean (names: viewResolver types: org.springframework.web.servlet.view.ContentNegotiatingViewResolver; SearchStrategy: all) did not find any beans
2024-09-10T20:48:08.132+09:00 TRACE 86442 --- [learn-spring-boot] [           main] o.s.b.f.s.DefaultListableBeanFactory     : Returning cached instance of singleton bean 'autoConfigurationReport'
2024-09-10T20:48:08.132+09:00 TRACE 86442 --- [learn-spring-boot] [           main] a.ConfigurationClassBeanDefinitionReader : Registering bean definition for @Bean method org.springframework.boot.autoconfigure.web.servlet.WebMvcAutoConfiguration$WebMvcAutoConfigurationAdapter.viewResolver()
2024-09-10T20:48:08.134+09:00 TRACE 86442 --- [learn-spring-boot] [           main] o.s.b.a.condition.OnBeanCondition        : Condition OnBeanCondition on org.springframework.boot.autoconfigure.web.servlet.WebMvcAutoConfiguration$WebMvcAutoConfigurationAdapter#requestContextFilter matched due to @ConditionalOnMissingBean (types: org.springframework.web.context.request.RequestContextListener,org.springframework.web.filter.RequestContextFilter; SearchStrategy: all) did not find any beans
2024-09-10T20:48:08.134+09:00 TRACE 86442 --- [learn-spring-boot] [           main] o.s.b.f.s.DefaultListableBeanFactory     : Returning cached instance of singleton bean 'autoConfigurationReport'
2024-09-10T20:48:08.136+09:00 TRACE 86442 --- [learn-spring-boot] [           main] o.s.b.a.condition.OnBeanCondition        : Condition OnBeanCondition on org.springframework.boot.autoconfigure.web.servlet.WebMvcAutoConfiguration$WebMvcAutoConfigurationAdapter#requestContextFilter matched due to @ConditionalOnMissingBean (types: org.springframework.web.context.request.RequestContextListener,org.springframework.web.filter.RequestContextFilter; SearchStrategy: all) did not find any beans
2024-09-10T20:48:08.136+09:00 TRACE 86442 --- [learn-spring-boot] [           main] o.s.b.f.s.DefaultListableBeanFactory     : Returning cached instance of singleton bean 'autoConfigurationReport'
2024-09-10T20:48:08.136+09:00 TRACE 86442 --- [learn-spring-boot] [           main] a.ConfigurationClassBeanDefinitionReader : Registering bean definition for @Bean method org.springframework.boot.autoconfigure.web.servlet.WebMvcAutoConfiguration$WebMvcAutoConfigurationAdapter.requestContextFilter()
2024-09-10T20:48:08.137+09:00 TRACE 86442 --- [learn-spring-boot] [           main] a.ConfigurationClassBeanDefinitionReader : Registered bean definition for imported class 'org.springframework.boot.autoconfigure.web.servlet.WebMvcAutoConfiguration'
2024-09-10T20:48:08.137+09:00 TRACE 86442 --- [learn-spring-boot] [           main] o.s.b.a.condition.OnPropertyCondition    : Condition OnPropertyCondition on org.springframework.boot.autoconfigure.web.servlet.WebMvcAutoConfiguration#hiddenHttpMethodFilter did not match due to @ConditionalOnProperty (spring.mvc.hiddenmethod.filter.enabled) did not find property 'enabled'
2024-09-10T20:48:08.137+09:00 TRACE 86442 --- [learn-spring-boot] [           main] o.s.b.f.s.DefaultListableBeanFactory     : Returning cached instance of singleton bean 'autoConfigurationReport'
2024-09-10T20:48:08.137+09:00 TRACE 86442 --- [learn-spring-boot] [           main] o.s.b.a.condition.OnPropertyCondition    : Condition OnPropertyCondition on org.springframework.boot.autoconfigure.web.servlet.WebMvcAutoConfiguration#formContentFilter matched due to @ConditionalOnProperty (spring.mvc.formcontent.filter.enabled) matched
2024-09-10T20:48:08.137+09:00 TRACE 86442 --- [learn-spring-boot] [           main] o.s.b.f.s.DefaultListableBeanFactory     : Returning cached instance of singleton bean 'autoConfigurationReport'
2024-09-10T20:48:08.139+09:00 TRACE 86442 --- [learn-spring-boot] [           main] o.s.b.a.condition.OnBeanCondition        : Condition OnBeanCondition on org.springframework.boot.autoconfigure.web.servlet.WebMvcAutoConfiguration#formContentFilter matched due to @ConditionalOnMissingBean (types: org.springframework.web.filter.FormContentFilter; SearchStrategy: all) did not find any beans
2024-09-10T20:48:08.139+09:00 TRACE 86442 --- [learn-spring-boot] [           main] o.s.b.f.s.DefaultListableBeanFactory     : Returning cached instance of singleton bean 'autoConfigurationReport'
2024-09-10T20:48:08.139+09:00 TRACE 86442 --- [learn-spring-boot] [           main] a.ConfigurationClassBeanDefinitionReader : Registering bean definition for @Bean method org.springframework.boot.autoconfigure.web.servlet.WebMvcAutoConfiguration.formContentFilter()
2024-09-10T20:48:08.139+09:00 TRACE 86442 --- [learn-spring-boot] [           main] o.s.b.a.condition.OnPropertyCondition    : Condition OnPropertyCondition on org.springframework.boot.actuate.autoconfigure.audit.AuditAutoConfiguration matched due to @ConditionalOnProperty (management.auditevents.enabled) matched
2024-09-10T20:48:08.139+09:00 TRACE 86442 --- [learn-spring-boot] [           main] o.s.b.f.s.DefaultListableBeanFactory     : Returning cached instance of singleton bean 'autoConfigurationReport'
2024-09-10T20:48:08.140+09:00 TRACE 86442 --- [learn-spring-boot] [           main] o.s.b.a.condition.OnBeanCondition        : Condition OnBeanCondition on org.springframework.boot.actuate.autoconfigure.audit.AuditAutoConfiguration did not match due to @ConditionalOnBean (types: org.springframework.boot.actuate.audit.AuditEventRepository; SearchStrategy: all) did not find any beans of type org.springframework.boot.actuate.audit.AuditEventRepository
2024-09-10T20:48:08.140+09:00 TRACE 86442 --- [learn-spring-boot] [           main] o.s.b.f.s.DefaultListableBeanFactory     : Returning cached instance of singleton bean 'autoConfigurationReport'
2024-09-10T20:48:08.140+09:00 TRACE 86442 --- [learn-spring-boot] [           main] a.ConfigurationClassBeanDefinitionReader : Registered bean definition for imported class 'org.springframework.boot.autoconfigure.availability.ApplicationAvailabilityAutoConfiguration'
2024-09-10T20:48:08.141+09:00 TRACE 86442 --- [learn-spring-boot] [           main] o.s.b.a.condition.OnBeanCondition        : Condition OnBeanCondition on org.springframework.boot.autoconfigure.availability.ApplicationAvailabilityAutoConfiguration#applicationAvailability matched due to @ConditionalOnMissingBean (types: org.springframework.boot.availability.ApplicationAvailability; SearchStrategy: all) did not find any beans
2024-09-10T20:48:08.141+09:00 TRACE 86442 --- [learn-spring-boot] [           main] o.s.b.f.s.DefaultListableBeanFactory     : Returning cached instance of singleton bean 'autoConfigurationReport'
2024-09-10T20:48:08.141+09:00 TRACE 86442 --- [learn-spring-boot] [           main] a.ConfigurationClassBeanDefinitionReader : Registering bean definition for @Bean method org.springframework.boot.autoconfigure.availability.ApplicationAvailabilityAutoConfiguration.applicationAvailability()
2024-09-10T20:48:08.141+09:00 TRACE 86442 --- [learn-spring-boot] [           main] a.ConfigurationClassBeanDefinitionReader : Registered bean definition for imported class 'org.springframework.boot.actuate.autoconfigure.availability.AvailabilityHealthContributorAutoConfiguration'
2024-09-10T20:48:08.141+09:00 TRACE 86442 --- [learn-spring-boot] [           main] o.s.b.a.condition.OnPropertyCondition    : Condition OnPropertyCondition on org.springframework.boot.actuate.autoconfigure.availability.AvailabilityHealthContributorAutoConfiguration#livenessStateHealthIndicator did not match due to @ConditionalOnProperty (management.health.livenessstate.enabled=true) did not find property 'enabled'
2024-09-10T20:48:08.141+09:00 TRACE 86442 --- [learn-spring-boot] [           main] o.s.b.f.s.DefaultListableBeanFactory     : Returning cached instance of singleton bean 'autoConfigurationReport'
2024-09-10T20:48:08.141+09:00 TRACE 86442 --- [learn-spring-boot] [           main] o.s.b.a.condition.OnPropertyCondition    : Condition OnPropertyCondition on org.springframework.boot.actuate.autoconfigure.availability.AvailabilityHealthContributorAutoConfiguration#readinessStateHealthIndicator did not match due to @ConditionalOnProperty (management.health.readinessstate.enabled=true) did not find property 'enabled'
2024-09-10T20:48:08.141+09:00 TRACE 86442 --- [learn-spring-boot] [           main] o.s.b.f.s.DefaultListableBeanFactory     : Returning cached instance of singleton bean 'autoConfigurationReport'
2024-09-10T20:48:08.141+09:00 TRACE 86442 --- [learn-spring-boot] [           main] o.s.b.a.condition.OnClassCondition       : Condition OnClassCondition on org.springframework.boot.autoconfigure.jackson.JacksonAutoConfiguration matched due to @ConditionalOnClass found required class 'com.fasterxml.jackson.databind.ObjectMapper'
2024-09-10T20:48:08.141+09:00 TRACE 86442 --- [learn-spring-boot] [           main] o.s.b.f.s.DefaultListableBeanFactory     : Returning cached instance of singleton bean 'autoConfigurationReport'
2024-09-10T20:48:08.141+09:00 TRACE 86442 --- [learn-spring-boot] [           main] o.s.b.a.condition.OnClassCondition       : Condition OnClassCondition on org.springframework.boot.autoconfigure.jackson.JacksonAutoConfiguration$Jackson2ObjectMapperBuilderCustomizerConfiguration matched due to @ConditionalOnClass found required class 'org.springframework.http.converter.json.Jackson2ObjectMapperBuilder'
2024-09-10T20:48:08.141+09:00 TRACE 86442 --- [learn-spring-boot] [           main] o.s.b.f.s.DefaultListableBeanFactory     : Returning cached instance of singleton bean 'autoConfigurationReport'
2024-09-10T20:48:08.142+09:00 TRACE 86442 --- [learn-spring-boot] [           main] a.ConfigurationClassBeanDefinitionReader : Registered bean definition for imported class 'org.springframework.boot.autoconfigure.jackson.JacksonAutoConfiguration$Jackson2ObjectMapperBuilderCustomizerConfiguration'
2024-09-10T20:48:08.142+09:00 TRACE 86442 --- [learn-spring-boot] [           main] a.ConfigurationClassBeanDefinitionReader : Registering bean definition for @Bean method org.springframework.boot.autoconfigure.jackson.JacksonAutoConfiguration$Jackson2ObjectMapperBuilderCustomizerConfiguration.standardJacksonObjectMapperBuilderCustomizer()
2024-09-10T20:48:08.142+09:00 TRACE 86442 --- [learn-spring-boot] [           main] o.s.b.a.condition.OnClassCondition       : Condition OnClassCondition on org.springframework.boot.autoconfigure.jackson.JacksonAutoConfiguration$JacksonObjectMapperBuilderConfiguration matched due to @ConditionalOnClass found required class 'org.springframework.http.converter.json.Jackson2ObjectMapperBuilder'
2024-09-10T20:48:08.142+09:00 TRACE 86442 --- [learn-spring-boot] [           main] o.s.b.f.s.DefaultListableBeanFactory     : Returning cached instance of singleton bean 'autoConfigurationReport'
2024-09-10T20:48:08.142+09:00 TRACE 86442 --- [learn-spring-boot] [           main] a.ConfigurationClassBeanDefinitionReader : Registered bean definition for imported class 'org.springframework.boot.autoconfigure.jackson.JacksonAutoConfiguration$JacksonObjectMapperBuilderConfiguration'
2024-09-10T20:48:08.144+09:00 TRACE 86442 --- [learn-spring-boot] [           main] o.s.b.a.condition.OnBeanCondition        : Condition OnBeanCondition on org.springframework.boot.autoconfigure.jackson.JacksonAutoConfiguration$JacksonObjectMapperBuilderConfiguration#jacksonObjectMapperBuilder matched due to @ConditionalOnMissingBean (types: org.springframework.http.converter.json.Jackson2ObjectMapperBuilder; SearchStrategy: all) did not find any beans
2024-09-10T20:48:08.144+09:00 TRACE 86442 --- [learn-spring-boot] [           main] o.s.b.f.s.DefaultListableBeanFactory     : Returning cached instance of singleton bean 'autoConfigurationReport'
2024-09-10T20:48:08.144+09:00 TRACE 86442 --- [learn-spring-boot] [           main] a.ConfigurationClassBeanDefinitionReader : Registering bean definition for @Bean method org.springframework.boot.autoconfigure.jackson.JacksonAutoConfiguration$JacksonObjectMapperBuilderConfiguration.jacksonObjectMapperBuilder()
2024-09-10T20:48:08.144+09:00 TRACE 86442 --- [learn-spring-boot] [           main] o.s.b.a.condition.OnClassCondition       : Condition OnClassCondition on org.springframework.boot.autoconfigure.jackson.JacksonAutoConfiguration$ParameterNamesModuleConfiguration matched due to @ConditionalOnClass found required class 'com.fasterxml.jackson.module.paramnames.ParameterNamesModule'
2024-09-10T20:48:08.144+09:00 TRACE 86442 --- [learn-spring-boot] [           main] o.s.b.f.s.DefaultListableBeanFactory     : Returning cached instance of singleton bean 'autoConfigurationReport'
2024-09-10T20:48:08.144+09:00 TRACE 86442 --- [learn-spring-boot] [           main] a.ConfigurationClassBeanDefinitionReader : Registered bean definition for imported class 'org.springframework.boot.autoconfigure.jackson.JacksonAutoConfiguration$ParameterNamesModuleConfiguration'
2024-09-10T20:48:08.145+09:00 TRACE 86442 --- [learn-spring-boot] [           main] o.s.b.a.condition.OnBeanCondition        : Condition OnBeanCondition on org.springframework.boot.autoconfigure.jackson.JacksonAutoConfiguration$ParameterNamesModuleConfiguration#parameterNamesModule matched due to @ConditionalOnMissingBean (types: com.fasterxml.jackson.module.paramnames.ParameterNamesModule; SearchStrategy: all) did not find any beans
2024-09-10T20:48:08.145+09:00 TRACE 86442 --- [learn-spring-boot] [           main] o.s.b.f.s.DefaultListableBeanFactory     : Returning cached instance of singleton bean 'autoConfigurationReport'
2024-09-10T20:48:08.145+09:00 TRACE 86442 --- [learn-spring-boot] [           main] a.ConfigurationClassBeanDefinitionReader : Registering bean definition for @Bean method org.springframework.boot.autoconfigure.jackson.JacksonAutoConfiguration$ParameterNamesModuleConfiguration.parameterNamesModule()
2024-09-10T20:48:08.145+09:00 TRACE 86442 --- [learn-spring-boot] [           main] o.s.b.a.condition.OnClassCondition       : Condition OnClassCondition on org.springframework.boot.autoconfigure.jackson.JacksonAutoConfiguration$JacksonObjectMapperConfiguration matched due to @ConditionalOnClass found required class 'org.springframework.http.converter.json.Jackson2ObjectMapperBuilder'
2024-09-10T20:48:08.145+09:00 TRACE 86442 --- [learn-spring-boot] [           main] o.s.b.f.s.DefaultListableBeanFactory     : Returning cached instance of singleton bean 'autoConfigurationReport'
2024-09-10T20:48:08.145+09:00 TRACE 86442 --- [learn-spring-boot] [           main] a.ConfigurationClassBeanDefinitionReader : Registered bean definition for imported class 'org.springframework.boot.autoconfigure.jackson.JacksonAutoConfiguration$JacksonObjectMapperConfiguration'
2024-09-10T20:48:08.146+09:00 TRACE 86442 --- [learn-spring-boot] [           main] o.s.b.a.condition.OnBeanCondition        : Condition OnBeanCondition on org.springframework.boot.autoconfigure.jackson.JacksonAutoConfiguration$JacksonObjectMapperConfiguration#jacksonObjectMapper matched due to @ConditionalOnMissingBean (types: com.fasterxml.jackson.databind.ObjectMapper; SearchStrategy: all) did not find any beans
2024-09-10T20:48:08.146+09:00 TRACE 86442 --- [learn-spring-boot] [           main] o.s.b.f.s.DefaultListableBeanFactory     : Returning cached instance of singleton bean 'autoConfigurationReport'
2024-09-10T20:48:08.146+09:00 TRACE 86442 --- [learn-spring-boot] [           main] a.ConfigurationClassBeanDefinitionReader : Registering bean definition for @Bean method org.springframework.boot.autoconfigure.jackson.JacksonAutoConfiguration$JacksonObjectMapperConfiguration.jacksonObjectMapper()
2024-09-10T20:48:08.146+09:00 TRACE 86442 --- [learn-spring-boot] [           main] a.ConfigurationClassBeanDefinitionReader : Registered bean definition for imported class 'org.springframework.boot.autoconfigure.jackson.JacksonAutoConfiguration$JacksonMixinConfiguration'
2024-09-10T20:48:08.146+09:00 TRACE 86442 --- [learn-spring-boot] [           main] a.ConfigurationClassBeanDefinitionReader : Registering bean definition for @Bean method org.springframework.boot.autoconfigure.jackson.JacksonAutoConfiguration$JacksonMixinConfiguration.jsonMixinModuleEntries()
2024-09-10T20:48:08.146+09:00 TRACE 86442 --- [learn-spring-boot] [           main] a.ConfigurationClassBeanDefinitionReader : Registering bean definition for @Bean method org.springframework.boot.autoconfigure.jackson.JacksonAutoConfiguration$JacksonMixinConfiguration.jsonMixinModule()
2024-09-10T20:48:08.146+09:00 TRACE 86442 --- [learn-spring-boot] [           main] a.ConfigurationClassBeanDefinitionReader : Registered bean definition for imported class 'org.springframework.boot.autoconfigure.jackson.JacksonAutoConfiguration'
2024-09-10T20:48:08.146+09:00 TRACE 86442 --- [learn-spring-boot] [           main] a.ConfigurationClassBeanDefinitionReader : Registering bean definition for @Bean method org.springframework.boot.autoconfigure.jackson.JacksonAutoConfiguration.jsonComponentModule()
2024-09-10T20:48:08.146+09:00 TRACE 86442 --- [learn-spring-boot] [           main] o.s.b.a.condition.OnClassCondition       : Condition OnClassCondition on org.springframework.boot.autoconfigure.cache.CacheAutoConfiguration matched due to @ConditionalOnClass found required class 'org.springframework.cache.CacheManager'
2024-09-10T20:48:08.146+09:00 TRACE 86442 --- [learn-spring-boot] [           main] o.s.b.f.s.DefaultListableBeanFactory     : Returning cached instance of singleton bean 'autoConfigurationReport'
2024-09-10T20:48:08.148+09:00 TRACE 86442 --- [learn-spring-boot] [           main] o.s.b.a.condition.OnBeanCondition        : Condition OnBeanCondition on org.springframework.boot.autoconfigure.cache.CacheAutoConfiguration did not match due to @ConditionalOnBean (types: org.springframework.cache.interceptor.CacheAspectSupport; SearchStrategy: all) did not find any beans of type org.springframework.cache.interceptor.CacheAspectSupport
2024-09-10T20:48:08.148+09:00 TRACE 86442 --- [learn-spring-boot] [           main] o.s.b.f.s.DefaultListableBeanFactory     : Returning cached instance of singleton bean 'autoConfigurationReport'
2024-09-10T20:48:08.148+09:00 TRACE 86442 --- [learn-spring-boot] [           main] s.b.a.a.e.c.OnAvailableEndpointCondition : Condition OnAvailableEndpointCondition on org.springframework.boot.actuate.autoconfigure.health.HealthEndpointAutoConfiguration matched due to @ConditionalOnAvailableEndpoint marked as exposed by a 'management.endpoints.web.exposure' property
2024-09-10T20:48:08.148+09:00 TRACE 86442 --- [learn-spring-boot] [           main] o.s.b.f.s.DefaultListableBeanFactory     : Returning cached instance of singleton bean 'autoConfigurationReport'
2024-09-10T20:48:08.149+09:00 TRACE 86442 --- [learn-spring-boot] [           main] a.ConfigurationClassBeanDefinitionReader : Registered bean definition for imported class 'org.springframework.boot.actuate.autoconfigure.health.HealthEndpointConfiguration'
2024-09-10T20:48:08.149+09:00 TRACE 86442 --- [learn-spring-boot] [           main] o.s.b.a.condition.OnBeanCondition        : Condition OnBeanCondition on org.springframework.boot.actuate.autoconfigure.health.HealthEndpointConfiguration#healthStatusAggregator matched due to @ConditionalOnMissingBean (types: org.springframework.boot.actuate.health.StatusAggregator; SearchStrategy: all) did not find any beans
2024-09-10T20:48:08.149+09:00 TRACE 86442 --- [learn-spring-boot] [           main] o.s.b.f.s.DefaultListableBeanFactory     : Returning cached instance of singleton bean 'autoConfigurationReport'
2024-09-10T20:48:08.149+09:00 TRACE 86442 --- [learn-spring-boot] [           main] a.ConfigurationClassBeanDefinitionReader : Registering bean definition for @Bean method org.springframework.boot.actuate.autoconfigure.health.HealthEndpointConfiguration.healthStatusAggregator()
2024-09-10T20:48:08.151+09:00 TRACE 86442 --- [learn-spring-boot] [           main] o.s.b.a.condition.OnBeanCondition        : Condition OnBeanCondition on org.springframework.boot.actuate.autoconfigure.health.HealthEndpointConfiguration#healthHttpCodeStatusMapper matched due to @ConditionalOnMissingBean (types: org.springframework.boot.actuate.health.HttpCodeStatusMapper; SearchStrategy: all) did not find any beans
2024-09-10T20:48:08.151+09:00 TRACE 86442 --- [learn-spring-boot] [           main] o.s.b.f.s.DefaultListableBeanFactory     : Returning cached instance of singleton bean 'autoConfigurationReport'
2024-09-10T20:48:08.151+09:00 TRACE 86442 --- [learn-spring-boot] [           main] a.ConfigurationClassBeanDefinitionReader : Registering bean definition for @Bean method org.springframework.boot.actuate.autoconfigure.health.HealthEndpointConfiguration.healthHttpCodeStatusMapper()
2024-09-10T20:48:08.152+09:00 TRACE 86442 --- [learn-spring-boot] [           main] o.s.b.a.condition.OnBeanCondition        : Condition OnBeanCondition on org.springframework.boot.actuate.autoconfigure.health.HealthEndpointConfiguration#healthEndpointGroups matched due to @ConditionalOnMissingBean (types: org.springframework.boot.actuate.health.HealthEndpointGroups; SearchStrategy: all) did not find any beans
2024-09-10T20:48:08.152+09:00 TRACE 86442 --- [learn-spring-boot] [           main] o.s.b.f.s.DefaultListableBeanFactory     : Returning cached instance of singleton bean 'autoConfigurationReport'
2024-09-10T20:48:08.152+09:00 TRACE 86442 --- [learn-spring-boot] [           main] a.ConfigurationClassBeanDefinitionReader : Registering bean definition for @Bean method org.springframework.boot.actuate.autoconfigure.health.HealthEndpointConfiguration.healthEndpointGroups()
2024-09-10T20:48:08.152+09:00 TRACE 86442 --- [learn-spring-boot] [           main] o.s.b.a.condition.OnBeanCondition        : Condition OnBeanCondition on org.springframework.boot.actuate.autoconfigure.health.HealthEndpointConfiguration#healthContributorRegistry matched due to @ConditionalOnMissingBean (types: org.springframework.boot.actuate.health.HealthContributorRegistry; SearchStrategy: all) did not find any beans
2024-09-10T20:48:08.152+09:00 TRACE 86442 --- [learn-spring-boot] [           main] o.s.b.f.s.DefaultListableBeanFactory     : Returning cached instance of singleton bean 'autoConfigurationReport'
2024-09-10T20:48:08.153+09:00 TRACE 86442 --- [learn-spring-boot] [           main] a.ConfigurationClassBeanDefinitionReader : Registering bean definition for @Bean method org.springframework.boot.actuate.autoconfigure.health.HealthEndpointConfiguration.healthContributorRegistry()
2024-09-10T20:48:08.153+09:00 TRACE 86442 --- [learn-spring-boot] [           main] o.s.b.a.condition.OnPropertyCondition    : Condition OnPropertyCondition on org.springframework.boot.actuate.autoconfigure.health.HealthEndpointConfiguration#healthEndpointGroupMembershipValidator matched due to @ConditionalOnProperty (management.endpoint.health.validate-group-membership=true) matched
2024-09-10T20:48:08.153+09:00 TRACE 86442 --- [learn-spring-boot] [           main] o.s.b.f.s.DefaultListableBeanFactory     : Returning cached instance of singleton bean 'autoConfigurationReport'
2024-09-10T20:48:08.153+09:00 TRACE 86442 --- [learn-spring-boot] [           main] a.ConfigurationClassBeanDefinitionReader : Registering bean definition for @Bean method org.springframework.boot.actuate.autoconfigure.health.HealthEndpointConfiguration.healthEndpointGroupMembershipValidator()
2024-09-10T20:48:08.153+09:00 TRACE 86442 --- [learn-spring-boot] [           main] o.s.b.a.condition.OnBeanCondition        : Condition OnBeanCondition on org.springframework.boot.actuate.autoconfigure.health.HealthEndpointConfiguration#healthEndpoint matched due to @ConditionalOnMissingBean (types: org.springframework.boot.actuate.health.HealthEndpoint; SearchStrategy: all) did not find any beans
2024-09-10T20:48:08.153+09:00 TRACE 86442 --- [learn-spring-boot] [           main] o.s.b.f.s.DefaultListableBeanFactory     : Returning cached instance of singleton bean 'autoConfigurationReport'
2024-09-10T20:48:08.153+09:00 TRACE 86442 --- [learn-spring-boot] [           main] a.ConfigurationClassBeanDefinitionReader : Registering bean definition for @Bean method org.springframework.boot.actuate.autoconfigure.health.HealthEndpointConfiguration.healthEndpoint()
2024-09-10T20:48:08.153+09:00 TRACE 86442 --- [learn-spring-boot] [           main] a.ConfigurationClassBeanDefinitionReader : Registering bean definition for @Bean method org.springframework.boot.actuate.autoconfigure.health.HealthEndpointConfiguration.healthEndpointGroupsBeanPostProcessor()
2024-09-10T20:48:08.154+09:00 TRACE 86442 --- [learn-spring-boot] [           main] o.s.b.a.c.OnWebApplicationCondition      : Condition OnWebApplicationCondition on org.springframework.boot.actuate.autoconfigure.health.HealthEndpointWebExtensionConfiguration matched due to found 'session' scope
2024-09-10T20:48:08.154+09:00 TRACE 86442 --- [learn-spring-boot] [           main] o.s.b.f.s.DefaultListableBeanFactory     : Returning cached instance of singleton bean 'autoConfigurationReport'
2024-09-10T20:48:08.154+09:00 TRACE 86442 --- [learn-spring-boot] [           main] o.s.b.a.condition.OnBeanCondition        : Condition OnBeanCondition on org.springframework.boot.actuate.autoconfigure.health.HealthEndpointWebExtensionConfiguration matched due to @ConditionalOnBean (types: org.springframework.boot.actuate.health.HealthEndpoint; SearchStrategy: all) found bean 'healthEndpoint'
2024-09-10T20:48:08.154+09:00 TRACE 86442 --- [learn-spring-boot] [           main] o.s.b.f.s.DefaultListableBeanFactory     : Returning cached instance of singleton bean 'autoConfigurationReport'
2024-09-10T20:48:08.155+09:00 TRACE 86442 --- [learn-spring-boot] [           main] s.b.a.a.e.c.OnAvailableEndpointCondition : Condition OnAvailableEndpointCondition on org.springframework.boot.actuate.autoconfigure.health.HealthEndpointWebExtensionConfiguration matched due to @ConditionalOnAvailableEndpoint marked as exposed by a 'management.endpoints.web.exposure' property
2024-09-10T20:48:08.155+09:00 TRACE 86442 --- [learn-spring-boot] [           main] o.s.b.f.s.DefaultListableBeanFactory     : Returning cached instance of singleton bean 'autoConfigurationReport'
2024-09-10T20:48:08.155+09:00 TRACE 86442 --- [learn-spring-boot] [           main] o.s.b.a.condition.OnBeanCondition        : Condition OnBeanCondition on org.springframework.boot.actuate.autoconfigure.health.HealthEndpointWebExtensionConfiguration$MvcAdditionalHealthEndpointPathsConfiguration matched due to @ConditionalOnBean (types: org.springframework.web.servlet.DispatcherServlet; SearchStrategy: all) found bean 'dispatcherServlet'
2024-09-10T20:48:08.155+09:00 TRACE 86442 --- [learn-spring-boot] [           main] o.s.b.f.s.DefaultListableBeanFactory     : Returning cached instance of singleton bean 'autoConfigurationReport'
2024-09-10T20:48:08.155+09:00 TRACE 86442 --- [learn-spring-boot] [           main] a.ConfigurationClassBeanDefinitionReader : Registered bean definition for imported class 'org.springframework.boot.actuate.autoconfigure.health.HealthEndpointWebExtensionConfiguration$MvcAdditionalHealthEndpointPathsConfiguration'
2024-09-10T20:48:08.155+09:00 TRACE 86442 --- [learn-spring-boot] [           main] a.ConfigurationClassBeanDefinitionReader : Registering bean definition for @Bean method org.springframework.boot.actuate.autoconfigure.health.HealthEndpointWebExtensionConfiguration$MvcAdditionalHealthEndpointPathsConfiguration.healthEndpointWebMvcHandlerMapping()
2024-09-10T20:48:08.155+09:00 TRACE 86442 --- [learn-spring-boot] [           main] a.ConfigurationClassBeanDefinitionReader : Registered bean definition for imported class 'org.springframework.boot.actuate.autoconfigure.health.HealthEndpointWebExtensionConfiguration'
2024-09-10T20:48:08.158+09:00 TRACE 86442 --- [learn-spring-boot] [           main] o.s.b.a.condition.OnBeanCondition        : Condition OnBeanCondition on org.springframework.boot.actuate.autoconfigure.health.HealthEndpointWebExtensionConfiguration#healthEndpointWebExtension matched due to @ConditionalOnMissingBean (types: org.springframework.boot.actuate.health.HealthEndpointWebExtension; SearchStrategy: all) did not find any beans
2024-09-10T20:48:08.158+09:00 TRACE 86442 --- [learn-spring-boot] [           main] o.s.b.f.s.DefaultListableBeanFactory     : Returning cached instance of singleton bean 'autoConfigurationReport'
2024-09-10T20:48:08.158+09:00 TRACE 86442 --- [learn-spring-boot] [           main] a.ConfigurationClassBeanDefinitionReader : Registering bean definition for @Bean method org.springframework.boot.actuate.autoconfigure.health.HealthEndpointWebExtensionConfiguration.healthEndpointWebExtension()
2024-09-10T20:48:08.158+09:00 TRACE 86442 --- [learn-spring-boot] [           main] a.ConfigurationClassBeanDefinitionReader : Registered bean definition for imported class 'org.springframework.boot.actuate.autoconfigure.health.HealthEndpointAutoConfiguration'
2024-09-10T20:48:08.159+09:00 TRACE 86442 --- [learn-spring-boot] [           main] a.ConfigurationClassBeanDefinitionReader : Registered bean definition for imported class 'org.springframework.boot.autoconfigure.info.ProjectInfoAutoConfiguration'
2024-09-10T20:48:08.160+09:00 TRACE 86442 --- [learn-spring-boot] [           main] figuration$GitResourceAvailableCondition : Condition ProjectInfoAutoConfiguration.GitResourceAvailableCondition on org.springframework.boot.autoconfigure.info.ProjectInfoAutoConfiguration#gitProperties did not match due to GitResource did not find git info at classpath:git.properties
2024-09-10T20:48:08.160+09:00 TRACE 86442 --- [learn-spring-boot] [           main] o.s.b.f.s.DefaultListableBeanFactory     : Returning cached instance of singleton bean 'autoConfigurationReport'
2024-09-10T20:48:08.161+09:00 TRACE 86442 --- [learn-spring-boot] [           main] o.s.b.a.condition.OnResourceCondition    : Condition OnResourceCondition on org.springframework.boot.autoconfigure.info.ProjectInfoAutoConfiguration#buildProperties did not match due to @ConditionalOnResource did not find resource '${spring.info.build.location:classpath:META-INF/build-info.properties}'
2024-09-10T20:48:08.161+09:00 TRACE 86442 --- [learn-spring-boot] [           main] o.s.b.f.s.DefaultListableBeanFactory     : Returning cached instance of singleton bean 'autoConfigurationReport'
2024-09-10T20:48:08.162+09:00 TRACE 86442 --- [learn-spring-boot] [           main] a.ConfigurationClassBeanDefinitionReader : Registered bean definition for imported class 'org.springframework.boot.actuate.autoconfigure.info.InfoContributorAutoConfiguration'
2024-09-10T20:48:08.162+09:00 TRACE 86442 --- [learn-spring-boot] [           main] .a.a.i.OnEnabledInfoContributorCondition : Condition OnEnabledInfoContributorCondition on org.springframework.boot.actuate.autoconfigure.info.InfoContributorAutoConfiguration#envInfoContributor did not match due to @ConditionalOnEnabledInfoContributor management.info.env.enabled is not true
2024-09-10T20:48:08.162+09:00 TRACE 86442 --- [learn-spring-boot] [           main] o.s.b.f.s.DefaultListableBeanFactory     : Returning cached instance of singleton bean 'autoConfigurationReport'
2024-09-10T20:48:08.162+09:00 TRACE 86442 --- [learn-spring-boot] [           main] .a.a.i.OnEnabledInfoContributorCondition : Condition OnEnabledInfoContributorCondition on org.springframework.boot.actuate.autoconfigure.info.InfoContributorAutoConfiguration#gitInfoContributor matched due to @ConditionalOnEnabledInfoContributor management.info.defaults.enabled is considered true
2024-09-10T20:48:08.162+09:00 TRACE 86442 --- [learn-spring-boot] [           main] o.s.b.f.s.DefaultListableBeanFactory     : Returning cached instance of singleton bean 'autoConfigurationReport'
2024-09-10T20:48:08.164+09:00 TRACE 86442 --- [learn-spring-boot] [           main] o.s.b.a.condition.OnBeanCondition        : Condition OnBeanCondition on org.springframework.boot.actuate.autoconfigure.info.InfoContributorAutoConfiguration#gitInfoContributor did not match due to @ConditionalOnSingleCandidate (types: org.springframework.boot.info.GitProperties; SearchStrategy: all) did not find any beans
2024-09-10T20:48:08.164+09:00 TRACE 86442 --- [learn-spring-boot] [           main] o.s.b.f.s.DefaultListableBeanFactory     : Returning cached instance of singleton bean 'autoConfigurationReport'
2024-09-10T20:48:08.164+09:00 TRACE 86442 --- [learn-spring-boot] [           main] .a.a.i.OnEnabledInfoContributorCondition : Condition OnEnabledInfoContributorCondition on org.springframework.boot.actuate.autoconfigure.info.InfoContributorAutoConfiguration#buildInfoContributor matched due to @ConditionalOnEnabledInfoContributor management.info.defaults.enabled is considered true
2024-09-10T20:48:08.165+09:00 TRACE 86442 --- [learn-spring-boot] [           main] o.s.b.f.s.DefaultListableBeanFactory     : Returning cached instance of singleton bean 'autoConfigurationReport'
2024-09-10T20:48:08.165+09:00 TRACE 86442 --- [learn-spring-boot] [           main] o.s.b.a.condition.OnBeanCondition        : Condition OnBeanCondition on org.springframework.boot.actuate.autoconfigure.info.InfoContributorAutoConfiguration#buildInfoContributor did not match due to @ConditionalOnSingleCandidate (types: org.springframework.boot.info.BuildProperties; SearchStrategy: all) did not find any beans
2024-09-10T20:48:08.165+09:00 TRACE 86442 --- [learn-spring-boot] [           main] o.s.b.f.s.DefaultListableBeanFactory     : Returning cached instance of singleton bean 'autoConfigurationReport'
2024-09-10T20:48:08.165+09:00 TRACE 86442 --- [learn-spring-boot] [           main] .a.a.i.OnEnabledInfoContributorCondition : Condition OnEnabledInfoContributorCondition on org.springframework.boot.actuate.autoconfigure.info.InfoContributorAutoConfiguration#javaInfoContributor did not match due to @ConditionalOnEnabledInfoContributor management.info.java.enabled is not true
2024-09-10T20:48:08.165+09:00 TRACE 86442 --- [learn-spring-boot] [           main] o.s.b.f.s.DefaultListableBeanFactory     : Returning cached instance of singleton bean 'autoConfigurationReport'
2024-09-10T20:48:08.165+09:00 TRACE 86442 --- [learn-spring-boot] [           main] .a.a.i.OnEnabledInfoContributorCondition : Condition OnEnabledInfoContributorCondition on org.springframework.boot.actuate.autoconfigure.info.InfoContributorAutoConfiguration#osInfoContributor did not match due to @ConditionalOnEnabledInfoContributor management.info.os.enabled is not true
2024-09-10T20:48:08.165+09:00 TRACE 86442 --- [learn-spring-boot] [           main] o.s.b.f.s.DefaultListableBeanFactory     : Returning cached instance of singleton bean 'autoConfigurationReport'
2024-09-10T20:48:08.165+09:00 TRACE 86442 --- [learn-spring-boot] [           main] .a.a.i.OnEnabledInfoContributorCondition : Condition OnEnabledInfoContributorCondition on org.springframework.boot.actuate.autoconfigure.info.InfoContributorAutoConfiguration#processInfoContributor did not match due to @ConditionalOnEnabledInfoContributor management.info.process.enabled is not true
2024-09-10T20:48:08.165+09:00 TRACE 86442 --- [learn-spring-boot] [           main] o.s.b.f.s.DefaultListableBeanFactory     : Returning cached instance of singleton bean 'autoConfigurationReport'
2024-09-10T20:48:08.165+09:00 TRACE 86442 --- [learn-spring-boot] [           main] .a.a.i.OnEnabledInfoContributorCondition : Condition OnEnabledInfoContributorCondition on org.springframework.boot.actuate.autoconfigure.info.InfoContributorAutoConfiguration#sslInfoContributor did not match due to @ConditionalOnEnabledInfoContributor management.info.ssl.enabled is not true
2024-09-10T20:48:08.166+09:00 TRACE 86442 --- [learn-spring-boot] [           main] o.s.b.f.s.DefaultListableBeanFactory     : Returning cached instance of singleton bean 'autoConfigurationReport'
2024-09-10T20:48:08.166+09:00 TRACE 86442 --- [learn-spring-boot] [           main] o.s.b.a.condition.OnBeanCondition        : Condition OnBeanCondition on org.springframework.boot.actuate.autoconfigure.info.InfoContributorAutoConfiguration#sslInfo matched due to @ConditionalOnMissingBean (types: org.springframework.boot.info.SslInfo; SearchStrategy: all) did not find any beans
2024-09-10T20:48:08.166+09:00 TRACE 86442 --- [learn-spring-boot] [           main] o.s.b.f.s.DefaultListableBeanFactory     : Returning cached instance of singleton bean 'autoConfigurationReport'
2024-09-10T20:48:08.166+09:00 TRACE 86442 --- [learn-spring-boot] [           main] .a.a.i.OnEnabledInfoContributorCondition : Condition OnEnabledInfoContributorCondition on org.springframework.boot.actuate.autoconfigure.info.InfoContributorAutoConfiguration#sslInfo did not match due to @ConditionalOnEnabledInfoContributor management.info.ssl.enabled is not true
2024-09-10T20:48:08.166+09:00 TRACE 86442 --- [learn-spring-boot] [           main] o.s.b.f.s.DefaultListableBeanFactory     : Returning cached instance of singleton bean 'autoConfigurationReport'
2024-09-10T20:48:08.167+09:00 TRACE 86442 --- [learn-spring-boot] [           main] o.s.b.a.condition.OnClassCondition       : Condition OnClassCondition on org.springframework.boot.actuate.autoconfigure.web.servlet.ServletManagementContextAutoConfiguration matched due to @ConditionalOnClass found required class 'jakarta.servlet.Servlet'
2024-09-10T20:48:08.167+09:00 TRACE 86442 --- [learn-spring-boot] [           main] o.s.b.f.s.DefaultListableBeanFactory     : Returning cached instance of singleton bean 'autoConfigurationReport'
2024-09-10T20:48:08.167+09:00 TRACE 86442 --- [learn-spring-boot] [           main] o.s.b.a.c.OnWebApplicationCondition      : Condition OnWebApplicationCondition on org.springframework.boot.actuate.autoconfigure.web.servlet.ServletManagementContextAutoConfiguration matched due to found 'session' scope
2024-09-10T20:48:08.167+09:00 TRACE 86442 --- [learn-spring-boot] [           main] o.s.b.f.s.DefaultListableBeanFactory     : Returning cached instance of singleton bean 'autoConfigurationReport'
2024-09-10T20:48:08.167+09:00 TRACE 86442 --- [learn-spring-boot] [           main] a.ConfigurationClassBeanDefinitionReader : Registered bean definition for imported class 'org.springframework.boot.actuate.autoconfigure.web.servlet.ServletManagementContextAutoConfiguration'
2024-09-10T20:48:08.167+09:00 TRACE 86442 --- [learn-spring-boot] [           main] a.ConfigurationClassBeanDefinitionReader : Registering bean definition for @Bean method org.springframework.boot.actuate.autoconfigure.web.servlet.ServletManagementContextAutoConfiguration.servletWebChildContextFactory()
2024-09-10T20:48:08.167+09:00 TRACE 86442 --- [learn-spring-boot] [           main] a.ConfigurationClassBeanDefinitionReader : Registering bean definition for @Bean method org.springframework.boot.actuate.autoconfigure.web.servlet.ServletManagementContextAutoConfiguration.managementServletContext()
2024-09-10T20:48:08.167+09:00 TRACE 86442 --- [learn-spring-boot] [           main] a.ConfigurationClassBeanDefinitionReader : Registered bean definition for imported class 'org.springframework.boot.actuate.autoconfigure.endpoint.EndpointAutoConfiguration'
2024-09-10T20:48:08.169+09:00 TRACE 86442 --- [learn-spring-boot] [           main] o.s.b.a.condition.OnBeanCondition        : Condition OnBeanCondition on org.springframework.boot.actuate.autoconfigure.endpoint.EndpointAutoConfiguration#endpointOperationParameterMapper matched due to @ConditionalOnMissingBean (types: org.springframework.boot.actuate.endpoint.invoke.ParameterValueMapper; SearchStrategy: all) did not find any beans
2024-09-10T20:48:08.169+09:00 TRACE 86442 --- [learn-spring-boot] [           main] o.s.b.f.s.DefaultListableBeanFactory     : Returning cached instance of singleton bean 'autoConfigurationReport'
2024-09-10T20:48:08.169+09:00 TRACE 86442 --- [learn-spring-boot] [           main] a.ConfigurationClassBeanDefinitionReader : Registering bean definition for @Bean method org.springframework.boot.actuate.autoconfigure.endpoint.EndpointAutoConfiguration.endpointOperationParameterMapper()
2024-09-10T20:48:08.169+09:00 TRACE 86442 --- [learn-spring-boot] [           main] o.s.b.a.condition.OnBeanCondition        : Condition OnBeanCondition on org.springframework.boot.actuate.autoconfigure.endpoint.EndpointAutoConfiguration#endpointCachingOperationInvokerAdvisor matched due to @ConditionalOnMissingBean (types: org.springframework.boot.actuate.endpoint.invoker.cache.CachingOperationInvokerAdvisor; SearchStrategy: all) did not find any beans
2024-09-10T20:48:08.169+09:00 TRACE 86442 --- [learn-spring-boot] [           main] o.s.b.f.s.DefaultListableBeanFactory     : Returning cached instance of singleton bean 'autoConfigurationReport'
2024-09-10T20:48:08.170+09:00 TRACE 86442 --- [learn-spring-boot] [           main] a.ConfigurationClassBeanDefinitionReader : Registering bean definition for @Bean method org.springframework.boot.actuate.autoconfigure.endpoint.EndpointAutoConfiguration.endpointCachingOperationInvokerAdvisor()
2024-09-10T20:48:08.170+09:00 TRACE 86442 --- [learn-spring-boot] [           main] a.ConfigurationClassBeanDefinitionReader : Registered bean definition for imported class 'org.springframework.boot.actuate.autoconfigure.endpoint.jackson.JacksonEndpointAutoConfiguration'
2024-09-10T20:48:08.170+09:00 TRACE 86442 --- [learn-spring-boot] [           main] o.s.b.a.condition.OnClassCondition       : Condition OnClassCondition on org.springframework.boot.actuate.autoconfigure.endpoint.jackson.JacksonEndpointAutoConfiguration#endpointObjectMapper matched due to @ConditionalOnClass found required classes 'com.fasterxml.jackson.databind.ObjectMapper', 'org.springframework.http.converter.json.Jackson2ObjectMapperBuilder'
2024-09-10T20:48:08.170+09:00 TRACE 86442 --- [learn-spring-boot] [           main] o.s.b.f.s.DefaultListableBeanFactory     : Returning cached instance of singleton bean 'autoConfigurationReport'
2024-09-10T20:48:08.170+09:00 TRACE 86442 --- [learn-spring-boot] [           main] o.s.b.a.condition.OnPropertyCondition    : Condition OnPropertyCondition on org.springframework.boot.actuate.autoconfigure.endpoint.jackson.JacksonEndpointAutoConfiguration#endpointObjectMapper matched due to @ConditionalOnProperty (management.endpoints.jackson.isolated-object-mapper) matched
2024-09-10T20:48:08.170+09:00 TRACE 86442 --- [learn-spring-boot] [           main] o.s.b.f.s.DefaultListableBeanFactory     : Returning cached instance of singleton bean 'autoConfigurationReport'
2024-09-10T20:48:08.170+09:00 TRACE 86442 --- [learn-spring-boot] [           main] a.ConfigurationClassBeanDefinitionReader : Registering bean definition for @Bean method org.springframework.boot.actuate.autoconfigure.endpoint.jackson.JacksonEndpointAutoConfiguration.endpointObjectMapper()
2024-09-10T20:48:08.170+09:00 TRACE 86442 --- [learn-spring-boot] [           main] o.s.b.a.c.OnWebApplicationCondition      : Condition OnWebApplicationCondition on org.springframework.boot.actuate.autoconfigure.endpoint.web.WebEndpointAutoConfiguration matched due to @ConditionalOnWebApplication (required) found 'session' scope
2024-09-10T20:48:08.170+09:00 TRACE 86442 --- [learn-spring-boot] [           main] o.s.b.f.s.DefaultListableBeanFactory     : Returning cached instance of singleton bean 'autoConfigurationReport'
2024-09-10T20:48:08.170+09:00 TRACE 86442 --- [learn-spring-boot] [           main] o.s.b.a.c.OnWebApplicationCondition      : Condition OnWebApplicationCondition on org.springframework.boot.actuate.autoconfigure.endpoint.web.WebEndpointAutoConfiguration$WebEndpointServletConfiguration matched due to found 'session' scope
2024-09-10T20:48:08.170+09:00 TRACE 86442 --- [learn-spring-boot] [           main] o.s.b.f.s.DefaultListableBeanFactory     : Returning cached instance of singleton bean 'autoConfigurationReport'
2024-09-10T20:48:08.170+09:00 TRACE 86442 --- [learn-spring-boot] [           main] a.ConfigurationClassBeanDefinitionReader : Registered bean definition for imported class 'org.springframework.boot.actuate.autoconfigure.endpoint.web.WebEndpointAutoConfiguration$WebEndpointServletConfiguration'
2024-09-10T20:48:08.171+09:00 TRACE 86442 --- [learn-spring-boot] [           main] o.s.b.a.condition.OnBeanCondition        : Condition OnBeanCondition on org.springframework.boot.actuate.autoconfigure.endpoint.web.WebEndpointAutoConfiguration$WebEndpointServletConfiguration#servletEndpointDiscoverer matched due to @ConditionalOnMissingBean (types: org.springframework.boot.actuate.endpoint.web.annotation.ServletEndpointsSupplier; SearchStrategy: all) did not find any beans
2024-09-10T20:48:08.171+09:00 TRACE 86442 --- [learn-spring-boot] [           main] o.s.b.f.s.DefaultListableBeanFactory     : Returning cached instance of singleton bean 'autoConfigurationReport'
2024-09-10T20:48:08.171+09:00 TRACE 86442 --- [learn-spring-boot] [           main] a.ConfigurationClassBeanDefinitionReader : Registering bean definition for @Bean method org.springframework.boot.actuate.autoconfigure.endpoint.web.WebEndpointAutoConfiguration$WebEndpointServletConfiguration.servletEndpointDiscoverer()
2024-09-10T20:48:08.172+09:00 TRACE 86442 --- [learn-spring-boot] [           main] a.ConfigurationClassBeanDefinitionReader : Registered bean definition for imported class 'org.springframework.boot.actuate.autoconfigure.endpoint.web.WebEndpointAutoConfiguration'
2024-09-10T20:48:08.172+09:00 TRACE 86442 --- [learn-spring-boot] [           main] a.ConfigurationClassBeanDefinitionReader : Registering bean definition for @Bean method org.springframework.boot.actuate.autoconfigure.endpoint.web.WebEndpointAutoConfiguration.webEndpointPathMapper()
2024-09-10T20:48:08.174+09:00 TRACE 86442 --- [learn-spring-boot] [           main] o.s.b.a.condition.OnBeanCondition        : Condition OnBeanCondition on org.springframework.boot.actuate.autoconfigure.endpoint.web.WebEndpointAutoConfiguration#endpointMediaTypes matched due to @ConditionalOnMissingBean (types: org.springframework.boot.actuate.endpoint.web.EndpointMediaTypes; SearchStrategy: all) did not find any beans
2024-09-10T20:48:08.174+09:00 TRACE 86442 --- [learn-spring-boot] [           main] o.s.b.f.s.DefaultListableBeanFactory     : Returning cached instance of singleton bean 'autoConfigurationReport'
2024-09-10T20:48:08.175+09:00 TRACE 86442 --- [learn-spring-boot] [           main] a.ConfigurationClassBeanDefinitionReader : Registering bean definition for @Bean method org.springframework.boot.actuate.autoconfigure.endpoint.web.WebEndpointAutoConfiguration.endpointMediaTypes()
2024-09-10T20:48:08.175+09:00 TRACE 86442 --- [learn-spring-boot] [           main] o.s.b.a.condition.OnBeanCondition        : Condition OnBeanCondition on org.springframework.boot.actuate.autoconfigure.endpoint.web.WebEndpointAutoConfiguration#webEndpointDiscoverer matched due to @ConditionalOnMissingBean (types: org.springframework.boot.actuate.endpoint.web.WebEndpointsSupplier; SearchStrategy: all) did not find any beans
2024-09-10T20:48:08.175+09:00 TRACE 86442 --- [learn-spring-boot] [           main] o.s.b.f.s.DefaultListableBeanFactory     : Returning cached instance of singleton bean 'autoConfigurationReport'
2024-09-10T20:48:08.175+09:00 TRACE 86442 --- [learn-spring-boot] [           main] a.ConfigurationClassBeanDefinitionReader : Registering bean definition for @Bean method org.springframework.boot.actuate.autoconfigure.endpoint.web.WebEndpointAutoConfiguration.webEndpointDiscoverer()
2024-09-10T20:48:08.176+09:00 TRACE 86442 --- [learn-spring-boot] [           main] o.s.b.a.condition.OnBeanCondition        : Condition OnBeanCondition on org.springframework.boot.actuate.autoconfigure.endpoint.web.WebEndpointAutoConfiguration#controllerEndpointDiscoverer matched due to @ConditionalOnMissingBean (types: org.springframework.boot.actuate.endpoint.web.annotation.ControllerEndpointsSupplier; SearchStrategy: all) did not find any beans
2024-09-10T20:48:08.176+09:00 TRACE 86442 --- [learn-spring-boot] [           main] o.s.b.f.s.DefaultListableBeanFactory     : Returning cached instance of singleton bean 'autoConfigurationReport'
2024-09-10T20:48:08.176+09:00 TRACE 86442 --- [learn-spring-boot] [           main] a.ConfigurationClassBeanDefinitionReader : Registering bean definition for @Bean method org.springframework.boot.actuate.autoconfigure.endpoint.web.WebEndpointAutoConfiguration.controllerEndpointDiscoverer()
2024-09-10T20:48:08.176+09:00 TRACE 86442 --- [learn-spring-boot] [           main] o.s.b.a.condition.OnBeanCondition        : Condition OnBeanCondition on org.springframework.boot.actuate.autoconfigure.endpoint.web.WebEndpointAutoConfiguration#pathMappedEndpoints matched due to @ConditionalOnMissingBean (types: org.springframework.boot.actuate.endpoint.web.PathMappedEndpoints; SearchStrategy: all) did not find any beans
2024-09-10T20:48:08.176+09:00 TRACE 86442 --- [learn-spring-boot] [           main] o.s.b.f.s.DefaultListableBeanFactory     : Returning cached instance of singleton bean 'autoConfigurationReport'
2024-09-10T20:48:08.176+09:00 TRACE 86442 --- [learn-spring-boot] [           main] a.ConfigurationClassBeanDefinitionReader : Registering bean definition for @Bean method org.springframework.boot.actuate.autoconfigure.endpoint.web.WebEndpointAutoConfiguration.pathMappedEndpoints()
2024-09-10T20:48:08.176+09:00 TRACE 86442 --- [learn-spring-boot] [           main] a.ConfigurationClassBeanDefinitionReader : Registering bean definition for @Bean method org.springframework.boot.actuate.autoconfigure.endpoint.web.WebEndpointAutoConfiguration.webExposeExcludePropertyEndpointFilter()
2024-09-10T20:48:08.176+09:00 TRACE 86442 --- [learn-spring-boot] [           main] a.ConfigurationClassBeanDefinitionReader : Registering bean definition for @Bean method org.springframework.boot.actuate.autoconfigure.endpoint.web.WebEndpointAutoConfiguration.controllerExposeExcludePropertyEndpointFilter()
2024-09-10T20:48:08.177+09:00 TRACE 86442 --- [learn-spring-boot] [           main] .a.a.h.OnEnabledHealthIndicatorCondition : Condition OnEnabledHealthIndicatorCondition on org.springframework.boot.actuate.autoconfigure.ssl.SslHealthContributorAutoConfiguration matched due to @ConditionalOnEnabledHealthIndicator management.health.defaults.enabled is considered true
2024-09-10T20:48:08.177+09:00 TRACE 86442 --- [learn-spring-boot] [           main] o.s.b.f.s.DefaultListableBeanFactory     : Returning cached instance of singleton bean 'autoConfigurationReport'
2024-09-10T20:48:08.177+09:00 TRACE 86442 --- [learn-spring-boot] [           main] a.ConfigurationClassBeanDefinitionReader : Registered bean definition for imported class 'org.springframework.boot.actuate.autoconfigure.ssl.SslHealthContributorAutoConfiguration'
2024-09-10T20:48:08.177+09:00 TRACE 86442 --- [learn-spring-boot] [           main] o.s.b.a.condition.OnBeanCondition        : Condition OnBeanCondition on org.springframework.boot.actuate.autoconfigure.ssl.SslHealthContributorAutoConfiguration#sslHealthIndicator matched due to @ConditionalOnMissingBean (names: sslHealthIndicator; SearchStrategy: all) did not find any beans
2024-09-10T20:48:08.177+09:00 TRACE 86442 --- [learn-spring-boot] [           main] o.s.b.f.s.DefaultListableBeanFactory     : Returning cached instance of singleton bean 'autoConfigurationReport'
2024-09-10T20:48:08.177+09:00 TRACE 86442 --- [learn-spring-boot] [           main] a.ConfigurationClassBeanDefinitionReader : Registering bean definition for @Bean method org.springframework.boot.actuate.autoconfigure.ssl.SslHealthContributorAutoConfiguration.sslHealthIndicator()
2024-09-10T20:48:08.179+09:00 TRACE 86442 --- [learn-spring-boot] [           main] o.s.b.a.condition.OnBeanCondition        : Condition OnBeanCondition on org.springframework.boot.actuate.autoconfigure.ssl.SslHealthContributorAutoConfiguration#sslInfo matched due to @ConditionalOnMissingBean (types: org.springframework.boot.info.SslInfo; SearchStrategy: all) did not find any beans
2024-09-10T20:48:08.179+09:00 TRACE 86442 --- [learn-spring-boot] [           main] o.s.b.f.s.DefaultListableBeanFactory     : Returning cached instance of singleton bean 'autoConfigurationReport'
2024-09-10T20:48:08.179+09:00 TRACE 86442 --- [learn-spring-boot] [           main] a.ConfigurationClassBeanDefinitionReader : Registering bean definition for @Bean method org.springframework.boot.actuate.autoconfigure.ssl.SslHealthContributorAutoConfiguration.sslInfo()
2024-09-10T20:48:08.179+09:00 TRACE 86442 --- [learn-spring-boot] [           main] .a.a.h.OnEnabledHealthIndicatorCondition : Condition OnEnabledHealthIndicatorCondition on org.springframework.boot.actuate.autoconfigure.system.DiskSpaceHealthContributorAutoConfiguration matched due to @ConditionalOnEnabledHealthIndicator management.health.defaults.enabled is considered true
2024-09-10T20:48:08.179+09:00 TRACE 86442 --- [learn-spring-boot] [           main] o.s.b.f.s.DefaultListableBeanFactory     : Returning cached instance of singleton bean 'autoConfigurationReport'
2024-09-10T20:48:08.180+09:00 TRACE 86442 --- [learn-spring-boot] [           main] a.ConfigurationClassBeanDefinitionReader : Registered bean definition for imported class 'org.springframework.boot.actuate.autoconfigure.system.DiskSpaceHealthContributorAutoConfiguration'
2024-09-10T20:48:08.180+09:00 TRACE 86442 --- [learn-spring-boot] [           main] o.s.b.a.condition.OnBeanCondition        : Condition OnBeanCondition on org.springframework.boot.actuate.autoconfigure.system.DiskSpaceHealthContributorAutoConfiguration#diskSpaceHealthIndicator matched due to @ConditionalOnMissingBean (names: diskSpaceHealthIndicator; SearchStrategy: all) did not find any beans
2024-09-10T20:48:08.180+09:00 TRACE 86442 --- [learn-spring-boot] [           main] o.s.b.f.s.DefaultListableBeanFactory     : Returning cached instance of singleton bean 'autoConfigurationReport'
2024-09-10T20:48:08.180+09:00 TRACE 86442 --- [learn-spring-boot] [           main] a.ConfigurationClassBeanDefinitionReader : Registering bean definition for @Bean method org.springframework.boot.actuate.autoconfigure.system.DiskSpaceHealthContributorAutoConfiguration.diskSpaceHealthIndicator()
2024-09-10T20:48:08.180+09:00 TRACE 86442 --- [learn-spring-boot] [           main] a.ConfigurationClassBeanDefinitionReader : Registered bean definition for imported class 'org.springframework.boot.actuate.autoconfigure.health.HealthContributorAutoConfiguration'
2024-09-10T20:48:08.180+09:00 TRACE 86442 --- [learn-spring-boot] [           main] .a.a.h.OnEnabledHealthIndicatorCondition : Condition OnEnabledHealthIndicatorCondition on org.springframework.boot.actuate.autoconfigure.health.HealthContributorAutoConfiguration#pingHealthContributor matched due to @ConditionalOnEnabledHealthIndicator management.health.defaults.enabled is considered true
2024-09-10T20:48:08.180+09:00 TRACE 86442 --- [learn-spring-boot] [           main] o.s.b.f.s.DefaultListableBeanFactory     : Returning cached instance of singleton bean 'autoConfigurationReport'
2024-09-10T20:48:08.180+09:00 TRACE 86442 --- [learn-spring-boot] [           main] a.ConfigurationClassBeanDefinitionReader : Registering bean definition for @Bean method org.springframework.boot.actuate.autoconfigure.health.HealthContributorAutoConfiguration.pingHealthContributor()
2024-09-10T20:48:08.180+09:00 TRACE 86442 --- [learn-spring-boot] [           main] o.s.b.a.condition.OnClassCondition       : Condition OnClassCondition on org.springframework.boot.actuate.autoconfigure.metrics.MetricsAutoConfiguration matched due to @ConditionalOnClass found required class 'io.micrometer.core.annotation.Timed'
2024-09-10T20:48:08.180+09:00 TRACE 86442 --- [learn-spring-boot] [           main] o.s.b.f.s.DefaultListableBeanFactory     : Returning cached instance of singleton bean 'autoConfigurationReport'
2024-09-10T20:48:08.181+09:00 TRACE 86442 --- [learn-spring-boot] [           main] a.ConfigurationClassBeanDefinitionReader : Registered bean definition for imported class 'org.springframework.boot.actuate.autoconfigure.metrics.MetricsAutoConfiguration'
2024-09-10T20:48:08.183+09:00 TRACE 86442 --- [learn-spring-boot] [           main] o.s.b.a.condition.OnBeanCondition        : Condition OnBeanCondition on org.springframework.boot.actuate.autoconfigure.metrics.MetricsAutoConfiguration#micrometerClock matched due to @ConditionalOnMissingBean (types: io.micrometer.core.instrument.Clock; SearchStrategy: all) did not find any beans
2024-09-10T20:48:08.183+09:00 TRACE 86442 --- [learn-spring-boot] [           main] o.s.b.f.s.DefaultListableBeanFactory     : Returning cached instance of singleton bean 'autoConfigurationReport'
2024-09-10T20:48:08.183+09:00 TRACE 86442 --- [learn-spring-boot] [           main] a.ConfigurationClassBeanDefinitionReader : Registering bean definition for @Bean method org.springframework.boot.actuate.autoconfigure.metrics.MetricsAutoConfiguration.micrometerClock()
2024-09-10T20:48:08.183+09:00 TRACE 86442 --- [learn-spring-boot] [           main] a.ConfigurationClassBeanDefinitionReader : Registering bean definition for @Bean method org.springframework.boot.actuate.autoconfigure.metrics.MetricsAutoConfiguration.meterRegistryPostProcessor()
2024-09-10T20:48:08.183+09:00 TRACE 86442 --- [learn-spring-boot] [           main] a.ConfigurationClassBeanDefinitionReader : Registering bean definition for @Bean method org.springframework.boot.actuate.autoconfigure.metrics.MetricsAutoConfiguration.propertiesMeterFilter()
2024-09-10T20:48:08.183+09:00 TRACE 86442 --- [learn-spring-boot] [           main] a.ConfigurationClassBeanDefinitionReader : Registering bean definition for @Bean method org.springframework.boot.actuate.autoconfigure.metrics.MetricsAutoConfiguration.meterRegistryCloser()
2024-09-10T20:48:08.186+09:00 TRACE 86442 --- [learn-spring-boot] [           main] o.s.b.a.condition.OnBeanCondition        : Condition OnBeanCondition on org.springframework.boot.actuate.autoconfigure.metrics.export.simple.SimpleMetricsExportAutoConfiguration matched due to @ConditionalOnBean (types: io.micrometer.core.instrument.Clock; SearchStrategy: all) found bean 'micrometerClock'; @ConditionalOnMissingBean (types: io.micrometer.core.instrument.MeterRegistry; SearchStrategy: all) did not find any beans
2024-09-10T20:48:08.186+09:00 TRACE 86442 --- [learn-spring-boot] [           main] o.s.b.f.s.DefaultListableBeanFactory     : Returning cached instance of singleton bean 'autoConfigurationReport'
2024-09-10T20:48:08.187+09:00 TRACE 86442 --- [learn-spring-boot] [           main] o.s.b.a.condition.OnBeanCondition        : Condition OnBeanCondition on org.springframework.boot.actuate.autoconfigure.metrics.export.simple.SimpleMetricsExportAutoConfiguration matched due to @ConditionalOnBean (types: io.micrometer.core.instrument.Clock; SearchStrategy: all) found bean 'micrometerClock'; @ConditionalOnMissingBean (types: io.micrometer.core.instrument.MeterRegistry; SearchStrategy: all) did not find any beans
2024-09-10T20:48:08.187+09:00 TRACE 86442 --- [learn-spring-boot] [           main] o.s.b.f.s.DefaultListableBeanFactory     : Returning cached instance of singleton bean 'autoConfigurationReport'
2024-09-10T20:48:08.187+09:00 TRACE 86442 --- [learn-spring-boot] [           main] .a.a.m.e.OnMetricsExportEnabledCondition : Condition OnMetricsExportEnabledCondition on org.springframework.boot.actuate.autoconfigure.metrics.export.simple.SimpleMetricsExportAutoConfiguration matched due to @ConditionalOnEnabledMetricsExport management.simple.metrics.export.enabled is true
2024-09-10T20:48:08.187+09:00 TRACE 86442 --- [learn-spring-boot] [           main] o.s.b.f.s.DefaultListableBeanFactory     : Returning cached instance of singleton bean 'autoConfigurationReport'
2024-09-10T20:48:08.187+09:00 TRACE 86442 --- [learn-spring-boot] [           main] a.ConfigurationClassBeanDefinitionReader : Registered bean definition for imported class 'org.springframework.boot.actuate.autoconfigure.metrics.export.simple.SimpleMetricsExportAutoConfiguration'
2024-09-10T20:48:08.188+09:00 TRACE 86442 --- [learn-spring-boot] [           main] a.ConfigurationClassBeanDefinitionReader : Registering bean definition for @Bean method org.springframework.boot.actuate.autoconfigure.metrics.export.simple.SimpleMetricsExportAutoConfiguration.simpleMeterRegistry()
2024-09-10T20:48:08.189+09:00 TRACE 86442 --- [learn-spring-boot] [           main] o.s.b.a.condition.OnBeanCondition        : Condition OnBeanCondition on org.springframework.boot.actuate.autoconfigure.metrics.export.simple.SimpleMetricsExportAutoConfiguration#simpleConfig matched due to @ConditionalOnMissingBean (types: io.micrometer.core.instrument.simple.SimpleConfig; SearchStrategy: all) did not find any beans
2024-09-10T20:48:08.189+09:00 TRACE 86442 --- [learn-spring-boot] [           main] o.s.b.f.s.DefaultListableBeanFactory     : Returning cached instance of singleton bean 'autoConfigurationReport'
2024-09-10T20:48:08.189+09:00 TRACE 86442 --- [learn-spring-boot] [           main] a.ConfigurationClassBeanDefinitionReader : Registering bean definition for @Bean method org.springframework.boot.actuate.autoconfigure.metrics.export.simple.SimpleMetricsExportAutoConfiguration.simpleConfig()
2024-09-10T20:48:08.190+09:00 TRACE 86442 --- [learn-spring-boot] [           main] o.s.b.a.condition.OnClassCondition       : Condition OnClassCondition on org.springframework.boot.actuate.autoconfigure.metrics.CompositeMeterRegistryAutoConfiguration matched due to @ConditionalOnClass found required class 'io.micrometer.core.instrument.composite.CompositeMeterRegistry'
2024-09-10T20:48:08.190+09:00 TRACE 86442 --- [learn-spring-boot] [           main] o.s.b.f.s.DefaultListableBeanFactory     : Returning cached instance of singleton bean 'autoConfigurationReport'
2024-09-10T20:48:08.191+09:00 TRACE 86442 --- [learn-spring-boot] [           main] o.s.b.a.condition.OnBeanCondition        : Condition OnBeanCondition on org.springframework.boot.actuate.autoconfigure.metrics.NoOpMeterRegistryConfiguration did not match due to @ConditionalOnMissingBean (types: io.micrometer.core.instrument.MeterRegistry; SearchStrategy: all) found beans of type 'io.micrometer.core.instrument.MeterRegistry' simpleMeterRegistry
2024-09-10T20:48:08.191+09:00 TRACE 86442 --- [learn-spring-boot] [           main] o.s.b.f.s.DefaultListableBeanFactory     : Returning cached instance of singleton bean 'autoConfigurationReport'
2024-09-10T20:48:08.192+09:00 TRACE 86442 --- [learn-spring-boot] [           main] ltipleNonPrimaryMeterRegistriesCondition : Condition CompositeMeterRegistryConfiguration.MultipleNonPrimaryMeterRegistriesCondition on org.springframework.boot.actuate.autoconfigure.metrics.CompositeMeterRegistryConfiguration did not match due to NoneNestedConditions 1 matched 1 did not; NestedCondition on CompositeMeterRegistryConfiguration.MultipleNonPrimaryMeterRegistriesCondition.SingleInjectableMeterRegistry @ConditionalOnSingleCandidate (types: io.micrometer.core.instrument.MeterRegistry; SearchStrategy: all) found a single bean 'simpleMeterRegistry'; NestedCondition on CompositeMeterRegistryConfiguration.MultipleNonPrimaryMeterRegistriesCondition.NoMeterRegistryCondition @ConditionalOnMissingBean (types: io.micrometer.core.instrument.MeterRegistry; SearchStrategy: all) found beans of type 'io.micrometer.core.instrument.MeterRegistry' simpleMeterRegistry
2024-09-10T20:48:08.192+09:00 TRACE 86442 --- [learn-spring-boot] [           main] o.s.b.f.s.DefaultListableBeanFactory     : Returning cached instance of singleton bean 'autoConfigurationReport'
2024-09-10T20:48:08.193+09:00 TRACE 86442 --- [learn-spring-boot] [           main] a.ConfigurationClassBeanDefinitionReader : Registered bean definition for imported class 'org.springframework.boot.actuate.autoconfigure.metrics.CompositeMeterRegistryAutoConfiguration'
2024-09-10T20:48:08.193+09:00 TRACE 86442 --- [learn-spring-boot] [           main] o.s.b.a.condition.OnClassCondition       : Condition OnClassCondition on org.springframework.boot.actuate.autoconfigure.metrics.JvmMetricsAutoConfiguration matched due to @ConditionalOnClass found required class 'io.micrometer.core.instrument.MeterRegistry'
2024-09-10T20:48:08.193+09:00 TRACE 86442 --- [learn-spring-boot] [           main] o.s.b.f.s.DefaultListableBeanFactory     : Returning cached instance of singleton bean 'autoConfigurationReport'
2024-09-10T20:48:08.193+09:00 TRACE 86442 --- [learn-spring-boot] [           main] o.s.b.a.condition.OnBeanCondition        : Condition OnBeanCondition on org.springframework.boot.actuate.autoconfigure.metrics.JvmMetricsAutoConfiguration matched due to @ConditionalOnBean (types: io.micrometer.core.instrument.MeterRegistry; SearchStrategy: all) found bean 'simpleMeterRegistry'
2024-09-10T20:48:08.193+09:00 TRACE 86442 --- [learn-spring-boot] [           main] o.s.b.f.s.DefaultListableBeanFactory     : Returning cached instance of singleton bean 'autoConfigurationReport'
2024-09-10T20:48:08.193+09:00 TRACE 86442 --- [learn-spring-boot] [           main] a.ConfigurationClassBeanDefinitionReader : Registered bean definition for imported class 'org.springframework.boot.actuate.autoconfigure.metrics.JvmMetricsAutoConfiguration'
2024-09-10T20:48:08.194+09:00 TRACE 86442 --- [learn-spring-boot] [           main] o.s.b.a.condition.OnBeanCondition        : Condition OnBeanCondition on org.springframework.boot.actuate.autoconfigure.metrics.JvmMetricsAutoConfiguration#jvmGcMetrics matched due to @ConditionalOnMissingBean (types: io.micrometer.core.instrument.binder.jvm.JvmGcMetrics; SearchStrategy: all) did not find any beans
2024-09-10T20:48:08.194+09:00 TRACE 86442 --- [learn-spring-boot] [           main] o.s.b.f.s.DefaultListableBeanFactory     : Returning cached instance of singleton bean 'autoConfigurationReport'
2024-09-10T20:48:08.194+09:00 TRACE 86442 --- [learn-spring-boot] [           main] a.ConfigurationClassBeanDefinitionReader : Registering bean definition for @Bean method org.springframework.boot.actuate.autoconfigure.metrics.JvmMetricsAutoConfiguration.jvmGcMetrics()
2024-09-10T20:48:08.196+09:00 TRACE 86442 --- [learn-spring-boot] [           main] o.s.b.a.condition.OnBeanCondition        : Condition OnBeanCondition on org.springframework.boot.actuate.autoconfigure.metrics.JvmMetricsAutoConfiguration#jvmHeapPressureMetrics matched due to @ConditionalOnMissingBean (types: io.micrometer.core.instrument.binder.jvm.JvmHeapPressureMetrics; SearchStrategy: all) did not find any beans
2024-09-10T20:48:08.196+09:00 TRACE 86442 --- [learn-spring-boot] [           main] o.s.b.f.s.DefaultListableBeanFactory     : Returning cached instance of singleton bean 'autoConfigurationReport'
2024-09-10T20:48:08.196+09:00 TRACE 86442 --- [learn-spring-boot] [           main] a.ConfigurationClassBeanDefinitionReader : Registering bean definition for @Bean method org.springframework.boot.actuate.autoconfigure.metrics.JvmMetricsAutoConfiguration.jvmHeapPressureMetrics()
2024-09-10T20:48:08.197+09:00 TRACE 86442 --- [learn-spring-boot] [           main] o.s.b.a.condition.OnBeanCondition        : Condition OnBeanCondition on org.springframework.boot.actuate.autoconfigure.metrics.JvmMetricsAutoConfiguration#jvmMemoryMetrics matched due to @ConditionalOnMissingBean (types: io.micrometer.core.instrument.binder.jvm.JvmMemoryMetrics; SearchStrategy: all) did not find any beans
2024-09-10T20:48:08.197+09:00 TRACE 86442 --- [learn-spring-boot] [           main] o.s.b.f.s.DefaultListableBeanFactory     : Returning cached instance of singleton bean 'autoConfigurationReport'
2024-09-10T20:48:08.197+09:00 TRACE 86442 --- [learn-spring-boot] [           main] a.ConfigurationClassBeanDefinitionReader : Registering bean definition for @Bean method org.springframework.boot.actuate.autoconfigure.metrics.JvmMetricsAutoConfiguration.jvmMemoryMetrics()
2024-09-10T20:48:08.197+09:00 TRACE 86442 --- [learn-spring-boot] [           main] o.s.b.a.condition.OnBeanCondition        : Condition OnBeanCondition on org.springframework.boot.actuate.autoconfigure.metrics.JvmMetricsAutoConfiguration#jvmThreadMetrics matched due to @ConditionalOnMissingBean (types: io.micrometer.core.instrument.binder.jvm.JvmThreadMetrics; SearchStrategy: all) did not find any beans
2024-09-10T20:48:08.197+09:00 TRACE 86442 --- [learn-spring-boot] [           main] o.s.b.f.s.DefaultListableBeanFactory     : Returning cached instance of singleton bean 'autoConfigurationReport'
2024-09-10T20:48:08.197+09:00 TRACE 86442 --- [learn-spring-boot] [           main] a.ConfigurationClassBeanDefinitionReader : Registering bean definition for @Bean method org.springframework.boot.actuate.autoconfigure.metrics.JvmMetricsAutoConfiguration.jvmThreadMetrics()
2024-09-10T20:48:08.198+09:00 TRACE 86442 --- [learn-spring-boot] [           main] o.s.b.a.condition.OnBeanCondition        : Condition OnBeanCondition on org.springframework.boot.actuate.autoconfigure.metrics.JvmMetricsAutoConfiguration#classLoaderMetrics matched due to @ConditionalOnMissingBean (types: io.micrometer.core.instrument.binder.jvm.ClassLoaderMetrics; SearchStrategy: all) did not find any beans
2024-09-10T20:48:08.198+09:00 TRACE 86442 --- [learn-spring-boot] [           main] o.s.b.f.s.DefaultListableBeanFactory     : Returning cached instance of singleton bean 'autoConfigurationReport'
2024-09-10T20:48:08.198+09:00 TRACE 86442 --- [learn-spring-boot] [           main] a.ConfigurationClassBeanDefinitionReader : Registering bean definition for @Bean method org.springframework.boot.actuate.autoconfigure.metrics.JvmMetricsAutoConfiguration.classLoaderMetrics()
2024-09-10T20:48:08.198+09:00 TRACE 86442 --- [learn-spring-boot] [           main] o.s.b.a.condition.OnBeanCondition        : Condition OnBeanCondition on org.springframework.boot.actuate.autoconfigure.metrics.JvmMetricsAutoConfiguration#jvmInfoMetrics matched due to @ConditionalOnMissingBean (types: io.micrometer.core.instrument.binder.jvm.JvmInfoMetrics; SearchStrategy: all) did not find any beans
2024-09-10T20:48:08.198+09:00 TRACE 86442 --- [learn-spring-boot] [           main] o.s.b.f.s.DefaultListableBeanFactory     : Returning cached instance of singleton bean 'autoConfigurationReport'
2024-09-10T20:48:08.198+09:00 TRACE 86442 --- [learn-spring-boot] [           main] a.ConfigurationClassBeanDefinitionReader : Registering bean definition for @Bean method org.springframework.boot.actuate.autoconfigure.metrics.JvmMetricsAutoConfiguration.jvmInfoMetrics()
2024-09-10T20:48:08.199+09:00 TRACE 86442 --- [learn-spring-boot] [           main] o.s.b.a.condition.OnBeanCondition        : Condition OnBeanCondition on org.springframework.boot.actuate.autoconfigure.metrics.JvmMetricsAutoConfiguration#jvmCompilationMetrics matched due to @ConditionalOnMissingBean (types: io.micrometer.core.instrument.binder.jvm.JvmCompilationMetrics; SearchStrategy: all) did not find any beans
2024-09-10T20:48:08.199+09:00 TRACE 86442 --- [learn-spring-boot] [           main] o.s.b.f.s.DefaultListableBeanFactory     : Returning cached instance of singleton bean 'autoConfigurationReport'
2024-09-10T20:48:08.199+09:00 TRACE 86442 --- [learn-spring-boot] [           main] a.ConfigurationClassBeanDefinitionReader : Registering bean definition for @Bean method org.springframework.boot.actuate.autoconfigure.metrics.JvmMetricsAutoConfiguration.jvmCompilationMetrics()
2024-09-10T20:48:08.199+09:00 TRACE 86442 --- [learn-spring-boot] [           main] o.s.b.a.condition.OnClassCondition       : Condition OnClassCondition on org.springframework.boot.actuate.autoconfigure.metrics.LogbackMetricsAutoConfiguration matched due to @ConditionalOnClass found required classes 'io.micrometer.core.instrument.MeterRegistry', 'ch.qos.logback.classic.LoggerContext', 'org.slf4j.LoggerFactory'
2024-09-10T20:48:08.199+09:00 TRACE 86442 --- [learn-spring-boot] [           main] o.s.b.f.s.DefaultListableBeanFactory     : Returning cached instance of singleton bean 'autoConfigurationReport'
2024-09-10T20:48:08.199+09:00 TRACE 86442 --- [learn-spring-boot] [           main] utoConfiguration$LogbackLoggingCondition : Condition LogbackMetricsAutoConfiguration.LogbackLoggingCondition on org.springframework.boot.actuate.autoconfigure.metrics.LogbackMetricsAutoConfiguration matched due to LogbackLoggingCondition ILoggerFactory is a Logback LoggerContext
2024-09-10T20:48:08.199+09:00 TRACE 86442 --- [learn-spring-boot] [           main] o.s.b.f.s.DefaultListableBeanFactory     : Returning cached instance of singleton bean 'autoConfigurationReport'
2024-09-10T20:48:08.199+09:00 TRACE 86442 --- [learn-spring-boot] [           main] o.s.b.a.condition.OnBeanCondition        : Condition OnBeanCondition on org.springframework.boot.actuate.autoconfigure.metrics.LogbackMetricsAutoConfiguration matched due to @ConditionalOnBean (types: io.micrometer.core.instrument.MeterRegistry; SearchStrategy: all) found bean 'simpleMeterRegistry'
2024-09-10T20:48:08.199+09:00 TRACE 86442 --- [learn-spring-boot] [           main] o.s.b.f.s.DefaultListableBeanFactory     : Returning cached instance of singleton bean 'autoConfigurationReport'
2024-09-10T20:48:08.199+09:00 TRACE 86442 --- [learn-spring-boot] [           main] a.ConfigurationClassBeanDefinitionReader : Registered bean definition for imported class 'org.springframework.boot.actuate.autoconfigure.metrics.LogbackMetricsAutoConfiguration'
2024-09-10T20:48:08.200+09:00 TRACE 86442 --- [learn-spring-boot] [           main] o.s.b.a.condition.OnBeanCondition        : Condition OnBeanCondition on org.springframework.boot.actuate.autoconfigure.metrics.LogbackMetricsAutoConfiguration#logbackMetrics matched due to @ConditionalOnMissingBean (types: io.micrometer.core.instrument.binder.logging.LogbackMetrics; SearchStrategy: all) did not find any beans
2024-09-10T20:48:08.200+09:00 TRACE 86442 --- [learn-spring-boot] [           main] o.s.b.f.s.DefaultListableBeanFactory     : Returning cached instance of singleton bean 'autoConfigurationReport'
2024-09-10T20:48:08.200+09:00 TRACE 86442 --- [learn-spring-boot] [           main] a.ConfigurationClassBeanDefinitionReader : Registering bean definition for @Bean method org.springframework.boot.actuate.autoconfigure.metrics.LogbackMetricsAutoConfiguration.logbackMetrics()
2024-09-10T20:48:08.200+09:00 TRACE 86442 --- [learn-spring-boot] [           main] o.s.b.a.condition.OnClassCondition       : Condition OnClassCondition on org.springframework.boot.actuate.autoconfigure.metrics.SystemMetricsAutoConfiguration matched due to @ConditionalOnClass found required class 'io.micrometer.core.instrument.MeterRegistry'
2024-09-10T20:48:08.200+09:00 TRACE 86442 --- [learn-spring-boot] [           main] o.s.b.f.s.DefaultListableBeanFactory     : Returning cached instance of singleton bean 'autoConfigurationReport'
2024-09-10T20:48:08.201+09:00 TRACE 86442 --- [learn-spring-boot] [           main] o.s.b.a.condition.OnBeanCondition        : Condition OnBeanCondition on org.springframework.boot.actuate.autoconfigure.metrics.SystemMetricsAutoConfiguration matched due to @ConditionalOnBean (types: io.micrometer.core.instrument.MeterRegistry; SearchStrategy: all) found bean 'simpleMeterRegistry'
2024-09-10T20:48:08.201+09:00 TRACE 86442 --- [learn-spring-boot] [           main] o.s.b.f.s.DefaultListableBeanFactory     : Returning cached instance of singleton bean 'autoConfigurationReport'
2024-09-10T20:48:08.201+09:00 TRACE 86442 --- [learn-spring-boot] [           main] a.ConfigurationClassBeanDefinitionReader : Registered bean definition for imported class 'org.springframework.boot.actuate.autoconfigure.metrics.SystemMetricsAutoConfiguration'
2024-09-10T20:48:08.202+09:00 TRACE 86442 --- [learn-spring-boot] [           main] o.s.b.a.condition.OnBeanCondition        : Condition OnBeanCondition on org.springframework.boot.actuate.autoconfigure.metrics.SystemMetricsAutoConfiguration#uptimeMetrics matched due to @ConditionalOnMissingBean (types: io.micrometer.core.instrument.binder.system.UptimeMetrics; SearchStrategy: all) did not find any beans
2024-09-10T20:48:08.202+09:00 TRACE 86442 --- [learn-spring-boot] [           main] o.s.b.f.s.DefaultListableBeanFactory     : Returning cached instance of singleton bean 'autoConfigurationReport'
2024-09-10T20:48:08.202+09:00 TRACE 86442 --- [learn-spring-boot] [           main] a.ConfigurationClassBeanDefinitionReader : Registering bean definition for @Bean method org.springframework.boot.actuate.autoconfigure.metrics.SystemMetricsAutoConfiguration.uptimeMetrics()
2024-09-10T20:48:08.204+09:00 TRACE 86442 --- [learn-spring-boot] [           main] o.s.b.a.condition.OnBeanCondition        : Condition OnBeanCondition on org.springframework.boot.actuate.autoconfigure.metrics.SystemMetricsAutoConfiguration#processorMetrics matched due to @ConditionalOnMissingBean (types: io.micrometer.core.instrument.binder.system.ProcessorMetrics; SearchStrategy: all) did not find any beans
2024-09-10T20:48:08.204+09:00 TRACE 86442 --- [learn-spring-boot] [           main] o.s.b.f.s.DefaultListableBeanFactory     : Returning cached instance of singleton bean 'autoConfigurationReport'
2024-09-10T20:48:08.204+09:00 TRACE 86442 --- [learn-spring-boot] [           main] a.ConfigurationClassBeanDefinitionReader : Registering bean definition for @Bean method org.springframework.boot.actuate.autoconfigure.metrics.SystemMetricsAutoConfiguration.processorMetrics()
2024-09-10T20:48:08.204+09:00 TRACE 86442 --- [learn-spring-boot] [           main] o.s.b.a.condition.OnBeanCondition        : Condition OnBeanCondition on org.springframework.boot.actuate.autoconfigure.metrics.SystemMetricsAutoConfiguration#fileDescriptorMetrics matched due to @ConditionalOnMissingBean (types: io.micrometer.core.instrument.binder.system.FileDescriptorMetrics; SearchStrategy: all) did not find any beans
2024-09-10T20:48:08.204+09:00 TRACE 86442 --- [learn-spring-boot] [           main] o.s.b.f.s.DefaultListableBeanFactory     : Returning cached instance of singleton bean 'autoConfigurationReport'
2024-09-10T20:48:08.205+09:00 TRACE 86442 --- [learn-spring-boot] [           main] a.ConfigurationClassBeanDefinitionReader : Registering bean definition for @Bean method org.springframework.boot.actuate.autoconfigure.metrics.SystemMetricsAutoConfiguration.fileDescriptorMetrics()
2024-09-10T20:48:08.205+09:00 TRACE 86442 --- [learn-spring-boot] [           main] o.s.b.a.condition.OnBeanCondition        : Condition OnBeanCondition on org.springframework.boot.actuate.autoconfigure.metrics.SystemMetricsAutoConfiguration#diskSpaceMetrics matched due to @ConditionalOnMissingBean (types: org.springframework.boot.actuate.metrics.system.DiskSpaceMetricsBinder; SearchStrategy: all) did not find any beans
2024-09-10T20:48:08.205+09:00 TRACE 86442 --- [learn-spring-boot] [           main] o.s.b.f.s.DefaultListableBeanFactory     : Returning cached instance of singleton bean 'autoConfigurationReport'
2024-09-10T20:48:08.205+09:00 TRACE 86442 --- [learn-spring-boot] [           main] a.ConfigurationClassBeanDefinitionReader : Registering bean definition for @Bean method org.springframework.boot.actuate.autoconfigure.metrics.SystemMetricsAutoConfiguration.diskSpaceMetrics()
2024-09-10T20:48:08.206+09:00 TRACE 86442 --- [learn-spring-boot] [           main] o.s.b.a.condition.OnBeanCondition        : Condition OnBeanCondition on org.springframework.boot.actuate.autoconfigure.metrics.cache.CacheMetricsAutoConfiguration did not match due to @ConditionalOnBean (types: org.springframework.cache.CacheManager; SearchStrategy: all) did not find any beans of type org.springframework.cache.CacheManager
2024-09-10T20:48:08.206+09:00 TRACE 86442 --- [learn-spring-boot] [           main] o.s.b.f.s.DefaultListableBeanFactory     : Returning cached instance of singleton bean 'autoConfigurationReport'
2024-09-10T20:48:08.206+09:00 TRACE 86442 --- [learn-spring-boot] [           main] a.ConfigurationClassBeanDefinitionReader : Registered bean definition for imported class 'org.springframework.boot.actuate.autoconfigure.metrics.integration.IntegrationMetricsAutoConfiguration'
2024-09-10T20:48:08.206+09:00 TRACE 86442 --- [learn-spring-boot] [           main] o.s.b.a.condition.OnClassCondition       : Condition OnClassCondition on org.springframework.boot.actuate.autoconfigure.metrics.jdbc.DataSourcePoolMetricsAutoConfiguration matched due to @ConditionalOnClass found required classes 'javax.sql.DataSource', 'io.micrometer.core.instrument.MeterRegistry'
2024-09-10T20:48:08.206+09:00 TRACE 86442 --- [learn-spring-boot] [           main] o.s.b.f.s.DefaultListableBeanFactory     : Returning cached instance of singleton bean 'autoConfigurationReport'
2024-09-10T20:48:08.207+09:00 TRACE 86442 --- [learn-spring-boot] [           main] o.s.b.a.condition.OnBeanCondition        : Condition OnBeanCondition on org.springframework.boot.actuate.autoconfigure.metrics.jdbc.DataSourcePoolMetricsAutoConfiguration did not match due to @ConditionalOnBean (types: javax.sql.DataSource,io.micrometer.core.instrument.MeterRegistry; SearchStrategy: all) did not find any beans of type javax.sql.DataSource
2024-09-10T20:48:08.207+09:00 TRACE 86442 --- [learn-spring-boot] [           main] o.s.b.f.s.DefaultListableBeanFactory     : Returning cached instance of singleton bean 'autoConfigurationReport'
2024-09-10T20:48:08.208+09:00 TRACE 86442 --- [learn-spring-boot] [           main] o.s.b.a.condition.OnClassCondition       : Condition OnClassCondition on org.springframework.boot.actuate.autoconfigure.metrics.startup.StartupTimeMetricsListenerAutoConfiguration matched due to @ConditionalOnClass found required class 'io.micrometer.core.instrument.MeterRegistry'
2024-09-10T20:48:08.208+09:00 TRACE 86442 --- [learn-spring-boot] [           main] o.s.b.f.s.DefaultListableBeanFactory     : Returning cached instance of singleton bean 'autoConfigurationReport'
2024-09-10T20:48:08.208+09:00 TRACE 86442 --- [learn-spring-boot] [           main] o.s.b.a.condition.OnBeanCondition        : Condition OnBeanCondition on org.springframework.boot.actuate.autoconfigure.metrics.startup.StartupTimeMetricsListenerAutoConfiguration matched due to @ConditionalOnBean (types: io.micrometer.core.instrument.MeterRegistry; SearchStrategy: all) found bean 'simpleMeterRegistry'
2024-09-10T20:48:08.208+09:00 TRACE 86442 --- [learn-spring-boot] [           main] o.s.b.f.s.DefaultListableBeanFactory     : Returning cached instance of singleton bean 'autoConfigurationReport'
2024-09-10T20:48:08.208+09:00 TRACE 86442 --- [learn-spring-boot] [           main] a.ConfigurationClassBeanDefinitionReader : Registered bean definition for imported class 'org.springframework.boot.actuate.autoconfigure.metrics.startup.StartupTimeMetricsListenerAutoConfiguration'
2024-09-10T20:48:08.209+09:00 TRACE 86442 --- [learn-spring-boot] [           main] o.s.b.a.condition.OnBeanCondition        : Condition OnBeanCondition on org.springframework.boot.actuate.autoconfigure.metrics.startup.StartupTimeMetricsListenerAutoConfiguration#startupTimeMetrics matched due to @ConditionalOnMissingBean (types: org.springframework.boot.actuate.metrics.startup.StartupTimeMetricsListener; SearchStrategy: all) did not find any beans
2024-09-10T20:48:08.209+09:00 TRACE 86442 --- [learn-spring-boot] [           main] o.s.b.f.s.DefaultListableBeanFactory     : Returning cached instance of singleton bean 'autoConfigurationReport'
2024-09-10T20:48:08.209+09:00 TRACE 86442 --- [learn-spring-boot] [           main] a.ConfigurationClassBeanDefinitionReader : Registering bean definition for @Bean method org.springframework.boot.actuate.autoconfigure.metrics.startup.StartupTimeMetricsListenerAutoConfiguration.startupTimeMetrics()
2024-09-10T20:48:08.209+09:00 TRACE 86442 --- [learn-spring-boot] [           main] o.s.b.a.condition.OnClassCondition       : Condition OnClassCondition on org.springframework.boot.autoconfigure.task.TaskSchedulingAutoConfiguration matched due to @ConditionalOnClass found required class 'org.springframework.scheduling.concurrent.ThreadPoolTaskScheduler'
2024-09-10T20:48:08.209+09:00 TRACE 86442 --- [learn-spring-boot] [           main] o.s.b.f.s.DefaultListableBeanFactory     : Returning cached instance of singleton bean 'autoConfigurationReport'
2024-09-10T20:48:08.209+09:00 TRACE 86442 --- [learn-spring-boot] [           main] a.ConfigurationClassBeanDefinitionReader : Registered bean definition for imported class 'org.springframework.boot.autoconfigure.task.TaskSchedulingConfigurations$ThreadPoolTaskSchedulerBuilderConfiguration'
2024-09-10T20:48:08.211+09:00 TRACE 86442 --- [learn-spring-boot] [           main] o.s.b.a.condition.OnBeanCondition        : Condition OnBeanCondition on org.springframework.boot.autoconfigure.task.TaskSchedulingConfigurations$ThreadPoolTaskSchedulerBuilderConfiguration#threadPoolTaskSchedulerBuilder matched due to @ConditionalOnMissingBean (types: org.springframework.boot.task.ThreadPoolTaskSchedulerBuilder; SearchStrategy: all) did not find any beans
2024-09-10T20:48:08.211+09:00 TRACE 86442 --- [learn-spring-boot] [           main] o.s.b.f.s.DefaultListableBeanFactory     : Returning cached instance of singleton bean 'autoConfigurationReport'
2024-09-10T20:48:08.212+09:00 TRACE 86442 --- [learn-spring-boot] [           main] a.ConfigurationClassBeanDefinitionReader : Registering bean definition for @Bean method org.springframework.boot.autoconfigure.task.TaskSchedulingConfigurations$ThreadPoolTaskSchedulerBuilderConfiguration.threadPoolTaskSchedulerBuilder()
2024-09-10T20:48:08.212+09:00 TRACE 86442 --- [learn-spring-boot] [           main] a.ConfigurationClassBeanDefinitionReader : Registered bean definition for imported class 'org.springframework.boot.autoconfigure.task.TaskSchedulingConfigurations$SimpleAsyncTaskSchedulerBuilderConfiguration'
2024-09-10T20:48:08.213+09:00 TRACE 86442 --- [learn-spring-boot] [           main] o.s.b.a.condition.OnBeanCondition        : Condition OnBeanCondition on org.springframework.boot.autoconfigure.task.TaskSchedulingConfigurations$SimpleAsyncTaskSchedulerBuilderConfiguration#simpleAsyncTaskSchedulerBuilder matched due to @ConditionalOnMissingBean (types: org.springframework.boot.task.SimpleAsyncTaskSchedulerBuilder; SearchStrategy: all) did not find any beans
2024-09-10T20:48:08.213+09:00 TRACE 86442 --- [learn-spring-boot] [           main] o.s.b.f.s.DefaultListableBeanFactory     : Returning cached instance of singleton bean 'autoConfigurationReport'
2024-09-10T20:48:08.213+09:00 TRACE 86442 --- [learn-spring-boot] [           main] o.s.b.a.condition.OnThreadingCondition   : Condition OnThreadingCondition on org.springframework.boot.autoconfigure.task.TaskSchedulingConfigurations$SimpleAsyncTaskSchedulerBuilderConfiguration#simpleAsyncTaskSchedulerBuilder matched due to @ConditionalOnThreading found PLATFORM
2024-09-10T20:48:08.213+09:00 TRACE 86442 --- [learn-spring-boot] [           main] o.s.b.f.s.DefaultListableBeanFactory     : Returning cached instance of singleton bean 'autoConfigurationReport'
2024-09-10T20:48:08.213+09:00 TRACE 86442 --- [learn-spring-boot] [           main] a.ConfigurationClassBeanDefinitionReader : Registering bean definition for @Bean method org.springframework.boot.autoconfigure.task.TaskSchedulingConfigurations$SimpleAsyncTaskSchedulerBuilderConfiguration.simpleAsyncTaskSchedulerBuilder()
2024-09-10T20:48:08.214+09:00 TRACE 86442 --- [learn-spring-boot] [           main] o.s.b.a.condition.OnBeanCondition        : Condition OnBeanCondition on org.springframework.boot.autoconfigure.task.TaskSchedulingConfigurations$SimpleAsyncTaskSchedulerBuilderConfiguration#simpleAsyncTaskSchedulerBuilderVirtualThreads did not match due to @ConditionalOnMissingBean (types: org.springframework.boot.task.SimpleAsyncTaskSchedulerBuilder; SearchStrategy: all) found beans of type 'org.springframework.boot.task.SimpleAsyncTaskSchedulerBuilder' simpleAsyncTaskSchedulerBuilder
2024-09-10T20:48:08.214+09:00 TRACE 86442 --- [learn-spring-boot] [           main] o.s.b.f.s.DefaultListableBeanFactory     : Returning cached instance of singleton bean 'autoConfigurationReport'
2024-09-10T20:48:08.214+09:00 TRACE 86442 --- [learn-spring-boot] [           main] o.s.b.a.condition.OnBeanCondition        : Condition OnBeanCondition on org.springframework.boot.autoconfigure.task.TaskSchedulingConfigurations$TaskSchedulerConfiguration did not match due to @ConditionalOnBean (names: org.springframework.context.annotation.internalScheduledAnnotationProcessor; SearchStrategy: all) did not find any beans named org.springframework.context.annotation.internalScheduledAnnotationProcessor
2024-09-10T20:48:08.214+09:00 TRACE 86442 --- [learn-spring-boot] [           main] o.s.b.f.s.DefaultListableBeanFactory     : Returning cached instance of singleton bean 'autoConfigurationReport'
2024-09-10T20:48:08.214+09:00 TRACE 86442 --- [learn-spring-boot] [           main] a.ConfigurationClassBeanDefinitionReader : Registered bean definition for imported class 'org.springframework.boot.autoconfigure.task.TaskSchedulingAutoConfiguration'
2024-09-10T20:48:08.214+09:00 TRACE 86442 --- [learn-spring-boot] [           main] o.s.b.a.condition.OnBeanCondition        : Condition OnBeanCondition on org.springframework.boot.autoconfigure.task.TaskSchedulingAutoConfiguration#scheduledBeanLazyInitializationExcludeFilter did not match due to @ConditionalOnBean (names: org.springframework.context.annotation.internalScheduledAnnotationProcessor; SearchStrategy: all) did not find any beans named org.springframework.context.annotation.internalScheduledAnnotationProcessor
2024-09-10T20:48:08.214+09:00 TRACE 86442 --- [learn-spring-boot] [           main] o.s.b.f.s.DefaultListableBeanFactory     : Returning cached instance of singleton bean 'autoConfigurationReport'
2024-09-10T20:48:08.215+09:00 TRACE 86442 --- [learn-spring-boot] [           main] o.s.b.a.condition.OnClassCondition       : Condition OnClassCondition on org.springframework.boot.actuate.autoconfigure.metrics.task.TaskExecutorMetricsAutoConfiguration matched due to @ConditionalOnClass found required class 'io.micrometer.core.instrument.binder.jvm.ExecutorServiceMetrics'
2024-09-10T20:48:08.215+09:00 TRACE 86442 --- [learn-spring-boot] [           main] o.s.b.f.s.DefaultListableBeanFactory     : Returning cached instance of singleton bean 'autoConfigurationReport'
2024-09-10T20:48:08.216+09:00 TRACE 86442 --- [learn-spring-boot] [           main] o.s.b.a.condition.OnBeanCondition        : Condition OnBeanCondition on org.springframework.boot.actuate.autoconfigure.metrics.task.TaskExecutorMetricsAutoConfiguration matched due to @ConditionalOnBean (types: java.util.concurrent.Executor,io.micrometer.core.instrument.MeterRegistry; SearchStrategy: all) found beans 'applicationTaskExecutor', 'simpleMeterRegistry'
2024-09-10T20:48:08.216+09:00 TRACE 86442 --- [learn-spring-boot] [           main] o.s.b.f.s.DefaultListableBeanFactory     : Returning cached instance of singleton bean 'autoConfigurationReport'
2024-09-10T20:48:08.216+09:00 TRACE 86442 --- [learn-spring-boot] [           main] a.ConfigurationClassBeanDefinitionReader : Registered bean definition for imported class 'org.springframework.boot.actuate.autoconfigure.metrics.task.TaskExecutorMetricsAutoConfiguration'
2024-09-10T20:48:08.216+09:00 TRACE 86442 --- [learn-spring-boot] [           main] a.ConfigurationClassBeanDefinitionReader : Registering bean definition for @Bean method org.springframework.boot.actuate.autoconfigure.metrics.task.TaskExecutorMetricsAutoConfiguration.eagerTaskExecutorMetrics()
2024-09-10T20:48:08.216+09:00 TRACE 86442 --- [learn-spring-boot] [           main] o.s.b.a.condition.OnClassCondition       : Condition OnClassCondition on org.springframework.boot.actuate.autoconfigure.metrics.web.tomcat.TomcatMetricsAutoConfiguration matched due to @ConditionalOnClass found required classes 'io.micrometer.core.instrument.binder.tomcat.TomcatMetrics', 'org.apache.catalina.Manager'
2024-09-10T20:48:08.216+09:00 TRACE 86442 --- [learn-spring-boot] [           main] o.s.b.f.s.DefaultListableBeanFactory     : Returning cached instance of singleton bean 'autoConfigurationReport'
2024-09-10T20:48:08.216+09:00 TRACE 86442 --- [learn-spring-boot] [           main] o.s.b.a.c.OnWebApplicationCondition      : Condition OnWebApplicationCondition on org.springframework.boot.actuate.autoconfigure.metrics.web.tomcat.TomcatMetricsAutoConfiguration matched due to @ConditionalOnWebApplication (required) found 'session' scope
2024-09-10T20:48:08.216+09:00 TRACE 86442 --- [learn-spring-boot] [           main] o.s.b.f.s.DefaultListableBeanFactory     : Returning cached instance of singleton bean 'autoConfigurationReport'
2024-09-10T20:48:08.216+09:00 TRACE 86442 --- [learn-spring-boot] [           main] a.ConfigurationClassBeanDefinitionReader : Registered bean definition for imported class 'org.springframework.boot.actuate.autoconfigure.metrics.web.tomcat.TomcatMetricsAutoConfiguration'
2024-09-10T20:48:08.218+09:00 TRACE 86442 --- [learn-spring-boot] [           main] o.s.b.a.condition.OnBeanCondition        : Condition OnBeanCondition on org.springframework.boot.actuate.autoconfigure.metrics.web.tomcat.TomcatMetricsAutoConfiguration#tomcatMetricsBinder matched due to @ConditionalOnBean (types: io.micrometer.core.instrument.MeterRegistry; SearchStrategy: all) found bean 'simpleMeterRegistry'; @ConditionalOnMissingBean (types: io.micrometer.core.instrument.binder.tomcat.TomcatMetrics,org.springframework.boot.actuate.metrics.web.tomcat.TomcatMetricsBinder; SearchStrategy: all) did not find any beans
2024-09-10T20:48:08.218+09:00 TRACE 86442 --- [learn-spring-boot] [           main] o.s.b.f.s.DefaultListableBeanFactory     : Returning cached instance of singleton bean 'autoConfigurationReport'
2024-09-10T20:48:08.219+09:00 TRACE 86442 --- [learn-spring-boot] [           main] o.s.b.a.condition.OnBeanCondition        : Condition OnBeanCondition on org.springframework.boot.actuate.autoconfigure.metrics.web.tomcat.TomcatMetricsAutoConfiguration#tomcatMetricsBinder matched due to @ConditionalOnBean (types: io.micrometer.core.instrument.MeterRegistry; SearchStrategy: all) found bean 'simpleMeterRegistry'; @ConditionalOnMissingBean (types: io.micrometer.core.instrument.binder.tomcat.TomcatMetrics,org.springframework.boot.actuate.metrics.web.tomcat.TomcatMetricsBinder; SearchStrategy: all) did not find any beans
2024-09-10T20:48:08.219+09:00 TRACE 86442 --- [learn-spring-boot] [           main] o.s.b.f.s.DefaultListableBeanFactory     : Returning cached instance of singleton bean 'autoConfigurationReport'
2024-09-10T20:48:08.219+09:00 TRACE 86442 --- [learn-spring-boot] [           main] a.ConfigurationClassBeanDefinitionReader : Registering bean definition for @Bean method org.springframework.boot.actuate.autoconfigure.metrics.web.tomcat.TomcatMetricsAutoConfiguration.tomcatMetricsBinder()
2024-09-10T20:48:08.219+09:00 TRACE 86442 --- [learn-spring-boot] [           main] o.s.b.a.condition.OnClassCondition       : Condition OnClassCondition on org.springframework.boot.actuate.autoconfigure.observation.ObservationAutoConfiguration matched due to @ConditionalOnClass found required class 'io.micrometer.observation.ObservationRegistry'
2024-09-10T20:48:08.219+09:00 TRACE 86442 --- [learn-spring-boot] [           main] o.s.b.f.s.DefaultListableBeanFactory     : Returning cached instance of singleton bean 'autoConfigurationReport'
2024-09-10T20:48:08.220+09:00 TRACE 86442 --- [learn-spring-boot] [           main] o.s.b.a.condition.OnBeanCondition        : Condition OnBeanCondition on org.springframework.boot.actuate.autoconfigure.observation.ObservationAutoConfiguration$MeterObservationHandlerConfiguration matched due to @ConditionalOnBean (types: io.micrometer.core.instrument.MeterRegistry; SearchStrategy: all) found bean 'simpleMeterRegistry'; @ConditionalOnMissingBean (types: io.micrometer.core.instrument.observation.MeterObservationHandler; SearchStrategy: all) did not find any beans
2024-09-10T20:48:08.220+09:00 TRACE 86442 --- [learn-spring-boot] [           main] o.s.b.f.s.DefaultListableBeanFactory     : Returning cached instance of singleton bean 'autoConfigurationReport'
2024-09-10T20:48:08.221+09:00 TRACE 86442 --- [learn-spring-boot] [           main] o.s.b.a.condition.OnBeanCondition        : Condition OnBeanCondition on org.springframework.boot.actuate.autoconfigure.observation.ObservationAutoConfiguration$MeterObservationHandlerConfiguration matched due to @ConditionalOnBean (types: io.micrometer.core.instrument.MeterRegistry; SearchStrategy: all) found bean 'simpleMeterRegistry'; @ConditionalOnMissingBean (types: io.micrometer.core.instrument.observation.MeterObservationHandler; SearchStrategy: all) did not find any beans
2024-09-10T20:48:08.221+09:00 TRACE 86442 --- [learn-spring-boot] [           main] o.s.b.f.s.DefaultListableBeanFactory     : Returning cached instance of singleton bean 'autoConfigurationReport'
2024-09-10T20:48:08.221+09:00 TRACE 86442 --- [learn-spring-boot] [           main] o.s.b.a.condition.OnBeanCondition        : Condition OnBeanCondition on org.springframework.boot.actuate.autoconfigure.observation.ObservationAutoConfiguration$MeterObservationHandlerConfiguration$TracingAndMetricsObservationHandlerConfiguration did not match due to @ConditionalOnBean (types: io.micrometer.tracing.Tracer; SearchStrategy: all) did not find any beans of type io.micrometer.tracing.Tracer
2024-09-10T20:48:08.221+09:00 TRACE 86442 --- [learn-spring-boot] [           main] o.s.b.f.s.DefaultListableBeanFactory     : Returning cached instance of singleton bean 'autoConfigurationReport'
2024-09-10T20:48:08.221+09:00 TRACE 86442 --- [learn-spring-boot] [           main] o.s.b.a.condition.OnBeanCondition        : Condition OnBeanCondition on org.springframework.boot.actuate.autoconfigure.observation.ObservationAutoConfiguration$MeterObservationHandlerConfiguration$OnlyMetricsMeterObservationHandlerConfiguration matched due to @ConditionalOnMissingBean (types: io.micrometer.tracing.Tracer; SearchStrategy: all) did not find any beans
2024-09-10T20:48:08.221+09:00 TRACE 86442 --- [learn-spring-boot] [           main] o.s.b.f.s.DefaultListableBeanFactory     : Returning cached instance of singleton bean 'autoConfigurationReport'
2024-09-10T20:48:08.221+09:00 TRACE 86442 --- [learn-spring-boot] [           main] a.ConfigurationClassBeanDefinitionReader : Registered bean definition for imported class 'org.springframework.boot.actuate.autoconfigure.observation.ObservationAutoConfiguration$MeterObservationHandlerConfiguration$OnlyMetricsMeterObservationHandlerConfiguration'
2024-09-10T20:48:08.221+09:00 TRACE 86442 --- [learn-spring-boot] [           main] a.ConfigurationClassBeanDefinitionReader : Registering bean definition for @Bean method org.springframework.boot.actuate.autoconfigure.observation.ObservationAutoConfiguration$MeterObservationHandlerConfiguration$OnlyMetricsMeterObservationHandlerConfiguration.defaultMeterObservationHandler()
2024-09-10T20:48:08.221+09:00 TRACE 86442 --- [learn-spring-boot] [           main] a.ConfigurationClassBeanDefinitionReader : Registered bean definition for imported class 'org.springframework.boot.actuate.autoconfigure.observation.ObservationAutoConfiguration$MeterObservationHandlerConfiguration'
2024-09-10T20:48:08.222+09:00 TRACE 86442 --- [learn-spring-boot] [           main] o.s.b.a.condition.OnClassCondition       : Condition OnClassCondition on org.springframework.boot.actuate.autoconfigure.observation.ObservationAutoConfiguration$OnlyMetricsConfiguration matched due to @ConditionalOnClass found required class 'io.micrometer.core.instrument.MeterRegistry'; @ConditionalOnMissingClass did not find unwanted class 'io.micrometer.tracing.Tracer'
2024-09-10T20:48:08.222+09:00 TRACE 86442 --- [learn-spring-boot] [           main] o.s.b.f.s.DefaultListableBeanFactory     : Returning cached instance of singleton bean 'autoConfigurationReport'
2024-09-10T20:48:08.222+09:00 TRACE 86442 --- [learn-spring-boot] [           main] o.s.b.a.condition.OnClassCondition       : Condition OnClassCondition on org.springframework.boot.actuate.autoconfigure.observation.ObservationAutoConfiguration$OnlyMetricsConfiguration matched due to @ConditionalOnClass found required class 'io.micrometer.core.instrument.MeterRegistry'; @ConditionalOnMissingClass did not find unwanted class 'io.micrometer.tracing.Tracer'
2024-09-10T20:48:08.222+09:00 TRACE 86442 --- [learn-spring-boot] [           main] o.s.b.f.s.DefaultListableBeanFactory     : Returning cached instance of singleton bean 'autoConfigurationReport'
2024-09-10T20:48:08.222+09:00 TRACE 86442 --- [learn-spring-boot] [           main] a.ConfigurationClassBeanDefinitionReader : Registered bean definition for imported class 'org.springframework.boot.actuate.autoconfigure.observation.ObservationAutoConfiguration$OnlyMetricsConfiguration'
2024-09-10T20:48:08.222+09:00 TRACE 86442 --- [learn-spring-boot] [           main] a.ConfigurationClassBeanDefinitionReader : Registering bean definition for @Bean method org.springframework.boot.actuate.autoconfigure.observation.ObservationAutoConfiguration$OnlyMetricsConfiguration.metricsObservationHandlerGrouping()
2024-09-10T20:48:08.223+09:00 TRACE 86442 --- [learn-spring-boot] [           main] a.ConfigurationClassBeanDefinitionReader : Registered bean definition for imported class 'org.springframework.boot.actuate.autoconfigure.observation.ObservationAutoConfiguration'
2024-09-10T20:48:08.223+09:00 TRACE 86442 --- [learn-spring-boot] [           main] a.ConfigurationClassBeanDefinitionReader : Registering bean definition for @Bean method org.springframework.boot.actuate.autoconfigure.observation.ObservationAutoConfiguration.observationRegistryPostProcessor()
2024-09-10T20:48:08.225+09:00 TRACE 86442 --- [learn-spring-boot] [           main] o.s.b.a.condition.OnBeanCondition        : Condition OnBeanCondition on org.springframework.boot.actuate.autoconfigure.observation.ObservationAutoConfiguration#observationRegistry matched due to @ConditionalOnMissingBean (types: io.micrometer.observation.ObservationRegistry; SearchStrategy: all) did not find any beans
2024-09-10T20:48:08.225+09:00 TRACE 86442 --- [learn-spring-boot] [           main] o.s.b.f.s.DefaultListableBeanFactory     : Returning cached instance of singleton bean 'autoConfigurationReport'
2024-09-10T20:48:08.225+09:00 TRACE 86442 --- [learn-spring-boot] [           main] a.ConfigurationClassBeanDefinitionReader : Registering bean definition for @Bean method org.springframework.boot.actuate.autoconfigure.observation.ObservationAutoConfiguration.observationRegistry()
2024-09-10T20:48:08.225+09:00 TRACE 86442 --- [learn-spring-boot] [           main] a.ConfigurationClassBeanDefinitionReader : Registering bean definition for @Bean method org.springframework.boot.actuate.autoconfigure.observation.ObservationAutoConfiguration.propertiesObservationFilter()
2024-09-10T20:48:08.226+09:00 TRACE 86442 --- [learn-spring-boot] [           main] o.s.b.a.condition.OnClassCondition       : Condition OnClassCondition on org.springframework.boot.autoconfigure.http.HttpMessageConvertersAutoConfiguration matched due to @ConditionalOnClass found required class 'org.springframework.http.converter.HttpMessageConverter'
2024-09-10T20:48:08.226+09:00 TRACE 86442 --- [learn-spring-boot] [           main] o.s.b.f.s.DefaultListableBeanFactory     : Returning cached instance of singleton bean 'autoConfigurationReport'
2024-09-10T20:48:08.226+09:00 TRACE 86442 --- [learn-spring-boot] [           main] o.s.b.a.condition.OnClassCondition       : Condition OnClassCondition on org.springframework.boot.autoconfigure.http.HttpMessageConvertersAutoConfiguration$StringHttpMessageConverterConfiguration matched due to @ConditionalOnClass found required class 'org.springframework.http.converter.StringHttpMessageConverter'
2024-09-10T20:48:08.226+09:00 TRACE 86442 --- [learn-spring-boot] [           main] o.s.b.f.s.DefaultListableBeanFactory     : Returning cached instance of singleton bean 'autoConfigurationReport'
2024-09-10T20:48:08.226+09:00 TRACE 86442 --- [learn-spring-boot] [           main] a.ConfigurationClassBeanDefinitionReader : Registered bean definition for imported class 'org.springframework.boot.autoconfigure.http.HttpMessageConvertersAutoConfiguration$StringHttpMessageConverterConfiguration'
2024-09-10T20:48:08.227+09:00 TRACE 86442 --- [learn-spring-boot] [           main] o.s.b.a.condition.OnBeanCondition        : Condition OnBeanCondition on org.springframework.boot.autoconfigure.http.HttpMessageConvertersAutoConfiguration$StringHttpMessageConverterConfiguration#stringHttpMessageConverter matched due to @ConditionalOnMissingBean (types: org.springframework.http.converter.StringHttpMessageConverter; SearchStrategy: all) did not find any beans
2024-09-10T20:48:08.227+09:00 TRACE 86442 --- [learn-spring-boot] [           main] o.s.b.f.s.DefaultListableBeanFactory     : Returning cached instance of singleton bean 'autoConfigurationReport'
2024-09-10T20:48:08.227+09:00 TRACE 86442 --- [learn-spring-boot] [           main] a.ConfigurationClassBeanDefinitionReader : Registering bean definition for @Bean method org.springframework.boot.autoconfigure.http.HttpMessageConvertersAutoConfiguration$StringHttpMessageConverterConfiguration.stringHttpMessageConverter()
2024-09-10T20:48:08.227+09:00 TRACE 86442 --- [learn-spring-boot] [           main] o.s.b.a.condition.OnClassCondition       : Condition OnClassCondition on org.springframework.boot.autoconfigure.http.JacksonHttpMessageConvertersConfiguration$MappingJackson2HttpMessageConverterConfiguration matched due to @ConditionalOnClass found required class 'com.fasterxml.jackson.databind.ObjectMapper'
2024-09-10T20:48:08.227+09:00 TRACE 86442 --- [learn-spring-boot] [           main] o.s.b.f.s.DefaultListableBeanFactory     : Returning cached instance of singleton bean 'autoConfigurationReport'
2024-09-10T20:48:08.227+09:00 TRACE 86442 --- [learn-spring-boot] [           main] o.s.b.a.condition.OnPropertyCondition    : Condition OnPropertyCondition on org.springframework.boot.autoconfigure.http.JacksonHttpMessageConvertersConfiguration$MappingJackson2HttpMessageConverterConfiguration matched due to @ConditionalOnProperty (spring.mvc.converters.preferred-json-mapper=jackson) matched
2024-09-10T20:48:08.227+09:00 TRACE 86442 --- [learn-spring-boot] [           main] o.s.b.f.s.DefaultListableBeanFactory     : Returning cached instance of singleton bean 'autoConfigurationReport'
2024-09-10T20:48:08.227+09:00 TRACE 86442 --- [learn-spring-boot] [           main] o.s.b.a.condition.OnBeanCondition        : Condition OnBeanCondition on org.springframework.boot.autoconfigure.http.JacksonHttpMessageConvertersConfiguration$MappingJackson2HttpMessageConverterConfiguration matched due to @ConditionalOnBean (types: com.fasterxml.jackson.databind.ObjectMapper; SearchStrategy: all) found bean 'jacksonObjectMapper'
2024-09-10T20:48:08.227+09:00 TRACE 86442 --- [learn-spring-boot] [           main] o.s.b.f.s.DefaultListableBeanFactory     : Returning cached instance of singleton bean 'autoConfigurationReport'
2024-09-10T20:48:08.228+09:00 TRACE 86442 --- [learn-spring-boot] [           main] a.ConfigurationClassBeanDefinitionReader : Registered bean definition for imported class 'org.springframework.boot.autoconfigure.http.JacksonHttpMessageConvertersConfiguration$MappingJackson2HttpMessageConverterConfiguration'
2024-09-10T20:48:08.228+09:00 TRACE 86442 --- [learn-spring-boot] [           main] o.s.b.a.condition.OnBeanCondition        : Condition OnBeanCondition on org.springframework.boot.autoconfigure.http.JacksonHttpMessageConvertersConfiguration$MappingJackson2HttpMessageConverterConfiguration#mappingJackson2HttpMessageConverter matched due to @ConditionalOnMissingBean (types: org.springframework.http.converter.json.MappingJackson2HttpMessageConverter ignored: org.springframework.hateoas.server.mvc.TypeConstrainedMappingJackson2HttpMessageConverter,org.springframework.data.rest.webmvc.alps.AlpsJsonHttpMessageConverter; SearchStrategy: all) did not find any beans
2024-09-10T20:48:08.228+09:00 TRACE 86442 --- [learn-spring-boot] [           main] o.s.b.f.s.DefaultListableBeanFactory     : Returning cached instance of singleton bean 'autoConfigurationReport'
2024-09-10T20:48:08.228+09:00 TRACE 86442 --- [learn-spring-boot] [           main] a.ConfigurationClassBeanDefinitionReader : Registering bean definition for @Bean method org.springframework.boot.autoconfigure.http.JacksonHttpMessageConvertersConfiguration$MappingJackson2HttpMessageConverterConfiguration.mappingJackson2HttpMessageConverter()
2024-09-10T20:48:08.228+09:00 TRACE 86442 --- [learn-spring-boot] [           main] a.ConfigurationClassBeanDefinitionReader : Registered bean definition for imported class 'org.springframework.boot.autoconfigure.http.JacksonHttpMessageConvertersConfiguration'
2024-09-10T20:48:08.229+09:00 TRACE 86442 --- [learn-spring-boot] [           main] a.ConfigurationClassBeanDefinitionReader : Registered bean definition for imported class 'org.springframework.boot.autoconfigure.http.HttpMessageConvertersAutoConfiguration'
2024-09-10T20:48:08.230+09:00 TRACE 86442 --- [learn-spring-boot] [           main] o.s.b.a.condition.OnBeanCondition        : Condition OnBeanCondition on org.springframework.boot.autoconfigure.http.HttpMessageConvertersAutoConfiguration#messageConverters matched due to @ConditionalOnMissingBean (types: org.springframework.boot.autoconfigure.http.HttpMessageConverters; SearchStrategy: all) did not find any beans
2024-09-10T20:48:08.230+09:00 TRACE 86442 --- [learn-spring-boot] [           main] o.s.b.f.s.DefaultListableBeanFactory     : Returning cached instance of singleton bean 'autoConfigurationReport'
2024-09-10T20:48:08.230+09:00 TRACE 86442 --- [learn-spring-boot] [           main] a.ConfigurationClassBeanDefinitionReader : Registering bean definition for @Bean method org.springframework.boot.autoconfigure.http.HttpMessageConvertersAutoConfiguration.messageConverters()
2024-09-10T20:48:08.230+09:00 TRACE 86442 --- [learn-spring-boot] [           main] o.s.b.a.condition.OnClassCondition       : Condition OnClassCondition on org.springframework.boot.autoconfigure.web.client.RestClientAutoConfiguration matched due to @ConditionalOnClass found required class 'org.springframework.web.client.RestClient'
2024-09-10T20:48:08.231+09:00 TRACE 86442 --- [learn-spring-boot] [           main] o.s.b.f.s.DefaultListableBeanFactory     : Returning cached instance of singleton bean 'autoConfigurationReport'
2024-09-10T20:48:08.231+09:00 TRACE 86442 --- [learn-spring-boot] [           main] a.ConfigurationClassBeanDefinitionReader : Registered bean definition for imported class 'org.springframework.boot.autoconfigure.web.client.RestClientAutoConfiguration'
2024-09-10T20:48:08.232+09:00 TRACE 86442 --- [learn-spring-boot] [           main] o.s.b.a.condition.OnBeanCondition        : Condition OnBeanCondition on org.springframework.boot.autoconfigure.web.client.RestClientAutoConfiguration#httpMessageConvertersRestClientCustomizer matched due to @ConditionalOnMissingBean (types: org.springframework.boot.autoconfigure.web.client.HttpMessageConvertersRestClientCustomizer; SearchStrategy: all) did not find any beans
2024-09-10T20:48:08.232+09:00 TRACE 86442 --- [learn-spring-boot] [           main] o.s.b.f.s.DefaultListableBeanFactory     : Returning cached instance of singleton bean 'autoConfigurationReport'
2024-09-10T20:48:08.232+09:00 TRACE 86442 --- [learn-spring-boot] [           main] a.ConfigurationClassBeanDefinitionReader : Registering bean definition for @Bean method org.springframework.boot.autoconfigure.web.client.RestClientAutoConfiguration.httpMessageConvertersRestClientCustomizer()
2024-09-10T20:48:08.233+09:00 TRACE 86442 --- [learn-spring-boot] [           main] o.s.b.a.condition.OnBeanCondition        : Condition OnBeanCondition on org.springframework.boot.autoconfigure.web.client.RestClientAutoConfiguration#restClientSsl matched due to @ConditionalOnBean (types: org.springframework.boot.ssl.SslBundles; SearchStrategy: all) found bean 'sslBundleRegistry'; @ConditionalOnMissingBean (types: org.springframework.boot.autoconfigure.web.client.RestClientSsl; SearchStrategy: all) did not find any beans
2024-09-10T20:48:08.233+09:00 TRACE 86442 --- [learn-spring-boot] [           main] o.s.b.f.s.DefaultListableBeanFactory     : Returning cached instance of singleton bean 'autoConfigurationReport'
2024-09-10T20:48:08.233+09:00 TRACE 86442 --- [learn-spring-boot] [           main] o.s.b.a.condition.OnBeanCondition        : Condition OnBeanCondition on org.springframework.boot.autoconfigure.web.client.RestClientAutoConfiguration#restClientSsl matched due to @ConditionalOnBean (types: org.springframework.boot.ssl.SslBundles; SearchStrategy: all) found bean 'sslBundleRegistry'; @ConditionalOnMissingBean (types: org.springframework.boot.autoconfigure.web.client.RestClientSsl; SearchStrategy: all) did not find any beans
2024-09-10T20:48:08.233+09:00 TRACE 86442 --- [learn-spring-boot] [           main] o.s.b.f.s.DefaultListableBeanFactory     : Returning cached instance of singleton bean 'autoConfigurationReport'
2024-09-10T20:48:08.233+09:00 TRACE 86442 --- [learn-spring-boot] [           main] a.ConfigurationClassBeanDefinitionReader : Registering bean definition for @Bean method org.springframework.boot.autoconfigure.web.client.RestClientAutoConfiguration.restClientSsl()
2024-09-10T20:48:08.234+09:00 TRACE 86442 --- [learn-spring-boot] [           main] o.s.b.a.condition.OnBeanCondition        : Condition OnBeanCondition on org.springframework.boot.autoconfigure.web.client.RestClientAutoConfiguration#restClientBuilderConfigurer matched due to @ConditionalOnMissingBean (types: org.springframework.boot.autoconfigure.web.client.RestClientBuilderConfigurer; SearchStrategy: all) did not find any beans
2024-09-10T20:48:08.234+09:00 TRACE 86442 --- [learn-spring-boot] [           main] o.s.b.f.s.DefaultListableBeanFactory     : Returning cached instance of singleton bean 'autoConfigurationReport'
2024-09-10T20:48:08.234+09:00 TRACE 86442 --- [learn-spring-boot] [           main] a.ConfigurationClassBeanDefinitionReader : Registering bean definition for @Bean method org.springframework.boot.autoconfigure.web.client.RestClientAutoConfiguration.restClientBuilderConfigurer()
2024-09-10T20:48:08.234+09:00 TRACE 86442 --- [learn-spring-boot] [           main] o.s.b.a.condition.OnBeanCondition        : Condition OnBeanCondition on org.springframework.boot.autoconfigure.web.client.RestClientAutoConfiguration#restClientBuilder matched due to @ConditionalOnMissingBean (types: org.springframework.web.client.RestClient$Builder; SearchStrategy: all) did not find any beans
2024-09-10T20:48:08.234+09:00 TRACE 86442 --- [learn-spring-boot] [           main] o.s.b.f.s.DefaultListableBeanFactory     : Returning cached instance of singleton bean 'autoConfigurationReport'
2024-09-10T20:48:08.234+09:00 TRACE 86442 --- [learn-spring-boot] [           main] a.ConfigurationClassBeanDefinitionReader : Registering bean definition for @Bean method org.springframework.boot.autoconfigure.web.client.RestClientAutoConfiguration.restClientBuilder()
2024-09-10T20:48:08.234+09:00 TRACE 86442 --- [learn-spring-boot] [           main] o.s.b.a.condition.OnClassCondition       : Condition OnClassCondition on org.springframework.boot.autoconfigure.web.client.RestTemplateAutoConfiguration matched due to @ConditionalOnClass found required class 'org.springframework.web.client.RestTemplate'
2024-09-10T20:48:08.234+09:00 TRACE 86442 --- [learn-spring-boot] [           main] o.s.b.f.s.DefaultListableBeanFactory     : Returning cached instance of singleton bean 'autoConfigurationReport'
2024-09-10T20:48:08.235+09:00 TRACE 86442 --- [learn-spring-boot] [           main] a.ConfigurationClassBeanDefinitionReader : Registered bean definition for imported class 'org.springframework.boot.autoconfigure.web.client.RestTemplateAutoConfiguration'
2024-09-10T20:48:08.235+09:00 TRACE 86442 --- [learn-spring-boot] [           main] a.ConfigurationClassBeanDefinitionReader : Registering bean definition for @Bean method org.springframework.boot.autoconfigure.web.client.RestTemplateAutoConfiguration.restTemplateBuilderConfigurer()
2024-09-10T20:48:08.235+09:00 TRACE 86442 --- [learn-spring-boot] [           main] o.s.b.a.condition.OnBeanCondition        : Condition OnBeanCondition on org.springframework.boot.autoconfigure.web.client.RestTemplateAutoConfiguration#restTemplateBuilder matched due to @ConditionalOnMissingBean (types: org.springframework.boot.web.client.RestTemplateBuilder; SearchStrategy: all) did not find any beans
2024-09-10T20:48:08.235+09:00 TRACE 86442 --- [learn-spring-boot] [           main] o.s.b.f.s.DefaultListableBeanFactory     : Returning cached instance of singleton bean 'autoConfigurationReport'
2024-09-10T20:48:08.235+09:00 TRACE 86442 --- [learn-spring-boot] [           main] a.ConfigurationClassBeanDefinitionReader : Registering bean definition for @Bean method org.springframework.boot.autoconfigure.web.client.RestTemplateAutoConfiguration.restTemplateBuilder()
2024-09-10T20:48:08.235+09:00 TRACE 86442 --- [learn-spring-boot] [           main] o.s.b.a.condition.OnClassCondition       : Condition OnClassCondition on org.springframework.boot.actuate.autoconfigure.observation.web.client.HttpClientObservationsAutoConfiguration matched due to @ConditionalOnClass found required class 'io.micrometer.observation.Observation'
2024-09-10T20:48:08.236+09:00 TRACE 86442 --- [learn-spring-boot] [           main] o.s.b.f.s.DefaultListableBeanFactory     : Returning cached instance of singleton bean 'autoConfigurationReport'
2024-09-10T20:48:08.236+09:00 TRACE 86442 --- [learn-spring-boot] [           main] o.s.b.a.condition.OnBeanCondition        : Condition OnBeanCondition on org.springframework.boot.actuate.autoconfigure.observation.web.client.HttpClientObservationsAutoConfiguration matched due to @ConditionalOnBean (types: io.micrometer.observation.ObservationRegistry; SearchStrategy: all) found bean 'observationRegistry'
2024-09-10T20:48:08.236+09:00 TRACE 86442 --- [learn-spring-boot] [           main] o.s.b.f.s.DefaultListableBeanFactory     : Returning cached instance of singleton bean 'autoConfigurationReport'
2024-09-10T20:48:08.236+09:00 TRACE 86442 --- [learn-spring-boot] [           main] o.s.b.a.condition.OnClassCondition       : Condition OnClassCondition on org.springframework.boot.actuate.autoconfigure.observation.web.client.HttpClientObservationsAutoConfiguration$MeterFilterConfiguration matched due to @ConditionalOnClass found required class 'io.micrometer.core.instrument.MeterRegistry'
2024-09-10T20:48:08.236+09:00 TRACE 86442 --- [learn-spring-boot] [           main] o.s.b.f.s.DefaultListableBeanFactory     : Returning cached instance of singleton bean 'autoConfigurationReport'
2024-09-10T20:48:08.236+09:00 TRACE 86442 --- [learn-spring-boot] [           main] o.s.b.a.condition.OnBeanCondition        : Condition OnBeanCondition on org.springframework.boot.actuate.autoconfigure.observation.web.client.HttpClientObservationsAutoConfiguration$MeterFilterConfiguration matched due to @ConditionalOnBean (types: io.micrometer.core.instrument.MeterRegistry; SearchStrategy: all) found bean 'simpleMeterRegistry'
2024-09-10T20:48:08.236+09:00 TRACE 86442 --- [learn-spring-boot] [           main] o.s.b.f.s.DefaultListableBeanFactory     : Returning cached instance of singleton bean 'autoConfigurationReport'
2024-09-10T20:48:08.236+09:00 TRACE 86442 --- [learn-spring-boot] [           main] a.ConfigurationClassBeanDefinitionReader : Registered bean definition for imported class 'org.springframework.boot.actuate.autoconfigure.observation.web.client.HttpClientObservationsAutoConfiguration$MeterFilterConfiguration'
2024-09-10T20:48:08.236+09:00 TRACE 86442 --- [learn-spring-boot] [           main] a.ConfigurationClassBeanDefinitionReader : Registering bean definition for @Bean method org.springframework.boot.actuate.autoconfigure.observation.web.client.HttpClientObservationsAutoConfiguration$MeterFilterConfiguration.metricsHttpClientUriTagFilter()
2024-09-10T20:48:08.237+09:00 TRACE 86442 --- [learn-spring-boot] [           main] o.s.b.a.condition.OnClassCondition       : Condition OnClassCondition on org.springframework.boot.actuate.autoconfigure.observation.web.client.RestTemplateObservationConfiguration matched due to @ConditionalOnClass found required class 'org.springframework.web.client.RestTemplate'
2024-09-10T20:48:08.237+09:00 TRACE 86442 --- [learn-spring-boot] [           main] o.s.b.f.s.DefaultListableBeanFactory     : Returning cached instance of singleton bean 'autoConfigurationReport'
2024-09-10T20:48:08.238+09:00 TRACE 86442 --- [learn-spring-boot] [           main] o.s.b.a.condition.OnBeanCondition        : Condition OnBeanCondition on org.springframework.boot.actuate.autoconfigure.observation.web.client.RestTemplateObservationConfiguration matched due to @ConditionalOnBean (types: org.springframework.boot.web.client.RestTemplateBuilder; SearchStrategy: all) found bean 'restTemplateBuilder'
2024-09-10T20:48:08.238+09:00 TRACE 86442 --- [learn-spring-boot] [           main] o.s.b.f.s.DefaultListableBeanFactory     : Returning cached instance of singleton bean 'autoConfigurationReport'
2024-09-10T20:48:08.238+09:00 TRACE 86442 --- [learn-spring-boot] [           main] a.ConfigurationClassBeanDefinitionReader : Registered bean definition for imported class 'org.springframework.boot.actuate.autoconfigure.observation.web.client.RestTemplateObservationConfiguration'
2024-09-10T20:48:08.238+09:00 TRACE 86442 --- [learn-spring-boot] [           main] a.ConfigurationClassBeanDefinitionReader : Registering bean definition for @Bean method org.springframework.boot.actuate.autoconfigure.observation.web.client.RestTemplateObservationConfiguration.observationRestTemplateCustomizer()
2024-09-10T20:48:08.238+09:00 TRACE 86442 --- [learn-spring-boot] [           main] o.s.b.a.condition.OnClassCondition       : Condition OnClassCondition on org.springframework.boot.actuate.autoconfigure.observation.web.client.RestClientObservationConfiguration matched due to @ConditionalOnClass found required class 'org.springframework.web.client.RestClient'
2024-09-10T20:48:08.238+09:00 TRACE 86442 --- [learn-spring-boot] [           main] o.s.b.f.s.DefaultListableBeanFactory     : Returning cached instance of singleton bean 'autoConfigurationReport'
2024-09-10T20:48:08.239+09:00 TRACE 86442 --- [learn-spring-boot] [           main] o.s.b.a.condition.OnBeanCondition        : Condition OnBeanCondition on org.springframework.boot.actuate.autoconfigure.observation.web.client.RestClientObservationConfiguration matched due to @ConditionalOnBean (types: org.springframework.web.client.RestClient$Builder; SearchStrategy: all) found bean 'restClientBuilder'
2024-09-10T20:48:08.239+09:00 TRACE 86442 --- [learn-spring-boot] [           main] o.s.b.f.s.DefaultListableBeanFactory     : Returning cached instance of singleton bean 'autoConfigurationReport'
2024-09-10T20:48:08.239+09:00 TRACE 86442 --- [learn-spring-boot] [           main] a.ConfigurationClassBeanDefinitionReader : Registered bean definition for imported class 'org.springframework.boot.actuate.autoconfigure.observation.web.client.RestClientObservationConfiguration'
2024-09-10T20:48:08.239+09:00 TRACE 86442 --- [learn-spring-boot] [           main] a.ConfigurationClassBeanDefinitionReader : Registering bean definition for @Bean method org.springframework.boot.actuate.autoconfigure.observation.web.client.RestClientObservationConfiguration.observationRestClientCustomizer()
2024-09-10T20:48:08.240+09:00 TRACE 86442 --- [learn-spring-boot] [           main] a.ConfigurationClassBeanDefinitionReader : Registered bean definition for imported class 'org.springframework.boot.actuate.autoconfigure.observation.web.client.HttpClientObservationsAutoConfiguration'
2024-09-10T20:48:08.240+09:00 TRACE 86442 --- [learn-spring-boot] [           main] o.s.b.a.condition.OnClassCondition       : Condition OnClassCondition on org.springframework.boot.actuate.autoconfigure.observation.web.servlet.WebMvcObservationAutoConfiguration matched due to @ConditionalOnClass found required classes 'org.springframework.web.servlet.DispatcherServlet', 'io.micrometer.observation.Observation'
2024-09-10T20:48:08.240+09:00 TRACE 86442 --- [learn-spring-boot] [           main] o.s.b.f.s.DefaultListableBeanFactory     : Returning cached instance of singleton bean 'autoConfigurationReport'
2024-09-10T20:48:08.240+09:00 TRACE 86442 --- [learn-spring-boot] [           main] o.s.b.a.c.OnWebApplicationCondition      : Condition OnWebApplicationCondition on org.springframework.boot.actuate.autoconfigure.observation.web.servlet.WebMvcObservationAutoConfiguration matched due to found 'session' scope
2024-09-10T20:48:08.240+09:00 TRACE 86442 --- [learn-spring-boot] [           main] o.s.b.f.s.DefaultListableBeanFactory     : Returning cached instance of singleton bean 'autoConfigurationReport'
2024-09-10T20:48:08.241+09:00 TRACE 86442 --- [learn-spring-boot] [           main] o.s.b.a.condition.OnBeanCondition        : Condition OnBeanCondition on org.springframework.boot.actuate.autoconfigure.observation.web.servlet.WebMvcObservationAutoConfiguration matched due to @ConditionalOnBean (types: io.micrometer.observation.ObservationRegistry; SearchStrategy: all) found bean 'observationRegistry'
2024-09-10T20:48:08.241+09:00 TRACE 86442 --- [learn-spring-boot] [           main] o.s.b.f.s.DefaultListableBeanFactory     : Returning cached instance of singleton bean 'autoConfigurationReport'
2024-09-10T20:48:08.241+09:00 TRACE 86442 --- [learn-spring-boot] [           main] o.s.b.a.condition.OnClassCondition       : Condition OnClassCondition on org.springframework.boot.actuate.autoconfigure.observation.web.servlet.WebMvcObservationAutoConfiguration$MeterFilterConfiguration matched due to @ConditionalOnClass found required class 'io.micrometer.core.instrument.MeterRegistry'
2024-09-10T20:48:08.241+09:00 TRACE 86442 --- [learn-spring-boot] [           main] o.s.b.f.s.DefaultListableBeanFactory     : Returning cached instance of singleton bean 'autoConfigurationReport'
2024-09-10T20:48:08.241+09:00 TRACE 86442 --- [learn-spring-boot] [           main] o.s.b.a.condition.OnBeanCondition        : Condition OnBeanCondition on org.springframework.boot.actuate.autoconfigure.observation.web.servlet.WebMvcObservationAutoConfiguration$MeterFilterConfiguration matched due to @ConditionalOnBean (types: io.micrometer.core.instrument.MeterRegistry; SearchStrategy: all) found bean 'simpleMeterRegistry'
2024-09-10T20:48:08.241+09:00 TRACE 86442 --- [learn-spring-boot] [           main] o.s.b.f.s.DefaultListableBeanFactory     : Returning cached instance of singleton bean 'autoConfigurationReport'
2024-09-10T20:48:08.241+09:00 TRACE 86442 --- [learn-spring-boot] [           main] a.ConfigurationClassBeanDefinitionReader : Registered bean definition for imported class 'org.springframework.boot.actuate.autoconfigure.observation.web.servlet.WebMvcObservationAutoConfiguration$MeterFilterConfiguration'
2024-09-10T20:48:08.241+09:00 TRACE 86442 --- [learn-spring-boot] [           main] a.ConfigurationClassBeanDefinitionReader : Registering bean definition for @Bean method org.springframework.boot.actuate.autoconfigure.observation.web.servlet.WebMvcObservationAutoConfiguration$MeterFilterConfiguration.metricsHttpServerUriTagFilter()
2024-09-10T20:48:08.241+09:00 TRACE 86442 --- [learn-spring-boot] [           main] a.ConfigurationClassBeanDefinitionReader : Registered bean definition for imported class 'org.springframework.boot.actuate.autoconfigure.observation.web.servlet.WebMvcObservationAutoConfiguration'
2024-09-10T20:48:08.243+09:00 TRACE 86442 --- [learn-spring-boot] [           main] o.s.b.a.condition.OnBeanCondition        : Condition OnBeanCondition on org.springframework.boot.actuate.autoconfigure.observation.web.servlet.WebMvcObservationAutoConfiguration#webMvcObservationFilter matched due to @ConditionalOnMissingBean (types: org.springframework.web.filter.ServerHttpObservationFilter; SearchStrategy: all) did not find any beans
2024-09-10T20:48:08.243+09:00 TRACE 86442 --- [learn-spring-boot] [           main] o.s.b.f.s.DefaultListableBeanFactory     : Returning cached instance of singleton bean 'autoConfigurationReport'
2024-09-10T20:48:08.243+09:00 TRACE 86442 --- [learn-spring-boot] [           main] a.ConfigurationClassBeanDefinitionReader : Registering bean definition for @Bean method org.springframework.boot.actuate.autoconfigure.observation.web.servlet.WebMvcObservationAutoConfiguration.webMvcObservationFilter()
2024-09-10T20:48:08.244+09:00 TRACE 86442 --- [learn-spring-boot] [           main] o.s.b.a.condition.OnClassCondition       : Condition OnClassCondition on org.springframework.boot.actuate.autoconfigure.scheduling.ScheduledTasksObservabilityAutoConfiguration matched due to @ConditionalOnClass found required class 'org.springframework.scheduling.concurrent.ThreadPoolTaskScheduler'
2024-09-10T20:48:08.244+09:00 TRACE 86442 --- [learn-spring-boot] [           main] o.s.b.f.s.DefaultListableBeanFactory     : Returning cached instance of singleton bean 'autoConfigurationReport'
2024-09-10T20:48:08.244+09:00 TRACE 86442 --- [learn-spring-boot] [           main] o.s.b.a.condition.OnBeanCondition        : Condition OnBeanCondition on org.springframework.boot.actuate.autoconfigure.scheduling.ScheduledTasksObservabilityAutoConfiguration matched due to @ConditionalOnBean (types: io.micrometer.observation.ObservationRegistry; SearchStrategy: all) found bean 'observationRegistry'
2024-09-10T20:48:08.244+09:00 TRACE 86442 --- [learn-spring-boot] [           main] o.s.b.f.s.DefaultListableBeanFactory     : Returning cached instance of singleton bean 'autoConfigurationReport'
2024-09-10T20:48:08.244+09:00 TRACE 86442 --- [learn-spring-boot] [           main] a.ConfigurationClassBeanDefinitionReader : Registered bean definition for imported class 'org.springframework.boot.actuate.autoconfigure.scheduling.ScheduledTasksObservabilityAutoConfiguration'
2024-09-10T20:48:08.244+09:00 TRACE 86442 --- [learn-spring-boot] [           main] a.ConfigurationClassBeanDefinitionReader : Registering bean definition for @Bean method org.springframework.boot.actuate.autoconfigure.scheduling.ScheduledTasksObservabilityAutoConfiguration.observabilitySchedulingConfigurer()
2024-09-10T20:48:08.244+09:00 TRACE 86442 --- [learn-spring-boot] [           main] o.s.b.a.c.OnWebApplicationCondition      : Condition OnWebApplicationCondition on org.springframework.boot.actuate.autoconfigure.security.servlet.ManagementWebSecurityAutoConfiguration matched due to found 'session' scope
2024-09-10T20:48:08.244+09:00 TRACE 86442 --- [learn-spring-boot] [           main] o.s.b.f.s.DefaultListableBeanFactory     : Returning cached instance of singleton bean 'autoConfigurationReport'
2024-09-10T20:48:08.245+09:00 TRACE 86442 --- [learn-spring-boot] [           main] o.s.b.a.s.DefaultWebSecurityCondition    : Condition DefaultWebSecurityCondition on org.springframework.boot.actuate.autoconfigure.security.servlet.ManagementWebSecurityAutoConfiguration did not match due to AllNestedConditions 1 matched 1 did not; NestedCondition on DefaultWebSecurityCondition.Beans @ConditionalOnMissingBean (types: org.springframework.security.web.SecurityFilterChain; SearchStrategy: all) did not find any beans; NestedCondition on DefaultWebSecurityCondition.Classes @ConditionalOnClass did not find required classes 'org.springframework.security.web.SecurityFilterChain', 'org.springframework.security.config.annotation.web.builders.HttpSecurity'
2024-09-10T20:48:08.245+09:00 TRACE 86442 --- [learn-spring-boot] [           main] o.s.b.f.s.DefaultListableBeanFactory     : Returning cached instance of singleton bean 'autoConfigurationReport'
2024-09-10T20:48:08.245+09:00 TRACE 86442 --- [learn-spring-boot] [           main] o.s.b.a.c.OnWebApplicationCondition      : Condition OnWebApplicationCondition on org.springframework.boot.actuate.autoconfigure.web.exchanges.HttpExchangesAutoConfiguration matched due to @ConditionalOnWebApplication (required) found 'session' scope
2024-09-10T20:48:08.245+09:00 TRACE 86442 --- [learn-spring-boot] [           main] o.s.b.f.s.DefaultListableBeanFactory     : Returning cached instance of singleton bean 'autoConfigurationReport'
2024-09-10T20:48:08.245+09:00 TRACE 86442 --- [learn-spring-boot] [           main] o.s.b.a.condition.OnPropertyCondition    : Condition OnPropertyCondition on org.springframework.boot.actuate.autoconfigure.web.exchanges.HttpExchangesAutoConfiguration matched due to @ConditionalOnProperty (management.httpexchanges.recording.enabled) matched
2024-09-10T20:48:08.245+09:00 TRACE 86442 --- [learn-spring-boot] [           main] o.s.b.f.s.DefaultListableBeanFactory     : Returning cached instance of singleton bean 'autoConfigurationReport'
2024-09-10T20:48:08.246+09:00 TRACE 86442 --- [learn-spring-boot] [           main] o.s.b.a.condition.OnBeanCondition        : Condition OnBeanCondition on org.springframework.boot.actuate.autoconfigure.web.exchanges.HttpExchangesAutoConfiguration did not match due to @ConditionalOnBean (types: org.springframework.boot.actuate.web.exchanges.HttpExchangeRepository; SearchStrategy: all) did not find any beans of type org.springframework.boot.actuate.web.exchanges.HttpExchangeRepository
2024-09-10T20:48:08.246+09:00 TRACE 86442 --- [learn-spring-boot] [           main] o.s.b.f.s.DefaultListableBeanFactory     : Returning cached instance of singleton bean 'autoConfigurationReport'
2024-09-10T20:48:08.246+09:00 TRACE 86442 --- [learn-spring-boot] [           main] o.s.b.a.condition.OnPropertyCondition    : Condition OnPropertyCondition on org.springframework.boot.autoconfigure.aop.AopAutoConfiguration matched due to @ConditionalOnProperty (spring.aop.auto=true) matched
2024-09-10T20:48:08.246+09:00 TRACE 86442 --- [learn-spring-boot] [           main] o.s.b.f.s.DefaultListableBeanFactory     : Returning cached instance of singleton bean 'autoConfigurationReport'
2024-09-10T20:48:08.247+09:00 TRACE 86442 --- [learn-spring-boot] [           main] o.s.b.a.condition.OnClassCondition       : Condition OnClassCondition on org.springframework.boot.autoconfigure.aop.AopAutoConfiguration$ClassProxyingConfiguration matched due to @ConditionalOnMissingClass did not find unwanted class 'org.aspectj.weaver.Advice'
2024-09-10T20:48:08.247+09:00 TRACE 86442 --- [learn-spring-boot] [           main] o.s.b.f.s.DefaultListableBeanFactory     : Returning cached instance of singleton bean 'autoConfigurationReport'
2024-09-10T20:48:08.247+09:00 TRACE 86442 --- [learn-spring-boot] [           main] o.s.b.a.condition.OnPropertyCondition    : Condition OnPropertyCondition on org.springframework.boot.autoconfigure.aop.AopAutoConfiguration$ClassProxyingConfiguration matched due to @ConditionalOnProperty (spring.aop.proxy-target-class=true) matched
2024-09-10T20:48:08.247+09:00 TRACE 86442 --- [learn-spring-boot] [           main] o.s.b.f.s.DefaultListableBeanFactory     : Returning cached instance of singleton bean 'autoConfigurationReport'
2024-09-10T20:48:08.247+09:00 TRACE 86442 --- [learn-spring-boot] [           main] a.ConfigurationClassBeanDefinitionReader : Registered bean definition for imported class 'org.springframework.boot.autoconfigure.aop.AopAutoConfiguration$ClassProxyingConfiguration'
2024-09-10T20:48:08.247+09:00 TRACE 86442 --- [learn-spring-boot] [           main] a.ConfigurationClassBeanDefinitionReader : Registering bean definition for @Bean method org.springframework.boot.autoconfigure.aop.AopAutoConfiguration$ClassProxyingConfiguration.forceAutoProxyCreatorToUseClassProxying()
2024-09-10T20:48:08.247+09:00 TRACE 86442 --- [learn-spring-boot] [           main] a.ConfigurationClassBeanDefinitionReader : Registered bean definition for imported class 'org.springframework.boot.autoconfigure.aop.AopAutoConfiguration'
2024-09-10T20:48:08.247+09:00 TRACE 86442 --- [learn-spring-boot] [           main] a.ConfigurationClassBeanDefinitionReader : Registered bean definition for imported class 'org.springframework.boot.autoconfigure.context.ConfigurationPropertiesAutoConfiguration'
2024-09-10T20:48:08.247+09:00 TRACE 86442 --- [learn-spring-boot] [           main] a.ConfigurationClassBeanDefinitionReader : Registered bean definition for imported class 'org.springframework.boot.autoconfigure.context.LifecycleAutoConfiguration'
2024-09-10T20:48:08.247+09:00 TRACE 86442 --- [learn-spring-boot] [           main] o.s.b.a.condition.OnBeanCondition        : Condition OnBeanCondition on org.springframework.boot.autoconfigure.context.LifecycleAutoConfiguration#defaultLifecycleProcessor matched due to @ConditionalOnMissingBean (names: lifecycleProcessor; SearchStrategy: current) did not find any beans
2024-09-10T20:48:08.247+09:00 TRACE 86442 --- [learn-spring-boot] [           main] o.s.b.f.s.DefaultListableBeanFactory     : Returning cached instance of singleton bean 'autoConfigurationReport'
2024-09-10T20:48:08.247+09:00 TRACE 86442 --- [learn-spring-boot] [           main] a.ConfigurationClassBeanDefinitionReader : Registering bean definition for @Bean method org.springframework.boot.autoconfigure.context.LifecycleAutoConfiguration.lifecycleProcessor()
2024-09-10T20:48:08.247+09:00 TRACE 86442 --- [learn-spring-boot] [           main] o.s.b.a.condition.OnPropertyCondition    : Condition OnPropertyCondition on org.springframework.boot.autoconfigure.sql.init.SqlInitializationAutoConfiguration matched due to @ConditionalOnProperty (spring.sql.init.enabled) matched
2024-09-10T20:48:08.247+09:00 TRACE 86442 --- [learn-spring-boot] [           main] o.s.b.f.s.DefaultListableBeanFactory     : Returning cached instance of singleton bean 'autoConfigurationReport'
2024-09-10T20:48:08.248+09:00 TRACE 86442 --- [learn-spring-boot] [           main] a.ConfigurationClassBeanDefinitionReader : Registered bean definition for imported class 'org.springframework.boot.autoconfigure.sql.init.SqlInitializationAutoConfiguration'
2024-09-10T20:48:08.249+09:00 TRACE 86442 --- [learn-spring-boot] [           main] o.s.b.a.condition.OnClassCondition       : Condition OnClassCondition on org.springframework.boot.autoconfigure.web.servlet.HttpEncodingAutoConfiguration matched due to @ConditionalOnClass found required class 'org.springframework.web.filter.CharacterEncodingFilter'
2024-09-10T20:48:08.249+09:00 TRACE 86442 --- [learn-spring-boot] [           main] o.s.b.f.s.DefaultListableBeanFactory     : Returning cached instance of singleton bean 'autoConfigurationReport'
2024-09-10T20:48:08.249+09:00 TRACE 86442 --- [learn-spring-boot] [           main] o.s.b.a.c.OnWebApplicationCondition      : Condition OnWebApplicationCondition on org.springframework.boot.autoconfigure.web.servlet.HttpEncodingAutoConfiguration matched due to found 'session' scope
2024-09-10T20:48:08.249+09:00 TRACE 86442 --- [learn-spring-boot] [           main] o.s.b.f.s.DefaultListableBeanFactory     : Returning cached instance of singleton bean 'autoConfigurationReport'
2024-09-10T20:48:08.249+09:00 TRACE 86442 --- [learn-spring-boot] [           main] o.s.b.a.condition.OnPropertyCondition    : Condition OnPropertyCondition on org.springframework.boot.autoconfigure.web.servlet.HttpEncodingAutoConfiguration matched due to @ConditionalOnProperty (server.servlet.encoding.enabled) matched
2024-09-10T20:48:08.249+09:00 TRACE 86442 --- [learn-spring-boot] [           main] o.s.b.f.s.DefaultListableBeanFactory     : Returning cached instance of singleton bean 'autoConfigurationReport'
2024-09-10T20:48:08.249+09:00 TRACE 86442 --- [learn-spring-boot] [           main] a.ConfigurationClassBeanDefinitionReader : Registered bean definition for imported class 'org.springframework.boot.autoconfigure.web.servlet.HttpEncodingAutoConfiguration'
2024-09-10T20:48:08.251+09:00 TRACE 86442 --- [learn-spring-boot] [           main] o.s.b.a.condition.OnBeanCondition        : Condition OnBeanCondition on org.springframework.boot.autoconfigure.web.servlet.HttpEncodingAutoConfiguration#characterEncodingFilter matched due to @ConditionalOnMissingBean (types: org.springframework.web.filter.CharacterEncodingFilter; SearchStrategy: all) did not find any beans
2024-09-10T20:48:08.251+09:00 TRACE 86442 --- [learn-spring-boot] [           main] o.s.b.f.s.DefaultListableBeanFactory     : Returning cached instance of singleton bean 'autoConfigurationReport'
2024-09-10T20:48:08.251+09:00 TRACE 86442 --- [learn-spring-boot] [           main] a.ConfigurationClassBeanDefinitionReader : Registering bean definition for @Bean method org.springframework.boot.autoconfigure.web.servlet.HttpEncodingAutoConfiguration.characterEncodingFilter()
2024-09-10T20:48:08.251+09:00 TRACE 86442 --- [learn-spring-boot] [           main] a.ConfigurationClassBeanDefinitionReader : Registering bean definition for @Bean method org.springframework.boot.autoconfigure.web.servlet.HttpEncodingAutoConfiguration.localeCharsetMappingsCustomizer()
2024-09-10T20:48:08.251+09:00 TRACE 86442 --- [learn-spring-boot] [           main] o.s.b.a.condition.OnClassCondition       : Condition OnClassCondition on org.springframework.boot.autoconfigure.web.servlet.MultipartAutoConfiguration matched due to @ConditionalOnClass found required classes 'jakarta.servlet.Servlet', 'org.springframework.web.multipart.support.StandardServletMultipartResolver', 'jakarta.servlet.MultipartConfigElement'
2024-09-10T20:48:08.251+09:00 TRACE 86442 --- [learn-spring-boot] [           main] o.s.b.f.s.DefaultListableBeanFactory     : Returning cached instance of singleton bean 'autoConfigurationReport'
2024-09-10T20:48:08.251+09:00 TRACE 86442 --- [learn-spring-boot] [           main] o.s.b.a.c.OnWebApplicationCondition      : Condition OnWebApplicationCondition on org.springframework.boot.autoconfigure.web.servlet.MultipartAutoConfiguration matched due to found 'session' scope
2024-09-10T20:48:08.251+09:00 TRACE 86442 --- [learn-spring-boot] [           main] o.s.b.f.s.DefaultListableBeanFactory     : Returning cached instance of singleton bean 'autoConfigurationReport'
2024-09-10T20:48:08.251+09:00 TRACE 86442 --- [learn-spring-boot] [           main] o.s.b.a.condition.OnPropertyCondition    : Condition OnPropertyCondition on org.springframework.boot.autoconfigure.web.servlet.MultipartAutoConfiguration matched due to @ConditionalOnProperty (spring.servlet.multipart.enabled) matched
2024-09-10T20:48:08.251+09:00 TRACE 86442 --- [learn-spring-boot] [           main] o.s.b.f.s.DefaultListableBeanFactory     : Returning cached instance of singleton bean 'autoConfigurationReport'
2024-09-10T20:48:08.251+09:00 TRACE 86442 --- [learn-spring-boot] [           main] a.ConfigurationClassBeanDefinitionReader : Registered bean definition for imported class 'org.springframework.boot.autoconfigure.web.servlet.MultipartAutoConfiguration'
2024-09-10T20:48:08.252+09:00 TRACE 86442 --- [learn-spring-boot] [           main] o.s.b.a.condition.OnBeanCondition        : Condition OnBeanCondition on org.springframework.boot.autoconfigure.web.servlet.MultipartAutoConfiguration#multipartConfigElement matched due to @ConditionalOnMissingBean (types: jakarta.servlet.MultipartConfigElement; SearchStrategy: all) did not find any beans
2024-09-10T20:48:08.252+09:00 TRACE 86442 --- [learn-spring-boot] [           main] o.s.b.f.s.DefaultListableBeanFactory     : Returning cached instance of singleton bean 'autoConfigurationReport'
2024-09-10T20:48:08.252+09:00 TRACE 86442 --- [learn-spring-boot] [           main] a.ConfigurationClassBeanDefinitionReader : Registering bean definition for @Bean method org.springframework.boot.autoconfigure.web.servlet.MultipartAutoConfiguration.multipartConfigElement()
2024-09-10T20:48:08.252+09:00 TRACE 86442 --- [learn-spring-boot] [           main] o.s.b.a.condition.OnBeanCondition        : Condition OnBeanCondition on org.springframework.boot.autoconfigure.web.servlet.MultipartAutoConfiguration#multipartResolver matched due to @ConditionalOnMissingBean (types: org.springframework.web.multipart.MultipartResolver; SearchStrategy: all) did not find any beans
2024-09-10T20:48:08.252+09:00 TRACE 86442 --- [learn-spring-boot] [           main] o.s.b.f.s.DefaultListableBeanFactory     : Returning cached instance of singleton bean 'autoConfigurationReport'
2024-09-10T20:48:08.253+09:00 TRACE 86442 --- [learn-spring-boot] [           main] a.ConfigurationClassBeanDefinitionReader : Registering bean definition for @Bean method org.springframework.boot.autoconfigure.web.servlet.MultipartAutoConfiguration.multipartResolver()
2024-09-10T20:48:08.253+09:00 TRACE 86442 --- [learn-spring-boot] [           main] o.s.b.a.a.w.s.OnManagementPortCondition  : Condition OnManagementPortCondition on org.springframework.boot.actuate.autoconfigure.web.server.ManagementContextAutoConfiguration$SameManagementContextConfiguration matched due to Management Port actual port type (SAME) matched required type
2024-09-10T20:48:08.253+09:00 TRACE 86442 --- [learn-spring-boot] [           main] o.s.b.f.s.DefaultListableBeanFactory     : Returning cached instance of singleton bean 'autoConfigurationReport'
2024-09-10T20:48:08.253+09:00 TRACE 86442 --- [learn-spring-boot] [           main] o.s.b.a.c.OnWebApplicationCondition      : Condition OnWebApplicationCondition on org.springframework.boot.actuate.autoconfigure.endpoint.web.ServletEndpointManagementContextConfiguration matched due to found 'session' scope
2024-09-10T20:48:08.253+09:00 TRACE 86442 --- [learn-spring-boot] [           main] o.s.b.f.s.DefaultListableBeanFactory     : Returning cached instance of singleton bean 'autoConfigurationReport'
2024-09-10T20:48:08.253+09:00 TRACE 86442 --- [learn-spring-boot] [           main] o.s.b.a.condition.OnClassCondition       : Condition OnClassCondition on org.springframework.boot.actuate.autoconfigure.endpoint.web.ServletEndpointManagementContextConfiguration$WebMvcServletEndpointManagementContextConfiguration matched due to @ConditionalOnClass found required class 'org.springframework.web.servlet.DispatcherServlet'
2024-09-10T20:48:08.253+09:00 TRACE 86442 --- [learn-spring-boot] [           main] o.s.b.f.s.DefaultListableBeanFactory     : Returning cached instance of singleton bean 'autoConfigurationReport'
2024-09-10T20:48:08.253+09:00 TRACE 86442 --- [learn-spring-boot] [           main] a.ConfigurationClassBeanDefinitionReader : Registered bean definition for imported class 'org.springframework.boot.actuate.autoconfigure.endpoint.web.ServletEndpointManagementContextConfiguration$WebMvcServletEndpointManagementContextConfiguration'
2024-09-10T20:48:08.253+09:00 TRACE 86442 --- [learn-spring-boot] [           main] a.ConfigurationClassBeanDefinitionReader : Registering bean definition for @Bean method org.springframework.boot.actuate.autoconfigure.endpoint.web.ServletEndpointManagementContextConfiguration$WebMvcServletEndpointManagementContextConfiguration.servletEndpointRegistrar()
2024-09-10T20:48:08.253+09:00 TRACE 86442 --- [learn-spring-boot] [           main] a.ConfigurationClassBeanDefinitionReader : Registered bean definition for imported class 'org.springframework.boot.actuate.autoconfigure.endpoint.web.ServletEndpointManagementContextConfiguration'
2024-09-10T20:48:08.253+09:00 TRACE 86442 --- [learn-spring-boot] [           main] a.ConfigurationClassBeanDefinitionReader : Registering bean definition for @Bean method org.springframework.boot.actuate.autoconfigure.endpoint.web.ServletEndpointManagementContextConfiguration.servletExposeExcludePropertyEndpointFilter()
2024-09-10T20:48:08.253+09:00 TRACE 86442 --- [learn-spring-boot] [           main] o.s.b.a.condition.OnClassCondition       : Condition OnClassCondition on org.springframework.boot.actuate.autoconfigure.endpoint.web.servlet.WebMvcEndpointManagementContextConfiguration matched due to @ConditionalOnClass found required class 'org.springframework.web.servlet.DispatcherServlet'
2024-09-10T20:48:08.253+09:00 TRACE 86442 --- [learn-spring-boot] [           main] o.s.b.f.s.DefaultListableBeanFactory     : Returning cached instance of singleton bean 'autoConfigurationReport'
2024-09-10T20:48:08.253+09:00 TRACE 86442 --- [learn-spring-boot] [           main] o.s.b.a.c.OnWebApplicationCondition      : Condition OnWebApplicationCondition on org.springframework.boot.actuate.autoconfigure.endpoint.web.servlet.WebMvcEndpointManagementContextConfiguration matched due to found 'session' scope
2024-09-10T20:48:08.253+09:00 TRACE 86442 --- [learn-spring-boot] [           main] o.s.b.f.s.DefaultListableBeanFactory     : Returning cached instance of singleton bean 'autoConfigurationReport'
2024-09-10T20:48:08.255+09:00 TRACE 86442 --- [learn-spring-boot] [           main] o.s.b.a.condition.OnBeanCondition        : Condition OnBeanCondition on org.springframework.boot.actuate.autoconfigure.endpoint.web.servlet.WebMvcEndpointManagementContextConfiguration matched due to @ConditionalOnBean (types: org.springframework.web.servlet.DispatcherServlet,org.springframework.boot.actuate.endpoint.web.WebEndpointsSupplier; SearchStrategy: all) found beans 'webEndpointDiscoverer', 'dispatcherServlet'
2024-09-10T20:48:08.255+09:00 TRACE 86442 --- [learn-spring-boot] [           main] o.s.b.f.s.DefaultListableBeanFactory     : Returning cached instance of singleton bean 'autoConfigurationReport'
2024-09-10T20:48:08.255+09:00 TRACE 86442 --- [learn-spring-boot] [           main] a.ConfigurationClassBeanDefinitionReader : Registered bean definition for imported class 'org.springframework.boot.actuate.autoconfigure.endpoint.web.servlet.WebMvcEndpointManagementContextConfiguration'
2024-09-10T20:48:08.256+09:00 TRACE 86442 --- [learn-spring-boot] [           main] o.s.b.a.condition.OnBeanCondition        : Condition OnBeanCondition on org.springframework.boot.actuate.autoconfigure.endpoint.web.servlet.WebMvcEndpointManagementContextConfiguration#webEndpointServletHandlerMapping matched due to @ConditionalOnMissingBean (types: org.springframework.boot.actuate.endpoint.web.servlet.WebMvcEndpointHandlerMapping; SearchStrategy: all) did not find any beans
2024-09-10T20:48:08.256+09:00 TRACE 86442 --- [learn-spring-boot] [           main] o.s.b.f.s.DefaultListableBeanFactory     : Returning cached instance of singleton bean 'autoConfigurationReport'
2024-09-10T20:48:08.256+09:00 TRACE 86442 --- [learn-spring-boot] [           main] a.ConfigurationClassBeanDefinitionReader : Registering bean definition for @Bean method org.springframework.boot.actuate.autoconfigure.endpoint.web.servlet.WebMvcEndpointManagementContextConfiguration.webEndpointServletHandlerMapping()
2024-09-10T20:48:08.256+09:00 TRACE 86442 --- [learn-spring-boot] [           main] o.s.b.a.a.w.s.OnManagementPortCondition  : Condition OnManagementPortCondition on org.springframework.boot.actuate.autoconfigure.endpoint.web.servlet.WebMvcEndpointManagementContextConfiguration#managementHealthEndpointWebMvcHandlerMapping did not match due to Management Port actual port type (SAME) did not match required type (DIFFERENT)
2024-09-10T20:48:08.256+09:00 TRACE 86442 --- [learn-spring-boot] [           main] o.s.b.f.s.DefaultListableBeanFactory     : Returning cached instance of singleton bean 'autoConfigurationReport'
2024-09-10T20:48:08.257+09:00 TRACE 86442 --- [learn-spring-boot] [           main] o.s.b.a.condition.OnBeanCondition        : Condition OnBeanCondition on org.springframework.boot.actuate.autoconfigure.endpoint.web.servlet.WebMvcEndpointManagementContextConfiguration#controllerEndpointHandlerMapping matched due to @ConditionalOnMissingBean (types: org.springframework.boot.actuate.endpoint.web.servlet.ControllerEndpointHandlerMapping; SearchStrategy: all) did not find any beans
2024-09-10T20:48:08.257+09:00 TRACE 86442 --- [learn-spring-boot] [           main] o.s.b.f.s.DefaultListableBeanFactory     : Returning cached instance of singleton bean 'autoConfigurationReport'
2024-09-10T20:48:08.257+09:00 TRACE 86442 --- [learn-spring-boot] [           main] a.ConfigurationClassBeanDefinitionReader : Registering bean definition for @Bean method org.springframework.boot.actuate.autoconfigure.endpoint.web.servlet.WebMvcEndpointManagementContextConfiguration.controllerEndpointHandlerMapping()
2024-09-10T20:48:08.258+09:00 TRACE 86442 --- [learn-spring-boot] [           main] o.s.b.a.condition.OnBeanCondition        : Condition OnBeanCondition on org.springframework.boot.actuate.autoconfigure.endpoint.web.servlet.WebMvcEndpointManagementContextConfiguration#endpointObjectMapperWebMvcConfigurer matched due to @ConditionalOnBean (types: org.springframework.boot.actuate.endpoint.jackson.EndpointObjectMapper; SearchStrategy: all) found bean 'endpointObjectMapper'
2024-09-10T20:48:08.258+09:00 TRACE 86442 --- [learn-spring-boot] [           main] o.s.b.f.s.DefaultListableBeanFactory     : Returning cached instance of singleton bean 'autoConfigurationReport'
2024-09-10T20:48:08.258+09:00 TRACE 86442 --- [learn-spring-boot] [           main] a.ConfigurationClassBeanDefinitionReader : Registering bean definition for @Bean method org.springframework.boot.actuate.autoconfigure.endpoint.web.servlet.WebMvcEndpointManagementContextConfiguration.endpointObjectMapperWebMvcConfigurer()
2024-09-10T20:48:08.258+09:00 TRACE 86442 --- [learn-spring-boot] [           main] a.ConfigurationClassBeanDefinitionReader : Registered bean definition for imported class 'org.springframework.boot.actuate.autoconfigure.web.server.ManagementContextAutoConfiguration$SameManagementContextConfiguration$EnableSameManagementContextConfiguration'
2024-09-10T20:48:08.258+09:00 TRACE 86442 --- [learn-spring-boot] [           main] a.ConfigurationClassBeanDefinitionReader : Registered bean definition for imported class 'org.springframework.boot.actuate.autoconfigure.web.server.ManagementContextAutoConfiguration$SameManagementContextConfiguration'
2024-09-10T20:48:08.258+09:00 TRACE 86442 --- [learn-spring-boot] [           main] a.ConfigurationClassBeanDefinitionReader : Registered bean definition for imported class 'org.springframework.boot.actuate.autoconfigure.web.server.ManagementContextAutoConfiguration'
2024-09-10T20:48:08.305+09:00 TRACE 86442 --- [learn-spring-boot] [           main] o.s.c.a.ConfigurationClassEnhancer       : Successfully enhanced com.in28minutes.springboot.learn_spring_boot.LearnSpringBootApplication; enhanced class name is: com.in28minutes.springboot.learn_spring_boot.LearnSpringBootApplication$$SpringCGLIB$$0
2024-09-10T20:48:08.306+09:00 TRACE 86442 --- [learn-spring-boot] [           main] o.s.c.a.ConfigurationClassPostProcessor  : Replacing bean definition 'learnSpringBootApplication' existing class 'com.in28minutes.springboot.learn_spring_boot.LearnSpringBootApplication' with enhanced class 'com.in28minutes.springboot.learn_spring_boot.LearnSpringBootApplication$$SpringCGLIB$$0'
2024-09-10T20:48:08.306+09:00 DEBUG 86442 --- [learn-spring-boot] [           main] o.s.b.f.s.DefaultListableBeanFactory     : Creating shared instance of singleton bean 'propertySourcesPlaceholderConfigurer'
2024-09-10T20:48:08.306+09:00 TRACE 86442 --- [learn-spring-boot] [           main] o.s.b.f.s.DefaultListableBeanFactory     : Creating instance of bean 'propertySourcesPlaceholderConfigurer'
2024-09-10T20:48:08.309+09:00 TRACE 86442 --- [learn-spring-boot] [           main] o.s.b.f.s.DefaultListableBeanFactory     : Finished creating instance of bean 'propertySourcesPlaceholderConfigurer'
2024-09-10T20:48:08.312+09:00 DEBUG 86442 --- [learn-spring-boot] [           main] o.s.b.f.s.DefaultListableBeanFactory     : Creating shared instance of singleton bean 'org.springframework.boot.test.mock.mockito.MockitoPostProcessor'
2024-09-10T20:48:08.312+09:00 TRACE 86442 --- [learn-spring-boot] [           main] o.s.b.f.s.DefaultListableBeanFactory     : Creating instance of bean 'org.springframework.boot.test.mock.mockito.MockitoPostProcessor'
2024-09-10T20:48:08.315+09:00 TRACE 86442 --- [learn-spring-boot] [           main] o.s.b.f.s.DefaultListableBeanFactory     : Finished creating instance of bean 'org.springframework.boot.test.mock.mockito.MockitoPostProcessor'
2024-09-10T20:48:08.315+09:00 DEBUG 86442 --- [learn-spring-boot] [           main] o.s.b.f.s.DefaultListableBeanFactory     : Creating shared instance of singleton bean 'org.springframework.boot.sql.init.dependency.DatabaseInitializationDependencyConfigurer$DependsOnDatabaseInitializationPostProcessor'
2024-09-10T20:48:08.315+09:00 TRACE 86442 --- [learn-spring-boot] [           main] o.s.b.f.s.DefaultListableBeanFactory     : Creating instance of bean 'org.springframework.boot.sql.init.dependency.DatabaseInitializationDependencyConfigurer$DependsOnDatabaseInitializationPostProcessor'
2024-09-10T20:48:08.315+09:00 TRACE 86442 --- [learn-spring-boot] [           main] o.s.b.f.s.DefaultListableBeanFactory     : Finished creating instance of bean 'org.springframework.boot.sql.init.dependency.DatabaseInitializationDependencyConfigurer$DependsOnDatabaseInitializationPostProcessor'
2024-09-10T20:48:08.315+09:00 TRACE 86442 --- [learn-spring-boot] [           main] o.s.c.io.support.SpringFactoriesLoader   : Loaded [org.springframework.boot.sql.init.dependency.DatabaseInitializerDetector] names: [org.springframework.boot.flyway.FlywayDatabaseInitializerDetector, org.springframework.boot.jdbc.init.DataSourceScriptDatabaseInitializerDetector, org.springframework.boot.liquibase.LiquibaseDatabaseInitializerDetector, org.springframework.boot.orm.jpa.JpaDatabaseInitializerDetector, org.springframework.boot.r2dbc.init.R2dbcScriptDatabaseInitializerDetector, org.springframework.boot.autoconfigure.flyway.FlywayMigrationInitializerDatabaseInitializerDetector]
2024-09-10T20:48:08.334+09:00 DEBUG 86442 --- [learn-spring-boot] [           main] o.s.b.f.s.DefaultListableBeanFactory     : Creating shared instance of singleton bean 'org.springframework.context.event.internalEventListenerProcessor'
2024-09-10T20:48:08.334+09:00 TRACE 86442 --- [learn-spring-boot] [           main] o.s.b.f.s.DefaultListableBeanFactory     : Creating instance of bean 'org.springframework.context.event.internalEventListenerProcessor'
2024-09-10T20:48:08.334+09:00 TRACE 86442 --- [learn-spring-boot] [           main] o.s.b.f.s.DefaultListableBeanFactory     : Finished creating instance of bean 'org.springframework.context.event.internalEventListenerProcessor'
2024-09-10T20:48:08.334+09:00 DEBUG 86442 --- [learn-spring-boot] [           main] o.s.b.f.s.DefaultListableBeanFactory     : Creating shared instance of singleton bean 'preserveErrorControllerTargetClassPostProcessor'
2024-09-10T20:48:08.334+09:00 TRACE 86442 --- [learn-spring-boot] [           main] o.s.b.f.s.DefaultListableBeanFactory     : Creating instance of bean 'preserveErrorControllerTargetClassPostProcessor'
2024-09-10T20:48:08.335+09:00 TRACE 86442 --- [learn-spring-boot] [           main] o.s.b.f.s.DefaultListableBeanFactory     : Finished creating instance of bean 'preserveErrorControllerTargetClassPostProcessor'
2024-09-10T20:48:08.335+09:00 DEBUG 86442 --- [learn-spring-boot] [           main] o.s.b.f.s.DefaultListableBeanFactory     : Creating shared instance of singleton bean 'forceAutoProxyCreatorToUseClassProxying'
2024-09-10T20:48:08.335+09:00 TRACE 86442 --- [learn-spring-boot] [           main] o.s.b.f.s.DefaultListableBeanFactory     : Creating instance of bean 'forceAutoProxyCreatorToUseClassProxying'
2024-09-10T20:48:08.335+09:00 TRACE 86442 --- [learn-spring-boot] [           main] o.s.b.f.s.DefaultListableBeanFactory     : Finished creating instance of bean 'forceAutoProxyCreatorToUseClassProxying'
2024-09-10T20:48:08.335+09:00 DEBUG 86442 --- [learn-spring-boot] [           main] o.s.b.f.s.DefaultListableBeanFactory     : Creating shared instance of singleton bean 'org.springframework.context.event.internalEventListenerFactory'
2024-09-10T20:48:08.335+09:00 TRACE 86442 --- [learn-spring-boot] [           main] o.s.b.f.s.DefaultListableBeanFactory     : Creating instance of bean 'org.springframework.context.event.internalEventListenerFactory'
2024-09-10T20:48:08.335+09:00 TRACE 86442 --- [learn-spring-boot] [           main] o.s.b.f.s.DefaultListableBeanFactory     : Finished creating instance of bean 'org.springframework.context.event.internalEventListenerFactory'
2024-09-10T20:48:08.339+09:00 DEBUG 86442 --- [learn-spring-boot] [           main] o.s.b.f.s.DefaultListableBeanFactory     : Creating shared instance of singleton bean 'org.springframework.boot.test.mock.mockito.MockitoPostProcessor$SpyPostProcessor'
2024-09-10T20:48:08.339+09:00 TRACE 86442 --- [learn-spring-boot] [           main] o.s.b.f.s.DefaultListableBeanFactory     : Creating instance of bean 'org.springframework.boot.test.mock.mockito.MockitoPostProcessor$SpyPostProcessor'
2024-09-10T20:48:08.339+09:00 TRACE 86442 --- [learn-spring-boot] [           main] o.s.b.f.s.DefaultListableBeanFactory     : Returning cached instance of singleton bean 'org.springframework.boot.test.mock.mockito.MockitoPostProcessor'
2024-09-10T20:48:08.339+09:00 TRACE 86442 --- [learn-spring-boot] [           main] o.s.b.f.s.DefaultListableBeanFactory     : Finished creating instance of bean 'org.springframework.boot.test.mock.mockito.MockitoPostProcessor$SpyPostProcessor'
2024-09-10T20:48:08.340+09:00 DEBUG 86442 --- [learn-spring-boot] [           main] o.s.b.f.s.DefaultListableBeanFactory     : Creating shared instance of singleton bean 'org.springframework.context.annotation.internalAutowiredAnnotationProcessor'
2024-09-10T20:48:08.340+09:00 TRACE 86442 --- [learn-spring-boot] [           main] o.s.b.f.s.DefaultListableBeanFactory     : Creating instance of bean 'org.springframework.context.annotation.internalAutowiredAnnotationProcessor'
2024-09-10T20:48:08.340+09:00 TRACE 86442 --- [learn-spring-boot] [           main] o.s.b.f.s.DefaultListableBeanFactory     : Finished creating instance of bean 'org.springframework.context.annotation.internalAutowiredAnnotationProcessor'
2024-09-10T20:48:08.340+09:00 DEBUG 86442 --- [learn-spring-boot] [           main] o.s.b.f.s.DefaultListableBeanFactory     : Creating shared instance of singleton bean 'org.springframework.context.annotation.internalCommonAnnotationProcessor'
2024-09-10T20:48:08.340+09:00 TRACE 86442 --- [learn-spring-boot] [           main] o.s.b.f.s.DefaultListableBeanFactory     : Creating instance of bean 'org.springframework.context.annotation.internalCommonAnnotationProcessor'
2024-09-10T20:48:08.343+09:00 TRACE 86442 --- [learn-spring-boot] [           main] o.s.b.f.s.DefaultListableBeanFactory     : Finished creating instance of bean 'org.springframework.context.annotation.internalCommonAnnotationProcessor'
2024-09-10T20:48:08.343+09:00 DEBUG 86442 --- [learn-spring-boot] [           main] o.s.b.f.s.DefaultListableBeanFactory     : Creating shared instance of singleton bean 'org.springframework.boot.context.properties.ConfigurationPropertiesBindingPostProcessor'
2024-09-10T20:48:08.343+09:00 TRACE 86442 --- [learn-spring-boot] [           main] o.s.b.f.s.DefaultListableBeanFactory     : Creating instance of bean 'org.springframework.boot.context.properties.ConfigurationPropertiesBindingPostProcessor'
2024-09-10T20:48:08.343+09:00 TRACE 86442 --- [learn-spring-boot] [           main] o.s.b.f.s.DefaultListableBeanFactory     : Invoking afterPropertiesSet() on bean with name 'org.springframework.boot.context.properties.ConfigurationPropertiesBindingPostProcessor'
2024-09-10T20:48:08.343+09:00 DEBUG 86442 --- [learn-spring-boot] [           main] o.s.b.f.s.DefaultListableBeanFactory     : Creating shared instance of singleton bean 'org.springframework.boot.context.internalConfigurationPropertiesBinder'
2024-09-10T20:48:08.343+09:00 TRACE 86442 --- [learn-spring-boot] [           main] o.s.b.f.s.DefaultListableBeanFactory     : Creating instance of bean 'org.springframework.boot.context.internalConfigurationPropertiesBinder'
2024-09-10T20:48:08.343+09:00 TRACE 86442 --- [learn-spring-boot] [           main] o.s.b.f.s.DefaultListableBeanFactory     : Returning cached instance of singleton bean 'propertySourcesPlaceholderConfigurer'
2024-09-10T20:48:08.344+09:00 TRACE 86442 --- [learn-spring-boot] [           main] o.s.b.f.s.DefaultListableBeanFactory     : Finished creating instance of bean 'org.springframework.boot.context.internalConfigurationPropertiesBinder'
2024-09-10T20:48:08.344+09:00 TRACE 86442 --- [learn-spring-boot] [           main] o.s.b.f.s.DefaultListableBeanFactory     : Finished creating instance of bean 'org.springframework.boot.context.properties.ConfigurationPropertiesBindingPostProcessor'
2024-09-10T20:48:08.344+09:00 TRACE 86442 --- [learn-spring-boot] [           main] o.s.b.f.s.DefaultListableBeanFactory     : Returning cached instance of singleton bean 'org.springframework.boot.test.mock.mockito.MockitoPostProcessor'
2024-09-10T20:48:08.344+09:00 DEBUG 86442 --- [learn-spring-boot] [           main] o.s.b.f.s.DefaultListableBeanFactory     : Creating shared instance of singleton bean 'org.springframework.aop.config.internalAutoProxyCreator'
2024-09-10T20:48:08.344+09:00 TRACE 86442 --- [learn-spring-boot] [           main] o.s.b.f.s.DefaultListableBeanFactory     : Creating instance of bean 'org.springframework.aop.config.internalAutoProxyCreator'
2024-09-10T20:48:08.348+09:00 TRACE 86442 --- [learn-spring-boot] [           main] o.s.beans.CachedIntrospectionResults     : Getting BeanInfo for class [org.springframework.aop.framework.autoproxy.InfrastructureAdvisorAutoProxyCreator]
2024-09-10T20:48:08.349+09:00 TRACE 86442 --- [learn-spring-boot] [           main] o.s.beans.CachedIntrospectionResults     : Caching PropertyDescriptors for class [org.springframework.aop.framework.autoproxy.InfrastructureAdvisorAutoProxyCreator]
2024-09-10T20:48:08.349+09:00 TRACE 86442 --- [learn-spring-boot] [           main] o.s.beans.CachedIntrospectionResults     : Found bean property 'advisorAdapterRegistry' of type [org.springframework.aop.framework.adapter.AdvisorAdapterRegistry]
2024-09-10T20:48:08.349+09:00 TRACE 86442 --- [learn-spring-boot] [           main] o.s.beans.CachedIntrospectionResults     : Found bean property 'applyCommonInterceptorsFirst' of type [boolean]
2024-09-10T20:48:08.349+09:00 TRACE 86442 --- [learn-spring-boot] [           main] o.s.beans.CachedIntrospectionResults     : Found bean property 'beanClassLoader' of type [java.lang.ClassLoader]
2024-09-10T20:48:08.349+09:00 TRACE 86442 --- [learn-spring-boot] [           main] o.s.beans.CachedIntrospectionResults     : Found bean property 'beanFactory' of type [org.springframework.beans.factory.BeanFactory]
2024-09-10T20:48:08.349+09:00 TRACE 86442 --- [learn-spring-boot] [           main] o.s.beans.CachedIntrospectionResults     : Found bean property 'class' of type [java.lang.Class]
2024-09-10T20:48:08.349+09:00 TRACE 86442 --- [learn-spring-boot] [           main] o.s.beans.CachedIntrospectionResults     : Found bean property 'customTargetSourceCreators' of type [[Lorg.springframework.aop.framework.autoproxy.TargetSourceCreator;]
2024-09-10T20:48:08.349+09:00 TRACE 86442 --- [learn-spring-boot] [           main] o.s.beans.CachedIntrospectionResults     : Found bean property 'exposeProxy' of type [boolean]
2024-09-10T20:48:08.349+09:00 TRACE 86442 --- [learn-spring-boot] [           main] o.s.beans.CachedIntrospectionResults     : Found bean property 'frozen' of type [boolean]
2024-09-10T20:48:08.349+09:00 TRACE 86442 --- [learn-spring-boot] [           main] o.s.beans.CachedIntrospectionResults     : Found bean property 'interceptorNames' of type [[Ljava.lang.String;]
2024-09-10T20:48:08.349+09:00 TRACE 86442 --- [learn-spring-boot] [           main] o.s.beans.CachedIntrospectionResults     : Found bean property 'opaque' of type [boolean]
2024-09-10T20:48:08.349+09:00 TRACE 86442 --- [learn-spring-boot] [           main] o.s.beans.CachedIntrospectionResults     : Found bean property 'optimize' of type [boolean]
2024-09-10T20:48:08.349+09:00 TRACE 86442 --- [learn-spring-boot] [           main] o.s.beans.CachedIntrospectionResults     : Found bean property 'order' of type [int]
2024-09-10T20:48:08.349+09:00 TRACE 86442 --- [learn-spring-boot] [           main] o.s.beans.CachedIntrospectionResults     : Found bean property 'proxyClassLoader' of type [java.lang.ClassLoader]
2024-09-10T20:48:08.349+09:00 TRACE 86442 --- [learn-spring-boot] [           main] o.s.beans.CachedIntrospectionResults     : Found bean property 'proxyTargetClass' of type [boolean]
2024-09-10T20:48:08.352+09:00 TRACE 86442 --- [learn-spring-boot] [           main] o.s.b.f.s.DefaultListableBeanFactory     : Finished creating instance of bean 'org.springframework.aop.config.internalAutoProxyCreator'
2024-09-10T20:48:08.352+09:00 DEBUG 86442 --- [learn-spring-boot] [           main] o.s.b.f.s.DefaultListableBeanFactory     : Creating shared instance of singleton bean 'webServerFactoryCustomizerBeanPostProcessor'
2024-09-10T20:48:08.352+09:00 TRACE 86442 --- [learn-spring-boot] [           main] o.s.b.f.s.DefaultListableBeanFactory     : Creating instance of bean 'webServerFactoryCustomizerBeanPostProcessor'
2024-09-10T20:48:08.352+09:00 TRACE 86442 --- [learn-spring-boot] [           main] o.s.b.f.s.DefaultListableBeanFactory     : Finished creating instance of bean 'webServerFactoryCustomizerBeanPostProcessor'
2024-09-10T20:48:08.352+09:00 DEBUG 86442 --- [learn-spring-boot] [           main] o.s.b.f.s.DefaultListableBeanFactory     : Creating shared instance of singleton bean 'errorPageRegistrarBeanPostProcessor'
2024-09-10T20:48:08.352+09:00 TRACE 86442 --- [learn-spring-boot] [           main] o.s.b.f.s.DefaultListableBeanFactory     : Creating instance of bean 'errorPageRegistrarBeanPostProcessor'
2024-09-10T20:48:08.352+09:00 TRACE 86442 --- [learn-spring-boot] [           main] o.s.b.f.s.DefaultListableBeanFactory     : Finished creating instance of bean 'errorPageRegistrarBeanPostProcessor'
2024-09-10T20:48:08.352+09:00 DEBUG 86442 --- [learn-spring-boot] [           main] o.s.b.f.s.DefaultListableBeanFactory     : Creating shared instance of singleton bean 'healthEndpointGroupsBeanPostProcessor'
2024-09-10T20:48:08.352+09:00 TRACE 86442 --- [learn-spring-boot] [           main] o.s.b.f.s.DefaultListableBeanFactory     : Creating instance of bean 'healthEndpointGroupsBeanPostProcessor'
2024-09-10T20:48:08.354+09:00 TRACE 86442 --- [learn-spring-boot] [           main] o.s.b.f.s.DefaultListableBeanFactory     : Finished creating instance of bean 'healthEndpointGroupsBeanPostProcessor'
2024-09-10T20:48:08.354+09:00 DEBUG 86442 --- [learn-spring-boot] [           main] o.s.b.f.s.DefaultListableBeanFactory     : Creating shared instance of singleton bean 'meterRegistryPostProcessor'
2024-09-10T20:48:08.354+09:00 TRACE 86442 --- [learn-spring-boot] [           main] o.s.b.f.s.DefaultListableBeanFactory     : Creating instance of bean 'meterRegistryPostProcessor'
2024-09-10T20:48:08.355+09:00 DEBUG 86442 --- [learn-spring-boot] [           main] o.s.b.f.s.DefaultListableBeanFactory     : Autowiring by type from bean name 'meterRegistryPostProcessor' via factory method to bean named 'org.springframework.web.context.support.GenericWebApplicationContext@61a5b4ae'
2024-09-10T20:48:08.356+09:00 TRACE 86442 --- [learn-spring-boot] [           main] o.s.b.f.s.DefaultListableBeanFactory     : Finished creating instance of bean 'meterRegistryPostProcessor'
2024-09-10T20:48:08.356+09:00 DEBUG 86442 --- [learn-spring-boot] [           main] o.s.b.f.s.DefaultListableBeanFactory     : Creating shared instance of singleton bean 'observationRegistryPostProcessor'
2024-09-10T20:48:08.356+09:00 TRACE 86442 --- [learn-spring-boot] [           main] o.s.b.f.s.DefaultListableBeanFactory     : Creating instance of bean 'observationRegistryPostProcessor'
2024-09-10T20:48:08.358+09:00 TRACE 86442 --- [learn-spring-boot] [           main] o.s.b.f.s.DefaultListableBeanFactory     : Finished creating instance of bean 'observationRegistryPostProcessor'
2024-09-10T20:48:08.358+09:00 TRACE 86442 --- [learn-spring-boot] [           main] o.s.b.f.s.DefaultListableBeanFactory     : Returning cached instance of singleton bean 'org.springframework.boot.test.web.reactor.netty.DisableReactorResourceFactoryGlobalResourcesBeanPostProcessor'
2024-09-10T20:48:08.358+09:00 TRACE 86442 --- [learn-spring-boot] [           main] o.s.b.f.s.DefaultListableBeanFactory     : Returning cached instance of singleton bean 'org.springframework.boot.test.autoconfigure.properties.PropertyMappingContextCustomizer$PropertyMappingCheckBeanPostProcessor'
2024-09-10T20:48:08.358+09:00 TRACE 86442 --- [learn-spring-boot] [           main] o.s.w.c.s.GenericWebApplicationContext   : No 'messageSource' bean, using [Empty MessageSource]
2024-09-10T20:48:08.359+09:00 TRACE 86442 --- [learn-spring-boot] [           main] o.s.w.c.s.GenericWebApplicationContext   : No 'applicationEventMulticaster' bean, using [SimpleApplicationEventMulticaster]
2024-09-10T20:48:08.359+09:00 DEBUG 86442 --- [learn-spring-boot] [           main] o.s.u.c.s.UiApplicationContextUtils      : Unable to locate ThemeSource with name 'themeSource': using default [org.springframework.ui.context.support.ResourceBundleThemeSource@3679d92e]
2024-09-10T20:48:08.360+09:00 DEBUG 86442 --- [learn-spring-boot] [           main] o.s.b.f.s.DefaultListableBeanFactory     : Creating shared instance of singleton bean 'org.springframework.test.context.support.DynamicPropertiesContextCustomizer.dynamicPropertySourceBeanInitializer'
2024-09-10T20:48:08.360+09:00 TRACE 86442 --- [learn-spring-boot] [           main] o.s.b.f.s.DefaultListableBeanFactory     : Creating instance of bean 'org.springframework.test.context.support.DynamicPropertiesContextCustomizer.dynamicPropertySourceBeanInitializer'
2024-09-10T20:48:08.360+09:00 TRACE 86442 --- [learn-spring-boot] [           main] o.s.b.f.s.DefaultListableBeanFactory     : Finished creating instance of bean 'org.springframework.test.context.support.DynamicPropertiesContextCustomizer.dynamicPropertySourceBeanInitializer'
2024-09-10T20:48:08.368+09:00 TRACE 86442 --- [learn-spring-boot] [           main] o.s.b.f.s.DefaultListableBeanFactory     : Pre-instantiating singletons in org.springframework.beans.factory.support.DefaultListableBeanFactory@49096b06: defining beans [org.springframework.boot.test.mock.mockito.MockitoPostProcessor$SpyPostProcessor,org.springframework.boot.test.mock.mockito.MockitoPostProcessor,org.springframework.test.context.support.DynamicPropertiesContextCustomizer.dynamicPropertySourceBeanInitializer,org.springframework.context.annotation.internalConfigurationAnnotationProcessor,org.springframework.context.annotation.internalAutowiredAnnotationProcessor,org.springframework.context.annotation.internalCommonAnnotationProcessor,org.springframework.context.event.internalEventListenerProcessor,org.springframework.context.event.internalEventListenerFactory,learnSpringBootApplication,org.springframework.boot.autoconfigure.internalCachingMetadataReaderFactory,courseController,currencyConfigurationController,currencyServiceConfiguration,org.springframework.boot.autoconfigure.AutoConfigurationPackages,org.springframework.boot.autoconfigure.context.PropertyPlaceholderAutoConfiguration,propertySourcesPlaceholderConfigurer,org.springframework.boot.autoconfigure.ssl.SslAutoConfiguration,fileWatcher,sslPropertiesSslBundleRegistrar,sslBundleRegistry,org.springframework.boot.context.properties.ConfigurationPropertiesBindingPostProcessor,org.springframework.boot.context.internalConfigurationPropertiesBinder,org.springframework.boot.context.properties.BoundConfigurationProperties,org.springframework.boot.context.properties.EnableConfigurationPropertiesRegistrar.methodValidationExcludeFilter,spring.ssl-org.springframework.boot.autoconfigure.ssl.SslProperties,org.springframework.boot.autoconfigure.websocket.servlet.WebSocketServletAutoConfiguration$TomcatWebSocketConfiguration,websocketServletWebServerCustomizer,org.springframework.boot.autoconfigure.websocket.servlet.WebSocketServletAutoConfiguration,org.springframework.boot.autoconfigure.web.servlet.ServletWebServerFactoryConfiguration$EmbeddedTomcat,tomcatServletWebServerFactory,org.springframework.boot.autoconfigure.web.servlet.ServletWebServerFactoryAutoConfiguration,servletWebServerFactoryCustomizer,tomcatServletWebServerFactoryCustomizer,server-org.springframework.boot.autoconfigure.web.ServerProperties,webServerFactoryCustomizerBeanPostProcessor,errorPageRegistrarBeanPostProcessor,org.springframework.boot.autoconfigure.web.servlet.DispatcherServletAutoConfiguration$DispatcherServletConfiguration,dispatcherServlet,spring.mvc-org.springframework.boot.autoconfigure.web.servlet.WebMvcProperties,org.springframework.boot.autoconfigure.web.servlet.DispatcherServletAutoConfiguration$DispatcherServletRegistrationConfiguration,dispatcherServletRegistration,org.springframework.boot.autoconfigure.web.servlet.DispatcherServletAutoConfiguration,org.springframework.boot.autoconfigure.task.TaskExecutorConfigurations$ThreadPoolTaskExecutorBuilderConfiguration,threadPoolTaskExecutorBuilder,org.springframework.boot.autoconfigure.task.TaskExecutorConfigurations$SimpleAsyncTaskExecutorBuilderConfiguration,simpleAsyncTaskExecutorBuilder,org.springframework.boot.autoconfigure.task.TaskExecutorConfigurations$TaskExecutorConfiguration,applicationTaskExecutor,org.springframework.boot.autoconfigure.task.TaskExecutionAutoConfiguration,spring.task.execution-org.springframework.boot.autoconfigure.task.TaskExecutionProperties,org.springframework.boot.autoconfigure.web.servlet.error.ErrorMvcAutoConfiguration$WhitelabelErrorViewConfiguration,error,beanNameViewResolver,org.springframework.boot.autoconfigure.web.servlet.error.ErrorMvcAutoConfiguration$DefaultErrorViewResolverConfiguration,conventionErrorViewResolver,spring.web-org.springframework.boot.autoconfigure.web.WebProperties,org.springframework.boot.autoconfigure.web.servlet.error.ErrorMvcAutoConfiguration,errorAttributes,basicErrorController,errorPageCustomizer,preserveErrorControllerTargetClassPostProcessor,org.springframework.boot.autoconfigure.web.servlet.WebMvcAutoConfiguration$EnableWebMvcConfiguration,welcomePageHandlerMapping,welcomePageNotAcceptableHandlerMapping,localeResolver,themeResolver,flashMapManager,viewNameTranslator,mvcConversionService,mvcValidator,mvcContentNegotiationManager,requestMappingHandlerMapping,mvcPatternParser,mvcUrlPathHelper,mvcPathMatcher,viewControllerHandlerMapping,beanNameHandlerMapping,routerFunctionMapping,resourceHandlerMapping,mvcResourceUrlProvider,defaultServletHandlerMapping,requestMappingHandlerAdapter,handlerFunctionAdapter,mvcUriComponentsContributor,httpRequestHandlerAdapter,simpleControllerHandlerAdapter,handlerExceptionResolver,mvcViewResolver,mvcHandlerMappingIntrospector,org.springframework.boot.autoconfigure.web.servlet.WebMvcAutoConfiguration$WebMvcAutoConfigurationAdapter,defaultViewResolver,viewResolver,requestContextFilter,org.springframework.boot.autoconfigure.web.servlet.WebMvcAutoConfiguration,formContentFilter,org.springframework.boot.autoconfigure.availability.ApplicationAvailabilityAutoConfiguration,applicationAvailability,org.springframework.boot.actuate.autoconfigure.availability.AvailabilityHealthContributorAutoConfiguration,org.springframework.boot.autoconfigure.jackson.JacksonAutoConfiguration$Jackson2ObjectMapperBuilderCustomizerConfiguration,standardJacksonObjectMapperBuilderCustomizer,spring.jackson-org.springframework.boot.autoconfigure.jackson.JacksonProperties,org.springframework.boot.autoconfigure.jackson.JacksonAutoConfiguration$JacksonObjectMapperBuilderConfiguration,jacksonObjectMapperBuilder,org.springframework.boot.autoconfigure.jackson.JacksonAutoConfiguration$ParameterNamesModuleConfiguration,parameterNamesModule,org.springframework.boot.autoconfigure.jackson.JacksonAutoConfiguration$JacksonObjectMapperConfiguration,jacksonObjectMapper,org.springframework.boot.autoconfigure.jackson.JacksonAutoConfiguration$JacksonMixinConfiguration,jsonMixinModuleEntries,jsonMixinModule,org.springframework.boot.autoconfigure.jackson.JacksonAutoConfiguration,jsonComponentModule,org.springframework.boot.actuate.autoconfigure.health.HealthEndpointConfiguration,healthStatusAggregator,healthHttpCodeStatusMapper,healthEndpointGroups,healthContributorRegistry,healthEndpointGroupMembershipValidator,healthEndpoint,healthEndpointGroupsBeanPostProcessor,org.springframework.boot.actuate.autoconfigure.health.HealthEndpointWebExtensionConfiguration$MvcAdditionalHealthEndpointPathsConfiguration,healthEndpointWebMvcHandlerMapping,org.springframework.boot.actuate.autoconfigure.health.HealthEndpointWebExtensionConfiguration,healthEndpointWebExtension,org.springframework.boot.actuate.autoconfigure.health.HealthEndpointAutoConfiguration,management.endpoint.health-org.springframework.boot.actuate.autoconfigure.health.HealthEndpointProperties,org.springframework.boot.autoconfigure.info.ProjectInfoAutoConfiguration,spring.info-org.springframework.boot.autoconfigure.info.ProjectInfoProperties,org.springframework.boot.actuate.autoconfigure.info.InfoContributorAutoConfiguration,management.health.ssl-org.springframework.boot.actuate.autoconfigure.ssl.SslHealthIndicatorProperties,management.info-org.springframework.boot.actuate.autoconfigure.info.InfoContributorProperties,org.springframework.boot.actuate.autoconfigure.web.servlet.ServletManagementContextAutoConfiguration,servletWebChildContextFactory,managementServletContext,org.springframework.boot.actuate.autoconfigure.endpoint.EndpointAutoConfiguration,endpointOperationParameterMapper,endpointCachingOperationInvokerAdvisor,org.springframework.boot.actuate.autoconfigure.endpoint.jackson.JacksonEndpointAutoConfiguration,endpointObjectMapper,org.springframework.boot.actuate.autoconfigure.endpoint.web.WebEndpointAutoConfiguration$WebEndpointServletConfiguration,servletEndpointDiscoverer,org.springframework.boot.actuate.autoconfigure.endpoint.web.WebEndpointAutoConfiguration,webEndpointPathMapper,endpointMediaTypes,webEndpointDiscoverer,controllerEndpointDiscoverer,pathMappedEndpoints,webExposeExcludePropertyEndpointFilter,controllerExposeExcludePropertyEndpointFilter,management.endpoints.web-org.springframework.boot.actuate.autoconfigure.endpoint.web.WebEndpointProperties,org.springframework.boot.actuate.autoconfigure.ssl.SslHealthContributorAutoConfiguration,sslHealthIndicator,sslInfo,org.springframework.boot.actuate.autoconfigure.system.DiskSpaceHealthContributorAutoConfiguration,diskSpaceHealthIndicator,management.health.diskspace-org.springframework.boot.actuate.autoconfigure.system.DiskSpaceHealthIndicatorProperties,org.springframework.boot.actuate.autoconfigure.health.HealthContributorAutoConfiguration,pingHealthContributor,org.springframework.boot.actuate.autoconfigure.metrics.MetricsAutoConfiguration,micrometerClock,meterRegistryPostProcessor,propertiesMeterFilter,meterRegistryCloser,management.metrics-org.springframework.boot.actuate.autoconfigure.metrics.MetricsProperties,org.springframework.boot.actuate.autoconfigure.metrics.export.simple.SimpleMetricsExportAutoConfiguration,simpleMeterRegistry,simpleConfig,management.simple.metrics.export-org.springframework.boot.actuate.autoconfigure.metrics.export.simple.SimpleProperties,org.springframework.boot.actuate.autoconfigure.metrics.CompositeMeterRegistryAutoConfiguration,org.springframework.boot.actuate.autoconfigure.metrics.JvmMetricsAutoConfiguration,jvmGcMetrics,jvmHeapPressureMetrics,jvmMemoryMetrics,jvmThreadMetrics,classLoaderMetrics,jvmInfoMetrics,jvmCompilationMetrics,org.springframework.boot.actuate.autoconfigure.metrics.LogbackMetricsAutoConfiguration,logbackMetrics,org.springframework.boot.actuate.autoconfigure.metrics.SystemMetricsAutoConfiguration,uptimeMetrics,processorMetrics,fileDescriptorMetrics,diskSpaceMetrics,org.springframework.boot.actuate.autoconfigure.metrics.integration.IntegrationMetricsAutoConfiguration,org.springframework.boot.actuate.autoconfigure.metrics.startup.StartupTimeMetricsListenerAutoConfiguration,startupTimeMetrics,org.springframework.boot.autoconfigure.task.TaskSchedulingConfigurations$ThreadPoolTaskSchedulerBuilderConfiguration,threadPoolTaskSchedulerBuilder,org.springframework.boot.autoconfigure.task.TaskSchedulingConfigurations$SimpleAsyncTaskSchedulerBuilderConfiguration,simpleAsyncTaskSchedulerBuilder,org.springframework.boot.autoconfigure.task.TaskSchedulingAutoConfiguration,spring.task.scheduling-org.springframework.boot.autoconfigure.task.TaskSchedulingProperties,org.springframework.boot.actuate.autoconfigure.metrics.task.TaskExecutorMetricsAutoConfiguration,eagerTaskExecutorMetrics,org.springframework.boot.actuate.autoconfigure.metrics.web.tomcat.TomcatMetricsAutoConfiguration,tomcatMetricsBinder,org.springframework.boot.actuate.autoconfigure.observation.ObservationAutoConfiguration$MeterObservationHandlerConfiguration$OnlyMetricsMeterObservationHandlerConfiguration,defaultMeterObservationHandler,org.springframework.boot.actuate.autoconfigure.observation.ObservationAutoConfiguration$MeterObservationHandlerConfiguration,org.springframework.boot.actuate.autoconfigure.observation.ObservationAutoConfiguration$OnlyMetricsConfiguration,metricsObservationHandlerGrouping,org.springframework.boot.actuate.autoconfigure.observation.ObservationAutoConfiguration,observationRegistryPostProcessor,observationRegistry,propertiesObservationFilter,management.observations-org.springframework.boot.actuate.autoconfigure.observation.ObservationProperties,org.springframework.boot.autoconfigure.http.HttpMessageConvertersAutoConfiguration$StringHttpMessageConverterConfiguration,stringHttpMessageConverter,org.springframework.boot.autoconfigure.http.JacksonHttpMessageConvertersConfiguration$MappingJackson2HttpMessageConverterConfiguration,mappingJackson2HttpMessageConverter,org.springframework.boot.autoconfigure.http.JacksonHttpMessageConvertersConfiguration,org.springframework.boot.autoconfigure.http.HttpMessageConvertersAutoConfiguration,messageConverters,org.springframework.boot.autoconfigure.web.client.RestClientAutoConfiguration,httpMessageConvertersRestClientCustomizer,restClientSsl,restClientBuilderConfigurer,restClientBuilder,org.springframework.boot.autoconfigure.web.client.RestTemplateAutoConfiguration,restTemplateBuilderConfigurer,restTemplateBuilder,org.springframework.boot.actuate.autoconfigure.observation.web.client.HttpClientObservationsAutoConfiguration$MeterFilterConfiguration,metricsHttpClientUriTagFilter,org.springframework.boot.actuate.autoconfigure.observation.web.client.RestTemplateObservationConfiguration,observationRestTemplateCustomizer,org.springframework.boot.actuate.autoconfigure.observation.web.client.RestClientObservationConfiguration,observationRestClientCustomizer,org.springframework.boot.actuate.autoconfigure.observation.web.client.HttpClientObservationsAutoConfiguration,org.springframework.boot.actuate.autoconfigure.observation.web.servlet.WebMvcObservationAutoConfiguration$MeterFilterConfiguration,metricsHttpServerUriTagFilter,org.springframework.boot.actuate.autoconfigure.observation.web.servlet.WebMvcObservationAutoConfiguration,webMvcObservationFilter,org.springframework.boot.actuate.autoconfigure.scheduling.ScheduledTasksObservabilityAutoConfiguration,observabilitySchedulingConfigurer,org.springframework.boot.autoconfigure.aop.AopAutoConfiguration$ClassProxyingConfiguration,forceAutoProxyCreatorToUseClassProxying,org.springframework.boot.autoconfigure.aop.AopAutoConfiguration,org.springframework.boot.autoconfigure.context.ConfigurationPropertiesAutoConfiguration,org.springframework.boot.autoconfigure.context.LifecycleAutoConfiguration,lifecycleProcessor,spring.lifecycle-org.springframework.boot.autoconfigure.context.LifecycleProperties,org.springframework.boot.autoconfigure.sql.init.SqlInitializationAutoConfiguration,spring.sql.init-org.springframework.boot.autoconfigure.sql.init.SqlInitializationProperties,org.springframework.boot.sql.init.dependency.DatabaseInitializationDependencyConfigurer$DependsOnDatabaseInitializationPostProcessor,org.springframework.boot.autoconfigure.web.servlet.HttpEncodingAutoConfiguration,characterEncodingFilter,localeCharsetMappingsCustomizer,org.springframework.boot.autoconfigure.web.servlet.MultipartAutoConfiguration,multipartConfigElement,multipartResolver,spring.servlet.multipart-org.springframework.boot.autoconfigure.web.servlet.MultipartProperties,org.springframework.boot.actuate.autoconfigure.endpoint.web.ServletEndpointManagementContextConfiguration$WebMvcServletEndpointManagementContextConfiguration,servletEndpointRegistrar,org.springframework.boot.actuate.autoconfigure.endpoint.web.ServletEndpointManagementContextConfiguration,servletExposeExcludePropertyEndpointFilter,org.springframework.boot.actuate.autoconfigure.endpoint.web.servlet.WebMvcEndpointManagementContextConfiguration,webEndpointServletHandlerMapping,controllerEndpointHandlerMapping,endpointObjectMapperWebMvcConfigurer,management.endpoints.web.cors-org.springframework.boot.actuate.autoconfigure.endpoint.web.CorsEndpointProperties,org.springframework.boot.actuate.autoconfigure.web.server.ManagementContextAutoConfiguration$SameManagementContextConfiguration$EnableSameManagementContextConfiguration,org.springframework.boot.actuate.autoconfigure.web.server.ManagementContextAutoConfiguration$SameManagementContextConfiguration,org.springframework.boot.actuate.autoconfigure.web.server.ManagementContextAutoConfiguration,management.server-org.springframework.boot.actuate.autoconfigure.web.server.ManagementServerProperties,org.springframework.aop.config.internalAutoProxyCreator]; root of factory hierarchy
2024-09-10T20:48:08.368+09:00 TRACE 86442 --- [learn-spring-boot] [           main] o.s.b.f.s.DefaultListableBeanFactory     : Returning cached instance of singleton bean 'org.springframework.boot.test.mock.mockito.MockitoPostProcessor$SpyPostProcessor'
2024-09-10T20:48:08.368+09:00 TRACE 86442 --- [learn-spring-boot] [           main] o.s.b.f.s.DefaultListableBeanFactory     : Returning cached instance of singleton bean 'org.springframework.boot.test.mock.mockito.MockitoPostProcessor'
2024-09-10T20:48:08.368+09:00 TRACE 86442 --- [learn-spring-boot] [           main] o.s.b.f.s.DefaultListableBeanFactory     : Returning cached instance of singleton bean 'org.springframework.test.context.support.DynamicPropertiesContextCustomizer.dynamicPropertySourceBeanInitializer'
2024-09-10T20:48:08.368+09:00 TRACE 86442 --- [learn-spring-boot] [           main] o.s.b.f.s.DefaultListableBeanFactory     : Returning cached instance of singleton bean 'org.springframework.context.annotation.internalConfigurationAnnotationProcessor'
2024-09-10T20:48:08.368+09:00 TRACE 86442 --- [learn-spring-boot] [           main] o.s.b.f.s.DefaultListableBeanFactory     : Returning cached instance of singleton bean 'org.springframework.context.annotation.internalAutowiredAnnotationProcessor'
2024-09-10T20:48:08.368+09:00 TRACE 86442 --- [learn-spring-boot] [           main] o.s.b.f.s.DefaultListableBeanFactory     : Returning cached instance of singleton bean 'org.springframework.context.annotation.internalCommonAnnotationProcessor'
2024-09-10T20:48:08.368+09:00 TRACE 86442 --- [learn-spring-boot] [           main] o.s.b.f.s.DefaultListableBeanFactory     : Returning cached instance of singleton bean 'org.springframework.context.event.internalEventListenerProcessor'
2024-09-10T20:48:08.368+09:00 TRACE 86442 --- [learn-spring-boot] [           main] o.s.b.f.s.DefaultListableBeanFactory     : Returning cached instance of singleton bean 'org.springframework.context.event.internalEventListenerFactory'
2024-09-10T20:48:08.368+09:00 DEBUG 86442 --- [learn-spring-boot] [           main] o.s.b.f.s.DefaultListableBeanFactory     : Creating shared instance of singleton bean 'learnSpringBootApplication'
2024-09-10T20:48:08.368+09:00 TRACE 86442 --- [learn-spring-boot] [           main] o.s.b.f.s.DefaultListableBeanFactory     : Creating instance of bean 'learnSpringBootApplication'
2024-09-10T20:48:08.369+09:00 TRACE 86442 --- [learn-spring-boot] [           main] o.s.b.f.s.DefaultListableBeanFactory     : Finished creating instance of bean 'learnSpringBootApplication'
2024-09-10T20:48:08.369+09:00 TRACE 86442 --- [learn-spring-boot] [           main] o.s.b.f.s.DefaultListableBeanFactory     : Returning cached instance of singleton bean 'org.springframework.boot.autoconfigure.internalCachingMetadataReaderFactory'
2024-09-10T20:48:08.369+09:00 DEBUG 86442 --- [learn-spring-boot] [           main] o.s.b.f.s.DefaultListableBeanFactory     : Creating shared instance of singleton bean 'courseController'
2024-09-10T20:48:08.369+09:00 TRACE 86442 --- [learn-spring-boot] [           main] o.s.b.f.s.DefaultListableBeanFactory     : Creating instance of bean 'courseController'
2024-09-10T20:48:08.369+09:00 TRACE 86442 --- [learn-spring-boot] [           main] o.s.b.f.s.DefaultListableBeanFactory     : Finished creating instance of bean 'courseController'
2024-09-10T20:48:08.369+09:00 DEBUG 86442 --- [learn-spring-boot] [           main] o.s.b.f.s.DefaultListableBeanFactory     : Creating shared instance of singleton bean 'currencyConfigurationController'
2024-09-10T20:48:08.369+09:00 TRACE 86442 --- [learn-spring-boot] [           main] o.s.b.f.s.DefaultListableBeanFactory     : Creating instance of bean 'currencyConfigurationController'
2024-09-10T20:48:08.372+09:00 DEBUG 86442 --- [learn-spring-boot] [           main] o.s.b.f.s.DefaultListableBeanFactory     : Creating shared instance of singleton bean 'currencyServiceConfiguration'
2024-09-10T20:48:08.372+09:00 TRACE 86442 --- [learn-spring-boot] [           main] o.s.b.f.s.DefaultListableBeanFactory     : Creating instance of bean 'currencyServiceConfiguration'
2024-09-10T20:48:08.372+09:00 DEBUG 86442 --- [learn-spring-boot] [           main] o.s.b.f.s.DefaultListableBeanFactory     : Creating shared instance of singleton bean 'org.springframework.boot.context.properties.BoundConfigurationProperties'
2024-09-10T20:48:08.372+09:00 TRACE 86442 --- [learn-spring-boot] [           main] o.s.b.f.s.DefaultListableBeanFactory     : Creating instance of bean 'org.springframework.boot.context.properties.BoundConfigurationProperties'
2024-09-10T20:48:08.372+09:00 TRACE 86442 --- [learn-spring-boot] [           main] o.s.b.f.s.DefaultListableBeanFactory     : Finished creating instance of bean 'org.springframework.boot.context.properties.BoundConfigurationProperties'
2024-09-10T20:48:08.377+09:00 TRACE 86442 --- [learn-spring-boot] [           main] o.s.b.f.s.DefaultListableBeanFactory     : Finished creating instance of bean 'currencyServiceConfiguration'
2024-09-10T20:48:08.377+09:00 TRACE 86442 --- [learn-spring-boot] [           main] f.a.AutowiredAnnotationBeanPostProcessor : Autowiring by type from bean name 'currencyConfigurationController' to bean named 'currencyServiceConfiguration'
2024-09-10T20:48:08.377+09:00 TRACE 86442 --- [learn-spring-boot] [           main] o.s.b.f.s.DefaultListableBeanFactory     : Finished creating instance of bean 'currencyConfigurationController'
2024-09-10T20:48:08.377+09:00 TRACE 86442 --- [learn-spring-boot] [           main] o.s.b.f.s.DefaultListableBeanFactory     : Returning cached instance of singleton bean 'currencyServiceConfiguration'
2024-09-10T20:48:08.377+09:00 DEBUG 86442 --- [learn-spring-boot] [           main] o.s.b.f.s.DefaultListableBeanFactory     : Creating shared instance of singleton bean 'org.springframework.boot.autoconfigure.AutoConfigurationPackages'
2024-09-10T20:48:08.377+09:00 TRACE 86442 --- [learn-spring-boot] [           main] o.s.b.f.s.DefaultListableBeanFactory     : Creating instance of bean 'org.springframework.boot.autoconfigure.AutoConfigurationPackages'
2024-09-10T20:48:08.378+09:00 TRACE 86442 --- [learn-spring-boot] [           main] o.s.b.f.s.DefaultListableBeanFactory     : Finished creating instance of bean 'org.springframework.boot.autoconfigure.AutoConfigurationPackages'
2024-09-10T20:48:08.378+09:00 DEBUG 86442 --- [learn-spring-boot] [           main] o.s.b.f.s.DefaultListableBeanFactory     : Creating shared instance of singleton bean 'org.springframework.boot.autoconfigure.context.PropertyPlaceholderAutoConfiguration'
2024-09-10T20:48:08.378+09:00 TRACE 86442 --- [learn-spring-boot] [           main] o.s.b.f.s.DefaultListableBeanFactory     : Creating instance of bean 'org.springframework.boot.autoconfigure.context.PropertyPlaceholderAutoConfiguration'
2024-09-10T20:48:08.378+09:00 TRACE 86442 --- [learn-spring-boot] [           main] o.s.b.f.s.DefaultListableBeanFactory     : Finished creating instance of bean 'org.springframework.boot.autoconfigure.context.PropertyPlaceholderAutoConfiguration'
2024-09-10T20:48:08.378+09:00 TRACE 86442 --- [learn-spring-boot] [           main] o.s.b.f.s.DefaultListableBeanFactory     : Returning cached instance of singleton bean 'propertySourcesPlaceholderConfigurer'
2024-09-10T20:48:08.378+09:00 DEBUG 86442 --- [learn-spring-boot] [           main] o.s.b.f.s.DefaultListableBeanFactory     : Creating shared instance of singleton bean 'org.springframework.boot.autoconfigure.ssl.SslAutoConfiguration'
2024-09-10T20:48:08.378+09:00 TRACE 86442 --- [learn-spring-boot] [           main] o.s.b.f.s.DefaultListableBeanFactory     : Creating instance of bean 'org.springframework.boot.autoconfigure.ssl.SslAutoConfiguration'
2024-09-10T20:48:08.378+09:00 DEBUG 86442 --- [learn-spring-boot] [           main] o.s.b.f.s.DefaultListableBeanFactory     : Creating shared instance of singleton bean 'spring.ssl-org.springframework.boot.autoconfigure.ssl.SslProperties'
2024-09-10T20:48:08.378+09:00 TRACE 86442 --- [learn-spring-boot] [           main] o.s.b.f.s.DefaultListableBeanFactory     : Creating instance of bean 'spring.ssl-org.springframework.boot.autoconfigure.ssl.SslProperties'
2024-09-10T20:48:08.379+09:00 TRACE 86442 --- [learn-spring-boot] [           main] o.s.b.f.s.DefaultListableBeanFactory     : Returning cached instance of singleton bean 'org.springframework.boot.context.properties.BoundConfigurationProperties'
2024-09-10T20:48:08.379+09:00 TRACE 86442 --- [learn-spring-boot] [           main] o.s.b.f.s.DefaultListableBeanFactory     : Finished creating instance of bean 'spring.ssl-org.springframework.boot.autoconfigure.ssl.SslProperties'
2024-09-10T20:48:08.379+09:00 DEBUG 86442 --- [learn-spring-boot] [           main] o.s.b.f.s.DefaultListableBeanFactory     : Autowiring by type from bean name 'org.springframework.boot.autoconfigure.ssl.SslAutoConfiguration' via constructor to bean named 'spring.ssl-org.springframework.boot.autoconfigure.ssl.SslProperties'
2024-09-10T20:48:08.379+09:00 TRACE 86442 --- [learn-spring-boot] [           main] o.s.b.f.s.DefaultListableBeanFactory     : Finished creating instance of bean 'org.springframework.boot.autoconfigure.ssl.SslAutoConfiguration'
2024-09-10T20:48:08.379+09:00 DEBUG 86442 --- [learn-spring-boot] [           main] o.s.b.f.s.DefaultListableBeanFactory     : Creating shared instance of singleton bean 'fileWatcher'
2024-09-10T20:48:08.379+09:00 TRACE 86442 --- [learn-spring-boot] [           main] o.s.b.f.s.DefaultListableBeanFactory     : Creating instance of bean 'fileWatcher'
2024-09-10T20:48:08.379+09:00 TRACE 86442 --- [learn-spring-boot] [           main] o.s.b.f.s.DefaultListableBeanFactory     : Returning cached instance of singleton bean 'org.springframework.boot.autoconfigure.ssl.SslAutoConfiguration'
2024-09-10T20:48:08.380+09:00 TRACE 86442 --- [learn-spring-boot] [           main] o.s.b.f.s.DefaultListableBeanFactory     : Finished creating instance of bean 'fileWatcher'
2024-09-10T20:48:08.380+09:00 DEBUG 86442 --- [learn-spring-boot] [           main] o.s.b.f.s.DefaultListableBeanFactory     : Creating shared instance of singleton bean 'sslPropertiesSslBundleRegistrar'
2024-09-10T20:48:08.380+09:00 TRACE 86442 --- [learn-spring-boot] [           main] o.s.b.f.s.DefaultListableBeanFactory     : Creating instance of bean 'sslPropertiesSslBundleRegistrar'
2024-09-10T20:48:08.380+09:00 TRACE 86442 --- [learn-spring-boot] [           main] o.s.b.f.s.DefaultListableBeanFactory     : Returning cached instance of singleton bean 'org.springframework.boot.autoconfigure.ssl.SslAutoConfiguration'
2024-09-10T20:48:08.380+09:00 TRACE 86442 --- [learn-spring-boot] [           main] o.s.b.f.s.DefaultListableBeanFactory     : Returning cached instance of singleton bean 'fileWatcher'
2024-09-10T20:48:08.380+09:00 DEBUG 86442 --- [learn-spring-boot] [           main] o.s.b.f.s.DefaultListableBeanFactory     : Autowiring by type from bean name 'sslPropertiesSslBundleRegistrar' via factory method to bean named 'fileWatcher'
2024-09-10T20:48:08.381+09:00 TRACE 86442 --- [learn-spring-boot] [           main] o.s.b.f.s.DefaultListableBeanFactory     : Finished creating instance of bean 'sslPropertiesSslBundleRegistrar'
2024-09-10T20:48:08.381+09:00 DEBUG 86442 --- [learn-spring-boot] [           main] o.s.b.f.s.DefaultListableBeanFactory     : Creating shared instance of singleton bean 'sslBundleRegistry'
2024-09-10T20:48:08.381+09:00 TRACE 86442 --- [learn-spring-boot] [           main] o.s.b.f.s.DefaultListableBeanFactory     : Creating instance of bean 'sslBundleRegistry'
2024-09-10T20:48:08.381+09:00 TRACE 86442 --- [learn-spring-boot] [           main] o.s.b.f.s.DefaultListableBeanFactory     : Returning cached instance of singleton bean 'org.springframework.boot.autoconfigure.ssl.SslAutoConfiguration'
2024-09-10T20:48:08.382+09:00 TRACE 86442 --- [learn-spring-boot] [           main] o.s.b.f.s.DefaultListableBeanFactory     : Returning cached instance of singleton bean 'sslPropertiesSslBundleRegistrar'
2024-09-10T20:48:08.382+09:00 TRACE 86442 --- [learn-spring-boot] [           main] o.s.b.f.s.DefaultListableBeanFactory     : Returning cached instance of singleton bean 'sslPropertiesSslBundleRegistrar'
2024-09-10T20:48:08.384+09:00 TRACE 86442 --- [learn-spring-boot] [           main] o.s.b.f.s.DefaultListableBeanFactory     : Finished creating instance of bean 'sslBundleRegistry'
2024-09-10T20:48:08.384+09:00 TRACE 86442 --- [learn-spring-boot] [           main] o.s.b.f.s.DefaultListableBeanFactory     : Returning cached instance of singleton bean 'org.springframework.boot.context.properties.ConfigurationPropertiesBindingPostProcessor'
2024-09-10T20:48:08.384+09:00 TRACE 86442 --- [learn-spring-boot] [           main] o.s.b.f.s.DefaultListableBeanFactory     : Returning cached instance of singleton bean 'org.springframework.boot.context.internalConfigurationPropertiesBinder'
2024-09-10T20:48:08.384+09:00 TRACE 86442 --- [learn-spring-boot] [           main] o.s.b.f.s.DefaultListableBeanFactory     : Returning cached instance of singleton bean 'org.springframework.boot.context.properties.BoundConfigurationProperties'
2024-09-10T20:48:08.384+09:00 DEBUG 86442 --- [learn-spring-boot] [           main] o.s.b.f.s.DefaultListableBeanFactory     : Creating shared instance of singleton bean 'org.springframework.boot.context.properties.EnableConfigurationPropertiesRegistrar.methodValidationExcludeFilter'
2024-09-10T20:48:08.384+09:00 TRACE 86442 --- [learn-spring-boot] [           main] o.s.b.f.s.DefaultListableBeanFactory     : Creating instance of bean 'org.springframework.boot.context.properties.EnableConfigurationPropertiesRegistrar.methodValidationExcludeFilter'
2024-09-10T20:48:08.385+09:00 TRACE 86442 --- [learn-spring-boot] [           main] o.s.b.f.s.DefaultListableBeanFactory     : Ignoring factory method [public static org.springframework.boot.validation.beanvalidation.MethodValidationExcludeFilter org.springframework.boot.validation.beanvalidation.MethodValidationExcludeFilter.byAnnotation(java.lang.Class,org.springframework.core.annotation.MergedAnnotations$SearchStrategy)] of bean 'org.springframework.boot.context.properties.EnableConfigurationPropertiesRegistrar.methodValidationExcludeFilter': org.springframework.beans.factory.UnsatisfiedDependencyException: Error creating bean with name 'org.springframework.boot.context.properties.EnableConfigurationPropertiesRegistrar.methodValidationExcludeFilter': Unsatisfied dependency expressed through method 'byAnnotation' parameter 1: Ambiguous argument values for parameter of type [org.springframework.core.annotation.MergedAnnotations$SearchStrategy] - did you specify the correct bean references as arguments?
2024-09-10T20:48:08.386+09:00 TRACE 86442 --- [learn-spring-boot] [           main] o.s.b.f.s.DefaultListableBeanFactory     : Finished creating instance of bean 'org.springframework.boot.context.properties.EnableConfigurationPropertiesRegistrar.methodValidationExcludeFilter'
2024-09-10T20:48:08.387+09:00 TRACE 86442 --- [learn-spring-boot] [           main] o.s.b.f.s.DefaultListableBeanFactory     : Returning cached instance of singleton bean 'spring.ssl-org.springframework.boot.autoconfigure.ssl.SslProperties'
2024-09-10T20:48:08.387+09:00 DEBUG 86442 --- [learn-spring-boot] [           main] o.s.b.f.s.DefaultListableBeanFactory     : Creating shared instance of singleton bean 'org.springframework.boot.autoconfigure.websocket.servlet.WebSocketServletAutoConfiguration$TomcatWebSocketConfiguration'
2024-09-10T20:48:08.387+09:00 TRACE 86442 --- [learn-spring-boot] [           main] o.s.b.f.s.DefaultListableBeanFactory     : Creating instance of bean 'org.springframework.boot.autoconfigure.websocket.servlet.WebSocketServletAutoConfiguration$TomcatWebSocketConfiguration'
2024-09-10T20:48:08.387+09:00 TRACE 86442 --- [learn-spring-boot] [           main] o.s.b.f.s.DefaultListableBeanFactory     : Finished creating instance of bean 'org.springframework.boot.autoconfigure.websocket.servlet.WebSocketServletAutoConfiguration$TomcatWebSocketConfiguration'
2024-09-10T20:48:08.387+09:00 DEBUG 86442 --- [learn-spring-boot] [           main] o.s.b.f.s.DefaultListableBeanFactory     : Creating shared instance of singleton bean 'websocketServletWebServerCustomizer'
2024-09-10T20:48:08.387+09:00 TRACE 86442 --- [learn-spring-boot] [           main] o.s.b.f.s.DefaultListableBeanFactory     : Creating instance of bean 'websocketServletWebServerCustomizer'
2024-09-10T20:48:08.387+09:00 TRACE 86442 --- [learn-spring-boot] [           main] o.s.b.f.s.DefaultListableBeanFactory     : Returning cached instance of singleton bean 'org.springframework.boot.autoconfigure.websocket.servlet.WebSocketServletAutoConfiguration$TomcatWebSocketConfiguration'
2024-09-10T20:48:08.388+09:00 TRACE 86442 --- [learn-spring-boot] [           main] o.s.b.f.s.DefaultListableBeanFactory     : Finished creating instance of bean 'websocketServletWebServerCustomizer'
2024-09-10T20:48:08.388+09:00 DEBUG 86442 --- [learn-spring-boot] [           main] o.s.b.f.s.DefaultListableBeanFactory     : Creating shared instance of singleton bean 'org.springframework.boot.autoconfigure.websocket.servlet.WebSocketServletAutoConfiguration'
2024-09-10T20:48:08.388+09:00 TRACE 86442 --- [learn-spring-boot] [           main] o.s.b.f.s.DefaultListableBeanFactory     : Creating instance of bean 'org.springframework.boot.autoconfigure.websocket.servlet.WebSocketServletAutoConfiguration'
2024-09-10T20:48:08.388+09:00 TRACE 86442 --- [learn-spring-boot] [           main] o.s.b.f.s.DefaultListableBeanFactory     : Finished creating instance of bean 'org.springframework.boot.autoconfigure.websocket.servlet.WebSocketServletAutoConfiguration'
2024-09-10T20:48:08.388+09:00 DEBUG 86442 --- [learn-spring-boot] [           main] o.s.b.f.s.DefaultListableBeanFactory     : Creating shared instance of singleton bean 'org.springframework.boot.autoconfigure.web.servlet.ServletWebServerFactoryConfiguration$EmbeddedTomcat'
2024-09-10T20:48:08.388+09:00 TRACE 86442 --- [learn-spring-boot] [           main] o.s.b.f.s.DefaultListableBeanFactory     : Creating instance of bean 'org.springframework.boot.autoconfigure.web.servlet.ServletWebServerFactoryConfiguration$EmbeddedTomcat'
2024-09-10T20:48:08.388+09:00 TRACE 86442 --- [learn-spring-boot] [           main] o.s.b.f.s.DefaultListableBeanFactory     : Finished creating instance of bean 'org.springframework.boot.autoconfigure.web.servlet.ServletWebServerFactoryConfiguration$EmbeddedTomcat'
2024-09-10T20:48:08.388+09:00 DEBUG 86442 --- [learn-spring-boot] [           main] o.s.b.f.s.DefaultListableBeanFactory     : Creating shared instance of singleton bean 'tomcatServletWebServerFactory'
2024-09-10T20:48:08.388+09:00 TRACE 86442 --- [learn-spring-boot] [           main] o.s.b.f.s.DefaultListableBeanFactory     : Creating instance of bean 'tomcatServletWebServerFactory'
2024-09-10T20:48:08.388+09:00 TRACE 86442 --- [learn-spring-boot] [           main] o.s.b.f.s.DefaultListableBeanFactory     : Returning cached instance of singleton bean 'org.springframework.boot.autoconfigure.web.servlet.ServletWebServerFactoryConfiguration$EmbeddedTomcat'
2024-09-10T20:48:08.410+09:00 TRACE 86442 --- [learn-spring-boot] [           main] o.s.b.f.s.DefaultListableBeanFactory     : Returning cached instance of singleton bean 'websocketServletWebServerCustomizer'
2024-09-10T20:48:08.410+09:00 DEBUG 86442 --- [learn-spring-boot] [           main] o.s.b.f.s.DefaultListableBeanFactory     : Creating shared instance of singleton bean 'servletWebServerFactoryCustomizer'
2024-09-10T20:48:08.410+09:00 TRACE 86442 --- [learn-spring-boot] [           main] o.s.b.f.s.DefaultListableBeanFactory     : Creating instance of bean 'servletWebServerFactoryCustomizer'
2024-09-10T20:48:08.410+09:00 DEBUG 86442 --- [learn-spring-boot] [           main] o.s.b.f.s.DefaultListableBeanFactory     : Creating shared instance of singleton bean 'org.springframework.boot.autoconfigure.web.servlet.ServletWebServerFactoryAutoConfiguration'
2024-09-10T20:48:08.410+09:00 TRACE 86442 --- [learn-spring-boot] [           main] o.s.b.f.s.DefaultListableBeanFactory     : Creating instance of bean 'org.springframework.boot.autoconfigure.web.servlet.ServletWebServerFactoryAutoConfiguration'
2024-09-10T20:48:08.410+09:00 TRACE 86442 --- [learn-spring-boot] [           main] o.s.b.f.s.DefaultListableBeanFactory     : Finished creating instance of bean 'org.springframework.boot.autoconfigure.web.servlet.ServletWebServerFactoryAutoConfiguration'
2024-09-10T20:48:08.411+09:00 DEBUG 86442 --- [learn-spring-boot] [           main] o.s.b.f.s.DefaultListableBeanFactory     : Creating shared instance of singleton bean 'server-org.springframework.boot.autoconfigure.web.ServerProperties'
2024-09-10T20:48:08.411+09:00 TRACE 86442 --- [learn-spring-boot] [           main] o.s.b.f.s.DefaultListableBeanFactory     : Creating instance of bean 'server-org.springframework.boot.autoconfigure.web.ServerProperties'
2024-09-10T20:48:08.414+09:00 TRACE 86442 --- [learn-spring-boot] [           main] o.s.b.f.s.DefaultListableBeanFactory     : Returning cached instance of singleton bean 'org.springframework.boot.context.properties.BoundConfigurationProperties'
2024-09-10T20:48:08.416+09:00 TRACE 86442 --- [learn-spring-boot] [           main] o.s.b.f.s.DefaultListableBeanFactory     : Finished creating instance of bean 'server-org.springframework.boot.autoconfigure.web.ServerProperties'
2024-09-10T20:48:08.416+09:00 DEBUG 86442 --- [learn-spring-boot] [           main] o.s.b.f.s.DefaultListableBeanFactory     : Autowiring by type from bean name 'servletWebServerFactoryCustomizer' via factory method to bean named 'server-org.springframework.boot.autoconfigure.web.ServerProperties'
2024-09-10T20:48:08.418+09:00 TRACE 86442 --- [learn-spring-boot] [           main] o.s.b.f.s.DefaultListableBeanFactory     : Returning cached instance of singleton bean 'sslBundleRegistry'
2024-09-10T20:48:08.418+09:00 TRACE 86442 --- [learn-spring-boot] [           main] o.s.b.f.s.DefaultListableBeanFactory     : Finished creating instance of bean 'servletWebServerFactoryCustomizer'
2024-09-10T20:48:08.418+09:00 DEBUG 86442 --- [learn-spring-boot] [           main] o.s.b.f.s.DefaultListableBeanFactory     : Creating shared instance of singleton bean 'tomcatServletWebServerFactoryCustomizer'
2024-09-10T20:48:08.418+09:00 TRACE 86442 --- [learn-spring-boot] [           main] o.s.b.f.s.DefaultListableBeanFactory     : Creating instance of bean 'tomcatServletWebServerFactoryCustomizer'
2024-09-10T20:48:08.418+09:00 TRACE 86442 --- [learn-spring-boot] [           main] o.s.b.f.s.DefaultListableBeanFactory     : Returning cached instance of singleton bean 'org.springframework.boot.autoconfigure.web.servlet.ServletWebServerFactoryAutoConfiguration'
2024-09-10T20:48:08.418+09:00 TRACE 86442 --- [learn-spring-boot] [           main] o.s.b.f.s.DefaultListableBeanFactory     : Returning cached instance of singleton bean 'server-org.springframework.boot.autoconfigure.web.ServerProperties'
2024-09-10T20:48:08.418+09:00 DEBUG 86442 --- [learn-spring-boot] [           main] o.s.b.f.s.DefaultListableBeanFactory     : Autowiring by type from bean name 'tomcatServletWebServerFactoryCustomizer' via factory method to bean named 'server-org.springframework.boot.autoconfigure.web.ServerProperties'
2024-09-10T20:48:08.418+09:00 TRACE 86442 --- [learn-spring-boot] [           main] o.s.b.f.s.DefaultListableBeanFactory     : Finished creating instance of bean 'tomcatServletWebServerFactoryCustomizer'
2024-09-10T20:48:08.418+09:00 DEBUG 86442 --- [learn-spring-boot] [           main] o.s.b.f.s.DefaultListableBeanFactory     : Creating shared instance of singleton bean 'localeCharsetMappingsCustomizer'
2024-09-10T20:48:08.418+09:00 TRACE 86442 --- [learn-spring-boot] [           main] o.s.b.f.s.DefaultListableBeanFactory     : Creating instance of bean 'localeCharsetMappingsCustomizer'
2024-09-10T20:48:08.418+09:00 DEBUG 86442 --- [learn-spring-boot] [           main] o.s.b.f.s.DefaultListableBeanFactory     : Creating shared instance of singleton bean 'org.springframework.boot.autoconfigure.web.servlet.HttpEncodingAutoConfiguration'
2024-09-10T20:48:08.418+09:00 TRACE 86442 --- [learn-spring-boot] [           main] o.s.b.f.s.DefaultListableBeanFactory     : Creating instance of bean 'org.springframework.boot.autoconfigure.web.servlet.HttpEncodingAutoConfiguration'
2024-09-10T20:48:08.419+09:00 TRACE 86442 --- [learn-spring-boot] [           main] o.s.b.f.s.DefaultListableBeanFactory     : Returning cached instance of singleton bean 'server-org.springframework.boot.autoconfigure.web.ServerProperties'
2024-09-10T20:48:08.419+09:00 DEBUG 86442 --- [learn-spring-boot] [           main] o.s.b.f.s.DefaultListableBeanFactory     : Autowiring by type from bean name 'org.springframework.boot.autoconfigure.web.servlet.HttpEncodingAutoConfiguration' via constructor to bean named 'server-org.springframework.boot.autoconfigure.web.ServerProperties'
2024-09-10T20:48:08.419+09:00 TRACE 86442 --- [learn-spring-boot] [           main] o.s.b.f.s.DefaultListableBeanFactory     : Finished creating instance of bean 'org.springframework.boot.autoconfigure.web.servlet.HttpEncodingAutoConfiguration'
2024-09-10T20:48:08.419+09:00 TRACE 86442 --- [learn-spring-boot] [           main] o.s.b.f.s.DefaultListableBeanFactory     : Finished creating instance of bean 'localeCharsetMappingsCustomizer'
2024-09-10T20:48:08.429+09:00 DEBUG 86442 --- [learn-spring-boot] [           main] o.s.b.f.s.DefaultListableBeanFactory     : Creating shared instance of singleton bean 'errorPageCustomizer'
2024-09-10T20:48:08.429+09:00 TRACE 86442 --- [learn-spring-boot] [           main] o.s.b.f.s.DefaultListableBeanFactory     : Creating instance of bean 'errorPageCustomizer'
2024-09-10T20:48:08.429+09:00 DEBUG 86442 --- [learn-spring-boot] [           main] o.s.b.f.s.DefaultListableBeanFactory     : Creating shared instance of singleton bean 'org.springframework.boot.autoconfigure.web.servlet.error.ErrorMvcAutoConfiguration'
2024-09-10T20:48:08.429+09:00 TRACE 86442 --- [learn-spring-boot] [           main] o.s.b.f.s.DefaultListableBeanFactory     : Creating instance of bean 'org.springframework.boot.autoconfigure.web.servlet.error.ErrorMvcAutoConfiguration'
2024-09-10T20:48:08.429+09:00 TRACE 86442 --- [learn-spring-boot] [           main] o.s.b.f.s.DefaultListableBeanFactory     : Returning cached instance of singleton bean 'server-org.springframework.boot.autoconfigure.web.ServerProperties'
2024-09-10T20:48:08.429+09:00 DEBUG 86442 --- [learn-spring-boot] [           main] o.s.b.f.s.DefaultListableBeanFactory     : Autowiring by type from bean name 'org.springframework.boot.autoconfigure.web.servlet.error.ErrorMvcAutoConfiguration' via constructor to bean named 'server-org.springframework.boot.autoconfigure.web.ServerProperties'
2024-09-10T20:48:08.429+09:00 TRACE 86442 --- [learn-spring-boot] [           main] o.s.b.f.s.DefaultListableBeanFactory     : Finished creating instance of bean 'org.springframework.boot.autoconfigure.web.servlet.error.ErrorMvcAutoConfiguration'
2024-09-10T20:48:08.430+09:00 DEBUG 86442 --- [learn-spring-boot] [           main] o.s.b.f.s.DefaultListableBeanFactory     : Creating shared instance of singleton bean 'dispatcherServletRegistration'
2024-09-10T20:48:08.430+09:00 TRACE 86442 --- [learn-spring-boot] [           main] o.s.b.f.s.DefaultListableBeanFactory     : Creating instance of bean 'dispatcherServletRegistration'
2024-09-10T20:48:08.430+09:00 DEBUG 86442 --- [learn-spring-boot] [           main] o.s.b.f.s.DefaultListableBeanFactory     : Creating shared instance of singleton bean 'org.springframework.boot.autoconfigure.web.servlet.DispatcherServletAutoConfiguration$DispatcherServletRegistrationConfiguration'
2024-09-10T20:48:08.430+09:00 TRACE 86442 --- [learn-spring-boot] [           main] o.s.b.f.s.DefaultListableBeanFactory     : Creating instance of bean 'org.springframework.boot.autoconfigure.web.servlet.DispatcherServletAutoConfiguration$DispatcherServletRegistrationConfiguration'
2024-09-10T20:48:08.430+09:00 TRACE 86442 --- [learn-spring-boot] [           main] o.s.b.f.s.DefaultListableBeanFactory     : Finished creating instance of bean 'org.springframework.boot.autoconfigure.web.servlet.DispatcherServletAutoConfiguration$DispatcherServletRegistrationConfiguration'
2024-09-10T20:48:08.430+09:00 DEBUG 86442 --- [learn-spring-boot] [           main] o.s.b.f.s.DefaultListableBeanFactory     : Creating shared instance of singleton bean 'dispatcherServlet'
2024-09-10T20:48:08.430+09:00 TRACE 86442 --- [learn-spring-boot] [           main] o.s.b.f.s.DefaultListableBeanFactory     : Creating instance of bean 'dispatcherServlet'
2024-09-10T20:48:08.430+09:00 DEBUG 86442 --- [learn-spring-boot] [           main] o.s.b.f.s.DefaultListableBeanFactory     : Creating shared instance of singleton bean 'org.springframework.boot.autoconfigure.web.servlet.DispatcherServletAutoConfiguration$DispatcherServletConfiguration'
2024-09-10T20:48:08.430+09:00 TRACE 86442 --- [learn-spring-boot] [           main] o.s.b.f.s.DefaultListableBeanFactory     : Creating instance of bean 'org.springframework.boot.autoconfigure.web.servlet.DispatcherServletAutoConfiguration$DispatcherServletConfiguration'
2024-09-10T20:48:08.430+09:00 TRACE 86442 --- [learn-spring-boot] [           main] o.s.b.f.s.DefaultListableBeanFactory     : Finished creating instance of bean 'org.springframework.boot.autoconfigure.web.servlet.DispatcherServletAutoConfiguration$DispatcherServletConfiguration'
2024-09-10T20:48:08.431+09:00 DEBUG 86442 --- [learn-spring-boot] [           main] o.s.b.f.s.DefaultListableBeanFactory     : Creating shared instance of singleton bean 'spring.mvc-org.springframework.boot.autoconfigure.web.servlet.WebMvcProperties'
2024-09-10T20:48:08.432+09:00 TRACE 86442 --- [learn-spring-boot] [           main] o.s.b.f.s.DefaultListableBeanFactory     : Creating instance of bean 'spring.mvc-org.springframework.boot.autoconfigure.web.servlet.WebMvcProperties'
2024-09-10T20:48:08.432+09:00 TRACE 86442 --- [learn-spring-boot] [           main] o.s.b.f.s.DefaultListableBeanFactory     : Returning cached instance of singleton bean 'org.springframework.boot.context.properties.BoundConfigurationProperties'
2024-09-10T20:48:08.434+09:00 TRACE 86442 --- [learn-spring-boot] [           main] o.s.b.f.s.DefaultListableBeanFactory     : Finished creating instance of bean 'spring.mvc-org.springframework.boot.autoconfigure.web.servlet.WebMvcProperties'
2024-09-10T20:48:08.434+09:00 DEBUG 86442 --- [learn-spring-boot] [           main] o.s.b.f.s.DefaultListableBeanFactory     : Autowiring by type from bean name 'dispatcherServlet' via factory method to bean named 'spring.mvc-org.springframework.boot.autoconfigure.web.servlet.WebMvcProperties'
2024-09-10T20:48:08.440+09:00 TRACE 86442 --- [learn-spring-boot] [           main] o.s.b.f.s.DefaultListableBeanFactory     : Finished creating instance of bean 'dispatcherServlet'
2024-09-10T20:48:08.441+09:00 TRACE 86442 --- [learn-spring-boot] [           main] o.s.b.f.s.DefaultListableBeanFactory     : Returning cached instance of singleton bean 'spring.mvc-org.springframework.boot.autoconfigure.web.servlet.WebMvcProperties'
2024-09-10T20:48:08.441+09:00 DEBUG 86442 --- [learn-spring-boot] [           main] o.s.b.f.s.DefaultListableBeanFactory     : Autowiring by type from bean name 'dispatcherServletRegistration' via factory method to bean named 'dispatcherServlet'
2024-09-10T20:48:08.441+09:00 DEBUG 86442 --- [learn-spring-boot] [           main] o.s.b.f.s.DefaultListableBeanFactory     : Autowiring by type from bean name 'dispatcherServletRegistration' via factory method to bean named 'spring.mvc-org.springframework.boot.autoconfigure.web.servlet.WebMvcProperties'
2024-09-10T20:48:08.442+09:00 DEBUG 86442 --- [learn-spring-boot] [           main] o.s.b.f.s.DefaultListableBeanFactory     : Creating shared instance of singleton bean 'multipartConfigElement'
2024-09-10T20:48:08.442+09:00 TRACE 86442 --- [learn-spring-boot] [           main] o.s.b.f.s.DefaultListableBeanFactory     : Creating instance of bean 'multipartConfigElement'
2024-09-10T20:48:08.442+09:00 DEBUG 86442 --- [learn-spring-boot] [           main] o.s.b.f.s.DefaultListableBeanFactory     : Creating shared instance of singleton bean 'org.springframework.boot.autoconfigure.web.servlet.MultipartAutoConfiguration'
2024-09-10T20:48:08.442+09:00 TRACE 86442 --- [learn-spring-boot] [           main] o.s.b.f.s.DefaultListableBeanFactory     : Creating instance of bean 'org.springframework.boot.autoconfigure.web.servlet.MultipartAutoConfiguration'
2024-09-10T20:48:08.442+09:00 DEBUG 86442 --- [learn-spring-boot] [           main] o.s.b.f.s.DefaultListableBeanFactory     : Creating shared instance of singleton bean 'spring.servlet.multipart-org.springframework.boot.autoconfigure.web.servlet.MultipartProperties'
2024-09-10T20:48:08.443+09:00 TRACE 86442 --- [learn-spring-boot] [           main] o.s.b.f.s.DefaultListableBeanFactory     : Creating instance of bean 'spring.servlet.multipart-org.springframework.boot.autoconfigure.web.servlet.MultipartProperties'
2024-09-10T20:48:08.443+09:00 TRACE 86442 --- [learn-spring-boot] [           main] o.s.b.f.s.DefaultListableBeanFactory     : Returning cached instance of singleton bean 'org.springframework.boot.context.properties.BoundConfigurationProperties'
2024-09-10T20:48:08.445+09:00 TRACE 86442 --- [learn-spring-boot] [           main] o.s.b.f.s.DefaultListableBeanFactory     : Finished creating instance of bean 'spring.servlet.multipart-org.springframework.boot.autoconfigure.web.servlet.MultipartProperties'
2024-09-10T20:48:08.445+09:00 DEBUG 86442 --- [learn-spring-boot] [           main] o.s.b.f.s.DefaultListableBeanFactory     : Autowiring by type from bean name 'org.springframework.boot.autoconfigure.web.servlet.MultipartAutoConfiguration' via constructor to bean named 'spring.servlet.multipart-org.springframework.boot.autoconfigure.web.servlet.MultipartProperties'
2024-09-10T20:48:08.445+09:00 TRACE 86442 --- [learn-spring-boot] [           main] o.s.b.f.s.DefaultListableBeanFactory     : Finished creating instance of bean 'org.springframework.boot.autoconfigure.web.servlet.MultipartAutoConfiguration'
2024-09-10T20:48:08.446+09:00 TRACE 86442 --- [learn-spring-boot] [           main] o.s.b.f.s.DefaultListableBeanFactory     : Finished creating instance of bean 'multipartConfigElement'
2024-09-10T20:48:08.448+09:00 TRACE 86442 --- [learn-spring-boot] [           main] o.s.b.f.s.DefaultListableBeanFactory     : Finished creating instance of bean 'dispatcherServletRegistration'
2024-09-10T20:48:08.448+09:00 DEBUG 86442 --- [learn-spring-boot] [           main] o.s.b.f.s.DefaultListableBeanFactory     : Autowiring by type from bean name 'errorPageCustomizer' via factory method to bean named 'dispatcherServletRegistration'
2024-09-10T20:48:08.448+09:00 TRACE 86442 --- [learn-spring-boot] [           main] o.s.b.f.s.DefaultListableBeanFactory     : Finished creating instance of bean 'errorPageCustomizer'
2024-09-10T20:48:08.448+09:00 TRACE 86442 --- [learn-spring-boot] [           main] o.s.b.f.s.DefaultListableBeanFactory     : Finished creating instance of bean 'tomcatServletWebServerFactory'
2024-09-10T20:48:08.448+09:00 TRACE 86442 --- [learn-spring-boot] [           main] o.s.b.f.s.DefaultListableBeanFactory     : Returning cached instance of singleton bean 'org.springframework.boot.autoconfigure.web.servlet.ServletWebServerFactoryAutoConfiguration'
2024-09-10T20:48:08.448+09:00 TRACE 86442 --- [learn-spring-boot] [           main] o.s.b.f.s.DefaultListableBeanFactory     : Returning cached instance of singleton bean 'servletWebServerFactoryCustomizer'
2024-09-10T20:48:08.448+09:00 TRACE 86442 --- [learn-spring-boot] [           main] o.s.b.f.s.DefaultListableBeanFactory     : Returning cached instance of singleton bean 'tomcatServletWebServerFactoryCustomizer'
2024-09-10T20:48:08.448+09:00 TRACE 86442 --- [learn-spring-boot] [           main] o.s.b.f.s.DefaultListableBeanFactory     : Returning cached instance of singleton bean 'server-org.springframework.boot.autoconfigure.web.ServerProperties'
2024-09-10T20:48:08.448+09:00 TRACE 86442 --- [learn-spring-boot] [           main] o.s.b.f.s.DefaultListableBeanFactory     : Returning cached instance of singleton bean 'webServerFactoryCustomizerBeanPostProcessor'
2024-09-10T20:48:08.448+09:00 TRACE 86442 --- [learn-spring-boot] [           main] o.s.b.f.s.DefaultListableBeanFactory     : Returning cached instance of singleton bean 'errorPageRegistrarBeanPostProcessor'
2024-09-10T20:48:08.448+09:00 TRACE 86442 --- [learn-spring-boot] [           main] o.s.b.f.s.DefaultListableBeanFactory     : Returning cached instance of singleton bean 'org.springframework.boot.autoconfigure.web.servlet.DispatcherServletAutoConfiguration$DispatcherServletConfiguration'
2024-09-10T20:48:08.448+09:00 TRACE 86442 --- [learn-spring-boot] [           main] o.s.b.f.s.DefaultListableBeanFactory     : Returning cached instance of singleton bean 'dispatcherServlet'
2024-09-10T20:48:08.448+09:00 TRACE 86442 --- [learn-spring-boot] [           main] o.s.b.f.s.DefaultListableBeanFactory     : Returning cached instance of singleton bean 'spring.mvc-org.springframework.boot.autoconfigure.web.servlet.WebMvcProperties'
2024-09-10T20:48:08.448+09:00 TRACE 86442 --- [learn-spring-boot] [           main] o.s.b.f.s.DefaultListableBeanFactory     : Returning cached instance of singleton bean 'org.springframework.boot.autoconfigure.web.servlet.DispatcherServletAutoConfiguration$DispatcherServletRegistrationConfiguration'
2024-09-10T20:48:08.448+09:00 TRACE 86442 --- [learn-spring-boot] [           main] o.s.b.f.s.DefaultListableBeanFactory     : Returning cached instance of singleton bean 'dispatcherServletRegistration'
2024-09-10T20:48:08.448+09:00 DEBUG 86442 --- [learn-spring-boot] [           main] o.s.b.f.s.DefaultListableBeanFactory     : Creating shared instance of singleton bean 'org.springframework.boot.autoconfigure.web.servlet.DispatcherServletAutoConfiguration'
2024-09-10T20:48:08.448+09:00 TRACE 86442 --- [learn-spring-boot] [           main] o.s.b.f.s.DefaultListableBeanFactory     : Creating instance of bean 'org.springframework.boot.autoconfigure.web.servlet.DispatcherServletAutoConfiguration'
2024-09-10T20:48:08.449+09:00 TRACE 86442 --- [learn-spring-boot] [           main] o.s.b.f.s.DefaultListableBeanFactory     : Finished creating instance of bean 'org.springframework.boot.autoconfigure.web.servlet.DispatcherServletAutoConfiguration'
2024-09-10T20:48:08.449+09:00 DEBUG 86442 --- [learn-spring-boot] [           main] o.s.b.f.s.DefaultListableBeanFactory     : Creating shared instance of singleton bean 'org.springframework.boot.autoconfigure.task.TaskExecutorConfigurations$ThreadPoolTaskExecutorBuilderConfiguration'
2024-09-10T20:48:08.449+09:00 TRACE 86442 --- [learn-spring-boot] [           main] o.s.b.f.s.DefaultListableBeanFactory     : Creating instance of bean 'org.springframework.boot.autoconfigure.task.TaskExecutorConfigurations$ThreadPoolTaskExecutorBuilderConfiguration'
2024-09-10T20:48:08.449+09:00 TRACE 86442 --- [learn-spring-boot] [           main] o.s.b.f.s.DefaultListableBeanFactory     : Finished creating instance of bean 'org.springframework.boot.autoconfigure.task.TaskExecutorConfigurations$ThreadPoolTaskExecutorBuilderConfiguration'
2024-09-10T20:48:08.449+09:00 DEBUG 86442 --- [learn-spring-boot] [           main] o.s.b.f.s.DefaultListableBeanFactory     : Creating shared instance of singleton bean 'threadPoolTaskExecutorBuilder'
2024-09-10T20:48:08.449+09:00 TRACE 86442 --- [learn-spring-boot] [           main] o.s.b.f.s.DefaultListableBeanFactory     : Creating instance of bean 'threadPoolTaskExecutorBuilder'
2024-09-10T20:48:08.449+09:00 TRACE 86442 --- [learn-spring-boot] [           main] o.s.b.f.s.DefaultListableBeanFactory     : Returning cached instance of singleton bean 'org.springframework.boot.autoconfigure.task.TaskExecutorConfigurations$ThreadPoolTaskExecutorBuilderConfiguration'
2024-09-10T20:48:08.449+09:00 DEBUG 86442 --- [learn-spring-boot] [           main] o.s.b.f.s.DefaultListableBeanFactory     : Creating shared instance of singleton bean 'spring.task.execution-org.springframework.boot.autoconfigure.task.TaskExecutionProperties'
2024-09-10T20:48:08.449+09:00 TRACE 86442 --- [learn-spring-boot] [           main] o.s.b.f.s.DefaultListableBeanFactory     : Creating instance of bean 'spring.task.execution-org.springframework.boot.autoconfigure.task.TaskExecutionProperties'
2024-09-10T20:48:08.450+09:00 TRACE 86442 --- [learn-spring-boot] [           main] o.s.b.f.s.DefaultListableBeanFactory     : Returning cached instance of singleton bean 'org.springframework.boot.context.properties.BoundConfigurationProperties'
2024-09-10T20:48:08.450+09:00 TRACE 86442 --- [learn-spring-boot] [           main] o.s.b.f.s.DefaultListableBeanFactory     : Finished creating instance of bean 'spring.task.execution-org.springframework.boot.autoconfigure.task.TaskExecutionProperties'
2024-09-10T20:48:08.450+09:00 DEBUG 86442 --- [learn-spring-boot] [           main] o.s.b.f.s.DefaultListableBeanFactory     : Autowiring by type from bean name 'threadPoolTaskExecutorBuilder' via factory method to bean named 'spring.task.execution-org.springframework.boot.autoconfigure.task.TaskExecutionProperties'
2024-09-10T20:48:08.452+09:00 TRACE 86442 --- [learn-spring-boot] [           main] o.s.b.f.s.DefaultListableBeanFactory     : Finished creating instance of bean 'threadPoolTaskExecutorBuilder'
2024-09-10T20:48:08.452+09:00 DEBUG 86442 --- [learn-spring-boot] [           main] o.s.b.f.s.DefaultListableBeanFactory     : Creating shared instance of singleton bean 'org.springframework.boot.autoconfigure.task.TaskExecutorConfigurations$SimpleAsyncTaskExecutorBuilderConfiguration'
2024-09-10T20:48:08.452+09:00 TRACE 86442 --- [learn-spring-boot] [           main] o.s.b.f.s.DefaultListableBeanFactory     : Creating instance of bean 'org.springframework.boot.autoconfigure.task.TaskExecutorConfigurations$SimpleAsyncTaskExecutorBuilderConfiguration'
2024-09-10T20:48:08.452+09:00 TRACE 86442 --- [learn-spring-boot] [           main] o.s.b.f.s.DefaultListableBeanFactory     : Returning cached instance of singleton bean 'spring.task.execution-org.springframework.boot.autoconfigure.task.TaskExecutionProperties'
2024-09-10T20:48:08.452+09:00 DEBUG 86442 --- [learn-spring-boot] [           main] o.s.b.f.s.DefaultListableBeanFactory     : Autowiring by type from bean name 'org.springframework.boot.autoconfigure.task.TaskExecutorConfigurations$SimpleAsyncTaskExecutorBuilderConfiguration' via constructor to bean named 'spring.task.execution-org.springframework.boot.autoconfigure.task.TaskExecutionProperties'
2024-09-10T20:48:08.453+09:00 TRACE 86442 --- [learn-spring-boot] [           main] o.s.b.f.s.DefaultListableBeanFactory     : Finished creating instance of bean 'org.springframework.boot.autoconfigure.task.TaskExecutorConfigurations$SimpleAsyncTaskExecutorBuilderConfiguration'
2024-09-10T20:48:08.453+09:00 DEBUG 86442 --- [learn-spring-boot] [           main] o.s.b.f.s.DefaultListableBeanFactory     : Creating shared instance of singleton bean 'simpleAsyncTaskExecutorBuilder'
2024-09-10T20:48:08.453+09:00 TRACE 86442 --- [learn-spring-boot] [           main] o.s.b.f.s.DefaultListableBeanFactory     : Creating instance of bean 'simpleAsyncTaskExecutorBuilder'
2024-09-10T20:48:08.453+09:00 TRACE 86442 --- [learn-spring-boot] [           main] o.s.b.f.s.DefaultListableBeanFactory     : Returning cached instance of singleton bean 'org.springframework.boot.autoconfigure.task.TaskExecutorConfigurations$SimpleAsyncTaskExecutorBuilderConfiguration'
2024-09-10T20:48:08.453+09:00 TRACE 86442 --- [learn-spring-boot] [           main] o.s.b.f.s.DefaultListableBeanFactory     : Finished creating instance of bean 'simpleAsyncTaskExecutorBuilder'
2024-09-10T20:48:08.453+09:00 DEBUG 86442 --- [learn-spring-boot] [           main] o.s.b.f.s.DefaultListableBeanFactory     : Creating shared instance of singleton bean 'org.springframework.boot.autoconfigure.task.TaskExecutorConfigurations$TaskExecutorConfiguration'
2024-09-10T20:48:08.453+09:00 TRACE 86442 --- [learn-spring-boot] [           main] o.s.b.f.s.DefaultListableBeanFactory     : Creating instance of bean 'org.springframework.boot.autoconfigure.task.TaskExecutorConfigurations$TaskExecutorConfiguration'
2024-09-10T20:48:08.453+09:00 TRACE 86442 --- [learn-spring-boot] [           main] o.s.b.f.s.DefaultListableBeanFactory     : Finished creating instance of bean 'org.springframework.boot.autoconfigure.task.TaskExecutorConfigurations$TaskExecutorConfiguration'
2024-09-10T20:48:08.454+09:00 DEBUG 86442 --- [learn-spring-boot] [           main] o.s.b.f.s.DefaultListableBeanFactory     : Creating shared instance of singleton bean 'org.springframework.boot.autoconfigure.task.TaskExecutionAutoConfiguration'
2024-09-10T20:48:08.454+09:00 TRACE 86442 --- [learn-spring-boot] [           main] o.s.b.f.s.DefaultListableBeanFactory     : Creating instance of bean 'org.springframework.boot.autoconfigure.task.TaskExecutionAutoConfiguration'
2024-09-10T20:48:08.454+09:00 TRACE 86442 --- [learn-spring-boot] [           main] o.s.b.f.s.DefaultListableBeanFactory     : Finished creating instance of bean 'org.springframework.boot.autoconfigure.task.TaskExecutionAutoConfiguration'
2024-09-10T20:48:08.454+09:00 TRACE 86442 --- [learn-spring-boot] [           main] o.s.b.f.s.DefaultListableBeanFactory     : Returning cached instance of singleton bean 'spring.task.execution-org.springframework.boot.autoconfigure.task.TaskExecutionProperties'
2024-09-10T20:48:08.454+09:00 DEBUG 86442 --- [learn-spring-boot] [           main] o.s.b.f.s.DefaultListableBeanFactory     : Creating shared instance of singleton bean 'org.springframework.boot.autoconfigure.web.servlet.error.ErrorMvcAutoConfiguration$WhitelabelErrorViewConfiguration'
2024-09-10T20:48:08.454+09:00 TRACE 86442 --- [learn-spring-boot] [           main] o.s.b.f.s.DefaultListableBeanFactory     : Creating instance of bean 'org.springframework.boot.autoconfigure.web.servlet.error.ErrorMvcAutoConfiguration$WhitelabelErrorViewConfiguration'
2024-09-10T20:48:08.454+09:00 TRACE 86442 --- [learn-spring-boot] [           main] o.s.b.f.s.DefaultListableBeanFactory     : Finished creating instance of bean 'org.springframework.boot.autoconfigure.web.servlet.error.ErrorMvcAutoConfiguration$WhitelabelErrorViewConfiguration'
2024-09-10T20:48:08.454+09:00 DEBUG 86442 --- [learn-spring-boot] [           main] o.s.b.f.s.DefaultListableBeanFactory     : Creating shared instance of singleton bean 'error'
2024-09-10T20:48:08.454+09:00 TRACE 86442 --- [learn-spring-boot] [           main] o.s.b.f.s.DefaultListableBeanFactory     : Creating instance of bean 'error'
2024-09-10T20:48:08.454+09:00 TRACE 86442 --- [learn-spring-boot] [           main] o.s.b.f.s.DefaultListableBeanFactory     : Returning cached instance of singleton bean 'org.springframework.boot.autoconfigure.web.servlet.error.ErrorMvcAutoConfiguration$WhitelabelErrorViewConfiguration'
2024-09-10T20:48:08.454+09:00 TRACE 86442 --- [learn-spring-boot] [           main] o.s.b.f.s.DefaultListableBeanFactory     : Finished creating instance of bean 'error'
2024-09-10T20:48:08.454+09:00 DEBUG 86442 --- [learn-spring-boot] [           main] o.s.b.f.s.DefaultListableBeanFactory     : Creating shared instance of singleton bean 'beanNameViewResolver'
2024-09-10T20:48:08.454+09:00 TRACE 86442 --- [learn-spring-boot] [           main] o.s.b.f.s.DefaultListableBeanFactory     : Creating instance of bean 'beanNameViewResolver'
2024-09-10T20:48:08.454+09:00 TRACE 86442 --- [learn-spring-boot] [           main] o.s.b.f.s.DefaultListableBeanFactory     : Returning cached instance of singleton bean 'org.springframework.boot.autoconfigure.web.servlet.error.ErrorMvcAutoConfiguration$WhitelabelErrorViewConfiguration'
2024-09-10T20:48:08.456+09:00 TRACE 86442 --- [learn-spring-boot] [           main] o.s.b.f.s.DefaultListableBeanFactory     : Finished creating instance of bean 'beanNameViewResolver'
2024-09-10T20:48:08.456+09:00 DEBUG 86442 --- [learn-spring-boot] [           main] o.s.b.f.s.DefaultListableBeanFactory     : Creating shared instance of singleton bean 'org.springframework.boot.autoconfigure.web.servlet.error.ErrorMvcAutoConfiguration$DefaultErrorViewResolverConfiguration'
2024-09-10T20:48:08.456+09:00 TRACE 86442 --- [learn-spring-boot] [           main] o.s.b.f.s.DefaultListableBeanFactory     : Creating instance of bean 'org.springframework.boot.autoconfigure.web.servlet.error.ErrorMvcAutoConfiguration$DefaultErrorViewResolverConfiguration'
2024-09-10T20:48:08.456+09:00 DEBUG 86442 --- [learn-spring-boot] [           main] o.s.b.f.s.DefaultListableBeanFactory     : Creating shared instance of singleton bean 'spring.web-org.springframework.boot.autoconfigure.web.WebProperties'
2024-09-10T20:48:08.456+09:00 TRACE 86442 --- [learn-spring-boot] [           main] o.s.b.f.s.DefaultListableBeanFactory     : Creating instance of bean 'spring.web-org.springframework.boot.autoconfigure.web.WebProperties'
2024-09-10T20:48:08.458+09:00 TRACE 86442 --- [learn-spring-boot] [           main] o.s.b.f.s.DefaultListableBeanFactory     : Returning cached instance of singleton bean 'org.springframework.boot.context.properties.BoundConfigurationProperties'
2024-09-10T20:48:08.459+09:00 TRACE 86442 --- [learn-spring-boot] [           main] o.s.b.f.s.DefaultListableBeanFactory     : Finished creating instance of bean 'spring.web-org.springframework.boot.autoconfigure.web.WebProperties'
2024-09-10T20:48:08.459+09:00 DEBUG 86442 --- [learn-spring-boot] [           main] o.s.b.f.s.DefaultListableBeanFactory     : Autowiring by type from bean name 'org.springframework.boot.autoconfigure.web.servlet.error.ErrorMvcAutoConfiguration$DefaultErrorViewResolverConfiguration' via constructor to bean named 'org.springframework.web.context.support.GenericWebApplicationContext@61a5b4ae'
2024-09-10T20:48:08.459+09:00 DEBUG 86442 --- [learn-spring-boot] [           main] o.s.b.f.s.DefaultListableBeanFactory     : Autowiring by type from bean name 'org.springframework.boot.autoconfigure.web.servlet.error.ErrorMvcAutoConfiguration$DefaultErrorViewResolverConfiguration' via constructor to bean named 'spring.web-org.springframework.boot.autoconfigure.web.WebProperties'
2024-09-10T20:48:08.459+09:00 TRACE 86442 --- [learn-spring-boot] [           main] o.s.b.f.s.DefaultListableBeanFactory     : Finished creating instance of bean 'org.springframework.boot.autoconfigure.web.servlet.error.ErrorMvcAutoConfiguration$DefaultErrorViewResolverConfiguration'
2024-09-10T20:48:08.459+09:00 DEBUG 86442 --- [learn-spring-boot] [           main] o.s.b.f.s.DefaultListableBeanFactory     : Creating shared instance of singleton bean 'conventionErrorViewResolver'
2024-09-10T20:48:08.459+09:00 TRACE 86442 --- [learn-spring-boot] [           main] o.s.b.f.s.DefaultListableBeanFactory     : Creating instance of bean 'conventionErrorViewResolver'
2024-09-10T20:48:08.459+09:00 TRACE 86442 --- [learn-spring-boot] [           main] o.s.b.f.s.DefaultListableBeanFactory     : Returning cached instance of singleton bean 'org.springframework.boot.autoconfigure.web.servlet.error.ErrorMvcAutoConfiguration$DefaultErrorViewResolverConfiguration'
2024-09-10T20:48:08.460+09:00 TRACE 86442 --- [learn-spring-boot] [           main] o.s.c.io.support.SpringFactoriesLoader   : Loaded [org.springframework.boot.autoconfigure.template.TemplateAvailabilityProvider] names: [org.springframework.boot.autoconfigure.freemarker.FreeMarkerTemplateAvailabilityProvider, org.springframework.boot.autoconfigure.mustache.MustacheTemplateAvailabilityProvider, org.springframework.boot.autoconfigure.groovy.template.GroovyTemplateAvailabilityProvider, org.springframework.boot.autoconfigure.thymeleaf.ThymeleafTemplateAvailabilityProvider, org.springframework.boot.autoconfigure.web.servlet.JspTemplateAvailabilityProvider]
2024-09-10T20:48:08.460+09:00 TRACE 86442 --- [learn-spring-boot] [           main] o.s.b.f.s.DefaultListableBeanFactory     : Finished creating instance of bean 'conventionErrorViewResolver'
2024-09-10T20:48:08.460+09:00 TRACE 86442 --- [learn-spring-boot] [           main] o.s.b.f.s.DefaultListableBeanFactory     : Returning cached instance of singleton bean 'spring.web-org.springframework.boot.autoconfigure.web.WebProperties'
2024-09-10T20:48:08.460+09:00 TRACE 86442 --- [learn-spring-boot] [           main] o.s.b.f.s.DefaultListableBeanFactory     : Returning cached instance of singleton bean 'org.springframework.boot.autoconfigure.web.servlet.error.ErrorMvcAutoConfiguration'
2024-09-10T20:48:08.460+09:00 DEBUG 86442 --- [learn-spring-boot] [           main] o.s.b.f.s.DefaultListableBeanFactory     : Creating shared instance of singleton bean 'errorAttributes'
2024-09-10T20:48:08.460+09:00 TRACE 86442 --- [learn-spring-boot] [           main] o.s.b.f.s.DefaultListableBeanFactory     : Creating instance of bean 'errorAttributes'
2024-09-10T20:48:08.460+09:00 TRACE 86442 --- [learn-spring-boot] [           main] o.s.b.f.s.DefaultListableBeanFactory     : Returning cached instance of singleton bean 'org.springframework.boot.autoconfigure.web.servlet.error.ErrorMvcAutoConfiguration'
2024-09-10T20:48:08.461+09:00 TRACE 86442 --- [learn-spring-boot] [           main] o.s.b.f.s.DefaultListableBeanFactory     : Finished creating instance of bean 'errorAttributes'
2024-09-10T20:48:08.461+09:00 DEBUG 86442 --- [learn-spring-boot] [           main] o.s.b.f.s.DefaultListableBeanFactory     : Creating shared instance of singleton bean 'basicErrorController'
2024-09-10T20:48:08.461+09:00 TRACE 86442 --- [learn-spring-boot] [           main] o.s.b.f.s.DefaultListableBeanFactory     : Creating instance of bean 'basicErrorController'
2024-09-10T20:48:08.461+09:00 TRACE 86442 --- [learn-spring-boot] [           main] o.s.b.f.s.DefaultListableBeanFactory     : Returning cached instance of singleton bean 'org.springframework.boot.autoconfigure.web.servlet.error.ErrorMvcAutoConfiguration'
2024-09-10T20:48:08.461+09:00 TRACE 86442 --- [learn-spring-boot] [           main] o.s.b.f.s.DefaultListableBeanFactory     : Returning cached instance of singleton bean 'errorAttributes'
2024-09-10T20:48:08.461+09:00 DEBUG 86442 --- [learn-spring-boot] [           main] o.s.b.f.s.DefaultListableBeanFactory     : Autowiring by type from bean name 'basicErrorController' via factory method to bean named 'errorAttributes'
2024-09-10T20:48:08.462+09:00 TRACE 86442 --- [learn-spring-boot] [           main] o.s.b.f.s.DefaultListableBeanFactory     : Returning cached instance of singleton bean 'conventionErrorViewResolver'
2024-09-10T20:48:08.462+09:00 TRACE 86442 --- [learn-spring-boot] [           main] o.s.b.f.s.DefaultListableBeanFactory     : Returning cached instance of singleton bean 'conventionErrorViewResolver'
2024-09-10T20:48:08.464+09:00 TRACE 86442 --- [learn-spring-boot] [           main] o.s.b.f.s.DefaultListableBeanFactory     : Finished creating instance of bean 'basicErrorController'
2024-09-10T20:48:08.464+09:00 TRACE 86442 --- [learn-spring-boot] [           main] o.s.b.f.s.DefaultListableBeanFactory     : Returning cached instance of singleton bean 'errorPageCustomizer'
2024-09-10T20:48:08.464+09:00 TRACE 86442 --- [learn-spring-boot] [           main] o.s.b.f.s.DefaultListableBeanFactory     : Returning cached instance of singleton bean 'preserveErrorControllerTargetClassPostProcessor'
2024-09-10T20:48:08.464+09:00 DEBUG 86442 --- [learn-spring-boot] [           main] o.s.b.f.s.DefaultListableBeanFactory     : Creating shared instance of singleton bean 'org.springframework.boot.autoconfigure.web.servlet.WebMvcAutoConfiguration$EnableWebMvcConfiguration'
2024-09-10T20:48:08.464+09:00 TRACE 86442 --- [learn-spring-boot] [           main] o.s.b.f.s.DefaultListableBeanFactory     : Creating instance of bean 'org.springframework.boot.autoconfigure.web.servlet.WebMvcAutoConfiguration$EnableWebMvcConfiguration'
2024-09-10T20:48:08.464+09:00 TRACE 86442 --- [learn-spring-boot] [           main] o.s.b.f.s.DefaultListableBeanFactory     : Returning cached instance of singleton bean 'spring.mvc-org.springframework.boot.autoconfigure.web.servlet.WebMvcProperties'
2024-09-10T20:48:08.464+09:00 TRACE 86442 --- [learn-spring-boot] [           main] o.s.b.f.s.DefaultListableBeanFactory     : Returning cached instance of singleton bean 'spring.web-org.springframework.boot.autoconfigure.web.WebProperties'
2024-09-10T20:48:08.465+09:00 DEBUG 86442 --- [learn-spring-boot] [           main] o.s.b.f.s.DefaultListableBeanFactory     : Autowiring by type from bean name 'org.springframework.boot.autoconfigure.web.servlet.WebMvcAutoConfiguration$EnableWebMvcConfiguration' via constructor to bean named 'spring.mvc-org.springframework.boot.autoconfigure.web.servlet.WebMvcProperties'
2024-09-10T20:48:08.465+09:00 DEBUG 86442 --- [learn-spring-boot] [           main] o.s.b.f.s.DefaultListableBeanFactory     : Autowiring by type from bean name 'org.springframework.boot.autoconfigure.web.servlet.WebMvcAutoConfiguration$EnableWebMvcConfiguration' via constructor to bean named 'spring.web-org.springframework.boot.autoconfigure.web.WebProperties'
2024-09-10T20:48:08.465+09:00 DEBUG 86442 --- [learn-spring-boot] [           main] o.s.b.f.s.DefaultListableBeanFactory     : Autowiring by type from bean name 'org.springframework.boot.autoconfigure.web.servlet.WebMvcAutoConfiguration$EnableWebMvcConfiguration' via constructor to bean named 'org.springframework.beans.factory.support.DefaultListableBeanFactory@49096b06'
2024-09-10T20:48:08.466+09:00 TRACE 86442 --- [learn-spring-boot] [           main] o.s.beans.CachedIntrospectionResults     : Getting BeanInfo for class [org.springframework.boot.autoconfigure.web.servlet.WebMvcAutoConfiguration$EnableWebMvcConfiguration]
2024-09-10T20:48:08.467+09:00 TRACE 86442 --- [learn-spring-boot] [           main] o.s.beans.CachedIntrospectionResults     : Caching PropertyDescriptors for class [org.springframework.boot.autoconfigure.web.servlet.WebMvcAutoConfiguration$EnableWebMvcConfiguration]
2024-09-10T20:48:08.467+09:00 TRACE 86442 --- [learn-spring-boot] [           main] o.s.beans.CachedIntrospectionResults     : Found bean property 'applicationContext' of type [org.springframework.context.ApplicationContext]
2024-09-10T20:48:08.467+09:00 TRACE 86442 --- [learn-spring-boot] [           main] o.s.beans.CachedIntrospectionResults     : Found bean property 'class' of type [java.lang.Class]
2024-09-10T20:48:08.467+09:00 TRACE 86442 --- [learn-spring-boot] [           main] o.s.beans.CachedIntrospectionResults     : Found bean property 'configurers' of type [java.util.List]
2024-09-10T20:48:08.467+09:00 TRACE 86442 --- [learn-spring-boot] [           main] o.s.beans.CachedIntrospectionResults     : Found bean property 'resourceLoader' of type [org.springframework.core.io.ResourceLoader]
2024-09-10T20:48:08.467+09:00 TRACE 86442 --- [learn-spring-boot] [           main] o.s.beans.CachedIntrospectionResults     : Found bean property 'servletContext' of type [jakarta.servlet.ServletContext]
2024-09-10T20:48:08.468+09:00 DEBUG 86442 --- [learn-spring-boot] [           main] o.s.b.f.s.DefaultListableBeanFactory     : Creating shared instance of singleton bean 'org.springframework.boot.autoconfigure.web.servlet.WebMvcAutoConfiguration$WebMvcAutoConfigurationAdapter'
2024-09-10T20:48:08.468+09:00 TRACE 86442 --- [learn-spring-boot] [           main] o.s.b.f.s.DefaultListableBeanFactory     : Creating instance of bean 'org.springframework.boot.autoconfigure.web.servlet.WebMvcAutoConfiguration$WebMvcAutoConfigurationAdapter'
2024-09-10T20:48:08.468+09:00 TRACE 86442 --- [learn-spring-boot] [           main] o.s.b.f.s.DefaultListableBeanFactory     : Returning cached instance of singleton bean 'spring.web-org.springframework.boot.autoconfigure.web.WebProperties'
2024-09-10T20:48:08.468+09:00 TRACE 86442 --- [learn-spring-boot] [           main] o.s.b.f.s.DefaultListableBeanFactory     : Returning cached instance of singleton bean 'spring.mvc-org.springframework.boot.autoconfigure.web.servlet.WebMvcProperties'
2024-09-10T20:48:08.468+09:00 DEBUG 86442 --- [learn-spring-boot] [           main] o.s.b.f.s.DefaultListableBeanFactory     : Autowiring by type from bean name 'org.springframework.boot.autoconfigure.web.servlet.WebMvcAutoConfiguration$WebMvcAutoConfigurationAdapter' via constructor to bean named 'spring.web-org.springframework.boot.autoconfigure.web.WebProperties'
2024-09-10T20:48:08.468+09:00 DEBUG 86442 --- [learn-spring-boot] [           main] o.s.b.f.s.DefaultListableBeanFactory     : Autowiring by type from bean name 'org.springframework.boot.autoconfigure.web.servlet.WebMvcAutoConfiguration$WebMvcAutoConfigurationAdapter' via constructor to bean named 'spring.mvc-org.springframework.boot.autoconfigure.web.servlet.WebMvcProperties'
2024-09-10T20:48:08.468+09:00 DEBUG 86442 --- [learn-spring-boot] [           main] o.s.b.f.s.DefaultListableBeanFactory     : Autowiring by type from bean name 'org.springframework.boot.autoconfigure.web.servlet.WebMvcAutoConfiguration$WebMvcAutoConfigurationAdapter' via constructor to bean named 'org.springframework.beans.factory.support.DefaultListableBeanFactory@49096b06'
2024-09-10T20:48:08.470+09:00 TRACE 86442 --- [learn-spring-boot] [           main] o.s.b.f.s.DefaultListableBeanFactory     : Finished creating instance of bean 'org.springframework.boot.autoconfigure.web.servlet.WebMvcAutoConfiguration$WebMvcAutoConfigurationAdapter'
2024-09-10T20:48:08.470+09:00 DEBUG 86442 --- [learn-spring-boot] [           main] o.s.b.f.s.DefaultListableBeanFactory     : Creating shared instance of singleton bean 'endpointObjectMapperWebMvcConfigurer'
2024-09-10T20:48:08.470+09:00 TRACE 86442 --- [learn-spring-boot] [           main] o.s.b.f.s.DefaultListableBeanFactory     : Creating instance of bean 'endpointObjectMapperWebMvcConfigurer'
2024-09-10T20:48:08.470+09:00 DEBUG 86442 --- [learn-spring-boot] [           main] o.s.b.f.s.DefaultListableBeanFactory     : Creating shared instance of singleton bean 'endpointObjectMapper'
2024-09-10T20:48:08.470+09:00 TRACE 86442 --- [learn-spring-boot] [           main] o.s.b.f.s.DefaultListableBeanFactory     : Creating instance of bean 'endpointObjectMapper'
2024-09-10T20:48:08.470+09:00 DEBUG 86442 --- [learn-spring-boot] [           main] o.s.b.f.s.DefaultListableBeanFactory     : Creating shared instance of singleton bean 'org.springframework.boot.actuate.autoconfigure.endpoint.jackson.JacksonEndpointAutoConfiguration'
2024-09-10T20:48:08.470+09:00 TRACE 86442 --- [learn-spring-boot] [           main] o.s.b.f.s.DefaultListableBeanFactory     : Creating instance of bean 'org.springframework.boot.actuate.autoconfigure.endpoint.jackson.JacksonEndpointAutoConfiguration'
2024-09-10T20:48:08.470+09:00 TRACE 86442 --- [learn-spring-boot] [           main] o.s.b.f.s.DefaultListableBeanFactory     : Finished creating instance of bean 'org.springframework.boot.actuate.autoconfigure.endpoint.jackson.JacksonEndpointAutoConfiguration'
2024-09-10T20:48:08.471+09:00 TRACE 86442 --- [learn-spring-boot] [           main] o.s.b.f.s.DefaultListableBeanFactory     : Finished creating instance of bean 'endpointObjectMapper'
2024-09-10T20:48:08.471+09:00 DEBUG 86442 --- [learn-spring-boot] [           main] o.s.b.f.s.DefaultListableBeanFactory     : Autowiring by type from bean name 'endpointObjectMapperWebMvcConfigurer' via factory method to bean named 'endpointObjectMapper'
2024-09-10T20:48:08.471+09:00 TRACE 86442 --- [learn-spring-boot] [           main] o.s.b.f.s.DefaultListableBeanFactory     : Finished creating instance of bean 'endpointObjectMapperWebMvcConfigurer'
2024-09-10T20:48:08.471+09:00 TRACE 86442 --- [learn-spring-boot] [           main] f.a.AutowiredAnnotationBeanPostProcessor : Autowiring by type from bean name 'org.springframework.boot.autoconfigure.web.servlet.WebMvcAutoConfiguration$EnableWebMvcConfiguration' to bean named 'org.springframework.boot.autoconfigure.web.servlet.WebMvcAutoConfiguration$WebMvcAutoConfigurationAdapter'
2024-09-10T20:48:08.471+09:00 TRACE 86442 --- [learn-spring-boot] [           main] f.a.AutowiredAnnotationBeanPostProcessor : Autowiring by type from bean name 'org.springframework.boot.autoconfigure.web.servlet.WebMvcAutoConfiguration$EnableWebMvcConfiguration' to bean named 'endpointObjectMapperWebMvcConfigurer'
2024-09-10T20:48:08.471+09:00 TRACE 86442 --- [learn-spring-boot] [           main] o.s.b.f.s.DefaultListableBeanFactory     : Finished creating instance of bean 'org.springframework.boot.autoconfigure.web.servlet.WebMvcAutoConfiguration$EnableWebMvcConfiguration'
2024-09-10T20:48:08.471+09:00 DEBUG 86442 --- [learn-spring-boot] [           main] o.s.b.f.s.DefaultListableBeanFactory     : Creating shared instance of singleton bean 'welcomePageHandlerMapping'
2024-09-10T20:48:08.471+09:00 TRACE 86442 --- [learn-spring-boot] [           main] o.s.b.f.s.DefaultListableBeanFactory     : Creating instance of bean 'welcomePageHandlerMapping'
2024-09-10T20:48:08.472+09:00 TRACE 86442 --- [learn-spring-boot] [           main] o.s.b.f.s.DefaultListableBeanFactory     : Returning cached instance of singleton bean 'org.springframework.boot.autoconfigure.web.servlet.WebMvcAutoConfiguration$EnableWebMvcConfiguration'
2024-09-10T20:48:08.472+09:00 DEBUG 86442 --- [learn-spring-boot] [           main] o.s.b.f.s.DefaultListableBeanFactory     : Creating shared instance of singleton bean 'mvcConversionService'
2024-09-10T20:48:08.472+09:00 TRACE 86442 --- [learn-spring-boot] [           main] o.s.b.f.s.DefaultListableBeanFactory     : Creating instance of bean 'mvcConversionService'
2024-09-10T20:48:08.472+09:00 TRACE 86442 --- [learn-spring-boot] [           main] o.s.b.f.s.DefaultListableBeanFactory     : Returning cached instance of singleton bean 'org.springframework.boot.autoconfigure.web.servlet.WebMvcAutoConfiguration$EnableWebMvcConfiguration'
2024-09-10T20:48:08.473+09:00 TRACE 86442 --- [learn-spring-boot] [           main] o.s.b.f.s.DefaultListableBeanFactory     : Finished creating instance of bean 'mvcConversionService'
2024-09-10T20:48:08.474+09:00 DEBUG 86442 --- [learn-spring-boot] [           main] o.s.b.f.s.DefaultListableBeanFactory     : Creating shared instance of singleton bean 'mvcResourceUrlProvider'
2024-09-10T20:48:08.474+09:00 TRACE 86442 --- [learn-spring-boot] [           main] o.s.b.f.s.DefaultListableBeanFactory     : Creating instance of bean 'mvcResourceUrlProvider'
2024-09-10T20:48:08.474+09:00 TRACE 86442 --- [learn-spring-boot] [           main] o.s.b.f.s.DefaultListableBeanFactory     : Returning cached instance of singleton bean 'org.springframework.boot.autoconfigure.web.servlet.WebMvcAutoConfiguration$EnableWebMvcConfiguration'
2024-09-10T20:48:08.474+09:00 TRACE 86442 --- [learn-spring-boot] [           main] o.s.b.f.s.DefaultListableBeanFactory     : Finished creating instance of bean 'mvcResourceUrlProvider'
2024-09-10T20:48:08.474+09:00 DEBUG 86442 --- [learn-spring-boot] [           main] o.s.b.f.s.DefaultListableBeanFactory     : Autowiring by type from bean name 'welcomePageHandlerMapping' via factory method to bean named 'org.springframework.web.context.support.GenericWebApplicationContext@61a5b4ae'
2024-09-10T20:48:08.475+09:00 DEBUG 86442 --- [learn-spring-boot] [           main] o.s.b.f.s.DefaultListableBeanFactory     : Autowiring by type from bean name 'welcomePageHandlerMapping' via factory method to bean named 'mvcConversionService'
2024-09-10T20:48:08.475+09:00 DEBUG 86442 --- [learn-spring-boot] [           main] o.s.b.f.s.DefaultListableBeanFactory     : Autowiring by type from bean name 'welcomePageHandlerMapping' via factory method to bean named 'mvcResourceUrlProvider'
2024-09-10T20:48:08.475+09:00 TRACE 86442 --- [learn-spring-boot] [           main] o.s.c.io.support.SpringFactoriesLoader   : Loaded [org.springframework.boot.autoconfigure.template.TemplateAvailabilityProvider] names: [org.springframework.boot.autoconfigure.freemarker.FreeMarkerTemplateAvailabilityProvider, org.springframework.boot.autoconfigure.mustache.MustacheTemplateAvailabilityProvider, org.springframework.boot.autoconfigure.groovy.template.GroovyTemplateAvailabilityProvider, org.springframework.boot.autoconfigure.thymeleaf.ThymeleafTemplateAvailabilityProvider, org.springframework.boot.autoconfigure.web.servlet.JspTemplateAvailabilityProvider]
2024-09-10T20:48:08.481+09:00 TRACE 86442 --- [learn-spring-boot] [           main] o.s.b.f.s.DefaultListableBeanFactory     : Finished creating instance of bean 'welcomePageHandlerMapping'
2024-09-10T20:48:08.481+09:00 DEBUG 86442 --- [learn-spring-boot] [           main] o.s.b.f.s.DefaultListableBeanFactory     : Creating shared instance of singleton bean 'welcomePageNotAcceptableHandlerMapping'
2024-09-10T20:48:08.481+09:00 TRACE 86442 --- [learn-spring-boot] [           main] o.s.b.f.s.DefaultListableBeanFactory     : Creating instance of bean 'welcomePageNotAcceptableHandlerMapping'
2024-09-10T20:48:08.481+09:00 TRACE 86442 --- [learn-spring-boot] [           main] o.s.b.f.s.DefaultListableBeanFactory     : Returning cached instance of singleton bean 'org.springframework.boot.autoconfigure.web.servlet.WebMvcAutoConfiguration$EnableWebMvcConfiguration'
2024-09-10T20:48:08.481+09:00 TRACE 86442 --- [learn-spring-boot] [           main] o.s.b.f.s.DefaultListableBeanFactory     : Returning cached instance of singleton bean 'mvcConversionService'
2024-09-10T20:48:08.481+09:00 TRACE 86442 --- [learn-spring-boot] [           main] o.s.b.f.s.DefaultListableBeanFactory     : Returning cached instance of singleton bean 'mvcResourceUrlProvider'
2024-09-10T20:48:08.481+09:00 DEBUG 86442 --- [learn-spring-boot] [           main] o.s.b.f.s.DefaultListableBeanFactory     : Autowiring by type from bean name 'welcomePageNotAcceptableHandlerMapping' via factory method to bean named 'org.springframework.web.context.support.GenericWebApplicationContext@61a5b4ae'
2024-09-10T20:48:08.481+09:00 DEBUG 86442 --- [learn-spring-boot] [           main] o.s.b.f.s.DefaultListableBeanFactory     : Autowiring by type from bean name 'welcomePageNotAcceptableHandlerMapping' via factory method to bean named 'mvcConversionService'
2024-09-10T20:48:08.481+09:00 DEBUG 86442 --- [learn-spring-boot] [           main] o.s.b.f.s.DefaultListableBeanFactory     : Autowiring by type from bean name 'welcomePageNotAcceptableHandlerMapping' via factory method to bean named 'mvcResourceUrlProvider'
2024-09-10T20:48:08.481+09:00 TRACE 86442 --- [learn-spring-boot] [           main] o.s.c.io.support.SpringFactoriesLoader   : Loaded [org.springframework.boot.autoconfigure.template.TemplateAvailabilityProvider] names: [org.springframework.boot.autoconfigure.freemarker.FreeMarkerTemplateAvailabilityProvider, org.springframework.boot.autoconfigure.mustache.MustacheTemplateAvailabilityProvider, org.springframework.boot.autoconfigure.groovy.template.GroovyTemplateAvailabilityProvider, org.springframework.boot.autoconfigure.thymeleaf.ThymeleafTemplateAvailabilityProvider, org.springframework.boot.autoconfigure.web.servlet.JspTemplateAvailabilityProvider]
2024-09-10T20:48:08.482+09:00 TRACE 86442 --- [learn-spring-boot] [           main] o.s.b.f.s.DefaultListableBeanFactory     : Finished creating instance of bean 'welcomePageNotAcceptableHandlerMapping'
2024-09-10T20:48:08.483+09:00 DEBUG 86442 --- [learn-spring-boot] [           main] o.s.b.f.s.DefaultListableBeanFactory     : Creating shared instance of singleton bean 'localeResolver'
2024-09-10T20:48:08.483+09:00 TRACE 86442 --- [learn-spring-boot] [           main] o.s.b.f.s.DefaultListableBeanFactory     : Creating instance of bean 'localeResolver'
2024-09-10T20:48:08.483+09:00 TRACE 86442 --- [learn-spring-boot] [           main] o.s.b.f.s.DefaultListableBeanFactory     : Returning cached instance of singleton bean 'org.springframework.boot.autoconfigure.web.servlet.WebMvcAutoConfiguration$EnableWebMvcConfiguration'
2024-09-10T20:48:08.483+09:00 TRACE 86442 --- [learn-spring-boot] [           main] o.s.b.f.s.DefaultListableBeanFactory     : Finished creating instance of bean 'localeResolver'
2024-09-10T20:48:08.483+09:00 DEBUG 86442 --- [learn-spring-boot] [           main] o.s.b.f.s.DefaultListableBeanFactory     : Creating shared instance of singleton bean 'themeResolver'
2024-09-10T20:48:08.483+09:00 TRACE 86442 --- [learn-spring-boot] [           main] o.s.b.f.s.DefaultListableBeanFactory     : Creating instance of bean 'themeResolver'
2024-09-10T20:48:08.483+09:00 TRACE 86442 --- [learn-spring-boot] [           main] o.s.b.f.s.DefaultListableBeanFactory     : Returning cached instance of singleton bean 'org.springframework.boot.autoconfigure.web.servlet.WebMvcAutoConfiguration$EnableWebMvcConfiguration'
2024-09-10T20:48:08.484+09:00 TRACE 86442 --- [learn-spring-boot] [           main] o.s.b.f.s.DefaultListableBeanFactory     : Finished creating instance of bean 'themeResolver'
2024-09-10T20:48:08.484+09:00 DEBUG 86442 --- [learn-spring-boot] [           main] o.s.b.f.s.DefaultListableBeanFactory     : Creating shared instance of singleton bean 'flashMapManager'
2024-09-10T20:48:08.484+09:00 TRACE 86442 --- [learn-spring-boot] [           main] o.s.b.f.s.DefaultListableBeanFactory     : Creating instance of bean 'flashMapManager'
2024-09-10T20:48:08.484+09:00 TRACE 86442 --- [learn-spring-boot] [           main] o.s.b.f.s.DefaultListableBeanFactory     : Returning cached instance of singleton bean 'org.springframework.boot.autoconfigure.web.servlet.WebMvcAutoConfiguration$EnableWebMvcConfiguration'
2024-09-10T20:48:08.485+09:00 TRACE 86442 --- [learn-spring-boot] [           main] o.s.b.f.s.DefaultListableBeanFactory     : Finished creating instance of bean 'flashMapManager'
2024-09-10T20:48:08.485+09:00 DEBUG 86442 --- [learn-spring-boot] [           main] o.s.b.f.s.DefaultListableBeanFactory     : Creating shared instance of singleton bean 'viewNameTranslator'
2024-09-10T20:48:08.485+09:00 TRACE 86442 --- [learn-spring-boot] [           main] o.s.b.f.s.DefaultListableBeanFactory     : Creating instance of bean 'viewNameTranslator'
2024-09-10T20:48:08.485+09:00 TRACE 86442 --- [learn-spring-boot] [           main] o.s.b.f.s.DefaultListableBeanFactory     : Returning cached instance of singleton bean 'org.springframework.boot.autoconfigure.web.servlet.WebMvcAutoConfiguration$EnableWebMvcConfiguration'
2024-09-10T20:48:08.485+09:00 TRACE 86442 --- [learn-spring-boot] [           main] o.s.b.f.s.DefaultListableBeanFactory     : Finished creating instance of bean 'viewNameTranslator'
2024-09-10T20:48:08.485+09:00 TRACE 86442 --- [learn-spring-boot] [           main] o.s.b.f.s.DefaultListableBeanFactory     : Returning cached instance of singleton bean 'mvcConversionService'
2024-09-10T20:48:08.485+09:00 DEBUG 86442 --- [learn-spring-boot] [           main] o.s.b.f.s.DefaultListableBeanFactory     : Creating shared instance of singleton bean 'mvcValidator'
2024-09-10T20:48:08.485+09:00 TRACE 86442 --- [learn-spring-boot] [           main] o.s.b.f.s.DefaultListableBeanFactory     : Creating instance of bean 'mvcValidator'
2024-09-10T20:48:08.485+09:00 TRACE 86442 --- [learn-spring-boot] [           main] o.s.b.f.s.DefaultListableBeanFactory     : Returning cached instance of singleton bean 'org.springframework.boot.autoconfigure.web.servlet.WebMvcAutoConfiguration$EnableWebMvcConfiguration'
2024-09-10T20:48:08.486+09:00 TRACE 86442 --- [learn-spring-boot] [           main] o.s.b.f.s.DefaultListableBeanFactory     : Finished creating instance of bean 'mvcValidator'
2024-09-10T20:48:08.486+09:00 DEBUG 86442 --- [learn-spring-boot] [           main] o.s.b.f.s.DefaultListableBeanFactory     : Creating shared instance of singleton bean 'mvcContentNegotiationManager'
2024-09-10T20:48:08.486+09:00 TRACE 86442 --- [learn-spring-boot] [           main] o.s.b.f.s.DefaultListableBeanFactory     : Creating instance of bean 'mvcContentNegotiationManager'
2024-09-10T20:48:08.486+09:00 TRACE 86442 --- [learn-spring-boot] [           main] o.s.b.f.s.DefaultListableBeanFactory     : Returning cached instance of singleton bean 'org.springframework.boot.autoconfigure.web.servlet.WebMvcAutoConfiguration$EnableWebMvcConfiguration'
2024-09-10T20:48:08.488+09:00 TRACE 86442 --- [learn-spring-boot] [           main] o.s.b.f.s.DefaultListableBeanFactory     : Finished creating instance of bean 'mvcContentNegotiationManager'
2024-09-10T20:48:08.488+09:00 DEBUG 86442 --- [learn-spring-boot] [           main] o.s.b.f.s.DefaultListableBeanFactory     : Creating shared instance of singleton bean 'requestMappingHandlerMapping'
2024-09-10T20:48:08.488+09:00 TRACE 86442 --- [learn-spring-boot] [           main] o.s.b.f.s.DefaultListableBeanFactory     : Creating instance of bean 'requestMappingHandlerMapping'
2024-09-10T20:48:08.488+09:00 TRACE 86442 --- [learn-spring-boot] [           main] o.s.b.f.s.DefaultListableBeanFactory     : Returning cached instance of singleton bean 'org.springframework.boot.autoconfigure.web.servlet.WebMvcAutoConfiguration$EnableWebMvcConfiguration'
2024-09-10T20:48:08.489+09:00 TRACE 86442 --- [learn-spring-boot] [           main] o.s.b.f.s.DefaultListableBeanFactory     : Returning cached instance of singleton bean 'mvcContentNegotiationManager'
2024-09-10T20:48:08.489+09:00 TRACE 86442 --- [learn-spring-boot] [           main] o.s.b.f.s.DefaultListableBeanFactory     : Returning cached instance of singleton bean 'mvcConversionService'
2024-09-10T20:48:08.489+09:00 TRACE 86442 --- [learn-spring-boot] [           main] o.s.b.f.s.DefaultListableBeanFactory     : Returning cached instance of singleton bean 'mvcResourceUrlProvider'
2024-09-10T20:48:08.489+09:00 DEBUG 86442 --- [learn-spring-boot] [           main] o.s.b.f.s.DefaultListableBeanFactory     : Autowiring by type from bean name 'requestMappingHandlerMapping' via factory method to bean named 'mvcContentNegotiationManager'
2024-09-10T20:48:08.489+09:00 DEBUG 86442 --- [learn-spring-boot] [           main] o.s.b.f.s.DefaultListableBeanFactory     : Autowiring by type from bean name 'requestMappingHandlerMapping' via factory method to bean named 'mvcConversionService'
2024-09-10T20:48:08.489+09:00 DEBUG 86442 --- [learn-spring-boot] [           main] o.s.b.f.s.DefaultListableBeanFactory     : Autowiring by type from bean name 'requestMappingHandlerMapping' via factory method to bean named 'mvcResourceUrlProvider'
2024-09-10T20:48:08.498+09:00 TRACE 86442 --- [learn-spring-boot] [           main] o.s.b.f.s.DefaultListableBeanFactory     : Invoking afterPropertiesSet() on bean with name 'requestMappingHandlerMapping'
2024-09-10T20:48:08.507+09:00 TRACE 86442 --- [learn-spring-boot] [           main] s.w.s.m.m.a.RequestMappingHandlerMapping : 
	c.i.s.l.CourseController:
	{ [/courses]}: retrieveAllCourses()
2024-09-10T20:48:08.509+09:00 TRACE 86442 --- [learn-spring-boot] [           main] s.w.s.m.m.a.RequestMappingHandlerMapping : 
	c.i.s.l.CurrencyConfigurationController:
	{ [/currency-configuration]}: retrieveAllCourses()
2024-09-10T20:48:08.510+09:00 TRACE 86442 --- [learn-spring-boot] [           main] o.s.c.e.PropertySourcesPropertyResolver  : Searching for key 'server.error.path' in PropertySource 'environmentProperties'
2024-09-10T20:48:08.510+09:00 TRACE 86442 --- [learn-spring-boot] [           main] o.s.c.e.PropertySourcesPropertyResolver  : Searching for key 'server.error.path' in PropertySource 'localProperties'
2024-09-10T20:48:08.510+09:00 TRACE 86442 --- [learn-spring-boot] [           main] o.s.c.e.PropertySourcesPropertyResolver  : Could not find key 'server.error.path' in any property source
2024-09-10T20:48:08.510+09:00 TRACE 86442 --- [learn-spring-boot] [           main] o.s.c.e.PropertySourcesPropertyResolver  : Searching for key 'error.path' in PropertySource 'environmentProperties'
2024-09-10T20:48:08.510+09:00 TRACE 86442 --- [learn-spring-boot] [           main] o.s.c.e.PropertySourcesPropertyResolver  : Searching for key 'error.path' in PropertySource 'localProperties'
2024-09-10T20:48:08.510+09:00 TRACE 86442 --- [learn-spring-boot] [           main] o.s.c.e.PropertySourcesPropertyResolver  : Could not find key 'error.path' in any property source
2024-09-10T20:48:08.511+09:00 TRACE 86442 --- [learn-spring-boot] [           main] o.s.c.e.PropertySourcesPropertyResolver  : Searching for key 'server.error.path' in PropertySource 'environmentProperties'
2024-09-10T20:48:08.511+09:00 TRACE 86442 --- [learn-spring-boot] [           main] o.s.c.e.PropertySourcesPropertyResolver  : Searching for key 'server.error.path' in PropertySource 'localProperties'
2024-09-10T20:48:08.511+09:00 TRACE 86442 --- [learn-spring-boot] [           main] o.s.c.e.PropertySourcesPropertyResolver  : Could not find key 'server.error.path' in any property source
2024-09-10T20:48:08.511+09:00 TRACE 86442 --- [learn-spring-boot] [           main] o.s.c.e.PropertySourcesPropertyResolver  : Searching for key 'error.path' in PropertySource 'environmentProperties'
2024-09-10T20:48:08.511+09:00 TRACE 86442 --- [learn-spring-boot] [           main] o.s.c.e.PropertySourcesPropertyResolver  : Searching for key 'error.path' in PropertySource 'localProperties'
2024-09-10T20:48:08.511+09:00 TRACE 86442 --- [learn-spring-boot] [           main] o.s.c.e.PropertySourcesPropertyResolver  : Could not find key 'error.path' in any property source
2024-09-10T20:48:08.511+09:00 TRACE 86442 --- [learn-spring-boot] [           main] s.w.s.m.m.a.RequestMappingHandlerMapping : 
	o.s.b.a.w.s.e.BasicErrorController:
	{ [/error]}: error(HttpServletRequest)
	{ [/error], produces [text/html]}: errorHtml(HttpServletRequest,HttpServletResponse)
2024-09-10T20:48:08.514+09:00 DEBUG 86442 --- [learn-spring-boot] [           main] s.w.s.m.m.a.RequestMappingHandlerMapping : 4 mappings in 'requestMappingHandlerMapping'
2024-09-10T20:48:08.514+09:00 TRACE 86442 --- [learn-spring-boot] [           main] o.s.b.f.s.DefaultListableBeanFactory     : Finished creating instance of bean 'requestMappingHandlerMapping'
2024-09-10T20:48:08.514+09:00 DEBUG 86442 --- [learn-spring-boot] [           main] o.s.b.f.s.DefaultListableBeanFactory     : Creating shared instance of singleton bean 'mvcPatternParser'
2024-09-10T20:48:08.514+09:00 TRACE 86442 --- [learn-spring-boot] [           main] o.s.b.f.s.DefaultListableBeanFactory     : Creating instance of bean 'mvcPatternParser'
2024-09-10T20:48:08.514+09:00 TRACE 86442 --- [learn-spring-boot] [           main] o.s.b.f.s.DefaultListableBeanFactory     : Returning cached instance of singleton bean 'org.springframework.boot.autoconfigure.web.servlet.WebMvcAutoConfiguration$EnableWebMvcConfiguration'
2024-09-10T20:48:08.514+09:00 TRACE 86442 --- [learn-spring-boot] [           main] o.s.b.f.s.DefaultListableBeanFactory     : Finished creating instance of bean 'mvcPatternParser'
2024-09-10T20:48:08.514+09:00 DEBUG 86442 --- [learn-spring-boot] [           main] o.s.b.f.s.DefaultListableBeanFactory     : Creating shared instance of singleton bean 'mvcUrlPathHelper'
2024-09-10T20:48:08.514+09:00 TRACE 86442 --- [learn-spring-boot] [           main] o.s.b.f.s.DefaultListableBeanFactory     : Creating instance of bean 'mvcUrlPathHelper'
2024-09-10T20:48:08.514+09:00 TRACE 86442 --- [learn-spring-boot] [           main] o.s.b.f.s.DefaultListableBeanFactory     : Returning cached instance of singleton bean 'org.springframework.boot.autoconfigure.web.servlet.WebMvcAutoConfiguration$EnableWebMvcConfiguration'
2024-09-10T20:48:08.515+09:00 TRACE 86442 --- [learn-spring-boot] [           main] o.s.b.f.s.DefaultListableBeanFactory     : Finished creating instance of bean 'mvcUrlPathHelper'
2024-09-10T20:48:08.515+09:00 DEBUG 86442 --- [learn-spring-boot] [           main] o.s.b.f.s.DefaultListableBeanFactory     : Creating shared instance of singleton bean 'mvcPathMatcher'
2024-09-10T20:48:08.515+09:00 TRACE 86442 --- [learn-spring-boot] [           main] o.s.b.f.s.DefaultListableBeanFactory     : Creating instance of bean 'mvcPathMatcher'
2024-09-10T20:48:08.515+09:00 TRACE 86442 --- [learn-spring-boot] [           main] o.s.b.f.s.DefaultListableBeanFactory     : Returning cached instance of singleton bean 'org.springframework.boot.autoconfigure.web.servlet.WebMvcAutoConfiguration$EnableWebMvcConfiguration'
2024-09-10T20:48:08.515+09:00 TRACE 86442 --- [learn-spring-boot] [           main] o.s.b.f.s.DefaultListableBeanFactory     : Finished creating instance of bean 'mvcPathMatcher'
2024-09-10T20:48:08.515+09:00 DEBUG 86442 --- [learn-spring-boot] [           main] o.s.b.f.s.DefaultListableBeanFactory     : Creating shared instance of singleton bean 'viewControllerHandlerMapping'
2024-09-10T20:48:08.515+09:00 TRACE 86442 --- [learn-spring-boot] [           main] o.s.b.f.s.DefaultListableBeanFactory     : Creating instance of bean 'viewControllerHandlerMapping'
2024-09-10T20:48:08.515+09:00 TRACE 86442 --- [learn-spring-boot] [           main] o.s.b.f.s.DefaultListableBeanFactory     : Returning cached instance of singleton bean 'org.springframework.boot.autoconfigure.web.servlet.WebMvcAutoConfiguration$EnableWebMvcConfiguration'
2024-09-10T20:48:08.515+09:00 TRACE 86442 --- [learn-spring-boot] [           main] o.s.b.f.s.DefaultListableBeanFactory     : Returning cached instance of singleton bean 'mvcConversionService'
2024-09-10T20:48:08.515+09:00 TRACE 86442 --- [learn-spring-boot] [           main] o.s.b.f.s.DefaultListableBeanFactory     : Returning cached instance of singleton bean 'mvcResourceUrlProvider'
2024-09-10T20:48:08.515+09:00 DEBUG 86442 --- [learn-spring-boot] [           main] o.s.b.f.s.DefaultListableBeanFactory     : Autowiring by type from bean name 'viewControllerHandlerMapping' via factory method to bean named 'mvcConversionService'
2024-09-10T20:48:08.515+09:00 DEBUG 86442 --- [learn-spring-boot] [           main] o.s.b.f.s.DefaultListableBeanFactory     : Autowiring by type from bean name 'viewControllerHandlerMapping' via factory method to bean named 'mvcResourceUrlProvider'
2024-09-10T20:48:08.515+09:00 TRACE 86442 --- [learn-spring-boot] [           main] o.s.b.f.s.DefaultListableBeanFactory     : Finished creating instance of bean 'viewControllerHandlerMapping'
2024-09-10T20:48:08.515+09:00 DEBUG 86442 --- [learn-spring-boot] [           main] o.s.b.f.s.DefaultListableBeanFactory     : Creating shared instance of singleton bean 'beanNameHandlerMapping'
2024-09-10T20:48:08.515+09:00 TRACE 86442 --- [learn-spring-boot] [           main] o.s.b.f.s.DefaultListableBeanFactory     : Creating instance of bean 'beanNameHandlerMapping'
2024-09-10T20:48:08.516+09:00 TRACE 86442 --- [learn-spring-boot] [           main] o.s.b.f.s.DefaultListableBeanFactory     : Returning cached instance of singleton bean 'org.springframework.boot.autoconfigure.web.servlet.WebMvcAutoConfiguration$EnableWebMvcConfiguration'
2024-09-10T20:48:08.516+09:00 TRACE 86442 --- [learn-spring-boot] [           main] o.s.b.f.s.DefaultListableBeanFactory     : Returning cached instance of singleton bean 'mvcConversionService'
2024-09-10T20:48:08.516+09:00 TRACE 86442 --- [learn-spring-boot] [           main] o.s.b.f.s.DefaultListableBeanFactory     : Returning cached instance of singleton bean 'mvcResourceUrlProvider'
2024-09-10T20:48:08.516+09:00 DEBUG 86442 --- [learn-spring-boot] [           main] o.s.b.f.s.DefaultListableBeanFactory     : Autowiring by type from bean name 'beanNameHandlerMapping' via factory method to bean named 'mvcConversionService'
2024-09-10T20:48:08.516+09:00 DEBUG 86442 --- [learn-spring-boot] [           main] o.s.b.f.s.DefaultListableBeanFactory     : Autowiring by type from bean name 'beanNameHandlerMapping' via factory method to bean named 'mvcResourceUrlProvider'
2024-09-10T20:48:08.517+09:00 DEBUG 86442 --- [learn-spring-boot] [           main] o.s.w.s.h.BeanNameUrlHandlerMapping      : Detected 0 mappings in 'beanNameHandlerMapping'
2024-09-10T20:48:08.517+09:00 TRACE 86442 --- [learn-spring-boot] [           main] o.s.b.f.s.DefaultListableBeanFactory     : Finished creating instance of bean 'beanNameHandlerMapping'
2024-09-10T20:48:08.517+09:00 DEBUG 86442 --- [learn-spring-boot] [           main] o.s.b.f.s.DefaultListableBeanFactory     : Creating shared instance of singleton bean 'routerFunctionMapping'
2024-09-10T20:48:08.517+09:00 TRACE 86442 --- [learn-spring-boot] [           main] o.s.b.f.s.DefaultListableBeanFactory     : Creating instance of bean 'routerFunctionMapping'
2024-09-10T20:48:08.517+09:00 TRACE 86442 --- [learn-spring-boot] [           main] o.s.b.f.s.DefaultListableBeanFactory     : Returning cached instance of singleton bean 'org.springframework.boot.autoconfigure.web.servlet.WebMvcAutoConfiguration$EnableWebMvcConfiguration'
2024-09-10T20:48:08.517+09:00 TRACE 86442 --- [learn-spring-boot] [           main] o.s.b.f.s.DefaultListableBeanFactory     : Returning cached instance of singleton bean 'mvcConversionService'
2024-09-10T20:48:08.517+09:00 TRACE 86442 --- [learn-spring-boot] [           main] o.s.b.f.s.DefaultListableBeanFactory     : Returning cached instance of singleton bean 'mvcResourceUrlProvider'
2024-09-10T20:48:08.517+09:00 DEBUG 86442 --- [learn-spring-boot] [           main] o.s.b.f.s.DefaultListableBeanFactory     : Autowiring by type from bean name 'routerFunctionMapping' via factory method to bean named 'mvcConversionService'
2024-09-10T20:48:08.517+09:00 DEBUG 86442 --- [learn-spring-boot] [           main] o.s.b.f.s.DefaultListableBeanFactory     : Autowiring by type from bean name 'routerFunctionMapping' via factory method to bean named 'mvcResourceUrlProvider'
2024-09-10T20:48:08.518+09:00 DEBUG 86442 --- [learn-spring-boot] [           main] o.s.b.f.s.DefaultListableBeanFactory     : Creating shared instance of singleton bean 'messageConverters'
2024-09-10T20:48:08.518+09:00 TRACE 86442 --- [learn-spring-boot] [           main] o.s.b.f.s.DefaultListableBeanFactory     : Creating instance of bean 'messageConverters'
2024-09-10T20:48:08.518+09:00 DEBUG 86442 --- [learn-spring-boot] [           main] o.s.b.f.s.DefaultListableBeanFactory     : Creating shared instance of singleton bean 'org.springframework.boot.autoconfigure.http.HttpMessageConvertersAutoConfiguration'
2024-09-10T20:48:08.518+09:00 TRACE 86442 --- [learn-spring-boot] [           main] o.s.b.f.s.DefaultListableBeanFactory     : Creating instance of bean 'org.springframework.boot.autoconfigure.http.HttpMessageConvertersAutoConfiguration'
2024-09-10T20:48:08.518+09:00 TRACE 86442 --- [learn-spring-boot] [           main] o.s.b.f.s.DefaultListableBeanFactory     : Finished creating instance of bean 'org.springframework.boot.autoconfigure.http.HttpMessageConvertersAutoConfiguration'
2024-09-10T20:48:08.520+09:00 DEBUG 86442 --- [learn-spring-boot] [           main] o.s.b.f.s.DefaultListableBeanFactory     : Creating shared instance of singleton bean 'stringHttpMessageConverter'
2024-09-10T20:48:08.520+09:00 TRACE 86442 --- [learn-spring-boot] [           main] o.s.b.f.s.DefaultListableBeanFactory     : Creating instance of bean 'stringHttpMessageConverter'
2024-09-10T20:48:08.520+09:00 DEBUG 86442 --- [learn-spring-boot] [           main] o.s.b.f.s.DefaultListableBeanFactory     : Creating shared instance of singleton bean 'org.springframework.boot.autoconfigure.http.HttpMessageConvertersAutoConfiguration$StringHttpMessageConverterConfiguration'
2024-09-10T20:48:08.520+09:00 TRACE 86442 --- [learn-spring-boot] [           main] o.s.b.f.s.DefaultListableBeanFactory     : Creating instance of bean 'org.springframework.boot.autoconfigure.http.HttpMessageConvertersAutoConfiguration$StringHttpMessageConverterConfiguration'
2024-09-10T20:48:08.520+09:00 TRACE 86442 --- [learn-spring-boot] [           main] o.s.b.f.s.DefaultListableBeanFactory     : Finished creating instance of bean 'org.springframework.boot.autoconfigure.http.HttpMessageConvertersAutoConfiguration$StringHttpMessageConverterConfiguration'
2024-09-10T20:48:08.520+09:00 TRACE 86442 --- [learn-spring-boot] [           main] o.s.b.f.s.DefaultListableBeanFactory     : Returning cached instance of singleton bean 'environment'
2024-09-10T20:48:08.520+09:00 DEBUG 86442 --- [learn-spring-boot] [           main] o.s.b.f.s.DefaultListableBeanFactory     : Autowiring by type from bean name 'stringHttpMessageConverter' via factory method to bean named 'environment'
2024-09-10T20:48:08.522+09:00 TRACE 86442 --- [learn-spring-boot] [           main] o.s.b.f.s.DefaultListableBeanFactory     : Finished creating instance of bean 'stringHttpMessageConverter'
2024-09-10T20:48:08.522+09:00 DEBUG 86442 --- [learn-spring-boot] [           main] o.s.b.f.s.DefaultListableBeanFactory     : Creating shared instance of singleton bean 'mappingJackson2HttpMessageConverter'
2024-09-10T20:48:08.522+09:00 TRACE 86442 --- [learn-spring-boot] [           main] o.s.b.f.s.DefaultListableBeanFactory     : Creating instance of bean 'mappingJackson2HttpMessageConverter'
2024-09-10T20:48:08.522+09:00 DEBUG 86442 --- [learn-spring-boot] [           main] o.s.b.f.s.DefaultListableBeanFactory     : Creating shared instance of singleton bean 'org.springframework.boot.autoconfigure.http.JacksonHttpMessageConvertersConfiguration$MappingJackson2HttpMessageConverterConfiguration'
2024-09-10T20:48:08.522+09:00 TRACE 86442 --- [learn-spring-boot] [           main] o.s.b.f.s.DefaultListableBeanFactory     : Creating instance of bean 'org.springframework.boot.autoconfigure.http.JacksonHttpMessageConvertersConfiguration$MappingJackson2HttpMessageConverterConfiguration'
2024-09-10T20:48:08.523+09:00 TRACE 86442 --- [learn-spring-boot] [           main] o.s.b.f.s.DefaultListableBeanFactory     : Finished creating instance of bean 'org.springframework.boot.autoconfigure.http.JacksonHttpMessageConvertersConfiguration$MappingJackson2HttpMessageConverterConfiguration'
2024-09-10T20:48:08.523+09:00 DEBUG 86442 --- [learn-spring-boot] [           main] o.s.b.f.s.DefaultListableBeanFactory     : Creating shared instance of singleton bean 'jacksonObjectMapper'
2024-09-10T20:48:08.523+09:00 TRACE 86442 --- [learn-spring-boot] [           main] o.s.b.f.s.DefaultListableBeanFactory     : Creating instance of bean 'jacksonObjectMapper'
2024-09-10T20:48:08.523+09:00 DEBUG 86442 --- [learn-spring-boot] [           main] o.s.b.f.s.DefaultListableBeanFactory     : Creating shared instance of singleton bean 'org.springframework.boot.autoconfigure.jackson.JacksonAutoConfiguration$JacksonObjectMapperConfiguration'
2024-09-10T20:48:08.523+09:00 TRACE 86442 --- [learn-spring-boot] [           main] o.s.b.f.s.DefaultListableBeanFactory     : Creating instance of bean 'org.springframework.boot.autoconfigure.jackson.JacksonAutoConfiguration$JacksonObjectMapperConfiguration'
2024-09-10T20:48:08.523+09:00 TRACE 86442 --- [learn-spring-boot] [           main] o.s.b.f.s.DefaultListableBeanFactory     : Finished creating instance of bean 'org.springframework.boot.autoconfigure.jackson.JacksonAutoConfiguration$JacksonObjectMapperConfiguration'
2024-09-10T20:48:08.523+09:00 TRACE 86442 --- [learn-spring-boot] [           main] o.s.b.f.s.DefaultListableBeanFactory     : Creating instance of bean 'jacksonObjectMapperBuilder'
2024-09-10T20:48:08.524+09:00 DEBUG 86442 --- [learn-spring-boot] [           main] o.s.b.f.s.DefaultListableBeanFactory     : Creating shared instance of singleton bean 'org.springframework.boot.autoconfigure.jackson.JacksonAutoConfiguration$JacksonObjectMapperBuilderConfiguration'
2024-09-10T20:48:08.524+09:00 TRACE 86442 --- [learn-spring-boot] [           main] o.s.b.f.s.DefaultListableBeanFactory     : Creating instance of bean 'org.springframework.boot.autoconfigure.jackson.JacksonAutoConfiguration$JacksonObjectMapperBuilderConfiguration'
2024-09-10T20:48:08.524+09:00 TRACE 86442 --- [learn-spring-boot] [           main] o.s.b.f.s.DefaultListableBeanFactory     : Finished creating instance of bean 'org.springframework.boot.autoconfigure.jackson.JacksonAutoConfiguration$JacksonObjectMapperBuilderConfiguration'
2024-09-10T20:48:08.524+09:00 DEBUG 86442 --- [learn-spring-boot] [           main] o.s.b.f.s.DefaultListableBeanFactory     : Creating shared instance of singleton bean 'standardJacksonObjectMapperBuilderCustomizer'
2024-09-10T20:48:08.524+09:00 TRACE 86442 --- [learn-spring-boot] [           main] o.s.b.f.s.DefaultListableBeanFactory     : Creating instance of bean 'standardJacksonObjectMapperBuilderCustomizer'
2024-09-10T20:48:08.524+09:00 DEBUG 86442 --- [learn-spring-boot] [           main] o.s.b.f.s.DefaultListableBeanFactory     : Creating shared instance of singleton bean 'org.springframework.boot.autoconfigure.jackson.JacksonAutoConfiguration$Jackson2ObjectMapperBuilderCustomizerConfiguration'
2024-09-10T20:48:08.524+09:00 TRACE 86442 --- [learn-spring-boot] [           main] o.s.b.f.s.DefaultListableBeanFactory     : Creating instance of bean 'org.springframework.boot.autoconfigure.jackson.JacksonAutoConfiguration$Jackson2ObjectMapperBuilderCustomizerConfiguration'
2024-09-10T20:48:08.524+09:00 TRACE 86442 --- [learn-spring-boot] [           main] o.s.b.f.s.DefaultListableBeanFactory     : Finished creating instance of bean 'org.springframework.boot.autoconfigure.jackson.JacksonAutoConfiguration$Jackson2ObjectMapperBuilderCustomizerConfiguration'
2024-09-10T20:48:08.525+09:00 DEBUG 86442 --- [learn-spring-boot] [           main] o.s.b.f.s.DefaultListableBeanFactory     : Creating shared instance of singleton bean 'spring.jackson-org.springframework.boot.autoconfigure.jackson.JacksonProperties'
2024-09-10T20:48:08.525+09:00 TRACE 86442 --- [learn-spring-boot] [           main] o.s.b.f.s.DefaultListableBeanFactory     : Creating instance of bean 'spring.jackson-org.springframework.boot.autoconfigure.jackson.JacksonProperties'
2024-09-10T20:48:08.525+09:00 TRACE 86442 --- [learn-spring-boot] [           main] o.s.b.f.s.DefaultListableBeanFactory     : Returning cached instance of singleton bean 'org.springframework.boot.context.properties.BoundConfigurationProperties'
2024-09-10T20:48:08.527+09:00 TRACE 86442 --- [learn-spring-boot] [           main] o.s.b.f.s.DefaultListableBeanFactory     : Finished creating instance of bean 'spring.jackson-org.springframework.boot.autoconfigure.jackson.JacksonProperties'
2024-09-10T20:48:08.527+09:00 DEBUG 86442 --- [learn-spring-boot] [           main] o.s.b.f.s.DefaultListableBeanFactory     : Autowiring by type from bean name 'standardJacksonObjectMapperBuilderCustomizer' via factory method to bean named 'spring.jackson-org.springframework.boot.autoconfigure.jackson.JacksonProperties'
2024-09-10T20:48:08.528+09:00 DEBUG 86442 --- [learn-spring-boot] [           main] o.s.b.f.s.DefaultListableBeanFactory     : Creating shared instance of singleton bean 'parameterNamesModule'
2024-09-10T20:48:08.528+09:00 TRACE 86442 --- [learn-spring-boot] [           main] o.s.b.f.s.DefaultListableBeanFactory     : Creating instance of bean 'parameterNamesModule'
2024-09-10T20:48:08.528+09:00 DEBUG 86442 --- [learn-spring-boot] [           main] o.s.b.f.s.DefaultListableBeanFactory     : Creating shared instance of singleton bean 'org.springframework.boot.autoconfigure.jackson.JacksonAutoConfiguration$ParameterNamesModuleConfiguration'
2024-09-10T20:48:08.528+09:00 TRACE 86442 --- [learn-spring-boot] [           main] o.s.b.f.s.DefaultListableBeanFactory     : Creating instance of bean 'org.springframework.boot.autoconfigure.jackson.JacksonAutoConfiguration$ParameterNamesModuleConfiguration'
2024-09-10T20:48:08.528+09:00 TRACE 86442 --- [learn-spring-boot] [           main] o.s.b.f.s.DefaultListableBeanFactory     : Finished creating instance of bean 'org.springframework.boot.autoconfigure.jackson.JacksonAutoConfiguration$ParameterNamesModuleConfiguration'
2024-09-10T20:48:08.529+09:00 TRACE 86442 --- [learn-spring-boot] [           main] o.s.b.f.s.DefaultListableBeanFactory     : Finished creating instance of bean 'parameterNamesModule'
2024-09-10T20:48:08.529+09:00 DEBUG 86442 --- [learn-spring-boot] [           main] o.s.b.f.s.DefaultListableBeanFactory     : Creating shared instance of singleton bean 'jsonMixinModule'
2024-09-10T20:48:08.529+09:00 TRACE 86442 --- [learn-spring-boot] [           main] o.s.b.f.s.DefaultListableBeanFactory     : Creating instance of bean 'jsonMixinModule'
2024-09-10T20:48:08.530+09:00 DEBUG 86442 --- [learn-spring-boot] [           main] o.s.b.f.s.DefaultListableBeanFactory     : Creating shared instance of singleton bean 'org.springframework.boot.autoconfigure.jackson.JacksonAutoConfiguration$JacksonMixinConfiguration'
2024-09-10T20:48:08.530+09:00 TRACE 86442 --- [learn-spring-boot] [           main] o.s.b.f.s.DefaultListableBeanFactory     : Creating instance of bean 'org.springframework.boot.autoconfigure.jackson.JacksonAutoConfiguration$JacksonMixinConfiguration'
2024-09-10T20:48:08.530+09:00 TRACE 86442 --- [learn-spring-boot] [           main] o.s.b.f.s.DefaultListableBeanFactory     : Finished creating instance of bean 'org.springframework.boot.autoconfigure.jackson.JacksonAutoConfiguration$JacksonMixinConfiguration'
2024-09-10T20:48:08.530+09:00 DEBUG 86442 --- [learn-spring-boot] [           main] o.s.b.f.s.DefaultListableBeanFactory     : Creating shared instance of singleton bean 'jsonMixinModuleEntries'
2024-09-10T20:48:08.530+09:00 TRACE 86442 --- [learn-spring-boot] [           main] o.s.b.f.s.DefaultListableBeanFactory     : Creating instance of bean 'jsonMixinModuleEntries'
2024-09-10T20:48:08.530+09:00 DEBUG 86442 --- [learn-spring-boot] [           main] o.s.b.f.s.DefaultListableBeanFactory     : Autowiring by type from bean name 'jsonMixinModuleEntries' via factory method to bean named 'org.springframework.web.context.support.GenericWebApplicationContext@61a5b4ae'
2024-09-10T20:48:08.530+09:00 TRACE 86442 --- [learn-spring-boot] [           main] o.s.b.f.s.DefaultListableBeanFactory     : Returning cached instance of singleton bean 'org.springframework.boot.autoconfigure.AutoConfigurationPackages'
2024-09-10T20:48:08.530+09:00 DEBUG 86442 --- [learn-spring-boot] [           main] o.s.b.a.AutoConfigurationPackages        : @EnableAutoConfiguration was declared on a class in the package 'com.in28minutes.springboot.learn_spring_boot'. Automatic @Repository and @Entity scanning is enabled.
2024-09-10T20:48:08.530+09:00 TRACE 86442 --- [learn-spring-boot] [           main] o.s.b.f.s.DefaultListableBeanFactory     : Returning cached instance of singleton bean 'org.springframework.boot.autoconfigure.AutoConfigurationPackages'
2024-09-10T20:48:08.531+09:00 TRACE 86442 --- [learn-spring-boot] [           main] .i.s.PathMatchingResourcePatternResolver : Resolved module-path location pattern [com/in28minutes/springboot/learn_spring_boot/**/*.class] to resources []
2024-09-10T20:48:08.531+09:00 TRACE 86442 --- [learn-spring-boot] [           main] .i.s.PathMatchingResourcePatternResolver : Searching directory [/Users/hyojun/Documents/독학/Java Spring Boot/learn-spring-boot/target/test-classes/com/in28minutes/springboot/learn_spring_boot] for files matching pattern [**/*.class]
2024-09-10T20:48:08.532+09:00 TRACE 86442 --- [learn-spring-boot] [           main] .i.s.PathMatchingResourcePatternResolver : Searching directory [/Users/hyojun/Documents/독학/Java Spring Boot/learn-spring-boot/target/classes/com/in28minutes/springboot/learn_spring_boot] for files matching pattern [**/*.class]
2024-09-10T20:48:08.532+09:00 TRACE 86442 --- [learn-spring-boot] [           main] .i.s.PathMatchingResourcePatternResolver : Resolved location pattern [classpath*:com/in28minutes/springboot/learn_spring_boot/**/*.class] to resources [file [/Users/hyojun/Documents/독학/Java Spring Boot/learn-spring-boot/target/test-classes/com/in28minutes/springboot/learn_spring_boot/LearnSpringBootApplicationTests.class], file [/Users/hyojun/Documents/독학/Java Spring Boot/learn-spring-boot/target/classes/com/in28minutes/springboot/learn_spring_boot/Course.class], file [/Users/hyojun/Documents/독학/Java Spring Boot/learn-spring-boot/target/classes/com/in28minutes/springboot/learn_spring_boot/CourseController.class], file [/Users/hyojun/Documents/독학/Java Spring Boot/learn-spring-boot/target/classes/com/in28minutes/springboot/learn_spring_boot/CurrencyConfigurationController.class], file [/Users/hyojun/Documents/독학/Java Spring Boot/learn-spring-boot/target/classes/com/in28minutes/springboot/learn_spring_boot/CurrencyServiceConfiguration.class], file [/Users/hyojun/Documents/독학/Java Spring Boot/learn-spring-boot/target/classes/com/in28minutes/springboot/learn_spring_boot/LearnSpringBootApplication.class]]
2024-09-10T20:48:08.532+09:00 TRACE 86442 --- [learn-spring-boot] [           main] nModuleEntries$JsonMixinComponentScanner : Scanning file [/Users/hyojun/Documents/독학/Java Spring Boot/learn-spring-boot/target/test-classes/com/in28minutes/springboot/learn_spring_boot/LearnSpringBootApplicationTests.class]
2024-09-10T20:48:08.533+09:00 TRACE 86442 --- [learn-spring-boot] [           main] nModuleEntries$JsonMixinComponentScanner : Ignored because not matching any filter: file [/Users/hyojun/Documents/독학/Java Spring Boot/learn-spring-boot/target/test-classes/com/in28minutes/springboot/learn_spring_boot/LearnSpringBootApplicationTests.class]
2024-09-10T20:48:08.533+09:00 TRACE 86442 --- [learn-spring-boot] [           main] nModuleEntries$JsonMixinComponentScanner : Scanning file [/Users/hyojun/Documents/독학/Java Spring Boot/learn-spring-boot/target/classes/com/in28minutes/springboot/learn_spring_boot/Course.class]
2024-09-10T20:48:08.533+09:00 TRACE 86442 --- [learn-spring-boot] [           main] nModuleEntries$JsonMixinComponentScanner : Ignored because not matching any filter: file [/Users/hyojun/Documents/독학/Java Spring Boot/learn-spring-boot/target/classes/com/in28minutes/springboot/learn_spring_boot/Course.class]
2024-09-10T20:48:08.533+09:00 TRACE 86442 --- [learn-spring-boot] [           main] nModuleEntries$JsonMixinComponentScanner : Scanning file [/Users/hyojun/Documents/독학/Java Spring Boot/learn-spring-boot/target/classes/com/in28minutes/springboot/learn_spring_boot/CourseController.class]
2024-09-10T20:48:08.533+09:00 TRACE 86442 --- [learn-spring-boot] [           main] nModuleEntries$JsonMixinComponentScanner : Ignored because not matching any filter: file [/Users/hyojun/Documents/독학/Java Spring Boot/learn-spring-boot/target/classes/com/in28minutes/springboot/learn_spring_boot/CourseController.class]
2024-09-10T20:48:08.533+09:00 TRACE 86442 --- [learn-spring-boot] [           main] nModuleEntries$JsonMixinComponentScanner : Scanning file [/Users/hyojun/Documents/독학/Java Spring Boot/learn-spring-boot/target/classes/com/in28minutes/springboot/learn_spring_boot/CurrencyConfigurationController.class]
2024-09-10T20:48:08.533+09:00 TRACE 86442 --- [learn-spring-boot] [           main] nModuleEntries$JsonMixinComponentScanner : Ignored because not matching any filter: file [/Users/hyojun/Documents/독학/Java Spring Boot/learn-spring-boot/target/classes/com/in28minutes/springboot/learn_spring_boot/CurrencyConfigurationController.class]
2024-09-10T20:48:08.533+09:00 TRACE 86442 --- [learn-spring-boot] [           main] nModuleEntries$JsonMixinComponentScanner : Scanning file [/Users/hyojun/Documents/독학/Java Spring Boot/learn-spring-boot/target/classes/com/in28minutes/springboot/learn_spring_boot/CurrencyServiceConfiguration.class]
2024-09-10T20:48:08.533+09:00 TRACE 86442 --- [learn-spring-boot] [           main] nModuleEntries$JsonMixinComponentScanner : Ignored because not matching any filter: file [/Users/hyojun/Documents/독학/Java Spring Boot/learn-spring-boot/target/classes/com/in28minutes/springboot/learn_spring_boot/CurrencyServiceConfiguration.class]
2024-09-10T20:48:08.533+09:00 TRACE 86442 --- [learn-spring-boot] [           main] nModuleEntries$JsonMixinComponentScanner : Scanning file [/Users/hyojun/Documents/독학/Java Spring Boot/learn-spring-boot/target/classes/com/in28minutes/springboot/learn_spring_boot/LearnSpringBootApplication.class]
2024-09-10T20:48:08.533+09:00 TRACE 86442 --- [learn-spring-boot] [           main] nModuleEntries$JsonMixinComponentScanner : Ignored because not matching any filter: file [/Users/hyojun/Documents/독학/Java Spring Boot/learn-spring-boot/target/classes/com/in28minutes/springboot/learn_spring_boot/LearnSpringBootApplication.class]
2024-09-10T20:48:08.533+09:00 TRACE 86442 --- [learn-spring-boot] [           main] o.s.b.f.s.DefaultListableBeanFactory     : Finished creating instance of bean 'jsonMixinModuleEntries'
2024-09-10T20:48:08.533+09:00 DEBUG 86442 --- [learn-spring-boot] [           main] o.s.b.f.s.DefaultListableBeanFactory     : Autowiring by type from bean name 'jsonMixinModule' via factory method to bean named 'org.springframework.web.context.support.GenericWebApplicationContext@61a5b4ae'
2024-09-10T20:48:08.533+09:00 DEBUG 86442 --- [learn-spring-boot] [           main] o.s.b.f.s.DefaultListableBeanFactory     : Autowiring by type from bean name 'jsonMixinModule' via factory method to bean named 'jsonMixinModuleEntries'
2024-09-10T20:48:08.534+09:00 TRACE 86442 --- [learn-spring-boot] [           main] o.s.b.f.s.DefaultListableBeanFactory     : Finished creating instance of bean 'jsonMixinModule'
2024-09-10T20:48:08.534+09:00 DEBUG 86442 --- [learn-spring-boot] [           main] o.s.b.f.s.DefaultListableBeanFactory     : Creating shared instance of singleton bean 'jsonComponentModule'
2024-09-10T20:48:08.534+09:00 TRACE 86442 --- [learn-spring-boot] [           main] o.s.b.f.s.DefaultListableBeanFactory     : Creating instance of bean 'jsonComponentModule'
2024-09-10T20:48:08.534+09:00 DEBUG 86442 --- [learn-spring-boot] [           main] o.s.b.f.s.DefaultListableBeanFactory     : Creating shared instance of singleton bean 'org.springframework.boot.autoconfigure.jackson.JacksonAutoConfiguration'
2024-09-10T20:48:08.534+09:00 TRACE 86442 --- [learn-spring-boot] [           main] o.s.b.f.s.DefaultListableBeanFactory     : Creating instance of bean 'org.springframework.boot.autoconfigure.jackson.JacksonAutoConfiguration'
2024-09-10T20:48:08.534+09:00 TRACE 86442 --- [learn-spring-boot] [           main] o.s.b.f.s.DefaultListableBeanFactory     : Finished creating instance of bean 'org.springframework.boot.autoconfigure.jackson.JacksonAutoConfiguration'
2024-09-10T20:48:08.534+09:00 TRACE 86442 --- [learn-spring-boot] [           main] o.s.b.f.s.DefaultListableBeanFactory     : Invoking afterPropertiesSet() on bean with name 'jsonComponentModule'
2024-09-10T20:48:08.536+09:00 TRACE 86442 --- [learn-spring-boot] [           main] o.s.b.f.s.DefaultListableBeanFactory     : Finished creating instance of bean 'jsonComponentModule'
2024-09-10T20:48:08.536+09:00 TRACE 86442 --- [learn-spring-boot] [           main] o.s.b.f.s.DefaultListableBeanFactory     : Finished creating instance of bean 'standardJacksonObjectMapperBuilderCustomizer'
2024-09-10T20:48:08.536+09:00 DEBUG 86442 --- [learn-spring-boot] [           main] o.s.b.f.s.DefaultListableBeanFactory     : Autowiring by type from bean name 'jacksonObjectMapperBuilder' via factory method to bean named 'org.springframework.web.context.support.GenericWebApplicationContext@61a5b4ae'
2024-09-10T20:48:08.536+09:00 DEBUG 86442 --- [learn-spring-boot] [           main] o.s.b.f.s.DefaultListableBeanFactory     : Autowiring by type from bean name 'jacksonObjectMapperBuilder' via factory method to bean named 'standardJacksonObjectMapperBuilderCustomizer'
2024-09-10T20:48:08.538+09:00 TRACE 86442 --- [learn-spring-boot] [           main] o.s.b.f.s.DefaultListableBeanFactory     : Finished creating instance of bean 'jacksonObjectMapperBuilder'
2024-09-10T20:48:08.538+09:00 DEBUG 86442 --- [learn-spring-boot] [           main] o.s.b.f.s.DefaultListableBeanFactory     : Autowiring by type from bean name 'jacksonObjectMapper' via factory method to bean named 'jacksonObjectMapperBuilder'
2024-09-10T20:48:08.544+09:00 TRACE 86442 --- [learn-spring-boot] [           main] o.s.b.f.s.DefaultListableBeanFactory     : Finished creating instance of bean 'jacksonObjectMapper'
2024-09-10T20:48:08.544+09:00 DEBUG 86442 --- [learn-spring-boot] [           main] o.s.b.f.s.DefaultListableBeanFactory     : Autowiring by type from bean name 'mappingJackson2HttpMessageConverter' via factory method to bean named 'jacksonObjectMapper'
2024-09-10T20:48:08.545+09:00 TRACE 86442 --- [learn-spring-boot] [           main] o.s.b.f.s.DefaultListableBeanFactory     : Finished creating instance of bean 'mappingJackson2HttpMessageConverter'
2024-09-10T20:48:08.545+09:00 TRACE 86442 --- [learn-spring-boot] [           main] o.s.b.f.s.DefaultListableBeanFactory     : Returning cached instance of singleton bean 'stringHttpMessageConverter'
2024-09-10T20:48:08.545+09:00 TRACE 86442 --- [learn-spring-boot] [           main] o.s.b.f.s.DefaultListableBeanFactory     : Returning cached instance of singleton bean 'mappingJackson2HttpMessageConverter'
2024-09-10T20:48:08.547+09:00 TRACE 86442 --- [learn-spring-boot] [           main] o.s.b.f.s.DefaultListableBeanFactory     : Finished creating instance of bean 'messageConverters'
2024-09-10T20:48:08.548+09:00 TRACE 86442 --- [learn-spring-boot] [           main] o.s.b.f.s.DefaultListableBeanFactory     : Invoking afterPropertiesSet() on bean with name 'routerFunctionMapping'
2024-09-10T20:48:08.549+09:00 TRACE 86442 --- [learn-spring-boot] [           main] o.s.w.s.f.support.RouterFunctionMapping  : 0 RouterFunction(s) in 'routerFunctionMapping'
2024-09-10T20:48:08.549+09:00 TRACE 86442 --- [learn-spring-boot] [           main] o.s.b.f.s.DefaultListableBeanFactory     : Finished creating instance of bean 'routerFunctionMapping'
2024-09-10T20:48:08.549+09:00 DEBUG 86442 --- [learn-spring-boot] [           main] o.s.b.f.s.DefaultListableBeanFactory     : Creating shared instance of singleton bean 'resourceHandlerMapping'
2024-09-10T20:48:08.549+09:00 TRACE 86442 --- [learn-spring-boot] [           main] o.s.b.f.s.DefaultListableBeanFactory     : Creating instance of bean 'resourceHandlerMapping'
2024-09-10T20:48:08.549+09:00 TRACE 86442 --- [learn-spring-boot] [           main] o.s.b.f.s.DefaultListableBeanFactory     : Returning cached instance of singleton bean 'org.springframework.boot.autoconfigure.web.servlet.WebMvcAutoConfiguration$EnableWebMvcConfiguration'
2024-09-10T20:48:08.549+09:00 TRACE 86442 --- [learn-spring-boot] [           main] o.s.b.f.s.DefaultListableBeanFactory     : Returning cached instance of singleton bean 'mvcContentNegotiationManager'
2024-09-10T20:48:08.549+09:00 TRACE 86442 --- [learn-spring-boot] [           main] o.s.b.f.s.DefaultListableBeanFactory     : Returning cached instance of singleton bean 'mvcConversionService'
2024-09-10T20:48:08.549+09:00 TRACE 86442 --- [learn-spring-boot] [           main] o.s.b.f.s.DefaultListableBeanFactory     : Returning cached instance of singleton bean 'mvcResourceUrlProvider'
2024-09-10T20:48:08.549+09:00 DEBUG 86442 --- [learn-spring-boot] [           main] o.s.b.f.s.DefaultListableBeanFactory     : Autowiring by type from bean name 'resourceHandlerMapping' via factory method to bean named 'mvcContentNegotiationManager'
2024-09-10T20:48:08.549+09:00 DEBUG 86442 --- [learn-spring-boot] [           main] o.s.b.f.s.DefaultListableBeanFactory     : Autowiring by type from bean name 'resourceHandlerMapping' via factory method to bean named 'mvcConversionService'
2024-09-10T20:48:08.549+09:00 DEBUG 86442 --- [learn-spring-boot] [           main] o.s.b.f.s.DefaultListableBeanFactory     : Autowiring by type from bean name 'resourceHandlerMapping' via factory method to bean named 'mvcResourceUrlProvider'
2024-09-10T20:48:08.554+09:00 TRACE 86442 --- [learn-spring-boot] [           main] o.s.w.s.handler.SimpleUrlHandlerMapping  : Mapped [/webjars/**] onto ResourceHttpRequestHandler [classpath [META-INF/resources/webjars/]]
2024-09-10T20:48:08.554+09:00 TRACE 86442 --- [learn-spring-boot] [           main] o.s.w.s.handler.SimpleUrlHandlerMapping  : Mapped [/**] onto ResourceHttpRequestHandler [classpath [META-INF/resources/], classpath [resources/], classpath [static/], classpath [public/], ServletContext [/]]
2024-09-10T20:48:08.554+09:00 DEBUG 86442 --- [learn-spring-boot] [           main] o.s.w.s.handler.SimpleUrlHandlerMapping  : Patterns [/webjars/**, /**] in 'resourceHandlerMapping'
2024-09-10T20:48:08.555+09:00 TRACE 86442 --- [learn-spring-boot] [           main] o.s.b.f.s.DefaultListableBeanFactory     : Finished creating instance of bean 'resourceHandlerMapping'
2024-09-10T20:48:08.555+09:00 TRACE 86442 --- [learn-spring-boot] [           main] o.s.b.f.s.DefaultListableBeanFactory     : Returning cached instance of singleton bean 'mvcResourceUrlProvider'
2024-09-10T20:48:08.555+09:00 DEBUG 86442 --- [learn-spring-boot] [           main] o.s.b.f.s.DefaultListableBeanFactory     : Creating shared instance of singleton bean 'defaultServletHandlerMapping'
2024-09-10T20:48:08.555+09:00 TRACE 86442 --- [learn-spring-boot] [           main] o.s.b.f.s.DefaultListableBeanFactory     : Creating instance of bean 'defaultServletHandlerMapping'
2024-09-10T20:48:08.555+09:00 TRACE 86442 --- [learn-spring-boot] [           main] o.s.b.f.s.DefaultListableBeanFactory     : Returning cached instance of singleton bean 'org.springframework.boot.autoconfigure.web.servlet.WebMvcAutoConfiguration$EnableWebMvcConfiguration'
2024-09-10T20:48:08.555+09:00 TRACE 86442 --- [learn-spring-boot] [           main] o.s.b.f.s.DefaultListableBeanFactory     : Finished creating instance of bean 'defaultServletHandlerMapping'
2024-09-10T20:48:08.555+09:00 DEBUG 86442 --- [learn-spring-boot] [           main] o.s.b.f.s.DefaultListableBeanFactory     : Creating shared instance of singleton bean 'requestMappingHandlerAdapter'
2024-09-10T20:48:08.555+09:00 TRACE 86442 --- [learn-spring-boot] [           main] o.s.b.f.s.DefaultListableBeanFactory     : Creating instance of bean 'requestMappingHandlerAdapter'
2024-09-10T20:48:08.555+09:00 TRACE 86442 --- [learn-spring-boot] [           main] o.s.b.f.s.DefaultListableBeanFactory     : Returning cached instance of singleton bean 'org.springframework.boot.autoconfigure.web.servlet.WebMvcAutoConfiguration$EnableWebMvcConfiguration'
2024-09-10T20:48:08.555+09:00 TRACE 86442 --- [learn-spring-boot] [           main] o.s.b.f.s.DefaultListableBeanFactory     : Returning cached instance of singleton bean 'mvcContentNegotiationManager'
2024-09-10T20:48:08.555+09:00 TRACE 86442 --- [learn-spring-boot] [           main] o.s.b.f.s.DefaultListableBeanFactory     : Returning cached instance of singleton bean 'mvcConversionService'
2024-09-10T20:48:08.555+09:00 TRACE 86442 --- [learn-spring-boot] [           main] o.s.b.f.s.DefaultListableBeanFactory     : Returning cached instance of singleton bean 'mvcValidator'
2024-09-10T20:48:08.555+09:00 DEBUG 86442 --- [learn-spring-boot] [           main] o.s.b.f.s.DefaultListableBeanFactory     : Autowiring by type from bean name 'requestMappingHandlerAdapter' via factory method to bean named 'mvcContentNegotiationManager'
2024-09-10T20:48:08.555+09:00 DEBUG 86442 --- [learn-spring-boot] [           main] o.s.b.f.s.DefaultListableBeanFactory     : Autowiring by type from bean name 'requestMappingHandlerAdapter' via factory method to bean named 'mvcConversionService'
2024-09-10T20:48:08.555+09:00 DEBUG 86442 --- [learn-spring-boot] [           main] o.s.b.f.s.DefaultListableBeanFactory     : Autowiring by type from bean name 'requestMappingHandlerAdapter' via factory method to bean named 'mvcValidator'
2024-09-10T20:48:08.566+09:00 DEBUG 86442 --- [learn-spring-boot] [           main] o.s.b.f.s.DefaultListableBeanFactory     : Creating shared instance of singleton bean 'applicationTaskExecutor'
2024-09-10T20:48:08.566+09:00 TRACE 86442 --- [learn-spring-boot] [           main] o.s.b.f.s.DefaultListableBeanFactory     : Creating instance of bean 'applicationTaskExecutor'
2024-09-10T20:48:08.566+09:00 TRACE 86442 --- [learn-spring-boot] [           main] o.s.b.f.s.DefaultListableBeanFactory     : Returning cached instance of singleton bean 'org.springframework.boot.autoconfigure.task.TaskExecutorConfigurations$TaskExecutorConfiguration'
2024-09-10T20:48:08.566+09:00 TRACE 86442 --- [learn-spring-boot] [           main] o.s.b.f.s.DefaultListableBeanFactory     : Returning cached instance of singleton bean 'threadPoolTaskExecutorBuilder'
2024-09-10T20:48:08.566+09:00 DEBUG 86442 --- [learn-spring-boot] [           main] o.s.b.f.s.DefaultListableBeanFactory     : Autowiring by type from bean name 'applicationTaskExecutor' via factory method to bean named 'threadPoolTaskExecutorBuilder'
2024-09-10T20:48:08.568+09:00 TRACE 86442 --- [learn-spring-boot] [           main] o.s.b.f.s.DefaultListableBeanFactory     : Invoking afterPropertiesSet() on bean with name 'applicationTaskExecutor'
2024-09-10T20:48:08.569+09:00 DEBUG 86442 --- [learn-spring-boot] [           main] o.s.s.concurrent.ThreadPoolTaskExecutor  : Initializing ExecutorService 'applicationTaskExecutor'
2024-09-10T20:48:08.569+09:00 TRACE 86442 --- [learn-spring-boot] [           main] o.s.b.f.s.DefaultListableBeanFactory     : Finished creating instance of bean 'applicationTaskExecutor'
2024-09-10T20:48:08.571+09:00 TRACE 86442 --- [learn-spring-boot] [           main] o.s.b.f.s.DefaultListableBeanFactory     : Invoking afterPropertiesSet() on bean with name 'requestMappingHandlerAdapter'
2024-09-10T20:48:08.575+09:00 DEBUG 86442 --- [learn-spring-boot] [           main] s.w.s.m.m.a.RequestMappingHandlerAdapter : ControllerAdvice beans: 0 @ModelAttribute, 0 @InitBinder, 1 RequestBodyAdvice, 1 ResponseBodyAdvice
2024-09-10T20:48:08.587+09:00 TRACE 86442 --- [learn-spring-boot] [           main] o.s.b.f.s.DefaultListableBeanFactory     : Returning cached instance of singleton bean 'beanNameViewResolver'
2024-09-10T20:48:08.587+09:00 DEBUG 86442 --- [learn-spring-boot] [           main] o.s.b.f.s.DefaultListableBeanFactory     : Creating shared instance of singleton bean 'mvcViewResolver'
2024-09-10T20:48:08.587+09:00 TRACE 86442 --- [learn-spring-boot] [           main] o.s.b.f.s.DefaultListableBeanFactory     : Creating instance of bean 'mvcViewResolver'
2024-09-10T20:48:08.587+09:00 TRACE 86442 --- [learn-spring-boot] [           main] o.s.b.f.s.DefaultListableBeanFactory     : Returning cached instance of singleton bean 'org.springframework.boot.autoconfigure.web.servlet.WebMvcAutoConfiguration$EnableWebMvcConfiguration'
2024-09-10T20:48:08.587+09:00 TRACE 86442 --- [learn-spring-boot] [           main] o.s.b.f.s.DefaultListableBeanFactory     : Returning cached instance of singleton bean 'mvcContentNegotiationManager'
2024-09-10T20:48:08.587+09:00 DEBUG 86442 --- [learn-spring-boot] [           main] o.s.b.f.s.DefaultListableBeanFactory     : Autowiring by type from bean name 'mvcViewResolver' via factory method to bean named 'mvcContentNegotiationManager'
2024-09-10T20:48:08.588+09:00 TRACE 86442 --- [learn-spring-boot] [           main] o.s.b.f.s.DefaultListableBeanFactory     : Invoking afterPropertiesSet() on bean with name 'mvcViewResolver'
2024-09-10T20:48:08.588+09:00 TRACE 86442 --- [learn-spring-boot] [           main] o.s.b.f.s.DefaultListableBeanFactory     : Finished creating instance of bean 'mvcViewResolver'
2024-09-10T20:48:08.588+09:00 DEBUG 86442 --- [learn-spring-boot] [           main] o.s.b.f.s.DefaultListableBeanFactory     : Creating shared instance of singleton bean 'defaultViewResolver'
2024-09-10T20:48:08.588+09:00 TRACE 86442 --- [learn-spring-boot] [           main] o.s.b.f.s.DefaultListableBeanFactory     : Creating instance of bean 'defaultViewResolver'
2024-09-10T20:48:08.588+09:00 TRACE 86442 --- [learn-spring-boot] [           main] o.s.b.f.s.DefaultListableBeanFactory     : Returning cached instance of singleton bean 'org.springframework.boot.autoconfigure.web.servlet.WebMvcAutoConfiguration$WebMvcAutoConfigurationAdapter'
2024-09-10T20:48:08.591+09:00 TRACE 86442 --- [learn-spring-boot] [           main] o.s.b.f.s.DefaultListableBeanFactory     : Finished creating instance of bean 'defaultViewResolver'
2024-09-10T20:48:08.591+09:00 DEBUG 86442 --- [learn-spring-boot] [           main] o.s.b.f.s.DefaultListableBeanFactory     : Creating shared instance of singleton bean 'viewResolver'
2024-09-10T20:48:08.591+09:00 TRACE 86442 --- [learn-spring-boot] [           main] o.s.b.f.s.DefaultListableBeanFactory     : Creating instance of bean 'viewResolver'
2024-09-10T20:48:08.591+09:00 TRACE 86442 --- [learn-spring-boot] [           main] o.s.b.f.s.DefaultListableBeanFactory     : Returning cached instance of singleton bean 'org.springframework.boot.autoconfigure.web.servlet.WebMvcAutoConfiguration$WebMvcAutoConfigurationAdapter'
2024-09-10T20:48:08.591+09:00 DEBUG 86442 --- [learn-spring-boot] [           main] o.s.b.f.s.DefaultListableBeanFactory     : Autowiring by type from bean name 'viewResolver' via factory method to bean named 'org.springframework.beans.factory.support.DefaultListableBeanFactory@49096b06'
2024-09-10T20:48:08.592+09:00 TRACE 86442 --- [learn-spring-boot] [           main] o.s.b.f.s.DefaultListableBeanFactory     : Returning cached instance of singleton bean 'mvcContentNegotiationManager'
2024-09-10T20:48:08.592+09:00 TRACE 86442 --- [learn-spring-boot] [           main] o.s.b.f.s.DefaultListableBeanFactory     : Returning cached instance of singleton bean 'beanNameViewResolver'
2024-09-10T20:48:08.592+09:00 TRACE 86442 --- [learn-spring-boot] [           main] o.s.b.f.s.DefaultListableBeanFactory     : Returning cached instance of singleton bean 'mvcViewResolver'
2024-09-10T20:48:08.592+09:00 TRACE 86442 --- [learn-spring-boot] [           main] o.s.b.f.s.DefaultListableBeanFactory     : Returning cached instance of singleton bean 'defaultViewResolver'
2024-09-10T20:48:08.592+09:00 DEBUG 86442 --- [learn-spring-boot] [           main] o.s.b.f.s.DefaultListableBeanFactory     : Creating shared instance of singleton bean 'viewResolver'
2024-09-10T20:48:08.593+09:00 TRACE 86442 --- [learn-spring-boot] [           main] o.s.b.f.s.DefaultListableBeanFactory     : Ignoring match to currently created bean 'viewResolver': Error creating bean with name 'viewResolver': Requested bean is currently in creation: Is there an unresolvable circular reference or an asynchronous initialization dependency?
2024-09-10T20:48:08.593+09:00 TRACE 86442 --- [learn-spring-boot] [           main] o.s.b.f.s.DefaultListableBeanFactory     : Invoking afterPropertiesSet() on bean with name 'viewResolver'
2024-09-10T20:48:08.593+09:00 TRACE 86442 --- [learn-spring-boot] [           main] o.s.b.f.s.DefaultListableBeanFactory     : Finished creating instance of bean 'viewResolver'
2024-09-10T20:48:08.593+09:00 TRACE 86442 --- [learn-spring-boot] [           main] o.s.b.f.s.DefaultListableBeanFactory     : Returning cached instance of singleton bean 'localeResolver'
2024-09-10T20:48:08.595+09:00 TRACE 86442 --- [learn-spring-boot] [           main] o.s.b.f.s.DefaultListableBeanFactory     : Finished creating instance of bean 'requestMappingHandlerAdapter'
2024-09-10T20:48:08.595+09:00 DEBUG 86442 --- [learn-spring-boot] [           main] o.s.b.f.s.DefaultListableBeanFactory     : Creating shared instance of singleton bean 'handlerFunctionAdapter'
2024-09-10T20:48:08.595+09:00 TRACE 86442 --- [learn-spring-boot] [           main] o.s.b.f.s.DefaultListableBeanFactory     : Creating instance of bean 'handlerFunctionAdapter'
2024-09-10T20:48:08.595+09:00 TRACE 86442 --- [learn-spring-boot] [           main] o.s.b.f.s.DefaultListableBeanFactory     : Returning cached instance of singleton bean 'org.springframework.boot.autoconfigure.web.servlet.WebMvcAutoConfiguration$EnableWebMvcConfiguration'
2024-09-10T20:48:08.596+09:00 TRACE 86442 --- [learn-spring-boot] [           main] o.s.b.f.s.DefaultListableBeanFactory     : Finished creating instance of bean 'handlerFunctionAdapter'
2024-09-10T20:48:08.596+09:00 DEBUG 86442 --- [learn-spring-boot] [           main] o.s.b.f.s.DefaultListableBeanFactory     : Creating shared instance of singleton bean 'mvcUriComponentsContributor'
2024-09-10T20:48:08.596+09:00 TRACE 86442 --- [learn-spring-boot] [           main] o.s.b.f.s.DefaultListableBeanFactory     : Creating instance of bean 'mvcUriComponentsContributor'
2024-09-10T20:48:08.596+09:00 TRACE 86442 --- [learn-spring-boot] [           main] o.s.b.f.s.DefaultListableBeanFactory     : Returning cached instance of singleton bean 'org.springframework.boot.autoconfigure.web.servlet.WebMvcAutoConfiguration$EnableWebMvcConfiguration'
2024-09-10T20:48:08.596+09:00 TRACE 86442 --- [learn-spring-boot] [           main] o.s.b.f.s.DefaultListableBeanFactory     : Returning cached instance of singleton bean 'mvcConversionService'
2024-09-10T20:48:08.596+09:00 TRACE 86442 --- [learn-spring-boot] [           main] o.s.b.f.s.DefaultListableBeanFactory     : Returning cached instance of singleton bean 'requestMappingHandlerAdapter'
2024-09-10T20:48:08.596+09:00 DEBUG 86442 --- [learn-spring-boot] [           main] o.s.b.f.s.DefaultListableBeanFactory     : Autowiring by type from bean name 'mvcUriComponentsContributor' via factory method to bean named 'mvcConversionService'
2024-09-10T20:48:08.596+09:00 DEBUG 86442 --- [learn-spring-boot] [           main] o.s.b.f.s.DefaultListableBeanFactory     : Autowiring by type from bean name 'mvcUriComponentsContributor' via factory method to bean named 'requestMappingHandlerAdapter'
2024-09-10T20:48:08.597+09:00 TRACE 86442 --- [learn-spring-boot] [           main] o.s.b.f.s.DefaultListableBeanFactory     : Finished creating instance of bean 'mvcUriComponentsContributor'
2024-09-10T20:48:08.597+09:00 DEBUG 86442 --- [learn-spring-boot] [           main] o.s.b.f.s.DefaultListableBeanFactory     : Creating shared instance of singleton bean 'httpRequestHandlerAdapter'
2024-09-10T20:48:08.597+09:00 TRACE 86442 --- [learn-spring-boot] [           main] o.s.b.f.s.DefaultListableBeanFactory     : Creating instance of bean 'httpRequestHandlerAdapter'
2024-09-10T20:48:08.597+09:00 TRACE 86442 --- [learn-spring-boot] [           main] o.s.b.f.s.DefaultListableBeanFactory     : Returning cached instance of singleton bean 'org.springframework.boot.autoconfigure.web.servlet.WebMvcAutoConfiguration$EnableWebMvcConfiguration'
2024-09-10T20:48:08.597+09:00 TRACE 86442 --- [learn-spring-boot] [           main] o.s.b.f.s.DefaultListableBeanFactory     : Finished creating instance of bean 'httpRequestHandlerAdapter'
2024-09-10T20:48:08.597+09:00 DEBUG 86442 --- [learn-spring-boot] [           main] o.s.b.f.s.DefaultListableBeanFactory     : Creating shared instance of singleton bean 'simpleControllerHandlerAdapter'
2024-09-10T20:48:08.597+09:00 TRACE 86442 --- [learn-spring-boot] [           main] o.s.b.f.s.DefaultListableBeanFactory     : Creating instance of bean 'simpleControllerHandlerAdapter'
2024-09-10T20:48:08.597+09:00 TRACE 86442 --- [learn-spring-boot] [           main] o.s.b.f.s.DefaultListableBeanFactory     : Returning cached instance of singleton bean 'org.springframework.boot.autoconfigure.web.servlet.WebMvcAutoConfiguration$EnableWebMvcConfiguration'
2024-09-10T20:48:08.597+09:00 TRACE 86442 --- [learn-spring-boot] [           main] o.s.b.f.s.DefaultListableBeanFactory     : Finished creating instance of bean 'simpleControllerHandlerAdapter'
2024-09-10T20:48:08.597+09:00 DEBUG 86442 --- [learn-spring-boot] [           main] o.s.b.f.s.DefaultListableBeanFactory     : Creating shared instance of singleton bean 'handlerExceptionResolver'
2024-09-10T20:48:08.597+09:00 TRACE 86442 --- [learn-spring-boot] [           main] o.s.b.f.s.DefaultListableBeanFactory     : Creating instance of bean 'handlerExceptionResolver'
2024-09-10T20:48:08.597+09:00 TRACE 86442 --- [learn-spring-boot] [           main] o.s.b.f.s.DefaultListableBeanFactory     : Returning cached instance of singleton bean 'org.springframework.boot.autoconfigure.web.servlet.WebMvcAutoConfiguration$EnableWebMvcConfiguration'
2024-09-10T20:48:08.598+09:00 TRACE 86442 --- [learn-spring-boot] [           main] o.s.b.f.s.DefaultListableBeanFactory     : Returning cached instance of singleton bean 'mvcContentNegotiationManager'
2024-09-10T20:48:08.598+09:00 DEBUG 86442 --- [learn-spring-boot] [           main] o.s.b.f.s.DefaultListableBeanFactory     : Autowiring by type from bean name 'handlerExceptionResolver' via factory method to bean named 'mvcContentNegotiationManager'
2024-09-10T20:48:08.600+09:00 DEBUG 86442 --- [learn-spring-boot] [           main] .m.m.a.ExceptionHandlerExceptionResolver : ControllerAdvice beans: 0 @ExceptionHandler, 1 ResponseBodyAdvice
2024-09-10T20:48:08.601+09:00 TRACE 86442 --- [learn-spring-boot] [           main] o.s.b.f.s.DefaultListableBeanFactory     : Finished creating instance of bean 'handlerExceptionResolver'
2024-09-10T20:48:08.601+09:00 TRACE 86442 --- [learn-spring-boot] [           main] o.s.b.f.s.DefaultListableBeanFactory     : Returning cached instance of singleton bean 'mvcViewResolver'
2024-09-10T20:48:08.601+09:00 TRACE 86442 --- [learn-spring-boot] [           main] o.s.b.f.s.DefaultListableBeanFactory     : Returning cached instance of singleton bean 'org.springframework.boot.autoconfigure.web.servlet.WebMvcAutoConfiguration$WebMvcAutoConfigurationAdapter'
2024-09-10T20:48:08.601+09:00 TRACE 86442 --- [learn-spring-boot] [           main] o.s.b.f.s.DefaultListableBeanFactory     : Returning cached instance of singleton bean 'defaultViewResolver'
2024-09-10T20:48:08.601+09:00 TRACE 86442 --- [learn-spring-boot] [           main] o.s.b.f.s.DefaultListableBeanFactory     : Returning cached instance of singleton bean 'viewResolver'
2024-09-10T20:48:08.601+09:00 DEBUG 86442 --- [learn-spring-boot] [           main] o.s.b.f.s.DefaultListableBeanFactory     : Creating shared instance of singleton bean 'requestContextFilter'
2024-09-10T20:48:08.601+09:00 TRACE 86442 --- [learn-spring-boot] [           main] o.s.b.f.s.DefaultListableBeanFactory     : Creating instance of bean 'requestContextFilter'
2024-09-10T20:48:08.601+09:00 TRACE 86442 --- [learn-spring-boot] [           main] o.s.b.f.s.DefaultListableBeanFactory     : Invoking afterPropertiesSet() on bean with name 'requestContextFilter'
2024-09-10T20:48:08.601+09:00 TRACE 86442 --- [learn-spring-boot] [           main] o.s.b.f.s.DefaultListableBeanFactory     : Finished creating instance of bean 'requestContextFilter'
2024-09-10T20:48:08.601+09:00 DEBUG 86442 --- [learn-spring-boot] [           main] o.s.b.f.s.DefaultListableBeanFactory     : Creating shared instance of singleton bean 'org.springframework.boot.autoconfigure.web.servlet.WebMvcAutoConfiguration'
2024-09-10T20:48:08.601+09:00 TRACE 86442 --- [learn-spring-boot] [           main] o.s.b.f.s.DefaultListableBeanFactory     : Creating instance of bean 'org.springframework.boot.autoconfigure.web.servlet.WebMvcAutoConfiguration'
2024-09-10T20:48:08.602+09:00 TRACE 86442 --- [learn-spring-boot] [           main] o.s.b.f.s.DefaultListableBeanFactory     : Finished creating instance of bean 'org.springframework.boot.autoconfigure.web.servlet.WebMvcAutoConfiguration'
2024-09-10T20:48:08.602+09:00 DEBUG 86442 --- [learn-spring-boot] [           main] o.s.b.f.s.DefaultListableBeanFactory     : Creating shared instance of singleton bean 'formContentFilter'
2024-09-10T20:48:08.602+09:00 TRACE 86442 --- [learn-spring-boot] [           main] o.s.b.f.s.DefaultListableBeanFactory     : Creating instance of bean 'formContentFilter'
2024-09-10T20:48:08.602+09:00 TRACE 86442 --- [learn-spring-boot] [           main] o.s.b.f.s.DefaultListableBeanFactory     : Returning cached instance of singleton bean 'org.springframework.boot.autoconfigure.web.servlet.WebMvcAutoConfiguration'
2024-09-10T20:48:08.603+09:00 TRACE 86442 --- [learn-spring-boot] [           main] o.s.b.f.s.DefaultListableBeanFactory     : Invoking afterPropertiesSet() on bean with name 'formContentFilter'
2024-09-10T20:48:08.603+09:00 TRACE 86442 --- [learn-spring-boot] [           main] o.s.b.f.s.DefaultListableBeanFactory     : Finished creating instance of bean 'formContentFilter'
2024-09-10T20:48:08.603+09:00 DEBUG 86442 --- [learn-spring-boot] [           main] o.s.b.f.s.DefaultListableBeanFactory     : Creating shared instance of singleton bean 'org.springframework.boot.autoconfigure.availability.ApplicationAvailabilityAutoConfiguration'
2024-09-10T20:48:08.603+09:00 TRACE 86442 --- [learn-spring-boot] [           main] o.s.b.f.s.DefaultListableBeanFactory     : Creating instance of bean 'org.springframework.boot.autoconfigure.availability.ApplicationAvailabilityAutoConfiguration'
2024-09-10T20:48:08.603+09:00 TRACE 86442 --- [learn-spring-boot] [           main] o.s.b.f.s.DefaultListableBeanFactory     : Finished creating instance of bean 'org.springframework.boot.autoconfigure.availability.ApplicationAvailabilityAutoConfiguration'
2024-09-10T20:48:08.603+09:00 DEBUG 86442 --- [learn-spring-boot] [           main] o.s.b.f.s.DefaultListableBeanFactory     : Creating shared instance of singleton bean 'applicationAvailability'
2024-09-10T20:48:08.603+09:00 TRACE 86442 --- [learn-spring-boot] [           main] o.s.b.f.s.DefaultListableBeanFactory     : Creating instance of bean 'applicationAvailability'
2024-09-10T20:48:08.603+09:00 TRACE 86442 --- [learn-spring-boot] [           main] o.s.b.f.s.DefaultListableBeanFactory     : Returning cached instance of singleton bean 'org.springframework.boot.autoconfigure.availability.ApplicationAvailabilityAutoConfiguration'
2024-09-10T20:48:08.603+09:00 TRACE 86442 --- [learn-spring-boot] [           main] o.s.b.f.s.DefaultListableBeanFactory     : Finished creating instance of bean 'applicationAvailability'
2024-09-10T20:48:08.603+09:00 DEBUG 86442 --- [learn-spring-boot] [           main] o.s.b.f.s.DefaultListableBeanFactory     : Creating shared instance of singleton bean 'org.springframework.boot.actuate.autoconfigure.availability.AvailabilityHealthContributorAutoConfiguration'
2024-09-10T20:48:08.603+09:00 TRACE 86442 --- [learn-spring-boot] [           main] o.s.b.f.s.DefaultListableBeanFactory     : Creating instance of bean 'org.springframework.boot.actuate.autoconfigure.availability.AvailabilityHealthContributorAutoConfiguration'
2024-09-10T20:48:08.604+09:00 TRACE 86442 --- [learn-spring-boot] [           main] o.s.b.f.s.DefaultListableBeanFactory     : Finished creating instance of bean 'org.springframework.boot.actuate.autoconfigure.availability.AvailabilityHealthContributorAutoConfiguration'
2024-09-10T20:48:08.604+09:00 TRACE 86442 --- [learn-spring-boot] [           main] o.s.b.f.s.DefaultListableBeanFactory     : Returning cached instance of singleton bean 'org.springframework.boot.autoconfigure.jackson.JacksonAutoConfiguration$Jackson2ObjectMapperBuilderCustomizerConfiguration'
2024-09-10T20:48:08.604+09:00 TRACE 86442 --- [learn-spring-boot] [           main] o.s.b.f.s.DefaultListableBeanFactory     : Returning cached instance of singleton bean 'standardJacksonObjectMapperBuilderCustomizer'
2024-09-10T20:48:08.604+09:00 TRACE 86442 --- [learn-spring-boot] [           main] o.s.b.f.s.DefaultListableBeanFactory     : Returning cached instance of singleton bean 'spring.jackson-org.springframework.boot.autoconfigure.jackson.JacksonProperties'
2024-09-10T20:48:08.604+09:00 TRACE 86442 --- [learn-spring-boot] [           main] o.s.b.f.s.DefaultListableBeanFactory     : Returning cached instance of singleton bean 'org.springframework.boot.autoconfigure.jackson.JacksonAutoConfiguration$JacksonObjectMapperBuilderConfiguration'
2024-09-10T20:48:08.604+09:00 TRACE 86442 --- [learn-spring-boot] [           main] o.s.b.f.s.DefaultListableBeanFactory     : Returning cached instance of singleton bean 'org.springframework.boot.autoconfigure.jackson.JacksonAutoConfiguration$ParameterNamesModuleConfiguration'
2024-09-10T20:48:08.604+09:00 TRACE 86442 --- [learn-spring-boot] [           main] o.s.b.f.s.DefaultListableBeanFactory     : Returning cached instance of singleton bean 'parameterNamesModule'
2024-09-10T20:48:08.604+09:00 TRACE 86442 --- [learn-spring-boot] [           main] o.s.b.f.s.DefaultListableBeanFactory     : Returning cached instance of singleton bean 'org.springframework.boot.autoconfigure.jackson.JacksonAutoConfiguration$JacksonObjectMapperConfiguration'
2024-09-10T20:48:08.604+09:00 TRACE 86442 --- [learn-spring-boot] [           main] o.s.b.f.s.DefaultListableBeanFactory     : Returning cached instance of singleton bean 'jacksonObjectMapper'
2024-09-10T20:48:08.604+09:00 TRACE 86442 --- [learn-spring-boot] [           main] o.s.b.f.s.DefaultListableBeanFactory     : Returning cached instance of singleton bean 'org.springframework.boot.autoconfigure.jackson.JacksonAutoConfiguration$JacksonMixinConfiguration'
2024-09-10T20:48:08.604+09:00 TRACE 86442 --- [learn-spring-boot] [           main] o.s.b.f.s.DefaultListableBeanFactory     : Returning cached instance of singleton bean 'jsonMixinModuleEntries'
2024-09-10T20:48:08.604+09:00 TRACE 86442 --- [learn-spring-boot] [           main] o.s.b.f.s.DefaultListableBeanFactory     : Returning cached instance of singleton bean 'jsonMixinModule'
2024-09-10T20:48:08.604+09:00 TRACE 86442 --- [learn-spring-boot] [           main] o.s.b.f.s.DefaultListableBeanFactory     : Returning cached instance of singleton bean 'org.springframework.boot.autoconfigure.jackson.JacksonAutoConfiguration'
2024-09-10T20:48:08.604+09:00 TRACE 86442 --- [learn-spring-boot] [           main] o.s.b.f.s.DefaultListableBeanFactory     : Returning cached instance of singleton bean 'jsonComponentModule'
2024-09-10T20:48:08.604+09:00 DEBUG 86442 --- [learn-spring-boot] [           main] o.s.b.f.s.DefaultListableBeanFactory     : Creating shared instance of singleton bean 'org.springframework.boot.actuate.autoconfigure.health.HealthEndpointConfiguration'
2024-09-10T20:48:08.604+09:00 TRACE 86442 --- [learn-spring-boot] [           main] o.s.b.f.s.DefaultListableBeanFactory     : Creating instance of bean 'org.springframework.boot.actuate.autoconfigure.health.HealthEndpointConfiguration'
2024-09-10T20:48:08.605+09:00 TRACE 86442 --- [learn-spring-boot] [           main] o.s.b.f.s.DefaultListableBeanFactory     : Finished creating instance of bean 'org.springframework.boot.actuate.autoconfigure.health.HealthEndpointConfiguration'
2024-09-10T20:48:08.605+09:00 DEBUG 86442 --- [learn-spring-boot] [           main] o.s.b.f.s.DefaultListableBeanFactory     : Creating shared instance of singleton bean 'healthStatusAggregator'
2024-09-10T20:48:08.605+09:00 TRACE 86442 --- [learn-spring-boot] [           main] o.s.b.f.s.DefaultListableBeanFactory     : Creating instance of bean 'healthStatusAggregator'
2024-09-10T20:48:08.605+09:00 TRACE 86442 --- [learn-spring-boot] [           main] o.s.b.f.s.DefaultListableBeanFactory     : Returning cached instance of singleton bean 'org.springframework.boot.actuate.autoconfigure.health.HealthEndpointConfiguration'
2024-09-10T20:48:08.605+09:00 DEBUG 86442 --- [learn-spring-boot] [           main] o.s.b.f.s.DefaultListableBeanFactory     : Creating shared instance of singleton bean 'management.endpoint.health-org.springframework.boot.actuate.autoconfigure.health.HealthEndpointProperties'
2024-09-10T20:48:08.605+09:00 TRACE 86442 --- [learn-spring-boot] [           main] o.s.b.f.s.DefaultListableBeanFactory     : Creating instance of bean 'management.endpoint.health-org.springframework.boot.actuate.autoconfigure.health.HealthEndpointProperties'
2024-09-10T20:48:08.605+09:00 TRACE 86442 --- [learn-spring-boot] [           main] o.s.b.f.s.DefaultListableBeanFactory     : Returning cached instance of singleton bean 'org.springframework.boot.context.properties.BoundConfigurationProperties'
2024-09-10T20:48:08.607+09:00 TRACE 86442 --- [learn-spring-boot] [           main] o.s.b.f.s.DefaultListableBeanFactory     : Finished creating instance of bean 'management.endpoint.health-org.springframework.boot.actuate.autoconfigure.health.HealthEndpointProperties'
2024-09-10T20:48:08.607+09:00 DEBUG 86442 --- [learn-spring-boot] [           main] o.s.b.f.s.DefaultListableBeanFactory     : Autowiring by type from bean name 'healthStatusAggregator' via factory method to bean named 'management.endpoint.health-org.springframework.boot.actuate.autoconfigure.health.HealthEndpointProperties'
2024-09-10T20:48:08.608+09:00 TRACE 86442 --- [learn-spring-boot] [           main] o.s.b.f.s.DefaultListableBeanFactory     : Finished creating instance of bean 'healthStatusAggregator'
2024-09-10T20:48:08.608+09:00 DEBUG 86442 --- [learn-spring-boot] [           main] o.s.b.f.s.DefaultListableBeanFactory     : Creating shared instance of singleton bean 'healthHttpCodeStatusMapper'
2024-09-10T20:48:08.608+09:00 TRACE 86442 --- [learn-spring-boot] [           main] o.s.b.f.s.DefaultListableBeanFactory     : Creating instance of bean 'healthHttpCodeStatusMapper'
2024-09-10T20:48:08.608+09:00 TRACE 86442 --- [learn-spring-boot] [           main] o.s.b.f.s.DefaultListableBeanFactory     : Returning cached instance of singleton bean 'org.springframework.boot.actuate.autoconfigure.health.HealthEndpointConfiguration'
2024-09-10T20:48:08.608+09:00 TRACE 86442 --- [learn-spring-boot] [           main] o.s.b.f.s.DefaultListableBeanFactory     : Returning cached instance of singleton bean 'management.endpoint.health-org.springframework.boot.actuate.autoconfigure.health.HealthEndpointProperties'
2024-09-10T20:48:08.608+09:00 DEBUG 86442 --- [learn-spring-boot] [           main] o.s.b.f.s.DefaultListableBeanFactory     : Autowiring by type from bean name 'healthHttpCodeStatusMapper' via factory method to bean named 'management.endpoint.health-org.springframework.boot.actuate.autoconfigure.health.HealthEndpointProperties'
2024-09-10T20:48:08.608+09:00 TRACE 86442 --- [learn-spring-boot] [           main] o.s.b.f.s.DefaultListableBeanFactory     : Finished creating instance of bean 'healthHttpCodeStatusMapper'
2024-09-10T20:48:08.608+09:00 DEBUG 86442 --- [learn-spring-boot] [           main] o.s.b.f.s.DefaultListableBeanFactory     : Creating shared instance of singleton bean 'healthEndpointGroups'
2024-09-10T20:48:08.608+09:00 TRACE 86442 --- [learn-spring-boot] [           main] o.s.b.f.s.DefaultListableBeanFactory     : Creating instance of bean 'healthEndpointGroups'
2024-09-10T20:48:08.608+09:00 TRACE 86442 --- [learn-spring-boot] [           main] o.s.b.f.s.DefaultListableBeanFactory     : Returning cached instance of singleton bean 'org.springframework.boot.actuate.autoconfigure.health.HealthEndpointConfiguration'
2024-09-10T20:48:08.608+09:00 TRACE 86442 --- [learn-spring-boot] [           main] o.s.b.f.s.DefaultListableBeanFactory     : Returning cached instance of singleton bean 'management.endpoint.health-org.springframework.boot.actuate.autoconfigure.health.HealthEndpointProperties'
2024-09-10T20:48:08.608+09:00 DEBUG 86442 --- [learn-spring-boot] [           main] o.s.b.f.s.DefaultListableBeanFactory     : Autowiring by type from bean name 'healthEndpointGroups' via factory method to bean named 'org.springframework.web.context.support.GenericWebApplicationContext@61a5b4ae'
2024-09-10T20:48:08.608+09:00 DEBUG 86442 --- [learn-spring-boot] [           main] o.s.b.f.s.DefaultListableBeanFactory     : Autowiring by type from bean name 'healthEndpointGroups' via factory method to bean named 'management.endpoint.health-org.springframework.boot.actuate.autoconfigure.health.HealthEndpointProperties'
2024-09-10T20:48:08.610+09:00 TRACE 86442 --- [learn-spring-boot] [           main] o.s.b.f.s.DefaultListableBeanFactory     : Returning cached instance of singleton bean 'healthStatusAggregator'
2024-09-10T20:48:08.610+09:00 TRACE 86442 --- [learn-spring-boot] [           main] o.s.b.f.s.DefaultListableBeanFactory     : Returning cached instance of singleton bean 'healthHttpCodeStatusMapper'
2024-09-10T20:48:08.611+09:00 TRACE 86442 --- [learn-spring-boot] [           main] o.s.b.f.s.DefaultListableBeanFactory     : Finished creating instance of bean 'healthEndpointGroups'
2024-09-10T20:48:08.611+09:00 DEBUG 86442 --- [learn-spring-boot] [           main] o.s.b.f.s.DefaultListableBeanFactory     : Creating shared instance of singleton bean 'healthContributorRegistry'
2024-09-10T20:48:08.611+09:00 TRACE 86442 --- [learn-spring-boot] [           main] o.s.b.f.s.DefaultListableBeanFactory     : Creating instance of bean 'healthContributorRegistry'
2024-09-10T20:48:08.611+09:00 TRACE 86442 --- [learn-spring-boot] [           main] o.s.b.f.s.DefaultListableBeanFactory     : Returning cached instance of singleton bean 'org.springframework.boot.actuate.autoconfigure.health.HealthEndpointConfiguration'
2024-09-10T20:48:08.611+09:00 TRACE 86442 --- [learn-spring-boot] [           main] o.s.b.f.s.DefaultListableBeanFactory     : Returning cached instance of singleton bean 'healthEndpointGroups'
2024-09-10T20:48:08.612+09:00 DEBUG 86442 --- [learn-spring-boot] [           main] o.s.b.f.s.DefaultListableBeanFactory     : Creating shared instance of singleton bean 'sslHealthIndicator'
2024-09-10T20:48:08.612+09:00 TRACE 86442 --- [learn-spring-boot] [           main] o.s.b.f.s.DefaultListableBeanFactory     : Creating instance of bean 'sslHealthIndicator'
2024-09-10T20:48:08.612+09:00 DEBUG 86442 --- [learn-spring-boot] [           main] o.s.b.f.s.DefaultListableBeanFactory     : Creating shared instance of singleton bean 'org.springframework.boot.actuate.autoconfigure.ssl.SslHealthContributorAutoConfiguration'
2024-09-10T20:48:08.612+09:00 TRACE 86442 --- [learn-spring-boot] [           main] o.s.b.f.s.DefaultListableBeanFactory     : Creating instance of bean 'org.springframework.boot.actuate.autoconfigure.ssl.SslHealthContributorAutoConfiguration'
2024-09-10T20:48:08.612+09:00 TRACE 86442 --- [learn-spring-boot] [           main] o.s.b.f.s.DefaultListableBeanFactory     : Finished creating instance of bean 'org.springframework.boot.actuate.autoconfigure.ssl.SslHealthContributorAutoConfiguration'
2024-09-10T20:48:08.612+09:00 DEBUG 86442 --- [learn-spring-boot] [           main] o.s.b.f.s.DefaultListableBeanFactory     : Creating shared instance of singleton bean 'sslInfo'
2024-09-10T20:48:08.612+09:00 TRACE 86442 --- [learn-spring-boot] [           main] o.s.b.f.s.DefaultListableBeanFactory     : Creating instance of bean 'sslInfo'
2024-09-10T20:48:08.612+09:00 TRACE 86442 --- [learn-spring-boot] [           main] o.s.b.f.s.DefaultListableBeanFactory     : Returning cached instance of singleton bean 'org.springframework.boot.actuate.autoconfigure.ssl.SslHealthContributorAutoConfiguration'
2024-09-10T20:48:08.612+09:00 TRACE 86442 --- [learn-spring-boot] [           main] o.s.b.f.s.DefaultListableBeanFactory     : Returning cached instance of singleton bean 'sslBundleRegistry'
2024-09-10T20:48:08.612+09:00 DEBUG 86442 --- [learn-spring-boot] [           main] o.s.b.f.s.DefaultListableBeanFactory     : Creating shared instance of singleton bean 'management.health.ssl-org.springframework.boot.actuate.autoconfigure.ssl.SslHealthIndicatorProperties'
2024-09-10T20:48:08.612+09:00 TRACE 86442 --- [learn-spring-boot] [           main] o.s.b.f.s.DefaultListableBeanFactory     : Creating instance of bean 'management.health.ssl-org.springframework.boot.actuate.autoconfigure.ssl.SslHealthIndicatorProperties'
2024-09-10T20:48:08.612+09:00 TRACE 86442 --- [learn-spring-boot] [           main] o.s.b.f.s.DefaultListableBeanFactory     : Returning cached instance of singleton bean 'org.springframework.boot.context.properties.BoundConfigurationProperties'
2024-09-10T20:48:08.613+09:00 TRACE 86442 --- [learn-spring-boot] [           main] o.s.b.f.s.DefaultListableBeanFactory     : Finished creating instance of bean 'management.health.ssl-org.springframework.boot.actuate.autoconfigure.ssl.SslHealthIndicatorProperties'
2024-09-10T20:48:08.613+09:00 DEBUG 86442 --- [learn-spring-boot] [           main] o.s.b.f.s.DefaultListableBeanFactory     : Autowiring by type from bean name 'sslInfo' via factory method to bean named 'sslBundleRegistry'
2024-09-10T20:48:08.613+09:00 DEBUG 86442 --- [learn-spring-boot] [           main] o.s.b.f.s.DefaultListableBeanFactory     : Autowiring by type from bean name 'sslInfo' via factory method to bean named 'management.health.ssl-org.springframework.boot.actuate.autoconfigure.ssl.SslHealthIndicatorProperties'
2024-09-10T20:48:08.613+09:00 TRACE 86442 --- [learn-spring-boot] [           main] o.s.b.f.s.DefaultListableBeanFactory     : Finished creating instance of bean 'sslInfo'
2024-09-10T20:48:08.613+09:00 DEBUG 86442 --- [learn-spring-boot] [           main] o.s.b.f.s.DefaultListableBeanFactory     : Autowiring by type from bean name 'sslHealthIndicator' via factory method to bean named 'sslInfo'
2024-09-10T20:48:08.614+09:00 TRACE 86442 --- [learn-spring-boot] [           main] o.s.b.f.s.DefaultListableBeanFactory     : Finished creating instance of bean 'sslHealthIndicator'
2024-09-10T20:48:08.614+09:00 DEBUG 86442 --- [learn-spring-boot] [           main] o.s.b.f.s.DefaultListableBeanFactory     : Creating shared instance of singleton bean 'diskSpaceHealthIndicator'
2024-09-10T20:48:08.614+09:00 TRACE 86442 --- [learn-spring-boot] [           main] o.s.b.f.s.DefaultListableBeanFactory     : Creating instance of bean 'diskSpaceHealthIndicator'
2024-09-10T20:48:08.614+09:00 DEBUG 86442 --- [learn-spring-boot] [           main] o.s.b.f.s.DefaultListableBeanFactory     : Creating shared instance of singleton bean 'org.springframework.boot.actuate.autoconfigure.system.DiskSpaceHealthContributorAutoConfiguration'
2024-09-10T20:48:08.614+09:00 TRACE 86442 --- [learn-spring-boot] [           main] o.s.b.f.s.DefaultListableBeanFactory     : Creating instance of bean 'org.springframework.boot.actuate.autoconfigure.system.DiskSpaceHealthContributorAutoConfiguration'
2024-09-10T20:48:08.615+09:00 TRACE 86442 --- [learn-spring-boot] [           main] o.s.b.f.s.DefaultListableBeanFactory     : Finished creating instance of bean 'org.springframework.boot.actuate.autoconfigure.system.DiskSpaceHealthContributorAutoConfiguration'
2024-09-10T20:48:08.615+09:00 DEBUG 86442 --- [learn-spring-boot] [           main] o.s.b.f.s.DefaultListableBeanFactory     : Creating shared instance of singleton bean 'management.health.diskspace-org.springframework.boot.actuate.autoconfigure.system.DiskSpaceHealthIndicatorProperties'
2024-09-10T20:48:08.615+09:00 TRACE 86442 --- [learn-spring-boot] [           main] o.s.b.f.s.DefaultListableBeanFactory     : Creating instance of bean 'management.health.diskspace-org.springframework.boot.actuate.autoconfigure.system.DiskSpaceHealthIndicatorProperties'
2024-09-10T20:48:08.615+09:00 TRACE 86442 --- [learn-spring-boot] [           main] o.s.b.f.s.DefaultListableBeanFactory     : Returning cached instance of singleton bean 'org.springframework.boot.context.properties.BoundConfigurationProperties'
2024-09-10T20:48:08.615+09:00 TRACE 86442 --- [learn-spring-boot] [           main] o.s.b.f.s.DefaultListableBeanFactory     : Finished creating instance of bean 'management.health.diskspace-org.springframework.boot.actuate.autoconfigure.system.DiskSpaceHealthIndicatorProperties'
2024-09-10T20:48:08.615+09:00 DEBUG 86442 --- [learn-spring-boot] [           main] o.s.b.f.s.DefaultListableBeanFactory     : Autowiring by type from bean name 'diskSpaceHealthIndicator' via factory method to bean named 'management.health.diskspace-org.springframework.boot.actuate.autoconfigure.system.DiskSpaceHealthIndicatorProperties'
2024-09-10T20:48:08.616+09:00 TRACE 86442 --- [learn-spring-boot] [           main] o.s.b.f.s.DefaultListableBeanFactory     : Finished creating instance of bean 'diskSpaceHealthIndicator'
2024-09-10T20:48:08.616+09:00 DEBUG 86442 --- [learn-spring-boot] [           main] o.s.b.f.s.DefaultListableBeanFactory     : Creating shared instance of singleton bean 'pingHealthContributor'
2024-09-10T20:48:08.616+09:00 TRACE 86442 --- [learn-spring-boot] [           main] o.s.b.f.s.DefaultListableBeanFactory     : Creating instance of bean 'pingHealthContributor'
2024-09-10T20:48:08.616+09:00 DEBUG 86442 --- [learn-spring-boot] [           main] o.s.b.f.s.DefaultListableBeanFactory     : Creating shared instance of singleton bean 'org.springframework.boot.actuate.autoconfigure.health.HealthContributorAutoConfiguration'
2024-09-10T20:48:08.616+09:00 TRACE 86442 --- [learn-spring-boot] [           main] o.s.b.f.s.DefaultListableBeanFactory     : Creating instance of bean 'org.springframework.boot.actuate.autoconfigure.health.HealthContributorAutoConfiguration'
2024-09-10T20:48:08.616+09:00 TRACE 86442 --- [learn-spring-boot] [           main] o.s.b.f.s.DefaultListableBeanFactory     : Finished creating instance of bean 'org.springframework.boot.actuate.autoconfigure.health.HealthContributorAutoConfiguration'
2024-09-10T20:48:08.616+09:00 TRACE 86442 --- [learn-spring-boot] [           main] o.s.b.f.s.DefaultListableBeanFactory     : Finished creating instance of bean 'pingHealthContributor'
2024-09-10T20:48:08.617+09:00 DEBUG 86442 --- [learn-spring-boot] [           main] o.s.b.f.s.DefaultListableBeanFactory     : Autowiring by type from bean name 'healthContributorRegistry' via factory method to bean named 'org.springframework.web.context.support.GenericWebApplicationContext@61a5b4ae'
2024-09-10T20:48:08.618+09:00 DEBUG 86442 --- [learn-spring-boot] [           main] o.s.b.f.s.DefaultListableBeanFactory     : Autowiring by type from bean name 'healthContributorRegistry' via factory method to bean named 'healthEndpointGroups'
2024-09-10T20:48:08.618+09:00 DEBUG 86442 --- [learn-spring-boot] [           main] o.s.b.f.s.DefaultListableBeanFactory     : Autowiring by type from bean name 'healthContributorRegistry' via factory method to bean named 'sslHealthIndicator'
2024-09-10T20:48:08.618+09:00 DEBUG 86442 --- [learn-spring-boot] [           main] o.s.b.f.s.DefaultListableBeanFactory     : Autowiring by type from bean name 'healthContributorRegistry' via factory method to bean named 'diskSpaceHealthIndicator'
2024-09-10T20:48:08.618+09:00 DEBUG 86442 --- [learn-spring-boot] [           main] o.s.b.f.s.DefaultListableBeanFactory     : Autowiring by type from bean name 'healthContributorRegistry' via factory method to bean named 'pingHealthContributor'
2024-09-10T20:48:08.620+09:00 TRACE 86442 --- [learn-spring-boot] [           main] o.s.b.f.s.DefaultListableBeanFactory     : Finished creating instance of bean 'healthContributorRegistry'
2024-09-10T20:48:08.620+09:00 DEBUG 86442 --- [learn-spring-boot] [           main] o.s.b.f.s.DefaultListableBeanFactory     : Creating shared instance of singleton bean 'healthEndpointGroupMembershipValidator'
2024-09-10T20:48:08.620+09:00 TRACE 86442 --- [learn-spring-boot] [           main] o.s.b.f.s.DefaultListableBeanFactory     : Creating instance of bean 'healthEndpointGroupMembershipValidator'
2024-09-10T20:48:08.620+09:00 TRACE 86442 --- [learn-spring-boot] [           main] o.s.b.f.s.DefaultListableBeanFactory     : Returning cached instance of singleton bean 'org.springframework.boot.actuate.autoconfigure.health.HealthEndpointConfiguration'
2024-09-10T20:48:08.620+09:00 TRACE 86442 --- [learn-spring-boot] [           main] o.s.b.f.s.DefaultListableBeanFactory     : Returning cached instance of singleton bean 'management.endpoint.health-org.springframework.boot.actuate.autoconfigure.health.HealthEndpointProperties'
2024-09-10T20:48:08.620+09:00 TRACE 86442 --- [learn-spring-boot] [           main] o.s.b.f.s.DefaultListableBeanFactory     : Returning cached instance of singleton bean 'healthContributorRegistry'
2024-09-10T20:48:08.620+09:00 DEBUG 86442 --- [learn-spring-boot] [           main] o.s.b.f.s.DefaultListableBeanFactory     : Autowiring by type from bean name 'healthEndpointGroupMembershipValidator' via factory method to bean named 'management.endpoint.health-org.springframework.boot.actuate.autoconfigure.health.HealthEndpointProperties'
2024-09-10T20:48:08.620+09:00 DEBUG 86442 --- [learn-spring-boot] [           main] o.s.b.f.s.DefaultListableBeanFactory     : Autowiring by type from bean name 'healthEndpointGroupMembershipValidator' via factory method to bean named 'healthContributorRegistry'
2024-09-10T20:48:08.621+09:00 TRACE 86442 --- [learn-spring-boot] [           main] o.s.b.f.s.DefaultListableBeanFactory     : Finished creating instance of bean 'healthEndpointGroupMembershipValidator'
2024-09-10T20:48:08.621+09:00 DEBUG 86442 --- [learn-spring-boot] [           main] o.s.b.f.s.DefaultListableBeanFactory     : Creating shared instance of singleton bean 'healthEndpoint'
2024-09-10T20:48:08.621+09:00 TRACE 86442 --- [learn-spring-boot] [           main] o.s.b.f.s.DefaultListableBeanFactory     : Creating instance of bean 'healthEndpoint'
2024-09-10T20:48:08.621+09:00 TRACE 86442 --- [learn-spring-boot] [           main] o.s.b.f.s.DefaultListableBeanFactory     : Returning cached instance of singleton bean 'org.springframework.boot.actuate.autoconfigure.health.HealthEndpointConfiguration'
2024-09-10T20:48:08.621+09:00 TRACE 86442 --- [learn-spring-boot] [           main] o.s.b.f.s.DefaultListableBeanFactory     : Returning cached instance of singleton bean 'healthContributorRegistry'
2024-09-10T20:48:08.621+09:00 TRACE 86442 --- [learn-spring-boot] [           main] o.s.b.f.s.DefaultListableBeanFactory     : Returning cached instance of singleton bean 'healthEndpointGroups'
2024-09-10T20:48:08.621+09:00 TRACE 86442 --- [learn-spring-boot] [           main] o.s.b.f.s.DefaultListableBeanFactory     : Returning cached instance of singleton bean 'management.endpoint.health-org.springframework.boot.actuate.autoconfigure.health.HealthEndpointProperties'
2024-09-10T20:48:08.621+09:00 DEBUG 86442 --- [learn-spring-boot] [           main] o.s.b.f.s.DefaultListableBeanFactory     : Autowiring by type from bean name 'healthEndpoint' via factory method to bean named 'healthContributorRegistry'
2024-09-10T20:48:08.621+09:00 DEBUG 86442 --- [learn-spring-boot] [           main] o.s.b.f.s.DefaultListableBeanFactory     : Autowiring by type from bean name 'healthEndpoint' via factory method to bean named 'healthEndpointGroups'
2024-09-10T20:48:08.621+09:00 DEBUG 86442 --- [learn-spring-boot] [           main] o.s.b.f.s.DefaultListableBeanFactory     : Autowiring by type from bean name 'healthEndpoint' via factory method to bean named 'management.endpoint.health-org.springframework.boot.actuate.autoconfigure.health.HealthEndpointProperties'
2024-09-10T20:48:08.624+09:00 TRACE 86442 --- [learn-spring-boot] [           main] o.s.b.f.s.DefaultListableBeanFactory     : Finished creating instance of bean 'healthEndpoint'
2024-09-10T20:48:08.624+09:00 TRACE 86442 --- [learn-spring-boot] [           main] o.s.b.f.s.DefaultListableBeanFactory     : Returning cached instance of singleton bean 'healthEndpointGroupsBeanPostProcessor'
2024-09-10T20:48:08.624+09:00 DEBUG 86442 --- [learn-spring-boot] [           main] o.s.b.f.s.DefaultListableBeanFactory     : Creating shared instance of singleton bean 'org.springframework.boot.actuate.autoconfigure.health.HealthEndpointWebExtensionConfiguration$MvcAdditionalHealthEndpointPathsConfiguration'
2024-09-10T20:48:08.624+09:00 TRACE 86442 --- [learn-spring-boot] [           main] o.s.b.f.s.DefaultListableBeanFactory     : Creating instance of bean 'org.springframework.boot.actuate.autoconfigure.health.HealthEndpointWebExtensionConfiguration$MvcAdditionalHealthEndpointPathsConfiguration'
2024-09-10T20:48:08.624+09:00 TRACE 86442 --- [learn-spring-boot] [           main] o.s.b.f.s.DefaultListableBeanFactory     : Finished creating instance of bean 'org.springframework.boot.actuate.autoconfigure.health.HealthEndpointWebExtensionConfiguration$MvcAdditionalHealthEndpointPathsConfiguration'
2024-09-10T20:48:08.624+09:00 DEBUG 86442 --- [learn-spring-boot] [           main] o.s.b.f.s.DefaultListableBeanFactory     : Creating shared instance of singleton bean 'healthEndpointWebMvcHandlerMapping'
2024-09-10T20:48:08.624+09:00 TRACE 86442 --- [learn-spring-boot] [           main] o.s.b.f.s.DefaultListableBeanFactory     : Creating instance of bean 'healthEndpointWebMvcHandlerMapping'
2024-09-10T20:48:08.624+09:00 TRACE 86442 --- [learn-spring-boot] [           main] o.s.b.f.s.DefaultListableBeanFactory     : Returning cached instance of singleton bean 'org.springframework.boot.actuate.autoconfigure.health.HealthEndpointWebExtensionConfiguration$MvcAdditionalHealthEndpointPathsConfiguration'
2024-09-10T20:48:08.624+09:00 DEBUG 86442 --- [learn-spring-boot] [           main] o.s.b.f.s.DefaultListableBeanFactory     : Creating shared instance of singleton bean 'webEndpointDiscoverer'
2024-09-10T20:48:08.624+09:00 TRACE 86442 --- [learn-spring-boot] [           main] o.s.b.f.s.DefaultListableBeanFactory     : Creating instance of bean 'webEndpointDiscoverer'
2024-09-10T20:48:08.624+09:00 DEBUG 86442 --- [learn-spring-boot] [           main] o.s.b.f.s.DefaultListableBeanFactory     : Creating shared instance of singleton bean 'org.springframework.boot.actuate.autoconfigure.endpoint.web.WebEndpointAutoConfiguration'
2024-09-10T20:48:08.624+09:00 TRACE 86442 --- [learn-spring-boot] [           main] o.s.b.f.s.DefaultListableBeanFactory     : Creating instance of bean 'org.springframework.boot.actuate.autoconfigure.endpoint.web.WebEndpointAutoConfiguration'
2024-09-10T20:48:08.625+09:00 DEBUG 86442 --- [learn-spring-boot] [           main] o.s.b.f.s.DefaultListableBeanFactory     : Creating shared instance of singleton bean 'management.endpoints.web-org.springframework.boot.actuate.autoconfigure.endpoint.web.WebEndpointProperties'
2024-09-10T20:48:08.625+09:00 TRACE 86442 --- [learn-spring-boot] [           main] o.s.b.f.s.DefaultListableBeanFactory     : Creating instance of bean 'management.endpoints.web-org.springframework.boot.actuate.autoconfigure.endpoint.web.WebEndpointProperties'
2024-09-10T20:48:08.625+09:00 TRACE 86442 --- [learn-spring-boot] [           main] o.s.b.f.s.DefaultListableBeanFactory     : Returning cached instance of singleton bean 'org.springframework.boot.context.properties.BoundConfigurationProperties'
2024-09-10T20:48:08.626+09:00 TRACE 86442 --- [learn-spring-boot] [           main] o.s.b.f.s.DefaultListableBeanFactory     : Finished creating instance of bean 'management.endpoints.web-org.springframework.boot.actuate.autoconfigure.endpoint.web.WebEndpointProperties'
2024-09-10T20:48:08.626+09:00 DEBUG 86442 --- [learn-spring-boot] [           main] o.s.b.f.s.DefaultListableBeanFactory     : Autowiring by type from bean name 'org.springframework.boot.actuate.autoconfigure.endpoint.web.WebEndpointAutoConfiguration' via constructor to bean named 'org.springframework.web.context.support.GenericWebApplicationContext@61a5b4ae'
2024-09-10T20:48:08.626+09:00 DEBUG 86442 --- [learn-spring-boot] [           main] o.s.b.f.s.DefaultListableBeanFactory     : Autowiring by type from bean name 'org.springframework.boot.actuate.autoconfigure.endpoint.web.WebEndpointAutoConfiguration' via constructor to bean named 'management.endpoints.web-org.springframework.boot.actuate.autoconfigure.endpoint.web.WebEndpointProperties'
2024-09-10T20:48:08.626+09:00 TRACE 86442 --- [learn-spring-boot] [           main] o.s.b.f.s.DefaultListableBeanFactory     : Finished creating instance of bean 'org.springframework.boot.actuate.autoconfigure.endpoint.web.WebEndpointAutoConfiguration'
2024-09-10T20:48:08.626+09:00 DEBUG 86442 --- [learn-spring-boot] [           main] o.s.b.f.s.DefaultListableBeanFactory     : Creating shared instance of singleton bean 'endpointOperationParameterMapper'
2024-09-10T20:48:08.626+09:00 TRACE 86442 --- [learn-spring-boot] [           main] o.s.b.f.s.DefaultListableBeanFactory     : Creating instance of bean 'endpointOperationParameterMapper'
2024-09-10T20:48:08.626+09:00 DEBUG 86442 --- [learn-spring-boot] [           main] o.s.b.f.s.DefaultListableBeanFactory     : Creating shared instance of singleton bean 'org.springframework.boot.actuate.autoconfigure.endpoint.EndpointAutoConfiguration'
2024-09-10T20:48:08.626+09:00 TRACE 86442 --- [learn-spring-boot] [           main] o.s.b.f.s.DefaultListableBeanFactory     : Creating instance of bean 'org.springframework.boot.actuate.autoconfigure.endpoint.EndpointAutoConfiguration'
2024-09-10T20:48:08.626+09:00 TRACE 86442 --- [learn-spring-boot] [           main] o.s.b.f.s.DefaultListableBeanFactory     : Finished creating instance of bean 'org.springframework.boot.actuate.autoconfigure.endpoint.EndpointAutoConfiguration'
2024-09-10T20:48:08.628+09:00 TRACE 86442 --- [learn-spring-boot] [           main] o.s.b.f.s.DefaultListableBeanFactory     : Finished creating instance of bean 'endpointOperationParameterMapper'
2024-09-10T20:48:08.628+09:00 DEBUG 86442 --- [learn-spring-boot] [           main] o.s.b.f.s.DefaultListableBeanFactory     : Creating shared instance of singleton bean 'endpointMediaTypes'
2024-09-10T20:48:08.628+09:00 TRACE 86442 --- [learn-spring-boot] [           main] o.s.b.f.s.DefaultListableBeanFactory     : Creating instance of bean 'endpointMediaTypes'
2024-09-10T20:48:08.628+09:00 TRACE 86442 --- [learn-spring-boot] [           main] o.s.b.f.s.DefaultListableBeanFactory     : Returning cached instance of singleton bean 'org.springframework.boot.actuate.autoconfigure.endpoint.web.WebEndpointAutoConfiguration'
2024-09-10T20:48:08.628+09:00 TRACE 86442 --- [learn-spring-boot] [           main] o.s.b.f.s.DefaultListableBeanFactory     : Finished creating instance of bean 'endpointMediaTypes'
2024-09-10T20:48:08.628+09:00 DEBUG 86442 --- [learn-spring-boot] [           main] o.s.b.f.s.DefaultListableBeanFactory     : Autowiring by type from bean name 'webEndpointDiscoverer' via factory method to bean named 'endpointOperationParameterMapper'
2024-09-10T20:48:08.628+09:00 DEBUG 86442 --- [learn-spring-boot] [           main] o.s.b.f.s.DefaultListableBeanFactory     : Autowiring by type from bean name 'webEndpointDiscoverer' via factory method to bean named 'endpointMediaTypes'
2024-09-10T20:48:08.630+09:00 DEBUG 86442 --- [learn-spring-boot] [           main] o.s.b.f.s.DefaultListableBeanFactory     : Creating shared instance of singleton bean 'webEndpointPathMapper'
2024-09-10T20:48:08.630+09:00 TRACE 86442 --- [learn-spring-boot] [           main] o.s.b.f.s.DefaultListableBeanFactory     : Creating instance of bean 'webEndpointPathMapper'
2024-09-10T20:48:08.630+09:00 TRACE 86442 --- [learn-spring-boot] [           main] o.s.b.f.s.DefaultListableBeanFactory     : Returning cached instance of singleton bean 'org.springframework.boot.actuate.autoconfigure.endpoint.web.WebEndpointAutoConfiguration'
2024-09-10T20:48:08.630+09:00 TRACE 86442 --- [learn-spring-boot] [           main] o.s.b.f.s.DefaultListableBeanFactory     : Finished creating instance of bean 'webEndpointPathMapper'
2024-09-10T20:48:08.630+09:00 TRACE 86442 --- [learn-spring-boot] [           main] o.s.b.f.s.DefaultListableBeanFactory     : Returning cached instance of singleton bean 'webEndpointPathMapper'
2024-09-10T20:48:08.631+09:00 DEBUG 86442 --- [learn-spring-boot] [           main] o.s.b.f.s.DefaultListableBeanFactory     : Creating shared instance of singleton bean 'endpointCachingOperationInvokerAdvisor'
2024-09-10T20:48:08.631+09:00 TRACE 86442 --- [learn-spring-boot] [           main] o.s.b.f.s.DefaultListableBeanFactory     : Creating instance of bean 'endpointCachingOperationInvokerAdvisor'
2024-09-10T20:48:08.631+09:00 TRACE 86442 --- [learn-spring-boot] [           main] o.s.b.f.s.DefaultListableBeanFactory     : Returning cached instance of singleton bean 'org.springframework.boot.actuate.autoconfigure.endpoint.EndpointAutoConfiguration'
2024-09-10T20:48:08.631+09:00 TRACE 86442 --- [learn-spring-boot] [           main] o.s.b.f.s.DefaultListableBeanFactory     : Returning cached instance of singleton bean 'environment'
2024-09-10T20:48:08.631+09:00 DEBUG 86442 --- [learn-spring-boot] [           main] o.s.b.f.s.DefaultListableBeanFactory     : Autowiring by type from bean name 'endpointCachingOperationInvokerAdvisor' via factory method to bean named 'environment'
2024-09-10T20:48:08.631+09:00 TRACE 86442 --- [learn-spring-boot] [           main] o.s.b.f.s.DefaultListableBeanFactory     : Finished creating instance of bean 'endpointCachingOperationInvokerAdvisor'
2024-09-10T20:48:08.631+09:00 TRACE 86442 --- [learn-spring-boot] [           main] o.s.b.f.s.DefaultListableBeanFactory     : Returning cached instance of singleton bean 'endpointCachingOperationInvokerAdvisor'
2024-09-10T20:48:08.632+09:00 DEBUG 86442 --- [learn-spring-boot] [           main] o.s.b.f.s.DefaultListableBeanFactory     : Creating shared instance of singleton bean 'webExposeExcludePropertyEndpointFilter'
2024-09-10T20:48:08.632+09:00 TRACE 86442 --- [learn-spring-boot] [           main] o.s.b.f.s.DefaultListableBeanFactory     : Creating instance of bean 'webExposeExcludePropertyEndpointFilter'
2024-09-10T20:48:08.632+09:00 TRACE 86442 --- [learn-spring-boot] [           main] o.s.b.f.s.DefaultListableBeanFactory     : Returning cached instance of singleton bean 'org.springframework.boot.actuate.autoconfigure.endpoint.web.WebEndpointAutoConfiguration'
2024-09-10T20:48:08.632+09:00 TRACE 86442 --- [learn-spring-boot] [           main] o.s.b.f.s.DefaultListableBeanFactory     : Finished creating instance of bean 'webExposeExcludePropertyEndpointFilter'
2024-09-10T20:48:08.632+09:00 TRACE 86442 --- [learn-spring-boot] [           main] o.s.b.f.s.DefaultListableBeanFactory     : Returning cached instance of singleton bean 'webExposeExcludePropertyEndpointFilter'
2024-09-10T20:48:08.634+09:00 TRACE 86442 --- [learn-spring-boot] [           main] o.s.b.f.s.DefaultListableBeanFactory     : Finished creating instance of bean 'webEndpointDiscoverer'
2024-09-10T20:48:08.634+09:00 TRACE 86442 --- [learn-spring-boot] [           main] o.s.b.f.s.DefaultListableBeanFactory     : Returning cached instance of singleton bean 'healthEndpointGroups'
2024-09-10T20:48:08.634+09:00 DEBUG 86442 --- [learn-spring-boot] [           main] o.s.b.f.s.DefaultListableBeanFactory     : Autowiring by type from bean name 'healthEndpointWebMvcHandlerMapping' via factory method to bean named 'webEndpointDiscoverer'
2024-09-10T20:48:08.634+09:00 DEBUG 86442 --- [learn-spring-boot] [           main] o.s.b.f.s.DefaultListableBeanFactory     : Autowiring by type from bean name 'healthEndpointWebMvcHandlerMapping' via factory method to bean named 'healthEndpointGroups'
2024-09-10T20:48:08.638+09:00 TRACE 86442 --- [learn-spring-boot] [           main] o.s.b.f.s.DefaultListableBeanFactory     : Returning cached instance of singleton bean 'healthEndpoint'
2024-09-10T20:48:08.639+09:00 TRACE 86442 --- [learn-spring-boot] [           main] o.s.b.f.s.DefaultListableBeanFactory     : Returning cached instance of singleton bean 'healthEndpoint'
2024-09-10T20:48:08.645+09:00 DEBUG 86442 --- [learn-spring-boot] [           main] o.s.b.f.s.DefaultListableBeanFactory     : Creating shared instance of singleton bean 'healthEndpointWebExtension'
2024-09-10T20:48:08.645+09:00 TRACE 86442 --- [learn-spring-boot] [           main] o.s.b.f.s.DefaultListableBeanFactory     : Creating instance of bean 'healthEndpointWebExtension'
2024-09-10T20:48:08.645+09:00 DEBUG 86442 --- [learn-spring-boot] [           main] o.s.b.f.s.DefaultListableBeanFactory     : Creating shared instance of singleton bean 'org.springframework.boot.actuate.autoconfigure.health.HealthEndpointWebExtensionConfiguration'
2024-09-10T20:48:08.645+09:00 TRACE 86442 --- [learn-spring-boot] [           main] o.s.b.f.s.DefaultListableBeanFactory     : Creating instance of bean 'org.springframework.boot.actuate.autoconfigure.health.HealthEndpointWebExtensionConfiguration'
2024-09-10T20:48:08.645+09:00 TRACE 86442 --- [learn-spring-boot] [           main] o.s.b.f.s.DefaultListableBeanFactory     : Finished creating instance of bean 'org.springframework.boot.actuate.autoconfigure.health.HealthEndpointWebExtensionConfiguration'
2024-09-10T20:48:08.645+09:00 TRACE 86442 --- [learn-spring-boot] [           main] o.s.b.f.s.DefaultListableBeanFactory     : Returning cached instance of singleton bean 'healthContributorRegistry'
2024-09-10T20:48:08.645+09:00 TRACE 86442 --- [learn-spring-boot] [           main] o.s.b.f.s.DefaultListableBeanFactory     : Returning cached instance of singleton bean 'healthEndpointGroups'
2024-09-10T20:48:08.645+09:00 TRACE 86442 --- [learn-spring-boot] [           main] o.s.b.f.s.DefaultListableBeanFactory     : Returning cached instance of singleton bean 'management.endpoint.health-org.springframework.boot.actuate.autoconfigure.health.HealthEndpointProperties'
2024-09-10T20:48:08.645+09:00 DEBUG 86442 --- [learn-spring-boot] [           main] o.s.b.f.s.DefaultListableBeanFactory     : Autowiring by type from bean name 'healthEndpointWebExtension' via factory method to bean named 'healthContributorRegistry'
2024-09-10T20:48:08.645+09:00 DEBUG 86442 --- [learn-spring-boot] [           main] o.s.b.f.s.DefaultListableBeanFactory     : Autowiring by type from bean name 'healthEndpointWebExtension' via factory method to bean named 'healthEndpointGroups'
2024-09-10T20:48:08.645+09:00 DEBUG 86442 --- [learn-spring-boot] [           main] o.s.b.f.s.DefaultListableBeanFactory     : Autowiring by type from bean name 'healthEndpointWebExtension' via factory method to bean named 'management.endpoint.health-org.springframework.boot.actuate.autoconfigure.health.HealthEndpointProperties'
2024-09-10T20:48:08.646+09:00 TRACE 86442 --- [learn-spring-boot] [           main] o.s.b.f.s.DefaultListableBeanFactory     : Finished creating instance of bean 'healthEndpointWebExtension'
2024-09-10T20:48:08.647+09:00 TRACE 86442 --- [learn-spring-boot] [           main] o.s.b.f.s.DefaultListableBeanFactory     : Returning cached instance of singleton bean 'healthEndpoint'
2024-09-10T20:48:08.649+09:00 TRACE 86442 --- [learn-spring-boot] [           main] o.s.b.f.s.DefaultListableBeanFactory     : Invoking afterPropertiesSet() on bean with name 'healthEndpointWebMvcHandlerMapping'
2024-09-10T20:48:08.649+09:00 TRACE 86442 --- [learn-spring-boot] [           main] o.s.b.f.s.DefaultListableBeanFactory     : Finished creating instance of bean 'healthEndpointWebMvcHandlerMapping'
2024-09-10T20:48:08.649+09:00 TRACE 86442 --- [learn-spring-boot] [           main] o.s.b.f.s.DefaultListableBeanFactory     : Returning cached instance of singleton bean 'org.springframework.boot.actuate.autoconfigure.health.HealthEndpointWebExtensionConfiguration'
2024-09-10T20:48:08.649+09:00 TRACE 86442 --- [learn-spring-boot] [           main] o.s.b.f.s.DefaultListableBeanFactory     : Returning cached instance of singleton bean 'healthEndpointWebExtension'
2024-09-10T20:48:08.649+09:00 DEBUG 86442 --- [learn-spring-boot] [           main] o.s.b.f.s.DefaultListableBeanFactory     : Creating shared instance of singleton bean 'org.springframework.boot.actuate.autoconfigure.health.HealthEndpointAutoConfiguration'
2024-09-10T20:48:08.649+09:00 TRACE 86442 --- [learn-spring-boot] [           main] o.s.b.f.s.DefaultListableBeanFactory     : Creating instance of bean 'org.springframework.boot.actuate.autoconfigure.health.HealthEndpointAutoConfiguration'
2024-09-10T20:48:08.649+09:00 TRACE 86442 --- [learn-spring-boot] [           main] o.s.b.f.s.DefaultListableBeanFactory     : Finished creating instance of bean 'org.springframework.boot.actuate.autoconfigure.health.HealthEndpointAutoConfiguration'
2024-09-10T20:48:08.649+09:00 TRACE 86442 --- [learn-spring-boot] [           main] o.s.b.f.s.DefaultListableBeanFactory     : Returning cached instance of singleton bean 'management.endpoint.health-org.springframework.boot.actuate.autoconfigure.health.HealthEndpointProperties'
2024-09-10T20:48:08.649+09:00 DEBUG 86442 --- [learn-spring-boot] [           main] o.s.b.f.s.DefaultListableBeanFactory     : Creating shared instance of singleton bean 'org.springframework.boot.autoconfigure.info.ProjectInfoAutoConfiguration'
2024-09-10T20:48:08.649+09:00 TRACE 86442 --- [learn-spring-boot] [           main] o.s.b.f.s.DefaultListableBeanFactory     : Creating instance of bean 'org.springframework.boot.autoconfigure.info.ProjectInfoAutoConfiguration'
2024-09-10T20:48:08.650+09:00 DEBUG 86442 --- [learn-spring-boot] [           main] o.s.b.f.s.DefaultListableBeanFactory     : Creating shared instance of singleton bean 'spring.info-org.springframework.boot.autoconfigure.info.ProjectInfoProperties'
2024-09-10T20:48:08.650+09:00 TRACE 86442 --- [learn-spring-boot] [           main] o.s.b.f.s.DefaultListableBeanFactory     : Creating instance of bean 'spring.info-org.springframework.boot.autoconfigure.info.ProjectInfoProperties'
2024-09-10T20:48:08.650+09:00 TRACE 86442 --- [learn-spring-boot] [           main] o.s.b.f.s.DefaultListableBeanFactory     : Returning cached instance of singleton bean 'org.springframework.boot.context.properties.BoundConfigurationProperties'
2024-09-10T20:48:08.650+09:00 TRACE 86442 --- [learn-spring-boot] [           main] o.s.b.f.s.DefaultListableBeanFactory     : Finished creating instance of bean 'spring.info-org.springframework.boot.autoconfigure.info.ProjectInfoProperties'
2024-09-10T20:48:08.650+09:00 DEBUG 86442 --- [learn-spring-boot] [           main] o.s.b.f.s.DefaultListableBeanFactory     : Autowiring by type from bean name 'org.springframework.boot.autoconfigure.info.ProjectInfoAutoConfiguration' via constructor to bean named 'spring.info-org.springframework.boot.autoconfigure.info.ProjectInfoProperties'
2024-09-10T20:48:08.650+09:00 TRACE 86442 --- [learn-spring-boot] [           main] o.s.b.f.s.DefaultListableBeanFactory     : Finished creating instance of bean 'org.springframework.boot.autoconfigure.info.ProjectInfoAutoConfiguration'
2024-09-10T20:48:08.651+09:00 TRACE 86442 --- [learn-spring-boot] [           main] o.s.b.f.s.DefaultListableBeanFactory     : Returning cached instance of singleton bean 'spring.info-org.springframework.boot.autoconfigure.info.ProjectInfoProperties'
2024-09-10T20:48:08.651+09:00 DEBUG 86442 --- [learn-spring-boot] [           main] o.s.b.f.s.DefaultListableBeanFactory     : Creating shared instance of singleton bean 'org.springframework.boot.actuate.autoconfigure.info.InfoContributorAutoConfiguration'
2024-09-10T20:48:08.651+09:00 TRACE 86442 --- [learn-spring-boot] [           main] o.s.b.f.s.DefaultListableBeanFactory     : Creating instance of bean 'org.springframework.boot.actuate.autoconfigure.info.InfoContributorAutoConfiguration'
2024-09-10T20:48:08.653+09:00 TRACE 86442 --- [learn-spring-boot] [           main] o.s.b.f.s.DefaultListableBeanFactory     : Finished creating instance of bean 'org.springframework.boot.actuate.autoconfigure.info.InfoContributorAutoConfiguration'
2024-09-10T20:48:08.653+09:00 TRACE 86442 --- [learn-spring-boot] [           main] o.s.b.f.s.DefaultListableBeanFactory     : Returning cached instance of singleton bean 'management.health.ssl-org.springframework.boot.actuate.autoconfigure.ssl.SslHealthIndicatorProperties'
2024-09-10T20:48:08.653+09:00 DEBUG 86442 --- [learn-spring-boot] [           main] o.s.b.f.s.DefaultListableBeanFactory     : Creating shared instance of singleton bean 'management.info-org.springframework.boot.actuate.autoconfigure.info.InfoContributorProperties'
2024-09-10T20:48:08.653+09:00 TRACE 86442 --- [learn-spring-boot] [           main] o.s.b.f.s.DefaultListableBeanFactory     : Creating instance of bean 'management.info-org.springframework.boot.actuate.autoconfigure.info.InfoContributorProperties'
2024-09-10T20:48:08.653+09:00 TRACE 86442 --- [learn-spring-boot] [           main] o.s.b.f.s.DefaultListableBeanFactory     : Returning cached instance of singleton bean 'org.springframework.boot.context.properties.BoundConfigurationProperties'
2024-09-10T20:48:08.653+09:00 TRACE 86442 --- [learn-spring-boot] [           main] o.s.b.f.s.DefaultListableBeanFactory     : Finished creating instance of bean 'management.info-org.springframework.boot.actuate.autoconfigure.info.InfoContributorProperties'
2024-09-10T20:48:08.653+09:00 DEBUG 86442 --- [learn-spring-boot] [           main] o.s.b.f.s.DefaultListableBeanFactory     : Creating shared instance of singleton bean 'org.springframework.boot.actuate.autoconfigure.web.servlet.ServletManagementContextAutoConfiguration'
2024-09-10T20:48:08.653+09:00 TRACE 86442 --- [learn-spring-boot] [           main] o.s.b.f.s.DefaultListableBeanFactory     : Creating instance of bean 'org.springframework.boot.actuate.autoconfigure.web.servlet.ServletManagementContextAutoConfiguration'
2024-09-10T20:48:08.653+09:00 TRACE 86442 --- [learn-spring-boot] [           main] o.s.b.f.s.DefaultListableBeanFactory     : Finished creating instance of bean 'org.springframework.boot.actuate.autoconfigure.web.servlet.ServletManagementContextAutoConfiguration'
2024-09-10T20:48:08.653+09:00 DEBUG 86442 --- [learn-spring-boot] [           main] o.s.b.f.s.DefaultListableBeanFactory     : Creating shared instance of singleton bean 'servletWebChildContextFactory'
2024-09-10T20:48:08.653+09:00 TRACE 86442 --- [learn-spring-boot] [           main] o.s.b.f.s.DefaultListableBeanFactory     : Creating instance of bean 'servletWebChildContextFactory'
2024-09-10T20:48:08.654+09:00 TRACE 86442 --- [learn-spring-boot] [           main] o.s.b.f.s.DefaultListableBeanFactory     : Finished creating instance of bean 'servletWebChildContextFactory'
2024-09-10T20:48:08.654+09:00 DEBUG 86442 --- [learn-spring-boot] [           main] o.s.b.f.s.DefaultListableBeanFactory     : Creating shared instance of singleton bean 'managementServletContext'
2024-09-10T20:48:08.654+09:00 TRACE 86442 --- [learn-spring-boot] [           main] o.s.b.f.s.DefaultListableBeanFactory     : Creating instance of bean 'managementServletContext'
2024-09-10T20:48:08.654+09:00 TRACE 86442 --- [learn-spring-boot] [           main] o.s.b.f.s.DefaultListableBeanFactory     : Returning cached instance of singleton bean 'org.springframework.boot.actuate.autoconfigure.web.servlet.ServletManagementContextAutoConfiguration'
2024-09-10T20:48:08.654+09:00 TRACE 86442 --- [learn-spring-boot] [           main] o.s.b.f.s.DefaultListableBeanFactory     : Returning cached instance of singleton bean 'management.endpoints.web-org.springframework.boot.actuate.autoconfigure.endpoint.web.WebEndpointProperties'
2024-09-10T20:48:08.654+09:00 DEBUG 86442 --- [learn-spring-boot] [           main] o.s.b.f.s.DefaultListableBeanFactory     : Autowiring by type from bean name 'managementServletContext' via factory method to bean named 'management.endpoints.web-org.springframework.boot.actuate.autoconfigure.endpoint.web.WebEndpointProperties'
2024-09-10T20:48:08.654+09:00 TRACE 86442 --- [learn-spring-boot] [           main] o.s.b.f.s.DefaultListableBeanFactory     : Finished creating instance of bean 'managementServletContext'
2024-09-10T20:48:08.654+09:00 TRACE 86442 --- [learn-spring-boot] [           main] o.s.b.f.s.DefaultListableBeanFactory     : Returning cached instance of singleton bean 'org.springframework.boot.actuate.autoconfigure.endpoint.EndpointAutoConfiguration'
2024-09-10T20:48:08.654+09:00 TRACE 86442 --- [learn-spring-boot] [           main] o.s.b.f.s.DefaultListableBeanFactory     : Returning cached instance of singleton bean 'endpointOperationParameterMapper'
2024-09-10T20:48:08.654+09:00 TRACE 86442 --- [learn-spring-boot] [           main] o.s.b.f.s.DefaultListableBeanFactory     : Returning cached instance of singleton bean 'endpointCachingOperationInvokerAdvisor'
2024-09-10T20:48:08.654+09:00 TRACE 86442 --- [learn-spring-boot] [           main] o.s.b.f.s.DefaultListableBeanFactory     : Returning cached instance of singleton bean 'org.springframework.boot.actuate.autoconfigure.endpoint.jackson.JacksonEndpointAutoConfiguration'
2024-09-10T20:48:08.654+09:00 TRACE 86442 --- [learn-spring-boot] [           main] o.s.b.f.s.DefaultListableBeanFactory     : Returning cached instance of singleton bean 'endpointObjectMapper'
2024-09-10T20:48:08.654+09:00 DEBUG 86442 --- [learn-spring-boot] [           main] o.s.b.f.s.DefaultListableBeanFactory     : Creating shared instance of singleton bean 'org.springframework.boot.actuate.autoconfigure.endpoint.web.WebEndpointAutoConfiguration$WebEndpointServletConfiguration'
2024-09-10T20:48:08.654+09:00 TRACE 86442 --- [learn-spring-boot] [           main] o.s.b.f.s.DefaultListableBeanFactory     : Creating instance of bean 'org.springframework.boot.actuate.autoconfigure.endpoint.web.WebEndpointAutoConfiguration$WebEndpointServletConfiguration'
2024-09-10T20:48:08.654+09:00 TRACE 86442 --- [learn-spring-boot] [           main] o.s.b.f.s.DefaultListableBeanFactory     : Finished creating instance of bean 'org.springframework.boot.actuate.autoconfigure.endpoint.web.WebEndpointAutoConfiguration$WebEndpointServletConfiguration'
2024-09-10T20:48:08.654+09:00 DEBUG 86442 --- [learn-spring-boot] [           main] o.s.b.f.s.DefaultListableBeanFactory     : Creating shared instance of singleton bean 'servletEndpointDiscoverer'
2024-09-10T20:48:08.654+09:00 TRACE 86442 --- [learn-spring-boot] [           main] o.s.b.f.s.DefaultListableBeanFactory     : Creating instance of bean 'servletEndpointDiscoverer'
2024-09-10T20:48:08.654+09:00 TRACE 86442 --- [learn-spring-boot] [           main] o.s.b.f.s.DefaultListableBeanFactory     : Returning cached instance of singleton bean 'org.springframework.boot.actuate.autoconfigure.endpoint.web.WebEndpointAutoConfiguration$WebEndpointServletConfiguration'
2024-09-10T20:48:08.654+09:00 DEBUG 86442 --- [learn-spring-boot] [           main] o.s.b.f.s.DefaultListableBeanFactory     : Autowiring by type from bean name 'servletEndpointDiscoverer' via factory method to bean named 'org.springframework.web.context.support.GenericWebApplicationContext@61a5b4ae'
2024-09-10T20:48:08.655+09:00 TRACE 86442 --- [learn-spring-boot] [           main] o.s.b.f.s.DefaultListableBeanFactory     : Returning cached instance of singleton bean 'webEndpointPathMapper'
2024-09-10T20:48:08.655+09:00 TRACE 86442 --- [learn-spring-boot] [           main] o.s.b.f.s.DefaultListableBeanFactory     : Returning cached instance of singleton bean 'webEndpointPathMapper'
2024-09-10T20:48:08.655+09:00 DEBUG 86442 --- [learn-spring-boot] [           main] o.s.b.f.s.DefaultListableBeanFactory     : Creating shared instance of singleton bean 'servletExposeExcludePropertyEndpointFilter'
2024-09-10T20:48:08.655+09:00 TRACE 86442 --- [learn-spring-boot] [           main] o.s.b.f.s.DefaultListableBeanFactory     : Creating instance of bean 'servletExposeExcludePropertyEndpointFilter'
2024-09-10T20:48:08.655+09:00 DEBUG 86442 --- [learn-spring-boot] [           main] o.s.b.f.s.DefaultListableBeanFactory     : Creating shared instance of singleton bean 'org.springframework.boot.actuate.autoconfigure.endpoint.web.ServletEndpointManagementContextConfiguration'
2024-09-10T20:48:08.655+09:00 TRACE 86442 --- [learn-spring-boot] [           main] o.s.b.f.s.DefaultListableBeanFactory     : Creating instance of bean 'org.springframework.boot.actuate.autoconfigure.endpoint.web.ServletEndpointManagementContextConfiguration'
2024-09-10T20:48:08.655+09:00 TRACE 86442 --- [learn-spring-boot] [           main] o.s.b.f.s.DefaultListableBeanFactory     : Finished creating instance of bean 'org.springframework.boot.actuate.autoconfigure.endpoint.web.ServletEndpointManagementContextConfiguration'
2024-09-10T20:48:08.655+09:00 TRACE 86442 --- [learn-spring-boot] [           main] o.s.b.f.s.DefaultListableBeanFactory     : Returning cached instance of singleton bean 'management.endpoints.web-org.springframework.boot.actuate.autoconfigure.endpoint.web.WebEndpointProperties'
2024-09-10T20:48:08.656+09:00 DEBUG 86442 --- [learn-spring-boot] [           main] o.s.b.f.s.DefaultListableBeanFactory     : Autowiring by type from bean name 'servletExposeExcludePropertyEndpointFilter' via factory method to bean named 'management.endpoints.web-org.springframework.boot.actuate.autoconfigure.endpoint.web.WebEndpointProperties'
2024-09-10T20:48:08.656+09:00 TRACE 86442 --- [learn-spring-boot] [           main] o.s.b.f.s.DefaultListableBeanFactory     : Finished creating instance of bean 'servletExposeExcludePropertyEndpointFilter'
2024-09-10T20:48:08.656+09:00 TRACE 86442 --- [learn-spring-boot] [           main] o.s.b.f.s.DefaultListableBeanFactory     : Returning cached instance of singleton bean 'servletExposeExcludePropertyEndpointFilter'
2024-09-10T20:48:08.656+09:00 TRACE 86442 --- [learn-spring-boot] [           main] o.s.b.f.s.DefaultListableBeanFactory     : Finished creating instance of bean 'servletEndpointDiscoverer'
2024-09-10T20:48:08.656+09:00 TRACE 86442 --- [learn-spring-boot] [           main] o.s.b.f.s.DefaultListableBeanFactory     : Returning cached instance of singleton bean 'org.springframework.boot.actuate.autoconfigure.endpoint.web.WebEndpointAutoConfiguration'
2024-09-10T20:48:08.656+09:00 TRACE 86442 --- [learn-spring-boot] [           main] o.s.b.f.s.DefaultListableBeanFactory     : Returning cached instance of singleton bean 'webEndpointPathMapper'
2024-09-10T20:48:08.656+09:00 TRACE 86442 --- [learn-spring-boot] [           main] o.s.b.f.s.DefaultListableBeanFactory     : Returning cached instance of singleton bean 'endpointMediaTypes'
2024-09-10T20:48:08.656+09:00 TRACE 86442 --- [learn-spring-boot] [           main] o.s.b.f.s.DefaultListableBeanFactory     : Returning cached instance of singleton bean 'webEndpointDiscoverer'
2024-09-10T20:48:08.656+09:00 DEBUG 86442 --- [learn-spring-boot] [           main] o.s.b.f.s.DefaultListableBeanFactory     : Creating shared instance of singleton bean 'controllerEndpointDiscoverer'
2024-09-10T20:48:08.656+09:00 TRACE 86442 --- [learn-spring-boot] [           main] o.s.b.f.s.DefaultListableBeanFactory     : Creating instance of bean 'controllerEndpointDiscoverer'
2024-09-10T20:48:08.656+09:00 TRACE 86442 --- [learn-spring-boot] [           main] o.s.b.f.s.DefaultListableBeanFactory     : Returning cached instance of singleton bean 'org.springframework.boot.actuate.autoconfigure.endpoint.web.WebEndpointAutoConfiguration'
2024-09-10T20:48:08.656+09:00 TRACE 86442 --- [learn-spring-boot] [           main] o.s.b.f.s.DefaultListableBeanFactory     : Returning cached instance of singleton bean 'webEndpointPathMapper'
2024-09-10T20:48:08.656+09:00 TRACE 86442 --- [learn-spring-boot] [           main] o.s.b.f.s.DefaultListableBeanFactory     : Returning cached instance of singleton bean 'webEndpointPathMapper'
2024-09-10T20:48:08.657+09:00 DEBUG 86442 --- [learn-spring-boot] [           main] o.s.b.f.s.DefaultListableBeanFactory     : Creating shared instance of singleton bean 'controllerExposeExcludePropertyEndpointFilter'
2024-09-10T20:48:08.657+09:00 TRACE 86442 --- [learn-spring-boot] [           main] o.s.b.f.s.DefaultListableBeanFactory     : Creating instance of bean 'controllerExposeExcludePropertyEndpointFilter'
2024-09-10T20:48:08.657+09:00 TRACE 86442 --- [learn-spring-boot] [           main] o.s.b.f.s.DefaultListableBeanFactory     : Returning cached instance of singleton bean 'org.springframework.boot.actuate.autoconfigure.endpoint.web.WebEndpointAutoConfiguration'
2024-09-10T20:48:08.657+09:00 TRACE 86442 --- [learn-spring-boot] [           main] o.s.b.f.s.DefaultListableBeanFactory     : Finished creating instance of bean 'controllerExposeExcludePropertyEndpointFilter'
2024-09-10T20:48:08.657+09:00 TRACE 86442 --- [learn-spring-boot] [           main] o.s.b.f.s.DefaultListableBeanFactory     : Finished creating instance of bean 'controllerEndpointDiscoverer'
2024-09-10T20:48:08.657+09:00 DEBUG 86442 --- [learn-spring-boot] [           main] o.s.b.f.s.DefaultListableBeanFactory     : Creating shared instance of singleton bean 'pathMappedEndpoints'
2024-09-10T20:48:08.657+09:00 TRACE 86442 --- [learn-spring-boot] [           main] o.s.b.f.s.DefaultListableBeanFactory     : Creating instance of bean 'pathMappedEndpoints'
2024-09-10T20:48:08.658+09:00 TRACE 86442 --- [learn-spring-boot] [           main] o.s.b.f.s.DefaultListableBeanFactory     : Returning cached instance of singleton bean 'org.springframework.boot.actuate.autoconfigure.endpoint.web.WebEndpointAutoConfiguration'
2024-09-10T20:48:08.658+09:00 TRACE 86442 --- [learn-spring-boot] [           main] o.s.b.f.s.DefaultListableBeanFactory     : Returning cached instance of singleton bean 'servletEndpointDiscoverer'
2024-09-10T20:48:08.658+09:00 TRACE 86442 --- [learn-spring-boot] [           main] o.s.b.f.s.DefaultListableBeanFactory     : Returning cached instance of singleton bean 'webEndpointDiscoverer'
2024-09-10T20:48:08.658+09:00 TRACE 86442 --- [learn-spring-boot] [           main] o.s.b.f.s.DefaultListableBeanFactory     : Returning cached instance of singleton bean 'controllerEndpointDiscoverer'
2024-09-10T20:48:08.658+09:00 DEBUG 86442 --- [learn-spring-boot] [           main] o.s.b.f.s.DefaultListableBeanFactory     : Autowiring by type from bean name 'pathMappedEndpoints' via factory method to bean named 'servletEndpointDiscoverer'
2024-09-10T20:48:08.658+09:00 DEBUG 86442 --- [learn-spring-boot] [           main] o.s.b.f.s.DefaultListableBeanFactory     : Autowiring by type from bean name 'pathMappedEndpoints' via factory method to bean named 'webEndpointDiscoverer'
2024-09-10T20:48:08.658+09:00 DEBUG 86442 --- [learn-spring-boot] [           main] o.s.b.f.s.DefaultListableBeanFactory     : Autowiring by type from bean name 'pathMappedEndpoints' via factory method to bean named 'controllerEndpointDiscoverer'
2024-09-10T20:48:08.665+09:00 TRACE 86442 --- [learn-spring-boot] [           main] o.s.b.f.s.DefaultListableBeanFactory     : Finished creating instance of bean 'pathMappedEndpoints'
2024-09-10T20:48:08.665+09:00 TRACE 86442 --- [learn-spring-boot] [           main] o.s.b.f.s.DefaultListableBeanFactory     : Returning cached instance of singleton bean 'webExposeExcludePropertyEndpointFilter'
2024-09-10T20:48:08.665+09:00 TRACE 86442 --- [learn-spring-boot] [           main] o.s.b.f.s.DefaultListableBeanFactory     : Returning cached instance of singleton bean 'controllerExposeExcludePropertyEndpointFilter'
2024-09-10T20:48:08.666+09:00 TRACE 86442 --- [learn-spring-boot] [           main] o.s.b.f.s.DefaultListableBeanFactory     : Returning cached instance of singleton bean 'management.endpoints.web-org.springframework.boot.actuate.autoconfigure.endpoint.web.WebEndpointProperties'
2024-09-10T20:48:08.666+09:00 TRACE 86442 --- [learn-spring-boot] [           main] o.s.b.f.s.DefaultListableBeanFactory     : Returning cached instance of singleton bean 'org.springframework.boot.actuate.autoconfigure.ssl.SslHealthContributorAutoConfiguration'
2024-09-10T20:48:08.666+09:00 TRACE 86442 --- [learn-spring-boot] [           main] o.s.b.f.s.DefaultListableBeanFactory     : Returning cached instance of singleton bean 'sslHealthIndicator'
2024-09-10T20:48:08.666+09:00 TRACE 86442 --- [learn-spring-boot] [           main] o.s.b.f.s.DefaultListableBeanFactory     : Returning cached instance of singleton bean 'sslInfo'
2024-09-10T20:48:08.666+09:00 TRACE 86442 --- [learn-spring-boot] [           main] o.s.b.f.s.DefaultListableBeanFactory     : Returning cached instance of singleton bean 'org.springframework.boot.actuate.autoconfigure.system.DiskSpaceHealthContributorAutoConfiguration'
2024-09-10T20:48:08.666+09:00 TRACE 86442 --- [learn-spring-boot] [           main] o.s.b.f.s.DefaultListableBeanFactory     : Returning cached instance of singleton bean 'diskSpaceHealthIndicator'
2024-09-10T20:48:08.666+09:00 TRACE 86442 --- [learn-spring-boot] [           main] o.s.b.f.s.DefaultListableBeanFactory     : Returning cached instance of singleton bean 'management.health.diskspace-org.springframework.boot.actuate.autoconfigure.system.DiskSpaceHealthIndicatorProperties'
2024-09-10T20:48:08.666+09:00 TRACE 86442 --- [learn-spring-boot] [           main] o.s.b.f.s.DefaultListableBeanFactory     : Returning cached instance of singleton bean 'org.springframework.boot.actuate.autoconfigure.health.HealthContributorAutoConfiguration'
2024-09-10T20:48:08.666+09:00 TRACE 86442 --- [learn-spring-boot] [           main] o.s.b.f.s.DefaultListableBeanFactory     : Returning cached instance of singleton bean 'pingHealthContributor'
2024-09-10T20:48:08.666+09:00 DEBUG 86442 --- [learn-spring-boot] [           main] o.s.b.f.s.DefaultListableBeanFactory     : Creating shared instance of singleton bean 'org.springframework.boot.actuate.autoconfigure.metrics.MetricsAutoConfiguration'
2024-09-10T20:48:08.666+09:00 TRACE 86442 --- [learn-spring-boot] [           main] o.s.b.f.s.DefaultListableBeanFactory     : Creating instance of bean 'org.springframework.boot.actuate.autoconfigure.metrics.MetricsAutoConfiguration'
2024-09-10T20:48:08.666+09:00 TRACE 86442 --- [learn-spring-boot] [           main] o.s.b.f.s.DefaultListableBeanFactory     : Finished creating instance of bean 'org.springframework.boot.actuate.autoconfigure.metrics.MetricsAutoConfiguration'
2024-09-10T20:48:08.666+09:00 DEBUG 86442 --- [learn-spring-boot] [           main] o.s.b.f.s.DefaultListableBeanFactory     : Creating shared instance of singleton bean 'micrometerClock'
2024-09-10T20:48:08.666+09:00 TRACE 86442 --- [learn-spring-boot] [           main] o.s.b.f.s.DefaultListableBeanFactory     : Creating instance of bean 'micrometerClock'
2024-09-10T20:48:08.666+09:00 TRACE 86442 --- [learn-spring-boot] [           main] o.s.b.f.s.DefaultListableBeanFactory     : Returning cached instance of singleton bean 'org.springframework.boot.actuate.autoconfigure.metrics.MetricsAutoConfiguration'
2024-09-10T20:48:08.666+09:00 TRACE 86442 --- [learn-spring-boot] [           main] o.s.b.f.s.DefaultListableBeanFactory     : Finished creating instance of bean 'micrometerClock'
2024-09-10T20:48:08.666+09:00 TRACE 86442 --- [learn-spring-boot] [           main] o.s.b.f.s.DefaultListableBeanFactory     : Returning cached instance of singleton bean 'meterRegistryPostProcessor'
2024-09-10T20:48:08.666+09:00 DEBUG 86442 --- [learn-spring-boot] [           main] o.s.b.f.s.DefaultListableBeanFactory     : Creating shared instance of singleton bean 'propertiesMeterFilter'
2024-09-10T20:48:08.666+09:00 TRACE 86442 --- [learn-spring-boot] [           main] o.s.b.f.s.DefaultListableBeanFactory     : Creating instance of bean 'propertiesMeterFilter'
2024-09-10T20:48:08.666+09:00 TRACE 86442 --- [learn-spring-boot] [           main] o.s.b.f.s.DefaultListableBeanFactory     : Returning cached instance of singleton bean 'org.springframework.boot.actuate.autoconfigure.metrics.MetricsAutoConfiguration'
2024-09-10T20:48:08.666+09:00 DEBUG 86442 --- [learn-spring-boot] [           main] o.s.b.f.s.DefaultListableBeanFactory     : Creating shared instance of singleton bean 'management.metrics-org.springframework.boot.actuate.autoconfigure.metrics.MetricsProperties'
2024-09-10T20:48:08.666+09:00 TRACE 86442 --- [learn-spring-boot] [           main] o.s.b.f.s.DefaultListableBeanFactory     : Creating instance of bean 'management.metrics-org.springframework.boot.actuate.autoconfigure.metrics.MetricsProperties'
2024-09-10T20:48:08.668+09:00 TRACE 86442 --- [learn-spring-boot] [           main] o.s.b.f.s.DefaultListableBeanFactory     : Returning cached instance of singleton bean 'org.springframework.boot.context.properties.BoundConfigurationProperties'
2024-09-10T20:48:08.668+09:00 TRACE 86442 --- [learn-spring-boot] [           main] o.s.b.f.s.DefaultListableBeanFactory     : Finished creating instance of bean 'management.metrics-org.springframework.boot.actuate.autoconfigure.metrics.MetricsProperties'
2024-09-10T20:48:08.668+09:00 DEBUG 86442 --- [learn-spring-boot] [           main] o.s.b.f.s.DefaultListableBeanFactory     : Autowiring by type from bean name 'propertiesMeterFilter' via factory method to bean named 'management.metrics-org.springframework.boot.actuate.autoconfigure.metrics.MetricsProperties'
2024-09-10T20:48:08.671+09:00 TRACE 86442 --- [learn-spring-boot] [           main] o.s.b.f.s.DefaultListableBeanFactory     : Finished creating instance of bean 'propertiesMeterFilter'
2024-09-10T20:48:08.671+09:00 DEBUG 86442 --- [learn-spring-boot] [           main] o.s.b.f.s.DefaultListableBeanFactory     : Creating shared instance of singleton bean 'meterRegistryCloser'
2024-09-10T20:48:08.671+09:00 TRACE 86442 --- [learn-spring-boot] [           main] o.s.b.f.s.DefaultListableBeanFactory     : Creating instance of bean 'meterRegistryCloser'
2024-09-10T20:48:08.671+09:00 TRACE 86442 --- [learn-spring-boot] [           main] o.s.b.f.s.DefaultListableBeanFactory     : Returning cached instance of singleton bean 'org.springframework.boot.actuate.autoconfigure.metrics.MetricsAutoConfiguration'
2024-09-10T20:48:08.672+09:00 DEBUG 86442 --- [learn-spring-boot] [           main] o.s.b.f.s.DefaultListableBeanFactory     : Creating shared instance of singleton bean 'simpleMeterRegistry'
2024-09-10T20:48:08.672+09:00 TRACE 86442 --- [learn-spring-boot] [           main] o.s.b.f.s.DefaultListableBeanFactory     : Creating instance of bean 'simpleMeterRegistry'
2024-09-10T20:48:08.672+09:00 DEBUG 86442 --- [learn-spring-boot] [           main] o.s.b.f.s.DefaultListableBeanFactory     : Creating shared instance of singleton bean 'org.springframework.boot.actuate.autoconfigure.metrics.export.simple.SimpleMetricsExportAutoConfiguration'
2024-09-10T20:48:08.672+09:00 TRACE 86442 --- [learn-spring-boot] [           main] o.s.b.f.s.DefaultListableBeanFactory     : Creating instance of bean 'org.springframework.boot.actuate.autoconfigure.metrics.export.simple.SimpleMetricsExportAutoConfiguration'
2024-09-10T20:48:08.672+09:00 TRACE 86442 --- [learn-spring-boot] [           main] o.s.b.f.s.DefaultListableBeanFactory     : Finished creating instance of bean 'org.springframework.boot.actuate.autoconfigure.metrics.export.simple.SimpleMetricsExportAutoConfiguration'
2024-09-10T20:48:08.672+09:00 DEBUG 86442 --- [learn-spring-boot] [           main] o.s.b.f.s.DefaultListableBeanFactory     : Creating shared instance of singleton bean 'simpleConfig'
2024-09-10T20:48:08.672+09:00 TRACE 86442 --- [learn-spring-boot] [           main] o.s.b.f.s.DefaultListableBeanFactory     : Creating instance of bean 'simpleConfig'
2024-09-10T20:48:08.672+09:00 TRACE 86442 --- [learn-spring-boot] [           main] o.s.b.f.s.DefaultListableBeanFactory     : Returning cached instance of singleton bean 'org.springframework.boot.actuate.autoconfigure.metrics.export.simple.SimpleMetricsExportAutoConfiguration'
2024-09-10T20:48:08.672+09:00 DEBUG 86442 --- [learn-spring-boot] [           main] o.s.b.f.s.DefaultListableBeanFactory     : Creating shared instance of singleton bean 'management.simple.metrics.export-org.springframework.boot.actuate.autoconfigure.metrics.export.simple.SimpleProperties'
2024-09-10T20:48:08.672+09:00 TRACE 86442 --- [learn-spring-boot] [           main] o.s.b.f.s.DefaultListableBeanFactory     : Creating instance of bean 'management.simple.metrics.export-org.springframework.boot.actuate.autoconfigure.metrics.export.simple.SimpleProperties'
2024-09-10T20:48:08.673+09:00 TRACE 86442 --- [learn-spring-boot] [           main] o.s.b.f.s.DefaultListableBeanFactory     : Returning cached instance of singleton bean 'org.springframework.boot.context.properties.BoundConfigurationProperties'
2024-09-10T20:48:08.673+09:00 TRACE 86442 --- [learn-spring-boot] [           main] o.s.b.f.s.DefaultListableBeanFactory     : Finished creating instance of bean 'management.simple.metrics.export-org.springframework.boot.actuate.autoconfigure.metrics.export.simple.SimpleProperties'
2024-09-10T20:48:08.673+09:00 DEBUG 86442 --- [learn-spring-boot] [           main] o.s.b.f.s.DefaultListableBeanFactory     : Autowiring by type from bean name 'simpleConfig' via factory method to bean named 'management.simple.metrics.export-org.springframework.boot.actuate.autoconfigure.metrics.export.simple.SimpleProperties'
2024-09-10T20:48:08.675+09:00 TRACE 86442 --- [learn-spring-boot] [           main] o.s.b.f.s.DefaultListableBeanFactory     : Finished creating instance of bean 'simpleConfig'
2024-09-10T20:48:08.675+09:00 TRACE 86442 --- [learn-spring-boot] [           main] o.s.b.f.s.DefaultListableBeanFactory     : Returning cached instance of singleton bean 'micrometerClock'
2024-09-10T20:48:08.675+09:00 DEBUG 86442 --- [learn-spring-boot] [           main] o.s.b.f.s.DefaultListableBeanFactory     : Autowiring by type from bean name 'simpleMeterRegistry' via factory method to bean named 'simpleConfig'
2024-09-10T20:48:08.675+09:00 DEBUG 86442 --- [learn-spring-boot] [           main] o.s.b.f.s.DefaultListableBeanFactory     : Autowiring by type from bean name 'simpleMeterRegistry' via factory method to bean named 'micrometerClock'
2024-09-10T20:48:08.683+09:00 TRACE 86442 --- [learn-spring-boot] [           main] o.s.b.f.s.DefaultListableBeanFactory     : Returning cached instance of singleton bean 'propertiesMeterFilter'
2024-09-10T20:48:08.683+09:00 DEBUG 86442 --- [learn-spring-boot] [           main] o.s.b.f.s.DefaultListableBeanFactory     : Creating shared instance of singleton bean 'metricsHttpClientUriTagFilter'
2024-09-10T20:48:08.683+09:00 TRACE 86442 --- [learn-spring-boot] [           main] o.s.b.f.s.DefaultListableBeanFactory     : Creating instance of bean 'metricsHttpClientUriTagFilter'
2024-09-10T20:48:08.683+09:00 DEBUG 86442 --- [learn-spring-boot] [           main] o.s.b.f.s.DefaultListableBeanFactory     : Creating shared instance of singleton bean 'org.springframework.boot.actuate.autoconfigure.observation.web.client.HttpClientObservationsAutoConfiguration$MeterFilterConfiguration'
2024-09-10T20:48:08.683+09:00 TRACE 86442 --- [learn-spring-boot] [           main] o.s.b.f.s.DefaultListableBeanFactory     : Creating instance of bean 'org.springframework.boot.actuate.autoconfigure.observation.web.client.HttpClientObservationsAutoConfiguration$MeterFilterConfiguration'
2024-09-10T20:48:08.683+09:00 TRACE 86442 --- [learn-spring-boot] [           main] o.s.b.f.s.DefaultListableBeanFactory     : Finished creating instance of bean 'org.springframework.boot.actuate.autoconfigure.observation.web.client.HttpClientObservationsAutoConfiguration$MeterFilterConfiguration'
2024-09-10T20:48:08.683+09:00 DEBUG 86442 --- [learn-spring-boot] [           main] o.s.b.f.s.DefaultListableBeanFactory     : Creating shared instance of singleton bean 'management.observations-org.springframework.boot.actuate.autoconfigure.observation.ObservationProperties'
2024-09-10T20:48:08.683+09:00 TRACE 86442 --- [learn-spring-boot] [           main] o.s.b.f.s.DefaultListableBeanFactory     : Creating instance of bean 'management.observations-org.springframework.boot.actuate.autoconfigure.observation.ObservationProperties'
2024-09-10T20:48:08.684+09:00 TRACE 86442 --- [learn-spring-boot] [           main] o.s.b.f.s.DefaultListableBeanFactory     : Returning cached instance of singleton bean 'org.springframework.boot.context.properties.BoundConfigurationProperties'
2024-09-10T20:48:08.685+09:00 TRACE 86442 --- [learn-spring-boot] [           main] o.s.b.f.s.DefaultListableBeanFactory     : Finished creating instance of bean 'management.observations-org.springframework.boot.actuate.autoconfigure.observation.ObservationProperties'
2024-09-10T20:48:08.685+09:00 TRACE 86442 --- [learn-spring-boot] [           main] o.s.b.f.s.DefaultListableBeanFactory     : Returning cached instance of singleton bean 'management.metrics-org.springframework.boot.actuate.autoconfigure.metrics.MetricsProperties'
2024-09-10T20:48:08.685+09:00 DEBUG 86442 --- [learn-spring-boot] [           main] o.s.b.f.s.DefaultListableBeanFactory     : Autowiring by type from bean name 'metricsHttpClientUriTagFilter' via factory method to bean named 'management.observations-org.springframework.boot.actuate.autoconfigure.observation.ObservationProperties'
2024-09-10T20:48:08.685+09:00 DEBUG 86442 --- [learn-spring-boot] [           main] o.s.b.f.s.DefaultListableBeanFactory     : Autowiring by type from bean name 'metricsHttpClientUriTagFilter' via factory method to bean named 'management.metrics-org.springframework.boot.actuate.autoconfigure.metrics.MetricsProperties'
2024-09-10T20:48:08.686+09:00 TRACE 86442 --- [learn-spring-boot] [           main] o.s.b.f.s.DefaultListableBeanFactory     : Finished creating instance of bean 'metricsHttpClientUriTagFilter'
2024-09-10T20:48:08.686+09:00 DEBUG 86442 --- [learn-spring-boot] [           main] o.s.b.f.s.DefaultListableBeanFactory     : Creating shared instance of singleton bean 'metricsHttpServerUriTagFilter'
2024-09-10T20:48:08.686+09:00 TRACE 86442 --- [learn-spring-boot] [           main] o.s.b.f.s.DefaultListableBeanFactory     : Creating instance of bean 'metricsHttpServerUriTagFilter'
2024-09-10T20:48:08.686+09:00 DEBUG 86442 --- [learn-spring-boot] [           main] o.s.b.f.s.DefaultListableBeanFactory     : Creating shared instance of singleton bean 'org.springframework.boot.actuate.autoconfigure.observation.web.servlet.WebMvcObservationAutoConfiguration$MeterFilterConfiguration'
2024-09-10T20:48:08.686+09:00 TRACE 86442 --- [learn-spring-boot] [           main] o.s.b.f.s.DefaultListableBeanFactory     : Creating instance of bean 'org.springframework.boot.actuate.autoconfigure.observation.web.servlet.WebMvcObservationAutoConfiguration$MeterFilterConfiguration'
2024-09-10T20:48:08.686+09:00 TRACE 86442 --- [learn-spring-boot] [           main] o.s.b.f.s.DefaultListableBeanFactory     : Finished creating instance of bean 'org.springframework.boot.actuate.autoconfigure.observation.web.servlet.WebMvcObservationAutoConfiguration$MeterFilterConfiguration'
2024-09-10T20:48:08.686+09:00 TRACE 86442 --- [learn-spring-boot] [           main] o.s.b.f.s.DefaultListableBeanFactory     : Returning cached instance of singleton bean 'management.observations-org.springframework.boot.actuate.autoconfigure.observation.ObservationProperties'
2024-09-10T20:48:08.686+09:00 TRACE 86442 --- [learn-spring-boot] [           main] o.s.b.f.s.DefaultListableBeanFactory     : Returning cached instance of singleton bean 'management.metrics-org.springframework.boot.actuate.autoconfigure.metrics.MetricsProperties'
2024-09-10T20:48:08.686+09:00 DEBUG 86442 --- [learn-spring-boot] [           main] o.s.b.f.s.DefaultListableBeanFactory     : Autowiring by type from bean name 'metricsHttpServerUriTagFilter' via factory method to bean named 'management.observations-org.springframework.boot.actuate.autoconfigure.observation.ObservationProperties'
2024-09-10T20:48:08.686+09:00 DEBUG 86442 --- [learn-spring-boot] [           main] o.s.b.f.s.DefaultListableBeanFactory     : Autowiring by type from bean name 'metricsHttpServerUriTagFilter' via factory method to bean named 'management.metrics-org.springframework.boot.actuate.autoconfigure.metrics.MetricsProperties'
2024-09-10T20:48:08.686+09:00 TRACE 86442 --- [learn-spring-boot] [           main] o.s.b.f.s.DefaultListableBeanFactory     : Finished creating instance of bean 'metricsHttpServerUriTagFilter'
2024-09-10T20:48:08.686+09:00 TRACE 86442 --- [learn-spring-boot] [           main] o.s.b.f.s.DefaultListableBeanFactory     : Returning cached instance of singleton bean 'propertiesMeterFilter'
2024-09-10T20:48:08.686+09:00 TRACE 86442 --- [learn-spring-boot] [           main] o.s.b.f.s.DefaultListableBeanFactory     : Returning cached instance of singleton bean 'metricsHttpClientUriTagFilter'
2024-09-10T20:48:08.686+09:00 TRACE 86442 --- [learn-spring-boot] [           main] o.s.b.f.s.DefaultListableBeanFactory     : Returning cached instance of singleton bean 'metricsHttpServerUriTagFilter'
2024-09-10T20:48:08.686+09:00 TRACE 86442 --- [learn-spring-boot] [           main] o.s.b.f.s.DefaultListableBeanFactory     : Returning cached instance of singleton bean 'management.metrics-org.springframework.boot.actuate.autoconfigure.metrics.MetricsProperties'
2024-09-10T20:48:08.688+09:00 TRACE 86442 --- [learn-spring-boot] [           main] o.s.b.f.s.DefaultListableBeanFactory     : Finished creating instance of bean 'simpleMeterRegistry'
2024-09-10T20:48:08.688+09:00 TRACE 86442 --- [learn-spring-boot] [           main] o.s.b.f.s.DefaultListableBeanFactory     : Returning cached instance of singleton bean 'simpleMeterRegistry'
2024-09-10T20:48:08.688+09:00 TRACE 86442 --- [learn-spring-boot] [           main] o.s.b.f.s.DefaultListableBeanFactory     : Finished creating instance of bean 'meterRegistryCloser'
2024-09-10T20:48:08.688+09:00 TRACE 86442 --- [learn-spring-boot] [           main] o.s.b.f.s.DefaultListableBeanFactory     : Returning cached instance of singleton bean 'management.metrics-org.springframework.boot.actuate.autoconfigure.metrics.MetricsProperties'
2024-09-10T20:48:08.688+09:00 TRACE 86442 --- [learn-spring-boot] [           main] o.s.b.f.s.DefaultListableBeanFactory     : Returning cached instance of singleton bean 'org.springframework.boot.actuate.autoconfigure.metrics.export.simple.SimpleMetricsExportAutoConfiguration'
2024-09-10T20:48:08.688+09:00 TRACE 86442 --- [learn-spring-boot] [           main] o.s.b.f.s.DefaultListableBeanFactory     : Returning cached instance of singleton bean 'simpleMeterRegistry'
2024-09-10T20:48:08.688+09:00 TRACE 86442 --- [learn-spring-boot] [           main] o.s.b.f.s.DefaultListableBeanFactory     : Returning cached instance of singleton bean 'simpleConfig'
2024-09-10T20:48:08.688+09:00 TRACE 86442 --- [learn-spring-boot] [           main] o.s.b.f.s.DefaultListableBeanFactory     : Returning cached instance of singleton bean 'management.simple.metrics.export-org.springframework.boot.actuate.autoconfigure.metrics.export.simple.SimpleProperties'
2024-09-10T20:48:08.688+09:00 DEBUG 86442 --- [learn-spring-boot] [           main] o.s.b.f.s.DefaultListableBeanFactory     : Creating shared instance of singleton bean 'org.springframework.boot.actuate.autoconfigure.metrics.CompositeMeterRegistryAutoConfiguration'
2024-09-10T20:48:08.688+09:00 TRACE 86442 --- [learn-spring-boot] [           main] o.s.b.f.s.DefaultListableBeanFactory     : Creating instance of bean 'org.springframework.boot.actuate.autoconfigure.metrics.CompositeMeterRegistryAutoConfiguration'
2024-09-10T20:48:08.688+09:00 TRACE 86442 --- [learn-spring-boot] [           main] o.s.b.f.s.DefaultListableBeanFactory     : Finished creating instance of bean 'org.springframework.boot.actuate.autoconfigure.metrics.CompositeMeterRegistryAutoConfiguration'
2024-09-10T20:48:08.688+09:00 DEBUG 86442 --- [learn-spring-boot] [           main] o.s.b.f.s.DefaultListableBeanFactory     : Creating shared instance of singleton bean 'org.springframework.boot.actuate.autoconfigure.metrics.JvmMetricsAutoConfiguration'
2024-09-10T20:48:08.688+09:00 TRACE 86442 --- [learn-spring-boot] [           main] o.s.b.f.s.DefaultListableBeanFactory     : Creating instance of bean 'org.springframework.boot.actuate.autoconfigure.metrics.JvmMetricsAutoConfiguration'
2024-09-10T20:48:08.688+09:00 TRACE 86442 --- [learn-spring-boot] [           main] o.s.b.f.s.DefaultListableBeanFactory     : Finished creating instance of bean 'org.springframework.boot.actuate.autoconfigure.metrics.JvmMetricsAutoConfiguration'
2024-09-10T20:48:08.688+09:00 DEBUG 86442 --- [learn-spring-boot] [           main] o.s.b.f.s.DefaultListableBeanFactory     : Creating shared instance of singleton bean 'jvmGcMetrics'
2024-09-10T20:48:08.688+09:00 TRACE 86442 --- [learn-spring-boot] [           main] o.s.b.f.s.DefaultListableBeanFactory     : Creating instance of bean 'jvmGcMetrics'
2024-09-10T20:48:08.688+09:00 TRACE 86442 --- [learn-spring-boot] [           main] o.s.b.f.s.DefaultListableBeanFactory     : Returning cached instance of singleton bean 'org.springframework.boot.actuate.autoconfigure.metrics.JvmMetricsAutoConfiguration'
2024-09-10T20:48:08.693+09:00 TRACE 86442 --- [learn-spring-boot] [           main] o.s.b.f.s.DefaultListableBeanFactory     : Finished creating instance of bean 'jvmGcMetrics'
2024-09-10T20:48:08.693+09:00 DEBUG 86442 --- [learn-spring-boot] [           main] o.s.b.f.s.DefaultListableBeanFactory     : Creating shared instance of singleton bean 'jvmHeapPressureMetrics'
2024-09-10T20:48:08.693+09:00 TRACE 86442 --- [learn-spring-boot] [           main] o.s.b.f.s.DefaultListableBeanFactory     : Creating instance of bean 'jvmHeapPressureMetrics'
2024-09-10T20:48:08.693+09:00 TRACE 86442 --- [learn-spring-boot] [           main] o.s.b.f.s.DefaultListableBeanFactory     : Returning cached instance of singleton bean 'org.springframework.boot.actuate.autoconfigure.metrics.JvmMetricsAutoConfiguration'
2024-09-10T20:48:08.696+09:00 TRACE 86442 --- [learn-spring-boot] [           main] o.s.b.f.s.DefaultListableBeanFactory     : Finished creating instance of bean 'jvmHeapPressureMetrics'
2024-09-10T20:48:08.696+09:00 DEBUG 86442 --- [learn-spring-boot] [           main] o.s.b.f.s.DefaultListableBeanFactory     : Creating shared instance of singleton bean 'jvmMemoryMetrics'
2024-09-10T20:48:08.696+09:00 TRACE 86442 --- [learn-spring-boot] [           main] o.s.b.f.s.DefaultListableBeanFactory     : Creating instance of bean 'jvmMemoryMetrics'
2024-09-10T20:48:08.696+09:00 TRACE 86442 --- [learn-spring-boot] [           main] o.s.b.f.s.DefaultListableBeanFactory     : Returning cached instance of singleton bean 'org.springframework.boot.actuate.autoconfigure.metrics.JvmMetricsAutoConfiguration'
2024-09-10T20:48:08.696+09:00 TRACE 86442 --- [learn-spring-boot] [           main] o.s.b.f.s.DefaultListableBeanFactory     : Finished creating instance of bean 'jvmMemoryMetrics'
2024-09-10T20:48:08.696+09:00 DEBUG 86442 --- [learn-spring-boot] [           main] o.s.b.f.s.DefaultListableBeanFactory     : Creating shared instance of singleton bean 'jvmThreadMetrics'
2024-09-10T20:48:08.696+09:00 TRACE 86442 --- [learn-spring-boot] [           main] o.s.b.f.s.DefaultListableBeanFactory     : Creating instance of bean 'jvmThreadMetrics'
2024-09-10T20:48:08.696+09:00 TRACE 86442 --- [learn-spring-boot] [           main] o.s.b.f.s.DefaultListableBeanFactory     : Returning cached instance of singleton bean 'org.springframework.boot.actuate.autoconfigure.metrics.JvmMetricsAutoConfiguration'
2024-09-10T20:48:08.696+09:00 TRACE 86442 --- [learn-spring-boot] [           main] o.s.b.f.s.DefaultListableBeanFactory     : Finished creating instance of bean 'jvmThreadMetrics'
2024-09-10T20:48:08.696+09:00 DEBUG 86442 --- [learn-spring-boot] [           main] o.s.b.f.s.DefaultListableBeanFactory     : Creating shared instance of singleton bean 'classLoaderMetrics'
2024-09-10T20:48:08.696+09:00 TRACE 86442 --- [learn-spring-boot] [           main] o.s.b.f.s.DefaultListableBeanFactory     : Creating instance of bean 'classLoaderMetrics'
2024-09-10T20:48:08.696+09:00 TRACE 86442 --- [learn-spring-boot] [           main] o.s.b.f.s.DefaultListableBeanFactory     : Returning cached instance of singleton bean 'org.springframework.boot.actuate.autoconfigure.metrics.JvmMetricsAutoConfiguration'
2024-09-10T20:48:08.697+09:00 TRACE 86442 --- [learn-spring-boot] [           main] o.s.b.f.s.DefaultListableBeanFactory     : Finished creating instance of bean 'classLoaderMetrics'
2024-09-10T20:48:08.697+09:00 DEBUG 86442 --- [learn-spring-boot] [           main] o.s.b.f.s.DefaultListableBeanFactory     : Creating shared instance of singleton bean 'jvmInfoMetrics'
2024-09-10T20:48:08.697+09:00 TRACE 86442 --- [learn-spring-boot] [           main] o.s.b.f.s.DefaultListableBeanFactory     : Creating instance of bean 'jvmInfoMetrics'
2024-09-10T20:48:08.697+09:00 TRACE 86442 --- [learn-spring-boot] [           main] o.s.b.f.s.DefaultListableBeanFactory     : Returning cached instance of singleton bean 'org.springframework.boot.actuate.autoconfigure.metrics.JvmMetricsAutoConfiguration'
2024-09-10T20:48:08.697+09:00 TRACE 86442 --- [learn-spring-boot] [           main] o.s.b.f.s.DefaultListableBeanFactory     : Finished creating instance of bean 'jvmInfoMetrics'
2024-09-10T20:48:08.697+09:00 DEBUG 86442 --- [learn-spring-boot] [           main] o.s.b.f.s.DefaultListableBeanFactory     : Creating shared instance of singleton bean 'jvmCompilationMetrics'
2024-09-10T20:48:08.697+09:00 TRACE 86442 --- [learn-spring-boot] [           main] o.s.b.f.s.DefaultListableBeanFactory     : Creating instance of bean 'jvmCompilationMetrics'
2024-09-10T20:48:08.697+09:00 TRACE 86442 --- [learn-spring-boot] [           main] o.s.b.f.s.DefaultListableBeanFactory     : Returning cached instance of singleton bean 'org.springframework.boot.actuate.autoconfigure.metrics.JvmMetricsAutoConfiguration'
2024-09-10T20:48:08.697+09:00 TRACE 86442 --- [learn-spring-boot] [           main] o.s.b.f.s.DefaultListableBeanFactory     : Finished creating instance of bean 'jvmCompilationMetrics'
2024-09-10T20:48:08.697+09:00 DEBUG 86442 --- [learn-spring-boot] [           main] o.s.b.f.s.DefaultListableBeanFactory     : Creating shared instance of singleton bean 'org.springframework.boot.actuate.autoconfigure.metrics.LogbackMetricsAutoConfiguration'
2024-09-10T20:48:08.697+09:00 TRACE 86442 --- [learn-spring-boot] [           main] o.s.b.f.s.DefaultListableBeanFactory     : Creating instance of bean 'org.springframework.boot.actuate.autoconfigure.metrics.LogbackMetricsAutoConfiguration'
2024-09-10T20:48:08.697+09:00 TRACE 86442 --- [learn-spring-boot] [           main] o.s.b.f.s.DefaultListableBeanFactory     : Finished creating instance of bean 'org.springframework.boot.actuate.autoconfigure.metrics.LogbackMetricsAutoConfiguration'
2024-09-10T20:48:08.697+09:00 DEBUG 86442 --- [learn-spring-boot] [           main] o.s.b.f.s.DefaultListableBeanFactory     : Creating shared instance of singleton bean 'logbackMetrics'
2024-09-10T20:48:08.697+09:00 TRACE 86442 --- [learn-spring-boot] [           main] o.s.b.f.s.DefaultListableBeanFactory     : Creating instance of bean 'logbackMetrics'
2024-09-10T20:48:08.697+09:00 TRACE 86442 --- [learn-spring-boot] [           main] o.s.b.f.s.DefaultListableBeanFactory     : Returning cached instance of singleton bean 'org.springframework.boot.actuate.autoconfigure.metrics.LogbackMetricsAutoConfiguration'
2024-09-10T20:48:08.698+09:00 TRACE 86442 --- [learn-spring-boot] [           main] o.s.b.f.s.DefaultListableBeanFactory     : Finished creating instance of bean 'logbackMetrics'
2024-09-10T20:48:08.698+09:00 DEBUG 86442 --- [learn-spring-boot] [           main] o.s.b.f.s.DefaultListableBeanFactory     : Creating shared instance of singleton bean 'org.springframework.boot.actuate.autoconfigure.metrics.SystemMetricsAutoConfiguration'
2024-09-10T20:48:08.698+09:00 TRACE 86442 --- [learn-spring-boot] [           main] o.s.b.f.s.DefaultListableBeanFactory     : Creating instance of bean 'org.springframework.boot.actuate.autoconfigure.metrics.SystemMetricsAutoConfiguration'
2024-09-10T20:48:08.698+09:00 TRACE 86442 --- [learn-spring-boot] [           main] o.s.b.f.s.DefaultListableBeanFactory     : Finished creating instance of bean 'org.springframework.boot.actuate.autoconfigure.metrics.SystemMetricsAutoConfiguration'
2024-09-10T20:48:08.698+09:00 DEBUG 86442 --- [learn-spring-boot] [           main] o.s.b.f.s.DefaultListableBeanFactory     : Creating shared instance of singleton bean 'uptimeMetrics'
2024-09-10T20:48:08.698+09:00 TRACE 86442 --- [learn-spring-boot] [           main] o.s.b.f.s.DefaultListableBeanFactory     : Creating instance of bean 'uptimeMetrics'
2024-09-10T20:48:08.698+09:00 TRACE 86442 --- [learn-spring-boot] [           main] o.s.b.f.s.DefaultListableBeanFactory     : Returning cached instance of singleton bean 'org.springframework.boot.actuate.autoconfigure.metrics.SystemMetricsAutoConfiguration'
2024-09-10T20:48:08.698+09:00 TRACE 86442 --- [learn-spring-boot] [           main] o.s.b.f.s.DefaultListableBeanFactory     : Finished creating instance of bean 'uptimeMetrics'
2024-09-10T20:48:08.698+09:00 DEBUG 86442 --- [learn-spring-boot] [           main] o.s.b.f.s.DefaultListableBeanFactory     : Creating shared instance of singleton bean 'processorMetrics'
2024-09-10T20:48:08.698+09:00 TRACE 86442 --- [learn-spring-boot] [           main] o.s.b.f.s.DefaultListableBeanFactory     : Creating instance of bean 'processorMetrics'
2024-09-10T20:48:08.698+09:00 TRACE 86442 --- [learn-spring-boot] [           main] o.s.b.f.s.DefaultListableBeanFactory     : Returning cached instance of singleton bean 'org.springframework.boot.actuate.autoconfigure.metrics.SystemMetricsAutoConfiguration'
2024-09-10T20:48:08.700+09:00 TRACE 86442 --- [learn-spring-boot] [           main] o.s.b.f.s.DefaultListableBeanFactory     : Finished creating instance of bean 'processorMetrics'
2024-09-10T20:48:08.700+09:00 DEBUG 86442 --- [learn-spring-boot] [           main] o.s.b.f.s.DefaultListableBeanFactory     : Creating shared instance of singleton bean 'fileDescriptorMetrics'
2024-09-10T20:48:08.700+09:00 TRACE 86442 --- [learn-spring-boot] [           main] o.s.b.f.s.DefaultListableBeanFactory     : Creating instance of bean 'fileDescriptorMetrics'
2024-09-10T20:48:08.700+09:00 TRACE 86442 --- [learn-spring-boot] [           main] o.s.b.f.s.DefaultListableBeanFactory     : Returning cached instance of singleton bean 'org.springframework.boot.actuate.autoconfigure.metrics.SystemMetricsAutoConfiguration'
2024-09-10T20:48:08.700+09:00 TRACE 86442 --- [learn-spring-boot] [           main] o.s.b.f.s.DefaultListableBeanFactory     : Finished creating instance of bean 'fileDescriptorMetrics'
2024-09-10T20:48:08.700+09:00 DEBUG 86442 --- [learn-spring-boot] [           main] o.s.b.f.s.DefaultListableBeanFactory     : Creating shared instance of singleton bean 'diskSpaceMetrics'
2024-09-10T20:48:08.700+09:00 TRACE 86442 --- [learn-spring-boot] [           main] o.s.b.f.s.DefaultListableBeanFactory     : Creating instance of bean 'diskSpaceMetrics'
2024-09-10T20:48:08.700+09:00 TRACE 86442 --- [learn-spring-boot] [           main] o.s.b.f.s.DefaultListableBeanFactory     : Returning cached instance of singleton bean 'org.springframework.boot.actuate.autoconfigure.metrics.SystemMetricsAutoConfiguration'
2024-09-10T20:48:08.700+09:00 TRACE 86442 --- [learn-spring-boot] [           main] o.s.b.f.s.DefaultListableBeanFactory     : Returning cached instance of singleton bean 'management.metrics-org.springframework.boot.actuate.autoconfigure.metrics.MetricsProperties'
2024-09-10T20:48:08.700+09:00 DEBUG 86442 --- [learn-spring-boot] [           main] o.s.b.f.s.DefaultListableBeanFactory     : Autowiring by type from bean name 'diskSpaceMetrics' via factory method to bean named 'management.metrics-org.springframework.boot.actuate.autoconfigure.metrics.MetricsProperties'
2024-09-10T20:48:08.701+09:00 TRACE 86442 --- [learn-spring-boot] [           main] o.s.b.f.s.DefaultListableBeanFactory     : Finished creating instance of bean 'diskSpaceMetrics'
2024-09-10T20:48:08.701+09:00 DEBUG 86442 --- [learn-spring-boot] [           main] o.s.b.f.s.DefaultListableBeanFactory     : Creating shared instance of singleton bean 'org.springframework.boot.actuate.autoconfigure.metrics.integration.IntegrationMetricsAutoConfiguration'
2024-09-10T20:48:08.701+09:00 TRACE 86442 --- [learn-spring-boot] [           main] o.s.b.f.s.DefaultListableBeanFactory     : Creating instance of bean 'org.springframework.boot.actuate.autoconfigure.metrics.integration.IntegrationMetricsAutoConfiguration'
2024-09-10T20:48:08.701+09:00 TRACE 86442 --- [learn-spring-boot] [           main] o.s.b.f.s.DefaultListableBeanFactory     : Finished creating instance of bean 'org.springframework.boot.actuate.autoconfigure.metrics.integration.IntegrationMetricsAutoConfiguration'
2024-09-10T20:48:08.701+09:00 DEBUG 86442 --- [learn-spring-boot] [           main] o.s.b.f.s.DefaultListableBeanFactory     : Creating shared instance of singleton bean 'org.springframework.boot.actuate.autoconfigure.metrics.startup.StartupTimeMetricsListenerAutoConfiguration'
2024-09-10T20:48:08.701+09:00 TRACE 86442 --- [learn-spring-boot] [           main] o.s.b.f.s.DefaultListableBeanFactory     : Creating instance of bean 'org.springframework.boot.actuate.autoconfigure.metrics.startup.StartupTimeMetricsListenerAutoConfiguration'
2024-09-10T20:48:08.701+09:00 TRACE 86442 --- [learn-spring-boot] [           main] o.s.b.f.s.DefaultListableBeanFactory     : Finished creating instance of bean 'org.springframework.boot.actuate.autoconfigure.metrics.startup.StartupTimeMetricsListenerAutoConfiguration'
2024-09-10T20:48:08.701+09:00 DEBUG 86442 --- [learn-spring-boot] [           main] o.s.b.f.s.DefaultListableBeanFactory     : Creating shared instance of singleton bean 'startupTimeMetrics'
2024-09-10T20:48:08.701+09:00 TRACE 86442 --- [learn-spring-boot] [           main] o.s.b.f.s.DefaultListableBeanFactory     : Creating instance of bean 'startupTimeMetrics'
2024-09-10T20:48:08.701+09:00 TRACE 86442 --- [learn-spring-boot] [           main] o.s.b.f.s.DefaultListableBeanFactory     : Returning cached instance of singleton bean 'org.springframework.boot.actuate.autoconfigure.metrics.startup.StartupTimeMetricsListenerAutoConfiguration'
2024-09-10T20:48:08.701+09:00 TRACE 86442 --- [learn-spring-boot] [           main] o.s.b.f.s.DefaultListableBeanFactory     : Returning cached instance of singleton bean 'simpleMeterRegistry'
2024-09-10T20:48:08.701+09:00 DEBUG 86442 --- [learn-spring-boot] [           main] o.s.b.f.s.DefaultListableBeanFactory     : Autowiring by type from bean name 'startupTimeMetrics' via factory method to bean named 'simpleMeterRegistry'
2024-09-10T20:48:08.702+09:00 TRACE 86442 --- [learn-spring-boot] [           main] o.s.b.f.s.DefaultListableBeanFactory     : Finished creating instance of bean 'startupTimeMetrics'
2024-09-10T20:48:08.702+09:00 DEBUG 86442 --- [learn-spring-boot] [           main] o.s.b.f.s.DefaultListableBeanFactory     : Creating shared instance of singleton bean 'org.springframework.boot.autoconfigure.task.TaskSchedulingConfigurations$ThreadPoolTaskSchedulerBuilderConfiguration'
2024-09-10T20:48:08.702+09:00 TRACE 86442 --- [learn-spring-boot] [           main] o.s.b.f.s.DefaultListableBeanFactory     : Creating instance of bean 'org.springframework.boot.autoconfigure.task.TaskSchedulingConfigurations$ThreadPoolTaskSchedulerBuilderConfiguration'
2024-09-10T20:48:08.702+09:00 TRACE 86442 --- [learn-spring-boot] [           main] o.s.b.f.s.DefaultListableBeanFactory     : Finished creating instance of bean 'org.springframework.boot.autoconfigure.task.TaskSchedulingConfigurations$ThreadPoolTaskSchedulerBuilderConfiguration'
2024-09-10T20:48:08.702+09:00 DEBUG 86442 --- [learn-spring-boot] [           main] o.s.b.f.s.DefaultListableBeanFactory     : Creating shared instance of singleton bean 'threadPoolTaskSchedulerBuilder'
2024-09-10T20:48:08.702+09:00 TRACE 86442 --- [learn-spring-boot] [           main] o.s.b.f.s.DefaultListableBeanFactory     : Creating instance of bean 'threadPoolTaskSchedulerBuilder'
2024-09-10T20:48:08.702+09:00 TRACE 86442 --- [learn-spring-boot] [           main] o.s.b.f.s.DefaultListableBeanFactory     : Returning cached instance of singleton bean 'org.springframework.boot.autoconfigure.task.TaskSchedulingConfigurations$ThreadPoolTaskSchedulerBuilderConfiguration'
2024-09-10T20:48:08.702+09:00 DEBUG 86442 --- [learn-spring-boot] [           main] o.s.b.f.s.DefaultListableBeanFactory     : Creating shared instance of singleton bean 'spring.task.scheduling-org.springframework.boot.autoconfigure.task.TaskSchedulingProperties'
2024-09-10T20:48:08.702+09:00 TRACE 86442 --- [learn-spring-boot] [           main] o.s.b.f.s.DefaultListableBeanFactory     : Creating instance of bean 'spring.task.scheduling-org.springframework.boot.autoconfigure.task.TaskSchedulingProperties'
2024-09-10T20:48:08.702+09:00 TRACE 86442 --- [learn-spring-boot] [           main] o.s.b.f.s.DefaultListableBeanFactory     : Returning cached instance of singleton bean 'org.springframework.boot.context.properties.BoundConfigurationProperties'
2024-09-10T20:48:08.703+09:00 TRACE 86442 --- [learn-spring-boot] [           main] o.s.b.f.s.DefaultListableBeanFactory     : Finished creating instance of bean 'spring.task.scheduling-org.springframework.boot.autoconfigure.task.TaskSchedulingProperties'
2024-09-10T20:48:08.703+09:00 DEBUG 86442 --- [learn-spring-boot] [           main] o.s.b.f.s.DefaultListableBeanFactory     : Autowiring by type from bean name 'threadPoolTaskSchedulerBuilder' via factory method to bean named 'spring.task.scheduling-org.springframework.boot.autoconfigure.task.TaskSchedulingProperties'
2024-09-10T20:48:08.703+09:00 TRACE 86442 --- [learn-spring-boot] [           main] o.s.b.f.s.DefaultListableBeanFactory     : Finished creating instance of bean 'threadPoolTaskSchedulerBuilder'
2024-09-10T20:48:08.704+09:00 DEBUG 86442 --- [learn-spring-boot] [           main] o.s.b.f.s.DefaultListableBeanFactory     : Creating shared instance of singleton bean 'org.springframework.boot.autoconfigure.task.TaskSchedulingConfigurations$SimpleAsyncTaskSchedulerBuilderConfiguration'
2024-09-10T20:48:08.704+09:00 TRACE 86442 --- [learn-spring-boot] [           main] o.s.b.f.s.DefaultListableBeanFactory     : Creating instance of bean 'org.springframework.boot.autoconfigure.task.TaskSchedulingConfigurations$SimpleAsyncTaskSchedulerBuilderConfiguration'
2024-09-10T20:48:08.704+09:00 TRACE 86442 --- [learn-spring-boot] [           main] o.s.b.f.s.DefaultListableBeanFactory     : Returning cached instance of singleton bean 'spring.task.scheduling-org.springframework.boot.autoconfigure.task.TaskSchedulingProperties'
2024-09-10T20:48:08.704+09:00 DEBUG 86442 --- [learn-spring-boot] [           main] o.s.b.f.s.DefaultListableBeanFactory     : Autowiring by type from bean name 'org.springframework.boot.autoconfigure.task.TaskSchedulingConfigurations$SimpleAsyncTaskSchedulerBuilderConfiguration' via constructor to bean named 'spring.task.scheduling-org.springframework.boot.autoconfigure.task.TaskSchedulingProperties'
2024-09-10T20:48:08.704+09:00 TRACE 86442 --- [learn-spring-boot] [           main] o.s.b.f.s.DefaultListableBeanFactory     : Finished creating instance of bean 'org.springframework.boot.autoconfigure.task.TaskSchedulingConfigurations$SimpleAsyncTaskSchedulerBuilderConfiguration'
2024-09-10T20:48:08.704+09:00 DEBUG 86442 --- [learn-spring-boot] [           main] o.s.b.f.s.DefaultListableBeanFactory     : Creating shared instance of singleton bean 'simpleAsyncTaskSchedulerBuilder'
2024-09-10T20:48:08.704+09:00 TRACE 86442 --- [learn-spring-boot] [           main] o.s.b.f.s.DefaultListableBeanFactory     : Creating instance of bean 'simpleAsyncTaskSchedulerBuilder'
2024-09-10T20:48:08.704+09:00 TRACE 86442 --- [learn-spring-boot] [           main] o.s.b.f.s.DefaultListableBeanFactory     : Returning cached instance of singleton bean 'org.springframework.boot.autoconfigure.task.TaskSchedulingConfigurations$SimpleAsyncTaskSchedulerBuilderConfiguration'
2024-09-10T20:48:08.705+09:00 TRACE 86442 --- [learn-spring-boot] [           main] o.s.b.f.s.DefaultListableBeanFactory     : Finished creating instance of bean 'simpleAsyncTaskSchedulerBuilder'
2024-09-10T20:48:08.705+09:00 DEBUG 86442 --- [learn-spring-boot] [           main] o.s.b.f.s.DefaultListableBeanFactory     : Creating shared instance of singleton bean 'org.springframework.boot.autoconfigure.task.TaskSchedulingAutoConfiguration'
2024-09-10T20:48:08.705+09:00 TRACE 86442 --- [learn-spring-boot] [           main] o.s.b.f.s.DefaultListableBeanFactory     : Creating instance of bean 'org.springframework.boot.autoconfigure.task.TaskSchedulingAutoConfiguration'
2024-09-10T20:48:08.705+09:00 TRACE 86442 --- [learn-spring-boot] [           main] o.s.b.f.s.DefaultListableBeanFactory     : Finished creating instance of bean 'org.springframework.boot.autoconfigure.task.TaskSchedulingAutoConfiguration'
2024-09-10T20:48:08.705+09:00 TRACE 86442 --- [learn-spring-boot] [           main] o.s.b.f.s.DefaultListableBeanFactory     : Returning cached instance of singleton bean 'spring.task.scheduling-org.springframework.boot.autoconfigure.task.TaskSchedulingProperties'
2024-09-10T20:48:08.705+09:00 DEBUG 86442 --- [learn-spring-boot] [           main] o.s.b.f.s.DefaultListableBeanFactory     : Creating shared instance of singleton bean 'org.springframework.boot.actuate.autoconfigure.metrics.task.TaskExecutorMetricsAutoConfiguration'
2024-09-10T20:48:08.705+09:00 TRACE 86442 --- [learn-spring-boot] [           main] o.s.b.f.s.DefaultListableBeanFactory     : Creating instance of bean 'org.springframework.boot.actuate.autoconfigure.metrics.task.TaskExecutorMetricsAutoConfiguration'
2024-09-10T20:48:08.706+09:00 TRACE 86442 --- [learn-spring-boot] [           main] o.s.beans.CachedIntrospectionResults     : Getting BeanInfo for class [org.springframework.boot.actuate.autoconfigure.metrics.task.TaskExecutorMetricsAutoConfiguration]
2024-09-10T20:48:08.706+09:00 TRACE 86442 --- [learn-spring-boot] [           main] o.s.beans.CachedIntrospectionResults     : Caching PropertyDescriptors for class [org.springframework.boot.actuate.autoconfigure.metrics.task.TaskExecutorMetricsAutoConfiguration]
2024-09-10T20:48:08.706+09:00 TRACE 86442 --- [learn-spring-boot] [           main] o.s.beans.CachedIntrospectionResults     : Found bean property 'class' of type [java.lang.Class]
2024-09-10T20:48:08.706+09:00 TRACE 86442 --- [learn-spring-boot] [           main] o.s.b.f.s.DefaultListableBeanFactory     : Returning cached instance of singleton bean 'applicationTaskExecutor'
2024-09-10T20:48:08.706+09:00 TRACE 86442 --- [learn-spring-boot] [           main] o.s.b.f.s.DefaultListableBeanFactory     : Returning cached instance of singleton bean 'simpleMeterRegistry'
2024-09-10T20:48:08.706+09:00 TRACE 86442 --- [learn-spring-boot] [           main] f.a.AutowiredAnnotationBeanPostProcessor : Autowiring by type from bean name 'org.springframework.boot.actuate.autoconfigure.metrics.task.TaskExecutorMetricsAutoConfiguration' to bean named 'applicationTaskExecutor'
2024-09-10T20:48:08.706+09:00 TRACE 86442 --- [learn-spring-boot] [           main] f.a.AutowiredAnnotationBeanPostProcessor : Autowiring by type from bean name 'org.springframework.boot.actuate.autoconfigure.metrics.task.TaskExecutorMetricsAutoConfiguration' to bean named 'simpleMeterRegistry'
2024-09-10T20:48:08.710+09:00 TRACE 86442 --- [learn-spring-boot] [           main] o.s.b.f.s.DefaultListableBeanFactory     : Finished creating instance of bean 'org.springframework.boot.actuate.autoconfigure.metrics.task.TaskExecutorMetricsAutoConfiguration'
2024-09-10T20:48:08.710+09:00 DEBUG 86442 --- [learn-spring-boot] [           main] o.s.b.f.s.DefaultListableBeanFactory     : Creating shared instance of singleton bean 'eagerTaskExecutorMetrics'
2024-09-10T20:48:08.710+09:00 TRACE 86442 --- [learn-spring-boot] [           main] o.s.b.f.s.DefaultListableBeanFactory     : Creating instance of bean 'eagerTaskExecutorMetrics'
2024-09-10T20:48:08.711+09:00 TRACE 86442 --- [learn-spring-boot] [           main] o.s.b.f.s.DefaultListableBeanFactory     : Finished creating instance of bean 'eagerTaskExecutorMetrics'
2024-09-10T20:48:08.711+09:00 DEBUG 86442 --- [learn-spring-boot] [           main] o.s.b.f.s.DefaultListableBeanFactory     : Creating shared instance of singleton bean 'org.springframework.boot.actuate.autoconfigure.metrics.web.tomcat.TomcatMetricsAutoConfiguration'
2024-09-10T20:48:08.711+09:00 TRACE 86442 --- [learn-spring-boot] [           main] o.s.b.f.s.DefaultListableBeanFactory     : Creating instance of bean 'org.springframework.boot.actuate.autoconfigure.metrics.web.tomcat.TomcatMetricsAutoConfiguration'
2024-09-10T20:48:08.711+09:00 TRACE 86442 --- [learn-spring-boot] [           main] o.s.b.f.s.DefaultListableBeanFactory     : Finished creating instance of bean 'org.springframework.boot.actuate.autoconfigure.metrics.web.tomcat.TomcatMetricsAutoConfiguration'
2024-09-10T20:48:08.711+09:00 DEBUG 86442 --- [learn-spring-boot] [           main] o.s.b.f.s.DefaultListableBeanFactory     : Creating shared instance of singleton bean 'tomcatMetricsBinder'
2024-09-10T20:48:08.711+09:00 TRACE 86442 --- [learn-spring-boot] [           main] o.s.b.f.s.DefaultListableBeanFactory     : Creating instance of bean 'tomcatMetricsBinder'
2024-09-10T20:48:08.711+09:00 TRACE 86442 --- [learn-spring-boot] [           main] o.s.b.f.s.DefaultListableBeanFactory     : Returning cached instance of singleton bean 'org.springframework.boot.actuate.autoconfigure.metrics.web.tomcat.TomcatMetricsAutoConfiguration'
2024-09-10T20:48:08.711+09:00 TRACE 86442 --- [learn-spring-boot] [           main] o.s.b.f.s.DefaultListableBeanFactory     : Returning cached instance of singleton bean 'simpleMeterRegistry'
2024-09-10T20:48:08.711+09:00 DEBUG 86442 --- [learn-spring-boot] [           main] o.s.b.f.s.DefaultListableBeanFactory     : Autowiring by type from bean name 'tomcatMetricsBinder' via factory method to bean named 'simpleMeterRegistry'
2024-09-10T20:48:08.711+09:00 TRACE 86442 --- [learn-spring-boot] [           main] o.s.b.f.s.DefaultListableBeanFactory     : Finished creating instance of bean 'tomcatMetricsBinder'
2024-09-10T20:48:08.711+09:00 DEBUG 86442 --- [learn-spring-boot] [           main] o.s.b.f.s.DefaultListableBeanFactory     : Creating shared instance of singleton bean 'org.springframework.boot.actuate.autoconfigure.observation.ObservationAutoConfiguration$MeterObservationHandlerConfiguration$OnlyMetricsMeterObservationHandlerConfiguration'
2024-09-10T20:48:08.711+09:00 TRACE 86442 --- [learn-spring-boot] [           main] o.s.b.f.s.DefaultListableBeanFactory     : Creating instance of bean 'org.springframework.boot.actuate.autoconfigure.observation.ObservationAutoConfiguration$MeterObservationHandlerConfiguration$OnlyMetricsMeterObservationHandlerConfiguration'
2024-09-10T20:48:08.711+09:00 TRACE 86442 --- [learn-spring-boot] [           main] o.s.b.f.s.DefaultListableBeanFactory     : Finished creating instance of bean 'org.springframework.boot.actuate.autoconfigure.observation.ObservationAutoConfiguration$MeterObservationHandlerConfiguration$OnlyMetricsMeterObservationHandlerConfiguration'
2024-09-10T20:48:08.711+09:00 DEBUG 86442 --- [learn-spring-boot] [           main] o.s.b.f.s.DefaultListableBeanFactory     : Creating shared instance of singleton bean 'defaultMeterObservationHandler'
2024-09-10T20:48:08.711+09:00 TRACE 86442 --- [learn-spring-boot] [           main] o.s.b.f.s.DefaultListableBeanFactory     : Creating instance of bean 'defaultMeterObservationHandler'
2024-09-10T20:48:08.711+09:00 TRACE 86442 --- [learn-spring-boot] [           main] o.s.b.f.s.DefaultListableBeanFactory     : Returning cached instance of singleton bean 'org.springframework.boot.actuate.autoconfigure.observation.ObservationAutoConfiguration$MeterObservationHandlerConfiguration$OnlyMetricsMeterObservationHandlerConfiguration'
2024-09-10T20:48:08.711+09:00 TRACE 86442 --- [learn-spring-boot] [           main] o.s.b.f.s.DefaultListableBeanFactory     : Returning cached instance of singleton bean 'simpleMeterRegistry'
2024-09-10T20:48:08.711+09:00 TRACE 86442 --- [learn-spring-boot] [           main] o.s.b.f.s.DefaultListableBeanFactory     : Returning cached instance of singleton bean 'management.observations-org.springframework.boot.actuate.autoconfigure.observation.ObservationProperties'
2024-09-10T20:48:08.712+09:00 DEBUG 86442 --- [learn-spring-boot] [           main] o.s.b.f.s.DefaultListableBeanFactory     : Autowiring by type from bean name 'defaultMeterObservationHandler' via factory method to bean named 'simpleMeterRegistry'
2024-09-10T20:48:08.712+09:00 DEBUG 86442 --- [learn-spring-boot] [           main] o.s.b.f.s.DefaultListableBeanFactory     : Autowiring by type from bean name 'defaultMeterObservationHandler' via factory method to bean named 'management.observations-org.springframework.boot.actuate.autoconfigure.observation.ObservationProperties'
2024-09-10T20:48:08.712+09:00 TRACE 86442 --- [learn-spring-boot] [           main] o.s.b.f.s.DefaultListableBeanFactory     : Finished creating instance of bean 'defaultMeterObservationHandler'
2024-09-10T20:48:08.712+09:00 DEBUG 86442 --- [learn-spring-boot] [           main] o.s.b.f.s.DefaultListableBeanFactory     : Creating shared instance of singleton bean 'org.springframework.boot.actuate.autoconfigure.observation.ObservationAutoConfiguration$MeterObservationHandlerConfiguration'
2024-09-10T20:48:08.712+09:00 TRACE 86442 --- [learn-spring-boot] [           main] o.s.b.f.s.DefaultListableBeanFactory     : Creating instance of bean 'org.springframework.boot.actuate.autoconfigure.observation.ObservationAutoConfiguration$MeterObservationHandlerConfiguration'
2024-09-10T20:48:08.712+09:00 TRACE 86442 --- [learn-spring-boot] [           main] o.s.b.f.s.DefaultListableBeanFactory     : Finished creating instance of bean 'org.springframework.boot.actuate.autoconfigure.observation.ObservationAutoConfiguration$MeterObservationHandlerConfiguration'
2024-09-10T20:48:08.712+09:00 DEBUG 86442 --- [learn-spring-boot] [           main] o.s.b.f.s.DefaultListableBeanFactory     : Creating shared instance of singleton bean 'org.springframework.boot.actuate.autoconfigure.observation.ObservationAutoConfiguration$OnlyMetricsConfiguration'
2024-09-10T20:48:08.712+09:00 TRACE 86442 --- [learn-spring-boot] [           main] o.s.b.f.s.DefaultListableBeanFactory     : Creating instance of bean 'org.springframework.boot.actuate.autoconfigure.observation.ObservationAutoConfiguration$OnlyMetricsConfiguration'
2024-09-10T20:48:08.712+09:00 TRACE 86442 --- [learn-spring-boot] [           main] o.s.b.f.s.DefaultListableBeanFactory     : Finished creating instance of bean 'org.springframework.boot.actuate.autoconfigure.observation.ObservationAutoConfiguration$OnlyMetricsConfiguration'
2024-09-10T20:48:08.712+09:00 DEBUG 86442 --- [learn-spring-boot] [           main] o.s.b.f.s.DefaultListableBeanFactory     : Creating shared instance of singleton bean 'metricsObservationHandlerGrouping'
2024-09-10T20:48:08.712+09:00 TRACE 86442 --- [learn-spring-boot] [           main] o.s.b.f.s.DefaultListableBeanFactory     : Creating instance of bean 'metricsObservationHandlerGrouping'
2024-09-10T20:48:08.712+09:00 TRACE 86442 --- [learn-spring-boot] [           main] o.s.b.f.s.DefaultListableBeanFactory     : Returning cached instance of singleton bean 'org.springframework.boot.actuate.autoconfigure.observation.ObservationAutoConfiguration$OnlyMetricsConfiguration'
2024-09-10T20:48:08.713+09:00 TRACE 86442 --- [learn-spring-boot] [           main] o.s.b.f.s.DefaultListableBeanFactory     : Finished creating instance of bean 'metricsObservationHandlerGrouping'
2024-09-10T20:48:08.713+09:00 DEBUG 86442 --- [learn-spring-boot] [           main] o.s.b.f.s.DefaultListableBeanFactory     : Creating shared instance of singleton bean 'org.springframework.boot.actuate.autoconfigure.observation.ObservationAutoConfiguration'
2024-09-10T20:48:08.713+09:00 TRACE 86442 --- [learn-spring-boot] [           main] o.s.b.f.s.DefaultListableBeanFactory     : Creating instance of bean 'org.springframework.boot.actuate.autoconfigure.observation.ObservationAutoConfiguration'
2024-09-10T20:48:08.713+09:00 TRACE 86442 --- [learn-spring-boot] [           main] o.s.b.f.s.DefaultListableBeanFactory     : Finished creating instance of bean 'org.springframework.boot.actuate.autoconfigure.observation.ObservationAutoConfiguration'
2024-09-10T20:48:08.713+09:00 TRACE 86442 --- [learn-spring-boot] [           main] o.s.b.f.s.DefaultListableBeanFactory     : Returning cached instance of singleton bean 'observationRegistryPostProcessor'
2024-09-10T20:48:08.713+09:00 DEBUG 86442 --- [learn-spring-boot] [           main] o.s.b.f.s.DefaultListableBeanFactory     : Creating shared instance of singleton bean 'observationRegistry'
2024-09-10T20:48:08.713+09:00 TRACE 86442 --- [learn-spring-boot] [           main] o.s.b.f.s.DefaultListableBeanFactory     : Creating instance of bean 'observationRegistry'
2024-09-10T20:48:08.713+09:00 TRACE 86442 --- [learn-spring-boot] [           main] o.s.b.f.s.DefaultListableBeanFactory     : Returning cached instance of singleton bean 'org.springframework.boot.actuate.autoconfigure.observation.ObservationAutoConfiguration'
2024-09-10T20:48:08.714+09:00 DEBUG 86442 --- [learn-spring-boot] [           main] o.s.b.f.s.DefaultListableBeanFactory     : Creating shared instance of singleton bean 'propertiesObservationFilter'
2024-09-10T20:48:08.714+09:00 TRACE 86442 --- [learn-spring-boot] [           main] o.s.b.f.s.DefaultListableBeanFactory     : Creating instance of bean 'propertiesObservationFilter'
2024-09-10T20:48:08.714+09:00 TRACE 86442 --- [learn-spring-boot] [           main] o.s.b.f.s.DefaultListableBeanFactory     : Returning cached instance of singleton bean 'org.springframework.boot.actuate.autoconfigure.observation.ObservationAutoConfiguration'
2024-09-10T20:48:08.714+09:00 TRACE 86442 --- [learn-spring-boot] [           main] o.s.b.f.s.DefaultListableBeanFactory     : Returning cached instance of singleton bean 'management.observations-org.springframework.boot.actuate.autoconfigure.observation.ObservationProperties'
2024-09-10T20:48:08.714+09:00 DEBUG 86442 --- [learn-spring-boot] [           main] o.s.b.f.s.DefaultListableBeanFactory     : Autowiring by type from bean name 'propertiesObservationFilter' via factory method to bean named 'management.observations-org.springframework.boot.actuate.autoconfigure.observation.ObservationProperties'
2024-09-10T20:48:08.714+09:00 TRACE 86442 --- [learn-spring-boot] [           main] o.s.b.f.s.DefaultListableBeanFactory     : Finished creating instance of bean 'propertiesObservationFilter'
2024-09-10T20:48:08.714+09:00 TRACE 86442 --- [learn-spring-boot] [           main] o.s.b.f.s.DefaultListableBeanFactory     : Returning cached instance of singleton bean 'propertiesObservationFilter'
2024-09-10T20:48:08.715+09:00 TRACE 86442 --- [learn-spring-boot] [           main] o.s.b.f.s.DefaultListableBeanFactory     : Returning cached instance of singleton bean 'metricsObservationHandlerGrouping'
2024-09-10T20:48:08.715+09:00 TRACE 86442 --- [learn-spring-boot] [           main] o.s.b.f.s.DefaultListableBeanFactory     : Returning cached instance of singleton bean 'defaultMeterObservationHandler'
2024-09-10T20:48:08.715+09:00 TRACE 86442 --- [learn-spring-boot] [           main] o.s.b.f.s.DefaultListableBeanFactory     : Returning cached instance of singleton bean 'defaultMeterObservationHandler'
2024-09-10T20:48:08.716+09:00 TRACE 86442 --- [learn-spring-boot] [           main] o.s.b.f.s.DefaultListableBeanFactory     : Returning cached instance of singleton bean 'propertiesObservationFilter'
2024-09-10T20:48:08.716+09:00 TRACE 86442 --- [learn-spring-boot] [           main] o.s.b.f.s.DefaultListableBeanFactory     : Returning cached instance of singleton bean 'propertiesObservationFilter'
2024-09-10T20:48:08.716+09:00 TRACE 86442 --- [learn-spring-boot] [           main] o.s.b.f.s.DefaultListableBeanFactory     : Finished creating instance of bean 'observationRegistry'
2024-09-10T20:48:08.716+09:00 TRACE 86442 --- [learn-spring-boot] [           main] o.s.b.f.s.DefaultListableBeanFactory     : Returning cached instance of singleton bean 'propertiesObservationFilter'
2024-09-10T20:48:08.716+09:00 TRACE 86442 --- [learn-spring-boot] [           main] o.s.b.f.s.DefaultListableBeanFactory     : Returning cached instance of singleton bean 'management.observations-org.springframework.boot.actuate.autoconfigure.observation.ObservationProperties'
2024-09-10T20:48:08.716+09:00 TRACE 86442 --- [learn-spring-boot] [           main] o.s.b.f.s.DefaultListableBeanFactory     : Returning cached instance of singleton bean 'org.springframework.boot.autoconfigure.http.HttpMessageConvertersAutoConfiguration$StringHttpMessageConverterConfiguration'
2024-09-10T20:48:08.716+09:00 TRACE 86442 --- [learn-spring-boot] [           main] o.s.b.f.s.DefaultListableBeanFactory     : Returning cached instance of singleton bean 'stringHttpMessageConverter'
2024-09-10T20:48:08.716+09:00 TRACE 86442 --- [learn-spring-boot] [           main] o.s.b.f.s.DefaultListableBeanFactory     : Returning cached instance of singleton bean 'org.springframework.boot.autoconfigure.http.JacksonHttpMessageConvertersConfiguration$MappingJackson2HttpMessageConverterConfiguration'
2024-09-10T20:48:08.716+09:00 TRACE 86442 --- [learn-spring-boot] [           main] o.s.b.f.s.DefaultListableBeanFactory     : Returning cached instance of singleton bean 'mappingJackson2HttpMessageConverter'
2024-09-10T20:48:08.716+09:00 DEBUG 86442 --- [learn-spring-boot] [           main] o.s.b.f.s.DefaultListableBeanFactory     : Creating shared instance of singleton bean 'org.springframework.boot.autoconfigure.http.JacksonHttpMessageConvertersConfiguration'
2024-09-10T20:48:08.716+09:00 TRACE 86442 --- [learn-spring-boot] [           main] o.s.b.f.s.DefaultListableBeanFactory     : Creating instance of bean 'org.springframework.boot.autoconfigure.http.JacksonHttpMessageConvertersConfiguration'
2024-09-10T20:48:08.716+09:00 TRACE 86442 --- [learn-spring-boot] [           main] o.s.b.f.s.DefaultListableBeanFactory     : Finished creating instance of bean 'org.springframework.boot.autoconfigure.http.JacksonHttpMessageConvertersConfiguration'
2024-09-10T20:48:08.716+09:00 TRACE 86442 --- [learn-spring-boot] [           main] o.s.b.f.s.DefaultListableBeanFactory     : Returning cached instance of singleton bean 'org.springframework.boot.autoconfigure.http.HttpMessageConvertersAutoConfiguration'
2024-09-10T20:48:08.716+09:00 TRACE 86442 --- [learn-spring-boot] [           main] o.s.b.f.s.DefaultListableBeanFactory     : Returning cached instance of singleton bean 'messageConverters'
2024-09-10T20:48:08.717+09:00 DEBUG 86442 --- [learn-spring-boot] [           main] o.s.b.f.s.DefaultListableBeanFactory     : Creating shared instance of singleton bean 'org.springframework.boot.autoconfigure.web.client.RestClientAutoConfiguration'
2024-09-10T20:48:08.717+09:00 TRACE 86442 --- [learn-spring-boot] [           main] o.s.b.f.s.DefaultListableBeanFactory     : Creating instance of bean 'org.springframework.boot.autoconfigure.web.client.RestClientAutoConfiguration'
2024-09-10T20:48:08.717+09:00 TRACE 86442 --- [learn-spring-boot] [           main] o.s.b.f.s.DefaultListableBeanFactory     : Finished creating instance of bean 'org.springframework.boot.autoconfigure.web.client.RestClientAutoConfiguration'
2024-09-10T20:48:08.717+09:00 DEBUG 86442 --- [learn-spring-boot] [           main] o.s.b.f.s.DefaultListableBeanFactory     : Creating shared instance of singleton bean 'httpMessageConvertersRestClientCustomizer'
2024-09-10T20:48:08.717+09:00 TRACE 86442 --- [learn-spring-boot] [           main] o.s.b.f.s.DefaultListableBeanFactory     : Creating instance of bean 'httpMessageConvertersRestClientCustomizer'
2024-09-10T20:48:08.717+09:00 TRACE 86442 --- [learn-spring-boot] [           main] o.s.b.f.s.DefaultListableBeanFactory     : Returning cached instance of singleton bean 'org.springframework.boot.autoconfigure.web.client.RestClientAutoConfiguration'
2024-09-10T20:48:08.717+09:00 TRACE 86442 --- [learn-spring-boot] [           main] o.s.b.f.s.DefaultListableBeanFactory     : Returning cached instance of singleton bean 'messageConverters'
2024-09-10T20:48:08.717+09:00 TRACE 86442 --- [learn-spring-boot] [           main] o.s.b.f.s.DefaultListableBeanFactory     : Finished creating instance of bean 'httpMessageConvertersRestClientCustomizer'
2024-09-10T20:48:08.717+09:00 DEBUG 86442 --- [learn-spring-boot] [           main] o.s.b.f.s.DefaultListableBeanFactory     : Creating shared instance of singleton bean 'restClientSsl'
2024-09-10T20:48:08.717+09:00 TRACE 86442 --- [learn-spring-boot] [           main] o.s.b.f.s.DefaultListableBeanFactory     : Creating instance of bean 'restClientSsl'
2024-09-10T20:48:08.717+09:00 TRACE 86442 --- [learn-spring-boot] [           main] o.s.b.f.s.DefaultListableBeanFactory     : Returning cached instance of singleton bean 'org.springframework.boot.autoconfigure.web.client.RestClientAutoConfiguration'
2024-09-10T20:48:08.717+09:00 TRACE 86442 --- [learn-spring-boot] [           main] o.s.b.f.s.DefaultListableBeanFactory     : Returning cached instance of singleton bean 'sslBundleRegistry'
2024-09-10T20:48:08.717+09:00 DEBUG 86442 --- [learn-spring-boot] [           main] o.s.b.f.s.DefaultListableBeanFactory     : Autowiring by type from bean name 'restClientSsl' via factory method to bean named 'sslBundleRegistry'
2024-09-10T20:48:08.717+09:00 TRACE 86442 --- [learn-spring-boot] [           main] o.s.b.f.s.DefaultListableBeanFactory     : Finished creating instance of bean 'restClientSsl'
2024-09-10T20:48:08.717+09:00 DEBUG 86442 --- [learn-spring-boot] [           main] o.s.b.f.s.DefaultListableBeanFactory     : Creating shared instance of singleton bean 'restClientBuilderConfigurer'
2024-09-10T20:48:08.717+09:00 TRACE 86442 --- [learn-spring-boot] [           main] o.s.b.f.s.DefaultListableBeanFactory     : Creating instance of bean 'restClientBuilderConfigurer'
2024-09-10T20:48:08.717+09:00 TRACE 86442 --- [learn-spring-boot] [           main] o.s.b.f.s.DefaultListableBeanFactory     : Returning cached instance of singleton bean 'org.springframework.boot.autoconfigure.web.client.RestClientAutoConfiguration'
2024-09-10T20:48:08.718+09:00 TRACE 86442 --- [learn-spring-boot] [           main] o.s.b.f.s.DefaultListableBeanFactory     : Returning cached instance of singleton bean 'httpMessageConvertersRestClientCustomizer'
2024-09-10T20:48:08.718+09:00 DEBUG 86442 --- [learn-spring-boot] [           main] o.s.b.f.s.DefaultListableBeanFactory     : Creating shared instance of singleton bean 'observationRestClientCustomizer'
2024-09-10T20:48:08.718+09:00 TRACE 86442 --- [learn-spring-boot] [           main] o.s.b.f.s.DefaultListableBeanFactory     : Creating instance of bean 'observationRestClientCustomizer'
2024-09-10T20:48:08.718+09:00 DEBUG 86442 --- [learn-spring-boot] [           main] o.s.b.f.s.DefaultListableBeanFactory     : Creating shared instance of singleton bean 'org.springframework.boot.actuate.autoconfigure.observation.web.client.RestClientObservationConfiguration'
2024-09-10T20:48:08.718+09:00 TRACE 86442 --- [learn-spring-boot] [           main] o.s.b.f.s.DefaultListableBeanFactory     : Creating instance of bean 'org.springframework.boot.actuate.autoconfigure.observation.web.client.RestClientObservationConfiguration'
2024-09-10T20:48:08.718+09:00 TRACE 86442 --- [learn-spring-boot] [           main] o.s.b.f.s.DefaultListableBeanFactory     : Finished creating instance of bean 'org.springframework.boot.actuate.autoconfigure.observation.web.client.RestClientObservationConfiguration'
2024-09-10T20:48:08.718+09:00 TRACE 86442 --- [learn-spring-boot] [           main] o.s.b.f.s.DefaultListableBeanFactory     : Returning cached instance of singleton bean 'observationRegistry'
2024-09-10T20:48:08.718+09:00 TRACE 86442 --- [learn-spring-boot] [           main] o.s.b.f.s.DefaultListableBeanFactory     : Returning cached instance of singleton bean 'management.observations-org.springframework.boot.actuate.autoconfigure.observation.ObservationProperties'
2024-09-10T20:48:08.718+09:00 DEBUG 86442 --- [learn-spring-boot] [           main] o.s.b.f.s.DefaultListableBeanFactory     : Autowiring by type from bean name 'observationRestClientCustomizer' via factory method to bean named 'observationRegistry'
2024-09-10T20:48:08.718+09:00 DEBUG 86442 --- [learn-spring-boot] [           main] o.s.b.f.s.DefaultListableBeanFactory     : Autowiring by type from bean name 'observationRestClientCustomizer' via factory method to bean named 'management.observations-org.springframework.boot.actuate.autoconfigure.observation.ObservationProperties'
2024-09-10T20:48:08.721+09:00 TRACE 86442 --- [learn-spring-boot] [           main] o.s.b.f.s.DefaultListableBeanFactory     : Finished creating instance of bean 'observationRestClientCustomizer'
2024-09-10T20:48:08.721+09:00 TRACE 86442 --- [learn-spring-boot] [           main] o.s.b.f.s.DefaultListableBeanFactory     : Returning cached instance of singleton bean 'httpMessageConvertersRestClientCustomizer'
2024-09-10T20:48:08.721+09:00 TRACE 86442 --- [learn-spring-boot] [           main] o.s.b.f.s.DefaultListableBeanFactory     : Returning cached instance of singleton bean 'observationRestClientCustomizer'
2024-09-10T20:48:08.721+09:00 TRACE 86442 --- [learn-spring-boot] [           main] o.s.b.f.s.DefaultListableBeanFactory     : Finished creating instance of bean 'restClientBuilderConfigurer'
2024-09-10T20:48:08.721+09:00 DEBUG 86442 --- [learn-spring-boot] [           main] o.s.b.f.s.DefaultListableBeanFactory     : Creating shared instance of singleton bean 'org.springframework.boot.autoconfigure.web.client.RestTemplateAutoConfiguration'
2024-09-10T20:48:08.721+09:00 TRACE 86442 --- [learn-spring-boot] [           main] o.s.b.f.s.DefaultListableBeanFactory     : Creating instance of bean 'org.springframework.boot.autoconfigure.web.client.RestTemplateAutoConfiguration'
2024-09-10T20:48:08.721+09:00 TRACE 86442 --- [learn-spring-boot] [           main] o.s.b.f.s.DefaultListableBeanFactory     : Finished creating instance of bean 'org.springframework.boot.autoconfigure.web.client.RestTemplateAutoConfiguration'
2024-09-10T20:48:08.721+09:00 TRACE 86442 --- [learn-spring-boot] [           main] o.s.b.f.s.DefaultListableBeanFactory     : Returning cached instance of singleton bean 'org.springframework.boot.actuate.autoconfigure.observation.web.client.HttpClientObservationsAutoConfiguration$MeterFilterConfiguration'
2024-09-10T20:48:08.721+09:00 TRACE 86442 --- [learn-spring-boot] [           main] o.s.b.f.s.DefaultListableBeanFactory     : Returning cached instance of singleton bean 'metricsHttpClientUriTagFilter'
2024-09-10T20:48:08.721+09:00 DEBUG 86442 --- [learn-spring-boot] [           main] o.s.b.f.s.DefaultListableBeanFactory     : Creating shared instance of singleton bean 'org.springframework.boot.actuate.autoconfigure.observation.web.client.RestTemplateObservationConfiguration'
2024-09-10T20:48:08.721+09:00 TRACE 86442 --- [learn-spring-boot] [           main] o.s.b.f.s.DefaultListableBeanFactory     : Creating instance of bean 'org.springframework.boot.actuate.autoconfigure.observation.web.client.RestTemplateObservationConfiguration'
2024-09-10T20:48:08.721+09:00 TRACE 86442 --- [learn-spring-boot] [           main] o.s.b.f.s.DefaultListableBeanFactory     : Finished creating instance of bean 'org.springframework.boot.actuate.autoconfigure.observation.web.client.RestTemplateObservationConfiguration'
2024-09-10T20:48:08.721+09:00 DEBUG 86442 --- [learn-spring-boot] [           main] o.s.b.f.s.DefaultListableBeanFactory     : Creating shared instance of singleton bean 'observationRestTemplateCustomizer'
2024-09-10T20:48:08.721+09:00 TRACE 86442 --- [learn-spring-boot] [           main] o.s.b.f.s.DefaultListableBeanFactory     : Creating instance of bean 'observationRestTemplateCustomizer'
2024-09-10T20:48:08.721+09:00 TRACE 86442 --- [learn-spring-boot] [           main] o.s.b.f.s.DefaultListableBeanFactory     : Returning cached instance of singleton bean 'org.springframework.boot.actuate.autoconfigure.observation.web.client.RestTemplateObservationConfiguration'
2024-09-10T20:48:08.722+09:00 TRACE 86442 --- [learn-spring-boot] [           main] o.s.b.f.s.DefaultListableBeanFactory     : Returning cached instance of singleton bean 'observationRegistry'
2024-09-10T20:48:08.722+09:00 TRACE 86442 --- [learn-spring-boot] [           main] o.s.b.f.s.DefaultListableBeanFactory     : Returning cached instance of singleton bean 'management.observations-org.springframework.boot.actuate.autoconfigure.observation.ObservationProperties'
2024-09-10T20:48:08.722+09:00 DEBUG 86442 --- [learn-spring-boot] [           main] o.s.b.f.s.DefaultListableBeanFactory     : Autowiring by type from bean name 'observationRestTemplateCustomizer' via factory method to bean named 'observationRegistry'
2024-09-10T20:48:08.722+09:00 DEBUG 86442 --- [learn-spring-boot] [           main] o.s.b.f.s.DefaultListableBeanFactory     : Autowiring by type from bean name 'observationRestTemplateCustomizer' via factory method to bean named 'management.observations-org.springframework.boot.actuate.autoconfigure.observation.ObservationProperties'
2024-09-10T20:48:08.722+09:00 TRACE 86442 --- [learn-spring-boot] [           main] o.s.b.f.s.DefaultListableBeanFactory     : Finished creating instance of bean 'observationRestTemplateCustomizer'
2024-09-10T20:48:08.722+09:00 TRACE 86442 --- [learn-spring-boot] [           main] o.s.b.f.s.DefaultListableBeanFactory     : Returning cached instance of singleton bean 'org.springframework.boot.actuate.autoconfigure.observation.web.client.RestClientObservationConfiguration'
2024-09-10T20:48:08.722+09:00 TRACE 86442 --- [learn-spring-boot] [           main] o.s.b.f.s.DefaultListableBeanFactory     : Returning cached instance of singleton bean 'observationRestClientCustomizer'
2024-09-10T20:48:08.722+09:00 DEBUG 86442 --- [learn-spring-boot] [           main] o.s.b.f.s.DefaultListableBeanFactory     : Creating shared instance of singleton bean 'org.springframework.boot.actuate.autoconfigure.observation.web.client.HttpClientObservationsAutoConfiguration'
2024-09-10T20:48:08.722+09:00 TRACE 86442 --- [learn-spring-boot] [           main] o.s.b.f.s.DefaultListableBeanFactory     : Creating instance of bean 'org.springframework.boot.actuate.autoconfigure.observation.web.client.HttpClientObservationsAutoConfiguration'
2024-09-10T20:48:08.722+09:00 TRACE 86442 --- [learn-spring-boot] [           main] o.s.b.f.s.DefaultListableBeanFactory     : Finished creating instance of bean 'org.springframework.boot.actuate.autoconfigure.observation.web.client.HttpClientObservationsAutoConfiguration'
2024-09-10T20:48:08.722+09:00 TRACE 86442 --- [learn-spring-boot] [           main] o.s.b.f.s.DefaultListableBeanFactory     : Returning cached instance of singleton bean 'org.springframework.boot.actuate.autoconfigure.observation.web.servlet.WebMvcObservationAutoConfiguration$MeterFilterConfiguration'
2024-09-10T20:48:08.722+09:00 TRACE 86442 --- [learn-spring-boot] [           main] o.s.b.f.s.DefaultListableBeanFactory     : Returning cached instance of singleton bean 'metricsHttpServerUriTagFilter'
2024-09-10T20:48:08.722+09:00 DEBUG 86442 --- [learn-spring-boot] [           main] o.s.b.f.s.DefaultListableBeanFactory     : Creating shared instance of singleton bean 'org.springframework.boot.actuate.autoconfigure.observation.web.servlet.WebMvcObservationAutoConfiguration'
2024-09-10T20:48:08.722+09:00 TRACE 86442 --- [learn-spring-boot] [           main] o.s.b.f.s.DefaultListableBeanFactory     : Creating instance of bean 'org.springframework.boot.actuate.autoconfigure.observation.web.servlet.WebMvcObservationAutoConfiguration'
2024-09-10T20:48:08.723+09:00 TRACE 86442 --- [learn-spring-boot] [           main] o.s.b.f.s.DefaultListableBeanFactory     : Finished creating instance of bean 'org.springframework.boot.actuate.autoconfigure.observation.web.servlet.WebMvcObservationAutoConfiguration'
2024-09-10T20:48:08.723+09:00 DEBUG 86442 --- [learn-spring-boot] [           main] o.s.b.f.s.DefaultListableBeanFactory     : Creating shared instance of singleton bean 'webMvcObservationFilter'
2024-09-10T20:48:08.723+09:00 TRACE 86442 --- [learn-spring-boot] [           main] o.s.b.f.s.DefaultListableBeanFactory     : Creating instance of bean 'webMvcObservationFilter'
2024-09-10T20:48:08.723+09:00 TRACE 86442 --- [learn-spring-boot] [           main] o.s.b.f.s.DefaultListableBeanFactory     : Returning cached instance of singleton bean 'org.springframework.boot.actuate.autoconfigure.observation.web.servlet.WebMvcObservationAutoConfiguration'
2024-09-10T20:48:08.723+09:00 TRACE 86442 --- [learn-spring-boot] [           main] o.s.b.f.s.DefaultListableBeanFactory     : Returning cached instance of singleton bean 'observationRegistry'
2024-09-10T20:48:08.723+09:00 TRACE 86442 --- [learn-spring-boot] [           main] o.s.b.f.s.DefaultListableBeanFactory     : Returning cached instance of singleton bean 'management.observations-org.springframework.boot.actuate.autoconfigure.observation.ObservationProperties'
2024-09-10T20:48:08.723+09:00 DEBUG 86442 --- [learn-spring-boot] [           main] o.s.b.f.s.DefaultListableBeanFactory     : Autowiring by type from bean name 'webMvcObservationFilter' via factory method to bean named 'observationRegistry'
2024-09-10T20:48:08.723+09:00 DEBUG 86442 --- [learn-spring-boot] [           main] o.s.b.f.s.DefaultListableBeanFactory     : Autowiring by type from bean name 'webMvcObservationFilter' via factory method to bean named 'management.observations-org.springframework.boot.actuate.autoconfigure.observation.ObservationProperties'
2024-09-10T20:48:08.726+09:00 TRACE 86442 --- [learn-spring-boot] [           main] o.s.b.f.s.DefaultListableBeanFactory     : Finished creating instance of bean 'webMvcObservationFilter'
2024-09-10T20:48:08.726+09:00 DEBUG 86442 --- [learn-spring-boot] [           main] o.s.b.f.s.DefaultListableBeanFactory     : Creating shared instance of singleton bean 'org.springframework.boot.actuate.autoconfigure.scheduling.ScheduledTasksObservabilityAutoConfiguration'
2024-09-10T20:48:08.726+09:00 TRACE 86442 --- [learn-spring-boot] [           main] o.s.b.f.s.DefaultListableBeanFactory     : Creating instance of bean 'org.springframework.boot.actuate.autoconfigure.scheduling.ScheduledTasksObservabilityAutoConfiguration'
2024-09-10T20:48:08.726+09:00 TRACE 86442 --- [learn-spring-boot] [           main] o.s.b.f.s.DefaultListableBeanFactory     : Finished creating instance of bean 'org.springframework.boot.actuate.autoconfigure.scheduling.ScheduledTasksObservabilityAutoConfiguration'
2024-09-10T20:48:08.726+09:00 DEBUG 86442 --- [learn-spring-boot] [           main] o.s.b.f.s.DefaultListableBeanFactory     : Creating shared instance of singleton bean 'observabilitySchedulingConfigurer'
2024-09-10T20:48:08.726+09:00 TRACE 86442 --- [learn-spring-boot] [           main] o.s.b.f.s.DefaultListableBeanFactory     : Creating instance of bean 'observabilitySchedulingConfigurer'
2024-09-10T20:48:08.726+09:00 TRACE 86442 --- [learn-spring-boot] [           main] o.s.b.f.s.DefaultListableBeanFactory     : Returning cached instance of singleton bean 'org.springframework.boot.actuate.autoconfigure.scheduling.ScheduledTasksObservabilityAutoConfiguration'
2024-09-10T20:48:08.726+09:00 TRACE 86442 --- [learn-spring-boot] [           main] o.s.b.f.s.DefaultListableBeanFactory     : Returning cached instance of singleton bean 'observationRegistry'
2024-09-10T20:48:08.726+09:00 DEBUG 86442 --- [learn-spring-boot] [           main] o.s.b.f.s.DefaultListableBeanFactory     : Autowiring by type from bean name 'observabilitySchedulingConfigurer' via factory method to bean named 'observationRegistry'
2024-09-10T20:48:08.727+09:00 TRACE 86442 --- [learn-spring-boot] [           main] o.s.b.f.s.DefaultListableBeanFactory     : Finished creating instance of bean 'observabilitySchedulingConfigurer'
2024-09-10T20:48:08.727+09:00 DEBUG 86442 --- [learn-spring-boot] [           main] o.s.b.f.s.DefaultListableBeanFactory     : Creating shared instance of singleton bean 'org.springframework.boot.autoconfigure.aop.AopAutoConfiguration$ClassProxyingConfiguration'
2024-09-10T20:48:08.727+09:00 TRACE 86442 --- [learn-spring-boot] [           main] o.s.b.f.s.DefaultListableBeanFactory     : Creating instance of bean 'org.springframework.boot.autoconfigure.aop.AopAutoConfiguration$ClassProxyingConfiguration'
2024-09-10T20:48:08.727+09:00 TRACE 86442 --- [learn-spring-boot] [           main] o.s.b.f.s.DefaultListableBeanFactory     : Finished creating instance of bean 'org.springframework.boot.autoconfigure.aop.AopAutoConfiguration$ClassProxyingConfiguration'
2024-09-10T20:48:08.727+09:00 TRACE 86442 --- [learn-spring-boot] [           main] o.s.b.f.s.DefaultListableBeanFactory     : Returning cached instance of singleton bean 'forceAutoProxyCreatorToUseClassProxying'
2024-09-10T20:48:08.727+09:00 DEBUG 86442 --- [learn-spring-boot] [           main] o.s.b.f.s.DefaultListableBeanFactory     : Creating shared instance of singleton bean 'org.springframework.boot.autoconfigure.aop.AopAutoConfiguration'
2024-09-10T20:48:08.727+09:00 TRACE 86442 --- [learn-spring-boot] [           main] o.s.b.f.s.DefaultListableBeanFactory     : Creating instance of bean 'org.springframework.boot.autoconfigure.aop.AopAutoConfiguration'
2024-09-10T20:48:08.727+09:00 TRACE 86442 --- [learn-spring-boot] [           main] o.s.b.f.s.DefaultListableBeanFactory     : Finished creating instance of bean 'org.springframework.boot.autoconfigure.aop.AopAutoConfiguration'
2024-09-10T20:48:08.727+09:00 DEBUG 86442 --- [learn-spring-boot] [           main] o.s.b.f.s.DefaultListableBeanFactory     : Creating shared instance of singleton bean 'org.springframework.boot.autoconfigure.context.ConfigurationPropertiesAutoConfiguration'
2024-09-10T20:48:08.727+09:00 TRACE 86442 --- [learn-spring-boot] [           main] o.s.b.f.s.DefaultListableBeanFactory     : Creating instance of bean 'org.springframework.boot.autoconfigure.context.ConfigurationPropertiesAutoConfiguration'
2024-09-10T20:48:08.727+09:00 TRACE 86442 --- [learn-spring-boot] [           main] o.s.b.f.s.DefaultListableBeanFactory     : Finished creating instance of bean 'org.springframework.boot.autoconfigure.context.ConfigurationPropertiesAutoConfiguration'
2024-09-10T20:48:08.727+09:00 DEBUG 86442 --- [learn-spring-boot] [           main] o.s.b.f.s.DefaultListableBeanFactory     : Creating shared instance of singleton bean 'org.springframework.boot.autoconfigure.context.LifecycleAutoConfiguration'
2024-09-10T20:48:08.727+09:00 TRACE 86442 --- [learn-spring-boot] [           main] o.s.b.f.s.DefaultListableBeanFactory     : Creating instance of bean 'org.springframework.boot.autoconfigure.context.LifecycleAutoConfiguration'
2024-09-10T20:48:08.727+09:00 TRACE 86442 --- [learn-spring-boot] [           main] o.s.b.f.s.DefaultListableBeanFactory     : Finished creating instance of bean 'org.springframework.boot.autoconfigure.context.LifecycleAutoConfiguration'
2024-09-10T20:48:08.727+09:00 DEBUG 86442 --- [learn-spring-boot] [           main] o.s.b.f.s.DefaultListableBeanFactory     : Creating shared instance of singleton bean 'lifecycleProcessor'
2024-09-10T20:48:08.727+09:00 TRACE 86442 --- [learn-spring-boot] [           main] o.s.b.f.s.DefaultListableBeanFactory     : Creating instance of bean 'lifecycleProcessor'
2024-09-10T20:48:08.727+09:00 TRACE 86442 --- [learn-spring-boot] [           main] o.s.b.f.s.DefaultListableBeanFactory     : Returning cached instance of singleton bean 'org.springframework.boot.autoconfigure.context.LifecycleAutoConfiguration'
2024-09-10T20:48:08.727+09:00 DEBUG 86442 --- [learn-spring-boot] [           main] o.s.b.f.s.DefaultListableBeanFactory     : Creating shared instance of singleton bean 'spring.lifecycle-org.springframework.boot.autoconfigure.context.LifecycleProperties'
2024-09-10T20:48:08.727+09:00 TRACE 86442 --- [learn-spring-boot] [           main] o.s.b.f.s.DefaultListableBeanFactory     : Creating instance of bean 'spring.lifecycle-org.springframework.boot.autoconfigure.context.LifecycleProperties'
2024-09-10T20:48:08.727+09:00 TRACE 86442 --- [learn-spring-boot] [           main] o.s.b.f.s.DefaultListableBeanFactory     : Returning cached instance of singleton bean 'org.springframework.boot.context.properties.BoundConfigurationProperties'
2024-09-10T20:48:08.728+09:00 TRACE 86442 --- [learn-spring-boot] [           main] o.s.b.f.s.DefaultListableBeanFactory     : Finished creating instance of bean 'spring.lifecycle-org.springframework.boot.autoconfigure.context.LifecycleProperties'
2024-09-10T20:48:08.728+09:00 DEBUG 86442 --- [learn-spring-boot] [           main] o.s.b.f.s.DefaultListableBeanFactory     : Autowiring by type from bean name 'lifecycleProcessor' via factory method to bean named 'spring.lifecycle-org.springframework.boot.autoconfigure.context.LifecycleProperties'
2024-09-10T20:48:08.729+09:00 TRACE 86442 --- [learn-spring-boot] [           main] o.s.b.f.s.DefaultListableBeanFactory     : Finished creating instance of bean 'lifecycleProcessor'
2024-09-10T20:48:08.729+09:00 TRACE 86442 --- [learn-spring-boot] [           main] o.s.b.f.s.DefaultListableBeanFactory     : Returning cached instance of singleton bean 'spring.lifecycle-org.springframework.boot.autoconfigure.context.LifecycleProperties'
2024-09-10T20:48:08.729+09:00 DEBUG 86442 --- [learn-spring-boot] [           main] o.s.b.f.s.DefaultListableBeanFactory     : Creating shared instance of singleton bean 'org.springframework.boot.autoconfigure.sql.init.SqlInitializationAutoConfiguration'
2024-09-10T20:48:08.729+09:00 TRACE 86442 --- [learn-spring-boot] [           main] o.s.b.f.s.DefaultListableBeanFactory     : Creating instance of bean 'org.springframework.boot.autoconfigure.sql.init.SqlInitializationAutoConfiguration'
2024-09-10T20:48:08.729+09:00 TRACE 86442 --- [learn-spring-boot] [           main] o.s.b.f.s.DefaultListableBeanFactory     : Finished creating instance of bean 'org.springframework.boot.autoconfigure.sql.init.SqlInitializationAutoConfiguration'
2024-09-10T20:48:08.729+09:00 DEBUG 86442 --- [learn-spring-boot] [           main] o.s.b.f.s.DefaultListableBeanFactory     : Creating shared instance of singleton bean 'spring.sql.init-org.springframework.boot.autoconfigure.sql.init.SqlInitializationProperties'
2024-09-10T20:48:08.729+09:00 TRACE 86442 --- [learn-spring-boot] [           main] o.s.b.f.s.DefaultListableBeanFactory     : Creating instance of bean 'spring.sql.init-org.springframework.boot.autoconfigure.sql.init.SqlInitializationProperties'
2024-09-10T20:48:08.729+09:00 TRACE 86442 --- [learn-spring-boot] [           main] o.s.b.f.s.DefaultListableBeanFactory     : Returning cached instance of singleton bean 'org.springframework.boot.context.properties.BoundConfigurationProperties'
2024-09-10T20:48:08.730+09:00 TRACE 86442 --- [learn-spring-boot] [           main] o.s.b.f.s.DefaultListableBeanFactory     : Finished creating instance of bean 'spring.sql.init-org.springframework.boot.autoconfigure.sql.init.SqlInitializationProperties'
2024-09-10T20:48:08.730+09:00 TRACE 86442 --- [learn-spring-boot] [           main] o.s.b.f.s.DefaultListableBeanFactory     : Returning cached instance of singleton bean 'org.springframework.boot.sql.init.dependency.DatabaseInitializationDependencyConfigurer$DependsOnDatabaseInitializationPostProcessor'
2024-09-10T20:48:08.730+09:00 TRACE 86442 --- [learn-spring-boot] [           main] o.s.b.f.s.DefaultListableBeanFactory     : Returning cached instance of singleton bean 'org.springframework.boot.autoconfigure.web.servlet.HttpEncodingAutoConfiguration'
2024-09-10T20:48:08.730+09:00 DEBUG 86442 --- [learn-spring-boot] [           main] o.s.b.f.s.DefaultListableBeanFactory     : Creating shared instance of singleton bean 'characterEncodingFilter'
2024-09-10T20:48:08.730+09:00 TRACE 86442 --- [learn-spring-boot] [           main] o.s.b.f.s.DefaultListableBeanFactory     : Creating instance of bean 'characterEncodingFilter'
2024-09-10T20:48:08.730+09:00 TRACE 86442 --- [learn-spring-boot] [           main] o.s.b.f.s.DefaultListableBeanFactory     : Returning cached instance of singleton bean 'org.springframework.boot.autoconfigure.web.servlet.HttpEncodingAutoConfiguration'
2024-09-10T20:48:08.731+09:00 TRACE 86442 --- [learn-spring-boot] [           main] o.s.b.f.s.DefaultListableBeanFactory     : Invoking afterPropertiesSet() on bean with name 'characterEncodingFilter'
2024-09-10T20:48:08.731+09:00 TRACE 86442 --- [learn-spring-boot] [           main] o.s.b.f.s.DefaultListableBeanFactory     : Finished creating instance of bean 'characterEncodingFilter'
2024-09-10T20:48:08.731+09:00 TRACE 86442 --- [learn-spring-boot] [           main] o.s.b.f.s.DefaultListableBeanFactory     : Returning cached instance of singleton bean 'localeCharsetMappingsCustomizer'
2024-09-10T20:48:08.731+09:00 TRACE 86442 --- [learn-spring-boot] [           main] o.s.b.f.s.DefaultListableBeanFactory     : Returning cached instance of singleton bean 'org.springframework.boot.autoconfigure.web.servlet.MultipartAutoConfiguration'
2024-09-10T20:48:08.731+09:00 TRACE 86442 --- [learn-spring-boot] [           main] o.s.b.f.s.DefaultListableBeanFactory     : Returning cached instance of singleton bean 'multipartConfigElement'
2024-09-10T20:48:08.731+09:00 DEBUG 86442 --- [learn-spring-boot] [           main] o.s.b.f.s.DefaultListableBeanFactory     : Creating shared instance of singleton bean 'multipartResolver'
2024-09-10T20:48:08.731+09:00 TRACE 86442 --- [learn-spring-boot] [           main] o.s.b.f.s.DefaultListableBeanFactory     : Creating instance of bean 'multipartResolver'
2024-09-10T20:48:08.731+09:00 TRACE 86442 --- [learn-spring-boot] [           main] o.s.b.f.s.DefaultListableBeanFactory     : Returning cached instance of singleton bean 'org.springframework.boot.autoconfigure.web.servlet.MultipartAutoConfiguration'
2024-09-10T20:48:08.731+09:00 TRACE 86442 --- [learn-spring-boot] [           main] o.s.b.f.s.DefaultListableBeanFactory     : Finished creating instance of bean 'multipartResolver'
2024-09-10T20:48:08.731+09:00 TRACE 86442 --- [learn-spring-boot] [           main] o.s.b.f.s.DefaultListableBeanFactory     : Returning cached instance of singleton bean 'spring.servlet.multipart-org.springframework.boot.autoconfigure.web.servlet.MultipartProperties'
2024-09-10T20:48:08.731+09:00 DEBUG 86442 --- [learn-spring-boot] [           main] o.s.b.f.s.DefaultListableBeanFactory     : Creating shared instance of singleton bean 'org.springframework.boot.actuate.autoconfigure.endpoint.web.ServletEndpointManagementContextConfiguration$WebMvcServletEndpointManagementContextConfiguration'
2024-09-10T20:48:08.731+09:00 TRACE 86442 --- [learn-spring-boot] [           main] o.s.b.f.s.DefaultListableBeanFactory     : Creating instance of bean 'org.springframework.boot.actuate.autoconfigure.endpoint.web.ServletEndpointManagementContextConfiguration$WebMvcServletEndpointManagementContextConfiguration'
2024-09-10T20:48:08.732+09:00 TRACE 86442 --- [learn-spring-boot] [           main] o.s.b.f.s.DefaultListableBeanFactory     : Finished creating instance of bean 'org.springframework.boot.actuate.autoconfigure.endpoint.web.ServletEndpointManagementContextConfiguration$WebMvcServletEndpointManagementContextConfiguration'
2024-09-10T20:48:08.732+09:00 DEBUG 86442 --- [learn-spring-boot] [           main] o.s.b.f.s.DefaultListableBeanFactory     : Creating shared instance of singleton bean 'servletEndpointRegistrar'
2024-09-10T20:48:08.732+09:00 TRACE 86442 --- [learn-spring-boot] [           main] o.s.b.f.s.DefaultListableBeanFactory     : Creating instance of bean 'servletEndpointRegistrar'
2024-09-10T20:48:08.732+09:00 TRACE 86442 --- [learn-spring-boot] [           main] o.s.b.f.s.DefaultListableBeanFactory     : Returning cached instance of singleton bean 'org.springframework.boot.actuate.autoconfigure.endpoint.web.ServletEndpointManagementContextConfiguration$WebMvcServletEndpointManagementContextConfiguration'
2024-09-10T20:48:08.732+09:00 TRACE 86442 --- [learn-spring-boot] [           main] o.s.b.f.s.DefaultListableBeanFactory     : Returning cached instance of singleton bean 'management.endpoints.web-org.springframework.boot.actuate.autoconfigure.endpoint.web.WebEndpointProperties'
2024-09-10T20:48:08.732+09:00 TRACE 86442 --- [learn-spring-boot] [           main] o.s.b.f.s.DefaultListableBeanFactory     : Returning cached instance of singleton bean 'servletEndpointDiscoverer'
2024-09-10T20:48:08.732+09:00 TRACE 86442 --- [learn-spring-boot] [           main] o.s.b.f.s.DefaultListableBeanFactory     : Returning cached instance of singleton bean 'dispatcherServletRegistration'
2024-09-10T20:48:08.732+09:00 DEBUG 86442 --- [learn-spring-boot] [           main] o.s.b.f.s.DefaultListableBeanFactory     : Autowiring by type from bean name 'servletEndpointRegistrar' via factory method to bean named 'management.endpoints.web-org.springframework.boot.actuate.autoconfigure.endpoint.web.WebEndpointProperties'
2024-09-10T20:48:08.732+09:00 DEBUG 86442 --- [learn-spring-boot] [           main] o.s.b.f.s.DefaultListableBeanFactory     : Autowiring by type from bean name 'servletEndpointRegistrar' via factory method to bean named 'servletEndpointDiscoverer'
2024-09-10T20:48:08.732+09:00 DEBUG 86442 --- [learn-spring-boot] [           main] o.s.b.f.s.DefaultListableBeanFactory     : Autowiring by type from bean name 'servletEndpointRegistrar' via factory method to bean named 'dispatcherServletRegistration'
2024-09-10T20:48:08.733+09:00 TRACE 86442 --- [learn-spring-boot] [           main] o.s.b.f.s.DefaultListableBeanFactory     : Finished creating instance of bean 'servletEndpointRegistrar'
2024-09-10T20:48:08.733+09:00 TRACE 86442 --- [learn-spring-boot] [           main] o.s.b.f.s.DefaultListableBeanFactory     : Returning cached instance of singleton bean 'org.springframework.boot.actuate.autoconfigure.endpoint.web.ServletEndpointManagementContextConfiguration'
2024-09-10T20:48:08.733+09:00 TRACE 86442 --- [learn-spring-boot] [           main] o.s.b.f.s.DefaultListableBeanFactory     : Returning cached instance of singleton bean 'servletExposeExcludePropertyEndpointFilter'
2024-09-10T20:48:08.733+09:00 DEBUG 86442 --- [learn-spring-boot] [           main] o.s.b.f.s.DefaultListableBeanFactory     : Creating shared instance of singleton bean 'org.springframework.boot.actuate.autoconfigure.endpoint.web.servlet.WebMvcEndpointManagementContextConfiguration'
2024-09-10T20:48:08.733+09:00 TRACE 86442 --- [learn-spring-boot] [           main] o.s.b.f.s.DefaultListableBeanFactory     : Creating instance of bean 'org.springframework.boot.actuate.autoconfigure.endpoint.web.servlet.WebMvcEndpointManagementContextConfiguration'
2024-09-10T20:48:08.733+09:00 TRACE 86442 --- [learn-spring-boot] [           main] o.s.b.f.s.DefaultListableBeanFactory     : Finished creating instance of bean 'org.springframework.boot.actuate.autoconfigure.endpoint.web.servlet.WebMvcEndpointManagementContextConfiguration'
2024-09-10T20:48:08.733+09:00 DEBUG 86442 --- [learn-spring-boot] [           main] o.s.b.f.s.DefaultListableBeanFactory     : Creating shared instance of singleton bean 'webEndpointServletHandlerMapping'
2024-09-10T20:48:08.733+09:00 TRACE 86442 --- [learn-spring-boot] [           main] o.s.b.f.s.DefaultListableBeanFactory     : Creating instance of bean 'webEndpointServletHandlerMapping'
2024-09-10T20:48:08.733+09:00 TRACE 86442 --- [learn-spring-boot] [           main] o.s.b.f.s.DefaultListableBeanFactory     : Returning cached instance of singleton bean 'org.springframework.boot.actuate.autoconfigure.endpoint.web.servlet.WebMvcEndpointManagementContextConfiguration'
2024-09-10T20:48:08.733+09:00 TRACE 86442 --- [learn-spring-boot] [           main] o.s.b.f.s.DefaultListableBeanFactory     : Returning cached instance of singleton bean 'webEndpointDiscoverer'
2024-09-10T20:48:08.733+09:00 TRACE 86442 --- [learn-spring-boot] [           main] o.s.b.f.s.DefaultListableBeanFactory     : Returning cached instance of singleton bean 'servletEndpointDiscoverer'
2024-09-10T20:48:08.733+09:00 TRACE 86442 --- [learn-spring-boot] [           main] o.s.b.f.s.DefaultListableBeanFactory     : Returning cached instance of singleton bean 'controllerEndpointDiscoverer'
2024-09-10T20:48:08.733+09:00 TRACE 86442 --- [learn-spring-boot] [           main] o.s.b.f.s.DefaultListableBeanFactory     : Returning cached instance of singleton bean 'endpointMediaTypes'
2024-09-10T20:48:08.733+09:00 DEBUG 86442 --- [learn-spring-boot] [           main] o.s.b.f.s.DefaultListableBeanFactory     : Creating shared instance of singleton bean 'management.endpoints.web.cors-org.springframework.boot.actuate.autoconfigure.endpoint.web.CorsEndpointProperties'
2024-09-10T20:48:08.733+09:00 TRACE 86442 --- [learn-spring-boot] [           main] o.s.b.f.s.DefaultListableBeanFactory     : Creating instance of bean 'management.endpoints.web.cors-org.springframework.boot.actuate.autoconfigure.endpoint.web.CorsEndpointProperties'
2024-09-10T20:48:08.735+09:00 TRACE 86442 --- [learn-spring-boot] [           main] o.s.b.f.s.DefaultListableBeanFactory     : Returning cached instance of singleton bean 'org.springframework.boot.context.properties.BoundConfigurationProperties'
2024-09-10T20:48:08.736+09:00 TRACE 86442 --- [learn-spring-boot] [           main] o.s.b.f.s.DefaultListableBeanFactory     : Finished creating instance of bean 'management.endpoints.web.cors-org.springframework.boot.actuate.autoconfigure.endpoint.web.CorsEndpointProperties'
2024-09-10T20:48:08.736+09:00 TRACE 86442 --- [learn-spring-boot] [           main] o.s.b.f.s.DefaultListableBeanFactory     : Returning cached instance of singleton bean 'management.endpoints.web-org.springframework.boot.actuate.autoconfigure.endpoint.web.WebEndpointProperties'
2024-09-10T20:48:08.736+09:00 TRACE 86442 --- [learn-spring-boot] [           main] o.s.b.f.s.DefaultListableBeanFactory     : Returning cached instance of singleton bean 'environment'
2024-09-10T20:48:08.736+09:00 DEBUG 86442 --- [learn-spring-boot] [           main] o.s.b.f.s.DefaultListableBeanFactory     : Autowiring by type from bean name 'webEndpointServletHandlerMapping' via factory method to bean named 'webEndpointDiscoverer'
2024-09-10T20:48:08.736+09:00 DEBUG 86442 --- [learn-spring-boot] [           main] o.s.b.f.s.DefaultListableBeanFactory     : Autowiring by type from bean name 'webEndpointServletHandlerMapping' via factory method to bean named 'servletEndpointDiscoverer'
2024-09-10T20:48:08.736+09:00 DEBUG 86442 --- [learn-spring-boot] [           main] o.s.b.f.s.DefaultListableBeanFactory     : Autowiring by type from bean name 'webEndpointServletHandlerMapping' via factory method to bean named 'controllerEndpointDiscoverer'
2024-09-10T20:48:08.736+09:00 DEBUG 86442 --- [learn-spring-boot] [           main] o.s.b.f.s.DefaultListableBeanFactory     : Autowiring by type from bean name 'webEndpointServletHandlerMapping' via factory method to bean named 'endpointMediaTypes'
2024-09-10T20:48:08.736+09:00 DEBUG 86442 --- [learn-spring-boot] [           main] o.s.b.f.s.DefaultListableBeanFactory     : Autowiring by type from bean name 'webEndpointServletHandlerMapping' via factory method to bean named 'management.endpoints.web.cors-org.springframework.boot.actuate.autoconfigure.endpoint.web.CorsEndpointProperties'
2024-09-10T20:48:08.736+09:00 DEBUG 86442 --- [learn-spring-boot] [           main] o.s.b.f.s.DefaultListableBeanFactory     : Autowiring by type from bean name 'webEndpointServletHandlerMapping' via factory method to bean named 'management.endpoints.web-org.springframework.boot.actuate.autoconfigure.endpoint.web.WebEndpointProperties'
2024-09-10T20:48:08.736+09:00 DEBUG 86442 --- [learn-spring-boot] [           main] o.s.b.f.s.DefaultListableBeanFactory     : Autowiring by type from bean name 'webEndpointServletHandlerMapping' via factory method to bean named 'environment'
2024-09-10T20:48:08.740+09:00  INFO 86442 --- [learn-spring-boot] [           main] o.s.b.a.e.web.EndpointLinksResolver      : Exposing 1 endpoint beneath base path '/actuator'
2024-09-10T20:48:08.741+09:00 TRACE 86442 --- [learn-spring-boot] [           main] o.s.b.f.s.DefaultListableBeanFactory     : Invoking afterPropertiesSet() on bean with name 'webEndpointServletHandlerMapping'
2024-09-10T20:48:08.743+09:00 TRACE 86442 --- [learn-spring-boot] [           main] s.b.a.e.w.s.WebMvcEndpointHandlerMapping : Register "{GET [/actuator/health/**], produces [application/vnd.spring-boot.actuator.v3+json || application/vnd.spring-boot.actuator.v2+json || application/json]}" to java.lang.Object org.springframework.boot.actuate.endpoint.web.servlet.AbstractWebMvcEndpointHandlerMapping$OperationHandler.handle(jakarta.servlet.http.HttpServletRequest,java.util.Map<java.lang.String, java.lang.String>)
2024-09-10T20:48:08.743+09:00 TRACE 86442 --- [learn-spring-boot] [           main] s.b.a.e.w.s.WebMvcEndpointHandlerMapping : Register "{GET [/actuator/health], produces [application/vnd.spring-boot.actuator.v3+json || application/vnd.spring-boot.actuator.v2+json || application/json]}" to java.lang.Object org.springframework.boot.actuate.endpoint.web.servlet.AbstractWebMvcEndpointHandlerMapping$OperationHandler.handle(jakarta.servlet.http.HttpServletRequest,java.util.Map<java.lang.String, java.lang.String>)
2024-09-10T20:48:08.743+09:00 TRACE 86442 --- [learn-spring-boot] [           main] s.b.a.e.w.s.WebMvcEndpointHandlerMapping : Register "{GET [/actuator], produces [application/vnd.spring-boot.actuator.v3+json || application/vnd.spring-boot.actuator.v2+json || application/json]}" to public java.util.Map<java.lang.String, java.util.Map<java.lang.String, org.springframework.boot.actuate.endpoint.web.Link>> org.springframework.boot.actuate.endpoint.web.servlet.WebMvcEndpointHandlerMapping$WebMvcLinksHandler.links(jakarta.servlet.http.HttpServletRequest,jakarta.servlet.http.HttpServletResponse)
2024-09-10T20:48:08.744+09:00 TRACE 86442 --- [learn-spring-boot] [           main] o.s.b.f.s.DefaultListableBeanFactory     : Finished creating instance of bean 'webEndpointServletHandlerMapping'
2024-09-10T20:48:08.744+09:00 DEBUG 86442 --- [learn-spring-boot] [           main] o.s.b.f.s.DefaultListableBeanFactory     : Creating shared instance of singleton bean 'controllerEndpointHandlerMapping'
2024-09-10T20:48:08.744+09:00 TRACE 86442 --- [learn-spring-boot] [           main] o.s.b.f.s.DefaultListableBeanFactory     : Creating instance of bean 'controllerEndpointHandlerMapping'
2024-09-10T20:48:08.744+09:00 TRACE 86442 --- [learn-spring-boot] [           main] o.s.b.f.s.DefaultListableBeanFactory     : Returning cached instance of singleton bean 'org.springframework.boot.actuate.autoconfigure.endpoint.web.servlet.WebMvcEndpointManagementContextConfiguration'
2024-09-10T20:48:08.744+09:00 TRACE 86442 --- [learn-spring-boot] [           main] o.s.b.f.s.DefaultListableBeanFactory     : Returning cached instance of singleton bean 'controllerEndpointDiscoverer'
2024-09-10T20:48:08.744+09:00 TRACE 86442 --- [learn-spring-boot] [           main] o.s.b.f.s.DefaultListableBeanFactory     : Returning cached instance of singleton bean 'management.endpoints.web.cors-org.springframework.boot.actuate.autoconfigure.endpoint.web.CorsEndpointProperties'
2024-09-10T20:48:08.744+09:00 TRACE 86442 --- [learn-spring-boot] [           main] o.s.b.f.s.DefaultListableBeanFactory     : Returning cached instance of singleton bean 'management.endpoints.web-org.springframework.boot.actuate.autoconfigure.endpoint.web.WebEndpointProperties'
2024-09-10T20:48:08.744+09:00 DEBUG 86442 --- [learn-spring-boot] [           main] o.s.b.f.s.DefaultListableBeanFactory     : Autowiring by type from bean name 'controllerEndpointHandlerMapping' via factory method to bean named 'controllerEndpointDiscoverer'
2024-09-10T20:48:08.744+09:00 DEBUG 86442 --- [learn-spring-boot] [           main] o.s.b.f.s.DefaultListableBeanFactory     : Autowiring by type from bean name 'controllerEndpointHandlerMapping' via factory method to bean named 'management.endpoints.web.cors-org.springframework.boot.actuate.autoconfigure.endpoint.web.CorsEndpointProperties'
2024-09-10T20:48:08.744+09:00 DEBUG 86442 --- [learn-spring-boot] [           main] o.s.b.f.s.DefaultListableBeanFactory     : Autowiring by type from bean name 'controllerEndpointHandlerMapping' via factory method to bean named 'management.endpoints.web-org.springframework.boot.actuate.autoconfigure.endpoint.web.WebEndpointProperties'
2024-09-10T20:48:08.745+09:00 TRACE 86442 --- [learn-spring-boot] [           main] o.s.b.f.s.DefaultListableBeanFactory     : Invoking afterPropertiesSet() on bean with name 'controllerEndpointHandlerMapping'
2024-09-10T20:48:08.745+09:00 TRACE 86442 --- [learn-spring-boot] [           main] o.s.b.f.s.DefaultListableBeanFactory     : Finished creating instance of bean 'controllerEndpointHandlerMapping'
2024-09-10T20:48:08.745+09:00 TRACE 86442 --- [learn-spring-boot] [           main] o.s.b.f.s.DefaultListableBeanFactory     : Returning cached instance of singleton bean 'endpointObjectMapperWebMvcConfigurer'
2024-09-10T20:48:08.745+09:00 TRACE 86442 --- [learn-spring-boot] [           main] o.s.b.f.s.DefaultListableBeanFactory     : Returning cached instance of singleton bean 'management.endpoints.web.cors-org.springframework.boot.actuate.autoconfigure.endpoint.web.CorsEndpointProperties'
2024-09-10T20:48:08.745+09:00 DEBUG 86442 --- [learn-spring-boot] [           main] o.s.b.f.s.DefaultListableBeanFactory     : Creating shared instance of singleton bean 'org.springframework.boot.actuate.autoconfigure.web.server.ManagementContextAutoConfiguration$SameManagementContextConfiguration$EnableSameManagementContextConfiguration'
2024-09-10T20:48:08.745+09:00 TRACE 86442 --- [learn-spring-boot] [           main] o.s.b.f.s.DefaultListableBeanFactory     : Creating instance of bean 'org.springframework.boot.actuate.autoconfigure.web.server.ManagementContextAutoConfiguration$SameManagementContextConfiguration$EnableSameManagementContextConfiguration'
2024-09-10T20:48:08.745+09:00 TRACE 86442 --- [learn-spring-boot] [           main] o.s.b.f.s.DefaultListableBeanFactory     : Finished creating instance of bean 'org.springframework.boot.actuate.autoconfigure.web.server.ManagementContextAutoConfiguration$SameManagementContextConfiguration$EnableSameManagementContextConfiguration'
2024-09-10T20:48:08.745+09:00 DEBUG 86442 --- [learn-spring-boot] [           main] o.s.b.f.s.DefaultListableBeanFactory     : Creating shared instance of singleton bean 'org.springframework.boot.actuate.autoconfigure.web.server.ManagementContextAutoConfiguration$SameManagementContextConfiguration'
2024-09-10T20:48:08.745+09:00 TRACE 86442 --- [learn-spring-boot] [           main] o.s.b.f.s.DefaultListableBeanFactory     : Creating instance of bean 'org.springframework.boot.actuate.autoconfigure.web.server.ManagementContextAutoConfiguration$SameManagementContextConfiguration'
2024-09-10T20:48:08.745+09:00 TRACE 86442 --- [learn-spring-boot] [           main] o.s.b.f.s.DefaultListableBeanFactory     : Returning cached instance of singleton bean 'environment'
2024-09-10T20:48:08.745+09:00 DEBUG 86442 --- [learn-spring-boot] [           main] o.s.b.f.s.DefaultListableBeanFactory     : Autowiring by type from bean name 'org.springframework.boot.actuate.autoconfigure.web.server.ManagementContextAutoConfiguration$SameManagementContextConfiguration' via constructor to bean named 'environment'
2024-09-10T20:48:08.746+09:00 TRACE 86442 --- [learn-spring-boot] [           main] o.s.b.f.s.DefaultListableBeanFactory     : Finished creating instance of bean 'org.springframework.boot.actuate.autoconfigure.web.server.ManagementContextAutoConfiguration$SameManagementContextConfiguration'
2024-09-10T20:48:08.746+09:00 DEBUG 86442 --- [learn-spring-boot] [           main] o.s.b.f.s.DefaultListableBeanFactory     : Creating shared instance of singleton bean 'org.springframework.boot.actuate.autoconfigure.web.server.ManagementContextAutoConfiguration'
2024-09-10T20:48:08.746+09:00 TRACE 86442 --- [learn-spring-boot] [           main] o.s.b.f.s.DefaultListableBeanFactory     : Creating instance of bean 'org.springframework.boot.actuate.autoconfigure.web.server.ManagementContextAutoConfiguration'
2024-09-10T20:48:08.746+09:00 TRACE 86442 --- [learn-spring-boot] [           main] o.s.b.f.s.DefaultListableBeanFactory     : Finished creating instance of bean 'org.springframework.boot.actuate.autoconfigure.web.server.ManagementContextAutoConfiguration'
2024-09-10T20:48:08.746+09:00 DEBUG 86442 --- [learn-spring-boot] [           main] o.s.b.f.s.DefaultListableBeanFactory     : Creating shared instance of singleton bean 'management.server-org.springframework.boot.actuate.autoconfigure.web.server.ManagementServerProperties'
2024-09-10T20:48:08.746+09:00 TRACE 86442 --- [learn-spring-boot] [           main] o.s.b.f.s.DefaultListableBeanFactory     : Creating instance of bean 'management.server-org.springframework.boot.actuate.autoconfigure.web.server.ManagementServerProperties'
2024-09-10T20:48:08.746+09:00 TRACE 86442 --- [learn-spring-boot] [           main] o.s.b.f.s.DefaultListableBeanFactory     : Returning cached instance of singleton bean 'org.springframework.boot.context.properties.BoundConfigurationProperties'
2024-09-10T20:48:08.746+09:00 TRACE 86442 --- [learn-spring-boot] [           main] o.s.b.f.s.DefaultListableBeanFactory     : Finished creating instance of bean 'management.server-org.springframework.boot.actuate.autoconfigure.web.server.ManagementServerProperties'
2024-09-10T20:48:08.746+09:00 TRACE 86442 --- [learn-spring-boot] [           main] o.s.b.f.s.DefaultListableBeanFactory     : Returning cached instance of singleton bean 'org.springframework.aop.config.internalAutoProxyCreator'
2024-09-10T20:48:08.747+09:00 TRACE 86442 --- [learn-spring-boot] [           main] o.s.c.e.EventListenerMethodProcessor     : No @EventListener annotations found on bean class: com.in28minutes.springboot.learn_spring_boot.LearnSpringBootApplication$$SpringCGLIB$$0
2024-09-10T20:48:08.747+09:00 TRACE 86442 --- [learn-spring-boot] [           main] o.s.c.e.EventListenerMethodProcessor     : No @EventListener annotations found on bean class: com.in28minutes.springboot.learn_spring_boot.CourseController
2024-09-10T20:48:08.747+09:00 TRACE 86442 --- [learn-spring-boot] [           main] o.s.c.e.EventListenerMethodProcessor     : No @EventListener annotations found on bean class: com.in28minutes.springboot.learn_spring_boot.CurrencyConfigurationController
2024-09-10T20:48:08.747+09:00 TRACE 86442 --- [learn-spring-boot] [           main] o.s.c.e.EventListenerMethodProcessor     : No @EventListener annotations found on bean class: com.in28minutes.springboot.learn_spring_boot.CurrencyServiceConfiguration
2024-09-10T20:48:08.747+09:00 TRACE 86442 --- [learn-spring-boot] [           main] o.s.c.e.EventListenerMethodProcessor     : No @EventListener annotations found on bean class: org.springframework.boot.autoconfigure.context.PropertyPlaceholderAutoConfiguration
2024-09-10T20:48:08.747+09:00 TRACE 86442 --- [learn-spring-boot] [           main] o.s.c.e.EventListenerMethodProcessor     : No @EventListener annotations found on bean class: org.springframework.boot.autoconfigure.ssl.SslAutoConfiguration
2024-09-10T20:48:08.747+09:00 TRACE 86442 --- [learn-spring-boot] [           main] o.s.c.e.EventListenerMethodProcessor     : No @EventListener annotations found on bean class: org.springframework.boot.autoconfigure.websocket.servlet.WebSocketServletAutoConfiguration$TomcatWebSocketConfiguration
2024-09-10T20:48:08.747+09:00 TRACE 86442 --- [learn-spring-boot] [           main] o.s.c.e.EventListenerMethodProcessor     : No @EventListener annotations found on bean class: org.springframework.boot.autoconfigure.websocket.servlet.WebSocketServletAutoConfiguration
2024-09-10T20:48:08.747+09:00 TRACE 86442 --- [learn-spring-boot] [           main] o.s.c.e.EventListenerMethodProcessor     : No @EventListener annotations found on bean class: org.springframework.boot.autoconfigure.web.servlet.ServletWebServerFactoryConfiguration$EmbeddedTomcat
2024-09-10T20:48:08.747+09:00 TRACE 86442 --- [learn-spring-boot] [           main] o.s.c.e.EventListenerMethodProcessor     : No @EventListener annotations found on bean class: org.springframework.boot.autoconfigure.web.servlet.ServletWebServerFactoryAutoConfiguration
2024-09-10T20:48:08.747+09:00 TRACE 86442 --- [learn-spring-boot] [           main] o.s.c.e.EventListenerMethodProcessor     : No @EventListener annotations found on bean class: org.springframework.boot.autoconfigure.web.servlet.DispatcherServletAutoConfiguration$DispatcherServletConfiguration
2024-09-10T20:48:08.747+09:00 TRACE 86442 --- [learn-spring-boot] [           main] o.s.c.e.EventListenerMethodProcessor     : No @EventListener annotations found on bean class: org.springframework.boot.autoconfigure.web.servlet.DispatcherServletAutoConfiguration$DispatcherServletRegistrationConfiguration
2024-09-10T20:48:08.747+09:00 TRACE 86442 --- [learn-spring-boot] [           main] o.s.c.e.EventListenerMethodProcessor     : No @EventListener annotations found on bean class: org.springframework.boot.autoconfigure.web.servlet.DispatcherServletAutoConfiguration
2024-09-10T20:48:08.747+09:00 TRACE 86442 --- [learn-spring-boot] [           main] o.s.c.e.EventListenerMethodProcessor     : No @EventListener annotations found on bean class: org.springframework.boot.autoconfigure.task.TaskExecutorConfigurations$ThreadPoolTaskExecutorBuilderConfiguration
2024-09-10T20:48:08.747+09:00 TRACE 86442 --- [learn-spring-boot] [           main] o.s.c.e.EventListenerMethodProcessor     : No @EventListener annotations found on bean class: org.springframework.boot.autoconfigure.task.TaskExecutorConfigurations$SimpleAsyncTaskExecutorBuilderConfiguration
2024-09-10T20:48:08.747+09:00 TRACE 86442 --- [learn-spring-boot] [           main] o.s.c.e.EventListenerMethodProcessor     : No @EventListener annotations found on bean class: org.springframework.boot.autoconfigure.task.TaskExecutorConfigurations$TaskExecutorConfiguration
2024-09-10T20:48:08.747+09:00 TRACE 86442 --- [learn-spring-boot] [           main] o.s.c.e.EventListenerMethodProcessor     : No @EventListener annotations found on bean class: org.springframework.boot.autoconfigure.task.TaskExecutionAutoConfiguration
2024-09-10T20:48:08.748+09:00 TRACE 86442 --- [learn-spring-boot] [           main] o.s.c.e.EventListenerMethodProcessor     : No @EventListener annotations found on bean class: org.springframework.boot.autoconfigure.web.servlet.error.ErrorMvcAutoConfiguration$WhitelabelErrorViewConfiguration
2024-09-10T20:48:08.748+09:00 TRACE 86442 --- [learn-spring-boot] [           main] o.s.c.e.EventListenerMethodProcessor     : No @EventListener annotations found on bean class: org.springframework.boot.autoconfigure.web.servlet.error.ErrorMvcAutoConfiguration$DefaultErrorViewResolverConfiguration
2024-09-10T20:48:08.748+09:00 TRACE 86442 --- [learn-spring-boot] [           main] o.s.c.e.EventListenerMethodProcessor     : No @EventListener annotations found on bean class: org.springframework.boot.autoconfigure.web.servlet.error.ErrorMvcAutoConfiguration
2024-09-10T20:48:08.748+09:00 TRACE 86442 --- [learn-spring-boot] [           main] o.s.c.e.EventListenerMethodProcessor     : No @EventListener annotations found on bean class: org.springframework.boot.autoconfigure.web.servlet.error.BasicErrorController
2024-09-10T20:48:08.748+09:00 TRACE 86442 --- [learn-spring-boot] [           main] o.s.c.e.EventListenerMethodProcessor     : No @EventListener annotations found on bean class: org.springframework.boot.autoconfigure.web.servlet.WebMvcAutoConfiguration$EnableWebMvcConfiguration
2024-09-10T20:48:08.749+09:00 TRACE 86442 --- [learn-spring-boot] [           main] o.s.c.e.EventListenerMethodProcessor     : No @EventListener annotations found on bean class: org.springframework.boot.autoconfigure.web.servlet.WebMvcAutoConfiguration$WebMvcAutoConfigurationAdapter
2024-09-10T20:48:08.749+09:00 TRACE 86442 --- [learn-spring-boot] [           main] o.s.c.e.EventListenerMethodProcessor     : No @EventListener annotations found on bean class: org.springframework.boot.autoconfigure.web.servlet.WebMvcAutoConfiguration
2024-09-10T20:48:08.749+09:00 TRACE 86442 --- [learn-spring-boot] [           main] o.s.c.e.EventListenerMethodProcessor     : No @EventListener annotations found on bean class: org.springframework.boot.autoconfigure.availability.ApplicationAvailabilityAutoConfiguration
2024-09-10T20:48:08.749+09:00 TRACE 86442 --- [learn-spring-boot] [           main] o.s.c.e.EventListenerMethodProcessor     : No @EventListener annotations found on bean class: org.springframework.boot.actuate.autoconfigure.availability.AvailabilityHealthContributorAutoConfiguration
2024-09-10T20:48:08.749+09:00 TRACE 86442 --- [learn-spring-boot] [           main] o.s.c.e.EventListenerMethodProcessor     : No @EventListener annotations found on bean class: org.springframework.boot.autoconfigure.jackson.JacksonAutoConfiguration$Jackson2ObjectMapperBuilderCustomizerConfiguration
2024-09-10T20:48:08.749+09:00 TRACE 86442 --- [learn-spring-boot] [           main] o.s.c.e.EventListenerMethodProcessor     : No @EventListener annotations found on bean class: org.springframework.boot.autoconfigure.jackson.JacksonAutoConfiguration$JacksonObjectMapperBuilderConfiguration
2024-09-10T20:48:08.749+09:00 TRACE 86442 --- [learn-spring-boot] [           main] o.s.c.e.EventListenerMethodProcessor     : No @EventListener annotations found on bean class: org.springframework.boot.autoconfigure.jackson.JacksonAutoConfiguration$ParameterNamesModuleConfiguration
2024-09-10T20:48:08.749+09:00 TRACE 86442 --- [learn-spring-boot] [           main] o.s.c.e.EventListenerMethodProcessor     : No @EventListener annotations found on bean class: com.fasterxml.jackson.module.paramnames.ParameterNamesModule
2024-09-10T20:48:08.749+09:00 TRACE 86442 --- [learn-spring-boot] [           main] o.s.c.e.EventListenerMethodProcessor     : No @EventListener annotations found on bean class: org.springframework.boot.autoconfigure.jackson.JacksonAutoConfiguration$JacksonObjectMapperConfiguration
2024-09-10T20:48:08.750+09:00 TRACE 86442 --- [learn-spring-boot] [           main] o.s.c.e.EventListenerMethodProcessor     : No @EventListener annotations found on bean class: com.fasterxml.jackson.databind.ObjectMapper
2024-09-10T20:48:08.750+09:00 TRACE 86442 --- [learn-spring-boot] [           main] o.s.c.e.EventListenerMethodProcessor     : No @EventListener annotations found on bean class: org.springframework.boot.autoconfigure.jackson.JacksonAutoConfiguration$JacksonMixinConfiguration
2024-09-10T20:48:08.750+09:00 TRACE 86442 --- [learn-spring-boot] [           main] o.s.c.e.EventListenerMethodProcessor     : No @EventListener annotations found on bean class: org.springframework.boot.autoconfigure.jackson.JacksonAutoConfiguration
2024-09-10T20:48:08.750+09:00 TRACE 86442 --- [learn-spring-boot] [           main] o.s.c.e.EventListenerMethodProcessor     : No @EventListener annotations found on bean class: org.springframework.boot.actuate.autoconfigure.health.HealthEndpointConfiguration
2024-09-10T20:48:08.750+09:00 TRACE 86442 --- [learn-spring-boot] [           main] o.s.c.e.EventListenerMethodProcessor     : No @EventListener annotations found on bean class: org.springframework.boot.actuate.autoconfigure.health.HealthEndpointWebExtensionConfiguration
2024-09-10T20:48:08.750+09:00 TRACE 86442 --- [learn-spring-boot] [           main] o.s.c.e.EventListenerMethodProcessor     : No @EventListener annotations found on bean class: org.springframework.boot.actuate.autoconfigure.health.HealthEndpointAutoConfiguration
2024-09-10T20:48:08.750+09:00 TRACE 86442 --- [learn-spring-boot] [           main] o.s.c.e.EventListenerMethodProcessor     : No @EventListener annotations found on bean class: org.springframework.boot.autoconfigure.info.ProjectInfoAutoConfiguration
2024-09-10T20:48:08.750+09:00 TRACE 86442 --- [learn-spring-boot] [           main] o.s.c.e.EventListenerMethodProcessor     : No @EventListener annotations found on bean class: org.springframework.boot.actuate.autoconfigure.info.InfoContributorAutoConfiguration
2024-09-10T20:48:08.750+09:00 TRACE 86442 --- [learn-spring-boot] [           main] o.s.c.e.EventListenerMethodProcessor     : No @EventListener annotations found on bean class: org.springframework.boot.actuate.autoconfigure.web.servlet.ServletManagementContextAutoConfiguration
2024-09-10T20:48:08.750+09:00 TRACE 86442 --- [learn-spring-boot] [           main] o.s.c.e.EventListenerMethodProcessor     : No @EventListener annotations found on bean class: org.springframework.boot.actuate.autoconfigure.endpoint.EndpointAutoConfiguration
2024-09-10T20:48:08.750+09:00 TRACE 86442 --- [learn-spring-boot] [           main] o.s.c.e.EventListenerMethodProcessor     : No @EventListener annotations found on bean class: org.springframework.boot.actuate.autoconfigure.endpoint.jackson.JacksonEndpointAutoConfiguration
2024-09-10T20:48:08.751+09:00 TRACE 86442 --- [learn-spring-boot] [           main] o.s.c.e.EventListenerMethodProcessor     : No @EventListener annotations found on bean class: org.springframework.boot.actuate.autoconfigure.endpoint.web.WebEndpointAutoConfiguration$WebEndpointServletConfiguration
2024-09-10T20:48:08.751+09:00 TRACE 86442 --- [learn-spring-boot] [           main] o.s.c.e.EventListenerMethodProcessor     : No @EventListener annotations found on bean class: org.springframework.boot.actuate.autoconfigure.endpoint.web.WebEndpointAutoConfiguration
2024-09-10T20:48:08.751+09:00 TRACE 86442 --- [learn-spring-boot] [           main] o.s.c.e.EventListenerMethodProcessor     : No @EventListener annotations found on bean class: org.springframework.boot.actuate.autoconfigure.ssl.SslHealthContributorAutoConfiguration
2024-09-10T20:48:08.751+09:00 TRACE 86442 --- [learn-spring-boot] [           main] o.s.c.e.EventListenerMethodProcessor     : No @EventListener annotations found on bean class: org.springframework.boot.actuate.autoconfigure.system.DiskSpaceHealthContributorAutoConfiguration
2024-09-10T20:48:08.751+09:00 TRACE 86442 --- [learn-spring-boot] [           main] o.s.c.e.EventListenerMethodProcessor     : No @EventListener annotations found on bean class: org.springframework.boot.actuate.autoconfigure.health.HealthContributorAutoConfiguration
2024-09-10T20:48:08.751+09:00 TRACE 86442 --- [learn-spring-boot] [           main] o.s.c.e.EventListenerMethodProcessor     : No @EventListener annotations found on bean class: org.springframework.boot.actuate.autoconfigure.metrics.MetricsAutoConfiguration
2024-09-10T20:48:08.751+09:00 TRACE 86442 --- [learn-spring-boot] [           main] o.s.c.e.EventListenerMethodProcessor     : No @EventListener annotations found on bean class: io.micrometer.core.instrument.Clock$1
2024-09-10T20:48:08.751+09:00 TRACE 86442 --- [learn-spring-boot] [           main] o.s.c.e.EventListenerMethodProcessor     : No @EventListener annotations found on bean class: org.springframework.boot.actuate.autoconfigure.metrics.export.simple.SimpleMetricsExportAutoConfiguration
2024-09-10T20:48:08.751+09:00 TRACE 86442 --- [learn-spring-boot] [           main] o.s.c.e.EventListenerMethodProcessor     : No @EventListener annotations found on bean class: io.micrometer.core.instrument.simple.SimpleMeterRegistry
2024-09-10T20:48:08.751+09:00 TRACE 86442 --- [learn-spring-boot] [           main] o.s.c.e.EventListenerMethodProcessor     : No @EventListener annotations found on bean class: org.springframework.boot.actuate.autoconfigure.metrics.CompositeMeterRegistryAutoConfiguration
2024-09-10T20:48:08.751+09:00 TRACE 86442 --- [learn-spring-boot] [           main] o.s.c.e.EventListenerMethodProcessor     : No @EventListener annotations found on bean class: org.springframework.boot.actuate.autoconfigure.metrics.JvmMetricsAutoConfiguration
2024-09-10T20:48:08.751+09:00 TRACE 86442 --- [learn-spring-boot] [           main] o.s.c.e.EventListenerMethodProcessor     : No @EventListener annotations found on bean class: io.micrometer.core.instrument.binder.jvm.JvmGcMetrics
2024-09-10T20:48:08.751+09:00 TRACE 86442 --- [learn-spring-boot] [           main] o.s.c.e.EventListenerMethodProcessor     : No @EventListener annotations found on bean class: io.micrometer.core.instrument.binder.jvm.JvmHeapPressureMetrics
2024-09-10T20:48:08.751+09:00 TRACE 86442 --- [learn-spring-boot] [           main] o.s.c.e.EventListenerMethodProcessor     : No @EventListener annotations found on bean class: io.micrometer.core.instrument.binder.jvm.JvmMemoryMetrics
2024-09-10T20:48:08.751+09:00 TRACE 86442 --- [learn-spring-boot] [           main] o.s.c.e.EventListenerMethodProcessor     : No @EventListener annotations found on bean class: io.micrometer.core.instrument.binder.jvm.JvmThreadMetrics
2024-09-10T20:48:08.751+09:00 TRACE 86442 --- [learn-spring-boot] [           main] o.s.c.e.EventListenerMethodProcessor     : No @EventListener annotations found on bean class: io.micrometer.core.instrument.binder.jvm.ClassLoaderMetrics
2024-09-10T20:48:08.751+09:00 TRACE 86442 --- [learn-spring-boot] [           main] o.s.c.e.EventListenerMethodProcessor     : No @EventListener annotations found on bean class: io.micrometer.core.instrument.binder.jvm.JvmInfoMetrics
2024-09-10T20:48:08.751+09:00 TRACE 86442 --- [learn-spring-boot] [           main] o.s.c.e.EventListenerMethodProcessor     : No @EventListener annotations found on bean class: io.micrometer.core.instrument.binder.jvm.JvmCompilationMetrics
2024-09-10T20:48:08.751+09:00 TRACE 86442 --- [learn-spring-boot] [           main] o.s.c.e.EventListenerMethodProcessor     : No @EventListener annotations found on bean class: org.springframework.boot.actuate.autoconfigure.metrics.LogbackMetricsAutoConfiguration
2024-09-10T20:48:08.751+09:00 TRACE 86442 --- [learn-spring-boot] [           main] o.s.c.e.EventListenerMethodProcessor     : No @EventListener annotations found on bean class: io.micrometer.core.instrument.binder.logging.LogbackMetrics
2024-09-10T20:48:08.751+09:00 TRACE 86442 --- [learn-spring-boot] [           main] o.s.c.e.EventListenerMethodProcessor     : No @EventListener annotations found on bean class: org.springframework.boot.actuate.autoconfigure.metrics.SystemMetricsAutoConfiguration
2024-09-10T20:48:08.751+09:00 TRACE 86442 --- [learn-spring-boot] [           main] o.s.c.e.EventListenerMethodProcessor     : No @EventListener annotations found on bean class: io.micrometer.core.instrument.binder.system.UptimeMetrics
2024-09-10T20:48:08.751+09:00 TRACE 86442 --- [learn-spring-boot] [           main] o.s.c.e.EventListenerMethodProcessor     : No @EventListener annotations found on bean class: io.micrometer.core.instrument.binder.system.ProcessorMetrics
2024-09-10T20:48:08.751+09:00 TRACE 86442 --- [learn-spring-boot] [           main] o.s.c.e.EventListenerMethodProcessor     : No @EventListener annotations found on bean class: io.micrometer.core.instrument.binder.system.FileDescriptorMetrics
2024-09-10T20:48:08.751+09:00 TRACE 86442 --- [learn-spring-boot] [           main] o.s.c.e.EventListenerMethodProcessor     : No @EventListener annotations found on bean class: org.springframework.boot.actuate.autoconfigure.metrics.integration.IntegrationMetricsAutoConfiguration
2024-09-10T20:48:08.751+09:00 TRACE 86442 --- [learn-spring-boot] [           main] o.s.c.e.EventListenerMethodProcessor     : No @EventListener annotations found on bean class: org.springframework.boot.actuate.autoconfigure.metrics.startup.StartupTimeMetricsListenerAutoConfiguration
2024-09-10T20:48:08.751+09:00 TRACE 86442 --- [learn-spring-boot] [           main] o.s.c.e.EventListenerMethodProcessor     : No @EventListener annotations found on bean class: org.springframework.boot.autoconfigure.task.TaskSchedulingConfigurations$ThreadPoolTaskSchedulerBuilderConfiguration
2024-09-10T20:48:08.752+09:00 TRACE 86442 --- [learn-spring-boot] [           main] o.s.c.e.EventListenerMethodProcessor     : No @EventListener annotations found on bean class: org.springframework.boot.autoconfigure.task.TaskSchedulingConfigurations$SimpleAsyncTaskSchedulerBuilderConfiguration
2024-09-10T20:48:08.752+09:00 TRACE 86442 --- [learn-spring-boot] [           main] o.s.c.e.EventListenerMethodProcessor     : No @EventListener annotations found on bean class: org.springframework.boot.autoconfigure.task.TaskSchedulingAutoConfiguration
2024-09-10T20:48:08.752+09:00 TRACE 86442 --- [learn-spring-boot] [           main] o.s.c.e.EventListenerMethodProcessor     : No @EventListener annotations found on bean class: org.springframework.boot.actuate.autoconfigure.metrics.task.TaskExecutorMetricsAutoConfiguration
2024-09-10T20:48:08.752+09:00 TRACE 86442 --- [learn-spring-boot] [           main] o.s.c.e.EventListenerMethodProcessor     : No @EventListener annotations found on bean class: org.springframework.boot.actuate.autoconfigure.metrics.web.tomcat.TomcatMetricsAutoConfiguration
2024-09-10T20:48:08.752+09:00 TRACE 86442 --- [learn-spring-boot] [           main] o.s.c.e.EventListenerMethodProcessor     : No @EventListener annotations found on bean class: org.springframework.boot.actuate.autoconfigure.observation.ObservationAutoConfiguration$MeterObservationHandlerConfiguration$OnlyMetricsMeterObservationHandlerConfiguration
2024-09-10T20:48:08.752+09:00 TRACE 86442 --- [learn-spring-boot] [           main] o.s.c.e.EventListenerMethodProcessor     : No @EventListener annotations found on bean class: io.micrometer.core.instrument.observation.DefaultMeterObservationHandler
2024-09-10T20:48:08.752+09:00 TRACE 86442 --- [learn-spring-boot] [           main] o.s.c.e.EventListenerMethodProcessor     : No @EventListener annotations found on bean class: org.springframework.boot.actuate.autoconfigure.observation.ObservationAutoConfiguration$MeterObservationHandlerConfiguration
2024-09-10T20:48:08.752+09:00 TRACE 86442 --- [learn-spring-boot] [           main] o.s.c.e.EventListenerMethodProcessor     : No @EventListener annotations found on bean class: org.springframework.boot.actuate.autoconfigure.observation.ObservationAutoConfiguration$OnlyMetricsConfiguration
2024-09-10T20:48:08.752+09:00 TRACE 86442 --- [learn-spring-boot] [           main] o.s.c.e.EventListenerMethodProcessor     : No @EventListener annotations found on bean class: org.springframework.boot.actuate.autoconfigure.observation.ObservationAutoConfiguration
2024-09-10T20:48:08.752+09:00 TRACE 86442 --- [learn-spring-boot] [           main] o.s.c.e.EventListenerMethodProcessor     : No @EventListener annotations found on bean class: io.micrometer.observation.SimpleObservationRegistry
2024-09-10T20:48:08.752+09:00 TRACE 86442 --- [learn-spring-boot] [           main] o.s.c.e.EventListenerMethodProcessor     : No @EventListener annotations found on bean class: org.springframework.boot.autoconfigure.http.HttpMessageConvertersAutoConfiguration$StringHttpMessageConverterConfiguration
2024-09-10T20:48:08.752+09:00 TRACE 86442 --- [learn-spring-boot] [           main] o.s.c.e.EventListenerMethodProcessor     : No @EventListener annotations found on bean class: org.springframework.boot.autoconfigure.http.JacksonHttpMessageConvertersConfiguration$MappingJackson2HttpMessageConverterConfiguration
2024-09-10T20:48:08.752+09:00 TRACE 86442 --- [learn-spring-boot] [           main] o.s.c.e.EventListenerMethodProcessor     : No @EventListener annotations found on bean class: org.springframework.boot.autoconfigure.http.JacksonHttpMessageConvertersConfiguration
2024-09-10T20:48:08.752+09:00 TRACE 86442 --- [learn-spring-boot] [           main] o.s.c.e.EventListenerMethodProcessor     : No @EventListener annotations found on bean class: org.springframework.boot.autoconfigure.http.HttpMessageConvertersAutoConfiguration
2024-09-10T20:48:08.752+09:00 TRACE 86442 --- [learn-spring-boot] [           main] o.s.c.e.EventListenerMethodProcessor     : No @EventListener annotations found on bean class: org.springframework.boot.autoconfigure.web.client.RestClientAutoConfiguration
2024-09-10T20:48:08.752+09:00 TRACE 86442 --- [learn-spring-boot] [           main] o.s.c.e.EventListenerMethodProcessor     : No @EventListener annotations found on bean class: org.springframework.boot.autoconfigure.web.client.RestTemplateAutoConfiguration
2024-09-10T20:48:08.752+09:00 TRACE 86442 --- [learn-spring-boot] [           main] o.s.c.e.EventListenerMethodProcessor     : No @EventListener annotations found on bean class: org.springframework.boot.actuate.autoconfigure.observation.web.client.HttpClientObservationsAutoConfiguration$MeterFilterConfiguration
2024-09-10T20:48:08.752+09:00 TRACE 86442 --- [learn-spring-boot] [           main] o.s.c.e.EventListenerMethodProcessor     : No @EventListener annotations found on bean class: io.micrometer.core.instrument.config.MeterFilter$9
2024-09-10T20:48:08.752+09:00 TRACE 86442 --- [learn-spring-boot] [           main] o.s.c.e.EventListenerMethodProcessor     : No @EventListener annotations found on bean class: org.springframework.boot.actuate.autoconfigure.observation.web.client.RestTemplateObservationConfiguration
2024-09-10T20:48:08.752+09:00 TRACE 86442 --- [learn-spring-boot] [           main] o.s.c.e.EventListenerMethodProcessor     : No @EventListener annotations found on bean class: org.springframework.boot.actuate.autoconfigure.observation.web.client.RestClientObservationConfiguration
2024-09-10T20:48:08.752+09:00 TRACE 86442 --- [learn-spring-boot] [           main] o.s.c.e.EventListenerMethodProcessor     : No @EventListener annotations found on bean class: org.springframework.boot.actuate.autoconfigure.observation.web.client.HttpClientObservationsAutoConfiguration
2024-09-10T20:48:08.752+09:00 TRACE 86442 --- [learn-spring-boot] [           main] o.s.c.e.EventListenerMethodProcessor     : No @EventListener annotations found on bean class: org.springframework.boot.actuate.autoconfigure.observation.web.servlet.WebMvcObservationAutoConfiguration$MeterFilterConfiguration
2024-09-10T20:48:08.752+09:00 TRACE 86442 --- [learn-spring-boot] [           main] o.s.c.e.EventListenerMethodProcessor     : No @EventListener annotations found on bean class: org.springframework.boot.actuate.autoconfigure.observation.web.servlet.WebMvcObservationAutoConfiguration
2024-09-10T20:48:08.752+09:00 TRACE 86442 --- [learn-spring-boot] [           main] o.s.c.e.EventListenerMethodProcessor     : No @EventListener annotations found on bean class: org.springframework.boot.actuate.autoconfigure.scheduling.ScheduledTasksObservabilityAutoConfiguration
2024-09-10T20:48:08.752+09:00 TRACE 86442 --- [learn-spring-boot] [           main] o.s.c.e.EventListenerMethodProcessor     : No @EventListener annotations found on bean class: org.springframework.boot.autoconfigure.aop.AopAutoConfiguration$ClassProxyingConfiguration
2024-09-10T20:48:08.752+09:00 TRACE 86442 --- [learn-spring-boot] [           main] o.s.c.e.EventListenerMethodProcessor     : No @EventListener annotations found on bean class: org.springframework.boot.autoconfigure.aop.AopAutoConfiguration
2024-09-10T20:48:08.752+09:00 TRACE 86442 --- [learn-spring-boot] [           main] o.s.c.e.EventListenerMethodProcessor     : No @EventListener annotations found on bean class: org.springframework.boot.autoconfigure.context.ConfigurationPropertiesAutoConfiguration
2024-09-10T20:48:08.752+09:00 TRACE 86442 --- [learn-spring-boot] [           main] o.s.c.e.EventListenerMethodProcessor     : No @EventListener annotations found on bean class: org.springframework.boot.autoconfigure.context.LifecycleAutoConfiguration
2024-09-10T20:48:08.752+09:00 TRACE 86442 --- [learn-spring-boot] [           main] o.s.c.e.EventListenerMethodProcessor     : No @EventListener annotations found on bean class: org.springframework.boot.autoconfigure.sql.init.SqlInitializationAutoConfiguration
2024-09-10T20:48:08.752+09:00 TRACE 86442 --- [learn-spring-boot] [           main] o.s.c.e.EventListenerMethodProcessor     : No @EventListener annotations found on bean class: org.springframework.boot.autoconfigure.web.servlet.HttpEncodingAutoConfiguration
2024-09-10T20:48:08.752+09:00 TRACE 86442 --- [learn-spring-boot] [           main] o.s.c.e.EventListenerMethodProcessor     : No @EventListener annotations found on bean class: org.springframework.boot.autoconfigure.web.servlet.MultipartAutoConfiguration
2024-09-10T20:48:08.752+09:00 TRACE 86442 --- [learn-spring-boot] [           main] o.s.c.e.EventListenerMethodProcessor     : No @EventListener annotations found on bean class: jakarta.servlet.MultipartConfigElement
2024-09-10T20:48:08.752+09:00 TRACE 86442 --- [learn-spring-boot] [           main] o.s.c.e.EventListenerMethodProcessor     : No @EventListener annotations found on bean class: org.springframework.boot.actuate.autoconfigure.endpoint.web.ServletEndpointManagementContextConfiguration$WebMvcServletEndpointManagementContextConfiguration
2024-09-10T20:48:08.752+09:00 TRACE 86442 --- [learn-spring-boot] [           main] o.s.c.e.EventListenerMethodProcessor     : No @EventListener annotations found on bean class: org.springframework.boot.actuate.autoconfigure.endpoint.web.ServletEndpointManagementContextConfiguration
2024-09-10T20:48:08.753+09:00 TRACE 86442 --- [learn-spring-boot] [           main] o.s.c.e.EventListenerMethodProcessor     : No @EventListener annotations found on bean class: org.springframework.boot.actuate.autoconfigure.endpoint.web.servlet.WebMvcEndpointManagementContextConfiguration
2024-09-10T20:48:08.753+09:00 TRACE 86442 --- [learn-spring-boot] [           main] o.s.c.e.EventListenerMethodProcessor     : No @EventListener annotations found on bean class: org.springframework.boot.actuate.autoconfigure.web.server.ManagementContextAutoConfiguration$SameManagementContextConfiguration$EnableSameManagementContextConfiguration
2024-09-10T20:48:08.753+09:00 TRACE 86442 --- [learn-spring-boot] [           main] o.s.c.e.EventListenerMethodProcessor     : No @EventListener annotations found on bean class: org.springframework.boot.actuate.autoconfigure.web.server.ManagementContextAutoConfiguration$SameManagementContextConfiguration
2024-09-10T20:48:08.753+09:00 TRACE 86442 --- [learn-spring-boot] [           main] o.s.c.e.EventListenerMethodProcessor     : No @EventListener annotations found on bean class: org.springframework.boot.actuate.autoconfigure.web.server.ManagementContextAutoConfiguration
2024-09-10T20:48:08.753+09:00 TRACE 86442 --- [learn-spring-boot] [           main] o.s.b.f.s.DefaultListableBeanFactory     : Returning cached instance of singleton bean 'jvmGcMetrics'
2024-09-10T20:48:08.753+09:00 TRACE 86442 --- [learn-spring-boot] [           main] o.s.b.f.s.DefaultListableBeanFactory     : Returning cached instance of singleton bean 'jvmHeapPressureMetrics'
2024-09-10T20:48:08.753+09:00 TRACE 86442 --- [learn-spring-boot] [           main] o.s.b.f.s.DefaultListableBeanFactory     : Returning cached instance of singleton bean 'jvmMemoryMetrics'
2024-09-10T20:48:08.753+09:00 TRACE 86442 --- [learn-spring-boot] [           main] o.s.b.f.s.DefaultListableBeanFactory     : Returning cached instance of singleton bean 'jvmThreadMetrics'
2024-09-10T20:48:08.753+09:00 TRACE 86442 --- [learn-spring-boot] [           main] o.s.b.f.s.DefaultListableBeanFactory     : Returning cached instance of singleton bean 'classLoaderMetrics'
2024-09-10T20:48:08.753+09:00 TRACE 86442 --- [learn-spring-boot] [           main] o.s.b.f.s.DefaultListableBeanFactory     : Returning cached instance of singleton bean 'jvmInfoMetrics'
2024-09-10T20:48:08.753+09:00 TRACE 86442 --- [learn-spring-boot] [           main] o.s.b.f.s.DefaultListableBeanFactory     : Returning cached instance of singleton bean 'jvmCompilationMetrics'
2024-09-10T20:48:08.753+09:00 TRACE 86442 --- [learn-spring-boot] [           main] o.s.b.f.s.DefaultListableBeanFactory     : Returning cached instance of singleton bean 'logbackMetrics'
2024-09-10T20:48:08.753+09:00 TRACE 86442 --- [learn-spring-boot] [           main] o.s.b.f.s.DefaultListableBeanFactory     : Returning cached instance of singleton bean 'uptimeMetrics'
2024-09-10T20:48:08.753+09:00 TRACE 86442 --- [learn-spring-boot] [           main] o.s.b.f.s.DefaultListableBeanFactory     : Returning cached instance of singleton bean 'processorMetrics'
2024-09-10T20:48:08.753+09:00 TRACE 86442 --- [learn-spring-boot] [           main] o.s.b.f.s.DefaultListableBeanFactory     : Returning cached instance of singleton bean 'fileDescriptorMetrics'
2024-09-10T20:48:08.753+09:00 TRACE 86442 --- [learn-spring-boot] [           main] o.s.b.f.s.DefaultListableBeanFactory     : Returning cached instance of singleton bean 'diskSpaceMetrics'
2024-09-10T20:48:08.753+09:00 TRACE 86442 --- [learn-spring-boot] [           main] o.s.b.f.s.DefaultListableBeanFactory     : Returning cached instance of singleton bean 'jvmGcMetrics'
2024-09-10T20:48:08.753+09:00 TRACE 86442 --- [learn-spring-boot] [           main] o.s.b.f.s.DefaultListableBeanFactory     : Returning cached instance of singleton bean 'jvmHeapPressureMetrics'
2024-09-10T20:48:08.753+09:00 TRACE 86442 --- [learn-spring-boot] [           main] o.s.b.f.s.DefaultListableBeanFactory     : Returning cached instance of singleton bean 'jvmMemoryMetrics'
2024-09-10T20:48:08.753+09:00 TRACE 86442 --- [learn-spring-boot] [           main] o.s.b.f.s.DefaultListableBeanFactory     : Returning cached instance of singleton bean 'jvmThreadMetrics'
2024-09-10T20:48:08.753+09:00 TRACE 86442 --- [learn-spring-boot] [           main] o.s.b.f.s.DefaultListableBeanFactory     : Returning cached instance of singleton bean 'classLoaderMetrics'
2024-09-10T20:48:08.753+09:00 TRACE 86442 --- [learn-spring-boot] [           main] o.s.b.f.s.DefaultListableBeanFactory     : Returning cached instance of singleton bean 'jvmInfoMetrics'
2024-09-10T20:48:08.754+09:00 TRACE 86442 --- [learn-spring-boot] [           main] o.s.b.f.s.DefaultListableBeanFactory     : Returning cached instance of singleton bean 'jvmCompilationMetrics'
2024-09-10T20:48:08.754+09:00 TRACE 86442 --- [learn-spring-boot] [           main] o.s.b.f.s.DefaultListableBeanFactory     : Returning cached instance of singleton bean 'logbackMetrics'
2024-09-10T20:48:08.754+09:00 TRACE 86442 --- [learn-spring-boot] [           main] o.s.b.f.s.DefaultListableBeanFactory     : Returning cached instance of singleton bean 'uptimeMetrics'
2024-09-10T20:48:08.754+09:00 TRACE 86442 --- [learn-spring-boot] [           main] o.s.b.f.s.DefaultListableBeanFactory     : Returning cached instance of singleton bean 'processorMetrics'
2024-09-10T20:48:08.754+09:00 TRACE 86442 --- [learn-spring-boot] [           main] o.s.b.f.s.DefaultListableBeanFactory     : Returning cached instance of singleton bean 'fileDescriptorMetrics'
2024-09-10T20:48:08.754+09:00 TRACE 86442 --- [learn-spring-boot] [           main] o.s.b.f.s.DefaultListableBeanFactory     : Returning cached instance of singleton bean 'diskSpaceMetrics'
2024-09-10T20:48:08.768+09:00 TRACE 86442 --- [learn-spring-boot] [           main] o.s.b.f.s.DefaultListableBeanFactory     : Returning cached instance of singleton bean 'lifecycleProcessor'
2024-09-10T20:48:08.768+09:00 TRACE 86442 --- [learn-spring-boot] [           main] o.s.w.c.s.GenericWebApplicationContext   : Using LifecycleProcessor [org.springframework.context.support.DefaultLifecycleProcessor@5edc3e29]
2024-09-10T20:48:08.768+09:00 TRACE 86442 --- [learn-spring-boot] [           main] o.s.b.f.s.DefaultListableBeanFactory     : Returning cached instance of singleton bean 'applicationTaskExecutor'
2024-09-10T20:48:08.768+09:00 TRACE 86442 --- [learn-spring-boot] [           main] o.s.b.f.s.DefaultListableBeanFactory     : Returning cached instance of singleton bean 'lifecycleProcessor'
2024-09-10T20:48:08.768+09:00 TRACE 86442 --- [learn-spring-boot] [           main] o.s.b.f.s.DefaultListableBeanFactory     : Returning cached instance of singleton bean 'springBootLoggingLifecycle'
2024-09-10T20:48:08.770+09:00 DEBUG 86442 --- [learn-spring-boot] [           main] o.s.c.support.DefaultLifecycleProcessor  : Starting beans in phase -2147483647
2024-09-10T20:48:08.770+09:00 TRACE 86442 --- [learn-spring-boot] [           main] o.s.c.support.DefaultLifecycleProcessor  : Starting bean 'springBootLoggingLifecycle' of type [org.springframework.boot.context.logging.LoggingApplicationListener$Lifecycle]
2024-09-10T20:48:08.770+09:00 DEBUG 86442 --- [learn-spring-boot] [           main] o.s.c.support.DefaultLifecycleProcessor  : Successfully started bean 'springBootLoggingLifecycle'
2024-09-10T20:48:08.770+09:00 DEBUG 86442 --- [learn-spring-boot] [           main] o.s.c.support.DefaultLifecycleProcessor  : Starting beans in phase 1073741823
2024-09-10T20:48:08.771+09:00 TRACE 86442 --- [learn-spring-boot] [           main] o.s.b.f.s.DefaultListableBeanFactory     : Returning cached instance of singleton bean 'org.springframework.boot.autoconfigure.internalCachingMetadataReaderFactory'
2024-09-10T20:48:08.771+09:00 TRACE 86442 --- [learn-spring-boot] [           main] o.s.b.f.s.DefaultListableBeanFactory     : Returning cached instance of singleton bean 'mvcResourceUrlProvider'
2024-09-10T20:48:08.771+09:00 TRACE 86442 --- [learn-spring-boot] [           main] o.s.b.f.s.DefaultListableBeanFactory     : Returning cached instance of singleton bean 'startupTimeMetrics'
2024-09-10T20:48:08.789+09:00 DEBUG 86442 --- [learn-spring-boot] [           main] .s.b.a.l.ConditionEvaluationReportLogger : 


============================
CONDITIONS EVALUATION REPORT
============================


Positive matches:
-----------------

   AopAutoConfiguration matched:
      - @ConditionalOnProperty (spring.aop.auto=true) matched (OnPropertyCondition)

   AopAutoConfiguration.ClassProxyingConfiguration matched:
      - @ConditionalOnMissingClass did not find unwanted class 'org.aspectj.weaver.Advice' (OnClassCondition)
      - @ConditionalOnProperty (spring.aop.proxy-target-class=true) matched (OnPropertyCondition)

   ApplicationAvailabilityAutoConfiguration#applicationAvailability matched:
      - @ConditionalOnMissingBean (types: org.springframework.boot.availability.ApplicationAvailability; SearchStrategy: all) did not find any beans (OnBeanCondition)

   CacheMeterBinderProvidersConfiguration matched:
      - @ConditionalOnClass found required class 'io.micrometer.core.instrument.binder.MeterBinder' (OnClassCondition)

   CompositeMeterRegistryAutoConfiguration matched:
      - @ConditionalOnClass found required class 'io.micrometer.core.instrument.composite.CompositeMeterRegistry' (OnClassCondition)

   DiskSpaceHealthContributorAutoConfiguration matched:
      - @ConditionalOnEnabledHealthIndicator management.health.defaults.enabled is considered true (OnEnabledHealthIndicatorCondition)

   DiskSpaceHealthContributorAutoConfiguration#diskSpaceHealthIndicator matched:
      - @ConditionalOnMissingBean (names: diskSpaceHealthIndicator; SearchStrategy: all) did not find any beans (OnBeanCondition)

   DispatcherServletAutoConfiguration matched:
      - @ConditionalOnClass found required class 'org.springframework.web.servlet.DispatcherServlet' (OnClassCondition)
      - found 'session' scope (OnWebApplicationCondition)

   DispatcherServletAutoConfiguration.DispatcherServletConfiguration matched:
      - @ConditionalOnClass found required class 'jakarta.servlet.ServletRegistration' (OnClassCondition)
      - Default DispatcherServlet did not find dispatcher servlet beans (DispatcherServletAutoConfiguration.DefaultDispatcherServletCondition)

   DispatcherServletAutoConfiguration.DispatcherServletRegistrationConfiguration matched:
      - @ConditionalOnClass found required class 'jakarta.servlet.ServletRegistration' (OnClassCondition)
      - DispatcherServlet Registration did not find servlet registration bean (DispatcherServletAutoConfiguration.DispatcherServletRegistrationCondition)

   DispatcherServletAutoConfiguration.DispatcherServletRegistrationConfiguration#dispatcherServletRegistration matched:
      - @ConditionalOnBean (names: dispatcherServlet types: org.springframework.web.servlet.DispatcherServlet; SearchStrategy: all) found bean 'dispatcherServlet' (OnBeanCondition)

   EndpointAutoConfiguration#endpointCachingOperationInvokerAdvisor matched:
      - @ConditionalOnMissingBean (types: org.springframework.boot.actuate.endpoint.invoker.cache.CachingOperationInvokerAdvisor; SearchStrategy: all) did not find any beans (OnBeanCondition)

   EndpointAutoConfiguration#endpointOperationParameterMapper matched:
      - @ConditionalOnMissingBean (types: org.springframework.boot.actuate.endpoint.invoke.ParameterValueMapper; SearchStrategy: all) did not find any beans (OnBeanCondition)

   ErrorMvcAutoConfiguration matched:
      - @ConditionalOnClass found required classes 'jakarta.servlet.Servlet', 'org.springframework.web.servlet.DispatcherServlet' (OnClassCondition)
      - found 'session' scope (OnWebApplicationCondition)

   ErrorMvcAutoConfiguration#basicErrorController matched:
      - @ConditionalOnMissingBean (types: org.springframework.boot.web.servlet.error.ErrorController; SearchStrategy: current) did not find any beans (OnBeanCondition)

   ErrorMvcAutoConfiguration#errorAttributes matched:
      - @ConditionalOnMissingBean (types: org.springframework.boot.web.servlet.error.ErrorAttributes; SearchStrategy: current) did not find any beans (OnBeanCondition)

   ErrorMvcAutoConfiguration.DefaultErrorViewResolverConfiguration#conventionErrorViewResolver matched:
      - @ConditionalOnBean (types: org.springframework.web.servlet.DispatcherServlet; SearchStrategy: all) found bean 'dispatcherServlet'; @ConditionalOnMissingBean (types: org.springframework.boot.autoconfigure.web.servlet.error.ErrorViewResolver; SearchStrategy: all) did not find any beans (OnBeanCondition)

   ErrorMvcAutoConfiguration.WhitelabelErrorViewConfiguration matched:
      - @ConditionalOnProperty (server.error.whitelabel.enabled) matched (OnPropertyCondition)
      - ErrorTemplate Missing did not find error template view (ErrorMvcAutoConfiguration.ErrorTemplateMissingCondition)

   ErrorMvcAutoConfiguration.WhitelabelErrorViewConfiguration#beanNameViewResolver matched:
      - @ConditionalOnMissingBean (types: org.springframework.web.servlet.view.BeanNameViewResolver; SearchStrategy: all) did not find any beans (OnBeanCondition)

   ErrorMvcAutoConfiguration.WhitelabelErrorViewConfiguration#defaultErrorView matched:
      - @ConditionalOnMissingBean (names: error; SearchStrategy: all) did not find any beans (OnBeanCondition)

   GenericCacheConfiguration matched:
      - Cache org.springframework.boot.autoconfigure.cache.GenericCacheConfiguration automatic cache type (CacheCondition)

   HealthContributorAutoConfiguration#pingHealthContributor matched:
      - @ConditionalOnEnabledHealthIndicator management.health.defaults.enabled is considered true (OnEnabledHealthIndicatorCondition)

   HealthEndpointAutoConfiguration matched:
      - @ConditionalOnAvailableEndpoint marked as exposed by a 'management.endpoints.web.exposure' property (OnAvailableEndpointCondition)

   HealthEndpointConfiguration#healthContributorRegistry matched:
      - @ConditionalOnMissingBean (types: org.springframework.boot.actuate.health.HealthContributorRegistry; SearchStrategy: all) did not find any beans (OnBeanCondition)

   HealthEndpointConfiguration#healthEndpoint matched:
      - @ConditionalOnMissingBean (types: org.springframework.boot.actuate.health.HealthEndpoint; SearchStrategy: all) did not find any beans (OnBeanCondition)

   HealthEndpointConfiguration#healthEndpointGroupMembershipValidator matched:
      - @ConditionalOnProperty (management.endpoint.health.validate-group-membership=true) matched (OnPropertyCondition)

   HealthEndpointConfiguration#healthEndpointGroups matched:
      - @ConditionalOnMissingBean (types: org.springframework.boot.actuate.health.HealthEndpointGroups; SearchStrategy: all) did not find any beans (OnBeanCondition)

   HealthEndpointConfiguration#healthHttpCodeStatusMapper matched:
      - @ConditionalOnMissingBean (types: org.springframework.boot.actuate.health.HttpCodeStatusMapper; SearchStrategy: all) did not find any beans (OnBeanCondition)

   HealthEndpointConfiguration#healthStatusAggregator matched:
      - @ConditionalOnMissingBean (types: org.springframework.boot.actuate.health.StatusAggregator; SearchStrategy: all) did not find any beans (OnBeanCondition)

   HealthEndpointWebExtensionConfiguration matched:
      - found 'session' scope (OnWebApplicationCondition)
      - @ConditionalOnAvailableEndpoint marked as exposed by a 'management.endpoints.web.exposure' property (OnAvailableEndpointCondition)
      - @ConditionalOnBean (types: org.springframework.boot.actuate.health.HealthEndpoint; SearchStrategy: all) found bean 'healthEndpoint' (OnBeanCondition)

   HealthEndpointWebExtensionConfiguration#healthEndpointWebExtension matched:
      - @ConditionalOnMissingBean (types: org.springframework.boot.actuate.health.HealthEndpointWebExtension; SearchStrategy: all) did not find any beans (OnBeanCondition)

   HealthEndpointWebExtensionConfiguration.MvcAdditionalHealthEndpointPathsConfiguration matched:
      - @ConditionalOnBean (types: org.springframework.web.servlet.DispatcherServlet; SearchStrategy: all) found bean 'dispatcherServlet' (OnBeanCondition)

   HttpClientObservationsAutoConfiguration matched:
      - @ConditionalOnClass found required class 'io.micrometer.observation.Observation' (OnClassCondition)
      - @ConditionalOnBean (types: io.micrometer.observation.ObservationRegistry; SearchStrategy: all) found bean 'observationRegistry' (OnBeanCondition)

   HttpClientObservationsAutoConfiguration.MeterFilterConfiguration matched:
      - @ConditionalOnClass found required class 'io.micrometer.core.instrument.MeterRegistry' (OnClassCondition)
      - @ConditionalOnBean (types: io.micrometer.core.instrument.MeterRegistry; SearchStrategy: all) found bean 'simpleMeterRegistry' (OnBeanCondition)

   HttpEncodingAutoConfiguration matched:
      - @ConditionalOnClass found required class 'org.springframework.web.filter.CharacterEncodingFilter' (OnClassCondition)
      - found 'session' scope (OnWebApplicationCondition)
      - @ConditionalOnProperty (server.servlet.encoding.enabled) matched (OnPropertyCondition)

   HttpEncodingAutoConfiguration#characterEncodingFilter matched:
      - @ConditionalOnMissingBean (types: org.springframework.web.filter.CharacterEncodingFilter; SearchStrategy: all) did not find any beans (OnBeanCondition)

   HttpMessageConvertersAutoConfiguration matched:
      - @ConditionalOnClass found required class 'org.springframework.http.converter.HttpMessageConverter' (OnClassCondition)
      - NoneNestedConditions 0 matched 1 did not; NestedCondition on HttpMessageConvertersAutoConfiguration.NotReactiveWebApplicationCondition.ReactiveWebApplication did not find reactive web application classes (HttpMessageConvertersAutoConfiguration.NotReactiveWebApplicationCondition)

   HttpMessageConvertersAutoConfiguration#messageConverters matched:
      - @ConditionalOnMissingBean (types: org.springframework.boot.autoconfigure.http.HttpMessageConverters; SearchStrategy: all) did not find any beans (OnBeanCondition)

   HttpMessageConvertersAutoConfiguration.StringHttpMessageConverterConfiguration matched:
      - @ConditionalOnClass found required class 'org.springframework.http.converter.StringHttpMessageConverter' (OnClassCondition)

   HttpMessageConvertersAutoConfiguration.StringHttpMessageConverterConfiguration#stringHttpMessageConverter matched:
      - @ConditionalOnMissingBean (types: org.springframework.http.converter.StringHttpMessageConverter; SearchStrategy: all) did not find any beans (OnBeanCondition)

   JacksonAutoConfiguration matched:
      - @ConditionalOnClass found required class 'com.fasterxml.jackson.databind.ObjectMapper' (OnClassCondition)

   JacksonAutoConfiguration.Jackson2ObjectMapperBuilderCustomizerConfiguration matched:
      - @ConditionalOnClass found required class 'org.springframework.http.converter.json.Jackson2ObjectMapperBuilder' (OnClassCondition)

   JacksonAutoConfiguration.JacksonObjectMapperBuilderConfiguration matched:
      - @ConditionalOnClass found required class 'org.springframework.http.converter.json.Jackson2ObjectMapperBuilder' (OnClassCondition)

   JacksonAutoConfiguration.JacksonObjectMapperBuilderConfiguration#jacksonObjectMapperBuilder matched:
      - @ConditionalOnMissingBean (types: org.springframework.http.converter.json.Jackson2ObjectMapperBuilder; SearchStrategy: all) did not find any beans (OnBeanCondition)

   JacksonAutoConfiguration.JacksonObjectMapperConfiguration matched:
      - @ConditionalOnClass found required class 'org.springframework.http.converter.json.Jackson2ObjectMapperBuilder' (OnClassCondition)

   JacksonAutoConfiguration.JacksonObjectMapperConfiguration#jacksonObjectMapper matched:
      - @ConditionalOnMissingBean (types: com.fasterxml.jackson.databind.ObjectMapper; SearchStrategy: all) did not find any beans (OnBeanCondition)

   JacksonAutoConfiguration.ParameterNamesModuleConfiguration matched:
      - @ConditionalOnClass found required class 'com.fasterxml.jackson.module.paramnames.ParameterNamesModule' (OnClassCondition)

   JacksonAutoConfiguration.ParameterNamesModuleConfiguration#parameterNamesModule matched:
      - @ConditionalOnMissingBean (types: com.fasterxml.jackson.module.paramnames.ParameterNamesModule; SearchStrategy: all) did not find any beans (OnBeanCondition)

   JacksonEndpointAutoConfiguration#endpointObjectMapper matched:
      - @ConditionalOnClass found required classes 'com.fasterxml.jackson.databind.ObjectMapper', 'org.springframework.http.converter.json.Jackson2ObjectMapperBuilder' (OnClassCondition)
      - @ConditionalOnProperty (management.endpoints.jackson.isolated-object-mapper) matched (OnPropertyCondition)

   JacksonHttpMessageConvertersConfiguration.MappingJackson2HttpMessageConverterConfiguration matched:
      - @ConditionalOnClass found required class 'com.fasterxml.jackson.databind.ObjectMapper' (OnClassCondition)
      - @ConditionalOnProperty (spring.mvc.converters.preferred-json-mapper=jackson) matched (OnPropertyCondition)
      - @ConditionalOnBean (types: com.fasterxml.jackson.databind.ObjectMapper; SearchStrategy: all) found bean 'jacksonObjectMapper' (OnBeanCondition)

   JacksonHttpMessageConvertersConfiguration.MappingJackson2HttpMessageConverterConfiguration#mappingJackson2HttpMessageConverter matched:
      - @ConditionalOnMissingBean (types: org.springframework.http.converter.json.MappingJackson2HttpMessageConverter ignored: org.springframework.hateoas.server.mvc.TypeConstrainedMappingJackson2HttpMessageConverter,org.springframework.data.rest.webmvc.alps.AlpsJsonHttpMessageConverter; SearchStrategy: all) did not find any beans (OnBeanCondition)

   JvmMetricsAutoConfiguration matched:
      - @ConditionalOnClass found required class 'io.micrometer.core.instrument.MeterRegistry' (OnClassCondition)
      - @ConditionalOnBean (types: io.micrometer.core.instrument.MeterRegistry; SearchStrategy: all) found bean 'simpleMeterRegistry' (OnBeanCondition)

   JvmMetricsAutoConfiguration#classLoaderMetrics matched:
      - @ConditionalOnMissingBean (types: io.micrometer.core.instrument.binder.jvm.ClassLoaderMetrics; SearchStrategy: all) did not find any beans (OnBeanCondition)

   JvmMetricsAutoConfiguration#jvmCompilationMetrics matched:
      - @ConditionalOnMissingBean (types: io.micrometer.core.instrument.binder.jvm.JvmCompilationMetrics; SearchStrategy: all) did not find any beans (OnBeanCondition)

   JvmMetricsAutoConfiguration#jvmGcMetrics matched:
      - @ConditionalOnMissingBean (types: io.micrometer.core.instrument.binder.jvm.JvmGcMetrics; SearchStrategy: all) did not find any beans (OnBeanCondition)

   JvmMetricsAutoConfiguration#jvmHeapPressureMetrics matched:
      - @ConditionalOnMissingBean (types: io.micrometer.core.instrument.binder.jvm.JvmHeapPressureMetrics; SearchStrategy: all) did not find any beans (OnBeanCondition)

   JvmMetricsAutoConfiguration#jvmInfoMetrics matched:
      - @ConditionalOnMissingBean (types: io.micrometer.core.instrument.binder.jvm.JvmInfoMetrics; SearchStrategy: all) did not find any beans (OnBeanCondition)

   JvmMetricsAutoConfiguration#jvmMemoryMetrics matched:
      - @ConditionalOnMissingBean (types: io.micrometer.core.instrument.binder.jvm.JvmMemoryMetrics; SearchStrategy: all) did not find any beans (OnBeanCondition)

   JvmMetricsAutoConfiguration#jvmThreadMetrics matched:
      - @ConditionalOnMissingBean (types: io.micrometer.core.instrument.binder.jvm.JvmThreadMetrics; SearchStrategy: all) did not find any beans (OnBeanCondition)

   LifecycleAutoConfiguration#defaultLifecycleProcessor matched:
      - @ConditionalOnMissingBean (names: lifecycleProcessor; SearchStrategy: current) did not find any beans (OnBeanCondition)

   LogbackMetricsAutoConfiguration matched:
      - @ConditionalOnClass found required classes 'io.micrometer.core.instrument.MeterRegistry', 'ch.qos.logback.classic.LoggerContext', 'org.slf4j.LoggerFactory' (OnClassCondition)
      - LogbackLoggingCondition ILoggerFactory is a Logback LoggerContext (LogbackMetricsAutoConfiguration.LogbackLoggingCondition)
      - @ConditionalOnBean (types: io.micrometer.core.instrument.MeterRegistry; SearchStrategy: all) found bean 'simpleMeterRegistry' (OnBeanCondition)

   LogbackMetricsAutoConfiguration#logbackMetrics matched:
      - @ConditionalOnMissingBean (types: io.micrometer.core.instrument.binder.logging.LogbackMetrics; SearchStrategy: all) did not find any beans (OnBeanCondition)

   ManagementContextAutoConfiguration.SameManagementContextConfiguration matched:
      - Management Port actual port type (SAME) matched required type (OnManagementPortCondition)

   MetricsAutoConfiguration matched:
      - @ConditionalOnClass found required class 'io.micrometer.core.annotation.Timed' (OnClassCondition)

   MetricsAutoConfiguration#micrometerClock matched:
      - @ConditionalOnMissingBean (types: io.micrometer.core.instrument.Clock; SearchStrategy: all) did not find any beans (OnBeanCondition)

   MultipartAutoConfiguration matched:
      - @ConditionalOnClass found required classes 'jakarta.servlet.Servlet', 'org.springframework.web.multipart.support.StandardServletMultipartResolver', 'jakarta.servlet.MultipartConfigElement' (OnClassCondition)
      - found 'session' scope (OnWebApplicationCondition)
      - @ConditionalOnProperty (spring.servlet.multipart.enabled) matched (OnPropertyCondition)

   MultipartAutoConfiguration#multipartConfigElement matched:
      - @ConditionalOnMissingBean (types: jakarta.servlet.MultipartConfigElement; SearchStrategy: all) did not find any beans (OnBeanCondition)

   MultipartAutoConfiguration#multipartResolver matched:
      - @ConditionalOnMissingBean (types: org.springframework.web.multipart.MultipartResolver; SearchStrategy: all) did not find any beans (OnBeanCondition)

   NoOpCacheConfiguration matched:
      - Cache org.springframework.boot.autoconfigure.cache.NoOpCacheConfiguration automatic cache type (CacheCondition)

   ObservationAutoConfiguration matched:
      - @ConditionalOnClass found required class 'io.micrometer.observation.ObservationRegistry' (OnClassCondition)

   ObservationAutoConfiguration#observationRegistry matched:
      - @ConditionalOnMissingBean (types: io.micrometer.observation.ObservationRegistry; SearchStrategy: all) did not find any beans (OnBeanCondition)

   ObservationAutoConfiguration.MeterObservationHandlerConfiguration matched:
      - @ConditionalOnBean (types: io.micrometer.core.instrument.MeterRegistry; SearchStrategy: all) found bean 'simpleMeterRegistry'; @ConditionalOnMissingBean (types: io.micrometer.core.instrument.observation.MeterObservationHandler; SearchStrategy: all) did not find any beans (OnBeanCondition)

   ObservationAutoConfiguration.MeterObservationHandlerConfiguration.OnlyMetricsMeterObservationHandlerConfiguration matched:
      - @ConditionalOnMissingBean (types: io.micrometer.tracing.Tracer; SearchStrategy: all) did not find any beans (OnBeanCondition)

   ObservationAutoConfiguration.OnlyMetricsConfiguration matched:
      - @ConditionalOnClass found required class 'io.micrometer.core.instrument.MeterRegistry'; @ConditionalOnMissingClass did not find unwanted class 'io.micrometer.tracing.Tracer' (OnClassCondition)

   PropertyPlaceholderAutoConfiguration#propertySourcesPlaceholderConfigurer matched:
      - @ConditionalOnMissingBean (types: org.springframework.context.support.PropertySourcesPlaceholderConfigurer; SearchStrategy: current) did not find any beans (OnBeanCondition)

   RestClientAutoConfiguration matched:
      - @ConditionalOnClass found required class 'org.springframework.web.client.RestClient' (OnClassCondition)
      - NoneNestedConditions 0 matched 1 did not; NestedCondition on NotReactiveWebApplicationCondition.ReactiveWebApplication did not find reactive web application classes (NotReactiveWebApplicationCondition)

   RestClientAutoConfiguration#httpMessageConvertersRestClientCustomizer matched:
      - @ConditionalOnMissingBean (types: org.springframework.boot.autoconfigure.web.client.HttpMessageConvertersRestClientCustomizer; SearchStrategy: all) did not find any beans (OnBeanCondition)

   RestClientAutoConfiguration#restClientBuilder matched:
      - @ConditionalOnMissingBean (types: org.springframework.web.client.RestClient$Builder; SearchStrategy: all) did not find any beans (OnBeanCondition)

   RestClientAutoConfiguration#restClientBuilderConfigurer matched:
      - @ConditionalOnMissingBean (types: org.springframework.boot.autoconfigure.web.client.RestClientBuilderConfigurer; SearchStrategy: all) did not find any beans (OnBeanCondition)

   RestClientAutoConfiguration#restClientSsl matched:
      - @ConditionalOnBean (types: org.springframework.boot.ssl.SslBundles; SearchStrategy: all) found bean 'sslBundleRegistry'; @ConditionalOnMissingBean (types: org.springframework.boot.autoconfigure.web.client.RestClientSsl; SearchStrategy: all) did not find any beans (OnBeanCondition)

   RestClientObservationConfiguration matched:
      - @ConditionalOnClass found required class 'org.springframework.web.client.RestClient' (OnClassCondition)
      - @ConditionalOnBean (types: org.springframework.web.client.RestClient$Builder; SearchStrategy: all) found bean 'restClientBuilder' (OnBeanCondition)

   RestTemplateAutoConfiguration matched:
      - @ConditionalOnClass found required class 'org.springframework.web.client.RestTemplate' (OnClassCondition)
      - NoneNestedConditions 0 matched 1 did not; NestedCondition on NotReactiveWebApplicationCondition.ReactiveWebApplication did not find reactive web application classes (NotReactiveWebApplicationCondition)

   RestTemplateAutoConfiguration#restTemplateBuilder matched:
      - @ConditionalOnMissingBean (types: org.springframework.boot.web.client.RestTemplateBuilder; SearchStrategy: all) did not find any beans (OnBeanCondition)

   RestTemplateObservationConfiguration matched:
      - @ConditionalOnClass found required class 'org.springframework.web.client.RestTemplate' (OnClassCondition)
      - @ConditionalOnBean (types: org.springframework.boot.web.client.RestTemplateBuilder; SearchStrategy: all) found bean 'restTemplateBuilder' (OnBeanCondition)

   ScheduledTasksObservabilityAutoConfiguration matched:
      - @ConditionalOnClass found required class 'org.springframework.scheduling.concurrent.ThreadPoolTaskScheduler' (OnClassCondition)
      - @ConditionalOnBean (types: io.micrometer.observation.ObservationRegistry; SearchStrategy: all) found bean 'observationRegistry' (OnBeanCondition)

   ServletEndpointManagementContextConfiguration matched:
      - found 'session' scope (OnWebApplicationCondition)

   ServletEndpointManagementContextConfiguration.WebMvcServletEndpointManagementContextConfiguration matched:
      - @ConditionalOnClass found required class 'org.springframework.web.servlet.DispatcherServlet' (OnClassCondition)

   ServletManagementContextAutoConfiguration matched:
      - @ConditionalOnClass found required class 'jakarta.servlet.Servlet' (OnClassCondition)
      - found 'session' scope (OnWebApplicationCondition)

   ServletWebServerFactoryAutoConfiguration matched:
      - @ConditionalOnClass found required class 'jakarta.servlet.ServletRequest' (OnClassCondition)
      - found 'session' scope (OnWebApplicationCondition)

   ServletWebServerFactoryAutoConfiguration#tomcatServletWebServerFactoryCustomizer matched:
      - @ConditionalOnClass found required class 'org.apache.catalina.startup.Tomcat' (OnClassCondition)

   ServletWebServerFactoryConfiguration.EmbeddedTomcat matched:
      - @ConditionalOnClass found required classes 'jakarta.servlet.Servlet', 'org.apache.catalina.startup.Tomcat', 'org.apache.coyote.UpgradeProtocol' (OnClassCondition)
      - @ConditionalOnMissingBean (types: org.springframework.boot.web.servlet.server.ServletWebServerFactory; SearchStrategy: current) did not find any beans (OnBeanCondition)

   SimpleCacheConfiguration matched:
      - Cache org.springframework.boot.autoconfigure.cache.SimpleCacheConfiguration automatic cache type (CacheCondition)

   SimpleMetricsExportAutoConfiguration matched:
      - @ConditionalOnEnabledMetricsExport management.simple.metrics.export.enabled is true (OnMetricsExportEnabledCondition)
      - @ConditionalOnBean (types: io.micrometer.core.instrument.Clock; SearchStrategy: all) found bean 'micrometerClock'; @ConditionalOnMissingBean (types: io.micrometer.core.instrument.MeterRegistry; SearchStrategy: all) did not find any beans (OnBeanCondition)

   SimpleMetricsExportAutoConfiguration#simpleConfig matched:
      - @ConditionalOnMissingBean (types: io.micrometer.core.instrument.simple.SimpleConfig; SearchStrategy: all) did not find any beans (OnBeanCondition)

   SqlInitializationAutoConfiguration matched:
      - @ConditionalOnProperty (spring.sql.init.enabled) matched (OnPropertyCondition)
      - NoneNestedConditions 0 matched 1 did not; NestedCondition on SqlInitializationAutoConfiguration.SqlInitializationModeCondition.ModeIsNever @ConditionalOnProperty (spring.sql.init.mode=never) did not find property 'mode' (SqlInitializationAutoConfiguration.SqlInitializationModeCondition)

   SslAutoConfiguration#sslBundleRegistry matched:
      - @ConditionalOnMissingBean (types: org.springframework.boot.ssl.SslBundleRegistry,org.springframework.boot.ssl.SslBundles; SearchStrategy: all) did not find any beans (OnBeanCondition)

   SslHealthContributorAutoConfiguration matched:
      - @ConditionalOnEnabledHealthIndicator management.health.defaults.enabled is considered true (OnEnabledHealthIndicatorCondition)

   SslHealthContributorAutoConfiguration#sslHealthIndicator matched:
      - @ConditionalOnMissingBean (names: sslHealthIndicator; SearchStrategy: all) did not find any beans (OnBeanCondition)

   SslHealthContributorAutoConfiguration#sslInfo matched:
      - @ConditionalOnMissingBean (types: org.springframework.boot.info.SslInfo; SearchStrategy: all) did not find any beans (OnBeanCondition)

   StartupTimeMetricsListenerAutoConfiguration matched:
      - @ConditionalOnClass found required class 'io.micrometer.core.instrument.MeterRegistry' (OnClassCondition)
      - @ConditionalOnBean (types: io.micrometer.core.instrument.MeterRegistry; SearchStrategy: all) found bean 'simpleMeterRegistry' (OnBeanCondition)

   StartupTimeMetricsListenerAutoConfiguration#startupTimeMetrics matched:
      - @ConditionalOnMissingBean (types: org.springframework.boot.actuate.metrics.startup.StartupTimeMetricsListener; SearchStrategy: all) did not find any beans (OnBeanCondition)

   SystemMetricsAutoConfiguration matched:
      - @ConditionalOnClass found required class 'io.micrometer.core.instrument.MeterRegistry' (OnClassCondition)
      - @ConditionalOnBean (types: io.micrometer.core.instrument.MeterRegistry; SearchStrategy: all) found bean 'simpleMeterRegistry' (OnBeanCondition)

   SystemMetricsAutoConfiguration#diskSpaceMetrics matched:
      - @ConditionalOnMissingBean (types: org.springframework.boot.actuate.metrics.system.DiskSpaceMetricsBinder; SearchStrategy: all) did not find any beans (OnBeanCondition)

   SystemMetricsAutoConfiguration#fileDescriptorMetrics matched:
      - @ConditionalOnMissingBean (types: io.micrometer.core.instrument.binder.system.FileDescriptorMetrics; SearchStrategy: all) did not find any beans (OnBeanCondition)

   SystemMetricsAutoConfiguration#processorMetrics matched:
      - @ConditionalOnMissingBean (types: io.micrometer.core.instrument.binder.system.ProcessorMetrics; SearchStrategy: all) did not find any beans (OnBeanCondition)

   SystemMetricsAutoConfiguration#uptimeMetrics matched:
      - @ConditionalOnMissingBean (types: io.micrometer.core.instrument.binder.system.UptimeMetrics; SearchStrategy: all) did not find any beans (OnBeanCondition)

   TaskExecutionAutoConfiguration matched:
      - @ConditionalOnClass found required class 'org.springframework.scheduling.concurrent.ThreadPoolTaskExecutor' (OnClassCondition)

   TaskExecutorConfigurations.SimpleAsyncTaskExecutorBuilderConfiguration#simpleAsyncTaskExecutorBuilder matched:
      - @ConditionalOnMissingBean (types: org.springframework.boot.task.SimpleAsyncTaskExecutorBuilder; SearchStrategy: all) did not find any beans (OnBeanCondition)
      - @ConditionalOnThreading found PLATFORM (OnThreadingCondition)

   TaskExecutorConfigurations.TaskExecutorConfiguration matched:
      - @ConditionalOnMissingBean (types: java.util.concurrent.Executor; SearchStrategy: all) did not find any beans (OnBeanCondition)

   TaskExecutorConfigurations.TaskExecutorConfiguration#applicationTaskExecutor matched:
      - @ConditionalOnThreading found PLATFORM (OnThreadingCondition)

   TaskExecutorConfigurations.ThreadPoolTaskExecutorBuilderConfiguration#threadPoolTaskExecutorBuilder matched:
      - @ConditionalOnMissingBean (types: org.springframework.boot.task.ThreadPoolTaskExecutorBuilder; SearchStrategy: all) did not find any beans (OnBeanCondition)

   TaskExecutorMetricsAutoConfiguration matched:
      - @ConditionalOnClass found required class 'io.micrometer.core.instrument.binder.jvm.ExecutorServiceMetrics' (OnClassCondition)
      - @ConditionalOnBean (types: java.util.concurrent.Executor,io.micrometer.core.instrument.MeterRegistry; SearchStrategy: all) found beans 'applicationTaskExecutor', 'simpleMeterRegistry' (OnBeanCondition)

   TaskSchedulingAutoConfiguration matched:
      - @ConditionalOnClass found required class 'org.springframework.scheduling.concurrent.ThreadPoolTaskScheduler' (OnClassCondition)

   TaskSchedulingConfigurations.SimpleAsyncTaskSchedulerBuilderConfiguration#simpleAsyncTaskSchedulerBuilder matched:
      - @ConditionalOnMissingBean (types: org.springframework.boot.task.SimpleAsyncTaskSchedulerBuilder; SearchStrategy: all) did not find any beans (OnBeanCondition)
      - @ConditionalOnThreading found PLATFORM (OnThreadingCondition)

   TaskSchedulingConfigurations.ThreadPoolTaskSchedulerBuilderConfiguration#threadPoolTaskSchedulerBuilder matched:
      - @ConditionalOnMissingBean (types: org.springframework.boot.task.ThreadPoolTaskSchedulerBuilder; SearchStrategy: all) did not find any beans (OnBeanCondition)

   TomcatMetricsAutoConfiguration matched:
      - @ConditionalOnClass found required classes 'io.micrometer.core.instrument.binder.tomcat.TomcatMetrics', 'org.apache.catalina.Manager' (OnClassCondition)
      - @ConditionalOnWebApplication (required) found 'session' scope (OnWebApplicationCondition)

   TomcatMetricsAutoConfiguration#tomcatMetricsBinder matched:
      - @ConditionalOnBean (types: io.micrometer.core.instrument.MeterRegistry; SearchStrategy: all) found bean 'simpleMeterRegistry'; @ConditionalOnMissingBean (types: io.micrometer.core.instrument.binder.tomcat.TomcatMetrics,org.springframework.boot.actuate.metrics.web.tomcat.TomcatMetricsBinder; SearchStrategy: all) did not find any beans (OnBeanCondition)

   WebEndpointAutoConfiguration matched:
      - @ConditionalOnWebApplication (required) found 'session' scope (OnWebApplicationCondition)

   WebEndpointAutoConfiguration#controllerEndpointDiscoverer matched:
      - @ConditionalOnMissingBean (types: org.springframework.boot.actuate.endpoint.web.annotation.ControllerEndpointsSupplier; SearchStrategy: all) did not find any beans (OnBeanCondition)

   WebEndpointAutoConfiguration#endpointMediaTypes matched:
      - @ConditionalOnMissingBean (types: org.springframework.boot.actuate.endpoint.web.EndpointMediaTypes; SearchStrategy: all) did not find any beans (OnBeanCondition)

   WebEndpointAutoConfiguration#pathMappedEndpoints matched:
      - @ConditionalOnMissingBean (types: org.springframework.boot.actuate.endpoint.web.PathMappedEndpoints; SearchStrategy: all) did not find any beans (OnBeanCondition)

   WebEndpointAutoConfiguration#webEndpointDiscoverer matched:
      - @ConditionalOnMissingBean (types: org.springframework.boot.actuate.endpoint.web.WebEndpointsSupplier; SearchStrategy: all) did not find any beans (OnBeanCondition)

   WebEndpointAutoConfiguration.WebEndpointServletConfiguration matched:
      - found 'session' scope (OnWebApplicationCondition)

   WebEndpointAutoConfiguration.WebEndpointServletConfiguration#servletEndpointDiscoverer matched:
      - @ConditionalOnMissingBean (types: org.springframework.boot.actuate.endpoint.web.annotation.ServletEndpointsSupplier; SearchStrategy: all) did not find any beans (OnBeanCondition)

   WebMvcAutoConfiguration matched:
      - @ConditionalOnClass found required classes 'jakarta.servlet.Servlet', 'org.springframework.web.servlet.DispatcherServlet', 'org.springframework.web.servlet.config.annotation.WebMvcConfigurer' (OnClassCondition)
      - found 'session' scope (OnWebApplicationCondition)
      - @ConditionalOnMissingBean (types: org.springframework.web.servlet.config.annotation.WebMvcConfigurationSupport; SearchStrategy: all) did not find any beans (OnBeanCondition)

   WebMvcAutoConfiguration#formContentFilter matched:
      - @ConditionalOnProperty (spring.mvc.formcontent.filter.enabled) matched (OnPropertyCondition)
      - @ConditionalOnMissingBean (types: org.springframework.web.filter.FormContentFilter; SearchStrategy: all) did not find any beans (OnBeanCondition)

   WebMvcAutoConfiguration.EnableWebMvcConfiguration#flashMapManager matched:
      - @ConditionalOnMissingBean (names: flashMapManager; SearchStrategy: all) did not find any beans (OnBeanCondition)

   WebMvcAutoConfiguration.EnableWebMvcConfiguration#localeResolver matched:
      - @ConditionalOnMissingBean (names: localeResolver; SearchStrategy: all) did not find any beans (OnBeanCondition)

   WebMvcAutoConfiguration.EnableWebMvcConfiguration#themeResolver matched:
      - @ConditionalOnMissingBean (names: themeResolver; SearchStrategy: all) did not find any beans (OnBeanCondition)

   WebMvcAutoConfiguration.EnableWebMvcConfiguration#viewNameTranslator matched:
      - @ConditionalOnMissingBean (names: viewNameTranslator; SearchStrategy: all) did not find any beans (OnBeanCondition)

   WebMvcAutoConfiguration.WebMvcAutoConfigurationAdapter#defaultViewResolver matched:
      - @ConditionalOnMissingBean (types: org.springframework.web.servlet.view.InternalResourceViewResolver; SearchStrategy: all) did not find any beans (OnBeanCondition)

   WebMvcAutoConfiguration.WebMvcAutoConfigurationAdapter#requestContextFilter matched:
      - @ConditionalOnMissingBean (types: org.springframework.web.context.request.RequestContextListener,org.springframework.web.filter.RequestContextFilter; SearchStrategy: all) did not find any beans (OnBeanCondition)

   WebMvcAutoConfiguration.WebMvcAutoConfigurationAdapter#viewResolver matched:
      - @ConditionalOnBean (types: org.springframework.web.servlet.ViewResolver; SearchStrategy: all) found beans 'defaultViewResolver', 'beanNameViewResolver', 'mvcViewResolver'; @ConditionalOnMissingBean (names: viewResolver types: org.springframework.web.servlet.view.ContentNegotiatingViewResolver; SearchStrategy: all) did not find any beans (OnBeanCondition)

   WebMvcEndpointManagementContextConfiguration matched:
      - @ConditionalOnClass found required class 'org.springframework.web.servlet.DispatcherServlet' (OnClassCondition)
      - found 'session' scope (OnWebApplicationCondition)
      - @ConditionalOnBean (types: org.springframework.web.servlet.DispatcherServlet,org.springframework.boot.actuate.endpoint.web.WebEndpointsSupplier; SearchStrategy: all) found beans 'webEndpointDiscoverer', 'dispatcherServlet' (OnBeanCondition)

   WebMvcEndpointManagementContextConfiguration#controllerEndpointHandlerMapping matched:
      - @ConditionalOnMissingBean (types: org.springframework.boot.actuate.endpoint.web.servlet.ControllerEndpointHandlerMapping; SearchStrategy: all) did not find any beans (OnBeanCondition)

   WebMvcEndpointManagementContextConfiguration#endpointObjectMapperWebMvcConfigurer matched:
      - @ConditionalOnBean (types: org.springframework.boot.actuate.endpoint.jackson.EndpointObjectMapper; SearchStrategy: all) found bean 'endpointObjectMapper' (OnBeanCondition)

   WebMvcEndpointManagementContextConfiguration#webEndpointServletHandlerMapping matched:
      - @ConditionalOnMissingBean (types: org.springframework.boot.actuate.endpoint.web.servlet.WebMvcEndpointHandlerMapping; SearchStrategy: all) did not find any beans (OnBeanCondition)

   WebMvcObservationAutoConfiguration matched:
      - @ConditionalOnClass found required classes 'org.springframework.web.servlet.DispatcherServlet', 'io.micrometer.observation.Observation' (OnClassCondition)
      - found 'session' scope (OnWebApplicationCondition)
      - @ConditionalOnBean (types: io.micrometer.observation.ObservationRegistry; SearchStrategy: all) found bean 'observationRegistry' (OnBeanCondition)

   WebMvcObservationAutoConfiguration#webMvcObservationFilter matched:
      - @ConditionalOnMissingBean (types: org.springframework.web.filter.ServerHttpObservationFilter; SearchStrategy: all) did not find any beans (OnBeanCondition)

   WebMvcObservationAutoConfiguration.MeterFilterConfiguration matched:
      - @ConditionalOnClass found required class 'io.micrometer.core.instrument.MeterRegistry' (OnClassCondition)
      - @ConditionalOnBean (types: io.micrometer.core.instrument.MeterRegistry; SearchStrategy: all) found bean 'simpleMeterRegistry' (OnBeanCondition)

   WebSocketServletAutoConfiguration matched:
      - @ConditionalOnClass found required classes 'jakarta.servlet.Servlet', 'jakarta.websocket.server.ServerContainer' (OnClassCondition)
      - found 'session' scope (OnWebApplicationCondition)

   WebSocketServletAutoConfiguration.TomcatWebSocketConfiguration matched:
      - @ConditionalOnClass found required classes 'org.apache.catalina.startup.Tomcat', 'org.apache.tomcat.websocket.server.WsSci' (OnClassCondition)

   WebSocketServletAutoConfiguration.TomcatWebSocketConfiguration#websocketServletWebServerCustomizer matched:
      - @ConditionalOnMissingBean (names: websocketServletWebServerCustomizer; SearchStrategy: all) did not find any beans (OnBeanCondition)


Negative matches:
-----------------

   ActiveMQAutoConfiguration:
      Did not match:
         - @ConditionalOnClass did not find required class 'jakarta.jms.ConnectionFactory' (OnClassCondition)

   AopAutoConfiguration.AspectJAutoProxyingConfiguration:
      Did not match:
         - @ConditionalOnClass did not find required class 'org.aspectj.weaver.Advice' (OnClassCondition)

   AppOpticsMetricsExportAutoConfiguration:
      Did not match:
         - @ConditionalOnClass did not find required class 'io.micrometer.appoptics.AppOpticsMeterRegistry' (OnClassCondition)

   ArtemisAutoConfiguration:
      Did not match:
         - @ConditionalOnClass did not find required class 'jakarta.jms.ConnectionFactory' (OnClassCondition)

   AtlasMetricsExportAutoConfiguration:
      Did not match:
         - @ConditionalOnClass did not find required class 'io.micrometer.atlas.AtlasMeterRegistry' (OnClassCondition)

   AuditAutoConfiguration:
      Did not match:
         - @ConditionalOnBean (types: org.springframework.boot.actuate.audit.AuditEventRepository; SearchStrategy: all) did not find any beans of type org.springframework.boot.actuate.audit.AuditEventRepository (OnBeanCondition)
      Matched:
         - @ConditionalOnProperty (management.auditevents.enabled) matched (OnPropertyCondition)

   AuditEventsEndpointAutoConfiguration:
      Did not match:
         - @ConditionalOnAvailableEndpoint not enabled or exposed (OnAvailableEndpointCondition)

   AvailabilityHealthContributorAutoConfiguration#livenessStateHealthIndicator:
      Did not match:
         - @ConditionalOnProperty (management.health.livenessstate.enabled=true) did not find property 'enabled' (OnPropertyCondition)

   AvailabilityHealthContributorAutoConfiguration#readinessStateHealthIndicator:
      Did not match:
         - @ConditionalOnProperty (management.health.readinessstate.enabled=true) did not find property 'enabled' (OnPropertyCondition)

   AvailabilityProbesAutoConfiguration:
      Did not match:
         - Probes availability not running on a supported cloud platform (AvailabilityProbesAutoConfiguration.ProbesCondition)

   BatchAutoConfiguration:
      Did not match:
         - @ConditionalOnClass did not find required class 'org.springframework.batch.core.launch.JobLauncher' (OnClassCondition)

   BatchObservationAutoConfiguration:
      Did not match:
         - @ConditionalOnClass did not find required class 'org.springframework.batch.core.configuration.annotation.BatchObservabilityBeanPostProcessor' (OnClassCondition)

   BeansEndpointAutoConfiguration:
      Did not match:
         - @ConditionalOnAvailableEndpoint not enabled or exposed (OnAvailableEndpointCondition)

   BraveAutoConfiguration:
      Did not match:
         - @ConditionalOnClass did not find required class 'brave.Tracer' (OnClassCondition)

   Cache2kCacheConfiguration:
      Did not match:
         - @ConditionalOnClass did not find required class 'org.cache2k.Cache2kBuilder' (OnClassCondition)

   CacheAutoConfiguration:
      Did not match:
         - @ConditionalOnBean (types: org.springframework.cache.interceptor.CacheAspectSupport; SearchStrategy: all) did not find any beans of type org.springframework.cache.interceptor.CacheAspectSupport (OnBeanCondition)
      Matched:
         - @ConditionalOnClass found required class 'org.springframework.cache.CacheManager' (OnClassCondition)

   CacheAutoConfiguration.CacheManagerEntityManagerFactoryDependsOnPostProcessor:
      Did not match:
         - @ConditionalOnClass did not find required class 'org.springframework.orm.jpa.LocalContainerEntityManagerFactoryBean' (OnClassCondition)
         - Ancestor org.springframework.boot.autoconfigure.cache.CacheAutoConfiguration did not match (ConditionEvaluationReport.AncestorsMatchedCondition)

   CacheMeterBinderProvidersConfiguration.Cache2kCacheMeterBinderProviderConfiguration:
      Did not match:
         - @ConditionalOnClass did not find required classes 'org.cache2k.Cache2kBuilder', 'org.cache2k.extra.spring.SpringCache2kCache', 'org.cache2k.extra.micrometer.Cache2kCacheMetrics' (OnClassCondition)

   CacheMeterBinderProvidersConfiguration.CaffeineCacheMeterBinderProviderConfiguration:
      Did not match:
         - @ConditionalOnClass did not find required classes 'org.springframework.cache.caffeine.CaffeineCache', 'com.github.benmanes.caffeine.cache.Cache' (OnClassCondition)

   CacheMeterBinderProvidersConfiguration.HazelcastCacheMeterBinderProviderConfiguration:
      Did not match:
         - @ConditionalOnClass did not find required classes 'com.hazelcast.spring.cache.HazelcastCache', 'com.hazelcast.core.Hazelcast' (OnClassCondition)

   CacheMeterBinderProvidersConfiguration.JCacheCacheMeterBinderProviderConfiguration:
      Did not match:
         - @ConditionalOnClass did not find required classes 'org.springframework.cache.jcache.JCacheCache', 'javax.cache.CacheManager' (OnClassCondition)

   CacheMeterBinderProvidersConfiguration.RedisCacheMeterBinderProviderConfiguration:
      Did not match:
         - @ConditionalOnClass did not find required class 'org.springframework.data.redis.cache.RedisCache' (OnClassCondition)

   CacheMetricsAutoConfiguration:
      Did not match:
         - @ConditionalOnBean (types: org.springframework.cache.CacheManager; SearchStrategy: all) did not find any beans of type org.springframework.cache.CacheManager (OnBeanCondition)

   CachesEndpointAutoConfiguration:
      Did not match:
         - @ConditionalOnAvailableEndpoint not enabled or exposed (OnAvailableEndpointCondition)
      Matched:
         - @ConditionalOnClass found required class 'org.springframework.cache.CacheManager' (OnClassCondition)

   CaffeineCacheConfiguration:
      Did not match:
         - @ConditionalOnClass did not find required class 'com.github.benmanes.caffeine.cache.Caffeine' (OnClassCondition)

   CassandraAutoConfiguration:
      Did not match:
         - @ConditionalOnClass did not find required class 'com.datastax.oss.driver.api.core.CqlSession' (OnClassCondition)

   CassandraDataAutoConfiguration:
      Did not match:
         - @ConditionalOnClass did not find required class 'com.datastax.oss.driver.api.core.CqlSession' (OnClassCondition)

   CassandraHealthContributorAutoConfiguration:
      Did not match:
         - @ConditionalOnClass did not find required class 'com.datastax.oss.driver.api.core.CqlSession' (OnClassCondition)

   CassandraReactiveDataAutoConfiguration:
      Did not match:
         - @ConditionalOnClass did not find required class 'com.datastax.oss.driver.api.core.CqlSession' (OnClassCondition)

   CassandraReactiveHealthContributorAutoConfiguration:
      Did not match:
         - @ConditionalOnClass did not find required class 'com.datastax.oss.driver.api.core.CqlSession' (OnClassCondition)

   CassandraReactiveRepositoriesAutoConfiguration:
      Did not match:
         - @ConditionalOnClass did not find required class 'org.springframework.data.cassandra.ReactiveSession' (OnClassCondition)

   CassandraRepositoriesAutoConfiguration:
      Did not match:
         - @ConditionalOnClass did not find required class 'com.datastax.oss.driver.api.core.CqlSession' (OnClassCondition)

   ClientHttpConnectorAutoConfiguration:
      Did not match:
         - @ConditionalOnClass did not find required class 'org.springframework.web.reactive.function.client.WebClient' (OnClassCondition)

   CloudFoundryActuatorAutoConfiguration:
      Did not match:
         - @ConditionalOnCloudPlatform did not find CLOUD_FOUNDRY (OnCloudPlatformCondition)
      Matched:
         - @ConditionalOnClass found required class 'org.springframework.web.servlet.DispatcherServlet' (OnClassCondition)
         - found 'session' scope (OnWebApplicationCondition)
         - @ConditionalOnProperty (management.cloudfoundry.enabled) matched (OnPropertyCondition)

   CodecsAutoConfiguration:
      Did not match:
         - @ConditionalOnClass did not find required class 'org.springframework.web.reactive.function.client.WebClient' (OnClassCondition)

   CompositeMeterRegistryConfiguration:
      Did not match:
         - NoneNestedConditions 1 matched 1 did not; NestedCondition on CompositeMeterRegistryConfiguration.MultipleNonPrimaryMeterRegistriesCondition.SingleInjectableMeterRegistry @ConditionalOnSingleCandidate (types: io.micrometer.core.instrument.MeterRegistry; SearchStrategy: all) found a single bean 'simpleMeterRegistry'; NestedCondition on CompositeMeterRegistryConfiguration.MultipleNonPrimaryMeterRegistriesCondition.NoMeterRegistryCondition @ConditionalOnMissingBean (types: io.micrometer.core.instrument.MeterRegistry; SearchStrategy: all) found beans of type 'io.micrometer.core.instrument.MeterRegistry' simpleMeterRegistry (CompositeMeterRegistryConfiguration.MultipleNonPrimaryMeterRegistriesCondition)

   ConditionsReportEndpointAutoConfiguration:
      Did not match:
         - @ConditionalOnAvailableEndpoint not enabled or exposed (OnAvailableEndpointCondition)

   ConfigurationPropertiesReportEndpointAutoConfiguration:
      Did not match:
         - @ConditionalOnAvailableEndpoint not enabled or exposed (OnAvailableEndpointCondition)

   ConnectionFactoryHealthContributorAutoConfiguration:
      Did not match:
         - @ConditionalOnClass did not find required class 'io.r2dbc.spi.ConnectionFactory' (OnClassCondition)

   ConnectionPoolMetricsAutoConfiguration:
      Did not match:
         - @ConditionalOnClass did not find required class 'io.r2dbc.pool.ConnectionPool' (OnClassCondition)

   CouchbaseAutoConfiguration:
      Did not match:
         - @ConditionalOnClass did not find required class 'com.couchbase.client.java.Cluster' (OnClassCondition)

   CouchbaseCacheConfiguration:
      Did not match:
         - @ConditionalOnClass did not find required class 'com.couchbase.client.java.Cluster' (OnClassCondition)

   CouchbaseDataAutoConfiguration:
      Did not match:
         - @ConditionalOnClass did not find required class 'com.couchbase.client.java.Bucket' (OnClassCondition)

   CouchbaseHealthContributorAutoConfiguration:
      Did not match:
         - @ConditionalOnClass did not find required class 'com.couchbase.client.java.Cluster' (OnClassCondition)

   CouchbaseReactiveDataAutoConfiguration:
      Did not match:
         - @ConditionalOnClass did not find required class 'com.couchbase.client.java.Cluster' (OnClassCondition)

   CouchbaseReactiveHealthContributorAutoConfiguration:
      Did not match:
         - @ConditionalOnClass did not find required class 'com.couchbase.client.java.Cluster' (OnClassCondition)

   CouchbaseReactiveRepositoriesAutoConfiguration:
      Did not match:
         - @ConditionalOnClass did not find required class 'com.couchbase.client.java.Cluster' (OnClassCondition)

   CouchbaseRepositoriesAutoConfiguration:
      Did not match:
         - @ConditionalOnClass did not find required class 'com.couchbase.client.java.Bucket' (OnClassCondition)

   DataSourceAutoConfiguration:
      Did not match:
         - @ConditionalOnClass did not find required class 'org.springframework.jdbc.datasource.embedded.EmbeddedDatabaseType' (OnClassCondition)

   DataSourceHealthContributorAutoConfiguration:
      Did not match:
         - @ConditionalOnClass did not find required class 'org.springframework.jdbc.core.JdbcTemplate' (OnClassCondition)

   DataSourceInitializationConfiguration:
      Did not match:
         - @ConditionalOnClass did not find required class 'org.springframework.jdbc.datasource.init.DatabasePopulator' (OnClassCondition)

   DataSourcePoolMetricsAutoConfiguration:
      Did not match:
         - @ConditionalOnBean (types: javax.sql.DataSource,io.micrometer.core.instrument.MeterRegistry; SearchStrategy: all) did not find any beans of type javax.sql.DataSource (OnBeanCondition)
      Matched:
         - @ConditionalOnClass found required classes 'javax.sql.DataSource', 'io.micrometer.core.instrument.MeterRegistry' (OnClassCondition)

   DataSourcePoolMetricsAutoConfiguration.HikariDataSourceMetricsConfiguration:
      Did not match:
         - @ConditionalOnClass did not find required class 'com.zaxxer.hikari.HikariDataSource' (OnClassCondition)
         - Ancestor org.springframework.boot.actuate.autoconfigure.metrics.jdbc.DataSourcePoolMetricsAutoConfiguration did not match (ConditionEvaluationReport.AncestorsMatchedCondition)

   DataSourceTransactionManagerAutoConfiguration:
      Did not match:
         - @ConditionalOnClass did not find required class 'org.springframework.jdbc.core.JdbcTemplate' (OnClassCondition)

   DatadogMetricsExportAutoConfiguration:
      Did not match:
         - @ConditionalOnClass did not find required class 'io.micrometer.datadog.DatadogMeterRegistry' (OnClassCondition)

   DevToolsDataSourceAutoConfiguration:
      Did not match:
         - Devtools devtools is disabled for current context. (OnEnabledDevToolsCondition)
      Matched:
         - @ConditionalOnClass found required class 'javax.sql.DataSource' (OnClassCondition)

   DevToolsR2dbcAutoConfiguration:
      Did not match:
         - @ConditionalOnClass did not find required class 'io.r2dbc.spi.ConnectionFactory' (OnClassCondition)

   DispatcherServletAutoConfiguration.DispatcherServletConfiguration#multipartResolver:
      Did not match:
         - @ConditionalOnBean (types: org.springframework.web.multipart.MultipartResolver; SearchStrategy: all) did not find any beans of type org.springframework.web.multipart.MultipartResolver (OnBeanCondition)

   DynatraceMetricsExportAutoConfiguration:
      Did not match:
         - @ConditionalOnClass did not find required class 'io.micrometer.dynatrace.DynatraceMeterRegistry' (OnClassCondition)

   ElasticMetricsExportAutoConfiguration:
      Did not match:
         - @ConditionalOnClass did not find required class 'io.micrometer.elastic.ElasticMeterRegistry' (OnClassCondition)

   ElasticsearchClientAutoConfiguration:
      Did not match:
         - @ConditionalOnClass did not find required class 'co.elastic.clients.elasticsearch.ElasticsearchClient' (OnClassCondition)

   ElasticsearchDataAutoConfiguration:
      Did not match:
         - @ConditionalOnClass did not find required class 'org.springframework.data.elasticsearch.client.elc.ElasticsearchTemplate' (OnClassCondition)

   ElasticsearchReactiveHealthContributorAutoConfiguration:
      Did not match:
         - @ConditionalOnClass did not find required class 'reactor.core.publisher.Flux' (OnClassCondition)

   ElasticsearchRepositoriesAutoConfiguration:
      Did not match:
         - @ConditionalOnClass did not find required class 'org.springframework.data.elasticsearch.repository.ElasticsearchRepository' (OnClassCondition)

   ElasticsearchRestClientAutoConfiguration:
      Did not match:
         - @ConditionalOnClass did not find required class 'org.elasticsearch.client.RestClientBuilder' (OnClassCondition)

   ElasticsearchRestHealthContributorAutoConfiguration:
      Did not match:
         - @ConditionalOnClass did not find required class 'org.elasticsearch.client.RestClient' (OnClassCondition)

   EmbeddedLdapAutoConfiguration:
      Did not match:
         - @ConditionalOnClass did not find required class 'com.unboundid.ldap.listener.InMemoryDirectoryServer' (OnClassCondition)

   EmbeddedWebServerFactoryCustomizerAutoConfiguration:
      Did not match:
         - Application is deployed as a WAR file. (OnWarDeploymentCondition)
      Matched:
         - @ConditionalOnWebApplication (required) found 'session' scope (OnWebApplicationCondition)

   EnvironmentEndpointAutoConfiguration:
      Did not match:
         - @ConditionalOnAvailableEndpoint not enabled or exposed (OnAvailableEndpointCondition)

   ErrorWebFluxAutoConfiguration:
      Did not match:
         - @ConditionalOnClass did not find required class 'org.springframework.web.reactive.config.WebFluxConfigurer' (OnClassCondition)

   FlywayAutoConfiguration:
      Did not match:
         - @ConditionalOnClass did not find required class 'org.flywaydb.core.Flyway' (OnClassCondition)

   FlywayEndpointAutoConfiguration:
      Did not match:
         - @ConditionalOnClass did not find required class 'org.flywaydb.core.Flyway' (OnClassCondition)

   FreeMarkerAutoConfiguration:
      Did not match:
         - @ConditionalOnClass did not find required class 'freemarker.template.Configuration' (OnClassCondition)

   GangliaMetricsExportAutoConfiguration:
      Did not match:
         - @ConditionalOnClass did not find required class 'io.micrometer.ganglia.GangliaMeterRegistry' (OnClassCondition)

   GraphQlAutoConfiguration:
      Did not match:
         - @ConditionalOnClass did not find required class 'graphql.GraphQL' (OnClassCondition)

   GraphQlObservationAutoConfiguration:
      Did not match:
         - @ConditionalOnClass did not find required class 'graphql.GraphQL' (OnClassCondition)

   GraphQlQueryByExampleAutoConfiguration:
      Did not match:
         - @ConditionalOnClass did not find required class 'graphql.GraphQL' (OnClassCondition)

   GraphQlQuerydslAutoConfiguration:
      Did not match:
         - @ConditionalOnClass did not find required class 'com.querydsl.core.Query' (OnClassCondition)

   GraphQlRSocketAutoConfiguration:
      Did not match:
         - @ConditionalOnClass did not find required class 'graphql.GraphQL' (OnClassCondition)

   GraphQlReactiveQueryByExampleAutoConfiguration:
      Did not match:
         - @ConditionalOnClass did not find required class 'graphql.GraphQL' (OnClassCondition)

   GraphQlReactiveQuerydslAutoConfiguration:
      Did not match:
         - @ConditionalOnClass did not find required class 'com.querydsl.core.Query' (OnClassCondition)

   GraphQlWebFluxAutoConfiguration:
      Did not match:
         - @ConditionalOnClass did not find required class 'graphql.GraphQL' (OnClassCondition)

   GraphQlWebFluxSecurityAutoConfiguration:
      Did not match:
         - @ConditionalOnClass did not find required class 'graphql.GraphQL' (OnClassCondition)

   GraphQlWebMvcAutoConfiguration:
      Did not match:
         - @ConditionalOnClass did not find required class 'graphql.GraphQL' (OnClassCondition)

   GraphQlWebMvcSecurityAutoConfiguration:
      Did not match:
         - @ConditionalOnClass did not find required class 'graphql.GraphQL' (OnClassCondition)

   GraphiteMetricsExportAutoConfiguration:
      Did not match:
         - @ConditionalOnClass did not find required class 'io.micrometer.graphite.GraphiteMeterRegistry' (OnClassCondition)

   GroovyTemplateAutoConfiguration:
      Did not match:
         - @ConditionalOnClass did not find required class 'groovy.text.markup.MarkupTemplateEngine' (OnClassCondition)

   GsonAutoConfiguration:
      Did not match:
         - @ConditionalOnClass did not find required class 'com.google.gson.Gson' (OnClassCondition)

   GsonHttpMessageConvertersConfiguration:
      Did not match:
         - @ConditionalOnClass did not find required class 'com.google.gson.Gson' (OnClassCondition)

   H2ConsoleAutoConfiguration:
      Did not match:
         - @ConditionalOnClass did not find required class 'org.h2.server.web.JakartaWebServlet' (OnClassCondition)

   HazelcastAutoConfiguration:
      Did not match:
         - @ConditionalOnClass did not find required class 'com.hazelcast.core.HazelcastInstance' (OnClassCondition)

   HazelcastCacheConfiguration:
      Did not match:
         - @ConditionalOnClass did not find required class 'com.hazelcast.core.HazelcastInstance' (OnClassCondition)

   HazelcastHealthContributorAutoConfiguration:
      Did not match:
         - @ConditionalOnClass did not find required class 'com.hazelcast.core.HazelcastInstance' (OnClassCondition)

   HazelcastJpaDependencyAutoConfiguration:
      Did not match:
         - @ConditionalOnClass did not find required class 'com.hazelcast.core.HazelcastInstance' (OnClassCondition)

   HealthEndpointReactiveWebExtensionConfiguration:
      Did not match:
         - did not find reactive web application classes (OnWebApplicationCondition)

   HealthEndpointWebExtensionConfiguration.JerseyAdditionalHealthEndpointPathsConfiguration:
      Did not match:
         - @ConditionalOnClass did not find required class 'org.glassfish.jersey.server.ResourceConfig' (OnClassCondition)

   HeapDumpWebEndpointAutoConfiguration:
      Did not match:
         - @ConditionalOnAvailableEndpoint not enabled or exposed (OnAvailableEndpointCondition)

   HibernateJpaAutoConfiguration:
      Did not match:
         - @ConditionalOnClass did not find required class 'jakarta.persistence.EntityManager' (OnClassCondition)

   HibernateMetricsAutoConfiguration:
      Did not match:
         - @ConditionalOnClass did not find required class 'jakarta.persistence.EntityManagerFactory' (OnClassCondition)

   HttpExchangesAutoConfiguration:
      Did not match:
         - @ConditionalOnBean (types: org.springframework.boot.actuate.web.exchanges.HttpExchangeRepository; SearchStrategy: all) did not find any beans of type org.springframework.boot.actuate.web.exchanges.HttpExchangeRepository (OnBeanCondition)
      Matched:
         - @ConditionalOnWebApplication (required) found 'session' scope (OnWebApplicationCondition)
         - @ConditionalOnProperty (management.httpexchanges.recording.enabled) matched (OnPropertyCondition)

   HttpExchangesAutoConfiguration.ReactiveHttpExchangesConfiguration:
      Did not match:
         - did not find reactive web application classes (OnWebApplicationCondition)
         - Ancestor org.springframework.boot.actuate.autoconfigure.web.exchanges.HttpExchangesAutoConfiguration did not match (ConditionEvaluationReport.AncestorsMatchedCondition)

   HttpExchangesAutoConfiguration.ServletHttpExchangesConfiguration:
      Did not match:
         - Ancestor org.springframework.boot.actuate.autoconfigure.web.exchanges.HttpExchangesAutoConfiguration did not match (ConditionEvaluationReport.AncestorsMatchedCondition)
      Matched:
         - found 'session' scope (OnWebApplicationCondition)

   HttpExchangesEndpointAutoConfiguration:
      Did not match:
         - @ConditionalOnAvailableEndpoint not enabled or exposed (OnAvailableEndpointCondition)

   HttpHandlerAutoConfiguration:
      Did not match:
         - @ConditionalOnClass did not find required class 'org.springframework.web.reactive.DispatcherHandler' (OnClassCondition)

   HumioMetricsExportAutoConfiguration:
      Did not match:
         - @ConditionalOnClass did not find required class 'io.micrometer.humio.HumioMeterRegistry' (OnClassCondition)

   HypermediaAutoConfiguration:
      Did not match:
         - @ConditionalOnClass did not find required class 'org.springframework.hateoas.EntityModel' (OnClassCondition)

   InfinispanCacheConfiguration:
      Did not match:
         - @ConditionalOnClass did not find required class 'org.infinispan.spring.embedded.provider.SpringEmbeddedCacheManager' (OnClassCondition)

   InfluxMetricsExportAutoConfiguration:
      Did not match:
         - @ConditionalOnClass did not find required class 'io.micrometer.influx.InfluxMeterRegistry' (OnClassCondition)

   InfoContributorAutoConfiguration#buildInfoContributor:
      Did not match:
         - @ConditionalOnSingleCandidate (types: org.springframework.boot.info.BuildProperties; SearchStrategy: all) did not find any beans (OnBeanCondition)
      Matched:
         - @ConditionalOnEnabledInfoContributor management.info.defaults.enabled is considered true (OnEnabledInfoContributorCondition)

   InfoContributorAutoConfiguration#envInfoContributor:
      Did not match:
         - @ConditionalOnEnabledInfoContributor management.info.env.enabled is not true (OnEnabledInfoContributorCondition)

   InfoContributorAutoConfiguration#gitInfoContributor:
      Did not match:
         - @ConditionalOnSingleCandidate (types: org.springframework.boot.info.GitProperties; SearchStrategy: all) did not find any beans (OnBeanCondition)
      Matched:
         - @ConditionalOnEnabledInfoContributor management.info.defaults.enabled is considered true (OnEnabledInfoContributorCondition)

   InfoContributorAutoConfiguration#javaInfoContributor:
      Did not match:
         - @ConditionalOnEnabledInfoContributor management.info.java.enabled is not true (OnEnabledInfoContributorCondition)

   InfoContributorAutoConfiguration#osInfoContributor:
      Did not match:
         - @ConditionalOnEnabledInfoContributor management.info.os.enabled is not true (OnEnabledInfoContributorCondition)

   InfoContributorAutoConfiguration#processInfoContributor:
      Did not match:
         - @ConditionalOnEnabledInfoContributor management.info.process.enabled is not true (OnEnabledInfoContributorCondition)

   InfoContributorAutoConfiguration#sslInfo:
      Did not match:
         - @ConditionalOnEnabledInfoContributor management.info.ssl.enabled is not true (OnEnabledInfoContributorCondition)
      Matched:
         - @ConditionalOnMissingBean (types: org.springframework.boot.info.SslInfo; SearchStrategy: all) did not find any beans (OnBeanCondition)

   InfoContributorAutoConfiguration#sslInfoContributor:
      Did not match:
         - @ConditionalOnEnabledInfoContributor management.info.ssl.enabled is not true (OnEnabledInfoContributorCondition)

   InfoEndpointAutoConfiguration:
      Did not match:
         - @ConditionalOnAvailableEndpoint not enabled or exposed (OnAvailableEndpointCondition)

   IntegrationAutoConfiguration:
      Did not match:
         - @ConditionalOnClass did not find required class 'org.springframework.integration.config.EnableIntegration' (OnClassCondition)

   IntegrationGraphEndpointAutoConfiguration:
      Did not match:
         - @ConditionalOnClass did not find required class 'org.springframework.integration.graph.IntegrationGraphServer' (OnClassCondition)

   JCacheCacheConfiguration:
      Did not match:
         - @ConditionalOnClass did not find required class 'javax.cache.Caching' (OnClassCondition)

   JacksonHttpMessageConvertersConfiguration.MappingJackson2XmlHttpMessageConverterConfiguration:
      Did not match:
         - @ConditionalOnClass did not find required class 'com.fasterxml.jackson.dataformat.xml.XmlMapper' (OnClassCondition)

   JdbcClientAutoConfiguration:
      Did not match:
         - @ConditionalOnSingleCandidate did not find required type 'org.springframework.jdbc.core.namedparam.NamedParameterJdbcTemplate' (OnBeanCondition)

   JdbcRepositoriesAutoConfiguration:
      Did not match:
         - @ConditionalOnClass did not find required class 'org.springframework.data.jdbc.repository.config.AbstractJdbcConfiguration' (OnClassCondition)

   JdbcTemplateAutoConfiguration:
      Did not match:
         - @ConditionalOnClass did not find required class 'org.springframework.jdbc.core.JdbcTemplate' (OnClassCondition)

   JerseyAutoConfiguration:
      Did not match:
         - @ConditionalOnClass did not find required class 'org.glassfish.jersey.server.spring.SpringComponentProvider' (OnClassCondition)

   JerseySameManagementContextConfiguration:
      Did not match:
         - @ConditionalOnClass did not find required class 'org.glassfish.jersey.server.ResourceConfig' (OnClassCondition)

   JerseyServerMetricsAutoConfiguration:
      Did not match:
         - @ConditionalOnClass did not find required class 'org.glassfish.jersey.micrometer.server.ObservationApplicationEventListener' (OnClassCondition)

   JerseyWebEndpointManagementContextConfiguration:
      Did not match:
         - @ConditionalOnClass did not find required class 'org.glassfish.jersey.server.ResourceConfig' (OnClassCondition)

   JettyMetricsAutoConfiguration:
      Did not match:
         - @ConditionalOnClass did not find required class 'org.eclipse.jetty.server.Server' (OnClassCondition)

   JmsAutoConfiguration:
      Did not match:
         - @ConditionalOnClass did not find required class 'jakarta.jms.Message' (OnClassCondition)

   JmsHealthContributorAutoConfiguration:
      Did not match:
         - @ConditionalOnClass did not find required class 'jakarta.jms.ConnectionFactory' (OnClassCondition)

   JmxAutoConfiguration:
      Did not match:
         - @ConditionalOnProperty (spring.jmx.enabled=true) found different value in property 'enabled' (OnPropertyCondition)
      Matched:
         - @ConditionalOnClass found required class 'org.springframework.jmx.export.MBeanExporter' (OnClassCondition)

   JmxEndpointAutoConfiguration:
      Did not match:
         - @ConditionalOnProperty (spring.jmx.enabled=true) found different value in property 'enabled' (OnPropertyCondition)

   JmxMetricsExportAutoConfiguration:
      Did not match:
         - @ConditionalOnClass did not find required class 'io.micrometer.jmx.JmxMeterRegistry' (OnClassCondition)

   JndiConnectionFactoryAutoConfiguration:
      Did not match:
         - @ConditionalOnClass did not find required class 'org.springframework.jms.core.JmsTemplate' (OnClassCondition)

   JndiDataSourceAutoConfiguration:
      Did not match:
         - @ConditionalOnClass did not find required class 'org.springframework.jdbc.datasource.embedded.EmbeddedDatabaseType' (OnClassCondition)

   JooqAutoConfiguration:
      Did not match:
         - @ConditionalOnClass did not find required class 'org.jooq.DSLContext' (OnClassCondition)

   JpaRepositoriesAutoConfiguration:
      Did not match:
         - @ConditionalOnClass did not find required class 'org.springframework.data.jpa.repository.JpaRepository' (OnClassCondition)

   JsonbAutoConfiguration:
      Did not match:
         - @ConditionalOnClass did not find required class 'jakarta.json.bind.Jsonb' (OnClassCondition)

   JsonbHttpMessageConvertersConfiguration:
      Did not match:
         - @ConditionalOnClass did not find required class 'jakarta.json.bind.Jsonb' (OnClassCondition)

   JtaAutoConfiguration:
      Did not match:
         - @ConditionalOnClass did not find required class 'jakarta.transaction.Transaction' (OnClassCondition)

   KafkaAutoConfiguration:
      Did not match:
         - @ConditionalOnClass did not find required class 'org.springframework.kafka.core.KafkaTemplate' (OnClassCondition)

   KafkaMetricsAutoConfiguration:
      Did not match:
         - @ConditionalOnClass did not find required class 'org.springframework.kafka.core.ProducerFactory' (OnClassCondition)

   KairosMetricsExportAutoConfiguration:
      Did not match:
         - @ConditionalOnClass did not find required class 'io.micrometer.kairos.KairosMeterRegistry' (OnClassCondition)

   LdapAutoConfiguration:
      Did not match:
         - @ConditionalOnClass did not find required class 'org.springframework.ldap.core.ContextSource' (OnClassCondition)

   LdapHealthContributorAutoConfiguration:
      Did not match:
         - @ConditionalOnClass did not find required class 'org.springframework.ldap.core.LdapOperations' (OnClassCondition)

   LdapRepositoriesAutoConfiguration:
      Did not match:
         - @ConditionalOnClass did not find required class 'org.springframework.data.ldap.repository.LdapRepository' (OnClassCondition)

   LettuceMetricsAutoConfiguration:
      Did not match:
         - @ConditionalOnClass did not find required class 'io.lettuce.core.metrics.MicrometerCommandLatencyRecorder' (OnClassCondition)

   LiquibaseAutoConfiguration:
      Did not match:
         - @ConditionalOnClass did not find required class 'liquibase.change.DatabaseChange' (OnClassCondition)

   LiquibaseEndpointAutoConfiguration:
      Did not match:
         - @ConditionalOnClass did not find required class 'liquibase.integration.spring.SpringLiquibase' (OnClassCondition)

   LocalDevToolsAutoConfiguration:
      Did not match:
         - Initialized Restarter Condition initialized without URLs (OnInitializedRestarterCondition)

   Log4J2MetricsAutoConfiguration:
      Did not match:
         - @ConditionalOnClass did not find required class 'org.apache.logging.log4j.core.LoggerContext' (OnClassCondition)

   LogFileWebEndpointAutoConfiguration:
      Did not match:
         - @ConditionalOnAvailableEndpoint not enabled or exposed (OnAvailableEndpointCondition)

   LoggersEndpointAutoConfiguration:
      Did not match:
         - @ConditionalOnAvailableEndpoint not enabled or exposed (OnAvailableEndpointCondition)

   MailHealthContributorAutoConfiguration:
      Did not match:
         - @ConditionalOnClass did not find required class 'org.springframework.mail.javamail.JavaMailSenderImpl' (OnClassCondition)

   MailSenderAutoConfiguration:
      Did not match:
         - @ConditionalOnClass did not find required class 'jakarta.mail.internet.MimeMessage' (OnClassCondition)

   MailSenderValidatorAutoConfiguration:
      Did not match:
         - @ConditionalOnSingleCandidate did not find required type 'org.springframework.mail.javamail.JavaMailSenderImpl' (OnBeanCondition)

   ManagementContextAutoConfiguration.DifferentManagementContextConfiguration:
      Did not match:
         - Management Port actual port type (SAME) did not match required type (DIFFERENT) (OnManagementPortCondition)

   ManagementWebSecurityAutoConfiguration:
      Did not match:
         - AllNestedConditions 1 matched 1 did not; NestedCondition on DefaultWebSecurityCondition.Beans @ConditionalOnMissingBean (types: org.springframework.security.web.SecurityFilterChain; SearchStrategy: all) did not find any beans; NestedCondition on DefaultWebSecurityCondition.Classes @ConditionalOnClass did not find required classes 'org.springframework.security.web.SecurityFilterChain', 'org.springframework.security.config.annotation.web.builders.HttpSecurity' (DefaultWebSecurityCondition)
      Matched:
         - found 'session' scope (OnWebApplicationCondition)

   MappingsEndpointAutoConfiguration:
      Did not match:
         - @ConditionalOnAvailableEndpoint not enabled or exposed (OnAvailableEndpointCondition)

   MessageSourceAutoConfiguration:
      Did not match:
         - ResourceBundle did not find bundle with basename messages (MessageSourceAutoConfiguration.ResourceBundleCondition)

   MetricsAspectsAutoConfiguration:
      Did not match:
         - @ConditionalOnClass did not find required class 'org.aspectj.weaver.Advice' (OnClassCondition)

   MetricsEndpointAutoConfiguration:
      Did not match:
         - @ConditionalOnAvailableEndpoint not enabled or exposed (OnAvailableEndpointCondition)
      Matched:
         - @ConditionalOnClass found required class 'io.micrometer.core.annotation.Timed' (OnClassCondition)

   MicrometerTracingAutoConfiguration:
      Did not match:
         - @ConditionalOnClass did not find required class 'io.micrometer.tracing.Tracer' (OnClassCondition)

   MongoAutoConfiguration:
      Did not match:
         - @ConditionalOnClass did not find required class 'com.mongodb.client.MongoClient' (OnClassCondition)

   MongoDataAutoConfiguration:
      Did not match:
         - @ConditionalOnClass did not find required class 'com.mongodb.client.MongoClient' (OnClassCondition)

   MongoHealthContributorAutoConfiguration:
      Did not match:
         - @ConditionalOnClass did not find required class 'org.springframework.data.mongodb.core.MongoTemplate' (OnClassCondition)

   MongoMetricsAutoConfiguration:
      Did not match:
         - @ConditionalOnClass did not find required class 'com.mongodb.MongoClientSettings' (OnClassCondition)

   MongoReactiveAutoConfiguration:
      Did not match:
         - @ConditionalOnClass did not find required class 'com.mongodb.reactivestreams.client.MongoClient' (OnClassCondition)

   MongoReactiveDataAutoConfiguration:
      Did not match:
         - @ConditionalOnClass did not find required class 'com.mongodb.reactivestreams.client.MongoClient' (OnClassCondition)

   MongoReactiveHealthContributorAutoConfiguration:
      Did not match:
         - @ConditionalOnClass did not find required class 'reactor.core.publisher.Flux' (OnClassCondition)

   MongoReactiveRepositoriesAutoConfiguration:
      Did not match:
         - @ConditionalOnClass did not find required class 'com.mongodb.reactivestreams.client.MongoClient' (OnClassCondition)

   MongoRepositoriesAutoConfiguration:
      Did not match:
         - @ConditionalOnClass did not find required class 'com.mongodb.client.MongoClient' (OnClassCondition)

   MustacheAutoConfiguration:
      Did not match:
         - @ConditionalOnClass did not find required class 'com.samskivert.mustache.Mustache' (OnClassCondition)

   Neo4jAutoConfiguration:
      Did not match:
         - @ConditionalOnClass did not find required class 'org.neo4j.driver.Driver' (OnClassCondition)

   Neo4jDataAutoConfiguration:
      Did not match:
         - @ConditionalOnClass did not find required class 'org.neo4j.driver.Driver' (OnClassCondition)

   Neo4jHealthContributorAutoConfiguration:
      Did not match:
         - @ConditionalOnClass did not find required class 'org.neo4j.driver.Driver' (OnClassCondition)

   Neo4jReactiveDataAutoConfiguration:
      Did not match:
         - @ConditionalOnClass did not find required class 'org.neo4j.driver.Driver' (OnClassCondition)

   Neo4jReactiveRepositoriesAutoConfiguration:
      Did not match:
         - @ConditionalOnClass did not find required class 'org.neo4j.driver.Driver' (OnClassCondition)

   Neo4jRepositoriesAutoConfiguration:
      Did not match:
         - @ConditionalOnClass did not find required class 'org.neo4j.driver.Driver' (OnClassCondition)

   NettyAutoConfiguration:
      Did not match:
         - @ConditionalOnClass did not find required class 'io.netty.util.NettyRuntime' (OnClassCondition)

   NewRelicMetricsExportAutoConfiguration:
      Did not match:
         - @ConditionalOnClass did not find required class 'io.micrometer.newrelic.NewRelicMeterRegistry' (OnClassCondition)

   NoOpMeterRegistryConfiguration:
      Did not match:
         - @ConditionalOnMissingBean (types: io.micrometer.core.instrument.MeterRegistry; SearchStrategy: all) found beans of type 'io.micrometer.core.instrument.MeterRegistry' simpleMeterRegistry (OnBeanCondition)

   NoopTracerAutoConfiguration:
      Did not match:
         - @ConditionalOnClass did not find required class 'io.micrometer.tracing.Tracer' (OnClassCondition)

   OAuth2AuthorizationServerAutoConfiguration:
      Did not match:
         - @ConditionalOnClass did not find required class 'org.springframework.security.oauth2.server.authorization.OAuth2Authorization' (OnClassCondition)

   OAuth2AuthorizationServerJwtAutoConfiguration:
      Did not match:
         - @ConditionalOnClass did not find required class 'org.springframework.security.oauth2.server.authorization.OAuth2Authorization' (OnClassCondition)

   OAuth2ClientAutoConfiguration:
      Did not match:
         - @ConditionalOnClass did not find required class 'org.springframework.security.config.annotation.web.configuration.EnableWebSecurity' (OnClassCondition)

   OAuth2ResourceServerAutoConfiguration:
      Did not match:
         - @ConditionalOnClass did not find required class 'org.springframework.security.oauth2.server.resource.authentication.BearerTokenAuthenticationToken' (OnClassCondition)

   ObservationAutoConfiguration.MeterObservationHandlerConfiguration.TracingAndMetricsObservationHandlerConfiguration:
      Did not match:
         - @ConditionalOnBean did not find required type 'io.micrometer.tracing.Tracer' (OnBeanCondition)
         - @ConditionalOnBean (types: io.micrometer.tracing.Tracer; SearchStrategy: all) did not find any beans of type io.micrometer.tracing.Tracer (OnBeanCondition)

   ObservationAutoConfiguration.MetricsWithTracingConfiguration:
      Did not match:
         - @ConditionalOnClass did not find required class 'io.micrometer.tracing.Tracer' (OnClassCondition)

   ObservationAutoConfiguration.ObservedAspectConfiguration:
      Did not match:
         - @ConditionalOnClass did not find required class 'org.aspectj.weaver.Advice' (OnClassCondition)

   ObservationAutoConfiguration.OnlyTracingConfiguration:
      Did not match:
         - @ConditionalOnClass did not find required class 'io.micrometer.tracing.Tracer' (OnClassCondition)

   org.springframework.boot.actuate.autoconfigure.opentelemetry.OpenTelemetryAutoConfiguration:
      Did not match:
         - @ConditionalOnClass did not find required class 'io.opentelemetry.sdk.OpenTelemetrySdk' (OnClassCondition)

   org.springframework.boot.actuate.autoconfigure.tracing.OpenTelemetryAutoConfiguration:
      Did not match:
         - @ConditionalOnClass did not find required class 'io.micrometer.tracing.otel.bridge.OtelTracer' (OnClassCondition)

   OpenTelemetryLoggingAutoConfiguration:
      Did not match:
         - @ConditionalOnClass did not find required class 'io.opentelemetry.api.OpenTelemetry' (OnClassCondition)

   OtlpAutoConfiguration:
      Did not match:
         - @ConditionalOnClass did not find required class 'io.micrometer.tracing.otel.bridge.OtelTracer' (OnClassCondition)

   OtlpLoggingAutoConfiguration:
      Did not match:
         - @ConditionalOnClass did not find required class 'io.opentelemetry.api.OpenTelemetry' (OnClassCondition)

   OtlpMetricsExportAutoConfiguration:
      Did not match:
         - @ConditionalOnClass did not find required class 'io.micrometer.registry.otlp.OtlpMeterRegistry' (OnClassCondition)

   PersistenceExceptionTranslationAutoConfiguration:
      Did not match:
         - @ConditionalOnClass did not find required class 'org.springframework.dao.annotation.PersistenceExceptionTranslationPostProcessor' (OnClassCondition)

   ProjectInfoAutoConfiguration#buildProperties:
      Did not match:
         - @ConditionalOnResource did not find resource '${spring.info.build.location:classpath:META-INF/build-info.properties}' (OnResourceCondition)

   ProjectInfoAutoConfiguration#gitProperties:
      Did not match:
         - GitResource did not find git info at classpath:git.properties (ProjectInfoAutoConfiguration.GitResourceAvailableCondition)

   PrometheusExemplarsAutoConfiguration:
      Did not match:
         - @ConditionalOnClass did not find required class 'io.micrometer.tracing.Tracer' (OnClassCondition)

   PrometheusMetricsExportAutoConfiguration:
      Did not match:
         - @ConditionalOnClass did not find required class 'io.micrometer.prometheusmetrics.PrometheusMeterRegistry' (OnClassCondition)

   PrometheusSimpleclientExemplarsAutoConfiguration:
      Did not match:
         - @ConditionalOnClass did not find required class 'io.micrometer.tracing.Tracer' (OnClassCondition)

   PrometheusSimpleclientMetricsExportAutoConfiguration:
      Did not match:
         - @ConditionalOnClass did not find required class 'io.micrometer.prometheus.PrometheusMeterRegistry' (OnClassCondition)

   PulsarAutoConfiguration:
      Did not match:
         - @ConditionalOnClass did not find required class 'org.apache.pulsar.client.api.PulsarClient' (OnClassCondition)

   PulsarReactiveAutoConfiguration:
      Did not match:
         - @ConditionalOnClass did not find required class 'org.apache.pulsar.client.api.PulsarClient' (OnClassCondition)

   QuartzAutoConfiguration:
      Did not match:
         - @ConditionalOnClass did not find required class 'org.quartz.Scheduler' (OnClassCondition)

   QuartzEndpointAutoConfiguration:
      Did not match:
         - @ConditionalOnClass did not find required class 'org.quartz.Scheduler' (OnClassCondition)

   R2dbcAutoConfiguration:
      Did not match:
         - @ConditionalOnClass did not find required class 'io.r2dbc.spi.ConnectionFactory' (OnClassCondition)

   R2dbcDataAutoConfiguration:
      Did not match:
         - @ConditionalOnClass did not find required class 'org.springframework.data.r2dbc.core.R2dbcEntityTemplate' (OnClassCondition)

   R2dbcInitializationConfiguration:
      Did not match:
         - @ConditionalOnClass did not find required classes 'io.r2dbc.spi.ConnectionFactory', 'org.springframework.r2dbc.connection.init.DatabasePopulator' (OnClassCondition)

   R2dbcObservationAutoConfiguration:
      Did not match:
         - @ConditionalOnClass did not find required class 'io.r2dbc.proxy.ProxyConnectionFactory' (OnClassCondition)

   R2dbcProxyAutoConfiguration:
      Did not match:
         - @ConditionalOnClass did not find required class 'io.r2dbc.proxy.ProxyConnectionFactory' (OnClassCondition)

   R2dbcRepositoriesAutoConfiguration:
      Did not match:
         - @ConditionalOnClass did not find required class 'io.r2dbc.spi.ConnectionFactory' (OnClassCondition)

   R2dbcTransactionManagerAutoConfiguration:
      Did not match:
         - @ConditionalOnClass did not find required class 'org.springframework.r2dbc.connection.R2dbcTransactionManager' (OnClassCondition)

   RSocketGraphQlClientAutoConfiguration:
      Did not match:
         - @ConditionalOnClass did not find required class 'graphql.GraphQL' (OnClassCondition)

   RSocketMessagingAutoConfiguration:
      Did not match:
         - @ConditionalOnClass did not find required class 'io.rsocket.RSocket' (OnClassCondition)

   RSocketRequesterAutoConfiguration:
      Did not match:
         - @ConditionalOnClass did not find required class 'io.rsocket.RSocket' (OnClassCondition)

   RSocketSecurityAutoConfiguration:
      Did not match:
         - @ConditionalOnClass did not find required class 'org.springframework.security.rsocket.core.SecuritySocketAcceptorInterceptor' (OnClassCondition)

   RSocketServerAutoConfiguration:
      Did not match:
         - @ConditionalOnClass did not find required class 'io.rsocket.core.RSocketServer' (OnClassCondition)

   RSocketStrategiesAutoConfiguration:
      Did not match:
         - @ConditionalOnClass did not find required class 'io.netty.buffer.PooledByteBufAllocator' (OnClassCondition)

   RabbitAutoConfiguration:
      Did not match:
         - @ConditionalOnClass did not find required class 'com.rabbitmq.client.Channel' (OnClassCondition)

   RabbitHealthContributorAutoConfiguration:
      Did not match:
         - @ConditionalOnClass did not find required class 'org.springframework.amqp.rabbit.core.RabbitTemplate' (OnClassCondition)

   RabbitMetricsAutoConfiguration:
      Did not match:
         - @ConditionalOnClass did not find required class 'com.rabbitmq.client.ConnectionFactory' (OnClassCondition)

   ReactiveCloudFoundryActuatorAutoConfiguration:
      Did not match:
         - @ConditionalOnWebApplication did not find reactive web application classes (OnWebApplicationCondition)

   ReactiveElasticsearchClientAutoConfiguration:
      Did not match:
         - @ConditionalOnClass did not find required class 'co.elastic.clients.transport.ElasticsearchTransport' (OnClassCondition)

   ReactiveElasticsearchRepositoriesAutoConfiguration:
      Did not match:
         - @ConditionalOnClass did not find required class 'reactor.core.publisher.Mono' (OnClassCondition)

   ReactiveHealthEndpointConfiguration:
      Did not match:
         - @ConditionalOnClass did not find required class 'reactor.core.publisher.Flux' (OnClassCondition)

   ReactiveManagementContextAutoConfiguration:
      Did not match:
         - @ConditionalOnClass did not find required class 'reactor.core.publisher.Flux' (OnClassCondition)

   ReactiveManagementWebSecurityAutoConfiguration:
      Did not match:
         - @ConditionalOnClass did not find required class 'org.springframework.security.config.annotation.web.reactive.EnableWebFluxSecurity' (OnClassCondition)

   ReactiveMultipartAutoConfiguration:
      Did not match:
         - @ConditionalOnClass did not find required class 'org.springframework.web.reactive.config.WebFluxConfigurer' (OnClassCondition)

   ReactiveOAuth2ClientAutoConfiguration:
      Did not match:
         - @ConditionalOnClass did not find required class 'reactor.core.publisher.Flux' (OnClassCondition)

   ReactiveOAuth2ResourceServerAutoConfiguration:
      Did not match:
         - @ConditionalOnClass did not find required class 'org.springframework.security.config.annotation.web.reactive.EnableWebFluxSecurity' (OnClassCondition)

   ReactiveSecurityAutoConfiguration:
      Did not match:
         - @ConditionalOnClass did not find required class 'reactor.core.publisher.Flux' (OnClassCondition)

   ReactiveUserDetailsServiceAutoConfiguration:
      Did not match:
         - @ConditionalOnClass did not find required class 'org.springframework.security.authentication.ReactiveAuthenticationManager' (OnClassCondition)

   ReactiveWebServerFactoryAutoConfiguration:
      Did not match:
         - @ConditionalOnWebApplication did not find reactive web application classes (OnWebApplicationCondition)

   ReactorAutoConfiguration:
      Did not match:
         - @ConditionalOnClass did not find required class 'reactor.core.publisher.Hooks' (OnClassCondition)

   RedisAutoConfiguration:
      Did not match:
         - @ConditionalOnClass did not find required class 'org.springframework.data.redis.core.RedisOperations' (OnClassCondition)

   RedisCacheConfiguration:
      Did not match:
         - @ConditionalOnClass did not find required class 'org.springframework.data.redis.connection.RedisConnectionFactory' (OnClassCondition)

   RedisHealthContributorAutoConfiguration:
      Did not match:
         - @ConditionalOnClass did not find required class 'org.springframework.data.redis.connection.RedisConnectionFactory' (OnClassCondition)

   RedisReactiveAutoConfiguration:
      Did not match:
         - @ConditionalOnClass did not find required class 'reactor.core.publisher.Flux' (OnClassCondition)

   RedisReactiveHealthContributorAutoConfiguration:
      Did not match:
         - @ConditionalOnClass did not find required class 'reactor.core.publisher.Flux' (OnClassCondition)

   RedisRepositoriesAutoConfiguration:
      Did not match:
         - @ConditionalOnClass did not find required class 'org.springframework.data.redis.repository.configuration.EnableRedisRepositories' (OnClassCondition)

   RemoteDevToolsAutoConfiguration:
      Did not match:
         - @ConditionalOnProperty (spring.devtools.remote.secret) did not find property 'secret' (OnPropertyCondition)
      Matched:
         - @ConditionalOnClass found required classes 'jakarta.servlet.Filter', 'org.springframework.http.server.ServerHttpRequest' (OnClassCondition)

   RepositoryMetricsAutoConfiguration:
      Did not match:
         - @ConditionalOnClass did not find required class 'org.springframework.data.repository.Repository' (OnClassCondition)

   RepositoryRestMvcAutoConfiguration:
      Did not match:
         - @ConditionalOnClass did not find required class 'org.springframework.data.rest.webmvc.config.RepositoryRestMvcConfiguration' (OnClassCondition)

   Saml2RelyingPartyAutoConfiguration:
      Did not match:
         - @ConditionalOnClass did not find required class 'org.springframework.security.saml2.provider.service.registration.RelyingPartyRegistrationRepository' (OnClassCondition)

   SbomEndpointAutoConfiguration:
      Did not match:
         - @ConditionalOnAvailableEndpoint not enabled or exposed (OnAvailableEndpointCondition)

   ScheduledTasksEndpointAutoConfiguration:
      Did not match:
         - @ConditionalOnAvailableEndpoint not enabled or exposed (OnAvailableEndpointCondition)

   SecurityAutoConfiguration:
      Did not match:
         - @ConditionalOnClass did not find required class 'org.springframework.security.authentication.DefaultAuthenticationEventPublisher' (OnClassCondition)

   SecurityFilterAutoConfiguration:
      Did not match:
         - @ConditionalOnClass did not find required class 'org.springframework.security.config.http.SessionCreationPolicy' (OnClassCondition)

   SecurityRequestMatchersManagementContextConfiguration:
      Did not match:
         - @ConditionalOnClass did not find required class 'org.springframework.security.web.util.matcher.RequestMatcher' (OnClassCondition)

   SendGridAutoConfiguration:
      Did not match:
         - @ConditionalOnClass did not find required class 'com.sendgrid.SendGrid' (OnClassCondition)

   ServletEndpointManagementContextConfiguration.JerseyServletEndpointManagementContextConfiguration:
      Did not match:
         - @ConditionalOnClass did not find required class 'org.glassfish.jersey.server.ResourceConfig' (OnClassCondition)

   ServletManagementContextAutoConfiguration.ApplicationContextFilterConfiguration:
      Did not match:
         - @ConditionalOnProperty (management.server.add-application-context-header=true) did not find property 'add-application-context-header' (OnPropertyCondition)

   ServletWebServerFactoryAutoConfiguration.ForwardedHeaderFilterConfiguration:
      Did not match:
         - @ConditionalOnProperty (server.forward-headers-strategy=framework) did not find property 'server.forward-headers-strategy' (OnPropertyCondition)

   ServletWebServerFactoryConfiguration.EmbeddedJetty:
      Did not match:
         - @ConditionalOnClass did not find required classes 'org.eclipse.jetty.server.Server', 'org.eclipse.jetty.util.Loader', 'org.eclipse.jetty.ee10.webapp.WebAppContext' (OnClassCondition)

   ServletWebServerFactoryConfiguration.EmbeddedUndertow:
      Did not match:
         - @ConditionalOnClass did not find required classes 'io.undertow.Undertow', 'org.xnio.SslClientAuthMode' (OnClassCondition)

   SessionAutoConfiguration:
      Did not match:
         - @ConditionalOnClass did not find required class 'org.springframework.session.Session' (OnClassCondition)

   SessionsEndpointAutoConfiguration:
      Did not match:
         - @ConditionalOnClass did not find required class 'org.springframework.session.Session' (OnClassCondition)

   ShutdownEndpointAutoConfiguration:
      Did not match:
         - @ConditionalOnAvailableEndpoint not enabled or exposed (OnAvailableEndpointCondition)

   SignalFxMetricsExportAutoConfiguration:
      Did not match:
         - @ConditionalOnClass did not find required class 'io.micrometer.signalfx.SignalFxMeterRegistry' (OnClassCondition)

   SpringApplicationAdminJmxAutoConfiguration:
      Did not match:
         - @ConditionalOnProperty (spring.application.admin.enabled=true) did not find property 'enabled' (OnPropertyCondition)

   SpringDataWebAutoConfiguration:
      Did not match:
         - @ConditionalOnClass did not find required class 'org.springframework.data.web.PageableHandlerMethodArgumentResolver' (OnClassCondition)

   StackdriverMetricsExportAutoConfiguration:
      Did not match:
         - @ConditionalOnClass did not find required class 'io.micrometer.stackdriver.StackdriverMeterRegistry' (OnClassCondition)

   StartupEndpointAutoConfiguration:
      Did not match:
         - ApplicationStartup configured applicationStartup is of type class org.springframework.core.metrics.DefaultApplicationStartup, expected BufferingApplicationStartup. (StartupEndpointAutoConfiguration.ApplicationStartupCondition)

   StatsdMetricsExportAutoConfiguration:
      Did not match:
         - @ConditionalOnClass did not find required class 'io.micrometer.statsd.StatsdMeterRegistry' (OnClassCondition)

   TaskExecutorConfigurations.SimpleAsyncTaskExecutorBuilderConfiguration#simpleAsyncTaskExecutorBuilderVirtualThreads:
      Did not match:
         - @ConditionalOnMissingBean (types: org.springframework.boot.task.SimpleAsyncTaskExecutorBuilder; SearchStrategy: all) found beans of type 'org.springframework.boot.task.SimpleAsyncTaskExecutorBuilder' simpleAsyncTaskExecutorBuilder (OnBeanCondition)

   TaskExecutorConfigurations.TaskExecutorConfiguration#applicationTaskExecutorVirtualThreads:
      Did not match:
         - @ConditionalOnThreading did not find VIRTUAL (OnThreadingCondition)

   TaskSchedulingAutoConfiguration#scheduledBeanLazyInitializationExcludeFilter:
      Did not match:
         - @ConditionalOnBean (names: org.springframework.context.annotation.internalScheduledAnnotationProcessor; SearchStrategy: all) did not find any beans named org.springframework.context.annotation.internalScheduledAnnotationProcessor (OnBeanCondition)

   TaskSchedulingConfigurations.SimpleAsyncTaskSchedulerBuilderConfiguration#simpleAsyncTaskSchedulerBuilderVirtualThreads:
      Did not match:
         - @ConditionalOnMissingBean (types: org.springframework.boot.task.SimpleAsyncTaskSchedulerBuilder; SearchStrategy: all) found beans of type 'org.springframework.boot.task.SimpleAsyncTaskSchedulerBuilder' simpleAsyncTaskSchedulerBuilder (OnBeanCondition)

   TaskSchedulingConfigurations.TaskSchedulerConfiguration:
      Did not match:
         - @ConditionalOnBean (names: org.springframework.context.annotation.internalScheduledAnnotationProcessor; SearchStrategy: all) did not find any beans named org.springframework.context.annotation.internalScheduledAnnotationProcessor (OnBeanCondition)

   ThreadDumpEndpointAutoConfiguration:
      Did not match:
         - @ConditionalOnAvailableEndpoint not enabled or exposed (OnAvailableEndpointCondition)

   ThymeleafAutoConfiguration:
      Did not match:
         - @ConditionalOnClass did not find required class 'org.thymeleaf.spring6.SpringTemplateEngine' (OnClassCondition)

   TransactionAutoConfiguration:
      Did not match:
         - @ConditionalOnClass did not find required class 'org.springframework.transaction.PlatformTransactionManager' (OnClassCondition)

   TransactionManagerCustomizationAutoConfiguration:
      Did not match:
         - @ConditionalOnClass did not find required class 'org.springframework.transaction.PlatformTransactionManager' (OnClassCondition)

   UserDetailsServiceAutoConfiguration:
      Did not match:
         - @ConditionalOnClass did not find required class 'org.springframework.security.authentication.AuthenticationManager' (OnClassCondition)

   ValidationAutoConfiguration:
      Did not match:
         - @ConditionalOnClass did not find required class 'jakarta.validation.executable.ExecutableValidator' (OnClassCondition)

   WavefrontAutoConfiguration:
      Did not match:
         - @ConditionalOnClass did not find required class 'com.wavefront.sdk.common.application.ApplicationTags' (OnClassCondition)

   WavefrontMetricsExportAutoConfiguration:
      Did not match:
         - @ConditionalOnClass did not find required class 'com.wavefront.sdk.common.WavefrontSender' (OnClassCondition)

   WavefrontTracingAutoConfiguration:
      Did not match:
         - @ConditionalOnClass did not find required class 'com.wavefront.sdk.common.WavefrontSender' (OnClassCondition)

   WebClientAutoConfiguration:
      Did not match:
         - @ConditionalOnClass did not find required class 'org.springframework.web.reactive.function.client.WebClient' (OnClassCondition)

   WebClientObservationConfiguration:
      Did not match:
         - @ConditionalOnClass did not find required class 'org.springframework.web.reactive.function.client.WebClient' (OnClassCondition)

   WebFluxAutoConfiguration:
      Did not match:
         - @ConditionalOnClass did not find required class 'org.springframework.web.reactive.config.WebFluxConfigurer' (OnClassCondition)

   WebFluxEndpointManagementContextConfiguration:
      Did not match:
         - @ConditionalOnClass did not find required class 'org.springframework.web.reactive.DispatcherHandler' (OnClassCondition)

   WebFluxObservationAutoConfiguration:
      Did not match:
         - @ConditionalOnWebApplication did not find reactive web application classes (OnWebApplicationCondition)

   WebMvcAutoConfiguration#hiddenHttpMethodFilter:
      Did not match:
         - @ConditionalOnProperty (spring.mvc.hiddenmethod.filter.enabled) did not find property 'enabled' (OnPropertyCondition)

   WebMvcAutoConfiguration.ProblemDetailsErrorHandlingConfiguration:
      Did not match:
         - @ConditionalOnProperty (spring.mvc.problemdetails.enabled=true) did not find property 'enabled' (OnPropertyCondition)

   WebMvcAutoConfiguration.ResourceChainCustomizerConfiguration:
      Did not match:
         - @ConditionalOnEnabledResourceChain did not find class org.webjars.WebJarVersionLocator (OnEnabledResourceChainCondition)

   WebMvcAutoConfiguration.WebMvcAutoConfigurationAdapter#beanNameViewResolver:
      Did not match:
         - @ConditionalOnMissingBean (types: org.springframework.web.servlet.view.BeanNameViewResolver; SearchStrategy: all) found beans of type 'org.springframework.web.servlet.view.BeanNameViewResolver' beanNameViewResolver (OnBeanCondition)

   WebMvcEndpointManagementContextConfiguration#managementHealthEndpointWebMvcHandlerMapping:
      Did not match:
         - Management Port actual port type (SAME) did not match required type (DIFFERENT) (OnManagementPortCondition)

   WebServiceTemplateAutoConfiguration:
      Did not match:
         - @ConditionalOnClass did not find required class 'org.springframework.oxm.Marshaller' (OnClassCondition)

   WebServicesAutoConfiguration:
      Did not match:
         - @ConditionalOnClass did not find required class 'org.springframework.ws.transport.http.MessageDispatcherServlet' (OnClassCondition)

   WebSessionIdResolverAutoConfiguration:
      Did not match:
         - @ConditionalOnClass did not find required class 'reactor.core.publisher.Mono' (OnClassCondition)

   WebSocketMessagingAutoConfiguration:
      Did not match:
         - @ConditionalOnClass did not find required class 'org.springframework.web.socket.config.annotation.WebSocketMessageBrokerConfigurer' (OnClassCondition)

   WebSocketReactiveAutoConfiguration:
      Did not match:
         - @ConditionalOnWebApplication did not find reactive web application classes (OnWebApplicationCondition)

   WebSocketServletAutoConfiguration.JettyWebSocketConfiguration:
      Did not match:
         - @ConditionalOnClass did not find required class 'org.eclipse.jetty.ee10.websocket.jakarta.server.config.JakartaWebSocketServletContainerInitializer' (OnClassCondition)

   WebSocketServletAutoConfiguration.UndertowWebSocketConfiguration:
      Did not match:
         - @ConditionalOnClass did not find required class 'io.undertow.websockets.jsr.Bootstrap' (OnClassCondition)

   XADataSourceAutoConfiguration:
      Did not match:
         - @ConditionalOnClass did not find required class 'jakarta.transaction.TransactionManager' (OnClassCondition)

   ZipkinAutoConfiguration:
      Did not match:
         - @ConditionalOnClass did not find required class 'zipkin2.reporter.Encoding' (OnClassCondition)


Exclusions:
-----------

    None


Unconditional classes:
----------------------

    org.springframework.boot.autoconfigure.context.ConfigurationPropertiesAutoConfiguration

    org.springframework.boot.actuate.autoconfigure.availability.AvailabilityHealthContributorAutoConfiguration

    org.springframework.boot.autoconfigure.ssl.SslAutoConfiguration

    org.springframework.boot.actuate.autoconfigure.info.InfoContributorAutoConfiguration

    org.springframework.boot.autoconfigure.context.PropertyPlaceholderAutoConfiguration

    org.springframework.boot.autoconfigure.context.LifecycleAutoConfiguration

    org.springframework.boot.actuate.autoconfigure.metrics.integration.IntegrationMetricsAutoConfiguration

    org.springframework.boot.actuate.autoconfigure.endpoint.EndpointAutoConfiguration

    org.springframework.boot.actuate.autoconfigure.web.server.ManagementContextAutoConfiguration

    org.springframework.boot.actuate.autoconfigure.health.HealthContributorAutoConfiguration

    org.springframework.boot.actuate.autoconfigure.endpoint.jackson.JacksonEndpointAutoConfiguration

    org.springframework.boot.autoconfigure.availability.ApplicationAvailabilityAutoConfiguration

    org.springframework.boot.autoconfigure.info.ProjectInfoAutoConfiguration



2024-09-10T20:48:08.790+09:00 TRACE 86442 --- [learn-spring-boot] [           main] o.s.b.f.s.DefaultListableBeanFactory     : Returning cached instance of singleton bean 'welcomePageHandlerMapping'
2024-09-10T20:48:08.790+09:00 TRACE 86442 --- [learn-spring-boot] [           main] o.s.b.f.s.DefaultListableBeanFactory     : Returning cached instance of singleton bean 'welcomePageNotAcceptableHandlerMapping'
2024-09-10T20:48:08.790+09:00 TRACE 86442 --- [learn-spring-boot] [           main] o.s.b.f.s.DefaultListableBeanFactory     : Returning cached instance of singleton bean 'requestMappingHandlerMapping'
2024-09-10T20:48:08.790+09:00 TRACE 86442 --- [learn-spring-boot] [           main] o.s.b.f.s.DefaultListableBeanFactory     : Returning cached instance of singleton bean 'viewControllerHandlerMapping'
2024-09-10T20:48:08.790+09:00 TRACE 86442 --- [learn-spring-boot] [           main] o.s.b.f.s.DefaultListableBeanFactory     : Returning cached instance of singleton bean 'beanNameHandlerMapping'
2024-09-10T20:48:08.790+09:00 TRACE 86442 --- [learn-spring-boot] [           main] o.s.b.f.s.DefaultListableBeanFactory     : Returning cached instance of singleton bean 'routerFunctionMapping'
2024-09-10T20:48:08.790+09:00 TRACE 86442 --- [learn-spring-boot] [           main] o.s.b.f.s.DefaultListableBeanFactory     : Returning cached instance of singleton bean 'resourceHandlerMapping'
2024-09-10T20:48:08.790+09:00 TRACE 86442 --- [learn-spring-boot] [           main] o.s.b.f.s.DefaultListableBeanFactory     : Returning cached instance of singleton bean 'defaultServletHandlerMapping'
2024-09-10T20:48:08.790+09:00 TRACE 86442 --- [learn-spring-boot] [           main] o.s.b.f.s.DefaultListableBeanFactory     : Returning cached instance of singleton bean 'healthEndpointWebMvcHandlerMapping'
2024-09-10T20:48:08.790+09:00 TRACE 86442 --- [learn-spring-boot] [           main] o.s.b.f.s.DefaultListableBeanFactory     : Returning cached instance of singleton bean 'webEndpointServletHandlerMapping'
2024-09-10T20:48:08.790+09:00 TRACE 86442 --- [learn-spring-boot] [           main] o.s.b.f.s.DefaultListableBeanFactory     : Returning cached instance of singleton bean 'controllerEndpointHandlerMapping'
2024-09-10T20:48:08.792+09:00  INFO 86442 --- [learn-spring-boot] [           main] c.i.s.l.LearnSpringBootApplicationTests  : Started LearnSpringBootApplicationTests in 1.294 seconds (process running for 1.854)
2024-09-10T20:48:08.793+09:00 TRACE 86442 --- [learn-spring-boot] [           main] o.s.b.f.s.DefaultListableBeanFactory     : Returning cached instance of singleton bean 'startupTimeMetrics'
2024-09-10T20:48:08.793+09:00 TRACE 86442 --- [learn-spring-boot] [           main] o.s.b.f.s.DefaultListableBeanFactory     : Returning cached instance of singleton bean 'tomcatMetricsBinder'
2024-09-10T20:48:08.864+09:00 TRACE 86442 --- [learn-spring-boot] [           main] o.s.b.f.s.DefaultListableBeanFactory     : Returning cached instance of singleton bean 'applicationAvailability'
2024-09-10T20:48:08.865+09:00 TRACE 86442 --- [learn-spring-boot] [           main] o.s.b.f.s.DefaultListableBeanFactory     : Returning cached instance of singleton bean 'startupTimeMetrics'
2024-09-10T20:48:08.865+09:00 DEBUG 86442 --- [learn-spring-boot] [           main] o.s.b.a.ApplicationAvailabilityBean      : Application availability state LivenessState changed to CORRECT
2024-09-10T20:48:08.866+09:00 TRACE 86442 --- [learn-spring-boot] [           main] o.s.b.f.s.DefaultListableBeanFactory     : Returning cached instance of singleton bean 'startupTimeMetrics'
2024-09-10T20:48:08.866+09:00 DEBUG 86442 --- [learn-spring-boot] [           main] o.s.boot.devtools.restart.Restarter      : Creating new Restarter for thread Thread[#1,main,5,main]
2024-09-10T20:48:08.867+09:00 TRACE 86442 --- [learn-spring-boot] [           main] o.s.b.f.s.DefaultListableBeanFactory     : Returning cached instance of singleton bean 'applicationAvailability'
2024-09-10T20:48:08.867+09:00 TRACE 86442 --- [learn-spring-boot] [           main] o.s.b.f.s.DefaultListableBeanFactory     : Returning cached instance of singleton bean 'startupTimeMetrics'
2024-09-10T20:48:08.867+09:00 DEBUG 86442 --- [learn-spring-boot] [           main] o.s.b.a.ApplicationAvailabilityBean      : Application availability state ReadinessState changed to ACCEPTING_TRAFFIC
2024-09-10T20:48:08.868+09:00 TRACE 86442 --- [learn-spring-boot] [           main] c.DefaultCacheAwareContextLoaderDelegate : Storing ApplicationContext [1638249646] in cache under key [WebMergedContextConfiguration@51e7589f testClass = com.in28minutes.springboot.learn_spring_boot.LearnSpringBootApplicationTests, locations = [], classes = [com.in28minutes.springboot.learn_spring_boot.LearnSpringBootApplication], contextInitializerClasses = [], activeProfiles = [], propertySourceDescriptors = [], propertySourceProperties = ["org.springframework.boot.test.context.SpringBootTestContextBootstrapper=true"], contextCustomizers = [org.springframework.boot.test.context.filter.ExcludeFilterContextCustomizer@4f32a3ad, org.springframework.boot.test.json.DuplicateJsonObjectContextCustomizerFactory$DuplicateJsonObjectContextCustomizer@7d900ecf, org.springframework.boot.test.mock.mockito.MockitoContextCustomizer@0, org.springframework.boot.test.web.client.TestRestTemplateContextCustomizer@5b38c1ec, org.springframework.boot.test.web.reactor.netty.DisableReactorResourceFactoryGlobalResourcesContextCustomizerFactory$DisableReactorResourceFactoryGlobalResourcesContextCustomizerCustomizer@2dfaea86, org.springframework.boot.test.autoconfigure.actuate.observability.ObservabilityContextCustomizerFactory$DisableObservabilityContextCustomizer@1f, org.springframework.boot.test.autoconfigure.properties.PropertyMappingContextCustomizer@0, org.springframework.boot.test.autoconfigure.web.servlet.WebDriverContextCustomizer@446a1e84, org.springframework.test.context.support.DynamicPropertiesContextCustomizer@0, org.springframework.boot.test.context.SpringBootTestAnnotation@1f88b976], resourceBasePath = "src/main/webapp", contextLoader = org.springframework.boot.test.context.SpringBootContextLoader, parent = null]
2024-09-10T20:48:08.868+09:00 DEBUG 86442 --- [learn-spring-boot] [           main] org.springframework.test.context.cache   : Spring test ApplicationContext cache statistics: [DefaultContextCache@65cc5252 size = 1, maxSize = 32, parentContextCount = 0, hitCount = 0, missCount = 1, failureCount = 0]
2024-09-10T20:48:08.872+09:00 TRACE 86442 --- [learn-spring-boot] [           main] o.s.t.c.w.ServletTestExecutionListener   : Setting up MockHttpServletRequest, MockHttpServletResponse, ServletWebRequest, and RequestContextHolder for test context [DefaultTestContext@2dbfa972 testClass = com.in28minutes.springboot.learn_spring_boot.LearnSpringBootApplicationTests, testInstance = com.in28minutes.springboot.learn_spring_boot.LearnSpringBootApplicationTests@46f73ffa, testMethod = null, testException = null, mergedContextConfiguration = [WebMergedContextConfiguration@51e7589f testClass = com.in28minutes.springboot.learn_spring_boot.LearnSpringBootApplicationTests, locations = [], classes = [com.in28minutes.springboot.learn_spring_boot.LearnSpringBootApplication], contextInitializerClasses = [], activeProfiles = [], propertySourceDescriptors = [], propertySourceProperties = ["org.springframework.boot.test.context.SpringBootTestContextBootstrapper=true"], contextCustomizers = [org.springframework.boot.test.context.filter.ExcludeFilterContextCustomizer@4f32a3ad, org.springframework.boot.test.json.DuplicateJsonObjectContextCustomizerFactory$DuplicateJsonObjectContextCustomizer@7d900ecf, org.springframework.boot.test.mock.mockito.MockitoContextCustomizer@0, org.springframework.boot.test.web.client.TestRestTemplateContextCustomizer@5b38c1ec, org.springframework.boot.test.web.reactor.netty.DisableReactorResourceFactoryGlobalResourcesContextCustomizerFactory$DisableReactorResourceFactoryGlobalResourcesContextCustomizerCustomizer@2dfaea86, org.springframework.boot.test.autoconfigure.actuate.observability.ObservabilityContextCustomizerFactory$DisableObservabilityContextCustomizer@1f, org.springframework.boot.test.autoconfigure.properties.PropertyMappingContextCustomizer@0, org.springframework.boot.test.autoconfigure.web.servlet.WebDriverContextCustomizer@446a1e84, org.springframework.test.context.support.DynamicPropertiesContextCustomizer@0, org.springframework.boot.test.context.SpringBootTestAnnotation@1f88b976], resourceBasePath = "src/main/webapp", contextLoader = org.springframework.boot.test.context.SpringBootContextLoader, parent = null], attributes = {"org.springframework.test.context.web.ServletTestExecutionListener.activateListener" -> true}]
2024-09-10T20:48:08.881+09:00 TRACE 86442 --- [learn-spring-boot] [           main] DependencyInjectionTestExecutionListener : Performing dependency injection for test context [DefaultTestContext@2dbfa972 testClass = com.in28minutes.springboot.learn_spring_boot.LearnSpringBootApplicationTests, testInstance = com.in28minutes.springboot.learn_spring_boot.LearnSpringBootApplicationTests@46f73ffa, testMethod = null, testException = null, mergedContextConfiguration = [WebMergedContextConfiguration@51e7589f testClass = com.in28minutes.springboot.learn_spring_boot.LearnSpringBootApplicationTests, locations = [], classes = [com.in28minutes.springboot.learn_spring_boot.LearnSpringBootApplication], contextInitializerClasses = [], activeProfiles = [], propertySourceDescriptors = [], propertySourceProperties = ["org.springframework.boot.test.context.SpringBootTestContextBootstrapper=true"], contextCustomizers = [org.springframework.boot.test.context.filter.ExcludeFilterContextCustomizer@4f32a3ad, org.springframework.boot.test.json.DuplicateJsonObjectContextCustomizerFactory$DuplicateJsonObjectContextCustomizer@7d900ecf, org.springframework.boot.test.mock.mockito.MockitoContextCustomizer@0, org.springframework.boot.test.web.client.TestRestTemplateContextCustomizer@5b38c1ec, org.springframework.boot.test.web.reactor.netty.DisableReactorResourceFactoryGlobalResourcesContextCustomizerFactory$DisableReactorResourceFactoryGlobalResourcesContextCustomizerCustomizer@2dfaea86, org.springframework.boot.test.autoconfigure.actuate.observability.ObservabilityContextCustomizerFactory$DisableObservabilityContextCustomizer@1f, org.springframework.boot.test.autoconfigure.properties.PropertyMappingContextCustomizer@0, org.springframework.boot.test.autoconfigure.web.servlet.WebDriverContextCustomizer@446a1e84, org.springframework.test.context.support.DynamicPropertiesContextCustomizer@0, org.springframework.boot.test.context.SpringBootTestAnnotation@1f88b976], resourceBasePath = "src/main/webapp", contextLoader = org.springframework.boot.test.context.SpringBootContextLoader, parent = null], attributes = {"org.springframework.test.context.web.ServletTestExecutionListener.activateListener" -> true, "org.springframework.test.context.web.ServletTestExecutionListener.populatedRequestContextHolder" -> true, "org.springframework.test.context.web.ServletTestExecutionListener.resetRequestContextHolder" -> true, "org.springframework.test.context.event.ApplicationEventsTestExecutionListener.recordApplicationEvents" -> false}]
2024-09-10T20:48:08.881+09:00 TRACE 86442 --- [learn-spring-boot] [           main] c.DefaultCacheAwareContextLoaderDelegate : Retrieved ApplicationContext [1638249646] from cache with key [WebMergedContextConfiguration@51e7589f testClass = com.in28minutes.springboot.learn_spring_boot.LearnSpringBootApplicationTests, locations = [], classes = [com.in28minutes.springboot.learn_spring_boot.LearnSpringBootApplication], contextInitializerClasses = [], activeProfiles = [], propertySourceDescriptors = [], propertySourceProperties = ["org.springframework.boot.test.context.SpringBootTestContextBootstrapper=true"], contextCustomizers = [org.springframework.boot.test.context.filter.ExcludeFilterContextCustomizer@4f32a3ad, org.springframework.boot.test.json.DuplicateJsonObjectContextCustomizerFactory$DuplicateJsonObjectContextCustomizer@7d900ecf, org.springframework.boot.test.mock.mockito.MockitoContextCustomizer@0, org.springframework.boot.test.web.client.TestRestTemplateContextCustomizer@5b38c1ec, org.springframework.boot.test.web.reactor.netty.DisableReactorResourceFactoryGlobalResourcesContextCustomizerFactory$DisableReactorResourceFactoryGlobalResourcesContextCustomizerCustomizer@2dfaea86, org.springframework.boot.test.autoconfigure.actuate.observability.ObservabilityContextCustomizerFactory$DisableObservabilityContextCustomizer@1f, org.springframework.boot.test.autoconfigure.properties.PropertyMappingContextCustomizer@0, org.springframework.boot.test.autoconfigure.web.servlet.WebDriverContextCustomizer@446a1e84, org.springframework.test.context.support.DynamicPropertiesContextCustomizer@0, org.springframework.boot.test.context.SpringBootTestAnnotation@1f88b976], resourceBasePath = "src/main/webapp", contextLoader = org.springframework.boot.test.context.SpringBootContextLoader, parent = null]
2024-09-10T20:48:08.881+09:00 DEBUG 86442 --- [learn-spring-boot] [           main] org.springframework.test.context.cache   : Spring test ApplicationContext cache statistics: [DefaultContextCache@65cc5252 size = 1, maxSize = 32, parentContextCount = 0, hitCount = 1, missCount = 1, failureCount = 0]
2024-09-10T20:48:08.882+09:00 TRACE 86442 --- [learn-spring-boot] [           main] c.DefaultCacheAwareContextLoaderDelegate : Retrieved ApplicationContext [1638249646] from cache with key [WebMergedContextConfiguration@51e7589f testClass = com.in28minutes.springboot.learn_spring_boot.LearnSpringBootApplicationTests, locations = [], classes = [com.in28minutes.springboot.learn_spring_boot.LearnSpringBootApplication], contextInitializerClasses = [], activeProfiles = [], propertySourceDescriptors = [], propertySourceProperties = ["org.springframework.boot.test.context.SpringBootTestContextBootstrapper=true"], contextCustomizers = [org.springframework.boot.test.context.filter.ExcludeFilterContextCustomizer@4f32a3ad, org.springframework.boot.test.json.DuplicateJsonObjectContextCustomizerFactory$DuplicateJsonObjectContextCustomizer@7d900ecf, org.springframework.boot.test.mock.mockito.MockitoContextCustomizer@0, org.springframework.boot.test.web.client.TestRestTemplateContextCustomizer@5b38c1ec, org.springframework.boot.test.web.reactor.netty.DisableReactorResourceFactoryGlobalResourcesContextCustomizerFactory$DisableReactorResourceFactoryGlobalResourcesContextCustomizerCustomizer@2dfaea86, org.springframework.boot.test.autoconfigure.actuate.observability.ObservabilityContextCustomizerFactory$DisableObservabilityContextCustomizer@1f, org.springframework.boot.test.autoconfigure.properties.PropertyMappingContextCustomizer@0, org.springframework.boot.test.autoconfigure.web.servlet.WebDriverContextCustomizer@446a1e84, org.springframework.test.context.support.DynamicPropertiesContextCustomizer@0, org.springframework.boot.test.context.SpringBootTestAnnotation@1f88b976], resourceBasePath = "src/main/webapp", contextLoader = org.springframework.boot.test.context.SpringBootContextLoader, parent = null]
2024-09-10T20:48:08.882+09:00 DEBUG 86442 --- [learn-spring-boot] [           main] org.springframework.test.context.cache   : Spring test ApplicationContext cache statistics: [DefaultContextCache@65cc5252 size = 1, maxSize = 32, parentContextCount = 0, hitCount = 2, missCount = 1, failureCount = 0]
2024-09-10T20:48:08.882+09:00 TRACE 86442 --- [learn-spring-boot] [           main] o.s.b.f.s.DefaultListableBeanFactory     : Returning cached instance of singleton bean 'startupTimeMetrics'
2024-09-10T20:48:08.884+09:00 TRACE 86442 --- [learn-spring-boot] [           main] o.s.test.context.TestContextManager      : beforeTestMethod(): instance [com.in28minutes.springboot.learn_spring_boot.LearnSpringBootApplicationTests@46f73ffa], method [void com.in28minutes.springboot.learn_spring_boot.LearnSpringBootApplicationTests.contextLoads()]
2024-09-10T20:48:08.885+09:00 TRACE 86442 --- [learn-spring-boot] [           main] sContextBeforeModesTestExecutionListener : Before test method: context [DefaultTestContext@2dbfa972 testClass = com.in28minutes.springboot.learn_spring_boot.LearnSpringBootApplicationTests, testInstance = com.in28minutes.springboot.learn_spring_boot.LearnSpringBootApplicationTests@46f73ffa, testMethod = contextLoads(), testException = null, mergedContextConfiguration = [WebMergedContextConfiguration@51e7589f testClass = com.in28minutes.springboot.learn_spring_boot.LearnSpringBootApplicationTests, locations = [], classes = [com.in28minutes.springboot.learn_spring_boot.LearnSpringBootApplication], contextInitializerClasses = [], activeProfiles = [], propertySourceDescriptors = [], propertySourceProperties = ["org.springframework.boot.test.context.SpringBootTestContextBootstrapper=true"], contextCustomizers = [org.springframework.boot.test.context.filter.ExcludeFilterContextCustomizer@4f32a3ad, org.springframework.boot.test.json.DuplicateJsonObjectContextCustomizerFactory$DuplicateJsonObjectContextCustomizer@7d900ecf, org.springframework.boot.test.mock.mockito.MockitoContextCustomizer@0, org.springframework.boot.test.web.client.TestRestTemplateContextCustomizer@5b38c1ec, org.springframework.boot.test.web.reactor.netty.DisableReactorResourceFactoryGlobalResourcesContextCustomizerFactory$DisableReactorResourceFactoryGlobalResourcesContextCustomizerCustomizer@2dfaea86, org.springframework.boot.test.autoconfigure.actuate.observability.ObservabilityContextCustomizerFactory$DisableObservabilityContextCustomizer@1f, org.springframework.boot.test.autoconfigure.properties.PropertyMappingContextCustomizer@0, org.springframework.boot.test.autoconfigure.web.servlet.WebDriverContextCustomizer@446a1e84, org.springframework.test.context.support.DynamicPropertiesContextCustomizer@0, org.springframework.boot.test.context.SpringBootTestAnnotation@1f88b976], resourceBasePath = "src/main/webapp", contextLoader = org.springframework.boot.test.context.SpringBootContextLoader, parent = null], attributes = {"org.springframework.test.context.web.ServletTestExecutionListener.activateListener" -> true, "org.springframework.test.context.web.ServletTestExecutionListener.populatedRequestContextHolder" -> true, "org.springframework.test.context.web.ServletTestExecutionListener.resetRequestContextHolder" -> true, "org.springframework.test.context.event.ApplicationEventsTestExecutionListener.recordApplicationEvents" -> false}], class annotated with @DirtiesContext [false] with mode [null], method annotated with @DirtiesContext [false] with mode [null]
2024-09-10T20:48:08.885+09:00 TRACE 86442 --- [learn-spring-boot] [           main] c.DefaultCacheAwareContextLoaderDelegate : Retrieved ApplicationContext [1638249646] from cache with key [WebMergedContextConfiguration@51e7589f testClass = com.in28minutes.springboot.learn_spring_boot.LearnSpringBootApplicationTests, locations = [], classes = [com.in28minutes.springboot.learn_spring_boot.LearnSpringBootApplication], contextInitializerClasses = [], activeProfiles = [], propertySourceDescriptors = [], propertySourceProperties = ["org.springframework.boot.test.context.SpringBootTestContextBootstrapper=true"], contextCustomizers = [org.springframework.boot.test.context.filter.ExcludeFilterContextCustomizer@4f32a3ad, org.springframework.boot.test.json.DuplicateJsonObjectContextCustomizerFactory$DuplicateJsonObjectContextCustomizer@7d900ecf, org.springframework.boot.test.mock.mockito.MockitoContextCustomizer@0, org.springframework.boot.test.web.client.TestRestTemplateContextCustomizer@5b38c1ec, org.springframework.boot.test.web.reactor.netty.DisableReactorResourceFactoryGlobalResourcesContextCustomizerFactory$DisableReactorResourceFactoryGlobalResourcesContextCustomizerCustomizer@2dfaea86, org.springframework.boot.test.autoconfigure.actuate.observability.ObservabilityContextCustomizerFactory$DisableObservabilityContextCustomizer@1f, org.springframework.boot.test.autoconfigure.properties.PropertyMappingContextCustomizer@0, org.springframework.boot.test.autoconfigure.web.servlet.WebDriverContextCustomizer@446a1e84, org.springframework.test.context.support.DynamicPropertiesContextCustomizer@0, org.springframework.boot.test.context.SpringBootTestAnnotation@1f88b976], resourceBasePath = "src/main/webapp", contextLoader = org.springframework.boot.test.context.SpringBootContextLoader, parent = null]
2024-09-10T20:48:08.885+09:00 DEBUG 86442 --- [learn-spring-boot] [           main] org.springframework.test.context.cache   : Spring test ApplicationContext cache statistics: [DefaultContextCache@65cc5252 size = 1, maxSize = 32, parentContextCount = 0, hitCount = 3, missCount = 1, failureCount = 0]
2024-09-10T20:48:08.886+09:00 TRACE 86442 --- [learn-spring-boot] [           main] o.s.b.f.s.DefaultListableBeanFactory     : Returning cached instance of singleton bean 'startupTimeMetrics'
2024-09-10T20:48:08.886+09:00 TRACE 86442 --- [learn-spring-boot] [           main] c.DefaultCacheAwareContextLoaderDelegate : Retrieved ApplicationContext [1638249646] from cache with key [WebMergedContextConfiguration@51e7589f testClass = com.in28minutes.springboot.learn_spring_boot.LearnSpringBootApplicationTests, locations = [], classes = [com.in28minutes.springboot.learn_spring_boot.LearnSpringBootApplication], contextInitializerClasses = [], activeProfiles = [], propertySourceDescriptors = [], propertySourceProperties = ["org.springframework.boot.test.context.SpringBootTestContextBootstrapper=true"], contextCustomizers = [org.springframework.boot.test.context.filter.ExcludeFilterContextCustomizer@4f32a3ad, org.springframework.boot.test.json.DuplicateJsonObjectContextCustomizerFactory$DuplicateJsonObjectContextCustomizer@7d900ecf, org.springframework.boot.test.mock.mockito.MockitoContextCustomizer@0, org.springframework.boot.test.web.client.TestRestTemplateContextCustomizer@5b38c1ec, org.springframework.boot.test.web.reactor.netty.DisableReactorResourceFactoryGlobalResourcesContextCustomizerFactory$DisableReactorResourceFactoryGlobalResourcesContextCustomizerCustomizer@2dfaea86, org.springframework.boot.test.autoconfigure.actuate.observability.ObservabilityContextCustomizerFactory$DisableObservabilityContextCustomizer@1f, org.springframework.boot.test.autoconfigure.properties.PropertyMappingContextCustomizer@0, org.springframework.boot.test.autoconfigure.web.servlet.WebDriverContextCustomizer@446a1e84, org.springframework.test.context.support.DynamicPropertiesContextCustomizer@0, org.springframework.boot.test.context.SpringBootTestAnnotation@1f88b976], resourceBasePath = "src/main/webapp", contextLoader = org.springframework.boot.test.context.SpringBootContextLoader, parent = null]
2024-09-10T20:48:08.886+09:00 DEBUG 86442 --- [learn-spring-boot] [           main] org.springframework.test.context.cache   : Spring test ApplicationContext cache statistics: [DefaultContextCache@65cc5252 size = 1, maxSize = 32, parentContextCount = 0, hitCount = 4, missCount = 1, failureCount = 0]
2024-09-10T20:48:08.886+09:00 TRACE 86442 --- [learn-spring-boot] [           main] o.s.b.f.s.DefaultListableBeanFactory     : Returning cached instance of singleton bean 'org.springframework.boot.test.mock.mockito.MockitoPostProcessor$SpyPostProcessor'
2024-09-10T20:48:09.396+09:00 TRACE 86442 --- [learn-spring-boot] [           main] o.s.b.f.s.DefaultListableBeanFactory     : Returning cached instance of singleton bean 'org.springframework.boot.test.mock.mockito.MockitoPostProcessor'
2024-09-10T20:48:09.396+09:00 TRACE 86442 --- [learn-spring-boot] [           main] o.s.b.f.s.DefaultListableBeanFactory     : Returning cached instance of singleton bean 'org.springframework.test.context.support.DynamicPropertiesContextCustomizer.dynamicPropertySourceBeanInitializer'
2024-09-10T20:48:09.396+09:00 TRACE 86442 --- [learn-spring-boot] [           main] o.s.b.f.s.DefaultListableBeanFactory     : Returning cached instance of singleton bean 'org.springframework.context.annotation.internalConfigurationAnnotationProcessor'
2024-09-10T20:48:09.396+09:00 TRACE 86442 --- [learn-spring-boot] [           main] o.s.b.f.s.DefaultListableBeanFactory     : Returning cached instance of singleton bean 'org.springframework.context.annotation.internalAutowiredAnnotationProcessor'
2024-09-10T20:48:09.396+09:00 TRACE 86442 --- [learn-spring-boot] [           main] o.s.b.f.s.DefaultListableBeanFactory     : Returning cached instance of singleton bean 'org.springframework.context.annotation.internalCommonAnnotationProcessor'
2024-09-10T20:48:09.396+09:00 TRACE 86442 --- [learn-spring-boot] [           main] o.s.b.f.s.DefaultListableBeanFactory     : Returning cached instance of singleton bean 'org.springframework.context.event.internalEventListenerProcessor'
2024-09-10T20:48:09.396+09:00 TRACE 86442 --- [learn-spring-boot] [           main] o.s.b.f.s.DefaultListableBeanFactory     : Returning cached instance of singleton bean 'org.springframework.context.event.internalEventListenerFactory'
2024-09-10T20:48:09.396+09:00 TRACE 86442 --- [learn-spring-boot] [           main] o.s.b.f.s.DefaultListableBeanFactory     : Returning cached instance of singleton bean 'learnSpringBootApplication'
2024-09-10T20:48:09.396+09:00 TRACE 86442 --- [learn-spring-boot] [           main] o.s.b.f.s.DefaultListableBeanFactory     : Returning cached instance of singleton bean 'org.springframework.boot.autoconfigure.internalCachingMetadataReaderFactory'
2024-09-10T20:48:09.396+09:00 TRACE 86442 --- [learn-spring-boot] [           main] o.s.b.f.s.DefaultListableBeanFactory     : Returning cached instance of singleton bean 'org.springframework.boot.autoconfigure.internalCachingMetadataReaderFactory'
2024-09-10T20:48:09.396+09:00 TRACE 86442 --- [learn-spring-boot] [           main] o.s.b.f.s.DefaultListableBeanFactory     : Returning cached instance of singleton bean 'courseController'
2024-09-10T20:48:09.396+09:00 TRACE 86442 --- [learn-spring-boot] [           main] o.s.b.f.s.DefaultListableBeanFactory     : Returning cached instance of singleton bean 'currencyConfigurationController'
2024-09-10T20:48:09.396+09:00 TRACE 86442 --- [learn-spring-boot] [           main] o.s.b.f.s.DefaultListableBeanFactory     : Returning cached instance of singleton bean 'currencyServiceConfiguration'
2024-09-10T20:48:09.396+09:00 TRACE 86442 --- [learn-spring-boot] [           main] o.s.b.f.s.DefaultListableBeanFactory     : Returning cached instance of singleton bean 'org.springframework.boot.autoconfigure.AutoConfigurationPackages'
2024-09-10T20:48:09.396+09:00 TRACE 86442 --- [learn-spring-boot] [           main] o.s.b.f.s.DefaultListableBeanFactory     : Returning cached instance of singleton bean 'org.springframework.boot.autoconfigure.context.PropertyPlaceholderAutoConfiguration'
2024-09-10T20:48:09.396+09:00 TRACE 86442 --- [learn-spring-boot] [           main] o.s.b.f.s.DefaultListableBeanFactory     : Returning cached instance of singleton bean 'propertySourcesPlaceholderConfigurer'
2024-09-10T20:48:09.396+09:00 TRACE 86442 --- [learn-spring-boot] [           main] o.s.b.f.s.DefaultListableBeanFactory     : Returning cached instance of singleton bean 'org.springframework.boot.autoconfigure.ssl.SslAutoConfiguration'
2024-09-10T20:48:09.396+09:00 TRACE 86442 --- [learn-spring-boot] [           main] o.s.b.f.s.DefaultListableBeanFactory     : Returning cached instance of singleton bean 'fileWatcher'
2024-09-10T20:48:09.396+09:00 TRACE 86442 --- [learn-spring-boot] [           main] o.s.b.f.s.DefaultListableBeanFactory     : Returning cached instance of singleton bean 'sslPropertiesSslBundleRegistrar'
2024-09-10T20:48:09.396+09:00 TRACE 86442 --- [learn-spring-boot] [           main] o.s.b.f.s.DefaultListableBeanFactory     : Returning cached instance of singleton bean 'sslBundleRegistry'
2024-09-10T20:48:09.396+09:00 TRACE 86442 --- [learn-spring-boot] [           main] o.s.b.f.s.DefaultListableBeanFactory     : Returning cached instance of singleton bean 'org.springframework.boot.context.properties.ConfigurationPropertiesBindingPostProcessor'
2024-09-10T20:48:09.396+09:00 TRACE 86442 --- [learn-spring-boot] [           main] o.s.b.f.s.DefaultListableBeanFactory     : Returning cached instance of singleton bean 'org.springframework.boot.context.internalConfigurationPropertiesBinder'
2024-09-10T20:48:09.396+09:00 TRACE 86442 --- [learn-spring-boot] [           main] o.s.b.f.s.DefaultListableBeanFactory     : Returning cached instance of singleton bean 'org.springframework.boot.context.internalConfigurationPropertiesBinder'
2024-09-10T20:48:09.396+09:00 TRACE 86442 --- [learn-spring-boot] [           main] o.s.b.f.s.DefaultListableBeanFactory     : Returning cached instance of singleton bean 'org.springframework.boot.context.properties.BoundConfigurationProperties'
2024-09-10T20:48:09.397+09:00 TRACE 86442 --- [learn-spring-boot] [           main] o.s.b.f.s.DefaultListableBeanFactory     : Returning cached instance of singleton bean 'org.springframework.boot.context.properties.EnableConfigurationPropertiesRegistrar.methodValidationExcludeFilter'
2024-09-10T20:48:09.397+09:00 TRACE 86442 --- [learn-spring-boot] [           main] o.s.b.f.s.DefaultListableBeanFactory     : Returning cached instance of singleton bean 'spring.ssl-org.springframework.boot.autoconfigure.ssl.SslProperties'
2024-09-10T20:48:09.397+09:00 TRACE 86442 --- [learn-spring-boot] [           main] o.s.b.f.s.DefaultListableBeanFactory     : Returning cached instance of singleton bean 'org.springframework.boot.autoconfigure.websocket.servlet.WebSocketServletAutoConfiguration$TomcatWebSocketConfiguration'
2024-09-10T20:48:09.397+09:00 TRACE 86442 --- [learn-spring-boot] [           main] o.s.b.f.s.DefaultListableBeanFactory     : Returning cached instance of singleton bean 'websocketServletWebServerCustomizer'
2024-09-10T20:48:09.397+09:00 TRACE 86442 --- [learn-spring-boot] [           main] o.s.b.f.s.DefaultListableBeanFactory     : Returning cached instance of singleton bean 'org.springframework.boot.autoconfigure.websocket.servlet.WebSocketServletAutoConfiguration'
2024-09-10T20:48:09.397+09:00 TRACE 86442 --- [learn-spring-boot] [           main] o.s.b.f.s.DefaultListableBeanFactory     : Returning cached instance of singleton bean 'org.springframework.boot.autoconfigure.web.servlet.ServletWebServerFactoryConfiguration$EmbeddedTomcat'
2024-09-10T20:48:09.397+09:00 TRACE 86442 --- [learn-spring-boot] [           main] o.s.b.f.s.DefaultListableBeanFactory     : Returning cached instance of singleton bean 'tomcatServletWebServerFactory'
2024-09-10T20:48:09.397+09:00 TRACE 86442 --- [learn-spring-boot] [           main] o.s.b.f.s.DefaultListableBeanFactory     : Returning cached instance of singleton bean 'org.springframework.boot.autoconfigure.web.servlet.ServletWebServerFactoryAutoConfiguration'
2024-09-10T20:48:09.397+09:00 TRACE 86442 --- [learn-spring-boot] [           main] o.s.b.f.s.DefaultListableBeanFactory     : Returning cached instance of singleton bean 'servletWebServerFactoryCustomizer'
2024-09-10T20:48:09.397+09:00 TRACE 86442 --- [learn-spring-boot] [           main] o.s.b.f.s.DefaultListableBeanFactory     : Returning cached instance of singleton bean 'tomcatServletWebServerFactoryCustomizer'
2024-09-10T20:48:09.397+09:00 TRACE 86442 --- [learn-spring-boot] [           main] o.s.b.f.s.DefaultListableBeanFactory     : Returning cached instance of singleton bean 'server-org.springframework.boot.autoconfigure.web.ServerProperties'
2024-09-10T20:48:09.397+09:00 TRACE 86442 --- [learn-spring-boot] [           main] o.s.b.f.s.DefaultListableBeanFactory     : Returning cached instance of singleton bean 'webServerFactoryCustomizerBeanPostProcessor'
2024-09-10T20:48:09.397+09:00 TRACE 86442 --- [learn-spring-boot] [           main] o.s.b.f.s.DefaultListableBeanFactory     : Returning cached instance of singleton bean 'errorPageRegistrarBeanPostProcessor'
2024-09-10T20:48:09.397+09:00 TRACE 86442 --- [learn-spring-boot] [           main] o.s.b.f.s.DefaultListableBeanFactory     : Returning cached instance of singleton bean 'org.springframework.boot.autoconfigure.web.servlet.DispatcherServletAutoConfiguration$DispatcherServletConfiguration'
2024-09-10T20:48:09.397+09:00 TRACE 86442 --- [learn-spring-boot] [           main] o.s.b.f.s.DefaultListableBeanFactory     : Returning cached instance of singleton bean 'dispatcherServlet'
2024-09-10T20:48:09.397+09:00 TRACE 86442 --- [learn-spring-boot] [           main] o.s.b.f.s.DefaultListableBeanFactory     : Returning cached instance of singleton bean 'spring.mvc-org.springframework.boot.autoconfigure.web.servlet.WebMvcProperties'
2024-09-10T20:48:09.397+09:00 TRACE 86442 --- [learn-spring-boot] [           main] o.s.b.f.s.DefaultListableBeanFactory     : Returning cached instance of singleton bean 'org.springframework.boot.autoconfigure.web.servlet.DispatcherServletAutoConfiguration$DispatcherServletRegistrationConfiguration'
2024-09-10T20:48:09.397+09:00 TRACE 86442 --- [learn-spring-boot] [           main] o.s.b.f.s.DefaultListableBeanFactory     : Returning cached instance of singleton bean 'dispatcherServletRegistration'
2024-09-10T20:48:09.397+09:00 TRACE 86442 --- [learn-spring-boot] [           main] o.s.b.f.s.DefaultListableBeanFactory     : Returning cached instance of singleton bean 'org.springframework.boot.autoconfigure.web.servlet.DispatcherServletAutoConfiguration'
2024-09-10T20:48:09.397+09:00 TRACE 86442 --- [learn-spring-boot] [           main] o.s.b.f.s.DefaultListableBeanFactory     : Returning cached instance of singleton bean 'org.springframework.boot.autoconfigure.task.TaskExecutorConfigurations$ThreadPoolTaskExecutorBuilderConfiguration'
2024-09-10T20:48:09.397+09:00 TRACE 86442 --- [learn-spring-boot] [           main] o.s.b.f.s.DefaultListableBeanFactory     : Returning cached instance of singleton bean 'threadPoolTaskExecutorBuilder'
2024-09-10T20:48:09.397+09:00 TRACE 86442 --- [learn-spring-boot] [           main] o.s.b.f.s.DefaultListableBeanFactory     : Returning cached instance of singleton bean 'org.springframework.boot.autoconfigure.task.TaskExecutorConfigurations$SimpleAsyncTaskExecutorBuilderConfiguration'
2024-09-10T20:48:09.397+09:00 TRACE 86442 --- [learn-spring-boot] [           main] o.s.b.f.s.DefaultListableBeanFactory     : Returning cached instance of singleton bean 'simpleAsyncTaskExecutorBuilder'
2024-09-10T20:48:09.397+09:00 TRACE 86442 --- [learn-spring-boot] [           main] o.s.b.f.s.DefaultListableBeanFactory     : Returning cached instance of singleton bean 'org.springframework.boot.autoconfigure.task.TaskExecutorConfigurations$TaskExecutorConfiguration'
2024-09-10T20:48:09.397+09:00 TRACE 86442 --- [learn-spring-boot] [           main] o.s.b.f.s.DefaultListableBeanFactory     : Returning cached instance of singleton bean 'applicationTaskExecutor'
2024-09-10T20:48:09.397+09:00 TRACE 86442 --- [learn-spring-boot] [           main] o.s.b.f.s.DefaultListableBeanFactory     : Returning cached instance of singleton bean 'org.springframework.boot.autoconfigure.task.TaskExecutionAutoConfiguration'
2024-09-10T20:48:09.397+09:00 TRACE 86442 --- [learn-spring-boot] [           main] o.s.b.f.s.DefaultListableBeanFactory     : Returning cached instance of singleton bean 'spring.task.execution-org.springframework.boot.autoconfigure.task.TaskExecutionProperties'
2024-09-10T20:48:09.397+09:00 TRACE 86442 --- [learn-spring-boot] [           main] o.s.b.f.s.DefaultListableBeanFactory     : Returning cached instance of singleton bean 'org.springframework.boot.autoconfigure.web.servlet.error.ErrorMvcAutoConfiguration$WhitelabelErrorViewConfiguration'
2024-09-10T20:48:09.397+09:00 TRACE 86442 --- [learn-spring-boot] [           main] o.s.b.f.s.DefaultListableBeanFactory     : Returning cached instance of singleton bean 'error'
2024-09-10T20:48:09.397+09:00 TRACE 86442 --- [learn-spring-boot] [           main] o.s.b.f.s.DefaultListableBeanFactory     : Returning cached instance of singleton bean 'beanNameViewResolver'
2024-09-10T20:48:09.397+09:00 TRACE 86442 --- [learn-spring-boot] [           main] o.s.b.f.s.DefaultListableBeanFactory     : Returning cached instance of singleton bean 'org.springframework.boot.autoconfigure.web.servlet.error.ErrorMvcAutoConfiguration$DefaultErrorViewResolverConfiguration'
2024-09-10T20:48:09.397+09:00 TRACE 86442 --- [learn-spring-boot] [           main] o.s.b.f.s.DefaultListableBeanFactory     : Returning cached instance of singleton bean 'conventionErrorViewResolver'
2024-09-10T20:48:09.397+09:00 TRACE 86442 --- [learn-spring-boot] [           main] o.s.b.f.s.DefaultListableBeanFactory     : Returning cached instance of singleton bean 'spring.web-org.springframework.boot.autoconfigure.web.WebProperties'
2024-09-10T20:48:09.397+09:00 TRACE 86442 --- [learn-spring-boot] [           main] o.s.b.f.s.DefaultListableBeanFactory     : Returning cached instance of singleton bean 'org.springframework.boot.autoconfigure.web.servlet.error.ErrorMvcAutoConfiguration'
2024-09-10T20:48:09.397+09:00 TRACE 86442 --- [learn-spring-boot] [           main] o.s.b.f.s.DefaultListableBeanFactory     : Returning cached instance of singleton bean 'errorAttributes'
2024-09-10T20:48:09.397+09:00 TRACE 86442 --- [learn-spring-boot] [           main] o.s.b.f.s.DefaultListableBeanFactory     : Returning cached instance of singleton bean 'basicErrorController'
2024-09-10T20:48:09.397+09:00 TRACE 86442 --- [learn-spring-boot] [           main] o.s.b.f.s.DefaultListableBeanFactory     : Returning cached instance of singleton bean 'errorPageCustomizer'
2024-09-10T20:48:09.397+09:00 TRACE 86442 --- [learn-spring-boot] [           main] o.s.b.f.s.DefaultListableBeanFactory     : Returning cached instance of singleton bean 'preserveErrorControllerTargetClassPostProcessor'
2024-09-10T20:48:09.397+09:00 TRACE 86442 --- [learn-spring-boot] [           main] o.s.b.f.s.DefaultListableBeanFactory     : Returning cached instance of singleton bean 'org.springframework.boot.autoconfigure.web.servlet.WebMvcAutoConfiguration$EnableWebMvcConfiguration'
2024-09-10T20:48:09.397+09:00 TRACE 86442 --- [learn-spring-boot] [           main] o.s.b.f.s.DefaultListableBeanFactory     : Returning cached instance of singleton bean 'welcomePageHandlerMapping'
2024-09-10T20:48:09.397+09:00 TRACE 86442 --- [learn-spring-boot] [           main] o.s.b.f.s.DefaultListableBeanFactory     : Returning cached instance of singleton bean 'welcomePageNotAcceptableHandlerMapping'
2024-09-10T20:48:09.397+09:00 TRACE 86442 --- [learn-spring-boot] [           main] o.s.b.f.s.DefaultListableBeanFactory     : Returning cached instance of singleton bean 'localeResolver'
2024-09-10T20:48:09.397+09:00 TRACE 86442 --- [learn-spring-boot] [           main] o.s.b.f.s.DefaultListableBeanFactory     : Returning cached instance of singleton bean 'themeResolver'
2024-09-10T20:48:09.397+09:00 TRACE 86442 --- [learn-spring-boot] [           main] o.s.b.f.s.DefaultListableBeanFactory     : Returning cached instance of singleton bean 'flashMapManager'
2024-09-10T20:48:09.397+09:00 TRACE 86442 --- [learn-spring-boot] [           main] o.s.b.f.s.DefaultListableBeanFactory     : Returning cached instance of singleton bean 'viewNameTranslator'
2024-09-10T20:48:09.397+09:00 TRACE 86442 --- [learn-spring-boot] [           main] o.s.b.f.s.DefaultListableBeanFactory     : Returning cached instance of singleton bean 'mvcConversionService'
2024-09-10T20:48:09.397+09:00 TRACE 86442 --- [learn-spring-boot] [           main] o.s.b.f.s.DefaultListableBeanFactory     : Returning cached instance of singleton bean 'mvcValidator'
2024-09-10T20:48:09.397+09:00 TRACE 86442 --- [learn-spring-boot] [           main] o.s.b.f.s.DefaultListableBeanFactory     : Returning cached instance of singleton bean 'mvcContentNegotiationManager'
2024-09-10T20:48:09.397+09:00 TRACE 86442 --- [learn-spring-boot] [           main] o.s.b.f.s.DefaultListableBeanFactory     : Returning cached instance of singleton bean 'requestMappingHandlerMapping'
2024-09-10T20:48:09.397+09:00 TRACE 86442 --- [learn-spring-boot] [           main] o.s.b.f.s.DefaultListableBeanFactory     : Returning cached instance of singleton bean 'mvcPatternParser'
2024-09-10T20:48:09.397+09:00 TRACE 86442 --- [learn-spring-boot] [           main] o.s.b.f.s.DefaultListableBeanFactory     : Returning cached instance of singleton bean 'mvcUrlPathHelper'
2024-09-10T20:48:09.397+09:00 TRACE 86442 --- [learn-spring-boot] [           main] o.s.b.f.s.DefaultListableBeanFactory     : Returning cached instance of singleton bean 'mvcPathMatcher'
2024-09-10T20:48:09.397+09:00 TRACE 86442 --- [learn-spring-boot] [           main] o.s.b.f.s.DefaultListableBeanFactory     : Returning cached instance of singleton bean 'viewControllerHandlerMapping'
2024-09-10T20:48:09.397+09:00 TRACE 86442 --- [learn-spring-boot] [           main] o.s.b.f.s.DefaultListableBeanFactory     : Returning cached instance of singleton bean 'beanNameHandlerMapping'
2024-09-10T20:48:09.397+09:00 TRACE 86442 --- [learn-spring-boot] [           main] o.s.b.f.s.DefaultListableBeanFactory     : Returning cached instance of singleton bean 'routerFunctionMapping'
2024-09-10T20:48:09.397+09:00 TRACE 86442 --- [learn-spring-boot] [           main] o.s.b.f.s.DefaultListableBeanFactory     : Returning cached instance of singleton bean 'resourceHandlerMapping'
2024-09-10T20:48:09.397+09:00 TRACE 86442 --- [learn-spring-boot] [           main] o.s.b.f.s.DefaultListableBeanFactory     : Returning cached instance of singleton bean 'mvcResourceUrlProvider'
2024-09-10T20:48:09.397+09:00 TRACE 86442 --- [learn-spring-boot] [           main] o.s.b.f.s.DefaultListableBeanFactory     : Returning cached instance of singleton bean 'defaultServletHandlerMapping'
2024-09-10T20:48:09.397+09:00 TRACE 86442 --- [learn-spring-boot] [           main] o.s.b.f.s.DefaultListableBeanFactory     : Returning cached instance of singleton bean 'requestMappingHandlerAdapter'
2024-09-10T20:48:09.397+09:00 TRACE 86442 --- [learn-spring-boot] [           main] o.s.b.f.s.DefaultListableBeanFactory     : Returning cached instance of singleton bean 'handlerFunctionAdapter'
2024-09-10T20:48:09.397+09:00 TRACE 86442 --- [learn-spring-boot] [           main] o.s.b.f.s.DefaultListableBeanFactory     : Returning cached instance of singleton bean 'mvcUriComponentsContributor'
2024-09-10T20:48:09.397+09:00 TRACE 86442 --- [learn-spring-boot] [           main] o.s.b.f.s.DefaultListableBeanFactory     : Returning cached instance of singleton bean 'httpRequestHandlerAdapter'
2024-09-10T20:48:09.397+09:00 TRACE 86442 --- [learn-spring-boot] [           main] o.s.b.f.s.DefaultListableBeanFactory     : Returning cached instance of singleton bean 'simpleControllerHandlerAdapter'
2024-09-10T20:48:09.397+09:00 TRACE 86442 --- [learn-spring-boot] [           main] o.s.b.f.s.DefaultListableBeanFactory     : Returning cached instance of singleton bean 'handlerExceptionResolver'
2024-09-10T20:48:09.397+09:00 TRACE 86442 --- [learn-spring-boot] [           main] o.s.b.f.s.DefaultListableBeanFactory     : Returning cached instance of singleton bean 'mvcViewResolver'
2024-09-10T20:48:09.397+09:00 TRACE 86442 --- [learn-spring-boot] [           main] o.s.b.f.s.DefaultListableBeanFactory     : Returning cached instance of singleton bean 'org.springframework.boot.autoconfigure.web.servlet.WebMvcAutoConfiguration$WebMvcAutoConfigurationAdapter'
2024-09-10T20:48:09.397+09:00 TRACE 86442 --- [learn-spring-boot] [           main] o.s.b.f.s.DefaultListableBeanFactory     : Returning cached instance of singleton bean 'defaultViewResolver'
2024-09-10T20:48:09.397+09:00 TRACE 86442 --- [learn-spring-boot] [           main] o.s.b.f.s.DefaultListableBeanFactory     : Returning cached instance of singleton bean 'viewResolver'
2024-09-10T20:48:09.397+09:00 TRACE 86442 --- [learn-spring-boot] [           main] o.s.b.f.s.DefaultListableBeanFactory     : Returning cached instance of singleton bean 'requestContextFilter'
2024-09-10T20:48:09.397+09:00 TRACE 86442 --- [learn-spring-boot] [           main] o.s.b.f.s.DefaultListableBeanFactory     : Returning cached instance of singleton bean 'org.springframework.boot.autoconfigure.web.servlet.WebMvcAutoConfiguration'
2024-09-10T20:48:09.397+09:00 TRACE 86442 --- [learn-spring-boot] [           main] o.s.b.f.s.DefaultListableBeanFactory     : Returning cached instance of singleton bean 'formContentFilter'
2024-09-10T20:48:09.397+09:00 TRACE 86442 --- [learn-spring-boot] [           main] o.s.b.f.s.DefaultListableBeanFactory     : Returning cached instance of singleton bean 'org.springframework.boot.autoconfigure.availability.ApplicationAvailabilityAutoConfiguration'
2024-09-10T20:48:09.397+09:00 TRACE 86442 --- [learn-spring-boot] [           main] o.s.b.f.s.DefaultListableBeanFactory     : Returning cached instance of singleton bean 'applicationAvailability'
2024-09-10T20:48:09.397+09:00 TRACE 86442 --- [learn-spring-boot] [           main] o.s.b.f.s.DefaultListableBeanFactory     : Returning cached instance of singleton bean 'org.springframework.boot.actuate.autoconfigure.availability.AvailabilityHealthContributorAutoConfiguration'
2024-09-10T20:48:09.397+09:00 TRACE 86442 --- [learn-spring-boot] [           main] o.s.b.f.s.DefaultListableBeanFactory     : Returning cached instance of singleton bean 'org.springframework.boot.autoconfigure.jackson.JacksonAutoConfiguration$Jackson2ObjectMapperBuilderCustomizerConfiguration'
2024-09-10T20:48:09.397+09:00 TRACE 86442 --- [learn-spring-boot] [           main] o.s.b.f.s.DefaultListableBeanFactory     : Returning cached instance of singleton bean 'standardJacksonObjectMapperBuilderCustomizer'
2024-09-10T20:48:09.397+09:00 TRACE 86442 --- [learn-spring-boot] [           main] o.s.b.f.s.DefaultListableBeanFactory     : Returning cached instance of singleton bean 'spring.jackson-org.springframework.boot.autoconfigure.jackson.JacksonProperties'
2024-09-10T20:48:09.397+09:00 TRACE 86442 --- [learn-spring-boot] [           main] o.s.b.f.s.DefaultListableBeanFactory     : Returning cached instance of singleton bean 'org.springframework.boot.autoconfigure.jackson.JacksonAutoConfiguration$JacksonObjectMapperBuilderConfiguration'
2024-09-10T20:48:09.397+09:00 TRACE 86442 --- [learn-spring-boot] [           main] o.s.b.f.s.DefaultListableBeanFactory     : Returning cached instance of singleton bean 'org.springframework.boot.autoconfigure.jackson.JacksonAutoConfiguration$ParameterNamesModuleConfiguration'
2024-09-10T20:48:09.398+09:00 TRACE 86442 --- [learn-spring-boot] [           main] o.s.b.f.s.DefaultListableBeanFactory     : Returning cached instance of singleton bean 'parameterNamesModule'
2024-09-10T20:48:09.398+09:00 TRACE 86442 --- [learn-spring-boot] [           main] o.s.b.f.s.DefaultListableBeanFactory     : Returning cached instance of singleton bean 'org.springframework.boot.autoconfigure.jackson.JacksonAutoConfiguration$JacksonObjectMapperConfiguration'
2024-09-10T20:48:09.398+09:00 TRACE 86442 --- [learn-spring-boot] [           main] o.s.b.f.s.DefaultListableBeanFactory     : Returning cached instance of singleton bean 'jacksonObjectMapper'
2024-09-10T20:48:09.398+09:00 TRACE 86442 --- [learn-spring-boot] [           main] o.s.b.f.s.DefaultListableBeanFactory     : Returning cached instance of singleton bean 'org.springframework.boot.autoconfigure.jackson.JacksonAutoConfiguration$JacksonMixinConfiguration'
2024-09-10T20:48:09.398+09:00 TRACE 86442 --- [learn-spring-boot] [           main] o.s.b.f.s.DefaultListableBeanFactory     : Returning cached instance of singleton bean 'jsonMixinModuleEntries'
2024-09-10T20:48:09.398+09:00 TRACE 86442 --- [learn-spring-boot] [           main] o.s.b.f.s.DefaultListableBeanFactory     : Returning cached instance of singleton bean 'jsonMixinModule'
2024-09-10T20:48:09.398+09:00 TRACE 86442 --- [learn-spring-boot] [           main] o.s.b.f.s.DefaultListableBeanFactory     : Returning cached instance of singleton bean 'org.springframework.boot.autoconfigure.jackson.JacksonAutoConfiguration'
2024-09-10T20:48:09.398+09:00 TRACE 86442 --- [learn-spring-boot] [           main] o.s.b.f.s.DefaultListableBeanFactory     : Returning cached instance of singleton bean 'jsonComponentModule'
2024-09-10T20:48:09.398+09:00 TRACE 86442 --- [learn-spring-boot] [           main] o.s.b.f.s.DefaultListableBeanFactory     : Returning cached instance of singleton bean 'org.springframework.boot.actuate.autoconfigure.health.HealthEndpointConfiguration'
2024-09-10T20:48:09.398+09:00 TRACE 86442 --- [learn-spring-boot] [           main] o.s.b.f.s.DefaultListableBeanFactory     : Returning cached instance of singleton bean 'healthStatusAggregator'
2024-09-10T20:48:09.398+09:00 TRACE 86442 --- [learn-spring-boot] [           main] o.s.b.f.s.DefaultListableBeanFactory     : Returning cached instance of singleton bean 'healthHttpCodeStatusMapper'
2024-09-10T20:48:09.398+09:00 TRACE 86442 --- [learn-spring-boot] [           main] o.s.b.f.s.DefaultListableBeanFactory     : Returning cached instance of singleton bean 'healthEndpointGroups'
2024-09-10T20:48:09.398+09:00 TRACE 86442 --- [learn-spring-boot] [           main] o.s.b.f.s.DefaultListableBeanFactory     : Returning cached instance of singleton bean 'healthContributorRegistry'
2024-09-10T20:48:09.398+09:00 TRACE 86442 --- [learn-spring-boot] [           main] o.s.b.f.s.DefaultListableBeanFactory     : Returning cached instance of singleton bean 'healthEndpointGroupMembershipValidator'
2024-09-10T20:48:09.398+09:00 TRACE 86442 --- [learn-spring-boot] [           main] o.s.b.f.s.DefaultListableBeanFactory     : Returning cached instance of singleton bean 'healthEndpoint'
2024-09-10T20:48:09.398+09:00 TRACE 86442 --- [learn-spring-boot] [           main] o.s.b.f.s.DefaultListableBeanFactory     : Returning cached instance of singleton bean 'healthEndpointGroupsBeanPostProcessor'
2024-09-10T20:48:09.398+09:00 TRACE 86442 --- [learn-spring-boot] [           main] o.s.b.f.s.DefaultListableBeanFactory     : Returning cached instance of singleton bean 'org.springframework.boot.actuate.autoconfigure.health.HealthEndpointWebExtensionConfiguration$MvcAdditionalHealthEndpointPathsConfiguration'
2024-09-10T20:48:09.398+09:00 TRACE 86442 --- [learn-spring-boot] [           main] o.s.b.f.s.DefaultListableBeanFactory     : Returning cached instance of singleton bean 'healthEndpointWebMvcHandlerMapping'
2024-09-10T20:48:09.398+09:00 TRACE 86442 --- [learn-spring-boot] [           main] o.s.b.f.s.DefaultListableBeanFactory     : Returning cached instance of singleton bean 'org.springframework.boot.actuate.autoconfigure.health.HealthEndpointWebExtensionConfiguration'
2024-09-10T20:48:09.398+09:00 TRACE 86442 --- [learn-spring-boot] [           main] o.s.b.f.s.DefaultListableBeanFactory     : Returning cached instance of singleton bean 'healthEndpointWebExtension'
2024-09-10T20:48:09.398+09:00 TRACE 86442 --- [learn-spring-boot] [           main] o.s.b.f.s.DefaultListableBeanFactory     : Returning cached instance of singleton bean 'org.springframework.boot.actuate.autoconfigure.health.HealthEndpointAutoConfiguration'
2024-09-10T20:48:09.398+09:00 TRACE 86442 --- [learn-spring-boot] [           main] o.s.b.f.s.DefaultListableBeanFactory     : Returning cached instance of singleton bean 'management.endpoint.health-org.springframework.boot.actuate.autoconfigure.health.HealthEndpointProperties'
2024-09-10T20:48:09.398+09:00 TRACE 86442 --- [learn-spring-boot] [           main] o.s.b.f.s.DefaultListableBeanFactory     : Returning cached instance of singleton bean 'org.springframework.boot.autoconfigure.info.ProjectInfoAutoConfiguration'
2024-09-10T20:48:09.398+09:00 TRACE 86442 --- [learn-spring-boot] [           main] o.s.b.f.s.DefaultListableBeanFactory     : Returning cached instance of singleton bean 'spring.info-org.springframework.boot.autoconfigure.info.ProjectInfoProperties'
2024-09-10T20:48:09.398+09:00 TRACE 86442 --- [learn-spring-boot] [           main] o.s.b.f.s.DefaultListableBeanFactory     : Returning cached instance of singleton bean 'org.springframework.boot.actuate.autoconfigure.info.InfoContributorAutoConfiguration'
2024-09-10T20:48:09.398+09:00 TRACE 86442 --- [learn-spring-boot] [           main] o.s.b.f.s.DefaultListableBeanFactory     : Returning cached instance of singleton bean 'management.health.ssl-org.springframework.boot.actuate.autoconfigure.ssl.SslHealthIndicatorProperties'
2024-09-10T20:48:09.398+09:00 TRACE 86442 --- [learn-spring-boot] [           main] o.s.b.f.s.DefaultListableBeanFactory     : Returning cached instance of singleton bean 'management.info-org.springframework.boot.actuate.autoconfigure.info.InfoContributorProperties'
2024-09-10T20:48:09.398+09:00 TRACE 86442 --- [learn-spring-boot] [           main] o.s.b.f.s.DefaultListableBeanFactory     : Returning cached instance of singleton bean 'org.springframework.boot.actuate.autoconfigure.web.servlet.ServletManagementContextAutoConfiguration'
2024-09-10T20:48:09.398+09:00 TRACE 86442 --- [learn-spring-boot] [           main] o.s.b.f.s.DefaultListableBeanFactory     : Returning cached instance of singleton bean 'servletWebChildContextFactory'
2024-09-10T20:48:09.398+09:00 TRACE 86442 --- [learn-spring-boot] [           main] o.s.b.f.s.DefaultListableBeanFactory     : Returning cached instance of singleton bean 'managementServletContext'
2024-09-10T20:48:09.398+09:00 TRACE 86442 --- [learn-spring-boot] [           main] o.s.b.f.s.DefaultListableBeanFactory     : Returning cached instance of singleton bean 'org.springframework.boot.actuate.autoconfigure.endpoint.EndpointAutoConfiguration'
2024-09-10T20:48:09.398+09:00 TRACE 86442 --- [learn-spring-boot] [           main] o.s.b.f.s.DefaultListableBeanFactory     : Returning cached instance of singleton bean 'endpointOperationParameterMapper'
2024-09-10T20:48:09.398+09:00 TRACE 86442 --- [learn-spring-boot] [           main] o.s.b.f.s.DefaultListableBeanFactory     : Returning cached instance of singleton bean 'endpointCachingOperationInvokerAdvisor'
2024-09-10T20:48:09.398+09:00 TRACE 86442 --- [learn-spring-boot] [           main] o.s.b.f.s.DefaultListableBeanFactory     : Returning cached instance of singleton bean 'org.springframework.boot.actuate.autoconfigure.endpoint.jackson.JacksonEndpointAutoConfiguration'
2024-09-10T20:48:09.398+09:00 TRACE 86442 --- [learn-spring-boot] [           main] o.s.b.f.s.DefaultListableBeanFactory     : Returning cached instance of singleton bean 'endpointObjectMapper'
2024-09-10T20:48:09.398+09:00 TRACE 86442 --- [learn-spring-boot] [           main] o.s.b.f.s.DefaultListableBeanFactory     : Returning cached instance of singleton bean 'org.springframework.boot.actuate.autoconfigure.endpoint.web.WebEndpointAutoConfiguration$WebEndpointServletConfiguration'
2024-09-10T20:48:09.398+09:00 TRACE 86442 --- [learn-spring-boot] [           main] o.s.b.f.s.DefaultListableBeanFactory     : Returning cached instance of singleton bean 'servletEndpointDiscoverer'
2024-09-10T20:48:09.398+09:00 TRACE 86442 --- [learn-spring-boot] [           main] o.s.b.f.s.DefaultListableBeanFactory     : Returning cached instance of singleton bean 'org.springframework.boot.actuate.autoconfigure.endpoint.web.WebEndpointAutoConfiguration'
2024-09-10T20:48:09.398+09:00 TRACE 86442 --- [learn-spring-boot] [           main] o.s.b.f.s.DefaultListableBeanFactory     : Returning cached instance of singleton bean 'webEndpointPathMapper'
2024-09-10T20:48:09.398+09:00 TRACE 86442 --- [learn-spring-boot] [           main] o.s.b.f.s.DefaultListableBeanFactory     : Returning cached instance of singleton bean 'endpointMediaTypes'
2024-09-10T20:48:09.398+09:00 TRACE 86442 --- [learn-spring-boot] [           main] o.s.b.f.s.DefaultListableBeanFactory     : Returning cached instance of singleton bean 'webEndpointDiscoverer'
2024-09-10T20:48:09.398+09:00 TRACE 86442 --- [learn-spring-boot] [           main] o.s.b.f.s.DefaultListableBeanFactory     : Returning cached instance of singleton bean 'controllerEndpointDiscoverer'
2024-09-10T20:48:09.398+09:00 TRACE 86442 --- [learn-spring-boot] [           main] o.s.b.f.s.DefaultListableBeanFactory     : Returning cached instance of singleton bean 'pathMappedEndpoints'
2024-09-10T20:48:09.398+09:00 TRACE 86442 --- [learn-spring-boot] [           main] o.s.b.f.s.DefaultListableBeanFactory     : Returning cached instance of singleton bean 'webExposeExcludePropertyEndpointFilter'
2024-09-10T20:48:09.398+09:00 TRACE 86442 --- [learn-spring-boot] [           main] o.s.b.f.s.DefaultListableBeanFactory     : Returning cached instance of singleton bean 'controllerExposeExcludePropertyEndpointFilter'
2024-09-10T20:48:09.398+09:00 TRACE 86442 --- [learn-spring-boot] [           main] o.s.b.f.s.DefaultListableBeanFactory     : Returning cached instance of singleton bean 'management.endpoints.web-org.springframework.boot.actuate.autoconfigure.endpoint.web.WebEndpointProperties'
2024-09-10T20:48:09.398+09:00 TRACE 86442 --- [learn-spring-boot] [           main] o.s.b.f.s.DefaultListableBeanFactory     : Returning cached instance of singleton bean 'org.springframework.boot.actuate.autoconfigure.ssl.SslHealthContributorAutoConfiguration'
2024-09-10T20:48:09.398+09:00 TRACE 86442 --- [learn-spring-boot] [           main] o.s.b.f.s.DefaultListableBeanFactory     : Returning cached instance of singleton bean 'sslHealthIndicator'
2024-09-10T20:48:09.398+09:00 TRACE 86442 --- [learn-spring-boot] [           main] o.s.b.f.s.DefaultListableBeanFactory     : Returning cached instance of singleton bean 'sslInfo'
2024-09-10T20:48:09.398+09:00 TRACE 86442 --- [learn-spring-boot] [           main] o.s.b.f.s.DefaultListableBeanFactory     : Returning cached instance of singleton bean 'org.springframework.boot.actuate.autoconfigure.system.DiskSpaceHealthContributorAutoConfiguration'
2024-09-10T20:48:09.398+09:00 TRACE 86442 --- [learn-spring-boot] [           main] o.s.b.f.s.DefaultListableBeanFactory     : Returning cached instance of singleton bean 'diskSpaceHealthIndicator'
2024-09-10T20:48:09.398+09:00 TRACE 86442 --- [learn-spring-boot] [           main] o.s.b.f.s.DefaultListableBeanFactory     : Returning cached instance of singleton bean 'management.health.diskspace-org.springframework.boot.actuate.autoconfigure.system.DiskSpaceHealthIndicatorProperties'
2024-09-10T20:48:09.398+09:00 TRACE 86442 --- [learn-spring-boot] [           main] o.s.b.f.s.DefaultListableBeanFactory     : Returning cached instance of singleton bean 'org.springframework.boot.actuate.autoconfigure.health.HealthContributorAutoConfiguration'
2024-09-10T20:48:09.398+09:00 TRACE 86442 --- [learn-spring-boot] [           main] o.s.b.f.s.DefaultListableBeanFactory     : Returning cached instance of singleton bean 'pingHealthContributor'
2024-09-10T20:48:09.398+09:00 TRACE 86442 --- [learn-spring-boot] [           main] o.s.b.f.s.DefaultListableBeanFactory     : Returning cached instance of singleton bean 'org.springframework.boot.actuate.autoconfigure.metrics.MetricsAutoConfiguration'
2024-09-10T20:48:09.398+09:00 TRACE 86442 --- [learn-spring-boot] [           main] o.s.b.f.s.DefaultListableBeanFactory     : Returning cached instance of singleton bean 'micrometerClock'
2024-09-10T20:48:09.398+09:00 TRACE 86442 --- [learn-spring-boot] [           main] o.s.b.f.s.DefaultListableBeanFactory     : Returning cached instance of singleton bean 'meterRegistryPostProcessor'
2024-09-10T20:48:09.398+09:00 TRACE 86442 --- [learn-spring-boot] [           main] o.s.b.f.s.DefaultListableBeanFactory     : Returning cached instance of singleton bean 'propertiesMeterFilter'
2024-09-10T20:48:09.398+09:00 TRACE 86442 --- [learn-spring-boot] [           main] o.s.b.f.s.DefaultListableBeanFactory     : Returning cached instance of singleton bean 'meterRegistryCloser'
2024-09-10T20:48:09.398+09:00 TRACE 86442 --- [learn-spring-boot] [           main] o.s.b.f.s.DefaultListableBeanFactory     : Returning cached instance of singleton bean 'management.metrics-org.springframework.boot.actuate.autoconfigure.metrics.MetricsProperties'
2024-09-10T20:48:09.398+09:00 TRACE 86442 --- [learn-spring-boot] [           main] o.s.b.f.s.DefaultListableBeanFactory     : Returning cached instance of singleton bean 'org.springframework.boot.actuate.autoconfigure.metrics.export.simple.SimpleMetricsExportAutoConfiguration'
2024-09-10T20:48:09.398+09:00 TRACE 86442 --- [learn-spring-boot] [           main] o.s.b.f.s.DefaultListableBeanFactory     : Returning cached instance of singleton bean 'simpleMeterRegistry'
2024-09-10T20:48:09.398+09:00 TRACE 86442 --- [learn-spring-boot] [           main] o.s.b.f.s.DefaultListableBeanFactory     : Returning cached instance of singleton bean 'simpleConfig'
2024-09-10T20:48:09.398+09:00 TRACE 86442 --- [learn-spring-boot] [           main] o.s.b.f.s.DefaultListableBeanFactory     : Returning cached instance of singleton bean 'management.simple.metrics.export-org.springframework.boot.actuate.autoconfigure.metrics.export.simple.SimpleProperties'
2024-09-10T20:48:09.398+09:00 TRACE 86442 --- [learn-spring-boot] [           main] o.s.b.f.s.DefaultListableBeanFactory     : Returning cached instance of singleton bean 'org.springframework.boot.actuate.autoconfigure.metrics.CompositeMeterRegistryAutoConfiguration'
2024-09-10T20:48:09.398+09:00 TRACE 86442 --- [learn-spring-boot] [           main] o.s.b.f.s.DefaultListableBeanFactory     : Returning cached instance of singleton bean 'org.springframework.boot.actuate.autoconfigure.metrics.JvmMetricsAutoConfiguration'
2024-09-10T20:48:09.398+09:00 TRACE 86442 --- [learn-spring-boot] [           main] o.s.b.f.s.DefaultListableBeanFactory     : Returning cached instance of singleton bean 'jvmGcMetrics'
2024-09-10T20:48:09.398+09:00 TRACE 86442 --- [learn-spring-boot] [           main] o.s.b.f.s.DefaultListableBeanFactory     : Returning cached instance of singleton bean 'jvmHeapPressureMetrics'
2024-09-10T20:48:09.398+09:00 TRACE 86442 --- [learn-spring-boot] [           main] o.s.b.f.s.DefaultListableBeanFactory     : Returning cached instance of singleton bean 'jvmMemoryMetrics'
2024-09-10T20:48:09.398+09:00 TRACE 86442 --- [learn-spring-boot] [           main] o.s.b.f.s.DefaultListableBeanFactory     : Returning cached instance of singleton bean 'jvmThreadMetrics'
2024-09-10T20:48:09.398+09:00 TRACE 86442 --- [learn-spring-boot] [           main] o.s.b.f.s.DefaultListableBeanFactory     : Returning cached instance of singleton bean 'classLoaderMetrics'
2024-09-10T20:48:09.398+09:00 TRACE 86442 --- [learn-spring-boot] [           main] o.s.b.f.s.DefaultListableBeanFactory     : Returning cached instance of singleton bean 'jvmInfoMetrics'
2024-09-10T20:48:09.398+09:00 TRACE 86442 --- [learn-spring-boot] [           main] o.s.b.f.s.DefaultListableBeanFactory     : Returning cached instance of singleton bean 'jvmCompilationMetrics'
2024-09-10T20:48:09.398+09:00 TRACE 86442 --- [learn-spring-boot] [           main] o.s.b.f.s.DefaultListableBeanFactory     : Returning cached instance of singleton bean 'org.springframework.boot.actuate.autoconfigure.metrics.LogbackMetricsAutoConfiguration'
2024-09-10T20:48:09.398+09:00 TRACE 86442 --- [learn-spring-boot] [           main] o.s.b.f.s.DefaultListableBeanFactory     : Returning cached instance of singleton bean 'logbackMetrics'
2024-09-10T20:48:09.398+09:00 TRACE 86442 --- [learn-spring-boot] [           main] o.s.b.f.s.DefaultListableBeanFactory     : Returning cached instance of singleton bean 'org.springframework.boot.actuate.autoconfigure.metrics.SystemMetricsAutoConfiguration'
2024-09-10T20:48:09.398+09:00 TRACE 86442 --- [learn-spring-boot] [           main] o.s.b.f.s.DefaultListableBeanFactory     : Returning cached instance of singleton bean 'uptimeMetrics'
2024-09-10T20:48:09.398+09:00 TRACE 86442 --- [learn-spring-boot] [           main] o.s.b.f.s.DefaultListableBeanFactory     : Returning cached instance of singleton bean 'processorMetrics'
2024-09-10T20:48:09.398+09:00 TRACE 86442 --- [learn-spring-boot] [           main] o.s.b.f.s.DefaultListableBeanFactory     : Returning cached instance of singleton bean 'fileDescriptorMetrics'
2024-09-10T20:48:09.398+09:00 TRACE 86442 --- [learn-spring-boot] [           main] o.s.b.f.s.DefaultListableBeanFactory     : Returning cached instance of singleton bean 'diskSpaceMetrics'
2024-09-10T20:48:09.398+09:00 TRACE 86442 --- [learn-spring-boot] [           main] o.s.b.f.s.DefaultListableBeanFactory     : Returning cached instance of singleton bean 'org.springframework.boot.actuate.autoconfigure.metrics.integration.IntegrationMetricsAutoConfiguration'
2024-09-10T20:48:09.398+09:00 TRACE 86442 --- [learn-spring-boot] [           main] o.s.b.f.s.DefaultListableBeanFactory     : Returning cached instance of singleton bean 'org.springframework.boot.actuate.autoconfigure.metrics.startup.StartupTimeMetricsListenerAutoConfiguration'
2024-09-10T20:48:09.398+09:00 TRACE 86442 --- [learn-spring-boot] [           main] o.s.b.f.s.DefaultListableBeanFactory     : Returning cached instance of singleton bean 'startupTimeMetrics'
2024-09-10T20:48:09.398+09:00 TRACE 86442 --- [learn-spring-boot] [           main] o.s.b.f.s.DefaultListableBeanFactory     : Returning cached instance of singleton bean 'org.springframework.boot.autoconfigure.task.TaskSchedulingConfigurations$ThreadPoolTaskSchedulerBuilderConfiguration'
2024-09-10T20:48:09.398+09:00 TRACE 86442 --- [learn-spring-boot] [           main] o.s.b.f.s.DefaultListableBeanFactory     : Returning cached instance of singleton bean 'threadPoolTaskSchedulerBuilder'
2024-09-10T20:48:09.398+09:00 TRACE 86442 --- [learn-spring-boot] [           main] o.s.b.f.s.DefaultListableBeanFactory     : Returning cached instance of singleton bean 'org.springframework.boot.autoconfigure.task.TaskSchedulingConfigurations$SimpleAsyncTaskSchedulerBuilderConfiguration'
2024-09-10T20:48:09.399+09:00 TRACE 86442 --- [learn-spring-boot] [           main] o.s.b.f.s.DefaultListableBeanFactory     : Returning cached instance of singleton bean 'simpleAsyncTaskSchedulerBuilder'
2024-09-10T20:48:09.399+09:00 TRACE 86442 --- [learn-spring-boot] [           main] o.s.b.f.s.DefaultListableBeanFactory     : Returning cached instance of singleton bean 'org.springframework.boot.autoconfigure.task.TaskSchedulingAutoConfiguration'
2024-09-10T20:48:09.399+09:00 TRACE 86442 --- [learn-spring-boot] [           main] o.s.b.f.s.DefaultListableBeanFactory     : Returning cached instance of singleton bean 'spring.task.scheduling-org.springframework.boot.autoconfigure.task.TaskSchedulingProperties'
2024-09-10T20:48:09.399+09:00 TRACE 86442 --- [learn-spring-boot] [           main] o.s.b.f.s.DefaultListableBeanFactory     : Returning cached instance of singleton bean 'org.springframework.boot.actuate.autoconfigure.metrics.task.TaskExecutorMetricsAutoConfiguration'
2024-09-10T20:48:09.399+09:00 TRACE 86442 --- [learn-spring-boot] [           main] o.s.b.f.s.DefaultListableBeanFactory     : Returning cached instance of singleton bean 'eagerTaskExecutorMetrics'
2024-09-10T20:48:09.399+09:00 TRACE 86442 --- [learn-spring-boot] [           main] o.s.b.f.s.DefaultListableBeanFactory     : Returning cached instance of singleton bean 'org.springframework.boot.actuate.autoconfigure.metrics.web.tomcat.TomcatMetricsAutoConfiguration'
2024-09-10T20:48:09.399+09:00 TRACE 86442 --- [learn-spring-boot] [           main] o.s.b.f.s.DefaultListableBeanFactory     : Returning cached instance of singleton bean 'tomcatMetricsBinder'
2024-09-10T20:48:09.399+09:00 TRACE 86442 --- [learn-spring-boot] [           main] o.s.b.f.s.DefaultListableBeanFactory     : Returning cached instance of singleton bean 'org.springframework.boot.actuate.autoconfigure.observation.ObservationAutoConfiguration$MeterObservationHandlerConfiguration$OnlyMetricsMeterObservationHandlerConfiguration'
2024-09-10T20:48:09.399+09:00 TRACE 86442 --- [learn-spring-boot] [           main] o.s.b.f.s.DefaultListableBeanFactory     : Returning cached instance of singleton bean 'defaultMeterObservationHandler'
2024-09-10T20:48:09.399+09:00 TRACE 86442 --- [learn-spring-boot] [           main] o.s.b.f.s.DefaultListableBeanFactory     : Returning cached instance of singleton bean 'org.springframework.boot.actuate.autoconfigure.observation.ObservationAutoConfiguration$MeterObservationHandlerConfiguration'
2024-09-10T20:48:09.399+09:00 TRACE 86442 --- [learn-spring-boot] [           main] o.s.b.f.s.DefaultListableBeanFactory     : Returning cached instance of singleton bean 'org.springframework.boot.actuate.autoconfigure.observation.ObservationAutoConfiguration$OnlyMetricsConfiguration'
2024-09-10T20:48:09.399+09:00 TRACE 86442 --- [learn-spring-boot] [           main] o.s.b.f.s.DefaultListableBeanFactory     : Returning cached instance of singleton bean 'metricsObservationHandlerGrouping'
2024-09-10T20:48:09.399+09:00 TRACE 86442 --- [learn-spring-boot] [           main] o.s.b.f.s.DefaultListableBeanFactory     : Returning cached instance of singleton bean 'org.springframework.boot.actuate.autoconfigure.observation.ObservationAutoConfiguration'
2024-09-10T20:48:09.399+09:00 TRACE 86442 --- [learn-spring-boot] [           main] o.s.b.f.s.DefaultListableBeanFactory     : Returning cached instance of singleton bean 'observationRegistryPostProcessor'
2024-09-10T20:48:09.399+09:00 TRACE 86442 --- [learn-spring-boot] [           main] o.s.b.f.s.DefaultListableBeanFactory     : Returning cached instance of singleton bean 'observationRegistry'
2024-09-10T20:48:09.399+09:00 TRACE 86442 --- [learn-spring-boot] [           main] o.s.b.f.s.DefaultListableBeanFactory     : Returning cached instance of singleton bean 'propertiesObservationFilter'
2024-09-10T20:48:09.399+09:00 TRACE 86442 --- [learn-spring-boot] [           main] o.s.b.f.s.DefaultListableBeanFactory     : Returning cached instance of singleton bean 'management.observations-org.springframework.boot.actuate.autoconfigure.observation.ObservationProperties'
2024-09-10T20:48:09.399+09:00 TRACE 86442 --- [learn-spring-boot] [           main] o.s.b.f.s.DefaultListableBeanFactory     : Returning cached instance of singleton bean 'org.springframework.boot.autoconfigure.http.HttpMessageConvertersAutoConfiguration$StringHttpMessageConverterConfiguration'
2024-09-10T20:48:09.399+09:00 TRACE 86442 --- [learn-spring-boot] [           main] o.s.b.f.s.DefaultListableBeanFactory     : Returning cached instance of singleton bean 'stringHttpMessageConverter'
2024-09-10T20:48:09.399+09:00 TRACE 86442 --- [learn-spring-boot] [           main] o.s.b.f.s.DefaultListableBeanFactory     : Returning cached instance of singleton bean 'org.springframework.boot.autoconfigure.http.JacksonHttpMessageConvertersConfiguration$MappingJackson2HttpMessageConverterConfiguration'
2024-09-10T20:48:09.399+09:00 TRACE 86442 --- [learn-spring-boot] [           main] o.s.b.f.s.DefaultListableBeanFactory     : Returning cached instance of singleton bean 'mappingJackson2HttpMessageConverter'
2024-09-10T20:48:09.399+09:00 TRACE 86442 --- [learn-spring-boot] [           main] o.s.b.f.s.DefaultListableBeanFactory     : Returning cached instance of singleton bean 'org.springframework.boot.autoconfigure.http.JacksonHttpMessageConvertersConfiguration'
2024-09-10T20:48:09.399+09:00 TRACE 86442 --- [learn-spring-boot] [           main] o.s.b.f.s.DefaultListableBeanFactory     : Returning cached instance of singleton bean 'org.springframework.boot.autoconfigure.http.HttpMessageConvertersAutoConfiguration'
2024-09-10T20:48:09.399+09:00 TRACE 86442 --- [learn-spring-boot] [           main] o.s.b.f.s.DefaultListableBeanFactory     : Returning cached instance of singleton bean 'messageConverters'
2024-09-10T20:48:09.399+09:00 TRACE 86442 --- [learn-spring-boot] [           main] o.s.b.f.s.DefaultListableBeanFactory     : Returning cached instance of singleton bean 'org.springframework.boot.autoconfigure.web.client.RestClientAutoConfiguration'
2024-09-10T20:48:09.399+09:00 TRACE 86442 --- [learn-spring-boot] [           main] o.s.b.f.s.DefaultListableBeanFactory     : Returning cached instance of singleton bean 'httpMessageConvertersRestClientCustomizer'
2024-09-10T20:48:09.399+09:00 TRACE 86442 --- [learn-spring-boot] [           main] o.s.b.f.s.DefaultListableBeanFactory     : Returning cached instance of singleton bean 'restClientSsl'
2024-09-10T20:48:09.399+09:00 TRACE 86442 --- [learn-spring-boot] [           main] o.s.b.f.s.DefaultListableBeanFactory     : Returning cached instance of singleton bean 'restClientBuilderConfigurer'
2024-09-10T20:48:09.399+09:00 TRACE 86442 --- [learn-spring-boot] [           main] o.s.b.f.s.DefaultListableBeanFactory     : Returning cached instance of singleton bean 'org.springframework.boot.autoconfigure.web.client.RestTemplateAutoConfiguration'
2024-09-10T20:48:09.399+09:00 TRACE 86442 --- [learn-spring-boot] [           main] o.s.b.f.s.DefaultListableBeanFactory     : Returning cached instance of singleton bean 'org.springframework.boot.actuate.autoconfigure.observation.web.client.HttpClientObservationsAutoConfiguration$MeterFilterConfiguration'
2024-09-10T20:48:09.399+09:00 TRACE 86442 --- [learn-spring-boot] [           main] o.s.b.f.s.DefaultListableBeanFactory     : Returning cached instance of singleton bean 'metricsHttpClientUriTagFilter'
2024-09-10T20:48:09.399+09:00 TRACE 86442 --- [learn-spring-boot] [           main] o.s.b.f.s.DefaultListableBeanFactory     : Returning cached instance of singleton bean 'org.springframework.boot.actuate.autoconfigure.observation.web.client.RestTemplateObservationConfiguration'
2024-09-10T20:48:09.399+09:00 TRACE 86442 --- [learn-spring-boot] [           main] o.s.b.f.s.DefaultListableBeanFactory     : Returning cached instance of singleton bean 'observationRestTemplateCustomizer'
2024-09-10T20:48:09.399+09:00 TRACE 86442 --- [learn-spring-boot] [           main] o.s.b.f.s.DefaultListableBeanFactory     : Returning cached instance of singleton bean 'org.springframework.boot.actuate.autoconfigure.observation.web.client.RestClientObservationConfiguration'
2024-09-10T20:48:09.399+09:00 TRACE 86442 --- [learn-spring-boot] [           main] o.s.b.f.s.DefaultListableBeanFactory     : Returning cached instance of singleton bean 'observationRestClientCustomizer'
2024-09-10T20:48:09.399+09:00 TRACE 86442 --- [learn-spring-boot] [           main] o.s.b.f.s.DefaultListableBeanFactory     : Returning cached instance of singleton bean 'org.springframework.boot.actuate.autoconfigure.observation.web.client.HttpClientObservationsAutoConfiguration'
2024-09-10T20:48:09.399+09:00 TRACE 86442 --- [learn-spring-boot] [           main] o.s.b.f.s.DefaultListableBeanFactory     : Returning cached instance of singleton bean 'org.springframework.boot.actuate.autoconfigure.observation.web.servlet.WebMvcObservationAutoConfiguration$MeterFilterConfiguration'
2024-09-10T20:48:09.399+09:00 TRACE 86442 --- [learn-spring-boot] [           main] o.s.b.f.s.DefaultListableBeanFactory     : Returning cached instance of singleton bean 'metricsHttpServerUriTagFilter'
2024-09-10T20:48:09.399+09:00 TRACE 86442 --- [learn-spring-boot] [           main] o.s.b.f.s.DefaultListableBeanFactory     : Returning cached instance of singleton bean 'org.springframework.boot.actuate.autoconfigure.observation.web.servlet.WebMvcObservationAutoConfiguration'
2024-09-10T20:48:09.399+09:00 TRACE 86442 --- [learn-spring-boot] [           main] o.s.b.f.s.DefaultListableBeanFactory     : Returning cached instance of singleton bean 'webMvcObservationFilter'
2024-09-10T20:48:09.399+09:00 TRACE 86442 --- [learn-spring-boot] [           main] o.s.b.f.s.DefaultListableBeanFactory     : Returning cached instance of singleton bean 'org.springframework.boot.actuate.autoconfigure.scheduling.ScheduledTasksObservabilityAutoConfiguration'
2024-09-10T20:48:09.399+09:00 TRACE 86442 --- [learn-spring-boot] [           main] o.s.b.f.s.DefaultListableBeanFactory     : Returning cached instance of singleton bean 'observabilitySchedulingConfigurer'
2024-09-10T20:48:09.399+09:00 TRACE 86442 --- [learn-spring-boot] [           main] o.s.b.f.s.DefaultListableBeanFactory     : Returning cached instance of singleton bean 'org.springframework.boot.autoconfigure.aop.AopAutoConfiguration$ClassProxyingConfiguration'
2024-09-10T20:48:09.399+09:00 TRACE 86442 --- [learn-spring-boot] [           main] o.s.b.f.s.DefaultListableBeanFactory     : Returning cached instance of singleton bean 'forceAutoProxyCreatorToUseClassProxying'
2024-09-10T20:48:09.399+09:00 TRACE 86442 --- [learn-spring-boot] [           main] o.s.b.f.s.DefaultListableBeanFactory     : Returning cached instance of singleton bean 'org.springframework.boot.autoconfigure.aop.AopAutoConfiguration'
2024-09-10T20:48:09.399+09:00 TRACE 86442 --- [learn-spring-boot] [           main] o.s.b.f.s.DefaultListableBeanFactory     : Returning cached instance of singleton bean 'org.springframework.boot.autoconfigure.context.ConfigurationPropertiesAutoConfiguration'
2024-09-10T20:48:09.399+09:00 TRACE 86442 --- [learn-spring-boot] [           main] o.s.b.f.s.DefaultListableBeanFactory     : Returning cached instance of singleton bean 'org.springframework.boot.autoconfigure.context.LifecycleAutoConfiguration'
2024-09-10T20:48:09.399+09:00 TRACE 86442 --- [learn-spring-boot] [           main] o.s.b.f.s.DefaultListableBeanFactory     : Returning cached instance of singleton bean 'lifecycleProcessor'
2024-09-10T20:48:09.399+09:00 TRACE 86442 --- [learn-spring-boot] [           main] o.s.b.f.s.DefaultListableBeanFactory     : Returning cached instance of singleton bean 'spring.lifecycle-org.springframework.boot.autoconfigure.context.LifecycleProperties'
2024-09-10T20:48:09.399+09:00 TRACE 86442 --- [learn-spring-boot] [           main] o.s.b.f.s.DefaultListableBeanFactory     : Returning cached instance of singleton bean 'org.springframework.boot.autoconfigure.sql.init.SqlInitializationAutoConfiguration'
2024-09-10T20:48:09.399+09:00 TRACE 86442 --- [learn-spring-boot] [           main] o.s.b.f.s.DefaultListableBeanFactory     : Returning cached instance of singleton bean 'spring.sql.init-org.springframework.boot.autoconfigure.sql.init.SqlInitializationProperties'
2024-09-10T20:48:09.399+09:00 TRACE 86442 --- [learn-spring-boot] [           main] o.s.b.f.s.DefaultListableBeanFactory     : Returning cached instance of singleton bean 'org.springframework.boot.sql.init.dependency.DatabaseInitializationDependencyConfigurer$DependsOnDatabaseInitializationPostProcessor'
2024-09-10T20:48:09.399+09:00 TRACE 86442 --- [learn-spring-boot] [           main] o.s.b.f.s.DefaultListableBeanFactory     : Returning cached instance of singleton bean 'org.springframework.boot.autoconfigure.web.servlet.HttpEncodingAutoConfiguration'
2024-09-10T20:48:09.399+09:00 TRACE 86442 --- [learn-spring-boot] [           main] o.s.b.f.s.DefaultListableBeanFactory     : Returning cached instance of singleton bean 'characterEncodingFilter'
2024-09-10T20:48:09.399+09:00 TRACE 86442 --- [learn-spring-boot] [           main] o.s.b.f.s.DefaultListableBeanFactory     : Returning cached instance of singleton bean 'localeCharsetMappingsCustomizer'
2024-09-10T20:48:09.399+09:00 TRACE 86442 --- [learn-spring-boot] [           main] o.s.b.f.s.DefaultListableBeanFactory     : Returning cached instance of singleton bean 'org.springframework.boot.autoconfigure.web.servlet.MultipartAutoConfiguration'
2024-09-10T20:48:09.399+09:00 TRACE 86442 --- [learn-spring-boot] [           main] o.s.b.f.s.DefaultListableBeanFactory     : Returning cached instance of singleton bean 'multipartConfigElement'
2024-09-10T20:48:09.399+09:00 TRACE 86442 --- [learn-spring-boot] [           main] o.s.b.f.s.DefaultListableBeanFactory     : Returning cached instance of singleton bean 'multipartResolver'
2024-09-10T20:48:09.399+09:00 TRACE 86442 --- [learn-spring-boot] [           main] o.s.b.f.s.DefaultListableBeanFactory     : Returning cached instance of singleton bean 'spring.servlet.multipart-org.springframework.boot.autoconfigure.web.servlet.MultipartProperties'
2024-09-10T20:48:09.399+09:00 TRACE 86442 --- [learn-spring-boot] [           main] o.s.b.f.s.DefaultListableBeanFactory     : Returning cached instance of singleton bean 'org.springframework.boot.actuate.autoconfigure.endpoint.web.ServletEndpointManagementContextConfiguration$WebMvcServletEndpointManagementContextConfiguration'
2024-09-10T20:48:09.399+09:00 TRACE 86442 --- [learn-spring-boot] [           main] o.s.b.f.s.DefaultListableBeanFactory     : Returning cached instance of singleton bean 'servletEndpointRegistrar'
2024-09-10T20:48:09.399+09:00 TRACE 86442 --- [learn-spring-boot] [           main] o.s.b.f.s.DefaultListableBeanFactory     : Returning cached instance of singleton bean 'org.springframework.boot.actuate.autoconfigure.endpoint.web.ServletEndpointManagementContextConfiguration'
2024-09-10T20:48:09.400+09:00 TRACE 86442 --- [learn-spring-boot] [           main] o.s.b.f.s.DefaultListableBeanFactory     : Returning cached instance of singleton bean 'servletExposeExcludePropertyEndpointFilter'
2024-09-10T20:48:09.400+09:00 TRACE 86442 --- [learn-spring-boot] [           main] o.s.b.f.s.DefaultListableBeanFactory     : Returning cached instance of singleton bean 'org.springframework.boot.actuate.autoconfigure.endpoint.web.servlet.WebMvcEndpointManagementContextConfiguration'
2024-09-10T20:48:09.400+09:00 TRACE 86442 --- [learn-spring-boot] [           main] o.s.b.f.s.DefaultListableBeanFactory     : Returning cached instance of singleton bean 'webEndpointServletHandlerMapping'
2024-09-10T20:48:09.400+09:00 TRACE 86442 --- [learn-spring-boot] [           main] o.s.b.f.s.DefaultListableBeanFactory     : Returning cached instance of singleton bean 'controllerEndpointHandlerMapping'
2024-09-10T20:48:09.400+09:00 TRACE 86442 --- [learn-spring-boot] [           main] o.s.b.f.s.DefaultListableBeanFactory     : Returning cached instance of singleton bean 'endpointObjectMapperWebMvcConfigurer'
2024-09-10T20:48:09.400+09:00 TRACE 86442 --- [learn-spring-boot] [           main] o.s.b.f.s.DefaultListableBeanFactory     : Returning cached instance of singleton bean 'management.endpoints.web.cors-org.springframework.boot.actuate.autoconfigure.endpoint.web.CorsEndpointProperties'
2024-09-10T20:48:09.400+09:00 TRACE 86442 --- [learn-spring-boot] [           main] o.s.b.f.s.DefaultListableBeanFactory     : Returning cached instance of singleton bean 'org.springframework.boot.actuate.autoconfigure.web.server.ManagementContextAutoConfiguration$SameManagementContextConfiguration$EnableSameManagementContextConfiguration'
2024-09-10T20:48:09.400+09:00 TRACE 86442 --- [learn-spring-boot] [           main] o.s.b.f.s.DefaultListableBeanFactory     : Returning cached instance of singleton bean 'org.springframework.boot.actuate.autoconfigure.web.server.ManagementContextAutoConfiguration$SameManagementContextConfiguration'
2024-09-10T20:48:09.400+09:00 TRACE 86442 --- [learn-spring-boot] [           main] o.s.b.f.s.DefaultListableBeanFactory     : Returning cached instance of singleton bean 'org.springframework.boot.actuate.autoconfigure.web.server.ManagementContextAutoConfiguration'
2024-09-10T20:48:09.400+09:00 TRACE 86442 --- [learn-spring-boot] [           main] o.s.b.f.s.DefaultListableBeanFactory     : Returning cached instance of singleton bean 'management.server-org.springframework.boot.actuate.autoconfigure.web.server.ManagementServerProperties'
2024-09-10T20:48:09.400+09:00 TRACE 86442 --- [learn-spring-boot] [           main] o.s.b.f.s.DefaultListableBeanFactory     : Returning cached instance of singleton bean 'org.springframework.aop.config.internalAutoProxyCreator'
2024-09-10T20:48:09.400+09:00 TRACE 86442 --- [learn-spring-boot] [           main] o.s.b.f.s.DefaultListableBeanFactory     : Returning cached instance of singleton bean 'org.springframework.boot.test.mock.mockito.MockitoBeans'
2024-09-10T20:48:09.401+09:00 TRACE 86442 --- [learn-spring-boot] [           main] c.DefaultCacheAwareContextLoaderDelegate : Retrieved ApplicationContext [1638249646] from cache with key [WebMergedContextConfiguration@51e7589f testClass = com.in28minutes.springboot.learn_spring_boot.LearnSpringBootApplicationTests, locations = [], classes = [com.in28minutes.springboot.learn_spring_boot.LearnSpringBootApplication], contextInitializerClasses = [], activeProfiles = [], propertySourceDescriptors = [], propertySourceProperties = ["org.springframework.boot.test.context.SpringBootTestContextBootstrapper=true"], contextCustomizers = [org.springframework.boot.test.context.filter.ExcludeFilterContextCustomizer@4f32a3ad, org.springframework.boot.test.json.DuplicateJsonObjectContextCustomizerFactory$DuplicateJsonObjectContextCustomizer@7d900ecf, org.springframework.boot.test.mock.mockito.MockitoContextCustomizer@0, org.springframework.boot.test.web.client.TestRestTemplateContextCustomizer@5b38c1ec, org.springframework.boot.test.web.reactor.netty.DisableReactorResourceFactoryGlobalResourcesContextCustomizerFactory$DisableReactorResourceFactoryGlobalResourcesContextCustomizerCustomizer@2dfaea86, org.springframework.boot.test.autoconfigure.actuate.observability.ObservabilityContextCustomizerFactory$DisableObservabilityContextCustomizer@1f, org.springframework.boot.test.autoconfigure.properties.PropertyMappingContextCustomizer@0, org.springframework.boot.test.autoconfigure.web.servlet.WebDriverContextCustomizer@446a1e84, org.springframework.test.context.support.DynamicPropertiesContextCustomizer@0, org.springframework.boot.test.context.SpringBootTestAnnotation@1f88b976], resourceBasePath = "src/main/webapp", contextLoader = org.springframework.boot.test.context.SpringBootContextLoader, parent = null]
2024-09-10T20:48:09.401+09:00 DEBUG 86442 --- [learn-spring-boot] [           main] org.springframework.test.context.cache   : Spring test ApplicationContext cache statistics: [DefaultContextCache@65cc5252 size = 1, maxSize = 32, parentContextCount = 0, hitCount = 5, missCount = 1, failureCount = 0]
2024-09-10T20:48:09.401+09:00 TRACE 86442 --- [learn-spring-boot] [           main] o.s.b.f.s.DefaultListableBeanFactory     : Returning cached instance of singleton bean 'org.springframework.boot.test.mock.mockito.MockitoPostProcessor$SpyPostProcessor'
2024-09-10T20:48:09.401+09:00 TRACE 86442 --- [learn-spring-boot] [           main] o.s.b.f.s.DefaultListableBeanFactory     : Returning cached instance of singleton bean 'org.springframework.boot.test.mock.mockito.MockitoPostProcessor'
2024-09-10T20:48:09.401+09:00 TRACE 86442 --- [learn-spring-boot] [           main] o.s.b.f.s.DefaultListableBeanFactory     : Returning cached instance of singleton bean 'org.springframework.test.context.support.DynamicPropertiesContextCustomizer.dynamicPropertySourceBeanInitializer'
2024-09-10T20:48:09.401+09:00 TRACE 86442 --- [learn-spring-boot] [           main] o.s.b.f.s.DefaultListableBeanFactory     : Returning cached instance of singleton bean 'org.springframework.context.annotation.internalConfigurationAnnotationProcessor'
2024-09-10T20:48:09.401+09:00 TRACE 86442 --- [learn-spring-boot] [           main] o.s.b.f.s.DefaultListableBeanFactory     : Returning cached instance of singleton bean 'org.springframework.context.annotation.internalAutowiredAnnotationProcessor'
2024-09-10T20:48:09.401+09:00 TRACE 86442 --- [learn-spring-boot] [           main] o.s.b.f.s.DefaultListableBeanFactory     : Returning cached instance of singleton bean 'org.springframework.context.annotation.internalCommonAnnotationProcessor'
2024-09-10T20:48:09.401+09:00 TRACE 86442 --- [learn-spring-boot] [           main] o.s.b.f.s.DefaultListableBeanFactory     : Returning cached instance of singleton bean 'org.springframework.context.event.internalEventListenerProcessor'
2024-09-10T20:48:09.401+09:00 TRACE 86442 --- [learn-spring-boot] [           main] o.s.b.f.s.DefaultListableBeanFactory     : Returning cached instance of singleton bean 'org.springframework.context.event.internalEventListenerFactory'
2024-09-10T20:48:09.401+09:00 TRACE 86442 --- [learn-spring-boot] [           main] o.s.b.f.s.DefaultListableBeanFactory     : Returning cached instance of singleton bean 'learnSpringBootApplication'
2024-09-10T20:48:09.401+09:00 TRACE 86442 --- [learn-spring-boot] [           main] o.s.b.f.s.DefaultListableBeanFactory     : Returning cached instance of singleton bean 'org.springframework.boot.autoconfigure.internalCachingMetadataReaderFactory'
2024-09-10T20:48:09.401+09:00 TRACE 86442 --- [learn-spring-boot] [           main] o.s.b.f.s.DefaultListableBeanFactory     : Returning cached instance of singleton bean 'org.springframework.boot.autoconfigure.internalCachingMetadataReaderFactory'
2024-09-10T20:48:09.401+09:00 TRACE 86442 --- [learn-spring-boot] [           main] o.s.b.f.s.DefaultListableBeanFactory     : Returning cached instance of singleton bean 'courseController'
2024-09-10T20:48:09.401+09:00 TRACE 86442 --- [learn-spring-boot] [           main] o.s.b.f.s.DefaultListableBeanFactory     : Returning cached instance of singleton bean 'currencyConfigurationController'
2024-09-10T20:48:09.401+09:00 TRACE 86442 --- [learn-spring-boot] [           main] o.s.b.f.s.DefaultListableBeanFactory     : Returning cached instance of singleton bean 'currencyServiceConfiguration'
2024-09-10T20:48:09.402+09:00 TRACE 86442 --- [learn-spring-boot] [           main] o.s.b.f.s.DefaultListableBeanFactory     : Returning cached instance of singleton bean 'org.springframework.boot.autoconfigure.AutoConfigurationPackages'
2024-09-10T20:48:09.402+09:00 TRACE 86442 --- [learn-spring-boot] [           main] o.s.b.f.s.DefaultListableBeanFactory     : Returning cached instance of singleton bean 'org.springframework.boot.autoconfigure.context.PropertyPlaceholderAutoConfiguration'
2024-09-10T20:48:09.402+09:00 TRACE 86442 --- [learn-spring-boot] [           main] o.s.b.f.s.DefaultListableBeanFactory     : Returning cached instance of singleton bean 'propertySourcesPlaceholderConfigurer'
2024-09-10T20:48:09.402+09:00 TRACE 86442 --- [learn-spring-boot] [           main] o.s.b.f.s.DefaultListableBeanFactory     : Returning cached instance of singleton bean 'org.springframework.boot.autoconfigure.ssl.SslAutoConfiguration'
2024-09-10T20:48:09.402+09:00 TRACE 86442 --- [learn-spring-boot] [           main] o.s.b.f.s.DefaultListableBeanFactory     : Returning cached instance of singleton bean 'fileWatcher'
2024-09-10T20:48:09.402+09:00 TRACE 86442 --- [learn-spring-boot] [           main] o.s.b.f.s.DefaultListableBeanFactory     : Returning cached instance of singleton bean 'sslPropertiesSslBundleRegistrar'
2024-09-10T20:48:09.402+09:00 TRACE 86442 --- [learn-spring-boot] [           main] o.s.b.f.s.DefaultListableBeanFactory     : Returning cached instance of singleton bean 'sslBundleRegistry'
2024-09-10T20:48:09.402+09:00 TRACE 86442 --- [learn-spring-boot] [           main] o.s.b.f.s.DefaultListableBeanFactory     : Returning cached instance of singleton bean 'org.springframework.boot.context.properties.ConfigurationPropertiesBindingPostProcessor'
2024-09-10T20:48:09.402+09:00 TRACE 86442 --- [learn-spring-boot] [           main] o.s.b.f.s.DefaultListableBeanFactory     : Returning cached instance of singleton bean 'org.springframework.boot.context.internalConfigurationPropertiesBinder'
2024-09-10T20:48:09.402+09:00 TRACE 86442 --- [learn-spring-boot] [           main] o.s.b.f.s.DefaultListableBeanFactory     : Returning cached instance of singleton bean 'org.springframework.boot.context.internalConfigurationPropertiesBinder'
2024-09-10T20:48:09.402+09:00 TRACE 86442 --- [learn-spring-boot] [           main] o.s.b.f.s.DefaultListableBeanFactory     : Returning cached instance of singleton bean 'org.springframework.boot.context.properties.BoundConfigurationProperties'
2024-09-10T20:48:09.402+09:00 TRACE 86442 --- [learn-spring-boot] [           main] o.s.b.f.s.DefaultListableBeanFactory     : Returning cached instance of singleton bean 'org.springframework.boot.context.properties.EnableConfigurationPropertiesRegistrar.methodValidationExcludeFilter'
2024-09-10T20:48:09.402+09:00 TRACE 86442 --- [learn-spring-boot] [           main] o.s.b.f.s.DefaultListableBeanFactory     : Returning cached instance of singleton bean 'spring.ssl-org.springframework.boot.autoconfigure.ssl.SslProperties'
2024-09-10T20:48:09.402+09:00 TRACE 86442 --- [learn-spring-boot] [           main] o.s.b.f.s.DefaultListableBeanFactory     : Returning cached instance of singleton bean 'org.springframework.boot.autoconfigure.websocket.servlet.WebSocketServletAutoConfiguration$TomcatWebSocketConfiguration'
2024-09-10T20:48:09.402+09:00 TRACE 86442 --- [learn-spring-boot] [           main] o.s.b.f.s.DefaultListableBeanFactory     : Returning cached instance of singleton bean 'websocketServletWebServerCustomizer'
2024-09-10T20:48:09.402+09:00 TRACE 86442 --- [learn-spring-boot] [           main] o.s.b.f.s.DefaultListableBeanFactory     : Returning cached instance of singleton bean 'org.springframework.boot.autoconfigure.websocket.servlet.WebSocketServletAutoConfiguration'
2024-09-10T20:48:09.402+09:00 TRACE 86442 --- [learn-spring-boot] [           main] o.s.b.f.s.DefaultListableBeanFactory     : Returning cached instance of singleton bean 'org.springframework.boot.autoconfigure.web.servlet.ServletWebServerFactoryConfiguration$EmbeddedTomcat'
2024-09-10T20:48:09.402+09:00 TRACE 86442 --- [learn-spring-boot] [           main] o.s.b.f.s.DefaultListableBeanFactory     : Returning cached instance of singleton bean 'tomcatServletWebServerFactory'
2024-09-10T20:48:09.402+09:00 TRACE 86442 --- [learn-spring-boot] [           main] o.s.b.f.s.DefaultListableBeanFactory     : Returning cached instance of singleton bean 'org.springframework.boot.autoconfigure.web.servlet.ServletWebServerFactoryAutoConfiguration'
2024-09-10T20:48:09.402+09:00 TRACE 86442 --- [learn-spring-boot] [           main] o.s.b.f.s.DefaultListableBeanFactory     : Returning cached instance of singleton bean 'servletWebServerFactoryCustomizer'
2024-09-10T20:48:09.402+09:00 TRACE 86442 --- [learn-spring-boot] [           main] o.s.b.f.s.DefaultListableBeanFactory     : Returning cached instance of singleton bean 'tomcatServletWebServerFactoryCustomizer'
2024-09-10T20:48:09.402+09:00 TRACE 86442 --- [learn-spring-boot] [           main] o.s.b.f.s.DefaultListableBeanFactory     : Returning cached instance of singleton bean 'server-org.springframework.boot.autoconfigure.web.ServerProperties'
2024-09-10T20:48:09.402+09:00 TRACE 86442 --- [learn-spring-boot] [           main] o.s.b.f.s.DefaultListableBeanFactory     : Returning cached instance of singleton bean 'webServerFactoryCustomizerBeanPostProcessor'
2024-09-10T20:48:09.402+09:00 TRACE 86442 --- [learn-spring-boot] [           main] o.s.b.f.s.DefaultListableBeanFactory     : Returning cached instance of singleton bean 'errorPageRegistrarBeanPostProcessor'
2024-09-10T20:48:09.402+09:00 TRACE 86442 --- [learn-spring-boot] [           main] o.s.b.f.s.DefaultListableBeanFactory     : Returning cached instance of singleton bean 'org.springframework.boot.autoconfigure.web.servlet.DispatcherServletAutoConfiguration$DispatcherServletConfiguration'
2024-09-10T20:48:09.402+09:00 TRACE 86442 --- [learn-spring-boot] [           main] o.s.b.f.s.DefaultListableBeanFactory     : Returning cached instance of singleton bean 'dispatcherServlet'
2024-09-10T20:48:09.402+09:00 TRACE 86442 --- [learn-spring-boot] [           main] o.s.b.f.s.DefaultListableBeanFactory     : Returning cached instance of singleton bean 'spring.mvc-org.springframework.boot.autoconfigure.web.servlet.WebMvcProperties'
2024-09-10T20:48:09.402+09:00 TRACE 86442 --- [learn-spring-boot] [           main] o.s.b.f.s.DefaultListableBeanFactory     : Returning cached instance of singleton bean 'org.springframework.boot.autoconfigure.web.servlet.DispatcherServletAutoConfiguration$DispatcherServletRegistrationConfiguration'
2024-09-10T20:48:09.402+09:00 TRACE 86442 --- [learn-spring-boot] [           main] o.s.b.f.s.DefaultListableBeanFactory     : Returning cached instance of singleton bean 'dispatcherServletRegistration'
2024-09-10T20:48:09.402+09:00 TRACE 86442 --- [learn-spring-boot] [           main] o.s.b.f.s.DefaultListableBeanFactory     : Returning cached instance of singleton bean 'org.springframework.boot.autoconfigure.web.servlet.DispatcherServletAutoConfiguration'
2024-09-10T20:48:09.402+09:00 TRACE 86442 --- [learn-spring-boot] [           main] o.s.b.f.s.DefaultListableBeanFactory     : Returning cached instance of singleton bean 'org.springframework.boot.autoconfigure.task.TaskExecutorConfigurations$ThreadPoolTaskExecutorBuilderConfiguration'
2024-09-10T20:48:09.402+09:00 TRACE 86442 --- [learn-spring-boot] [           main] o.s.b.f.s.DefaultListableBeanFactory     : Returning cached instance of singleton bean 'threadPoolTaskExecutorBuilder'
2024-09-10T20:48:09.402+09:00 TRACE 86442 --- [learn-spring-boot] [           main] o.s.b.f.s.DefaultListableBeanFactory     : Returning cached instance of singleton bean 'org.springframework.boot.autoconfigure.task.TaskExecutorConfigurations$SimpleAsyncTaskExecutorBuilderConfiguration'
2024-09-10T20:48:09.402+09:00 TRACE 86442 --- [learn-spring-boot] [           main] o.s.b.f.s.DefaultListableBeanFactory     : Returning cached instance of singleton bean 'simpleAsyncTaskExecutorBuilder'
2024-09-10T20:48:09.402+09:00 TRACE 86442 --- [learn-spring-boot] [           main] o.s.b.f.s.DefaultListableBeanFactory     : Returning cached instance of singleton bean 'org.springframework.boot.autoconfigure.task.TaskExecutorConfigurations$TaskExecutorConfiguration'
2024-09-10T20:48:09.402+09:00 TRACE 86442 --- [learn-spring-boot] [           main] o.s.b.f.s.DefaultListableBeanFactory     : Returning cached instance of singleton bean 'applicationTaskExecutor'
2024-09-10T20:48:09.402+09:00 TRACE 86442 --- [learn-spring-boot] [           main] o.s.b.f.s.DefaultListableBeanFactory     : Returning cached instance of singleton bean 'org.springframework.boot.autoconfigure.task.TaskExecutionAutoConfiguration'
2024-09-10T20:48:09.402+09:00 TRACE 86442 --- [learn-spring-boot] [           main] o.s.b.f.s.DefaultListableBeanFactory     : Returning cached instance of singleton bean 'spring.task.execution-org.springframework.boot.autoconfigure.task.TaskExecutionProperties'
2024-09-10T20:48:09.402+09:00 TRACE 86442 --- [learn-spring-boot] [           main] o.s.b.f.s.DefaultListableBeanFactory     : Returning cached instance of singleton bean 'org.springframework.boot.autoconfigure.web.servlet.error.ErrorMvcAutoConfiguration$WhitelabelErrorViewConfiguration'
2024-09-10T20:48:09.402+09:00 TRACE 86442 --- [learn-spring-boot] [           main] o.s.b.f.s.DefaultListableBeanFactory     : Returning cached instance of singleton bean 'error'
2024-09-10T20:48:09.402+09:00 TRACE 86442 --- [learn-spring-boot] [           main] o.s.b.f.s.DefaultListableBeanFactory     : Returning cached instance of singleton bean 'beanNameViewResolver'
2024-09-10T20:48:09.402+09:00 TRACE 86442 --- [learn-spring-boot] [           main] o.s.b.f.s.DefaultListableBeanFactory     : Returning cached instance of singleton bean 'org.springframework.boot.autoconfigure.web.servlet.error.ErrorMvcAutoConfiguration$DefaultErrorViewResolverConfiguration'
2024-09-10T20:48:09.402+09:00 TRACE 86442 --- [learn-spring-boot] [           main] o.s.b.f.s.DefaultListableBeanFactory     : Returning cached instance of singleton bean 'conventionErrorViewResolver'
2024-09-10T20:48:09.402+09:00 TRACE 86442 --- [learn-spring-boot] [           main] o.s.b.f.s.DefaultListableBeanFactory     : Returning cached instance of singleton bean 'spring.web-org.springframework.boot.autoconfigure.web.WebProperties'
2024-09-10T20:48:09.402+09:00 TRACE 86442 --- [learn-spring-boot] [           main] o.s.b.f.s.DefaultListableBeanFactory     : Returning cached instance of singleton bean 'org.springframework.boot.autoconfigure.web.servlet.error.ErrorMvcAutoConfiguration'
2024-09-10T20:48:09.402+09:00 TRACE 86442 --- [learn-spring-boot] [           main] o.s.b.f.s.DefaultListableBeanFactory     : Returning cached instance of singleton bean 'errorAttributes'
2024-09-10T20:48:09.402+09:00 TRACE 86442 --- [learn-spring-boot] [           main] o.s.b.f.s.DefaultListableBeanFactory     : Returning cached instance of singleton bean 'basicErrorController'
2024-09-10T20:48:09.402+09:00 TRACE 86442 --- [learn-spring-boot] [           main] o.s.b.f.s.DefaultListableBeanFactory     : Returning cached instance of singleton bean 'errorPageCustomizer'
2024-09-10T20:48:09.402+09:00 TRACE 86442 --- [learn-spring-boot] [           main] o.s.b.f.s.DefaultListableBeanFactory     : Returning cached instance of singleton bean 'preserveErrorControllerTargetClassPostProcessor'
2024-09-10T20:48:09.402+09:00 TRACE 86442 --- [learn-spring-boot] [           main] o.s.b.f.s.DefaultListableBeanFactory     : Returning cached instance of singleton bean 'org.springframework.boot.autoconfigure.web.servlet.WebMvcAutoConfiguration$EnableWebMvcConfiguration'
2024-09-10T20:48:09.402+09:00 TRACE 86442 --- [learn-spring-boot] [           main] o.s.b.f.s.DefaultListableBeanFactory     : Returning cached instance of singleton bean 'welcomePageHandlerMapping'
2024-09-10T20:48:09.402+09:00 TRACE 86442 --- [learn-spring-boot] [           main] o.s.b.f.s.DefaultListableBeanFactory     : Returning cached instance of singleton bean 'welcomePageNotAcceptableHandlerMapping'
2024-09-10T20:48:09.402+09:00 TRACE 86442 --- [learn-spring-boot] [           main] o.s.b.f.s.DefaultListableBeanFactory     : Returning cached instance of singleton bean 'localeResolver'
2024-09-10T20:48:09.402+09:00 TRACE 86442 --- [learn-spring-boot] [           main] o.s.b.f.s.DefaultListableBeanFactory     : Returning cached instance of singleton bean 'themeResolver'
2024-09-10T20:48:09.402+09:00 TRACE 86442 --- [learn-spring-boot] [           main] o.s.b.f.s.DefaultListableBeanFactory     : Returning cached instance of singleton bean 'flashMapManager'
2024-09-10T20:48:09.402+09:00 TRACE 86442 --- [learn-spring-boot] [           main] o.s.b.f.s.DefaultListableBeanFactory     : Returning cached instance of singleton bean 'viewNameTranslator'
2024-09-10T20:48:09.402+09:00 TRACE 86442 --- [learn-spring-boot] [           main] o.s.b.f.s.DefaultListableBeanFactory     : Returning cached instance of singleton bean 'mvcConversionService'
2024-09-10T20:48:09.402+09:00 TRACE 86442 --- [learn-spring-boot] [           main] o.s.b.f.s.DefaultListableBeanFactory     : Returning cached instance of singleton bean 'mvcValidator'
2024-09-10T20:48:09.402+09:00 TRACE 86442 --- [learn-spring-boot] [           main] o.s.b.f.s.DefaultListableBeanFactory     : Returning cached instance of singleton bean 'mvcContentNegotiationManager'
2024-09-10T20:48:09.402+09:00 TRACE 86442 --- [learn-spring-boot] [           main] o.s.b.f.s.DefaultListableBeanFactory     : Returning cached instance of singleton bean 'requestMappingHandlerMapping'
2024-09-10T20:48:09.402+09:00 TRACE 86442 --- [learn-spring-boot] [           main] o.s.b.f.s.DefaultListableBeanFactory     : Returning cached instance of singleton bean 'mvcPatternParser'
2024-09-10T20:48:09.402+09:00 TRACE 86442 --- [learn-spring-boot] [           main] o.s.b.f.s.DefaultListableBeanFactory     : Returning cached instance of singleton bean 'mvcUrlPathHelper'
2024-09-10T20:48:09.402+09:00 TRACE 86442 --- [learn-spring-boot] [           main] o.s.b.f.s.DefaultListableBeanFactory     : Returning cached instance of singleton bean 'mvcPathMatcher'
2024-09-10T20:48:09.402+09:00 TRACE 86442 --- [learn-spring-boot] [           main] o.s.b.f.s.DefaultListableBeanFactory     : Returning cached instance of singleton bean 'viewControllerHandlerMapping'
2024-09-10T20:48:09.402+09:00 TRACE 86442 --- [learn-spring-boot] [           main] o.s.b.f.s.DefaultListableBeanFactory     : Returning cached instance of singleton bean 'beanNameHandlerMapping'
2024-09-10T20:48:09.402+09:00 TRACE 86442 --- [learn-spring-boot] [           main] o.s.b.f.s.DefaultListableBeanFactory     : Returning cached instance of singleton bean 'routerFunctionMapping'
2024-09-10T20:48:09.402+09:00 TRACE 86442 --- [learn-spring-boot] [           main] o.s.b.f.s.DefaultListableBeanFactory     : Returning cached instance of singleton bean 'resourceHandlerMapping'
2024-09-10T20:48:09.402+09:00 TRACE 86442 --- [learn-spring-boot] [           main] o.s.b.f.s.DefaultListableBeanFactory     : Returning cached instance of singleton bean 'mvcResourceUrlProvider'
2024-09-10T20:48:09.402+09:00 TRACE 86442 --- [learn-spring-boot] [           main] o.s.b.f.s.DefaultListableBeanFactory     : Returning cached instance of singleton bean 'defaultServletHandlerMapping'
2024-09-10T20:48:09.402+09:00 TRACE 86442 --- [learn-spring-boot] [           main] o.s.b.f.s.DefaultListableBeanFactory     : Returning cached instance of singleton bean 'requestMappingHandlerAdapter'
2024-09-10T20:48:09.402+09:00 TRACE 86442 --- [learn-spring-boot] [           main] o.s.b.f.s.DefaultListableBeanFactory     : Returning cached instance of singleton bean 'handlerFunctionAdapter'
2024-09-10T20:48:09.402+09:00 TRACE 86442 --- [learn-spring-boot] [           main] o.s.b.f.s.DefaultListableBeanFactory     : Returning cached instance of singleton bean 'mvcUriComponentsContributor'
2024-09-10T20:48:09.402+09:00 TRACE 86442 --- [learn-spring-boot] [           main] o.s.b.f.s.DefaultListableBeanFactory     : Returning cached instance of singleton bean 'httpRequestHandlerAdapter'
2024-09-10T20:48:09.402+09:00 TRACE 86442 --- [learn-spring-boot] [           main] o.s.b.f.s.DefaultListableBeanFactory     : Returning cached instance of singleton bean 'simpleControllerHandlerAdapter'
2024-09-10T20:48:09.402+09:00 TRACE 86442 --- [learn-spring-boot] [           main] o.s.b.f.s.DefaultListableBeanFactory     : Returning cached instance of singleton bean 'handlerExceptionResolver'
2024-09-10T20:48:09.402+09:00 TRACE 86442 --- [learn-spring-boot] [           main] o.s.b.f.s.DefaultListableBeanFactory     : Returning cached instance of singleton bean 'mvcViewResolver'
2024-09-10T20:48:09.402+09:00 TRACE 86442 --- [learn-spring-boot] [           main] o.s.b.f.s.DefaultListableBeanFactory     : Returning cached instance of singleton bean 'org.springframework.boot.autoconfigure.web.servlet.WebMvcAutoConfiguration$WebMvcAutoConfigurationAdapter'
2024-09-10T20:48:09.402+09:00 TRACE 86442 --- [learn-spring-boot] [           main] o.s.b.f.s.DefaultListableBeanFactory     : Returning cached instance of singleton bean 'defaultViewResolver'
2024-09-10T20:48:09.402+09:00 TRACE 86442 --- [learn-spring-boot] [           main] o.s.b.f.s.DefaultListableBeanFactory     : Returning cached instance of singleton bean 'viewResolver'
2024-09-10T20:48:09.402+09:00 TRACE 86442 --- [learn-spring-boot] [           main] o.s.b.f.s.DefaultListableBeanFactory     : Returning cached instance of singleton bean 'requestContextFilter'
2024-09-10T20:48:09.402+09:00 TRACE 86442 --- [learn-spring-boot] [           main] o.s.b.f.s.DefaultListableBeanFactory     : Returning cached instance of singleton bean 'org.springframework.boot.autoconfigure.web.servlet.WebMvcAutoConfiguration'
2024-09-10T20:48:09.402+09:00 TRACE 86442 --- [learn-spring-boot] [           main] o.s.b.f.s.DefaultListableBeanFactory     : Returning cached instance of singleton bean 'formContentFilter'
2024-09-10T20:48:09.402+09:00 TRACE 86442 --- [learn-spring-boot] [           main] o.s.b.f.s.DefaultListableBeanFactory     : Returning cached instance of singleton bean 'org.springframework.boot.autoconfigure.availability.ApplicationAvailabilityAutoConfiguration'
2024-09-10T20:48:09.402+09:00 TRACE 86442 --- [learn-spring-boot] [           main] o.s.b.f.s.DefaultListableBeanFactory     : Returning cached instance of singleton bean 'applicationAvailability'
2024-09-10T20:48:09.402+09:00 TRACE 86442 --- [learn-spring-boot] [           main] o.s.b.f.s.DefaultListableBeanFactory     : Returning cached instance of singleton bean 'org.springframework.boot.actuate.autoconfigure.availability.AvailabilityHealthContributorAutoConfiguration'
2024-09-10T20:48:09.402+09:00 TRACE 86442 --- [learn-spring-boot] [           main] o.s.b.f.s.DefaultListableBeanFactory     : Returning cached instance of singleton bean 'org.springframework.boot.autoconfigure.jackson.JacksonAutoConfiguration$Jackson2ObjectMapperBuilderCustomizerConfiguration'
2024-09-10T20:48:09.402+09:00 TRACE 86442 --- [learn-spring-boot] [           main] o.s.b.f.s.DefaultListableBeanFactory     : Returning cached instance of singleton bean 'standardJacksonObjectMapperBuilderCustomizer'
2024-09-10T20:48:09.402+09:00 TRACE 86442 --- [learn-spring-boot] [           main] o.s.b.f.s.DefaultListableBeanFactory     : Returning cached instance of singleton bean 'spring.jackson-org.springframework.boot.autoconfigure.jackson.JacksonProperties'
2024-09-10T20:48:09.402+09:00 TRACE 86442 --- [learn-spring-boot] [           main] o.s.b.f.s.DefaultListableBeanFactory     : Returning cached instance of singleton bean 'org.springframework.boot.autoconfigure.jackson.JacksonAutoConfiguration$JacksonObjectMapperBuilderConfiguration'
2024-09-10T20:48:09.402+09:00 TRACE 86442 --- [learn-spring-boot] [           main] o.s.b.f.s.DefaultListableBeanFactory     : Returning cached instance of singleton bean 'org.springframework.boot.autoconfigure.jackson.JacksonAutoConfiguration$ParameterNamesModuleConfiguration'
2024-09-10T20:48:09.402+09:00 TRACE 86442 --- [learn-spring-boot] [           main] o.s.b.f.s.DefaultListableBeanFactory     : Returning cached instance of singleton bean 'parameterNamesModule'
2024-09-10T20:48:09.402+09:00 TRACE 86442 --- [learn-spring-boot] [           main] o.s.b.f.s.DefaultListableBeanFactory     : Returning cached instance of singleton bean 'org.springframework.boot.autoconfigure.jackson.JacksonAutoConfiguration$JacksonObjectMapperConfiguration'
2024-09-10T20:48:09.402+09:00 TRACE 86442 --- [learn-spring-boot] [           main] o.s.b.f.s.DefaultListableBeanFactory     : Returning cached instance of singleton bean 'jacksonObjectMapper'
2024-09-10T20:48:09.402+09:00 TRACE 86442 --- [learn-spring-boot] [           main] o.s.b.f.s.DefaultListableBeanFactory     : Returning cached instance of singleton bean 'org.springframework.boot.autoconfigure.jackson.JacksonAutoConfiguration$JacksonMixinConfiguration'
2024-09-10T20:48:09.402+09:00 TRACE 86442 --- [learn-spring-boot] [           main] o.s.b.f.s.DefaultListableBeanFactory     : Returning cached instance of singleton bean 'jsonMixinModuleEntries'
2024-09-10T20:48:09.402+09:00 TRACE 86442 --- [learn-spring-boot] [           main] o.s.b.f.s.DefaultListableBeanFactory     : Returning cached instance of singleton bean 'jsonMixinModule'
2024-09-10T20:48:09.402+09:00 TRACE 86442 --- [learn-spring-boot] [           main] o.s.b.f.s.DefaultListableBeanFactory     : Returning cached instance of singleton bean 'org.springframework.boot.autoconfigure.jackson.JacksonAutoConfiguration'
2024-09-10T20:48:09.403+09:00 TRACE 86442 --- [learn-spring-boot] [           main] o.s.b.f.s.DefaultListableBeanFactory     : Returning cached instance of singleton bean 'jsonComponentModule'
2024-09-10T20:48:09.403+09:00 TRACE 86442 --- [learn-spring-boot] [           main] o.s.b.f.s.DefaultListableBeanFactory     : Returning cached instance of singleton bean 'org.springframework.boot.actuate.autoconfigure.health.HealthEndpointConfiguration'
2024-09-10T20:48:09.403+09:00 TRACE 86442 --- [learn-spring-boot] [           main] o.s.b.f.s.DefaultListableBeanFactory     : Returning cached instance of singleton bean 'healthStatusAggregator'
2024-09-10T20:48:09.403+09:00 TRACE 86442 --- [learn-spring-boot] [           main] o.s.b.f.s.DefaultListableBeanFactory     : Returning cached instance of singleton bean 'healthHttpCodeStatusMapper'
2024-09-10T20:48:09.403+09:00 TRACE 86442 --- [learn-spring-boot] [           main] o.s.b.f.s.DefaultListableBeanFactory     : Returning cached instance of singleton bean 'healthEndpointGroups'
2024-09-10T20:48:09.403+09:00 TRACE 86442 --- [learn-spring-boot] [           main] o.s.b.f.s.DefaultListableBeanFactory     : Returning cached instance of singleton bean 'healthContributorRegistry'
2024-09-10T20:48:09.403+09:00 TRACE 86442 --- [learn-spring-boot] [           main] o.s.b.f.s.DefaultListableBeanFactory     : Returning cached instance of singleton bean 'healthEndpointGroupMembershipValidator'
2024-09-10T20:48:09.403+09:00 TRACE 86442 --- [learn-spring-boot] [           main] o.s.b.f.s.DefaultListableBeanFactory     : Returning cached instance of singleton bean 'healthEndpoint'
2024-09-10T20:48:09.403+09:00 TRACE 86442 --- [learn-spring-boot] [           main] o.s.b.f.s.DefaultListableBeanFactory     : Returning cached instance of singleton bean 'healthEndpointGroupsBeanPostProcessor'
2024-09-10T20:48:09.403+09:00 TRACE 86442 --- [learn-spring-boot] [           main] o.s.b.f.s.DefaultListableBeanFactory     : Returning cached instance of singleton bean 'org.springframework.boot.actuate.autoconfigure.health.HealthEndpointWebExtensionConfiguration$MvcAdditionalHealthEndpointPathsConfiguration'
2024-09-10T20:48:09.403+09:00 TRACE 86442 --- [learn-spring-boot] [           main] o.s.b.f.s.DefaultListableBeanFactory     : Returning cached instance of singleton bean 'healthEndpointWebMvcHandlerMapping'
2024-09-10T20:48:09.403+09:00 TRACE 86442 --- [learn-spring-boot] [           main] o.s.b.f.s.DefaultListableBeanFactory     : Returning cached instance of singleton bean 'org.springframework.boot.actuate.autoconfigure.health.HealthEndpointWebExtensionConfiguration'
2024-09-10T20:48:09.403+09:00 TRACE 86442 --- [learn-spring-boot] [           main] o.s.b.f.s.DefaultListableBeanFactory     : Returning cached instance of singleton bean 'healthEndpointWebExtension'
2024-09-10T20:48:09.403+09:00 TRACE 86442 --- [learn-spring-boot] [           main] o.s.b.f.s.DefaultListableBeanFactory     : Returning cached instance of singleton bean 'org.springframework.boot.actuate.autoconfigure.health.HealthEndpointAutoConfiguration'
2024-09-10T20:48:09.403+09:00 TRACE 86442 --- [learn-spring-boot] [           main] o.s.b.f.s.DefaultListableBeanFactory     : Returning cached instance of singleton bean 'management.endpoint.health-org.springframework.boot.actuate.autoconfigure.health.HealthEndpointProperties'
2024-09-10T20:48:09.403+09:00 TRACE 86442 --- [learn-spring-boot] [           main] o.s.b.f.s.DefaultListableBeanFactory     : Returning cached instance of singleton bean 'org.springframework.boot.autoconfigure.info.ProjectInfoAutoConfiguration'
2024-09-10T20:48:09.403+09:00 TRACE 86442 --- [learn-spring-boot] [           main] o.s.b.f.s.DefaultListableBeanFactory     : Returning cached instance of singleton bean 'spring.info-org.springframework.boot.autoconfigure.info.ProjectInfoProperties'
2024-09-10T20:48:09.403+09:00 TRACE 86442 --- [learn-spring-boot] [           main] o.s.b.f.s.DefaultListableBeanFactory     : Returning cached instance of singleton bean 'org.springframework.boot.actuate.autoconfigure.info.InfoContributorAutoConfiguration'
2024-09-10T20:48:09.403+09:00 TRACE 86442 --- [learn-spring-boot] [           main] o.s.b.f.s.DefaultListableBeanFactory     : Returning cached instance of singleton bean 'management.health.ssl-org.springframework.boot.actuate.autoconfigure.ssl.SslHealthIndicatorProperties'
2024-09-10T20:48:09.403+09:00 TRACE 86442 --- [learn-spring-boot] [           main] o.s.b.f.s.DefaultListableBeanFactory     : Returning cached instance of singleton bean 'management.info-org.springframework.boot.actuate.autoconfigure.info.InfoContributorProperties'
2024-09-10T20:48:09.403+09:00 TRACE 86442 --- [learn-spring-boot] [           main] o.s.b.f.s.DefaultListableBeanFactory     : Returning cached instance of singleton bean 'org.springframework.boot.actuate.autoconfigure.web.servlet.ServletManagementContextAutoConfiguration'
2024-09-10T20:48:09.403+09:00 TRACE 86442 --- [learn-spring-boot] [           main] o.s.b.f.s.DefaultListableBeanFactory     : Returning cached instance of singleton bean 'servletWebChildContextFactory'
2024-09-10T20:48:09.403+09:00 TRACE 86442 --- [learn-spring-boot] [           main] o.s.b.f.s.DefaultListableBeanFactory     : Returning cached instance of singleton bean 'managementServletContext'
2024-09-10T20:48:09.403+09:00 TRACE 86442 --- [learn-spring-boot] [           main] o.s.b.f.s.DefaultListableBeanFactory     : Returning cached instance of singleton bean 'org.springframework.boot.actuate.autoconfigure.endpoint.EndpointAutoConfiguration'
2024-09-10T20:48:09.403+09:00 TRACE 86442 --- [learn-spring-boot] [           main] o.s.b.f.s.DefaultListableBeanFactory     : Returning cached instance of singleton bean 'endpointOperationParameterMapper'
2024-09-10T20:48:09.403+09:00 TRACE 86442 --- [learn-spring-boot] [           main] o.s.b.f.s.DefaultListableBeanFactory     : Returning cached instance of singleton bean 'endpointCachingOperationInvokerAdvisor'
2024-09-10T20:48:09.403+09:00 TRACE 86442 --- [learn-spring-boot] [           main] o.s.b.f.s.DefaultListableBeanFactory     : Returning cached instance of singleton bean 'org.springframework.boot.actuate.autoconfigure.endpoint.jackson.JacksonEndpointAutoConfiguration'
2024-09-10T20:48:09.403+09:00 TRACE 86442 --- [learn-spring-boot] [           main] o.s.b.f.s.DefaultListableBeanFactory     : Returning cached instance of singleton bean 'endpointObjectMapper'
2024-09-10T20:48:09.403+09:00 TRACE 86442 --- [learn-spring-boot] [           main] o.s.b.f.s.DefaultListableBeanFactory     : Returning cached instance of singleton bean 'org.springframework.boot.actuate.autoconfigure.endpoint.web.WebEndpointAutoConfiguration$WebEndpointServletConfiguration'
2024-09-10T20:48:09.403+09:00 TRACE 86442 --- [learn-spring-boot] [           main] o.s.b.f.s.DefaultListableBeanFactory     : Returning cached instance of singleton bean 'servletEndpointDiscoverer'
2024-09-10T20:48:09.403+09:00 TRACE 86442 --- [learn-spring-boot] [           main] o.s.b.f.s.DefaultListableBeanFactory     : Returning cached instance of singleton bean 'org.springframework.boot.actuate.autoconfigure.endpoint.web.WebEndpointAutoConfiguration'
2024-09-10T20:48:09.403+09:00 TRACE 86442 --- [learn-spring-boot] [           main] o.s.b.f.s.DefaultListableBeanFactory     : Returning cached instance of singleton bean 'webEndpointPathMapper'
2024-09-10T20:48:09.403+09:00 TRACE 86442 --- [learn-spring-boot] [           main] o.s.b.f.s.DefaultListableBeanFactory     : Returning cached instance of singleton bean 'endpointMediaTypes'
2024-09-10T20:48:09.403+09:00 TRACE 86442 --- [learn-spring-boot] [           main] o.s.b.f.s.DefaultListableBeanFactory     : Returning cached instance of singleton bean 'webEndpointDiscoverer'
2024-09-10T20:48:09.403+09:00 TRACE 86442 --- [learn-spring-boot] [           main] o.s.b.f.s.DefaultListableBeanFactory     : Returning cached instance of singleton bean 'controllerEndpointDiscoverer'
2024-09-10T20:48:09.403+09:00 TRACE 86442 --- [learn-spring-boot] [           main] o.s.b.f.s.DefaultListableBeanFactory     : Returning cached instance of singleton bean 'pathMappedEndpoints'
2024-09-10T20:48:09.403+09:00 TRACE 86442 --- [learn-spring-boot] [           main] o.s.b.f.s.DefaultListableBeanFactory     : Returning cached instance of singleton bean 'webExposeExcludePropertyEndpointFilter'
2024-09-10T20:48:09.403+09:00 TRACE 86442 --- [learn-spring-boot] [           main] o.s.b.f.s.DefaultListableBeanFactory     : Returning cached instance of singleton bean 'controllerExposeExcludePropertyEndpointFilter'
2024-09-10T20:48:09.403+09:00 TRACE 86442 --- [learn-spring-boot] [           main] o.s.b.f.s.DefaultListableBeanFactory     : Returning cached instance of singleton bean 'management.endpoints.web-org.springframework.boot.actuate.autoconfigure.endpoint.web.WebEndpointProperties'
2024-09-10T20:48:09.403+09:00 TRACE 86442 --- [learn-spring-boot] [           main] o.s.b.f.s.DefaultListableBeanFactory     : Returning cached instance of singleton bean 'org.springframework.boot.actuate.autoconfigure.ssl.SslHealthContributorAutoConfiguration'
2024-09-10T20:48:09.403+09:00 TRACE 86442 --- [learn-spring-boot] [           main] o.s.b.f.s.DefaultListableBeanFactory     : Returning cached instance of singleton bean 'sslHealthIndicator'
2024-09-10T20:48:09.403+09:00 TRACE 86442 --- [learn-spring-boot] [           main] o.s.b.f.s.DefaultListableBeanFactory     : Returning cached instance of singleton bean 'sslInfo'
2024-09-10T20:48:09.403+09:00 TRACE 86442 --- [learn-spring-boot] [           main] o.s.b.f.s.DefaultListableBeanFactory     : Returning cached instance of singleton bean 'org.springframework.boot.actuate.autoconfigure.system.DiskSpaceHealthContributorAutoConfiguration'
2024-09-10T20:48:09.403+09:00 TRACE 86442 --- [learn-spring-boot] [           main] o.s.b.f.s.DefaultListableBeanFactory     : Returning cached instance of singleton bean 'diskSpaceHealthIndicator'
2024-09-10T20:48:09.403+09:00 TRACE 86442 --- [learn-spring-boot] [           main] o.s.b.f.s.DefaultListableBeanFactory     : Returning cached instance of singleton bean 'management.health.diskspace-org.springframework.boot.actuate.autoconfigure.system.DiskSpaceHealthIndicatorProperties'
2024-09-10T20:48:09.403+09:00 TRACE 86442 --- [learn-spring-boot] [           main] o.s.b.f.s.DefaultListableBeanFactory     : Returning cached instance of singleton bean 'org.springframework.boot.actuate.autoconfigure.health.HealthContributorAutoConfiguration'
2024-09-10T20:48:09.403+09:00 TRACE 86442 --- [learn-spring-boot] [           main] o.s.b.f.s.DefaultListableBeanFactory     : Returning cached instance of singleton bean 'pingHealthContributor'
2024-09-10T20:48:09.403+09:00 TRACE 86442 --- [learn-spring-boot] [           main] o.s.b.f.s.DefaultListableBeanFactory     : Returning cached instance of singleton bean 'org.springframework.boot.actuate.autoconfigure.metrics.MetricsAutoConfiguration'
2024-09-10T20:48:09.403+09:00 TRACE 86442 --- [learn-spring-boot] [           main] o.s.b.f.s.DefaultListableBeanFactory     : Returning cached instance of singleton bean 'micrometerClock'
2024-09-10T20:48:09.403+09:00 TRACE 86442 --- [learn-spring-boot] [           main] o.s.b.f.s.DefaultListableBeanFactory     : Returning cached instance of singleton bean 'meterRegistryPostProcessor'
2024-09-10T20:48:09.403+09:00 TRACE 86442 --- [learn-spring-boot] [           main] o.s.b.f.s.DefaultListableBeanFactory     : Returning cached instance of singleton bean 'propertiesMeterFilter'
2024-09-10T20:48:09.403+09:00 TRACE 86442 --- [learn-spring-boot] [           main] o.s.b.f.s.DefaultListableBeanFactory     : Returning cached instance of singleton bean 'meterRegistryCloser'
2024-09-10T20:48:09.403+09:00 TRACE 86442 --- [learn-spring-boot] [           main] o.s.b.f.s.DefaultListableBeanFactory     : Returning cached instance of singleton bean 'management.metrics-org.springframework.boot.actuate.autoconfigure.metrics.MetricsProperties'
2024-09-10T20:48:09.403+09:00 TRACE 86442 --- [learn-spring-boot] [           main] o.s.b.f.s.DefaultListableBeanFactory     : Returning cached instance of singleton bean 'org.springframework.boot.actuate.autoconfigure.metrics.export.simple.SimpleMetricsExportAutoConfiguration'
2024-09-10T20:48:09.403+09:00 TRACE 86442 --- [learn-spring-boot] [           main] o.s.b.f.s.DefaultListableBeanFactory     : Returning cached instance of singleton bean 'simpleMeterRegistry'
2024-09-10T20:48:09.403+09:00 TRACE 86442 --- [learn-spring-boot] [           main] o.s.b.f.s.DefaultListableBeanFactory     : Returning cached instance of singleton bean 'simpleConfig'
2024-09-10T20:48:09.403+09:00 TRACE 86442 --- [learn-spring-boot] [           main] o.s.b.f.s.DefaultListableBeanFactory     : Returning cached instance of singleton bean 'management.simple.metrics.export-org.springframework.boot.actuate.autoconfigure.metrics.export.simple.SimpleProperties'
2024-09-10T20:48:09.403+09:00 TRACE 86442 --- [learn-spring-boot] [           main] o.s.b.f.s.DefaultListableBeanFactory     : Returning cached instance of singleton bean 'org.springframework.boot.actuate.autoconfigure.metrics.CompositeMeterRegistryAutoConfiguration'
2024-09-10T20:48:09.403+09:00 TRACE 86442 --- [learn-spring-boot] [           main] o.s.b.f.s.DefaultListableBeanFactory     : Returning cached instance of singleton bean 'org.springframework.boot.actuate.autoconfigure.metrics.JvmMetricsAutoConfiguration'
2024-09-10T20:48:09.403+09:00 TRACE 86442 --- [learn-spring-boot] [           main] o.s.b.f.s.DefaultListableBeanFactory     : Returning cached instance of singleton bean 'jvmGcMetrics'
2024-09-10T20:48:09.403+09:00 TRACE 86442 --- [learn-spring-boot] [           main] o.s.b.f.s.DefaultListableBeanFactory     : Returning cached instance of singleton bean 'jvmHeapPressureMetrics'
2024-09-10T20:48:09.403+09:00 TRACE 86442 --- [learn-spring-boot] [           main] o.s.b.f.s.DefaultListableBeanFactory     : Returning cached instance of singleton bean 'jvmMemoryMetrics'
2024-09-10T20:48:09.403+09:00 TRACE 86442 --- [learn-spring-boot] [           main] o.s.b.f.s.DefaultListableBeanFactory     : Returning cached instance of singleton bean 'jvmThreadMetrics'
2024-09-10T20:48:09.403+09:00 TRACE 86442 --- [learn-spring-boot] [           main] o.s.b.f.s.DefaultListableBeanFactory     : Returning cached instance of singleton bean 'classLoaderMetrics'
2024-09-10T20:48:09.403+09:00 TRACE 86442 --- [learn-spring-boot] [           main] o.s.b.f.s.DefaultListableBeanFactory     : Returning cached instance of singleton bean 'jvmInfoMetrics'
2024-09-10T20:48:09.403+09:00 TRACE 86442 --- [learn-spring-boot] [           main] o.s.b.f.s.DefaultListableBeanFactory     : Returning cached instance of singleton bean 'jvmCompilationMetrics'
2024-09-10T20:48:09.403+09:00 TRACE 86442 --- [learn-spring-boot] [           main] o.s.b.f.s.DefaultListableBeanFactory     : Returning cached instance of singleton bean 'org.springframework.boot.actuate.autoconfigure.metrics.LogbackMetricsAutoConfiguration'
2024-09-10T20:48:09.403+09:00 TRACE 86442 --- [learn-spring-boot] [           main] o.s.b.f.s.DefaultListableBeanFactory     : Returning cached instance of singleton bean 'logbackMetrics'
2024-09-10T20:48:09.403+09:00 TRACE 86442 --- [learn-spring-boot] [           main] o.s.b.f.s.DefaultListableBeanFactory     : Returning cached instance of singleton bean 'org.springframework.boot.actuate.autoconfigure.metrics.SystemMetricsAutoConfiguration'
2024-09-10T20:48:09.403+09:00 TRACE 86442 --- [learn-spring-boot] [           main] o.s.b.f.s.DefaultListableBeanFactory     : Returning cached instance of singleton bean 'uptimeMetrics'
2024-09-10T20:48:09.403+09:00 TRACE 86442 --- [learn-spring-boot] [           main] o.s.b.f.s.DefaultListableBeanFactory     : Returning cached instance of singleton bean 'processorMetrics'
2024-09-10T20:48:09.403+09:00 TRACE 86442 --- [learn-spring-boot] [           main] o.s.b.f.s.DefaultListableBeanFactory     : Returning cached instance of singleton bean 'fileDescriptorMetrics'
2024-09-10T20:48:09.403+09:00 TRACE 86442 --- [learn-spring-boot] [           main] o.s.b.f.s.DefaultListableBeanFactory     : Returning cached instance of singleton bean 'diskSpaceMetrics'
2024-09-10T20:48:09.403+09:00 TRACE 86442 --- [learn-spring-boot] [           main] o.s.b.f.s.DefaultListableBeanFactory     : Returning cached instance of singleton bean 'org.springframework.boot.actuate.autoconfigure.metrics.integration.IntegrationMetricsAutoConfiguration'
2024-09-10T20:48:09.403+09:00 TRACE 86442 --- [learn-spring-boot] [           main] o.s.b.f.s.DefaultListableBeanFactory     : Returning cached instance of singleton bean 'org.springframework.boot.actuate.autoconfigure.metrics.startup.StartupTimeMetricsListenerAutoConfiguration'
2024-09-10T20:48:09.403+09:00 TRACE 86442 --- [learn-spring-boot] [           main] o.s.b.f.s.DefaultListableBeanFactory     : Returning cached instance of singleton bean 'startupTimeMetrics'
2024-09-10T20:48:09.403+09:00 TRACE 86442 --- [learn-spring-boot] [           main] o.s.b.f.s.DefaultListableBeanFactory     : Returning cached instance of singleton bean 'org.springframework.boot.autoconfigure.task.TaskSchedulingConfigurations$ThreadPoolTaskSchedulerBuilderConfiguration'
2024-09-10T20:48:09.403+09:00 TRACE 86442 --- [learn-spring-boot] [           main] o.s.b.f.s.DefaultListableBeanFactory     : Returning cached instance of singleton bean 'threadPoolTaskSchedulerBuilder'
2024-09-10T20:48:09.403+09:00 TRACE 86442 --- [learn-spring-boot] [           main] o.s.b.f.s.DefaultListableBeanFactory     : Returning cached instance of singleton bean 'org.springframework.boot.autoconfigure.task.TaskSchedulingConfigurations$SimpleAsyncTaskSchedulerBuilderConfiguration'
2024-09-10T20:48:09.403+09:00 TRACE 86442 --- [learn-spring-boot] [           main] o.s.b.f.s.DefaultListableBeanFactory     : Returning cached instance of singleton bean 'simpleAsyncTaskSchedulerBuilder'
2024-09-10T20:48:09.403+09:00 TRACE 86442 --- [learn-spring-boot] [           main] o.s.b.f.s.DefaultListableBeanFactory     : Returning cached instance of singleton bean 'org.springframework.boot.autoconfigure.task.TaskSchedulingAutoConfiguration'
2024-09-10T20:48:09.403+09:00 TRACE 86442 --- [learn-spring-boot] [           main] o.s.b.f.s.DefaultListableBeanFactory     : Returning cached instance of singleton bean 'spring.task.scheduling-org.springframework.boot.autoconfigure.task.TaskSchedulingProperties'
2024-09-10T20:48:09.403+09:00 TRACE 86442 --- [learn-spring-boot] [           main] o.s.b.f.s.DefaultListableBeanFactory     : Returning cached instance of singleton bean 'org.springframework.boot.actuate.autoconfigure.metrics.task.TaskExecutorMetricsAutoConfiguration'
2024-09-10T20:48:09.403+09:00 TRACE 86442 --- [learn-spring-boot] [           main] o.s.b.f.s.DefaultListableBeanFactory     : Returning cached instance of singleton bean 'eagerTaskExecutorMetrics'
2024-09-10T20:48:09.403+09:00 TRACE 86442 --- [learn-spring-boot] [           main] o.s.b.f.s.DefaultListableBeanFactory     : Returning cached instance of singleton bean 'org.springframework.boot.actuate.autoconfigure.metrics.web.tomcat.TomcatMetricsAutoConfiguration'
2024-09-10T20:48:09.403+09:00 TRACE 86442 --- [learn-spring-boot] [           main] o.s.b.f.s.DefaultListableBeanFactory     : Returning cached instance of singleton bean 'tomcatMetricsBinder'
2024-09-10T20:48:09.403+09:00 TRACE 86442 --- [learn-spring-boot] [           main] o.s.b.f.s.DefaultListableBeanFactory     : Returning cached instance of singleton bean 'org.springframework.boot.actuate.autoconfigure.observation.ObservationAutoConfiguration$MeterObservationHandlerConfiguration$OnlyMetricsMeterObservationHandlerConfiguration'
2024-09-10T20:48:09.403+09:00 TRACE 86442 --- [learn-spring-boot] [           main] o.s.b.f.s.DefaultListableBeanFactory     : Returning cached instance of singleton bean 'defaultMeterObservationHandler'
2024-09-10T20:48:09.403+09:00 TRACE 86442 --- [learn-spring-boot] [           main] o.s.b.f.s.DefaultListableBeanFactory     : Returning cached instance of singleton bean 'org.springframework.boot.actuate.autoconfigure.observation.ObservationAutoConfiguration$MeterObservationHandlerConfiguration'
2024-09-10T20:48:09.403+09:00 TRACE 86442 --- [learn-spring-boot] [           main] o.s.b.f.s.DefaultListableBeanFactory     : Returning cached instance of singleton bean 'org.springframework.boot.actuate.autoconfigure.observation.ObservationAutoConfiguration$OnlyMetricsConfiguration'
2024-09-10T20:48:09.403+09:00 TRACE 86442 --- [learn-spring-boot] [           main] o.s.b.f.s.DefaultListableBeanFactory     : Returning cached instance of singleton bean 'metricsObservationHandlerGrouping'
2024-09-10T20:48:09.403+09:00 TRACE 86442 --- [learn-spring-boot] [           main] o.s.b.f.s.DefaultListableBeanFactory     : Returning cached instance of singleton bean 'org.springframework.boot.actuate.autoconfigure.observation.ObservationAutoConfiguration'
2024-09-10T20:48:09.403+09:00 TRACE 86442 --- [learn-spring-boot] [           main] o.s.b.f.s.DefaultListableBeanFactory     : Returning cached instance of singleton bean 'observationRegistryPostProcessor'
2024-09-10T20:48:09.403+09:00 TRACE 86442 --- [learn-spring-boot] [           main] o.s.b.f.s.DefaultListableBeanFactory     : Returning cached instance of singleton bean 'observationRegistry'
2024-09-10T20:48:09.403+09:00 TRACE 86442 --- [learn-spring-boot] [           main] o.s.b.f.s.DefaultListableBeanFactory     : Returning cached instance of singleton bean 'propertiesObservationFilter'
2024-09-10T20:48:09.404+09:00 TRACE 86442 --- [learn-spring-boot] [           main] o.s.b.f.s.DefaultListableBeanFactory     : Returning cached instance of singleton bean 'management.observations-org.springframework.boot.actuate.autoconfigure.observation.ObservationProperties'
2024-09-10T20:48:09.404+09:00 TRACE 86442 --- [learn-spring-boot] [           main] o.s.b.f.s.DefaultListableBeanFactory     : Returning cached instance of singleton bean 'org.springframework.boot.autoconfigure.http.HttpMessageConvertersAutoConfiguration$StringHttpMessageConverterConfiguration'
2024-09-10T20:48:09.404+09:00 TRACE 86442 --- [learn-spring-boot] [           main] o.s.b.f.s.DefaultListableBeanFactory     : Returning cached instance of singleton bean 'stringHttpMessageConverter'
2024-09-10T20:48:09.404+09:00 TRACE 86442 --- [learn-spring-boot] [           main] o.s.b.f.s.DefaultListableBeanFactory     : Returning cached instance of singleton bean 'org.springframework.boot.autoconfigure.http.JacksonHttpMessageConvertersConfiguration$MappingJackson2HttpMessageConverterConfiguration'
2024-09-10T20:48:09.404+09:00 TRACE 86442 --- [learn-spring-boot] [           main] o.s.b.f.s.DefaultListableBeanFactory     : Returning cached instance of singleton bean 'mappingJackson2HttpMessageConverter'
2024-09-10T20:48:09.404+09:00 TRACE 86442 --- [learn-spring-boot] [           main] o.s.b.f.s.DefaultListableBeanFactory     : Returning cached instance of singleton bean 'org.springframework.boot.autoconfigure.http.JacksonHttpMessageConvertersConfiguration'
2024-09-10T20:48:09.404+09:00 TRACE 86442 --- [learn-spring-boot] [           main] o.s.b.f.s.DefaultListableBeanFactory     : Returning cached instance of singleton bean 'org.springframework.boot.autoconfigure.http.HttpMessageConvertersAutoConfiguration'
2024-09-10T20:48:09.404+09:00 TRACE 86442 --- [learn-spring-boot] [           main] o.s.b.f.s.DefaultListableBeanFactory     : Returning cached instance of singleton bean 'messageConverters'
2024-09-10T20:48:09.404+09:00 TRACE 86442 --- [learn-spring-boot] [           main] o.s.b.f.s.DefaultListableBeanFactory     : Returning cached instance of singleton bean 'org.springframework.boot.autoconfigure.web.client.RestClientAutoConfiguration'
2024-09-10T20:48:09.404+09:00 TRACE 86442 --- [learn-spring-boot] [           main] o.s.b.f.s.DefaultListableBeanFactory     : Returning cached instance of singleton bean 'httpMessageConvertersRestClientCustomizer'
2024-09-10T20:48:09.404+09:00 TRACE 86442 --- [learn-spring-boot] [           main] o.s.b.f.s.DefaultListableBeanFactory     : Returning cached instance of singleton bean 'restClientSsl'
2024-09-10T20:48:09.404+09:00 TRACE 86442 --- [learn-spring-boot] [           main] o.s.b.f.s.DefaultListableBeanFactory     : Returning cached instance of singleton bean 'restClientBuilderConfigurer'
2024-09-10T20:48:09.404+09:00 TRACE 86442 --- [learn-spring-boot] [           main] o.s.b.f.s.DefaultListableBeanFactory     : Returning cached instance of singleton bean 'org.springframework.boot.autoconfigure.web.client.RestTemplateAutoConfiguration'
2024-09-10T20:48:09.404+09:00 TRACE 86442 --- [learn-spring-boot] [           main] o.s.b.f.s.DefaultListableBeanFactory     : Returning cached instance of singleton bean 'org.springframework.boot.actuate.autoconfigure.observation.web.client.HttpClientObservationsAutoConfiguration$MeterFilterConfiguration'
2024-09-10T20:48:09.404+09:00 TRACE 86442 --- [learn-spring-boot] [           main] o.s.b.f.s.DefaultListableBeanFactory     : Returning cached instance of singleton bean 'metricsHttpClientUriTagFilter'
2024-09-10T20:48:09.404+09:00 TRACE 86442 --- [learn-spring-boot] [           main] o.s.b.f.s.DefaultListableBeanFactory     : Returning cached instance of singleton bean 'org.springframework.boot.actuate.autoconfigure.observation.web.client.RestTemplateObservationConfiguration'
2024-09-10T20:48:09.404+09:00 TRACE 86442 --- [learn-spring-boot] [           main] o.s.b.f.s.DefaultListableBeanFactory     : Returning cached instance of singleton bean 'observationRestTemplateCustomizer'
2024-09-10T20:48:09.404+09:00 TRACE 86442 --- [learn-spring-boot] [           main] o.s.b.f.s.DefaultListableBeanFactory     : Returning cached instance of singleton bean 'org.springframework.boot.actuate.autoconfigure.observation.web.client.RestClientObservationConfiguration'
2024-09-10T20:48:09.404+09:00 TRACE 86442 --- [learn-spring-boot] [           main] o.s.b.f.s.DefaultListableBeanFactory     : Returning cached instance of singleton bean 'observationRestClientCustomizer'
2024-09-10T20:48:09.404+09:00 TRACE 86442 --- [learn-spring-boot] [           main] o.s.b.f.s.DefaultListableBeanFactory     : Returning cached instance of singleton bean 'org.springframework.boot.actuate.autoconfigure.observation.web.client.HttpClientObservationsAutoConfiguration'
2024-09-10T20:48:09.404+09:00 TRACE 86442 --- [learn-spring-boot] [           main] o.s.b.f.s.DefaultListableBeanFactory     : Returning cached instance of singleton bean 'org.springframework.boot.actuate.autoconfigure.observation.web.servlet.WebMvcObservationAutoConfiguration$MeterFilterConfiguration'
2024-09-10T20:48:09.404+09:00 TRACE 86442 --- [learn-spring-boot] [           main] o.s.b.f.s.DefaultListableBeanFactory     : Returning cached instance of singleton bean 'metricsHttpServerUriTagFilter'
2024-09-10T20:48:09.404+09:00 TRACE 86442 --- [learn-spring-boot] [           main] o.s.b.f.s.DefaultListableBeanFactory     : Returning cached instance of singleton bean 'org.springframework.boot.actuate.autoconfigure.observation.web.servlet.WebMvcObservationAutoConfiguration'
2024-09-10T20:48:09.404+09:00 TRACE 86442 --- [learn-spring-boot] [           main] o.s.b.f.s.DefaultListableBeanFactory     : Returning cached instance of singleton bean 'webMvcObservationFilter'
2024-09-10T20:48:09.404+09:00 TRACE 86442 --- [learn-spring-boot] [           main] o.s.b.f.s.DefaultListableBeanFactory     : Returning cached instance of singleton bean 'org.springframework.boot.actuate.autoconfigure.scheduling.ScheduledTasksObservabilityAutoConfiguration'
2024-09-10T20:48:09.404+09:00 TRACE 86442 --- [learn-spring-boot] [           main] o.s.b.f.s.DefaultListableBeanFactory     : Returning cached instance of singleton bean 'observabilitySchedulingConfigurer'
2024-09-10T20:48:09.404+09:00 TRACE 86442 --- [learn-spring-boot] [           main] o.s.b.f.s.DefaultListableBeanFactory     : Returning cached instance of singleton bean 'org.springframework.boot.autoconfigure.aop.AopAutoConfiguration$ClassProxyingConfiguration'
2024-09-10T20:48:09.404+09:00 TRACE 86442 --- [learn-spring-boot] [           main] o.s.b.f.s.DefaultListableBeanFactory     : Returning cached instance of singleton bean 'forceAutoProxyCreatorToUseClassProxying'
2024-09-10T20:48:09.404+09:00 TRACE 86442 --- [learn-spring-boot] [           main] o.s.b.f.s.DefaultListableBeanFactory     : Returning cached instance of singleton bean 'org.springframework.boot.autoconfigure.aop.AopAutoConfiguration'
2024-09-10T20:48:09.404+09:00 TRACE 86442 --- [learn-spring-boot] [           main] o.s.b.f.s.DefaultListableBeanFactory     : Returning cached instance of singleton bean 'org.springframework.boot.autoconfigure.context.ConfigurationPropertiesAutoConfiguration'
2024-09-10T20:48:09.404+09:00 TRACE 86442 --- [learn-spring-boot] [           main] o.s.b.f.s.DefaultListableBeanFactory     : Returning cached instance of singleton bean 'org.springframework.boot.autoconfigure.context.LifecycleAutoConfiguration'
2024-09-10T20:48:09.404+09:00 TRACE 86442 --- [learn-spring-boot] [           main] o.s.b.f.s.DefaultListableBeanFactory     : Returning cached instance of singleton bean 'lifecycleProcessor'
2024-09-10T20:48:09.404+09:00 TRACE 86442 --- [learn-spring-boot] [           main] o.s.b.f.s.DefaultListableBeanFactory     : Returning cached instance of singleton bean 'spring.lifecycle-org.springframework.boot.autoconfigure.context.LifecycleProperties'
2024-09-10T20:48:09.404+09:00 TRACE 86442 --- [learn-spring-boot] [           main] o.s.b.f.s.DefaultListableBeanFactory     : Returning cached instance of singleton bean 'org.springframework.boot.autoconfigure.sql.init.SqlInitializationAutoConfiguration'
2024-09-10T20:48:09.404+09:00 TRACE 86442 --- [learn-spring-boot] [           main] o.s.b.f.s.DefaultListableBeanFactory     : Returning cached instance of singleton bean 'spring.sql.init-org.springframework.boot.autoconfigure.sql.init.SqlInitializationProperties'
2024-09-10T20:48:09.404+09:00 TRACE 86442 --- [learn-spring-boot] [           main] o.s.b.f.s.DefaultListableBeanFactory     : Returning cached instance of singleton bean 'org.springframework.boot.sql.init.dependency.DatabaseInitializationDependencyConfigurer$DependsOnDatabaseInitializationPostProcessor'
2024-09-10T20:48:09.404+09:00 TRACE 86442 --- [learn-spring-boot] [           main] o.s.b.f.s.DefaultListableBeanFactory     : Returning cached instance of singleton bean 'org.springframework.boot.autoconfigure.web.servlet.HttpEncodingAutoConfiguration'
2024-09-10T20:48:09.404+09:00 TRACE 86442 --- [learn-spring-boot] [           main] o.s.b.f.s.DefaultListableBeanFactory     : Returning cached instance of singleton bean 'characterEncodingFilter'
2024-09-10T20:48:09.404+09:00 TRACE 86442 --- [learn-spring-boot] [           main] o.s.b.f.s.DefaultListableBeanFactory     : Returning cached instance of singleton bean 'localeCharsetMappingsCustomizer'
2024-09-10T20:48:09.404+09:00 TRACE 86442 --- [learn-spring-boot] [           main] o.s.b.f.s.DefaultListableBeanFactory     : Returning cached instance of singleton bean 'org.springframework.boot.autoconfigure.web.servlet.MultipartAutoConfiguration'
2024-09-10T20:48:09.404+09:00 TRACE 86442 --- [learn-spring-boot] [           main] o.s.b.f.s.DefaultListableBeanFactory     : Returning cached instance of singleton bean 'multipartConfigElement'
2024-09-10T20:48:09.404+09:00 TRACE 86442 --- [learn-spring-boot] [           main] o.s.b.f.s.DefaultListableBeanFactory     : Returning cached instance of singleton bean 'multipartResolver'
2024-09-10T20:48:09.404+09:00 TRACE 86442 --- [learn-spring-boot] [           main] o.s.b.f.s.DefaultListableBeanFactory     : Returning cached instance of singleton bean 'spring.servlet.multipart-org.springframework.boot.autoconfigure.web.servlet.MultipartProperties'
2024-09-10T20:48:09.404+09:00 TRACE 86442 --- [learn-spring-boot] [           main] o.s.b.f.s.DefaultListableBeanFactory     : Returning cached instance of singleton bean 'org.springframework.boot.actuate.autoconfigure.endpoint.web.ServletEndpointManagementContextConfiguration$WebMvcServletEndpointManagementContextConfiguration'
2024-09-10T20:48:09.404+09:00 TRACE 86442 --- [learn-spring-boot] [           main] o.s.b.f.s.DefaultListableBeanFactory     : Returning cached instance of singleton bean 'servletEndpointRegistrar'
2024-09-10T20:48:09.404+09:00 TRACE 86442 --- [learn-spring-boot] [           main] o.s.b.f.s.DefaultListableBeanFactory     : Returning cached instance of singleton bean 'org.springframework.boot.actuate.autoconfigure.endpoint.web.ServletEndpointManagementContextConfiguration'
2024-09-10T20:48:09.404+09:00 TRACE 86442 --- [learn-spring-boot] [           main] o.s.b.f.s.DefaultListableBeanFactory     : Returning cached instance of singleton bean 'servletExposeExcludePropertyEndpointFilter'
2024-09-10T20:48:09.404+09:00 TRACE 86442 --- [learn-spring-boot] [           main] o.s.b.f.s.DefaultListableBeanFactory     : Returning cached instance of singleton bean 'org.springframework.boot.actuate.autoconfigure.endpoint.web.servlet.WebMvcEndpointManagementContextConfiguration'
2024-09-10T20:48:09.404+09:00 TRACE 86442 --- [learn-spring-boot] [           main] o.s.b.f.s.DefaultListableBeanFactory     : Returning cached instance of singleton bean 'webEndpointServletHandlerMapping'
2024-09-10T20:48:09.404+09:00 TRACE 86442 --- [learn-spring-boot] [           main] o.s.b.f.s.DefaultListableBeanFactory     : Returning cached instance of singleton bean 'controllerEndpointHandlerMapping'
2024-09-10T20:48:09.404+09:00 TRACE 86442 --- [learn-spring-boot] [           main] o.s.b.f.s.DefaultListableBeanFactory     : Returning cached instance of singleton bean 'endpointObjectMapperWebMvcConfigurer'
2024-09-10T20:48:09.404+09:00 TRACE 86442 --- [learn-spring-boot] [           main] o.s.b.f.s.DefaultListableBeanFactory     : Returning cached instance of singleton bean 'management.endpoints.web.cors-org.springframework.boot.actuate.autoconfigure.endpoint.web.CorsEndpointProperties'
2024-09-10T20:48:09.404+09:00 TRACE 86442 --- [learn-spring-boot] [           main] o.s.b.f.s.DefaultListableBeanFactory     : Returning cached instance of singleton bean 'org.springframework.boot.actuate.autoconfigure.web.server.ManagementContextAutoConfiguration$SameManagementContextConfiguration$EnableSameManagementContextConfiguration'
2024-09-10T20:48:09.404+09:00 TRACE 86442 --- [learn-spring-boot] [           main] o.s.b.f.s.DefaultListableBeanFactory     : Returning cached instance of singleton bean 'org.springframework.boot.actuate.autoconfigure.web.server.ManagementContextAutoConfiguration$SameManagementContextConfiguration'
2024-09-10T20:48:09.404+09:00 TRACE 86442 --- [learn-spring-boot] [           main] o.s.b.f.s.DefaultListableBeanFactory     : Returning cached instance of singleton bean 'org.springframework.boot.actuate.autoconfigure.web.server.ManagementContextAutoConfiguration'
2024-09-10T20:48:09.404+09:00 TRACE 86442 --- [learn-spring-boot] [           main] o.s.b.f.s.DefaultListableBeanFactory     : Returning cached instance of singleton bean 'management.server-org.springframework.boot.actuate.autoconfigure.web.server.ManagementServerProperties'
2024-09-10T20:48:09.404+09:00 TRACE 86442 --- [learn-spring-boot] [           main] o.s.b.f.s.DefaultListableBeanFactory     : Returning cached instance of singleton bean 'org.springframework.aop.config.internalAutoProxyCreator'
2024-09-10T20:48:09.405+09:00 TRACE 86442 --- [learn-spring-boot] [           main] o.s.test.context.TestContextManager      : beforeTestExecution(): instance [com.in28minutes.springboot.learn_spring_boot.LearnSpringBootApplicationTests@46f73ffa], method [void com.in28minutes.springboot.learn_spring_boot.LearnSpringBootApplicationTests.contextLoads()]
2024-09-10T20:48:09.405+09:00 TRACE 86442 --- [learn-spring-boot] [           main] c.DefaultCacheAwareContextLoaderDelegate : Retrieved ApplicationContext [1638249646] from cache with key [WebMergedContextConfiguration@51e7589f testClass = com.in28minutes.springboot.learn_spring_boot.LearnSpringBootApplicationTests, locations = [], classes = [com.in28minutes.springboot.learn_spring_boot.LearnSpringBootApplication], contextInitializerClasses = [], activeProfiles = [], propertySourceDescriptors = [], propertySourceProperties = ["org.springframework.boot.test.context.SpringBootTestContextBootstrapper=true"], contextCustomizers = [org.springframework.boot.test.context.filter.ExcludeFilterContextCustomizer@4f32a3ad, org.springframework.boot.test.json.DuplicateJsonObjectContextCustomizerFactory$DuplicateJsonObjectContextCustomizer@7d900ecf, org.springframework.boot.test.mock.mockito.MockitoContextCustomizer@0, org.springframework.boot.test.web.client.TestRestTemplateContextCustomizer@5b38c1ec, org.springframework.boot.test.web.reactor.netty.DisableReactorResourceFactoryGlobalResourcesContextCustomizerFactory$DisableReactorResourceFactoryGlobalResourcesContextCustomizerCustomizer@2dfaea86, org.springframework.boot.test.autoconfigure.actuate.observability.ObservabilityContextCustomizerFactory$DisableObservabilityContextCustomizer@1f, org.springframework.boot.test.autoconfigure.properties.PropertyMappingContextCustomizer@0, org.springframework.boot.test.autoconfigure.web.servlet.WebDriverContextCustomizer@446a1e84, org.springframework.test.context.support.DynamicPropertiesContextCustomizer@0, org.springframework.boot.test.context.SpringBootTestAnnotation@1f88b976], resourceBasePath = "src/main/webapp", contextLoader = org.springframework.boot.test.context.SpringBootContextLoader, parent = null]
2024-09-10T20:48:09.405+09:00 DEBUG 86442 --- [learn-spring-boot] [           main] org.springframework.test.context.cache   : Spring test ApplicationContext cache statistics: [DefaultContextCache@65cc5252 size = 1, maxSize = 32, parentContextCount = 0, hitCount = 6, missCount = 1, failureCount = 0]
2024-09-10T20:48:09.405+09:00 TRACE 86442 --- [learn-spring-boot] [           main] o.s.b.f.s.DefaultListableBeanFactory     : Returning cached instance of singleton bean 'startupTimeMetrics'
2024-09-10T20:48:09.409+09:00 TRACE 86442 --- [learn-spring-boot] [           main] o.s.test.context.TestContextManager      : afterTestExecution(): instance [com.in28minutes.springboot.learn_spring_boot.LearnSpringBootApplicationTests@46f73ffa], method [void com.in28minutes.springboot.learn_spring_boot.LearnSpringBootApplicationTests.contextLoads()], exception [null]
2024-09-10T20:48:09.410+09:00 TRACE 86442 --- [learn-spring-boot] [           main] c.DefaultCacheAwareContextLoaderDelegate : Retrieved ApplicationContext [1638249646] from cache with key [WebMergedContextConfiguration@51e7589f testClass = com.in28minutes.springboot.learn_spring_boot.LearnSpringBootApplicationTests, locations = [], classes = [com.in28minutes.springboot.learn_spring_boot.LearnSpringBootApplication], contextInitializerClasses = [], activeProfiles = [], propertySourceDescriptors = [], propertySourceProperties = ["org.springframework.boot.test.context.SpringBootTestContextBootstrapper=true"], contextCustomizers = [org.springframework.boot.test.context.filter.ExcludeFilterContextCustomizer@4f32a3ad, org.springframework.boot.test.json.DuplicateJsonObjectContextCustomizerFactory$DuplicateJsonObjectContextCustomizer@7d900ecf, org.springframework.boot.test.mock.mockito.MockitoContextCustomizer@0, org.springframework.boot.test.web.client.TestRestTemplateContextCustomizer@5b38c1ec, org.springframework.boot.test.web.reactor.netty.DisableReactorResourceFactoryGlobalResourcesContextCustomizerFactory$DisableReactorResourceFactoryGlobalResourcesContextCustomizerCustomizer@2dfaea86, org.springframework.boot.test.autoconfigure.actuate.observability.ObservabilityContextCustomizerFactory$DisableObservabilityContextCustomizer@1f, org.springframework.boot.test.autoconfigure.properties.PropertyMappingContextCustomizer@0, org.springframework.boot.test.autoconfigure.web.servlet.WebDriverContextCustomizer@446a1e84, org.springframework.test.context.support.DynamicPropertiesContextCustomizer@0, org.springframework.boot.test.context.SpringBootTestAnnotation@1f88b976], resourceBasePath = "src/main/webapp", contextLoader = org.springframework.boot.test.context.SpringBootContextLoader, parent = null]
2024-09-10T20:48:09.410+09:00 DEBUG 86442 --- [learn-spring-boot] [           main] org.springframework.test.context.cache   : Spring test ApplicationContext cache statistics: [DefaultContextCache@65cc5252 size = 1, maxSize = 32, parentContextCount = 0, hitCount = 7, missCount = 1, failureCount = 0]
2024-09-10T20:48:09.410+09:00 TRACE 86442 --- [learn-spring-boot] [           main] o.s.b.f.s.DefaultListableBeanFactory     : Returning cached instance of singleton bean 'startupTimeMetrics'
2024-09-10T20:48:09.410+09:00 TRACE 86442 --- [learn-spring-boot] [           main] o.s.test.context.TestContextManager      : afterTestMethod(): instance [com.in28minutes.springboot.learn_spring_boot.LearnSpringBootApplicationTests@46f73ffa], method [void com.in28minutes.springboot.learn_spring_boot.LearnSpringBootApplicationTests.contextLoads()], exception [null]
2024-09-10T20:48:09.410+09:00 TRACE 86442 --- [learn-spring-boot] [           main] c.DefaultCacheAwareContextLoaderDelegate : Retrieved ApplicationContext [1638249646] from cache with key [WebMergedContextConfiguration@51e7589f testClass = com.in28minutes.springboot.learn_spring_boot.LearnSpringBootApplicationTests, locations = [], classes = [com.in28minutes.springboot.learn_spring_boot.LearnSpringBootApplication], contextInitializerClasses = [], activeProfiles = [], propertySourceDescriptors = [], propertySourceProperties = ["org.springframework.boot.test.context.SpringBootTestContextBootstrapper=true"], contextCustomizers = [org.springframework.boot.test.context.filter.ExcludeFilterContextCustomizer@4f32a3ad, org.springframework.boot.test.json.DuplicateJsonObjectContextCustomizerFactory$DuplicateJsonObjectContextCustomizer@7d900ecf, org.springframework.boot.test.mock.mockito.MockitoContextCustomizer@0, org.springframework.boot.test.web.client.TestRestTemplateContextCustomizer@5b38c1ec, org.springframework.boot.test.web.reactor.netty.DisableReactorResourceFactoryGlobalResourcesContextCustomizerFactory$DisableReactorResourceFactoryGlobalResourcesContextCustomizerCustomizer@2dfaea86, org.springframework.boot.test.autoconfigure.actuate.observability.ObservabilityContextCustomizerFactory$DisableObservabilityContextCustomizer@1f, org.springframework.boot.test.autoconfigure.properties.PropertyMappingContextCustomizer@0, org.springframework.boot.test.autoconfigure.web.servlet.WebDriverContextCustomizer@446a1e84, org.springframework.test.context.support.DynamicPropertiesContextCustomizer@0, org.springframework.boot.test.context.SpringBootTestAnnotation@1f88b976], resourceBasePath = "src/main/webapp", contextLoader = org.springframework.boot.test.context.SpringBootContextLoader, parent = null]
2024-09-10T20:48:09.410+09:00 DEBUG 86442 --- [learn-spring-boot] [           main] org.springframework.test.context.cache   : Spring test ApplicationContext cache statistics: [DefaultContextCache@65cc5252 size = 1, maxSize = 32, parentContextCount = 0, hitCount = 8, missCount = 1, failureCount = 0]
2024-09-10T20:48:09.410+09:00 TRACE 86442 --- [learn-spring-boot] [           main] o.s.b.f.s.DefaultListableBeanFactory     : Returning cached instance of singleton bean 'org.springframework.boot.test.mock.mockito.MockitoPostProcessor$SpyPostProcessor'
2024-09-10T20:48:09.410+09:00 TRACE 86442 --- [learn-spring-boot] [           main] o.s.b.f.s.DefaultListableBeanFactory     : Returning cached instance of singleton bean 'org.springframework.boot.test.mock.mockito.MockitoPostProcessor'
2024-09-10T20:48:09.410+09:00 TRACE 86442 --- [learn-spring-boot] [           main] o.s.b.f.s.DefaultListableBeanFactory     : Returning cached instance of singleton bean 'org.springframework.test.context.support.DynamicPropertiesContextCustomizer.dynamicPropertySourceBeanInitializer'
2024-09-10T20:48:09.410+09:00 TRACE 86442 --- [learn-spring-boot] [           main] o.s.b.f.s.DefaultListableBeanFactory     : Returning cached instance of singleton bean 'org.springframework.context.annotation.internalConfigurationAnnotationProcessor'
2024-09-10T20:48:09.410+09:00 TRACE 86442 --- [learn-spring-boot] [           main] o.s.b.f.s.DefaultListableBeanFactory     : Returning cached instance of singleton bean 'org.springframework.context.annotation.internalAutowiredAnnotationProcessor'
2024-09-10T20:48:09.410+09:00 TRACE 86442 --- [learn-spring-boot] [           main] o.s.b.f.s.DefaultListableBeanFactory     : Returning cached instance of singleton bean 'org.springframework.context.annotation.internalCommonAnnotationProcessor'
2024-09-10T20:48:09.410+09:00 TRACE 86442 --- [learn-spring-boot] [           main] o.s.b.f.s.DefaultListableBeanFactory     : Returning cached instance of singleton bean 'org.springframework.context.event.internalEventListenerProcessor'
2024-09-10T20:48:09.410+09:00 TRACE 86442 --- [learn-spring-boot] [           main] o.s.b.f.s.DefaultListableBeanFactory     : Returning cached instance of singleton bean 'org.springframework.context.event.internalEventListenerFactory'
2024-09-10T20:48:09.410+09:00 TRACE 86442 --- [learn-spring-boot] [           main] o.s.b.f.s.DefaultListableBeanFactory     : Returning cached instance of singleton bean 'learnSpringBootApplication'
2024-09-10T20:48:09.410+09:00 TRACE 86442 --- [learn-spring-boot] [           main] o.s.b.f.s.DefaultListableBeanFactory     : Returning cached instance of singleton bean 'org.springframework.boot.autoconfigure.internalCachingMetadataReaderFactory'
2024-09-10T20:48:09.411+09:00 TRACE 86442 --- [learn-spring-boot] [           main] o.s.b.f.s.DefaultListableBeanFactory     : Returning cached instance of singleton bean 'org.springframework.boot.autoconfigure.internalCachingMetadataReaderFactory'
2024-09-10T20:48:09.411+09:00 TRACE 86442 --- [learn-spring-boot] [           main] o.s.b.f.s.DefaultListableBeanFactory     : Returning cached instance of singleton bean 'courseController'
2024-09-10T20:48:09.411+09:00 TRACE 86442 --- [learn-spring-boot] [           main] o.s.b.f.s.DefaultListableBeanFactory     : Returning cached instance of singleton bean 'currencyConfigurationController'
2024-09-10T20:48:09.411+09:00 TRACE 86442 --- [learn-spring-boot] [           main] o.s.b.f.s.DefaultListableBeanFactory     : Returning cached instance of singleton bean 'currencyServiceConfiguration'
2024-09-10T20:48:09.411+09:00 TRACE 86442 --- [learn-spring-boot] [           main] o.s.b.f.s.DefaultListableBeanFactory     : Returning cached instance of singleton bean 'org.springframework.boot.autoconfigure.AutoConfigurationPackages'
2024-09-10T20:48:09.411+09:00 TRACE 86442 --- [learn-spring-boot] [           main] o.s.b.f.s.DefaultListableBeanFactory     : Returning cached instance of singleton bean 'org.springframework.boot.autoconfigure.context.PropertyPlaceholderAutoConfiguration'
2024-09-10T20:48:09.411+09:00 TRACE 86442 --- [learn-spring-boot] [           main] o.s.b.f.s.DefaultListableBeanFactory     : Returning cached instance of singleton bean 'propertySourcesPlaceholderConfigurer'
2024-09-10T20:48:09.411+09:00 TRACE 86442 --- [learn-spring-boot] [           main] o.s.b.f.s.DefaultListableBeanFactory     : Returning cached instance of singleton bean 'org.springframework.boot.autoconfigure.ssl.SslAutoConfiguration'
2024-09-10T20:48:09.411+09:00 TRACE 86442 --- [learn-spring-boot] [           main] o.s.b.f.s.DefaultListableBeanFactory     : Returning cached instance of singleton bean 'fileWatcher'
2024-09-10T20:48:09.411+09:00 TRACE 86442 --- [learn-spring-boot] [           main] o.s.b.f.s.DefaultListableBeanFactory     : Returning cached instance of singleton bean 'sslPropertiesSslBundleRegistrar'
2024-09-10T20:48:09.411+09:00 TRACE 86442 --- [learn-spring-boot] [           main] o.s.b.f.s.DefaultListableBeanFactory     : Returning cached instance of singleton bean 'sslBundleRegistry'
2024-09-10T20:48:09.411+09:00 TRACE 86442 --- [learn-spring-boot] [           main] o.s.b.f.s.DefaultListableBeanFactory     : Returning cached instance of singleton bean 'org.springframework.boot.context.properties.ConfigurationPropertiesBindingPostProcessor'
2024-09-10T20:48:09.411+09:00 TRACE 86442 --- [learn-spring-boot] [           main] o.s.b.f.s.DefaultListableBeanFactory     : Returning cached instance of singleton bean 'org.springframework.boot.context.internalConfigurationPropertiesBinder'
2024-09-10T20:48:09.411+09:00 TRACE 86442 --- [learn-spring-boot] [           main] o.s.b.f.s.DefaultListableBeanFactory     : Returning cached instance of singleton bean 'org.springframework.boot.context.internalConfigurationPropertiesBinder'
2024-09-10T20:48:09.411+09:00 TRACE 86442 --- [learn-spring-boot] [           main] o.s.b.f.s.DefaultListableBeanFactory     : Returning cached instance of singleton bean 'org.springframework.boot.context.properties.BoundConfigurationProperties'
2024-09-10T20:48:09.411+09:00 TRACE 86442 --- [learn-spring-boot] [           main] o.s.b.f.s.DefaultListableBeanFactory     : Returning cached instance of singleton bean 'org.springframework.boot.context.properties.EnableConfigurationPropertiesRegistrar.methodValidationExcludeFilter'
2024-09-10T20:48:09.411+09:00 TRACE 86442 --- [learn-spring-boot] [           main] o.s.b.f.s.DefaultListableBeanFactory     : Returning cached instance of singleton bean 'spring.ssl-org.springframework.boot.autoconfigure.ssl.SslProperties'
2024-09-10T20:48:09.411+09:00 TRACE 86442 --- [learn-spring-boot] [           main] o.s.b.f.s.DefaultListableBeanFactory     : Returning cached instance of singleton bean 'org.springframework.boot.autoconfigure.websocket.servlet.WebSocketServletAutoConfiguration$TomcatWebSocketConfiguration'
2024-09-10T20:48:09.411+09:00 TRACE 86442 --- [learn-spring-boot] [           main] o.s.b.f.s.DefaultListableBeanFactory     : Returning cached instance of singleton bean 'websocketServletWebServerCustomizer'
2024-09-10T20:48:09.411+09:00 TRACE 86442 --- [learn-spring-boot] [           main] o.s.b.f.s.DefaultListableBeanFactory     : Returning cached instance of singleton bean 'org.springframework.boot.autoconfigure.websocket.servlet.WebSocketServletAutoConfiguration'
2024-09-10T20:48:09.411+09:00 TRACE 86442 --- [learn-spring-boot] [           main] o.s.b.f.s.DefaultListableBeanFactory     : Returning cached instance of singleton bean 'org.springframework.boot.autoconfigure.web.servlet.ServletWebServerFactoryConfiguration$EmbeddedTomcat'
2024-09-10T20:48:09.411+09:00 TRACE 86442 --- [learn-spring-boot] [           main] o.s.b.f.s.DefaultListableBeanFactory     : Returning cached instance of singleton bean 'tomcatServletWebServerFactory'
2024-09-10T20:48:09.411+09:00 TRACE 86442 --- [learn-spring-boot] [           main] o.s.b.f.s.DefaultListableBeanFactory     : Returning cached instance of singleton bean 'org.springframework.boot.autoconfigure.web.servlet.ServletWebServerFactoryAutoConfiguration'
2024-09-10T20:48:09.411+09:00 TRACE 86442 --- [learn-spring-boot] [           main] o.s.b.f.s.DefaultListableBeanFactory     : Returning cached instance of singleton bean 'servletWebServerFactoryCustomizer'
2024-09-10T20:48:09.411+09:00 TRACE 86442 --- [learn-spring-boot] [           main] o.s.b.f.s.DefaultListableBeanFactory     : Returning cached instance of singleton bean 'tomcatServletWebServerFactoryCustomizer'
2024-09-10T20:48:09.411+09:00 TRACE 86442 --- [learn-spring-boot] [           main] o.s.b.f.s.DefaultListableBeanFactory     : Returning cached instance of singleton bean 'server-org.springframework.boot.autoconfigure.web.ServerProperties'
2024-09-10T20:48:09.411+09:00 TRACE 86442 --- [learn-spring-boot] [           main] o.s.b.f.s.DefaultListableBeanFactory     : Returning cached instance of singleton bean 'webServerFactoryCustomizerBeanPostProcessor'
2024-09-10T20:48:09.411+09:00 TRACE 86442 --- [learn-spring-boot] [           main] o.s.b.f.s.DefaultListableBeanFactory     : Returning cached instance of singleton bean 'errorPageRegistrarBeanPostProcessor'
2024-09-10T20:48:09.411+09:00 TRACE 86442 --- [learn-spring-boot] [           main] o.s.b.f.s.DefaultListableBeanFactory     : Returning cached instance of singleton bean 'org.springframework.boot.autoconfigure.web.servlet.DispatcherServletAutoConfiguration$DispatcherServletConfiguration'
2024-09-10T20:48:09.411+09:00 TRACE 86442 --- [learn-spring-boot] [           main] o.s.b.f.s.DefaultListableBeanFactory     : Returning cached instance of singleton bean 'dispatcherServlet'
2024-09-10T20:48:09.411+09:00 TRACE 86442 --- [learn-spring-boot] [           main] o.s.b.f.s.DefaultListableBeanFactory     : Returning cached instance of singleton bean 'spring.mvc-org.springframework.boot.autoconfigure.web.servlet.WebMvcProperties'
2024-09-10T20:48:09.411+09:00 TRACE 86442 --- [learn-spring-boot] [           main] o.s.b.f.s.DefaultListableBeanFactory     : Returning cached instance of singleton bean 'org.springframework.boot.autoconfigure.web.servlet.DispatcherServletAutoConfiguration$DispatcherServletRegistrationConfiguration'
2024-09-10T20:48:09.411+09:00 TRACE 86442 --- [learn-spring-boot] [           main] o.s.b.f.s.DefaultListableBeanFactory     : Returning cached instance of singleton bean 'dispatcherServletRegistration'
2024-09-10T20:48:09.411+09:00 TRACE 86442 --- [learn-spring-boot] [           main] o.s.b.f.s.DefaultListableBeanFactory     : Returning cached instance of singleton bean 'org.springframework.boot.autoconfigure.web.servlet.DispatcherServletAutoConfiguration'
2024-09-10T20:48:09.411+09:00 TRACE 86442 --- [learn-spring-boot] [           main] o.s.b.f.s.DefaultListableBeanFactory     : Returning cached instance of singleton bean 'org.springframework.boot.autoconfigure.task.TaskExecutorConfigurations$ThreadPoolTaskExecutorBuilderConfiguration'
2024-09-10T20:48:09.411+09:00 TRACE 86442 --- [learn-spring-boot] [           main] o.s.b.f.s.DefaultListableBeanFactory     : Returning cached instance of singleton bean 'threadPoolTaskExecutorBuilder'
2024-09-10T20:48:09.411+09:00 TRACE 86442 --- [learn-spring-boot] [           main] o.s.b.f.s.DefaultListableBeanFactory     : Returning cached instance of singleton bean 'org.springframework.boot.autoconfigure.task.TaskExecutorConfigurations$SimpleAsyncTaskExecutorBuilderConfiguration'
2024-09-10T20:48:09.411+09:00 TRACE 86442 --- [learn-spring-boot] [           main] o.s.b.f.s.DefaultListableBeanFactory     : Returning cached instance of singleton bean 'simpleAsyncTaskExecutorBuilder'
2024-09-10T20:48:09.411+09:00 TRACE 86442 --- [learn-spring-boot] [           main] o.s.b.f.s.DefaultListableBeanFactory     : Returning cached instance of singleton bean 'org.springframework.boot.autoconfigure.task.TaskExecutorConfigurations$TaskExecutorConfiguration'
2024-09-10T20:48:09.411+09:00 TRACE 86442 --- [learn-spring-boot] [           main] o.s.b.f.s.DefaultListableBeanFactory     : Returning cached instance of singleton bean 'applicationTaskExecutor'
2024-09-10T20:48:09.411+09:00 TRACE 86442 --- [learn-spring-boot] [           main] o.s.b.f.s.DefaultListableBeanFactory     : Returning cached instance of singleton bean 'org.springframework.boot.autoconfigure.task.TaskExecutionAutoConfiguration'
2024-09-10T20:48:09.411+09:00 TRACE 86442 --- [learn-spring-boot] [           main] o.s.b.f.s.DefaultListableBeanFactory     : Returning cached instance of singleton bean 'spring.task.execution-org.springframework.boot.autoconfigure.task.TaskExecutionProperties'
2024-09-10T20:48:09.411+09:00 TRACE 86442 --- [learn-spring-boot] [           main] o.s.b.f.s.DefaultListableBeanFactory     : Returning cached instance of singleton bean 'org.springframework.boot.autoconfigure.web.servlet.error.ErrorMvcAutoConfiguration$WhitelabelErrorViewConfiguration'
2024-09-10T20:48:09.411+09:00 TRACE 86442 --- [learn-spring-boot] [           main] o.s.b.f.s.DefaultListableBeanFactory     : Returning cached instance of singleton bean 'error'
2024-09-10T20:48:09.411+09:00 TRACE 86442 --- [learn-spring-boot] [           main] o.s.b.f.s.DefaultListableBeanFactory     : Returning cached instance of singleton bean 'beanNameViewResolver'
2024-09-10T20:48:09.411+09:00 TRACE 86442 --- [learn-spring-boot] [           main] o.s.b.f.s.DefaultListableBeanFactory     : Returning cached instance of singleton bean 'org.springframework.boot.autoconfigure.web.servlet.error.ErrorMvcAutoConfiguration$DefaultErrorViewResolverConfiguration'
2024-09-10T20:48:09.411+09:00 TRACE 86442 --- [learn-spring-boot] [           main] o.s.b.f.s.DefaultListableBeanFactory     : Returning cached instance of singleton bean 'conventionErrorViewResolver'
2024-09-10T20:48:09.411+09:00 TRACE 86442 --- [learn-spring-boot] [           main] o.s.b.f.s.DefaultListableBeanFactory     : Returning cached instance of singleton bean 'spring.web-org.springframework.boot.autoconfigure.web.WebProperties'
2024-09-10T20:48:09.411+09:00 TRACE 86442 --- [learn-spring-boot] [           main] o.s.b.f.s.DefaultListableBeanFactory     : Returning cached instance of singleton bean 'org.springframework.boot.autoconfigure.web.servlet.error.ErrorMvcAutoConfiguration'
2024-09-10T20:48:09.411+09:00 TRACE 86442 --- [learn-spring-boot] [           main] o.s.b.f.s.DefaultListableBeanFactory     : Returning cached instance of singleton bean 'errorAttributes'
2024-09-10T20:48:09.411+09:00 TRACE 86442 --- [learn-spring-boot] [           main] o.s.b.f.s.DefaultListableBeanFactory     : Returning cached instance of singleton bean 'basicErrorController'
2024-09-10T20:48:09.411+09:00 TRACE 86442 --- [learn-spring-boot] [           main] o.s.b.f.s.DefaultListableBeanFactory     : Returning cached instance of singleton bean 'errorPageCustomizer'
2024-09-10T20:48:09.411+09:00 TRACE 86442 --- [learn-spring-boot] [           main] o.s.b.f.s.DefaultListableBeanFactory     : Returning cached instance of singleton bean 'preserveErrorControllerTargetClassPostProcessor'
2024-09-10T20:48:09.411+09:00 TRACE 86442 --- [learn-spring-boot] [           main] o.s.b.f.s.DefaultListableBeanFactory     : Returning cached instance of singleton bean 'org.springframework.boot.autoconfigure.web.servlet.WebMvcAutoConfiguration$EnableWebMvcConfiguration'
2024-09-10T20:48:09.411+09:00 TRACE 86442 --- [learn-spring-boot] [           main] o.s.b.f.s.DefaultListableBeanFactory     : Returning cached instance of singleton bean 'welcomePageHandlerMapping'
2024-09-10T20:48:09.411+09:00 TRACE 86442 --- [learn-spring-boot] [           main] o.s.b.f.s.DefaultListableBeanFactory     : Returning cached instance of singleton bean 'welcomePageNotAcceptableHandlerMapping'
2024-09-10T20:48:09.411+09:00 TRACE 86442 --- [learn-spring-boot] [           main] o.s.b.f.s.DefaultListableBeanFactory     : Returning cached instance of singleton bean 'localeResolver'
2024-09-10T20:48:09.411+09:00 TRACE 86442 --- [learn-spring-boot] [           main] o.s.b.f.s.DefaultListableBeanFactory     : Returning cached instance of singleton bean 'themeResolver'
2024-09-10T20:48:09.411+09:00 TRACE 86442 --- [learn-spring-boot] [           main] o.s.b.f.s.DefaultListableBeanFactory     : Returning cached instance of singleton bean 'flashMapManager'
2024-09-10T20:48:09.411+09:00 TRACE 86442 --- [learn-spring-boot] [           main] o.s.b.f.s.DefaultListableBeanFactory     : Returning cached instance of singleton bean 'viewNameTranslator'
2024-09-10T20:48:09.411+09:00 TRACE 86442 --- [learn-spring-boot] [           main] o.s.b.f.s.DefaultListableBeanFactory     : Returning cached instance of singleton bean 'mvcConversionService'
2024-09-10T20:48:09.411+09:00 TRACE 86442 --- [learn-spring-boot] [           main] o.s.b.f.s.DefaultListableBeanFactory     : Returning cached instance of singleton bean 'mvcValidator'
2024-09-10T20:48:09.411+09:00 TRACE 86442 --- [learn-spring-boot] [           main] o.s.b.f.s.DefaultListableBeanFactory     : Returning cached instance of singleton bean 'mvcContentNegotiationManager'
2024-09-10T20:48:09.411+09:00 TRACE 86442 --- [learn-spring-boot] [           main] o.s.b.f.s.DefaultListableBeanFactory     : Returning cached instance of singleton bean 'requestMappingHandlerMapping'
2024-09-10T20:48:09.411+09:00 TRACE 86442 --- [learn-spring-boot] [           main] o.s.b.f.s.DefaultListableBeanFactory     : Returning cached instance of singleton bean 'mvcPatternParser'
2024-09-10T20:48:09.411+09:00 TRACE 86442 --- [learn-spring-boot] [           main] o.s.b.f.s.DefaultListableBeanFactory     : Returning cached instance of singleton bean 'mvcUrlPathHelper'
2024-09-10T20:48:09.411+09:00 TRACE 86442 --- [learn-spring-boot] [           main] o.s.b.f.s.DefaultListableBeanFactory     : Returning cached instance of singleton bean 'mvcPathMatcher'
2024-09-10T20:48:09.411+09:00 TRACE 86442 --- [learn-spring-boot] [           main] o.s.b.f.s.DefaultListableBeanFactory     : Returning cached instance of singleton bean 'viewControllerHandlerMapping'
2024-09-10T20:48:09.411+09:00 TRACE 86442 --- [learn-spring-boot] [           main] o.s.b.f.s.DefaultListableBeanFactory     : Returning cached instance of singleton bean 'beanNameHandlerMapping'
2024-09-10T20:48:09.411+09:00 TRACE 86442 --- [learn-spring-boot] [           main] o.s.b.f.s.DefaultListableBeanFactory     : Returning cached instance of singleton bean 'routerFunctionMapping'
2024-09-10T20:48:09.411+09:00 TRACE 86442 --- [learn-spring-boot] [           main] o.s.b.f.s.DefaultListableBeanFactory     : Returning cached instance of singleton bean 'resourceHandlerMapping'
2024-09-10T20:48:09.411+09:00 TRACE 86442 --- [learn-spring-boot] [           main] o.s.b.f.s.DefaultListableBeanFactory     : Returning cached instance of singleton bean 'mvcResourceUrlProvider'
2024-09-10T20:48:09.411+09:00 TRACE 86442 --- [learn-spring-boot] [           main] o.s.b.f.s.DefaultListableBeanFactory     : Returning cached instance of singleton bean 'defaultServletHandlerMapping'
2024-09-10T20:48:09.411+09:00 TRACE 86442 --- [learn-spring-boot] [           main] o.s.b.f.s.DefaultListableBeanFactory     : Returning cached instance of singleton bean 'requestMappingHandlerAdapter'
2024-09-10T20:48:09.411+09:00 TRACE 86442 --- [learn-spring-boot] [           main] o.s.b.f.s.DefaultListableBeanFactory     : Returning cached instance of singleton bean 'handlerFunctionAdapter'
2024-09-10T20:48:09.411+09:00 TRACE 86442 --- [learn-spring-boot] [           main] o.s.b.f.s.DefaultListableBeanFactory     : Returning cached instance of singleton bean 'mvcUriComponentsContributor'
2024-09-10T20:48:09.411+09:00 TRACE 86442 --- [learn-spring-boot] [           main] o.s.b.f.s.DefaultListableBeanFactory     : Returning cached instance of singleton bean 'httpRequestHandlerAdapter'
2024-09-10T20:48:09.411+09:00 TRACE 86442 --- [learn-spring-boot] [           main] o.s.b.f.s.DefaultListableBeanFactory     : Returning cached instance of singleton bean 'simpleControllerHandlerAdapter'
2024-09-10T20:48:09.411+09:00 TRACE 86442 --- [learn-spring-boot] [           main] o.s.b.f.s.DefaultListableBeanFactory     : Returning cached instance of singleton bean 'handlerExceptionResolver'
2024-09-10T20:48:09.411+09:00 TRACE 86442 --- [learn-spring-boot] [           main] o.s.b.f.s.DefaultListableBeanFactory     : Returning cached instance of singleton bean 'mvcViewResolver'
2024-09-10T20:48:09.411+09:00 TRACE 86442 --- [learn-spring-boot] [           main] o.s.b.f.s.DefaultListableBeanFactory     : Returning cached instance of singleton bean 'org.springframework.boot.autoconfigure.web.servlet.WebMvcAutoConfiguration$WebMvcAutoConfigurationAdapter'
2024-09-10T20:48:09.411+09:00 TRACE 86442 --- [learn-spring-boot] [           main] o.s.b.f.s.DefaultListableBeanFactory     : Returning cached instance of singleton bean 'defaultViewResolver'
2024-09-10T20:48:09.411+09:00 TRACE 86442 --- [learn-spring-boot] [           main] o.s.b.f.s.DefaultListableBeanFactory     : Returning cached instance of singleton bean 'viewResolver'
2024-09-10T20:48:09.411+09:00 TRACE 86442 --- [learn-spring-boot] [           main] o.s.b.f.s.DefaultListableBeanFactory     : Returning cached instance of singleton bean 'requestContextFilter'
2024-09-10T20:48:09.411+09:00 TRACE 86442 --- [learn-spring-boot] [           main] o.s.b.f.s.DefaultListableBeanFactory     : Returning cached instance of singleton bean 'org.springframework.boot.autoconfigure.web.servlet.WebMvcAutoConfiguration'
2024-09-10T20:48:09.411+09:00 TRACE 86442 --- [learn-spring-boot] [           main] o.s.b.f.s.DefaultListableBeanFactory     : Returning cached instance of singleton bean 'formContentFilter'
2024-09-10T20:48:09.411+09:00 TRACE 86442 --- [learn-spring-boot] [           main] o.s.b.f.s.DefaultListableBeanFactory     : Returning cached instance of singleton bean 'org.springframework.boot.autoconfigure.availability.ApplicationAvailabilityAutoConfiguration'
2024-09-10T20:48:09.411+09:00 TRACE 86442 --- [learn-spring-boot] [           main] o.s.b.f.s.DefaultListableBeanFactory     : Returning cached instance of singleton bean 'applicationAvailability'
2024-09-10T20:48:09.411+09:00 TRACE 86442 --- [learn-spring-boot] [           main] o.s.b.f.s.DefaultListableBeanFactory     : Returning cached instance of singleton bean 'org.springframework.boot.actuate.autoconfigure.availability.AvailabilityHealthContributorAutoConfiguration'
2024-09-10T20:48:09.411+09:00 TRACE 86442 --- [learn-spring-boot] [           main] o.s.b.f.s.DefaultListableBeanFactory     : Returning cached instance of singleton bean 'org.springframework.boot.autoconfigure.jackson.JacksonAutoConfiguration$Jackson2ObjectMapperBuilderCustomizerConfiguration'
2024-09-10T20:48:09.411+09:00 TRACE 86442 --- [learn-spring-boot] [           main] o.s.b.f.s.DefaultListableBeanFactory     : Returning cached instance of singleton bean 'standardJacksonObjectMapperBuilderCustomizer'
2024-09-10T20:48:09.411+09:00 TRACE 86442 --- [learn-spring-boot] [           main] o.s.b.f.s.DefaultListableBeanFactory     : Returning cached instance of singleton bean 'spring.jackson-org.springframework.boot.autoconfigure.jackson.JacksonProperties'
2024-09-10T20:48:09.411+09:00 TRACE 86442 --- [learn-spring-boot] [           main] o.s.b.f.s.DefaultListableBeanFactory     : Returning cached instance of singleton bean 'org.springframework.boot.autoconfigure.jackson.JacksonAutoConfiguration$JacksonObjectMapperBuilderConfiguration'
2024-09-10T20:48:09.411+09:00 TRACE 86442 --- [learn-spring-boot] [           main] o.s.b.f.s.DefaultListableBeanFactory     : Returning cached instance of singleton bean 'org.springframework.boot.autoconfigure.jackson.JacksonAutoConfiguration$ParameterNamesModuleConfiguration'
2024-09-10T20:48:09.411+09:00 TRACE 86442 --- [learn-spring-boot] [           main] o.s.b.f.s.DefaultListableBeanFactory     : Returning cached instance of singleton bean 'parameterNamesModule'
2024-09-10T20:48:09.411+09:00 TRACE 86442 --- [learn-spring-boot] [           main] o.s.b.f.s.DefaultListableBeanFactory     : Returning cached instance of singleton bean 'org.springframework.boot.autoconfigure.jackson.JacksonAutoConfiguration$JacksonObjectMapperConfiguration'
2024-09-10T20:48:09.411+09:00 TRACE 86442 --- [learn-spring-boot] [           main] o.s.b.f.s.DefaultListableBeanFactory     : Returning cached instance of singleton bean 'jacksonObjectMapper'
2024-09-10T20:48:09.411+09:00 TRACE 86442 --- [learn-spring-boot] [           main] o.s.b.f.s.DefaultListableBeanFactory     : Returning cached instance of singleton bean 'org.springframework.boot.autoconfigure.jackson.JacksonAutoConfiguration$JacksonMixinConfiguration'
2024-09-10T20:48:09.411+09:00 TRACE 86442 --- [learn-spring-boot] [           main] o.s.b.f.s.DefaultListableBeanFactory     : Returning cached instance of singleton bean 'jsonMixinModuleEntries'
2024-09-10T20:48:09.411+09:00 TRACE 86442 --- [learn-spring-boot] [           main] o.s.b.f.s.DefaultListableBeanFactory     : Returning cached instance of singleton bean 'jsonMixinModule'
2024-09-10T20:48:09.411+09:00 TRACE 86442 --- [learn-spring-boot] [           main] o.s.b.f.s.DefaultListableBeanFactory     : Returning cached instance of singleton bean 'org.springframework.boot.autoconfigure.jackson.JacksonAutoConfiguration'
2024-09-10T20:48:09.411+09:00 TRACE 86442 --- [learn-spring-boot] [           main] o.s.b.f.s.DefaultListableBeanFactory     : Returning cached instance of singleton bean 'jsonComponentModule'
2024-09-10T20:48:09.411+09:00 TRACE 86442 --- [learn-spring-boot] [           main] o.s.b.f.s.DefaultListableBeanFactory     : Returning cached instance of singleton bean 'org.springframework.boot.actuate.autoconfigure.health.HealthEndpointConfiguration'
2024-09-10T20:48:09.411+09:00 TRACE 86442 --- [learn-spring-boot] [           main] o.s.b.f.s.DefaultListableBeanFactory     : Returning cached instance of singleton bean 'healthStatusAggregator'
2024-09-10T20:48:09.411+09:00 TRACE 86442 --- [learn-spring-boot] [           main] o.s.b.f.s.DefaultListableBeanFactory     : Returning cached instance of singleton bean 'healthHttpCodeStatusMapper'
2024-09-10T20:48:09.412+09:00 TRACE 86442 --- [learn-spring-boot] [           main] o.s.b.f.s.DefaultListableBeanFactory     : Returning cached instance of singleton bean 'healthEndpointGroups'
2024-09-10T20:48:09.412+09:00 TRACE 86442 --- [learn-spring-boot] [           main] o.s.b.f.s.DefaultListableBeanFactory     : Returning cached instance of singleton bean 'healthContributorRegistry'
2024-09-10T20:48:09.412+09:00 TRACE 86442 --- [learn-spring-boot] [           main] o.s.b.f.s.DefaultListableBeanFactory     : Returning cached instance of singleton bean 'healthEndpointGroupMembershipValidator'
2024-09-10T20:48:09.412+09:00 TRACE 86442 --- [learn-spring-boot] [           main] o.s.b.f.s.DefaultListableBeanFactory     : Returning cached instance of singleton bean 'healthEndpoint'
2024-09-10T20:48:09.412+09:00 TRACE 86442 --- [learn-spring-boot] [           main] o.s.b.f.s.DefaultListableBeanFactory     : Returning cached instance of singleton bean 'healthEndpointGroupsBeanPostProcessor'
2024-09-10T20:48:09.412+09:00 TRACE 86442 --- [learn-spring-boot] [           main] o.s.b.f.s.DefaultListableBeanFactory     : Returning cached instance of singleton bean 'org.springframework.boot.actuate.autoconfigure.health.HealthEndpointWebExtensionConfiguration$MvcAdditionalHealthEndpointPathsConfiguration'
2024-09-10T20:48:09.412+09:00 TRACE 86442 --- [learn-spring-boot] [           main] o.s.b.f.s.DefaultListableBeanFactory     : Returning cached instance of singleton bean 'healthEndpointWebMvcHandlerMapping'
2024-09-10T20:48:09.412+09:00 TRACE 86442 --- [learn-spring-boot] [           main] o.s.b.f.s.DefaultListableBeanFactory     : Returning cached instance of singleton bean 'org.springframework.boot.actuate.autoconfigure.health.HealthEndpointWebExtensionConfiguration'
2024-09-10T20:48:09.412+09:00 TRACE 86442 --- [learn-spring-boot] [           main] o.s.b.f.s.DefaultListableBeanFactory     : Returning cached instance of singleton bean 'healthEndpointWebExtension'
2024-09-10T20:48:09.412+09:00 TRACE 86442 --- [learn-spring-boot] [           main] o.s.b.f.s.DefaultListableBeanFactory     : Returning cached instance of singleton bean 'org.springframework.boot.actuate.autoconfigure.health.HealthEndpointAutoConfiguration'
2024-09-10T20:48:09.412+09:00 TRACE 86442 --- [learn-spring-boot] [           main] o.s.b.f.s.DefaultListableBeanFactory     : Returning cached instance of singleton bean 'management.endpoint.health-org.springframework.boot.actuate.autoconfigure.health.HealthEndpointProperties'
2024-09-10T20:48:09.412+09:00 TRACE 86442 --- [learn-spring-boot] [           main] o.s.b.f.s.DefaultListableBeanFactory     : Returning cached instance of singleton bean 'org.springframework.boot.autoconfigure.info.ProjectInfoAutoConfiguration'
2024-09-10T20:48:09.412+09:00 TRACE 86442 --- [learn-spring-boot] [           main] o.s.b.f.s.DefaultListableBeanFactory     : Returning cached instance of singleton bean 'spring.info-org.springframework.boot.autoconfigure.info.ProjectInfoProperties'
2024-09-10T20:48:09.412+09:00 TRACE 86442 --- [learn-spring-boot] [           main] o.s.b.f.s.DefaultListableBeanFactory     : Returning cached instance of singleton bean 'org.springframework.boot.actuate.autoconfigure.info.InfoContributorAutoConfiguration'
2024-09-10T20:48:09.412+09:00 TRACE 86442 --- [learn-spring-boot] [           main] o.s.b.f.s.DefaultListableBeanFactory     : Returning cached instance of singleton bean 'management.health.ssl-org.springframework.boot.actuate.autoconfigure.ssl.SslHealthIndicatorProperties'
2024-09-10T20:48:09.412+09:00 TRACE 86442 --- [learn-spring-boot] [           main] o.s.b.f.s.DefaultListableBeanFactory     : Returning cached instance of singleton bean 'management.info-org.springframework.boot.actuate.autoconfigure.info.InfoContributorProperties'
2024-09-10T20:48:09.412+09:00 TRACE 86442 --- [learn-spring-boot] [           main] o.s.b.f.s.DefaultListableBeanFactory     : Returning cached instance of singleton bean 'org.springframework.boot.actuate.autoconfigure.web.servlet.ServletManagementContextAutoConfiguration'
2024-09-10T20:48:09.412+09:00 TRACE 86442 --- [learn-spring-boot] [           main] o.s.b.f.s.DefaultListableBeanFactory     : Returning cached instance of singleton bean 'servletWebChildContextFactory'
2024-09-10T20:48:09.412+09:00 TRACE 86442 --- [learn-spring-boot] [           main] o.s.b.f.s.DefaultListableBeanFactory     : Returning cached instance of singleton bean 'managementServletContext'
2024-09-10T20:48:09.412+09:00 TRACE 86442 --- [learn-spring-boot] [           main] o.s.b.f.s.DefaultListableBeanFactory     : Returning cached instance of singleton bean 'org.springframework.boot.actuate.autoconfigure.endpoint.EndpointAutoConfiguration'
2024-09-10T20:48:09.412+09:00 TRACE 86442 --- [learn-spring-boot] [           main] o.s.b.f.s.DefaultListableBeanFactory     : Returning cached instance of singleton bean 'endpointOperationParameterMapper'
2024-09-10T20:48:09.412+09:00 TRACE 86442 --- [learn-spring-boot] [           main] o.s.b.f.s.DefaultListableBeanFactory     : Returning cached instance of singleton bean 'endpointCachingOperationInvokerAdvisor'
2024-09-10T20:48:09.412+09:00 TRACE 86442 --- [learn-spring-boot] [           main] o.s.b.f.s.DefaultListableBeanFactory     : Returning cached instance of singleton bean 'org.springframework.boot.actuate.autoconfigure.endpoint.jackson.JacksonEndpointAutoConfiguration'
2024-09-10T20:48:09.412+09:00 TRACE 86442 --- [learn-spring-boot] [           main] o.s.b.f.s.DefaultListableBeanFactory     : Returning cached instance of singleton bean 'endpointObjectMapper'
2024-09-10T20:48:09.412+09:00 TRACE 86442 --- [learn-spring-boot] [           main] o.s.b.f.s.DefaultListableBeanFactory     : Returning cached instance of singleton bean 'org.springframework.boot.actuate.autoconfigure.endpoint.web.WebEndpointAutoConfiguration$WebEndpointServletConfiguration'
2024-09-10T20:48:09.412+09:00 TRACE 86442 --- [learn-spring-boot] [           main] o.s.b.f.s.DefaultListableBeanFactory     : Returning cached instance of singleton bean 'servletEndpointDiscoverer'
2024-09-10T20:48:09.412+09:00 TRACE 86442 --- [learn-spring-boot] [           main] o.s.b.f.s.DefaultListableBeanFactory     : Returning cached instance of singleton bean 'org.springframework.boot.actuate.autoconfigure.endpoint.web.WebEndpointAutoConfiguration'
2024-09-10T20:48:09.412+09:00 TRACE 86442 --- [learn-spring-boot] [           main] o.s.b.f.s.DefaultListableBeanFactory     : Returning cached instance of singleton bean 'webEndpointPathMapper'
2024-09-10T20:48:09.412+09:00 TRACE 86442 --- [learn-spring-boot] [           main] o.s.b.f.s.DefaultListableBeanFactory     : Returning cached instance of singleton bean 'endpointMediaTypes'
2024-09-10T20:48:09.412+09:00 TRACE 86442 --- [learn-spring-boot] [           main] o.s.b.f.s.DefaultListableBeanFactory     : Returning cached instance of singleton bean 'webEndpointDiscoverer'
2024-09-10T20:48:09.412+09:00 TRACE 86442 --- [learn-spring-boot] [           main] o.s.b.f.s.DefaultListableBeanFactory     : Returning cached instance of singleton bean 'controllerEndpointDiscoverer'
2024-09-10T20:48:09.412+09:00 TRACE 86442 --- [learn-spring-boot] [           main] o.s.b.f.s.DefaultListableBeanFactory     : Returning cached instance of singleton bean 'pathMappedEndpoints'
2024-09-10T20:48:09.412+09:00 TRACE 86442 --- [learn-spring-boot] [           main] o.s.b.f.s.DefaultListableBeanFactory     : Returning cached instance of singleton bean 'webExposeExcludePropertyEndpointFilter'
2024-09-10T20:48:09.412+09:00 TRACE 86442 --- [learn-spring-boot] [           main] o.s.b.f.s.DefaultListableBeanFactory     : Returning cached instance of singleton bean 'controllerExposeExcludePropertyEndpointFilter'
2024-09-10T20:48:09.412+09:00 TRACE 86442 --- [learn-spring-boot] [           main] o.s.b.f.s.DefaultListableBeanFactory     : Returning cached instance of singleton bean 'management.endpoints.web-org.springframework.boot.actuate.autoconfigure.endpoint.web.WebEndpointProperties'
2024-09-10T20:48:09.412+09:00 TRACE 86442 --- [learn-spring-boot] [           main] o.s.b.f.s.DefaultListableBeanFactory     : Returning cached instance of singleton bean 'org.springframework.boot.actuate.autoconfigure.ssl.SslHealthContributorAutoConfiguration'
2024-09-10T20:48:09.412+09:00 TRACE 86442 --- [learn-spring-boot] [           main] o.s.b.f.s.DefaultListableBeanFactory     : Returning cached instance of singleton bean 'sslHealthIndicator'
2024-09-10T20:48:09.412+09:00 TRACE 86442 --- [learn-spring-boot] [           main] o.s.b.f.s.DefaultListableBeanFactory     : Returning cached instance of singleton bean 'sslInfo'
2024-09-10T20:48:09.412+09:00 TRACE 86442 --- [learn-spring-boot] [           main] o.s.b.f.s.DefaultListableBeanFactory     : Returning cached instance of singleton bean 'org.springframework.boot.actuate.autoconfigure.system.DiskSpaceHealthContributorAutoConfiguration'
2024-09-10T20:48:09.412+09:00 TRACE 86442 --- [learn-spring-boot] [           main] o.s.b.f.s.DefaultListableBeanFactory     : Returning cached instance of singleton bean 'diskSpaceHealthIndicator'
2024-09-10T20:48:09.412+09:00 TRACE 86442 --- [learn-spring-boot] [           main] o.s.b.f.s.DefaultListableBeanFactory     : Returning cached instance of singleton bean 'management.health.diskspace-org.springframework.boot.actuate.autoconfigure.system.DiskSpaceHealthIndicatorProperties'
2024-09-10T20:48:09.412+09:00 TRACE 86442 --- [learn-spring-boot] [           main] o.s.b.f.s.DefaultListableBeanFactory     : Returning cached instance of singleton bean 'org.springframework.boot.actuate.autoconfigure.health.HealthContributorAutoConfiguration'
2024-09-10T20:48:09.412+09:00 TRACE 86442 --- [learn-spring-boot] [           main] o.s.b.f.s.DefaultListableBeanFactory     : Returning cached instance of singleton bean 'pingHealthContributor'
2024-09-10T20:48:09.412+09:00 TRACE 86442 --- [learn-spring-boot] [           main] o.s.b.f.s.DefaultListableBeanFactory     : Returning cached instance of singleton bean 'org.springframework.boot.actuate.autoconfigure.metrics.MetricsAutoConfiguration'
2024-09-10T20:48:09.412+09:00 TRACE 86442 --- [learn-spring-boot] [           main] o.s.b.f.s.DefaultListableBeanFactory     : Returning cached instance of singleton bean 'micrometerClock'
2024-09-10T20:48:09.412+09:00 TRACE 86442 --- [learn-spring-boot] [           main] o.s.b.f.s.DefaultListableBeanFactory     : Returning cached instance of singleton bean 'meterRegistryPostProcessor'
2024-09-10T20:48:09.412+09:00 TRACE 86442 --- [learn-spring-boot] [           main] o.s.b.f.s.DefaultListableBeanFactory     : Returning cached instance of singleton bean 'propertiesMeterFilter'
2024-09-10T20:48:09.412+09:00 TRACE 86442 --- [learn-spring-boot] [           main] o.s.b.f.s.DefaultListableBeanFactory     : Returning cached instance of singleton bean 'meterRegistryCloser'
2024-09-10T20:48:09.412+09:00 TRACE 86442 --- [learn-spring-boot] [           main] o.s.b.f.s.DefaultListableBeanFactory     : Returning cached instance of singleton bean 'management.metrics-org.springframework.boot.actuate.autoconfigure.metrics.MetricsProperties'
2024-09-10T20:48:09.412+09:00 TRACE 86442 --- [learn-spring-boot] [           main] o.s.b.f.s.DefaultListableBeanFactory     : Returning cached instance of singleton bean 'org.springframework.boot.actuate.autoconfigure.metrics.export.simple.SimpleMetricsExportAutoConfiguration'
2024-09-10T20:48:09.412+09:00 TRACE 86442 --- [learn-spring-boot] [           main] o.s.b.f.s.DefaultListableBeanFactory     : Returning cached instance of singleton bean 'simpleMeterRegistry'
2024-09-10T20:48:09.412+09:00 TRACE 86442 --- [learn-spring-boot] [           main] o.s.b.f.s.DefaultListableBeanFactory     : Returning cached instance of singleton bean 'simpleConfig'
2024-09-10T20:48:09.412+09:00 TRACE 86442 --- [learn-spring-boot] [           main] o.s.b.f.s.DefaultListableBeanFactory     : Returning cached instance of singleton bean 'management.simple.metrics.export-org.springframework.boot.actuate.autoconfigure.metrics.export.simple.SimpleProperties'
2024-09-10T20:48:09.412+09:00 TRACE 86442 --- [learn-spring-boot] [           main] o.s.b.f.s.DefaultListableBeanFactory     : Returning cached instance of singleton bean 'org.springframework.boot.actuate.autoconfigure.metrics.CompositeMeterRegistryAutoConfiguration'
2024-09-10T20:48:09.412+09:00 TRACE 86442 --- [learn-spring-boot] [           main] o.s.b.f.s.DefaultListableBeanFactory     : Returning cached instance of singleton bean 'org.springframework.boot.actuate.autoconfigure.metrics.JvmMetricsAutoConfiguration'
2024-09-10T20:48:09.412+09:00 TRACE 86442 --- [learn-spring-boot] [           main] o.s.b.f.s.DefaultListableBeanFactory     : Returning cached instance of singleton bean 'jvmGcMetrics'
2024-09-10T20:48:09.412+09:00 TRACE 86442 --- [learn-spring-boot] [           main] o.s.b.f.s.DefaultListableBeanFactory     : Returning cached instance of singleton bean 'jvmHeapPressureMetrics'
2024-09-10T20:48:09.412+09:00 TRACE 86442 --- [learn-spring-boot] [           main] o.s.b.f.s.DefaultListableBeanFactory     : Returning cached instance of singleton bean 'jvmMemoryMetrics'
2024-09-10T20:48:09.412+09:00 TRACE 86442 --- [learn-spring-boot] [           main] o.s.b.f.s.DefaultListableBeanFactory     : Returning cached instance of singleton bean 'jvmThreadMetrics'
2024-09-10T20:48:09.412+09:00 TRACE 86442 --- [learn-spring-boot] [           main] o.s.b.f.s.DefaultListableBeanFactory     : Returning cached instance of singleton bean 'classLoaderMetrics'
2024-09-10T20:48:09.413+09:00 TRACE 86442 --- [learn-spring-boot] [           main] o.s.b.f.s.DefaultListableBeanFactory     : Returning cached instance of singleton bean 'jvmInfoMetrics'
2024-09-10T20:48:09.413+09:00 TRACE 86442 --- [learn-spring-boot] [           main] o.s.b.f.s.DefaultListableBeanFactory     : Returning cached instance of singleton bean 'jvmCompilationMetrics'
2024-09-10T20:48:09.413+09:00 TRACE 86442 --- [learn-spring-boot] [           main] o.s.b.f.s.DefaultListableBeanFactory     : Returning cached instance of singleton bean 'org.springframework.boot.actuate.autoconfigure.metrics.LogbackMetricsAutoConfiguration'
2024-09-10T20:48:09.413+09:00 TRACE 86442 --- [learn-spring-boot] [           main] o.s.b.f.s.DefaultListableBeanFactory     : Returning cached instance of singleton bean 'logbackMetrics'
2024-09-10T20:48:09.413+09:00 TRACE 86442 --- [learn-spring-boot] [           main] o.s.b.f.s.DefaultListableBeanFactory     : Returning cached instance of singleton bean 'org.springframework.boot.actuate.autoconfigure.metrics.SystemMetricsAutoConfiguration'
2024-09-10T20:48:09.413+09:00 TRACE 86442 --- [learn-spring-boot] [           main] o.s.b.f.s.DefaultListableBeanFactory     : Returning cached instance of singleton bean 'uptimeMetrics'
2024-09-10T20:48:09.413+09:00 TRACE 86442 --- [learn-spring-boot] [           main] o.s.b.f.s.DefaultListableBeanFactory     : Returning cached instance of singleton bean 'processorMetrics'
2024-09-10T20:48:09.413+09:00 TRACE 86442 --- [learn-spring-boot] [           main] o.s.b.f.s.DefaultListableBeanFactory     : Returning cached instance of singleton bean 'fileDescriptorMetrics'
2024-09-10T20:48:09.413+09:00 TRACE 86442 --- [learn-spring-boot] [           main] o.s.b.f.s.DefaultListableBeanFactory     : Returning cached instance of singleton bean 'diskSpaceMetrics'
2024-09-10T20:48:09.413+09:00 TRACE 86442 --- [learn-spring-boot] [           main] o.s.b.f.s.DefaultListableBeanFactory     : Returning cached instance of singleton bean 'org.springframework.boot.actuate.autoconfigure.metrics.integration.IntegrationMetricsAutoConfiguration'
2024-09-10T20:48:09.413+09:00 TRACE 86442 --- [learn-spring-boot] [           main] o.s.b.f.s.DefaultListableBeanFactory     : Returning cached instance of singleton bean 'org.springframework.boot.actuate.autoconfigure.metrics.startup.StartupTimeMetricsListenerAutoConfiguration'
2024-09-10T20:48:09.413+09:00 TRACE 86442 --- [learn-spring-boot] [           main] o.s.b.f.s.DefaultListableBeanFactory     : Returning cached instance of singleton bean 'startupTimeMetrics'
2024-09-10T20:48:09.413+09:00 TRACE 86442 --- [learn-spring-boot] [           main] o.s.b.f.s.DefaultListableBeanFactory     : Returning cached instance of singleton bean 'org.springframework.boot.autoconfigure.task.TaskSchedulingConfigurations$ThreadPoolTaskSchedulerBuilderConfiguration'
2024-09-10T20:48:09.413+09:00 TRACE 86442 --- [learn-spring-boot] [           main] o.s.b.f.s.DefaultListableBeanFactory     : Returning cached instance of singleton bean 'threadPoolTaskSchedulerBuilder'
2024-09-10T20:48:09.413+09:00 TRACE 86442 --- [learn-spring-boot] [           main] o.s.b.f.s.DefaultListableBeanFactory     : Returning cached instance of singleton bean 'org.springframework.boot.autoconfigure.task.TaskSchedulingConfigurations$SimpleAsyncTaskSchedulerBuilderConfiguration'
2024-09-10T20:48:09.413+09:00 TRACE 86442 --- [learn-spring-boot] [           main] o.s.b.f.s.DefaultListableBeanFactory     : Returning cached instance of singleton bean 'simpleAsyncTaskSchedulerBuilder'
2024-09-10T20:48:09.413+09:00 TRACE 86442 --- [learn-spring-boot] [           main] o.s.b.f.s.DefaultListableBeanFactory     : Returning cached instance of singleton bean 'org.springframework.boot.autoconfigure.task.TaskSchedulingAutoConfiguration'
2024-09-10T20:48:09.413+09:00 TRACE 86442 --- [learn-spring-boot] [           main] o.s.b.f.s.DefaultListableBeanFactory     : Returning cached instance of singleton bean 'spring.task.scheduling-org.springframework.boot.autoconfigure.task.TaskSchedulingProperties'
2024-09-10T20:48:09.413+09:00 TRACE 86442 --- [learn-spring-boot] [           main] o.s.b.f.s.DefaultListableBeanFactory     : Returning cached instance of singleton bean 'org.springframework.boot.actuate.autoconfigure.metrics.task.TaskExecutorMetricsAutoConfiguration'
2024-09-10T20:48:09.413+09:00 TRACE 86442 --- [learn-spring-boot] [           main] o.s.b.f.s.DefaultListableBeanFactory     : Returning cached instance of singleton bean 'eagerTaskExecutorMetrics'
2024-09-10T20:48:09.413+09:00 TRACE 86442 --- [learn-spring-boot] [           main] o.s.b.f.s.DefaultListableBeanFactory     : Returning cached instance of singleton bean 'org.springframework.boot.actuate.autoconfigure.metrics.web.tomcat.TomcatMetricsAutoConfiguration'
2024-09-10T20:48:09.413+09:00 TRACE 86442 --- [learn-spring-boot] [           main] o.s.b.f.s.DefaultListableBeanFactory     : Returning cached instance of singleton bean 'tomcatMetricsBinder'
2024-09-10T20:48:09.413+09:00 TRACE 86442 --- [learn-spring-boot] [           main] o.s.b.f.s.DefaultListableBeanFactory     : Returning cached instance of singleton bean 'org.springframework.boot.actuate.autoconfigure.observation.ObservationAutoConfiguration$MeterObservationHandlerConfiguration$OnlyMetricsMeterObservationHandlerConfiguration'
2024-09-10T20:48:09.413+09:00 TRACE 86442 --- [learn-spring-boot] [           main] o.s.b.f.s.DefaultListableBeanFactory     : Returning cached instance of singleton bean 'defaultMeterObservationHandler'
2024-09-10T20:48:09.413+09:00 TRACE 86442 --- [learn-spring-boot] [           main] o.s.b.f.s.DefaultListableBeanFactory     : Returning cached instance of singleton bean 'org.springframework.boot.actuate.autoconfigure.observation.ObservationAutoConfiguration$MeterObservationHandlerConfiguration'
2024-09-10T20:48:09.413+09:00 TRACE 86442 --- [learn-spring-boot] [           main] o.s.b.f.s.DefaultListableBeanFactory     : Returning cached instance of singleton bean 'org.springframework.boot.actuate.autoconfigure.observation.ObservationAutoConfiguration$OnlyMetricsConfiguration'
2024-09-10T20:48:09.413+09:00 TRACE 86442 --- [learn-spring-boot] [           main] o.s.b.f.s.DefaultListableBeanFactory     : Returning cached instance of singleton bean 'metricsObservationHandlerGrouping'
2024-09-10T20:48:09.413+09:00 TRACE 86442 --- [learn-spring-boot] [           main] o.s.b.f.s.DefaultListableBeanFactory     : Returning cached instance of singleton bean 'org.springframework.boot.actuate.autoconfigure.observation.ObservationAutoConfiguration'
2024-09-10T20:48:09.413+09:00 TRACE 86442 --- [learn-spring-boot] [           main] o.s.b.f.s.DefaultListableBeanFactory     : Returning cached instance of singleton bean 'observationRegistryPostProcessor'
2024-09-10T20:48:09.413+09:00 TRACE 86442 --- [learn-spring-boot] [           main] o.s.b.f.s.DefaultListableBeanFactory     : Returning cached instance of singleton bean 'observationRegistry'
2024-09-10T20:48:09.413+09:00 TRACE 86442 --- [learn-spring-boot] [           main] o.s.b.f.s.DefaultListableBeanFactory     : Returning cached instance of singleton bean 'propertiesObservationFilter'
2024-09-10T20:48:09.413+09:00 TRACE 86442 --- [learn-spring-boot] [           main] o.s.b.f.s.DefaultListableBeanFactory     : Returning cached instance of singleton bean 'management.observations-org.springframework.boot.actuate.autoconfigure.observation.ObservationProperties'
2024-09-10T20:48:09.413+09:00 TRACE 86442 --- [learn-spring-boot] [           main] o.s.b.f.s.DefaultListableBeanFactory     : Returning cached instance of singleton bean 'org.springframework.boot.autoconfigure.http.HttpMessageConvertersAutoConfiguration$StringHttpMessageConverterConfiguration'
2024-09-10T20:48:09.413+09:00 TRACE 86442 --- [learn-spring-boot] [           main] o.s.b.f.s.DefaultListableBeanFactory     : Returning cached instance of singleton bean 'stringHttpMessageConverter'
2024-09-10T20:48:09.413+09:00 TRACE 86442 --- [learn-spring-boot] [           main] o.s.b.f.s.DefaultListableBeanFactory     : Returning cached instance of singleton bean 'org.springframework.boot.autoconfigure.http.JacksonHttpMessageConvertersConfiguration$MappingJackson2HttpMessageConverterConfiguration'
2024-09-10T20:48:09.413+09:00 TRACE 86442 --- [learn-spring-boot] [           main] o.s.b.f.s.DefaultListableBeanFactory     : Returning cached instance of singleton bean 'mappingJackson2HttpMessageConverter'
2024-09-10T20:48:09.413+09:00 TRACE 86442 --- [learn-spring-boot] [           main] o.s.b.f.s.DefaultListableBeanFactory     : Returning cached instance of singleton bean 'org.springframework.boot.autoconfigure.http.JacksonHttpMessageConvertersConfiguration'
2024-09-10T20:48:09.413+09:00 TRACE 86442 --- [learn-spring-boot] [           main] o.s.b.f.s.DefaultListableBeanFactory     : Returning cached instance of singleton bean 'org.springframework.boot.autoconfigure.http.HttpMessageConvertersAutoConfiguration'
2024-09-10T20:48:09.413+09:00 TRACE 86442 --- [learn-spring-boot] [           main] o.s.b.f.s.DefaultListableBeanFactory     : Returning cached instance of singleton bean 'messageConverters'
2024-09-10T20:48:09.413+09:00 TRACE 86442 --- [learn-spring-boot] [           main] o.s.b.f.s.DefaultListableBeanFactory     : Returning cached instance of singleton bean 'org.springframework.boot.autoconfigure.web.client.RestClientAutoConfiguration'
2024-09-10T20:48:09.413+09:00 TRACE 86442 --- [learn-spring-boot] [           main] o.s.b.f.s.DefaultListableBeanFactory     : Returning cached instance of singleton bean 'httpMessageConvertersRestClientCustomizer'
2024-09-10T20:48:09.413+09:00 TRACE 86442 --- [learn-spring-boot] [           main] o.s.b.f.s.DefaultListableBeanFactory     : Returning cached instance of singleton bean 'restClientSsl'
2024-09-10T20:48:09.413+09:00 TRACE 86442 --- [learn-spring-boot] [           main] o.s.b.f.s.DefaultListableBeanFactory     : Returning cached instance of singleton bean 'restClientBuilderConfigurer'
2024-09-10T20:48:09.413+09:00 TRACE 86442 --- [learn-spring-boot] [           main] o.s.b.f.s.DefaultListableBeanFactory     : Returning cached instance of singleton bean 'org.springframework.boot.autoconfigure.web.client.RestTemplateAutoConfiguration'
2024-09-10T20:48:09.413+09:00 TRACE 86442 --- [learn-spring-boot] [           main] o.s.b.f.s.DefaultListableBeanFactory     : Returning cached instance of singleton bean 'org.springframework.boot.actuate.autoconfigure.observation.web.client.HttpClientObservationsAutoConfiguration$MeterFilterConfiguration'
2024-09-10T20:48:09.413+09:00 TRACE 86442 --- [learn-spring-boot] [           main] o.s.b.f.s.DefaultListableBeanFactory     : Returning cached instance of singleton bean 'metricsHttpClientUriTagFilter'
2024-09-10T20:48:09.413+09:00 TRACE 86442 --- [learn-spring-boot] [           main] o.s.b.f.s.DefaultListableBeanFactory     : Returning cached instance of singleton bean 'org.springframework.boot.actuate.autoconfigure.observation.web.client.RestTemplateObservationConfiguration'
2024-09-10T20:48:09.413+09:00 TRACE 86442 --- [learn-spring-boot] [           main] o.s.b.f.s.DefaultListableBeanFactory     : Returning cached instance of singleton bean 'observationRestTemplateCustomizer'
2024-09-10T20:48:09.413+09:00 TRACE 86442 --- [learn-spring-boot] [           main] o.s.b.f.s.DefaultListableBeanFactory     : Returning cached instance of singleton bean 'org.springframework.boot.actuate.autoconfigure.observation.web.client.RestClientObservationConfiguration'
2024-09-10T20:48:09.413+09:00 TRACE 86442 --- [learn-spring-boot] [           main] o.s.b.f.s.DefaultListableBeanFactory     : Returning cached instance of singleton bean 'observationRestClientCustomizer'
2024-09-10T20:48:09.413+09:00 TRACE 86442 --- [learn-spring-boot] [           main] o.s.b.f.s.DefaultListableBeanFactory     : Returning cached instance of singleton bean 'org.springframework.boot.actuate.autoconfigure.observation.web.client.HttpClientObservationsAutoConfiguration'
2024-09-10T20:48:09.413+09:00 TRACE 86442 --- [learn-spring-boot] [           main] o.s.b.f.s.DefaultListableBeanFactory     : Returning cached instance of singleton bean 'org.springframework.boot.actuate.autoconfigure.observation.web.servlet.WebMvcObservationAutoConfiguration$MeterFilterConfiguration'
2024-09-10T20:48:09.413+09:00 TRACE 86442 --- [learn-spring-boot] [           main] o.s.b.f.s.DefaultListableBeanFactory     : Returning cached instance of singleton bean 'metricsHttpServerUriTagFilter'
2024-09-10T20:48:09.413+09:00 TRACE 86442 --- [learn-spring-boot] [           main] o.s.b.f.s.DefaultListableBeanFactory     : Returning cached instance of singleton bean 'org.springframework.boot.actuate.autoconfigure.observation.web.servlet.WebMvcObservationAutoConfiguration'
2024-09-10T20:48:09.413+09:00 TRACE 86442 --- [learn-spring-boot] [           main] o.s.b.f.s.DefaultListableBeanFactory     : Returning cached instance of singleton bean 'webMvcObservationFilter'
2024-09-10T20:48:09.413+09:00 TRACE 86442 --- [learn-spring-boot] [           main] o.s.b.f.s.DefaultListableBeanFactory     : Returning cached instance of singleton bean 'org.springframework.boot.actuate.autoconfigure.scheduling.ScheduledTasksObservabilityAutoConfiguration'
2024-09-10T20:48:09.413+09:00 TRACE 86442 --- [learn-spring-boot] [           main] o.s.b.f.s.DefaultListableBeanFactory     : Returning cached instance of singleton bean 'observabilitySchedulingConfigurer'
2024-09-10T20:48:09.413+09:00 TRACE 86442 --- [learn-spring-boot] [           main] o.s.b.f.s.DefaultListableBeanFactory     : Returning cached instance of singleton bean 'org.springframework.boot.autoconfigure.aop.AopAutoConfiguration$ClassProxyingConfiguration'
2024-09-10T20:48:09.413+09:00 TRACE 86442 --- [learn-spring-boot] [           main] o.s.b.f.s.DefaultListableBeanFactory     : Returning cached instance of singleton bean 'forceAutoProxyCreatorToUseClassProxying'
2024-09-10T20:48:09.413+09:00 TRACE 86442 --- [learn-spring-boot] [           main] o.s.b.f.s.DefaultListableBeanFactory     : Returning cached instance of singleton bean 'org.springframework.boot.autoconfigure.aop.AopAutoConfiguration'
2024-09-10T20:48:09.413+09:00 TRACE 86442 --- [learn-spring-boot] [           main] o.s.b.f.s.DefaultListableBeanFactory     : Returning cached instance of singleton bean 'org.springframework.boot.autoconfigure.context.ConfigurationPropertiesAutoConfiguration'
2024-09-10T20:48:09.413+09:00 TRACE 86442 --- [learn-spring-boot] [           main] o.s.b.f.s.DefaultListableBeanFactory     : Returning cached instance of singleton bean 'org.springframework.boot.autoconfigure.context.LifecycleAutoConfiguration'
2024-09-10T20:48:09.413+09:00 TRACE 86442 --- [learn-spring-boot] [           main] o.s.b.f.s.DefaultListableBeanFactory     : Returning cached instance of singleton bean 'lifecycleProcessor'
2024-09-10T20:48:09.413+09:00 TRACE 86442 --- [learn-spring-boot] [           main] o.s.b.f.s.DefaultListableBeanFactory     : Returning cached instance of singleton bean 'spring.lifecycle-org.springframework.boot.autoconfigure.context.LifecycleProperties'
2024-09-10T20:48:09.413+09:00 TRACE 86442 --- [learn-spring-boot] [           main] o.s.b.f.s.DefaultListableBeanFactory     : Returning cached instance of singleton bean 'org.springframework.boot.autoconfigure.sql.init.SqlInitializationAutoConfiguration'
2024-09-10T20:48:09.413+09:00 TRACE 86442 --- [learn-spring-boot] [           main] o.s.b.f.s.DefaultListableBeanFactory     : Returning cached instance of singleton bean 'spring.sql.init-org.springframework.boot.autoconfigure.sql.init.SqlInitializationProperties'
2024-09-10T20:48:09.413+09:00 TRACE 86442 --- [learn-spring-boot] [           main] o.s.b.f.s.DefaultListableBeanFactory     : Returning cached instance of singleton bean 'org.springframework.boot.sql.init.dependency.DatabaseInitializationDependencyConfigurer$DependsOnDatabaseInitializationPostProcessor'
2024-09-10T20:48:09.413+09:00 TRACE 86442 --- [learn-spring-boot] [           main] o.s.b.f.s.DefaultListableBeanFactory     : Returning cached instance of singleton bean 'org.springframework.boot.autoconfigure.web.servlet.HttpEncodingAutoConfiguration'
2024-09-10T20:48:09.413+09:00 TRACE 86442 --- [learn-spring-boot] [           main] o.s.b.f.s.DefaultListableBeanFactory     : Returning cached instance of singleton bean 'characterEncodingFilter'
2024-09-10T20:48:09.413+09:00 TRACE 86442 --- [learn-spring-boot] [           main] o.s.b.f.s.DefaultListableBeanFactory     : Returning cached instance of singleton bean 'localeCharsetMappingsCustomizer'
2024-09-10T20:48:09.413+09:00 TRACE 86442 --- [learn-spring-boot] [           main] o.s.b.f.s.DefaultListableBeanFactory     : Returning cached instance of singleton bean 'org.springframework.boot.autoconfigure.web.servlet.MultipartAutoConfiguration'
2024-09-10T20:48:09.413+09:00 TRACE 86442 --- [learn-spring-boot] [           main] o.s.b.f.s.DefaultListableBeanFactory     : Returning cached instance of singleton bean 'multipartConfigElement'
2024-09-10T20:48:09.413+09:00 TRACE 86442 --- [learn-spring-boot] [           main] o.s.b.f.s.DefaultListableBeanFactory     : Returning cached instance of singleton bean 'multipartResolver'
2024-09-10T20:48:09.413+09:00 TRACE 86442 --- [learn-spring-boot] [           main] o.s.b.f.s.DefaultListableBeanFactory     : Returning cached instance of singleton bean 'spring.servlet.multipart-org.springframework.boot.autoconfigure.web.servlet.MultipartProperties'
2024-09-10T20:48:09.413+09:00 TRACE 86442 --- [learn-spring-boot] [           main] o.s.b.f.s.DefaultListableBeanFactory     : Returning cached instance of singleton bean 'org.springframework.boot.actuate.autoconfigure.endpoint.web.ServletEndpointManagementContextConfiguration$WebMvcServletEndpointManagementContextConfiguration'
2024-09-10T20:48:09.413+09:00 TRACE 86442 --- [learn-spring-boot] [           main] o.s.b.f.s.DefaultListableBeanFactory     : Returning cached instance of singleton bean 'servletEndpointRegistrar'
2024-09-10T20:48:09.413+09:00 TRACE 86442 --- [learn-spring-boot] [           main] o.s.b.f.s.DefaultListableBeanFactory     : Returning cached instance of singleton bean 'org.springframework.boot.actuate.autoconfigure.endpoint.web.ServletEndpointManagementContextConfiguration'
2024-09-10T20:48:09.413+09:00 TRACE 86442 --- [learn-spring-boot] [           main] o.s.b.f.s.DefaultListableBeanFactory     : Returning cached instance of singleton bean 'servletExposeExcludePropertyEndpointFilter'
2024-09-10T20:48:09.413+09:00 TRACE 86442 --- [learn-spring-boot] [           main] o.s.b.f.s.DefaultListableBeanFactory     : Returning cached instance of singleton bean 'org.springframework.boot.actuate.autoconfigure.endpoint.web.servlet.WebMvcEndpointManagementContextConfiguration'
2024-09-10T20:48:09.413+09:00 TRACE 86442 --- [learn-spring-boot] [           main] o.s.b.f.s.DefaultListableBeanFactory     : Returning cached instance of singleton bean 'webEndpointServletHandlerMapping'
2024-09-10T20:48:09.413+09:00 TRACE 86442 --- [learn-spring-boot] [           main] o.s.b.f.s.DefaultListableBeanFactory     : Returning cached instance of singleton bean 'controllerEndpointHandlerMapping'
2024-09-10T20:48:09.413+09:00 TRACE 86442 --- [learn-spring-boot] [           main] o.s.b.f.s.DefaultListableBeanFactory     : Returning cached instance of singleton bean 'endpointObjectMapperWebMvcConfigurer'
2024-09-10T20:48:09.413+09:00 TRACE 86442 --- [learn-spring-boot] [           main] o.s.b.f.s.DefaultListableBeanFactory     : Returning cached instance of singleton bean 'management.endpoints.web.cors-org.springframework.boot.actuate.autoconfigure.endpoint.web.CorsEndpointProperties'
2024-09-10T20:48:09.413+09:00 TRACE 86442 --- [learn-spring-boot] [           main] o.s.b.f.s.DefaultListableBeanFactory     : Returning cached instance of singleton bean 'org.springframework.boot.actuate.autoconfigure.web.server.ManagementContextAutoConfiguration$SameManagementContextConfiguration$EnableSameManagementContextConfiguration'
2024-09-10T20:48:09.413+09:00 TRACE 86442 --- [learn-spring-boot] [           main] o.s.b.f.s.DefaultListableBeanFactory     : Returning cached instance of singleton bean 'org.springframework.boot.actuate.autoconfigure.web.server.ManagementContextAutoConfiguration$SameManagementContextConfiguration'
2024-09-10T20:48:09.413+09:00 TRACE 86442 --- [learn-spring-boot] [           main] o.s.b.f.s.DefaultListableBeanFactory     : Returning cached instance of singleton bean 'org.springframework.boot.actuate.autoconfigure.web.server.ManagementContextAutoConfiguration'
2024-09-10T20:48:09.413+09:00 TRACE 86442 --- [learn-spring-boot] [           main] o.s.b.f.s.DefaultListableBeanFactory     : Returning cached instance of singleton bean 'management.server-org.springframework.boot.actuate.autoconfigure.web.server.ManagementServerProperties'
2024-09-10T20:48:09.413+09:00 TRACE 86442 --- [learn-spring-boot] [           main] o.s.b.f.s.DefaultListableBeanFactory     : Returning cached instance of singleton bean 'org.springframework.aop.config.internalAutoProxyCreator'
2024-09-10T20:48:09.414+09:00 TRACE 86442 --- [learn-spring-boot] [           main] c.DefaultCacheAwareContextLoaderDelegate : Retrieved ApplicationContext [1638249646] from cache with key [WebMergedContextConfiguration@51e7589f testClass = com.in28minutes.springboot.learn_spring_boot.LearnSpringBootApplicationTests, locations = [], classes = [com.in28minutes.springboot.learn_spring_boot.LearnSpringBootApplication], contextInitializerClasses = [], activeProfiles = [], propertySourceDescriptors = [], propertySourceProperties = ["org.springframework.boot.test.context.SpringBootTestContextBootstrapper=true"], contextCustomizers = [org.springframework.boot.test.context.filter.ExcludeFilterContextCustomizer@4f32a3ad, org.springframework.boot.test.json.DuplicateJsonObjectContextCustomizerFactory$DuplicateJsonObjectContextCustomizer@7d900ecf, org.springframework.boot.test.mock.mockito.MockitoContextCustomizer@0, org.springframework.boot.test.web.client.TestRestTemplateContextCustomizer@5b38c1ec, org.springframework.boot.test.web.reactor.netty.DisableReactorResourceFactoryGlobalResourcesContextCustomizerFactory$DisableReactorResourceFactoryGlobalResourcesContextCustomizerCustomizer@2dfaea86, org.springframework.boot.test.autoconfigure.actuate.observability.ObservabilityContextCustomizerFactory$DisableObservabilityContextCustomizer@1f, org.springframework.boot.test.autoconfigure.properties.PropertyMappingContextCustomizer@0, org.springframework.boot.test.autoconfigure.web.servlet.WebDriverContextCustomizer@446a1e84, org.springframework.test.context.support.DynamicPropertiesContextCustomizer@0, org.springframework.boot.test.context.SpringBootTestAnnotation@1f88b976], resourceBasePath = "src/main/webapp", contextLoader = org.springframework.boot.test.context.SpringBootContextLoader, parent = null]
2024-09-10T20:48:09.414+09:00 DEBUG 86442 --- [learn-spring-boot] [           main] org.springframework.test.context.cache   : Spring test ApplicationContext cache statistics: [DefaultContextCache@65cc5252 size = 1, maxSize = 32, parentContextCount = 0, hitCount = 9, missCount = 1, failureCount = 0]
2024-09-10T20:48:09.414+09:00 TRACE 86442 --- [learn-spring-boot] [           main] c.DefaultCacheAwareContextLoaderDelegate : Retrieved ApplicationContext [1638249646] from cache with key [WebMergedContextConfiguration@51e7589f testClass = com.in28minutes.springboot.learn_spring_boot.LearnSpringBootApplicationTests, locations = [], classes = [com.in28minutes.springboot.learn_spring_boot.LearnSpringBootApplication], contextInitializerClasses = [], activeProfiles = [], propertySourceDescriptors = [], propertySourceProperties = ["org.springframework.boot.test.context.SpringBootTestContextBootstrapper=true"], contextCustomizers = [org.springframework.boot.test.context.filter.ExcludeFilterContextCustomizer@4f32a3ad, org.springframework.boot.test.json.DuplicateJsonObjectContextCustomizerFactory$DuplicateJsonObjectContextCustomizer@7d900ecf, org.springframework.boot.test.mock.mockito.MockitoContextCustomizer@0, org.springframework.boot.test.web.client.TestRestTemplateContextCustomizer@5b38c1ec, org.springframework.boot.test.web.reactor.netty.DisableReactorResourceFactoryGlobalResourcesContextCustomizerFactory$DisableReactorResourceFactoryGlobalResourcesContextCustomizerCustomizer@2dfaea86, org.springframework.boot.test.autoconfigure.actuate.observability.ObservabilityContextCustomizerFactory$DisableObservabilityContextCustomizer@1f, org.springframework.boot.test.autoconfigure.properties.PropertyMappingContextCustomizer@0, org.springframework.boot.test.autoconfigure.web.servlet.WebDriverContextCustomizer@446a1e84, org.springframework.test.context.support.DynamicPropertiesContextCustomizer@0, org.springframework.boot.test.context.SpringBootTestAnnotation@1f88b976], resourceBasePath = "src/main/webapp", contextLoader = org.springframework.boot.test.context.SpringBootContextLoader, parent = null]
2024-09-10T20:48:09.414+09:00 DEBUG 86442 --- [learn-spring-boot] [           main] org.springframework.test.context.cache   : Spring test ApplicationContext cache statistics: [DefaultContextCache@65cc5252 size = 1, maxSize = 32, parentContextCount = 0, hitCount = 10, missCount = 1, failureCount = 0]
2024-09-10T20:48:09.414+09:00 TRACE 86442 --- [learn-spring-boot] [           main] o.s.b.f.s.DefaultListableBeanFactory     : No bean named 'org.springframework.boot.test.autoconfigure.web.servlet.SpringBootMockMvcBuilderCustomizer$DeferredLinesWriter' found in org.springframework.beans.factory.support.DefaultListableBeanFactory@49096b06: defining beans [org.springframework.boot.test.mock.mockito.MockitoPostProcessor$SpyPostProcessor,org.springframework.boot.test.mock.mockito.MockitoPostProcessor,org.springframework.test.context.support.DynamicPropertiesContextCustomizer.dynamicPropertySourceBeanInitializer,org.springframework.context.annotation.internalConfigurationAnnotationProcessor,org.springframework.context.annotation.internalAutowiredAnnotationProcessor,org.springframework.context.annotation.internalCommonAnnotationProcessor,org.springframework.context.event.internalEventListenerProcessor,org.springframework.context.event.internalEventListenerFactory,learnSpringBootApplication,org.springframework.boot.autoconfigure.internalCachingMetadataReaderFactory,courseController,currencyConfigurationController,currencyServiceConfiguration,org.springframework.boot.autoconfigure.AutoConfigurationPackages,org.springframework.boot.autoconfigure.context.PropertyPlaceholderAutoConfiguration,propertySourcesPlaceholderConfigurer,org.springframework.boot.autoconfigure.ssl.SslAutoConfiguration,fileWatcher,sslPropertiesSslBundleRegistrar,sslBundleRegistry,org.springframework.boot.context.properties.ConfigurationPropertiesBindingPostProcessor,org.springframework.boot.context.internalConfigurationPropertiesBinder,org.springframework.boot.context.properties.BoundConfigurationProperties,org.springframework.boot.context.properties.EnableConfigurationPropertiesRegistrar.methodValidationExcludeFilter,spring.ssl-org.springframework.boot.autoconfigure.ssl.SslProperties,org.springframework.boot.autoconfigure.websocket.servlet.WebSocketServletAutoConfiguration$TomcatWebSocketConfiguration,websocketServletWebServerCustomizer,org.springframework.boot.autoconfigure.websocket.servlet.WebSocketServletAutoConfiguration,org.springframework.boot.autoconfigure.web.servlet.ServletWebServerFactoryConfiguration$EmbeddedTomcat,tomcatServletWebServerFactory,org.springframework.boot.autoconfigure.web.servlet.ServletWebServerFactoryAutoConfiguration,servletWebServerFactoryCustomizer,tomcatServletWebServerFactoryCustomizer,server-org.springframework.boot.autoconfigure.web.ServerProperties,webServerFactoryCustomizerBeanPostProcessor,errorPageRegistrarBeanPostProcessor,org.springframework.boot.autoconfigure.web.servlet.DispatcherServletAutoConfiguration$DispatcherServletConfiguration,dispatcherServlet,spring.mvc-org.springframework.boot.autoconfigure.web.servlet.WebMvcProperties,org.springframework.boot.autoconfigure.web.servlet.DispatcherServletAutoConfiguration$DispatcherServletRegistrationConfiguration,dispatcherServletRegistration,org.springframework.boot.autoconfigure.web.servlet.DispatcherServletAutoConfiguration,org.springframework.boot.autoconfigure.task.TaskExecutorConfigurations$ThreadPoolTaskExecutorBuilderConfiguration,threadPoolTaskExecutorBuilder,org.springframework.boot.autoconfigure.task.TaskExecutorConfigurations$SimpleAsyncTaskExecutorBuilderConfiguration,simpleAsyncTaskExecutorBuilder,org.springframework.boot.autoconfigure.task.TaskExecutorConfigurations$TaskExecutorConfiguration,applicationTaskExecutor,org.springframework.boot.autoconfigure.task.TaskExecutionAutoConfiguration,spring.task.execution-org.springframework.boot.autoconfigure.task.TaskExecutionProperties,org.springframework.boot.autoconfigure.web.servlet.error.ErrorMvcAutoConfiguration$WhitelabelErrorViewConfiguration,error,beanNameViewResolver,org.springframework.boot.autoconfigure.web.servlet.error.ErrorMvcAutoConfiguration$DefaultErrorViewResolverConfiguration,conventionErrorViewResolver,spring.web-org.springframework.boot.autoconfigure.web.WebProperties,org.springframework.boot.autoconfigure.web.servlet.error.ErrorMvcAutoConfiguration,errorAttributes,basicErrorController,errorPageCustomizer,preserveErrorControllerTargetClassPostProcessor,org.springframework.boot.autoconfigure.web.servlet.WebMvcAutoConfiguration$EnableWebMvcConfiguration,welcomePageHandlerMapping,welcomePageNotAcceptableHandlerMapping,localeResolver,themeResolver,flashMapManager,viewNameTranslator,mvcConversionService,mvcValidator,mvcContentNegotiationManager,requestMappingHandlerMapping,mvcPatternParser,mvcUrlPathHelper,mvcPathMatcher,viewControllerHandlerMapping,beanNameHandlerMapping,routerFunctionMapping,resourceHandlerMapping,mvcResourceUrlProvider,defaultServletHandlerMapping,requestMappingHandlerAdapter,handlerFunctionAdapter,mvcUriComponentsContributor,httpRequestHandlerAdapter,simpleControllerHandlerAdapter,handlerExceptionResolver,mvcViewResolver,mvcHandlerMappingIntrospector,org.springframework.boot.autoconfigure.web.servlet.WebMvcAutoConfiguration$WebMvcAutoConfigurationAdapter,defaultViewResolver,viewResolver,requestContextFilter,org.springframework.boot.autoconfigure.web.servlet.WebMvcAutoConfiguration,formContentFilter,org.springframework.boot.autoconfigure.availability.ApplicationAvailabilityAutoConfiguration,applicationAvailability,org.springframework.boot.actuate.autoconfigure.availability.AvailabilityHealthContributorAutoConfiguration,org.springframework.boot.autoconfigure.jackson.JacksonAutoConfiguration$Jackson2ObjectMapperBuilderCustomizerConfiguration,standardJacksonObjectMapperBuilderCustomizer,spring.jackson-org.springframework.boot.autoconfigure.jackson.JacksonProperties,org.springframework.boot.autoconfigure.jackson.JacksonAutoConfiguration$JacksonObjectMapperBuilderConfiguration,jacksonObjectMapperBuilder,org.springframework.boot.autoconfigure.jackson.JacksonAutoConfiguration$ParameterNamesModuleConfiguration,parameterNamesModule,org.springframework.boot.autoconfigure.jackson.JacksonAutoConfiguration$JacksonObjectMapperConfiguration,jacksonObjectMapper,org.springframework.boot.autoconfigure.jackson.JacksonAutoConfiguration$JacksonMixinConfiguration,jsonMixinModuleEntries,jsonMixinModule,org.springframework.boot.autoconfigure.jackson.JacksonAutoConfiguration,jsonComponentModule,org.springframework.boot.actuate.autoconfigure.health.HealthEndpointConfiguration,healthStatusAggregator,healthHttpCodeStatusMapper,healthEndpointGroups,healthContributorRegistry,healthEndpointGroupMembershipValidator,healthEndpoint,healthEndpointGroupsBeanPostProcessor,org.springframework.boot.actuate.autoconfigure.health.HealthEndpointWebExtensionConfiguration$MvcAdditionalHealthEndpointPathsConfiguration,healthEndpointWebMvcHandlerMapping,org.springframework.boot.actuate.autoconfigure.health.HealthEndpointWebExtensionConfiguration,healthEndpointWebExtension,org.springframework.boot.actuate.autoconfigure.health.HealthEndpointAutoConfiguration,management.endpoint.health-org.springframework.boot.actuate.autoconfigure.health.HealthEndpointProperties,org.springframework.boot.autoconfigure.info.ProjectInfoAutoConfiguration,spring.info-org.springframework.boot.autoconfigure.info.ProjectInfoProperties,org.springframework.boot.actuate.autoconfigure.info.InfoContributorAutoConfiguration,management.health.ssl-org.springframework.boot.actuate.autoconfigure.ssl.SslHealthIndicatorProperties,management.info-org.springframework.boot.actuate.autoconfigure.info.InfoContributorProperties,org.springframework.boot.actuate.autoconfigure.web.servlet.ServletManagementContextAutoConfiguration,servletWebChildContextFactory,managementServletContext,org.springframework.boot.actuate.autoconfigure.endpoint.EndpointAutoConfiguration,endpointOperationParameterMapper,endpointCachingOperationInvokerAdvisor,org.springframework.boot.actuate.autoconfigure.endpoint.jackson.JacksonEndpointAutoConfiguration,endpointObjectMapper,org.springframework.boot.actuate.autoconfigure.endpoint.web.WebEndpointAutoConfiguration$WebEndpointServletConfiguration,servletEndpointDiscoverer,org.springframework.boot.actuate.autoconfigure.endpoint.web.WebEndpointAutoConfiguration,webEndpointPathMapper,endpointMediaTypes,webEndpointDiscoverer,controllerEndpointDiscoverer,pathMappedEndpoints,webExposeExcludePropertyEndpointFilter,controllerExposeExcludePropertyEndpointFilter,management.endpoints.web-org.springframework.boot.actuate.autoconfigure.endpoint.web.WebEndpointProperties,org.springframework.boot.actuate.autoconfigure.ssl.SslHealthContributorAutoConfiguration,sslHealthIndicator,sslInfo,org.springframework.boot.actuate.autoconfigure.system.DiskSpaceHealthContributorAutoConfiguration,diskSpaceHealthIndicator,management.health.diskspace-org.springframework.boot.actuate.autoconfigure.system.DiskSpaceHealthIndicatorProperties,org.springframework.boot.actuate.autoconfigure.health.HealthContributorAutoConfiguration,pingHealthContributor,org.springframework.boot.actuate.autoconfigure.metrics.MetricsAutoConfiguration,micrometerClock,meterRegistryPostProcessor,propertiesMeterFilter,meterRegistryCloser,management.metrics-org.springframework.boot.actuate.autoconfigure.metrics.MetricsProperties,org.springframework.boot.actuate.autoconfigure.metrics.export.simple.SimpleMetricsExportAutoConfiguration,simpleMeterRegistry,simpleConfig,management.simple.metrics.export-org.springframework.boot.actuate.autoconfigure.metrics.export.simple.SimpleProperties,org.springframework.boot.actuate.autoconfigure.metrics.CompositeMeterRegistryAutoConfiguration,org.springframework.boot.actuate.autoconfigure.metrics.JvmMetricsAutoConfiguration,jvmGcMetrics,jvmHeapPressureMetrics,jvmMemoryMetrics,jvmThreadMetrics,classLoaderMetrics,jvmInfoMetrics,jvmCompilationMetrics,org.springframework.boot.actuate.autoconfigure.metrics.LogbackMetricsAutoConfiguration,logbackMetrics,org.springframework.boot.actuate.autoconfigure.metrics.SystemMetricsAutoConfiguration,uptimeMetrics,processorMetrics,fileDescriptorMetrics,diskSpaceMetrics,org.springframework.boot.actuate.autoconfigure.metrics.integration.IntegrationMetricsAutoConfiguration,org.springframework.boot.actuate.autoconfigure.metrics.startup.StartupTimeMetricsListenerAutoConfiguration,startupTimeMetrics,org.springframework.boot.autoconfigure.task.TaskSchedulingConfigurations$ThreadPoolTaskSchedulerBuilderConfiguration,threadPoolTaskSchedulerBuilder,org.springframework.boot.autoconfigure.task.TaskSchedulingConfigurations$SimpleAsyncTaskSchedulerBuilderConfiguration,simpleAsyncTaskSchedulerBuilder,org.springframework.boot.autoconfigure.task.TaskSchedulingAutoConfiguration,spring.task.scheduling-org.springframework.boot.autoconfigure.task.TaskSchedulingProperties,org.springframework.boot.actuate.autoconfigure.metrics.task.TaskExecutorMetricsAutoConfiguration,eagerTaskExecutorMetrics,org.springframework.boot.actuate.autoconfigure.metrics.web.tomcat.TomcatMetricsAutoConfiguration,tomcatMetricsBinder,org.springframework.boot.actuate.autoconfigure.observation.ObservationAutoConfiguration$MeterObservationHandlerConfiguration$OnlyMetricsMeterObservationHandlerConfiguration,defaultMeterObservationHandler,org.springframework.boot.actuate.autoconfigure.observation.ObservationAutoConfiguration$MeterObservationHandlerConfiguration,org.springframework.boot.actuate.autoconfigure.observation.ObservationAutoConfiguration$OnlyMetricsConfiguration,metricsObservationHandlerGrouping,org.springframework.boot.actuate.autoconfigure.observation.ObservationAutoConfiguration,observationRegistryPostProcessor,observationRegistry,propertiesObservationFilter,management.observations-org.springframework.boot.actuate.autoconfigure.observation.ObservationProperties,org.springframework.boot.autoconfigure.http.HttpMessageConvertersAutoConfiguration$StringHttpMessageConverterConfiguration,stringHttpMessageConverter,org.springframework.boot.autoconfigure.http.JacksonHttpMessageConvertersConfiguration$MappingJackson2HttpMessageConverterConfiguration,mappingJackson2HttpMessageConverter,org.springframework.boot.autoconfigure.http.JacksonHttpMessageConvertersConfiguration,org.springframework.boot.autoconfigure.http.HttpMessageConvertersAutoConfiguration,messageConverters,org.springframework.boot.autoconfigure.web.client.RestClientAutoConfiguration,httpMessageConvertersRestClientCustomizer,restClientSsl,restClientBuilderConfigurer,restClientBuilder,org.springframework.boot.autoconfigure.web.client.RestTemplateAutoConfiguration,restTemplateBuilderConfigurer,restTemplateBuilder,org.springframework.boot.actuate.autoconfigure.observation.web.client.HttpClientObservationsAutoConfiguration$MeterFilterConfiguration,metricsHttpClientUriTagFilter,org.springframework.boot.actuate.autoconfigure.observation.web.client.RestTemplateObservationConfiguration,observationRestTemplateCustomizer,org.springframework.boot.actuate.autoconfigure.observation.web.client.RestClientObservationConfiguration,observationRestClientCustomizer,org.springframework.boot.actuate.autoconfigure.observation.web.client.HttpClientObservationsAutoConfiguration,org.springframework.boot.actuate.autoconfigure.observation.web.servlet.WebMvcObservationAutoConfiguration$MeterFilterConfiguration,metricsHttpServerUriTagFilter,org.springframework.boot.actuate.autoconfigure.observation.web.servlet.WebMvcObservationAutoConfiguration,webMvcObservationFilter,org.springframework.boot.actuate.autoconfigure.scheduling.ScheduledTasksObservabilityAutoConfiguration,observabilitySchedulingConfigurer,org.springframework.boot.autoconfigure.aop.AopAutoConfiguration$ClassProxyingConfiguration,forceAutoProxyCreatorToUseClassProxying,org.springframework.boot.autoconfigure.aop.AopAutoConfiguration,org.springframework.boot.autoconfigure.context.ConfigurationPropertiesAutoConfiguration,org.springframework.boot.autoconfigure.context.LifecycleAutoConfiguration,lifecycleProcessor,spring.lifecycle-org.springframework.boot.autoconfigure.context.LifecycleProperties,org.springframework.boot.autoconfigure.sql.init.SqlInitializationAutoConfiguration,spring.sql.init-org.springframework.boot.autoconfigure.sql.init.SqlInitializationProperties,org.springframework.boot.sql.init.dependency.DatabaseInitializationDependencyConfigurer$DependsOnDatabaseInitializationPostProcessor,org.springframework.boot.autoconfigure.web.servlet.HttpEncodingAutoConfiguration,characterEncodingFilter,localeCharsetMappingsCustomizer,org.springframework.boot.autoconfigure.web.servlet.MultipartAutoConfiguration,multipartConfigElement,multipartResolver,spring.servlet.multipart-org.springframework.boot.autoconfigure.web.servlet.MultipartProperties,org.springframework.boot.actuate.autoconfigure.endpoint.web.ServletEndpointManagementContextConfiguration$WebMvcServletEndpointManagementContextConfiguration,servletEndpointRegistrar,org.springframework.boot.actuate.autoconfigure.endpoint.web.ServletEndpointManagementContextConfiguration,servletExposeExcludePropertyEndpointFilter,org.springframework.boot.actuate.autoconfigure.endpoint.web.servlet.WebMvcEndpointManagementContextConfiguration,webEndpointServletHandlerMapping,controllerEndpointHandlerMapping,endpointObjectMapperWebMvcConfigurer,management.endpoints.web.cors-org.springframework.boot.actuate.autoconfigure.endpoint.web.CorsEndpointProperties,org.springframework.boot.actuate.autoconfigure.web.server.ManagementContextAutoConfiguration$SameManagementContextConfiguration$EnableSameManagementContextConfiguration,org.springframework.boot.actuate.autoconfigure.web.server.ManagementContextAutoConfiguration$SameManagementContextConfiguration,org.springframework.boot.actuate.autoconfigure.web.server.ManagementContextAutoConfiguration,management.server-org.springframework.boot.actuate.autoconfigure.web.server.ManagementServerProperties,org.springframework.aop.config.internalAutoProxyCreator]; root of factory hierarchy
2024-09-10T20:48:09.414+09:00 TRACE 86442 --- [learn-spring-boot] [           main] c.DefaultCacheAwareContextLoaderDelegate : Retrieved ApplicationContext [1638249646] from cache with key [WebMergedContextConfiguration@51e7589f testClass = com.in28minutes.springboot.learn_spring_boot.LearnSpringBootApplicationTests, locations = [], classes = [com.in28minutes.springboot.learn_spring_boot.LearnSpringBootApplication], contextInitializerClasses = [], activeProfiles = [], propertySourceDescriptors = [], propertySourceProperties = ["org.springframework.boot.test.context.SpringBootTestContextBootstrapper=true"], contextCustomizers = [org.springframework.boot.test.context.filter.ExcludeFilterContextCustomizer@4f32a3ad, org.springframework.boot.test.json.DuplicateJsonObjectContextCustomizerFactory$DuplicateJsonObjectContextCustomizer@7d900ecf, org.springframework.boot.test.mock.mockito.MockitoContextCustomizer@0, org.springframework.boot.test.web.client.TestRestTemplateContextCustomizer@5b38c1ec, org.springframework.boot.test.web.reactor.netty.DisableReactorResourceFactoryGlobalResourcesContextCustomizerFactory$DisableReactorResourceFactoryGlobalResourcesContextCustomizerCustomizer@2dfaea86, org.springframework.boot.test.autoconfigure.actuate.observability.ObservabilityContextCustomizerFactory$DisableObservabilityContextCustomizer@1f, org.springframework.boot.test.autoconfigure.properties.PropertyMappingContextCustomizer@0, org.springframework.boot.test.autoconfigure.web.servlet.WebDriverContextCustomizer@446a1e84, org.springframework.test.context.support.DynamicPropertiesContextCustomizer@0, org.springframework.boot.test.context.SpringBootTestAnnotation@1f88b976], resourceBasePath = "src/main/webapp", contextLoader = org.springframework.boot.test.context.SpringBootContextLoader, parent = null]
2024-09-10T20:48:09.415+09:00 DEBUG 86442 --- [learn-spring-boot] [           main] org.springframework.test.context.cache   : Spring test ApplicationContext cache statistics: [DefaultContextCache@65cc5252 size = 1, maxSize = 32, parentContextCount = 0, hitCount = 11, missCount = 1, failureCount = 0]
2024-09-10T20:48:09.415+09:00 TRACE 86442 --- [learn-spring-boot] [           main] c.DefaultCacheAwareContextLoaderDelegate : Retrieved ApplicationContext [1638249646] from cache with key [WebMergedContextConfiguration@51e7589f testClass = com.in28minutes.springboot.learn_spring_boot.LearnSpringBootApplicationTests, locations = [], classes = [com.in28minutes.springboot.learn_spring_boot.LearnSpringBootApplication], contextInitializerClasses = [], activeProfiles = [], propertySourceDescriptors = [], propertySourceProperties = ["org.springframework.boot.test.context.SpringBootTestContextBootstrapper=true"], contextCustomizers = [org.springframework.boot.test.context.filter.ExcludeFilterContextCustomizer@4f32a3ad, org.springframework.boot.test.json.DuplicateJsonObjectContextCustomizerFactory$DuplicateJsonObjectContextCustomizer@7d900ecf, org.springframework.boot.test.mock.mockito.MockitoContextCustomizer@0, org.springframework.boot.test.web.client.TestRestTemplateContextCustomizer@5b38c1ec, org.springframework.boot.test.web.reactor.netty.DisableReactorResourceFactoryGlobalResourcesContextCustomizerFactory$DisableReactorResourceFactoryGlobalResourcesContextCustomizerCustomizer@2dfaea86, org.springframework.boot.test.autoconfigure.actuate.observability.ObservabilityContextCustomizerFactory$DisableObservabilityContextCustomizer@1f, org.springframework.boot.test.autoconfigure.properties.PropertyMappingContextCustomizer@0, org.springframework.boot.test.autoconfigure.web.servlet.WebDriverContextCustomizer@446a1e84, org.springframework.test.context.support.DynamicPropertiesContextCustomizer@0, org.springframework.boot.test.context.SpringBootTestAnnotation@1f88b976], resourceBasePath = "src/main/webapp", contextLoader = org.springframework.boot.test.context.SpringBootContextLoader, parent = null]
2024-09-10T20:48:09.415+09:00 DEBUG 86442 --- [learn-spring-boot] [           main] org.springframework.test.context.cache   : Spring test ApplicationContext cache statistics: [DefaultContextCache@65cc5252 size = 1, maxSize = 32, parentContextCount = 0, hitCount = 12, missCount = 1, failureCount = 0]
2024-09-10T20:48:09.415+09:00 TRACE 86442 --- [learn-spring-boot] [           main] o.s.b.f.s.DefaultListableBeanFactory     : Returning cached instance of singleton bean 'org.springframework.boot.test.mock.mockito.MockitoPostProcessor$SpyPostProcessor'
2024-09-10T20:48:09.415+09:00 TRACE 86442 --- [learn-spring-boot] [           main] o.s.b.f.s.DefaultListableBeanFactory     : Returning cached instance of singleton bean 'org.springframework.boot.test.mock.mockito.MockitoPostProcessor'
2024-09-10T20:48:09.415+09:00 TRACE 86442 --- [learn-spring-boot] [           main] o.s.b.f.s.DefaultListableBeanFactory     : Returning cached instance of singleton bean 'org.springframework.test.context.support.DynamicPropertiesContextCustomizer.dynamicPropertySourceBeanInitializer'
2024-09-10T20:48:09.415+09:00 TRACE 86442 --- [learn-spring-boot] [           main] o.s.b.f.s.DefaultListableBeanFactory     : Returning cached instance of singleton bean 'org.springframework.context.annotation.internalConfigurationAnnotationProcessor'
2024-09-10T20:48:09.415+09:00 TRACE 86442 --- [learn-spring-boot] [           main] o.s.b.f.s.DefaultListableBeanFactory     : Returning cached instance of singleton bean 'org.springframework.context.annotation.internalAutowiredAnnotationProcessor'
2024-09-10T20:48:09.415+09:00 TRACE 86442 --- [learn-spring-boot] [           main] o.s.b.f.s.DefaultListableBeanFactory     : Returning cached instance of singleton bean 'org.springframework.context.annotation.internalCommonAnnotationProcessor'
2024-09-10T20:48:09.415+09:00 TRACE 86442 --- [learn-spring-boot] [           main] o.s.b.f.s.DefaultListableBeanFactory     : Returning cached instance of singleton bean 'org.springframework.context.event.internalEventListenerProcessor'
2024-09-10T20:48:09.415+09:00 TRACE 86442 --- [learn-spring-boot] [           main] o.s.b.f.s.DefaultListableBeanFactory     : Returning cached instance of singleton bean 'org.springframework.context.event.internalEventListenerFactory'
2024-09-10T20:48:09.415+09:00 TRACE 86442 --- [learn-spring-boot] [           main] o.s.b.f.s.DefaultListableBeanFactory     : Returning cached instance of singleton bean 'learnSpringBootApplication'
2024-09-10T20:48:09.415+09:00 TRACE 86442 --- [learn-spring-boot] [           main] o.s.b.f.s.DefaultListableBeanFactory     : Returning cached instance of singleton bean 'org.springframework.boot.autoconfigure.internalCachingMetadataReaderFactory'
2024-09-10T20:48:09.415+09:00 TRACE 86442 --- [learn-spring-boot] [           main] o.s.b.f.s.DefaultListableBeanFactory     : Returning cached instance of singleton bean 'org.springframework.boot.autoconfigure.internalCachingMetadataReaderFactory'
2024-09-10T20:48:09.415+09:00 TRACE 86442 --- [learn-spring-boot] [           main] o.s.b.f.s.DefaultListableBeanFactory     : Returning cached instance of singleton bean 'courseController'
2024-09-10T20:48:09.415+09:00 TRACE 86442 --- [learn-spring-boot] [           main] o.s.b.f.s.DefaultListableBeanFactory     : Returning cached instance of singleton bean 'currencyConfigurationController'
2024-09-10T20:48:09.415+09:00 TRACE 86442 --- [learn-spring-boot] [           main] o.s.b.f.s.DefaultListableBeanFactory     : Returning cached instance of singleton bean 'currencyServiceConfiguration'
2024-09-10T20:48:09.415+09:00 TRACE 86442 --- [learn-spring-boot] [           main] o.s.b.f.s.DefaultListableBeanFactory     : Returning cached instance of singleton bean 'org.springframework.boot.autoconfigure.AutoConfigurationPackages'
2024-09-10T20:48:09.415+09:00 TRACE 86442 --- [learn-spring-boot] [           main] o.s.b.f.s.DefaultListableBeanFactory     : Returning cached instance of singleton bean 'org.springframework.boot.autoconfigure.context.PropertyPlaceholderAutoConfiguration'
2024-09-10T20:48:09.415+09:00 TRACE 86442 --- [learn-spring-boot] [           main] o.s.b.f.s.DefaultListableBeanFactory     : Returning cached instance of singleton bean 'propertySourcesPlaceholderConfigurer'
2024-09-10T20:48:09.415+09:00 TRACE 86442 --- [learn-spring-boot] [           main] o.s.b.f.s.DefaultListableBeanFactory     : Returning cached instance of singleton bean 'org.springframework.boot.autoconfigure.ssl.SslAutoConfiguration'
2024-09-10T20:48:09.415+09:00 TRACE 86442 --- [learn-spring-boot] [           main] o.s.b.f.s.DefaultListableBeanFactory     : Returning cached instance of singleton bean 'fileWatcher'
2024-09-10T20:48:09.415+09:00 TRACE 86442 --- [learn-spring-boot] [           main] o.s.b.f.s.DefaultListableBeanFactory     : Returning cached instance of singleton bean 'sslPropertiesSslBundleRegistrar'
2024-09-10T20:48:09.415+09:00 TRACE 86442 --- [learn-spring-boot] [           main] o.s.b.f.s.DefaultListableBeanFactory     : Returning cached instance of singleton bean 'sslBundleRegistry'
2024-09-10T20:48:09.415+09:00 TRACE 86442 --- [learn-spring-boot] [           main] o.s.b.f.s.DefaultListableBeanFactory     : Returning cached instance of singleton bean 'org.springframework.boot.context.properties.ConfigurationPropertiesBindingPostProcessor'
2024-09-10T20:48:09.415+09:00 TRACE 86442 --- [learn-spring-boot] [           main] o.s.b.f.s.DefaultListableBeanFactory     : Returning cached instance of singleton bean 'org.springframework.boot.context.internalConfigurationPropertiesBinder'
2024-09-10T20:48:09.415+09:00 TRACE 86442 --- [learn-spring-boot] [           main] o.s.b.f.s.DefaultListableBeanFactory     : Returning cached instance of singleton bean 'org.springframework.boot.context.internalConfigurationPropertiesBinder'
2024-09-10T20:48:09.415+09:00 TRACE 86442 --- [learn-spring-boot] [           main] o.s.b.f.s.DefaultListableBeanFactory     : Returning cached instance of singleton bean 'org.springframework.boot.context.properties.BoundConfigurationProperties'
2024-09-10T20:48:09.415+09:00 TRACE 86442 --- [learn-spring-boot] [           main] o.s.b.f.s.DefaultListableBeanFactory     : Returning cached instance of singleton bean 'org.springframework.boot.context.properties.EnableConfigurationPropertiesRegistrar.methodValidationExcludeFilter'
2024-09-10T20:48:09.415+09:00 TRACE 86442 --- [learn-spring-boot] [           main] o.s.b.f.s.DefaultListableBeanFactory     : Returning cached instance of singleton bean 'spring.ssl-org.springframework.boot.autoconfigure.ssl.SslProperties'
2024-09-10T20:48:09.415+09:00 TRACE 86442 --- [learn-spring-boot] [           main] o.s.b.f.s.DefaultListableBeanFactory     : Returning cached instance of singleton bean 'org.springframework.boot.autoconfigure.websocket.servlet.WebSocketServletAutoConfiguration$TomcatWebSocketConfiguration'
2024-09-10T20:48:09.415+09:00 TRACE 86442 --- [learn-spring-boot] [           main] o.s.b.f.s.DefaultListableBeanFactory     : Returning cached instance of singleton bean 'websocketServletWebServerCustomizer'
2024-09-10T20:48:09.415+09:00 TRACE 86442 --- [learn-spring-boot] [           main] o.s.b.f.s.DefaultListableBeanFactory     : Returning cached instance of singleton bean 'org.springframework.boot.autoconfigure.websocket.servlet.WebSocketServletAutoConfiguration'
2024-09-10T20:48:09.416+09:00 TRACE 86442 --- [learn-spring-boot] [           main] o.s.b.f.s.DefaultListableBeanFactory     : Returning cached instance of singleton bean 'org.springframework.boot.autoconfigure.web.servlet.ServletWebServerFactoryConfiguration$EmbeddedTomcat'
2024-09-10T20:48:09.416+09:00 TRACE 86442 --- [learn-spring-boot] [           main] o.s.b.f.s.DefaultListableBeanFactory     : Returning cached instance of singleton bean 'tomcatServletWebServerFactory'
2024-09-10T20:48:09.416+09:00 TRACE 86442 --- [learn-spring-boot] [           main] o.s.b.f.s.DefaultListableBeanFactory     : Returning cached instance of singleton bean 'org.springframework.boot.autoconfigure.web.servlet.ServletWebServerFactoryAutoConfiguration'
2024-09-10T20:48:09.416+09:00 TRACE 86442 --- [learn-spring-boot] [           main] o.s.b.f.s.DefaultListableBeanFactory     : Returning cached instance of singleton bean 'servletWebServerFactoryCustomizer'
2024-09-10T20:48:09.416+09:00 TRACE 86442 --- [learn-spring-boot] [           main] o.s.b.f.s.DefaultListableBeanFactory     : Returning cached instance of singleton bean 'tomcatServletWebServerFactoryCustomizer'
2024-09-10T20:48:09.416+09:00 TRACE 86442 --- [learn-spring-boot] [           main] o.s.b.f.s.DefaultListableBeanFactory     : Returning cached instance of singleton bean 'server-org.springframework.boot.autoconfigure.web.ServerProperties'
2024-09-10T20:48:09.416+09:00 TRACE 86442 --- [learn-spring-boot] [           main] o.s.b.f.s.DefaultListableBeanFactory     : Returning cached instance of singleton bean 'webServerFactoryCustomizerBeanPostProcessor'
2024-09-10T20:48:09.416+09:00 TRACE 86442 --- [learn-spring-boot] [           main] o.s.b.f.s.DefaultListableBeanFactory     : Returning cached instance of singleton bean 'errorPageRegistrarBeanPostProcessor'
2024-09-10T20:48:09.416+09:00 TRACE 86442 --- [learn-spring-boot] [           main] o.s.b.f.s.DefaultListableBeanFactory     : Returning cached instance of singleton bean 'org.springframework.boot.autoconfigure.web.servlet.DispatcherServletAutoConfiguration$DispatcherServletConfiguration'
2024-09-10T20:48:09.416+09:00 TRACE 86442 --- [learn-spring-boot] [           main] o.s.b.f.s.DefaultListableBeanFactory     : Returning cached instance of singleton bean 'dispatcherServlet'
2024-09-10T20:48:09.416+09:00 TRACE 86442 --- [learn-spring-boot] [           main] o.s.b.f.s.DefaultListableBeanFactory     : Returning cached instance of singleton bean 'spring.mvc-org.springframework.boot.autoconfigure.web.servlet.WebMvcProperties'
2024-09-10T20:48:09.416+09:00 TRACE 86442 --- [learn-spring-boot] [           main] o.s.b.f.s.DefaultListableBeanFactory     : Returning cached instance of singleton bean 'org.springframework.boot.autoconfigure.web.servlet.DispatcherServletAutoConfiguration$DispatcherServletRegistrationConfiguration'
2024-09-10T20:48:09.416+09:00 TRACE 86442 --- [learn-spring-boot] [           main] o.s.b.f.s.DefaultListableBeanFactory     : Returning cached instance of singleton bean 'dispatcherServletRegistration'
2024-09-10T20:48:09.416+09:00 TRACE 86442 --- [learn-spring-boot] [           main] o.s.b.f.s.DefaultListableBeanFactory     : Returning cached instance of singleton bean 'org.springframework.boot.autoconfigure.web.servlet.DispatcherServletAutoConfiguration'
2024-09-10T20:48:09.416+09:00 TRACE 86442 --- [learn-spring-boot] [           main] o.s.b.f.s.DefaultListableBeanFactory     : Returning cached instance of singleton bean 'org.springframework.boot.autoconfigure.task.TaskExecutorConfigurations$ThreadPoolTaskExecutorBuilderConfiguration'
2024-09-10T20:48:09.416+09:00 TRACE 86442 --- [learn-spring-boot] [           main] o.s.b.f.s.DefaultListableBeanFactory     : Returning cached instance of singleton bean 'threadPoolTaskExecutorBuilder'
2024-09-10T20:48:09.416+09:00 TRACE 86442 --- [learn-spring-boot] [           main] o.s.b.f.s.DefaultListableBeanFactory     : Returning cached instance of singleton bean 'org.springframework.boot.autoconfigure.task.TaskExecutorConfigurations$SimpleAsyncTaskExecutorBuilderConfiguration'
2024-09-10T20:48:09.416+09:00 TRACE 86442 --- [learn-spring-boot] [           main] o.s.b.f.s.DefaultListableBeanFactory     : Returning cached instance of singleton bean 'simpleAsyncTaskExecutorBuilder'
2024-09-10T20:48:09.416+09:00 TRACE 86442 --- [learn-spring-boot] [           main] o.s.b.f.s.DefaultListableBeanFactory     : Returning cached instance of singleton bean 'org.springframework.boot.autoconfigure.task.TaskExecutorConfigurations$TaskExecutorConfiguration'
2024-09-10T20:48:09.416+09:00 TRACE 86442 --- [learn-spring-boot] [           main] o.s.b.f.s.DefaultListableBeanFactory     : Returning cached instance of singleton bean 'applicationTaskExecutor'
2024-09-10T20:48:09.416+09:00 TRACE 86442 --- [learn-spring-boot] [           main] o.s.b.f.s.DefaultListableBeanFactory     : Returning cached instance of singleton bean 'org.springframework.boot.autoconfigure.task.TaskExecutionAutoConfiguration'
2024-09-10T20:48:09.416+09:00 TRACE 86442 --- [learn-spring-boot] [           main] o.s.b.f.s.DefaultListableBeanFactory     : Returning cached instance of singleton bean 'spring.task.execution-org.springframework.boot.autoconfigure.task.TaskExecutionProperties'
2024-09-10T20:48:09.416+09:00 TRACE 86442 --- [learn-spring-boot] [           main] o.s.b.f.s.DefaultListableBeanFactory     : Returning cached instance of singleton bean 'org.springframework.boot.autoconfigure.web.servlet.error.ErrorMvcAutoConfiguration$WhitelabelErrorViewConfiguration'
2024-09-10T20:48:09.416+09:00 TRACE 86442 --- [learn-spring-boot] [           main] o.s.b.f.s.DefaultListableBeanFactory     : Returning cached instance of singleton bean 'error'
2024-09-10T20:48:09.416+09:00 TRACE 86442 --- [learn-spring-boot] [           main] o.s.b.f.s.DefaultListableBeanFactory     : Returning cached instance of singleton bean 'beanNameViewResolver'
2024-09-10T20:48:09.416+09:00 TRACE 86442 --- [learn-spring-boot] [           main] o.s.b.f.s.DefaultListableBeanFactory     : Returning cached instance of singleton bean 'org.springframework.boot.autoconfigure.web.servlet.error.ErrorMvcAutoConfiguration$DefaultErrorViewResolverConfiguration'
2024-09-10T20:48:09.416+09:00 TRACE 86442 --- [learn-spring-boot] [           main] o.s.b.f.s.DefaultListableBeanFactory     : Returning cached instance of singleton bean 'conventionErrorViewResolver'
2024-09-10T20:48:09.416+09:00 TRACE 86442 --- [learn-spring-boot] [           main] o.s.b.f.s.DefaultListableBeanFactory     : Returning cached instance of singleton bean 'spring.web-org.springframework.boot.autoconfigure.web.WebProperties'
2024-09-10T20:48:09.416+09:00 TRACE 86442 --- [learn-spring-boot] [           main] o.s.b.f.s.DefaultListableBeanFactory     : Returning cached instance of singleton bean 'org.springframework.boot.autoconfigure.web.servlet.error.ErrorMvcAutoConfiguration'
2024-09-10T20:48:09.416+09:00 TRACE 86442 --- [learn-spring-boot] [           main] o.s.b.f.s.DefaultListableBeanFactory     : Returning cached instance of singleton bean 'errorAttributes'
2024-09-10T20:48:09.416+09:00 TRACE 86442 --- [learn-spring-boot] [           main] o.s.b.f.s.DefaultListableBeanFactory     : Returning cached instance of singleton bean 'basicErrorController'
2024-09-10T20:48:09.416+09:00 TRACE 86442 --- [learn-spring-boot] [           main] o.s.b.f.s.DefaultListableBeanFactory     : Returning cached instance of singleton bean 'errorPageCustomizer'
2024-09-10T20:48:09.416+09:00 TRACE 86442 --- [learn-spring-boot] [           main] o.s.b.f.s.DefaultListableBeanFactory     : Returning cached instance of singleton bean 'preserveErrorControllerTargetClassPostProcessor'
2024-09-10T20:48:09.416+09:00 TRACE 86442 --- [learn-spring-boot] [           main] o.s.b.f.s.DefaultListableBeanFactory     : Returning cached instance of singleton bean 'org.springframework.boot.autoconfigure.web.servlet.WebMvcAutoConfiguration$EnableWebMvcConfiguration'
2024-09-10T20:48:09.416+09:00 TRACE 86442 --- [learn-spring-boot] [           main] o.s.b.f.s.DefaultListableBeanFactory     : Returning cached instance of singleton bean 'welcomePageHandlerMapping'
2024-09-10T20:48:09.416+09:00 TRACE 86442 --- [learn-spring-boot] [           main] o.s.b.f.s.DefaultListableBeanFactory     : Returning cached instance of singleton bean 'welcomePageNotAcceptableHandlerMapping'
2024-09-10T20:48:09.416+09:00 TRACE 86442 --- [learn-spring-boot] [           main] o.s.b.f.s.DefaultListableBeanFactory     : Returning cached instance of singleton bean 'localeResolver'
2024-09-10T20:48:09.416+09:00 TRACE 86442 --- [learn-spring-boot] [           main] o.s.b.f.s.DefaultListableBeanFactory     : Returning cached instance of singleton bean 'themeResolver'
2024-09-10T20:48:09.416+09:00 TRACE 86442 --- [learn-spring-boot] [           main] o.s.b.f.s.DefaultListableBeanFactory     : Returning cached instance of singleton bean 'flashMapManager'
2024-09-10T20:48:09.416+09:00 TRACE 86442 --- [learn-spring-boot] [           main] o.s.b.f.s.DefaultListableBeanFactory     : Returning cached instance of singleton bean 'viewNameTranslator'
2024-09-10T20:48:09.416+09:00 TRACE 86442 --- [learn-spring-boot] [           main] o.s.b.f.s.DefaultListableBeanFactory     : Returning cached instance of singleton bean 'mvcConversionService'
2024-09-10T20:48:09.416+09:00 TRACE 86442 --- [learn-spring-boot] [           main] o.s.b.f.s.DefaultListableBeanFactory     : Returning cached instance of singleton bean 'mvcValidator'
2024-09-10T20:48:09.416+09:00 TRACE 86442 --- [learn-spring-boot] [           main] o.s.b.f.s.DefaultListableBeanFactory     : Returning cached instance of singleton bean 'mvcContentNegotiationManager'
2024-09-10T20:48:09.416+09:00 TRACE 86442 --- [learn-spring-boot] [           main] o.s.b.f.s.DefaultListableBeanFactory     : Returning cached instance of singleton bean 'requestMappingHandlerMapping'
2024-09-10T20:48:09.416+09:00 TRACE 86442 --- [learn-spring-boot] [           main] o.s.b.f.s.DefaultListableBeanFactory     : Returning cached instance of singleton bean 'mvcPatternParser'
2024-09-10T20:48:09.416+09:00 TRACE 86442 --- [learn-spring-boot] [           main] o.s.b.f.s.DefaultListableBeanFactory     : Returning cached instance of singleton bean 'mvcUrlPathHelper'
2024-09-10T20:48:09.416+09:00 TRACE 86442 --- [learn-spring-boot] [           main] o.s.b.f.s.DefaultListableBeanFactory     : Returning cached instance of singleton bean 'mvcPathMatcher'
2024-09-10T20:48:09.416+09:00 TRACE 86442 --- [learn-spring-boot] [           main] o.s.b.f.s.DefaultListableBeanFactory     : Returning cached instance of singleton bean 'viewControllerHandlerMapping'
2024-09-10T20:48:09.416+09:00 TRACE 86442 --- [learn-spring-boot] [           main] o.s.b.f.s.DefaultListableBeanFactory     : Returning cached instance of singleton bean 'beanNameHandlerMapping'
2024-09-10T20:48:09.416+09:00 TRACE 86442 --- [learn-spring-boot] [           main] o.s.b.f.s.DefaultListableBeanFactory     : Returning cached instance of singleton bean 'routerFunctionMapping'
2024-09-10T20:48:09.416+09:00 TRACE 86442 --- [learn-spring-boot] [           main] o.s.b.f.s.DefaultListableBeanFactory     : Returning cached instance of singleton bean 'resourceHandlerMapping'
2024-09-10T20:48:09.416+09:00 TRACE 86442 --- [learn-spring-boot] [           main] o.s.b.f.s.DefaultListableBeanFactory     : Returning cached instance of singleton bean 'mvcResourceUrlProvider'
2024-09-10T20:48:09.416+09:00 TRACE 86442 --- [learn-spring-boot] [           main] o.s.b.f.s.DefaultListableBeanFactory     : Returning cached instance of singleton bean 'defaultServletHandlerMapping'
2024-09-10T20:48:09.416+09:00 TRACE 86442 --- [learn-spring-boot] [           main] o.s.b.f.s.DefaultListableBeanFactory     : Returning cached instance of singleton bean 'requestMappingHandlerAdapter'
2024-09-10T20:48:09.416+09:00 TRACE 86442 --- [learn-spring-boot] [           main] o.s.b.f.s.DefaultListableBeanFactory     : Returning cached instance of singleton bean 'handlerFunctionAdapter'
2024-09-10T20:48:09.416+09:00 TRACE 86442 --- [learn-spring-boot] [           main] o.s.b.f.s.DefaultListableBeanFactory     : Returning cached instance of singleton bean 'mvcUriComponentsContributor'
2024-09-10T20:48:09.416+09:00 TRACE 86442 --- [learn-spring-boot] [           main] o.s.b.f.s.DefaultListableBeanFactory     : Returning cached instance of singleton bean 'httpRequestHandlerAdapter'
2024-09-10T20:48:09.416+09:00 TRACE 86442 --- [learn-spring-boot] [           main] o.s.b.f.s.DefaultListableBeanFactory     : Returning cached instance of singleton bean 'simpleControllerHandlerAdapter'
2024-09-10T20:48:09.416+09:00 TRACE 86442 --- [learn-spring-boot] [           main] o.s.b.f.s.DefaultListableBeanFactory     : Returning cached instance of singleton bean 'handlerExceptionResolver'
2024-09-10T20:48:09.416+09:00 TRACE 86442 --- [learn-spring-boot] [           main] o.s.b.f.s.DefaultListableBeanFactory     : Returning cached instance of singleton bean 'mvcViewResolver'
2024-09-10T20:48:09.416+09:00 TRACE 86442 --- [learn-spring-boot] [           main] o.s.b.f.s.DefaultListableBeanFactory     : Returning cached instance of singleton bean 'org.springframework.boot.autoconfigure.web.servlet.WebMvcAutoConfiguration$WebMvcAutoConfigurationAdapter'
2024-09-10T20:48:09.416+09:00 TRACE 86442 --- [learn-spring-boot] [           main] o.s.b.f.s.DefaultListableBeanFactory     : Returning cached instance of singleton bean 'defaultViewResolver'
2024-09-10T20:48:09.416+09:00 TRACE 86442 --- [learn-spring-boot] [           main] o.s.b.f.s.DefaultListableBeanFactory     : Returning cached instance of singleton bean 'viewResolver'
2024-09-10T20:48:09.416+09:00 TRACE 86442 --- [learn-spring-boot] [           main] o.s.b.f.s.DefaultListableBeanFactory     : Returning cached instance of singleton bean 'requestContextFilter'
2024-09-10T20:48:09.416+09:00 TRACE 86442 --- [learn-spring-boot] [           main] o.s.b.f.s.DefaultListableBeanFactory     : Returning cached instance of singleton bean 'org.springframework.boot.autoconfigure.web.servlet.WebMvcAutoConfiguration'
2024-09-10T20:48:09.416+09:00 TRACE 86442 --- [learn-spring-boot] [           main] o.s.b.f.s.DefaultListableBeanFactory     : Returning cached instance of singleton bean 'formContentFilter'
2024-09-10T20:48:09.416+09:00 TRACE 86442 --- [learn-spring-boot] [           main] o.s.b.f.s.DefaultListableBeanFactory     : Returning cached instance of singleton bean 'org.springframework.boot.autoconfigure.availability.ApplicationAvailabilityAutoConfiguration'
2024-09-10T20:48:09.416+09:00 TRACE 86442 --- [learn-spring-boot] [           main] o.s.b.f.s.DefaultListableBeanFactory     : Returning cached instance of singleton bean 'applicationAvailability'
2024-09-10T20:48:09.416+09:00 TRACE 86442 --- [learn-spring-boot] [           main] o.s.b.f.s.DefaultListableBeanFactory     : Returning cached instance of singleton bean 'org.springframework.boot.actuate.autoconfigure.availability.AvailabilityHealthContributorAutoConfiguration'
2024-09-10T20:48:09.416+09:00 TRACE 86442 --- [learn-spring-boot] [           main] o.s.b.f.s.DefaultListableBeanFactory     : Returning cached instance of singleton bean 'org.springframework.boot.autoconfigure.jackson.JacksonAutoConfiguration$Jackson2ObjectMapperBuilderCustomizerConfiguration'
2024-09-10T20:48:09.416+09:00 TRACE 86442 --- [learn-spring-boot] [           main] o.s.b.f.s.DefaultListableBeanFactory     : Returning cached instance of singleton bean 'standardJacksonObjectMapperBuilderCustomizer'
2024-09-10T20:48:09.416+09:00 TRACE 86442 --- [learn-spring-boot] [           main] o.s.b.f.s.DefaultListableBeanFactory     : Returning cached instance of singleton bean 'spring.jackson-org.springframework.boot.autoconfigure.jackson.JacksonProperties'
2024-09-10T20:48:09.416+09:00 TRACE 86442 --- [learn-spring-boot] [           main] o.s.b.f.s.DefaultListableBeanFactory     : Returning cached instance of singleton bean 'org.springframework.boot.autoconfigure.jackson.JacksonAutoConfiguration$JacksonObjectMapperBuilderConfiguration'
2024-09-10T20:48:09.416+09:00 TRACE 86442 --- [learn-spring-boot] [           main] o.s.b.f.s.DefaultListableBeanFactory     : Returning cached instance of singleton bean 'org.springframework.boot.autoconfigure.jackson.JacksonAutoConfiguration$ParameterNamesModuleConfiguration'
2024-09-10T20:48:09.416+09:00 TRACE 86442 --- [learn-spring-boot] [           main] o.s.b.f.s.DefaultListableBeanFactory     : Returning cached instance of singleton bean 'parameterNamesModule'
2024-09-10T20:48:09.416+09:00 TRACE 86442 --- [learn-spring-boot] [           main] o.s.b.f.s.DefaultListableBeanFactory     : Returning cached instance of singleton bean 'org.springframework.boot.autoconfigure.jackson.JacksonAutoConfiguration$JacksonObjectMapperConfiguration'
2024-09-10T20:48:09.416+09:00 TRACE 86442 --- [learn-spring-boot] [           main] o.s.b.f.s.DefaultListableBeanFactory     : Returning cached instance of singleton bean 'jacksonObjectMapper'
2024-09-10T20:48:09.416+09:00 TRACE 86442 --- [learn-spring-boot] [           main] o.s.b.f.s.DefaultListableBeanFactory     : Returning cached instance of singleton bean 'org.springframework.boot.autoconfigure.jackson.JacksonAutoConfiguration$JacksonMixinConfiguration'
2024-09-10T20:48:09.416+09:00 TRACE 86442 --- [learn-spring-boot] [           main] o.s.b.f.s.DefaultListableBeanFactory     : Returning cached instance of singleton bean 'jsonMixinModuleEntries'
2024-09-10T20:48:09.416+09:00 TRACE 86442 --- [learn-spring-boot] [           main] o.s.b.f.s.DefaultListableBeanFactory     : Returning cached instance of singleton bean 'jsonMixinModule'
2024-09-10T20:48:09.416+09:00 TRACE 86442 --- [learn-spring-boot] [           main] o.s.b.f.s.DefaultListableBeanFactory     : Returning cached instance of singleton bean 'org.springframework.boot.autoconfigure.jackson.JacksonAutoConfiguration'
2024-09-10T20:48:09.416+09:00 TRACE 86442 --- [learn-spring-boot] [           main] o.s.b.f.s.DefaultListableBeanFactory     : Returning cached instance of singleton bean 'jsonComponentModule'
2024-09-10T20:48:09.416+09:00 TRACE 86442 --- [learn-spring-boot] [           main] o.s.b.f.s.DefaultListableBeanFactory     : Returning cached instance of singleton bean 'org.springframework.boot.actuate.autoconfigure.health.HealthEndpointConfiguration'
2024-09-10T20:48:09.416+09:00 TRACE 86442 --- [learn-spring-boot] [           main] o.s.b.f.s.DefaultListableBeanFactory     : Returning cached instance of singleton bean 'healthStatusAggregator'
2024-09-10T20:48:09.416+09:00 TRACE 86442 --- [learn-spring-boot] [           main] o.s.b.f.s.DefaultListableBeanFactory     : Returning cached instance of singleton bean 'healthHttpCodeStatusMapper'
2024-09-10T20:48:09.416+09:00 TRACE 86442 --- [learn-spring-boot] [           main] o.s.b.f.s.DefaultListableBeanFactory     : Returning cached instance of singleton bean 'healthEndpointGroups'
2024-09-10T20:48:09.416+09:00 TRACE 86442 --- [learn-spring-boot] [           main] o.s.b.f.s.DefaultListableBeanFactory     : Returning cached instance of singleton bean 'healthContributorRegistry'
2024-09-10T20:48:09.416+09:00 TRACE 86442 --- [learn-spring-boot] [           main] o.s.b.f.s.DefaultListableBeanFactory     : Returning cached instance of singleton bean 'healthEndpointGroupMembershipValidator'
2024-09-10T20:48:09.416+09:00 TRACE 86442 --- [learn-spring-boot] [           main] o.s.b.f.s.DefaultListableBeanFactory     : Returning cached instance of singleton bean 'healthEndpoint'
2024-09-10T20:48:09.416+09:00 TRACE 86442 --- [learn-spring-boot] [           main] o.s.b.f.s.DefaultListableBeanFactory     : Returning cached instance of singleton bean 'healthEndpointGroupsBeanPostProcessor'
2024-09-10T20:48:09.416+09:00 TRACE 86442 --- [learn-spring-boot] [           main] o.s.b.f.s.DefaultListableBeanFactory     : Returning cached instance of singleton bean 'org.springframework.boot.actuate.autoconfigure.health.HealthEndpointWebExtensionConfiguration$MvcAdditionalHealthEndpointPathsConfiguration'
2024-09-10T20:48:09.416+09:00 TRACE 86442 --- [learn-spring-boot] [           main] o.s.b.f.s.DefaultListableBeanFactory     : Returning cached instance of singleton bean 'healthEndpointWebMvcHandlerMapping'
2024-09-10T20:48:09.416+09:00 TRACE 86442 --- [learn-spring-boot] [           main] o.s.b.f.s.DefaultListableBeanFactory     : Returning cached instance of singleton bean 'org.springframework.boot.actuate.autoconfigure.health.HealthEndpointWebExtensionConfiguration'
2024-09-10T20:48:09.416+09:00 TRACE 86442 --- [learn-spring-boot] [           main] o.s.b.f.s.DefaultListableBeanFactory     : Returning cached instance of singleton bean 'healthEndpointWebExtension'
2024-09-10T20:48:09.416+09:00 TRACE 86442 --- [learn-spring-boot] [           main] o.s.b.f.s.DefaultListableBeanFactory     : Returning cached instance of singleton bean 'org.springframework.boot.actuate.autoconfigure.health.HealthEndpointAutoConfiguration'
2024-09-10T20:48:09.416+09:00 TRACE 86442 --- [learn-spring-boot] [           main] o.s.b.f.s.DefaultListableBeanFactory     : Returning cached instance of singleton bean 'management.endpoint.health-org.springframework.boot.actuate.autoconfigure.health.HealthEndpointProperties'
2024-09-10T20:48:09.416+09:00 TRACE 86442 --- [learn-spring-boot] [           main] o.s.b.f.s.DefaultListableBeanFactory     : Returning cached instance of singleton bean 'org.springframework.boot.autoconfigure.info.ProjectInfoAutoConfiguration'
2024-09-10T20:48:09.416+09:00 TRACE 86442 --- [learn-spring-boot] [           main] o.s.b.f.s.DefaultListableBeanFactory     : Returning cached instance of singleton bean 'spring.info-org.springframework.boot.autoconfigure.info.ProjectInfoProperties'
2024-09-10T20:48:09.416+09:00 TRACE 86442 --- [learn-spring-boot] [           main] o.s.b.f.s.DefaultListableBeanFactory     : Returning cached instance of singleton bean 'org.springframework.boot.actuate.autoconfigure.info.InfoContributorAutoConfiguration'
2024-09-10T20:48:09.416+09:00 TRACE 86442 --- [learn-spring-boot] [           main] o.s.b.f.s.DefaultListableBeanFactory     : Returning cached instance of singleton bean 'management.health.ssl-org.springframework.boot.actuate.autoconfigure.ssl.SslHealthIndicatorProperties'
2024-09-10T20:48:09.416+09:00 TRACE 86442 --- [learn-spring-boot] [           main] o.s.b.f.s.DefaultListableBeanFactory     : Returning cached instance of singleton bean 'management.info-org.springframework.boot.actuate.autoconfigure.info.InfoContributorProperties'
2024-09-10T20:48:09.417+09:00 TRACE 86442 --- [learn-spring-boot] [           main] o.s.b.f.s.DefaultListableBeanFactory     : Returning cached instance of singleton bean 'org.springframework.boot.actuate.autoconfigure.web.servlet.ServletManagementContextAutoConfiguration'
2024-09-10T20:48:09.417+09:00 TRACE 86442 --- [learn-spring-boot] [           main] o.s.b.f.s.DefaultListableBeanFactory     : Returning cached instance of singleton bean 'servletWebChildContextFactory'
2024-09-10T20:48:09.417+09:00 TRACE 86442 --- [learn-spring-boot] [           main] o.s.b.f.s.DefaultListableBeanFactory     : Returning cached instance of singleton bean 'managementServletContext'
2024-09-10T20:48:09.417+09:00 TRACE 86442 --- [learn-spring-boot] [           main] o.s.b.f.s.DefaultListableBeanFactory     : Returning cached instance of singleton bean 'org.springframework.boot.actuate.autoconfigure.endpoint.EndpointAutoConfiguration'
2024-09-10T20:48:09.417+09:00 TRACE 86442 --- [learn-spring-boot] [           main] o.s.b.f.s.DefaultListableBeanFactory     : Returning cached instance of singleton bean 'endpointOperationParameterMapper'
2024-09-10T20:48:09.417+09:00 TRACE 86442 --- [learn-spring-boot] [           main] o.s.b.f.s.DefaultListableBeanFactory     : Returning cached instance of singleton bean 'endpointCachingOperationInvokerAdvisor'
2024-09-10T20:48:09.417+09:00 TRACE 86442 --- [learn-spring-boot] [           main] o.s.b.f.s.DefaultListableBeanFactory     : Returning cached instance of singleton bean 'org.springframework.boot.actuate.autoconfigure.endpoint.jackson.JacksonEndpointAutoConfiguration'
2024-09-10T20:48:09.417+09:00 TRACE 86442 --- [learn-spring-boot] [           main] o.s.b.f.s.DefaultListableBeanFactory     : Returning cached instance of singleton bean 'endpointObjectMapper'
2024-09-10T20:48:09.417+09:00 TRACE 86442 --- [learn-spring-boot] [           main] o.s.b.f.s.DefaultListableBeanFactory     : Returning cached instance of singleton bean 'org.springframework.boot.actuate.autoconfigure.endpoint.web.WebEndpointAutoConfiguration$WebEndpointServletConfiguration'
2024-09-10T20:48:09.417+09:00 TRACE 86442 --- [learn-spring-boot] [           main] o.s.b.f.s.DefaultListableBeanFactory     : Returning cached instance of singleton bean 'servletEndpointDiscoverer'
2024-09-10T20:48:09.417+09:00 TRACE 86442 --- [learn-spring-boot] [           main] o.s.b.f.s.DefaultListableBeanFactory     : Returning cached instance of singleton bean 'org.springframework.boot.actuate.autoconfigure.endpoint.web.WebEndpointAutoConfiguration'
2024-09-10T20:48:09.417+09:00 TRACE 86442 --- [learn-spring-boot] [           main] o.s.b.f.s.DefaultListableBeanFactory     : Returning cached instance of singleton bean 'webEndpointPathMapper'
2024-09-10T20:48:09.417+09:00 TRACE 86442 --- [learn-spring-boot] [           main] o.s.b.f.s.DefaultListableBeanFactory     : Returning cached instance of singleton bean 'endpointMediaTypes'
2024-09-10T20:48:09.417+09:00 TRACE 86442 --- [learn-spring-boot] [           main] o.s.b.f.s.DefaultListableBeanFactory     : Returning cached instance of singleton bean 'webEndpointDiscoverer'
2024-09-10T20:48:09.417+09:00 TRACE 86442 --- [learn-spring-boot] [           main] o.s.b.f.s.DefaultListableBeanFactory     : Returning cached instance of singleton bean 'controllerEndpointDiscoverer'
2024-09-10T20:48:09.417+09:00 TRACE 86442 --- [learn-spring-boot] [           main] o.s.b.f.s.DefaultListableBeanFactory     : Returning cached instance of singleton bean 'pathMappedEndpoints'
2024-09-10T20:48:09.417+09:00 TRACE 86442 --- [learn-spring-boot] [           main] o.s.b.f.s.DefaultListableBeanFactory     : Returning cached instance of singleton bean 'webExposeExcludePropertyEndpointFilter'
2024-09-10T20:48:09.417+09:00 TRACE 86442 --- [learn-spring-boot] [           main] o.s.b.f.s.DefaultListableBeanFactory     : Returning cached instance of singleton bean 'controllerExposeExcludePropertyEndpointFilter'
2024-09-10T20:48:09.417+09:00 TRACE 86442 --- [learn-spring-boot] [           main] o.s.b.f.s.DefaultListableBeanFactory     : Returning cached instance of singleton bean 'management.endpoints.web-org.springframework.boot.actuate.autoconfigure.endpoint.web.WebEndpointProperties'
2024-09-10T20:48:09.417+09:00 TRACE 86442 --- [learn-spring-boot] [           main] o.s.b.f.s.DefaultListableBeanFactory     : Returning cached instance of singleton bean 'org.springframework.boot.actuate.autoconfigure.ssl.SslHealthContributorAutoConfiguration'
2024-09-10T20:48:09.417+09:00 TRACE 86442 --- [learn-spring-boot] [           main] o.s.b.f.s.DefaultListableBeanFactory     : Returning cached instance of singleton bean 'sslHealthIndicator'
2024-09-10T20:48:09.417+09:00 TRACE 86442 --- [learn-spring-boot] [           main] o.s.b.f.s.DefaultListableBeanFactory     : Returning cached instance of singleton bean 'sslInfo'
2024-09-10T20:48:09.417+09:00 TRACE 86442 --- [learn-spring-boot] [           main] o.s.b.f.s.DefaultListableBeanFactory     : Returning cached instance of singleton bean 'org.springframework.boot.actuate.autoconfigure.system.DiskSpaceHealthContributorAutoConfiguration'
2024-09-10T20:48:09.417+09:00 TRACE 86442 --- [learn-spring-boot] [           main] o.s.b.f.s.DefaultListableBeanFactory     : Returning cached instance of singleton bean 'diskSpaceHealthIndicator'
2024-09-10T20:48:09.417+09:00 TRACE 86442 --- [learn-spring-boot] [           main] o.s.b.f.s.DefaultListableBeanFactory     : Returning cached instance of singleton bean 'management.health.diskspace-org.springframework.boot.actuate.autoconfigure.system.DiskSpaceHealthIndicatorProperties'
2024-09-10T20:48:09.417+09:00 TRACE 86442 --- [learn-spring-boot] [           main] o.s.b.f.s.DefaultListableBeanFactory     : Returning cached instance of singleton bean 'org.springframework.boot.actuate.autoconfigure.health.HealthContributorAutoConfiguration'
2024-09-10T20:48:09.417+09:00 TRACE 86442 --- [learn-spring-boot] [           main] o.s.b.f.s.DefaultListableBeanFactory     : Returning cached instance of singleton bean 'pingHealthContributor'
2024-09-10T20:48:09.417+09:00 TRACE 86442 --- [learn-spring-boot] [           main] o.s.b.f.s.DefaultListableBeanFactory     : Returning cached instance of singleton bean 'org.springframework.boot.actuate.autoconfigure.metrics.MetricsAutoConfiguration'
2024-09-10T20:48:09.417+09:00 TRACE 86442 --- [learn-spring-boot] [           main] o.s.b.f.s.DefaultListableBeanFactory     : Returning cached instance of singleton bean 'micrometerClock'
2024-09-10T20:48:09.417+09:00 TRACE 86442 --- [learn-spring-boot] [           main] o.s.b.f.s.DefaultListableBeanFactory     : Returning cached instance of singleton bean 'meterRegistryPostProcessor'
2024-09-10T20:48:09.417+09:00 TRACE 86442 --- [learn-spring-boot] [           main] o.s.b.f.s.DefaultListableBeanFactory     : Returning cached instance of singleton bean 'propertiesMeterFilter'
2024-09-10T20:48:09.417+09:00 TRACE 86442 --- [learn-spring-boot] [           main] o.s.b.f.s.DefaultListableBeanFactory     : Returning cached instance of singleton bean 'meterRegistryCloser'
2024-09-10T20:48:09.417+09:00 TRACE 86442 --- [learn-spring-boot] [           main] o.s.b.f.s.DefaultListableBeanFactory     : Returning cached instance of singleton bean 'management.metrics-org.springframework.boot.actuate.autoconfigure.metrics.MetricsProperties'
2024-09-10T20:48:09.417+09:00 TRACE 86442 --- [learn-spring-boot] [           main] o.s.b.f.s.DefaultListableBeanFactory     : Returning cached instance of singleton bean 'org.springframework.boot.actuate.autoconfigure.metrics.export.simple.SimpleMetricsExportAutoConfiguration'
2024-09-10T20:48:09.417+09:00 TRACE 86442 --- [learn-spring-boot] [           main] o.s.b.f.s.DefaultListableBeanFactory     : Returning cached instance of singleton bean 'simpleMeterRegistry'
2024-09-10T20:48:09.417+09:00 TRACE 86442 --- [learn-spring-boot] [           main] o.s.b.f.s.DefaultListableBeanFactory     : Returning cached instance of singleton bean 'simpleConfig'
2024-09-10T20:48:09.417+09:00 TRACE 86442 --- [learn-spring-boot] [           main] o.s.b.f.s.DefaultListableBeanFactory     : Returning cached instance of singleton bean 'management.simple.metrics.export-org.springframework.boot.actuate.autoconfigure.metrics.export.simple.SimpleProperties'
2024-09-10T20:48:09.417+09:00 TRACE 86442 --- [learn-spring-boot] [           main] o.s.b.f.s.DefaultListableBeanFactory     : Returning cached instance of singleton bean 'org.springframework.boot.actuate.autoconfigure.metrics.CompositeMeterRegistryAutoConfiguration'
2024-09-10T20:48:09.417+09:00 TRACE 86442 --- [learn-spring-boot] [           main] o.s.b.f.s.DefaultListableBeanFactory     : Returning cached instance of singleton bean 'org.springframework.boot.actuate.autoconfigure.metrics.JvmMetricsAutoConfiguration'
2024-09-10T20:48:09.417+09:00 TRACE 86442 --- [learn-spring-boot] [           main] o.s.b.f.s.DefaultListableBeanFactory     : Returning cached instance of singleton bean 'jvmGcMetrics'
2024-09-10T20:48:09.417+09:00 TRACE 86442 --- [learn-spring-boot] [           main] o.s.b.f.s.DefaultListableBeanFactory     : Returning cached instance of singleton bean 'jvmHeapPressureMetrics'
2024-09-10T20:48:09.417+09:00 TRACE 86442 --- [learn-spring-boot] [           main] o.s.b.f.s.DefaultListableBeanFactory     : Returning cached instance of singleton bean 'jvmMemoryMetrics'
2024-09-10T20:48:09.417+09:00 TRACE 86442 --- [learn-spring-boot] [           main] o.s.b.f.s.DefaultListableBeanFactory     : Returning cached instance of singleton bean 'jvmThreadMetrics'
2024-09-10T20:48:09.417+09:00 TRACE 86442 --- [learn-spring-boot] [           main] o.s.b.f.s.DefaultListableBeanFactory     : Returning cached instance of singleton bean 'classLoaderMetrics'
2024-09-10T20:48:09.417+09:00 TRACE 86442 --- [learn-spring-boot] [           main] o.s.b.f.s.DefaultListableBeanFactory     : Returning cached instance of singleton bean 'jvmInfoMetrics'
2024-09-10T20:48:09.417+09:00 TRACE 86442 --- [learn-spring-boot] [           main] o.s.b.f.s.DefaultListableBeanFactory     : Returning cached instance of singleton bean 'jvmCompilationMetrics'
2024-09-10T20:48:09.417+09:00 TRACE 86442 --- [learn-spring-boot] [           main] o.s.b.f.s.DefaultListableBeanFactory     : Returning cached instance of singleton bean 'org.springframework.boot.actuate.autoconfigure.metrics.LogbackMetricsAutoConfiguration'
2024-09-10T20:48:09.417+09:00 TRACE 86442 --- [learn-spring-boot] [           main] o.s.b.f.s.DefaultListableBeanFactory     : Returning cached instance of singleton bean 'logbackMetrics'
2024-09-10T20:48:09.417+09:00 TRACE 86442 --- [learn-spring-boot] [           main] o.s.b.f.s.DefaultListableBeanFactory     : Returning cached instance of singleton bean 'org.springframework.boot.actuate.autoconfigure.metrics.SystemMetricsAutoConfiguration'
2024-09-10T20:48:09.417+09:00 TRACE 86442 --- [learn-spring-boot] [           main] o.s.b.f.s.DefaultListableBeanFactory     : Returning cached instance of singleton bean 'uptimeMetrics'
2024-09-10T20:48:09.417+09:00 TRACE 86442 --- [learn-spring-boot] [           main] o.s.b.f.s.DefaultListableBeanFactory     : Returning cached instance of singleton bean 'processorMetrics'
2024-09-10T20:48:09.417+09:00 TRACE 86442 --- [learn-spring-boot] [           main] o.s.b.f.s.DefaultListableBeanFactory     : Returning cached instance of singleton bean 'fileDescriptorMetrics'
2024-09-10T20:48:09.417+09:00 TRACE 86442 --- [learn-spring-boot] [           main] o.s.b.f.s.DefaultListableBeanFactory     : Returning cached instance of singleton bean 'diskSpaceMetrics'
2024-09-10T20:48:09.417+09:00 TRACE 86442 --- [learn-spring-boot] [           main] o.s.b.f.s.DefaultListableBeanFactory     : Returning cached instance of singleton bean 'org.springframework.boot.actuate.autoconfigure.metrics.integration.IntegrationMetricsAutoConfiguration'
2024-09-10T20:48:09.417+09:00 TRACE 86442 --- [learn-spring-boot] [           main] o.s.b.f.s.DefaultListableBeanFactory     : Returning cached instance of singleton bean 'org.springframework.boot.actuate.autoconfigure.metrics.startup.StartupTimeMetricsListenerAutoConfiguration'
2024-09-10T20:48:09.417+09:00 TRACE 86442 --- [learn-spring-boot] [           main] o.s.b.f.s.DefaultListableBeanFactory     : Returning cached instance of singleton bean 'startupTimeMetrics'
2024-09-10T20:48:09.417+09:00 TRACE 86442 --- [learn-spring-boot] [           main] o.s.b.f.s.DefaultListableBeanFactory     : Returning cached instance of singleton bean 'org.springframework.boot.autoconfigure.task.TaskSchedulingConfigurations$ThreadPoolTaskSchedulerBuilderConfiguration'
2024-09-10T20:48:09.417+09:00 TRACE 86442 --- [learn-spring-boot] [           main] o.s.b.f.s.DefaultListableBeanFactory     : Returning cached instance of singleton bean 'threadPoolTaskSchedulerBuilder'
2024-09-10T20:48:09.417+09:00 TRACE 86442 --- [learn-spring-boot] [           main] o.s.b.f.s.DefaultListableBeanFactory     : Returning cached instance of singleton bean 'org.springframework.boot.autoconfigure.task.TaskSchedulingConfigurations$SimpleAsyncTaskSchedulerBuilderConfiguration'
2024-09-10T20:48:09.417+09:00 TRACE 86442 --- [learn-spring-boot] [           main] o.s.b.f.s.DefaultListableBeanFactory     : Returning cached instance of singleton bean 'simpleAsyncTaskSchedulerBuilder'
2024-09-10T20:48:09.417+09:00 TRACE 86442 --- [learn-spring-boot] [           main] o.s.b.f.s.DefaultListableBeanFactory     : Returning cached instance of singleton bean 'org.springframework.boot.autoconfigure.task.TaskSchedulingAutoConfiguration'
2024-09-10T20:48:09.417+09:00 TRACE 86442 --- [learn-spring-boot] [           main] o.s.b.f.s.DefaultListableBeanFactory     : Returning cached instance of singleton bean 'spring.task.scheduling-org.springframework.boot.autoconfigure.task.TaskSchedulingProperties'
2024-09-10T20:48:09.417+09:00 TRACE 86442 --- [learn-spring-boot] [           main] o.s.b.f.s.DefaultListableBeanFactory     : Returning cached instance of singleton bean 'org.springframework.boot.actuate.autoconfigure.metrics.task.TaskExecutorMetricsAutoConfiguration'
2024-09-10T20:48:09.417+09:00 TRACE 86442 --- [learn-spring-boot] [           main] o.s.b.f.s.DefaultListableBeanFactory     : Returning cached instance of singleton bean 'eagerTaskExecutorMetrics'
2024-09-10T20:48:09.417+09:00 TRACE 86442 --- [learn-spring-boot] [           main] o.s.b.f.s.DefaultListableBeanFactory     : Returning cached instance of singleton bean 'org.springframework.boot.actuate.autoconfigure.metrics.web.tomcat.TomcatMetricsAutoConfiguration'
2024-09-10T20:48:09.417+09:00 TRACE 86442 --- [learn-spring-boot] [           main] o.s.b.f.s.DefaultListableBeanFactory     : Returning cached instance of singleton bean 'tomcatMetricsBinder'
2024-09-10T20:48:09.417+09:00 TRACE 86442 --- [learn-spring-boot] [           main] o.s.b.f.s.DefaultListableBeanFactory     : Returning cached instance of singleton bean 'org.springframework.boot.actuate.autoconfigure.observation.ObservationAutoConfiguration$MeterObservationHandlerConfiguration$OnlyMetricsMeterObservationHandlerConfiguration'
2024-09-10T20:48:09.417+09:00 TRACE 86442 --- [learn-spring-boot] [           main] o.s.b.f.s.DefaultListableBeanFactory     : Returning cached instance of singleton bean 'defaultMeterObservationHandler'
2024-09-10T20:48:09.417+09:00 TRACE 86442 --- [learn-spring-boot] [           main] o.s.b.f.s.DefaultListableBeanFactory     : Returning cached instance of singleton bean 'org.springframework.boot.actuate.autoconfigure.observation.ObservationAutoConfiguration$MeterObservationHandlerConfiguration'
2024-09-10T20:48:09.417+09:00 TRACE 86442 --- [learn-spring-boot] [           main] o.s.b.f.s.DefaultListableBeanFactory     : Returning cached instance of singleton bean 'org.springframework.boot.actuate.autoconfigure.observation.ObservationAutoConfiguration$OnlyMetricsConfiguration'
2024-09-10T20:48:09.417+09:00 TRACE 86442 --- [learn-spring-boot] [           main] o.s.b.f.s.DefaultListableBeanFactory     : Returning cached instance of singleton bean 'metricsObservationHandlerGrouping'
2024-09-10T20:48:09.417+09:00 TRACE 86442 --- [learn-spring-boot] [           main] o.s.b.f.s.DefaultListableBeanFactory     : Returning cached instance of singleton bean 'org.springframework.boot.actuate.autoconfigure.observation.ObservationAutoConfiguration'
2024-09-10T20:48:09.417+09:00 TRACE 86442 --- [learn-spring-boot] [           main] o.s.b.f.s.DefaultListableBeanFactory     : Returning cached instance of singleton bean 'observationRegistryPostProcessor'
2024-09-10T20:48:09.417+09:00 TRACE 86442 --- [learn-spring-boot] [           main] o.s.b.f.s.DefaultListableBeanFactory     : Returning cached instance of singleton bean 'observationRegistry'
2024-09-10T20:48:09.417+09:00 TRACE 86442 --- [learn-spring-boot] [           main] o.s.b.f.s.DefaultListableBeanFactory     : Returning cached instance of singleton bean 'propertiesObservationFilter'
2024-09-10T20:48:09.417+09:00 TRACE 86442 --- [learn-spring-boot] [           main] o.s.b.f.s.DefaultListableBeanFactory     : Returning cached instance of singleton bean 'management.observations-org.springframework.boot.actuate.autoconfigure.observation.ObservationProperties'
2024-09-10T20:48:09.417+09:00 TRACE 86442 --- [learn-spring-boot] [           main] o.s.b.f.s.DefaultListableBeanFactory     : Returning cached instance of singleton bean 'org.springframework.boot.autoconfigure.http.HttpMessageConvertersAutoConfiguration$StringHttpMessageConverterConfiguration'
2024-09-10T20:48:09.417+09:00 TRACE 86442 --- [learn-spring-boot] [           main] o.s.b.f.s.DefaultListableBeanFactory     : Returning cached instance of singleton bean 'stringHttpMessageConverter'
2024-09-10T20:48:09.417+09:00 TRACE 86442 --- [learn-spring-boot] [           main] o.s.b.f.s.DefaultListableBeanFactory     : Returning cached instance of singleton bean 'org.springframework.boot.autoconfigure.http.JacksonHttpMessageConvertersConfiguration$MappingJackson2HttpMessageConverterConfiguration'
2024-09-10T20:48:09.417+09:00 TRACE 86442 --- [learn-spring-boot] [           main] o.s.b.f.s.DefaultListableBeanFactory     : Returning cached instance of singleton bean 'mappingJackson2HttpMessageConverter'
2024-09-10T20:48:09.417+09:00 TRACE 86442 --- [learn-spring-boot] [           main] o.s.b.f.s.DefaultListableBeanFactory     : Returning cached instance of singleton bean 'org.springframework.boot.autoconfigure.http.JacksonHttpMessageConvertersConfiguration'
2024-09-10T20:48:09.417+09:00 TRACE 86442 --- [learn-spring-boot] [           main] o.s.b.f.s.DefaultListableBeanFactory     : Returning cached instance of singleton bean 'org.springframework.boot.autoconfigure.http.HttpMessageConvertersAutoConfiguration'
2024-09-10T20:48:09.417+09:00 TRACE 86442 --- [learn-spring-boot] [           main] o.s.b.f.s.DefaultListableBeanFactory     : Returning cached instance of singleton bean 'messageConverters'
2024-09-10T20:48:09.417+09:00 TRACE 86442 --- [learn-spring-boot] [           main] o.s.b.f.s.DefaultListableBeanFactory     : Returning cached instance of singleton bean 'org.springframework.boot.autoconfigure.web.client.RestClientAutoConfiguration'
2024-09-10T20:48:09.417+09:00 TRACE 86442 --- [learn-spring-boot] [           main] o.s.b.f.s.DefaultListableBeanFactory     : Returning cached instance of singleton bean 'httpMessageConvertersRestClientCustomizer'
2024-09-10T20:48:09.417+09:00 TRACE 86442 --- [learn-spring-boot] [           main] o.s.b.f.s.DefaultListableBeanFactory     : Returning cached instance of singleton bean 'restClientSsl'
2024-09-10T20:48:09.417+09:00 TRACE 86442 --- [learn-spring-boot] [           main] o.s.b.f.s.DefaultListableBeanFactory     : Returning cached instance of singleton bean 'restClientBuilderConfigurer'
2024-09-10T20:48:09.417+09:00 TRACE 86442 --- [learn-spring-boot] [           main] o.s.b.f.s.DefaultListableBeanFactory     : Returning cached instance of singleton bean 'org.springframework.boot.autoconfigure.web.client.RestTemplateAutoConfiguration'
2024-09-10T20:48:09.417+09:00 TRACE 86442 --- [learn-spring-boot] [           main] o.s.b.f.s.DefaultListableBeanFactory     : Returning cached instance of singleton bean 'org.springframework.boot.actuate.autoconfigure.observation.web.client.HttpClientObservationsAutoConfiguration$MeterFilterConfiguration'
2024-09-10T20:48:09.417+09:00 TRACE 86442 --- [learn-spring-boot] [           main] o.s.b.f.s.DefaultListableBeanFactory     : Returning cached instance of singleton bean 'metricsHttpClientUriTagFilter'
2024-09-10T20:48:09.417+09:00 TRACE 86442 --- [learn-spring-boot] [           main] o.s.b.f.s.DefaultListableBeanFactory     : Returning cached instance of singleton bean 'org.springframework.boot.actuate.autoconfigure.observation.web.client.RestTemplateObservationConfiguration'
2024-09-10T20:48:09.417+09:00 TRACE 86442 --- [learn-spring-boot] [           main] o.s.b.f.s.DefaultListableBeanFactory     : Returning cached instance of singleton bean 'observationRestTemplateCustomizer'
2024-09-10T20:48:09.417+09:00 TRACE 86442 --- [learn-spring-boot] [           main] o.s.b.f.s.DefaultListableBeanFactory     : Returning cached instance of singleton bean 'org.springframework.boot.actuate.autoconfigure.observation.web.client.RestClientObservationConfiguration'
2024-09-10T20:48:09.417+09:00 TRACE 86442 --- [learn-spring-boot] [           main] o.s.b.f.s.DefaultListableBeanFactory     : Returning cached instance of singleton bean 'observationRestClientCustomizer'
2024-09-10T20:48:09.417+09:00 TRACE 86442 --- [learn-spring-boot] [           main] o.s.b.f.s.DefaultListableBeanFactory     : Returning cached instance of singleton bean 'org.springframework.boot.actuate.autoconfigure.observation.web.client.HttpClientObservationsAutoConfiguration'
2024-09-10T20:48:09.417+09:00 TRACE 86442 --- [learn-spring-boot] [           main] o.s.b.f.s.DefaultListableBeanFactory     : Returning cached instance of singleton bean 'org.springframework.boot.actuate.autoconfigure.observation.web.servlet.WebMvcObservationAutoConfiguration$MeterFilterConfiguration'
2024-09-10T20:48:09.417+09:00 TRACE 86442 --- [learn-spring-boot] [           main] o.s.b.f.s.DefaultListableBeanFactory     : Returning cached instance of singleton bean 'metricsHttpServerUriTagFilter'
2024-09-10T20:48:09.417+09:00 TRACE 86442 --- [learn-spring-boot] [           main] o.s.b.f.s.DefaultListableBeanFactory     : Returning cached instance of singleton bean 'org.springframework.boot.actuate.autoconfigure.observation.web.servlet.WebMvcObservationAutoConfiguration'
2024-09-10T20:48:09.417+09:00 TRACE 86442 --- [learn-spring-boot] [           main] o.s.b.f.s.DefaultListableBeanFactory     : Returning cached instance of singleton bean 'webMvcObservationFilter'
2024-09-10T20:48:09.417+09:00 TRACE 86442 --- [learn-spring-boot] [           main] o.s.b.f.s.DefaultListableBeanFactory     : Returning cached instance of singleton bean 'org.springframework.boot.actuate.autoconfigure.scheduling.ScheduledTasksObservabilityAutoConfiguration'
2024-09-10T20:48:09.417+09:00 TRACE 86442 --- [learn-spring-boot] [           main] o.s.b.f.s.DefaultListableBeanFactory     : Returning cached instance of singleton bean 'observabilitySchedulingConfigurer'
2024-09-10T20:48:09.417+09:00 TRACE 86442 --- [learn-spring-boot] [           main] o.s.b.f.s.DefaultListableBeanFactory     : Returning cached instance of singleton bean 'org.springframework.boot.autoconfigure.aop.AopAutoConfiguration$ClassProxyingConfiguration'
2024-09-10T20:48:09.417+09:00 TRACE 86442 --- [learn-spring-boot] [           main] o.s.b.f.s.DefaultListableBeanFactory     : Returning cached instance of singleton bean 'forceAutoProxyCreatorToUseClassProxying'
2024-09-10T20:48:09.417+09:00 TRACE 86442 --- [learn-spring-boot] [           main] o.s.b.f.s.DefaultListableBeanFactory     : Returning cached instance of singleton bean 'org.springframework.boot.autoconfigure.aop.AopAutoConfiguration'
2024-09-10T20:48:09.417+09:00 TRACE 86442 --- [learn-spring-boot] [           main] o.s.b.f.s.DefaultListableBeanFactory     : Returning cached instance of singleton bean 'org.springframework.boot.autoconfigure.context.ConfigurationPropertiesAutoConfiguration'
2024-09-10T20:48:09.417+09:00 TRACE 86442 --- [learn-spring-boot] [           main] o.s.b.f.s.DefaultListableBeanFactory     : Returning cached instance of singleton bean 'org.springframework.boot.autoconfigure.context.LifecycleAutoConfiguration'
2024-09-10T20:48:09.417+09:00 TRACE 86442 --- [learn-spring-boot] [           main] o.s.b.f.s.DefaultListableBeanFactory     : Returning cached instance of singleton bean 'lifecycleProcessor'
2024-09-10T20:48:09.417+09:00 TRACE 86442 --- [learn-spring-boot] [           main] o.s.b.f.s.DefaultListableBeanFactory     : Returning cached instance of singleton bean 'spring.lifecycle-org.springframework.boot.autoconfigure.context.LifecycleProperties'
2024-09-10T20:48:09.417+09:00 TRACE 86442 --- [learn-spring-boot] [           main] o.s.b.f.s.DefaultListableBeanFactory     : Returning cached instance of singleton bean 'org.springframework.boot.autoconfigure.sql.init.SqlInitializationAutoConfiguration'
2024-09-10T20:48:09.417+09:00 TRACE 86442 --- [learn-spring-boot] [           main] o.s.b.f.s.DefaultListableBeanFactory     : Returning cached instance of singleton bean 'spring.sql.init-org.springframework.boot.autoconfigure.sql.init.SqlInitializationProperties'
2024-09-10T20:48:09.417+09:00 TRACE 86442 --- [learn-spring-boot] [           main] o.s.b.f.s.DefaultListableBeanFactory     : Returning cached instance of singleton bean 'org.springframework.boot.sql.init.dependency.DatabaseInitializationDependencyConfigurer$DependsOnDatabaseInitializationPostProcessor'
2024-09-10T20:48:09.417+09:00 TRACE 86442 --- [learn-spring-boot] [           main] o.s.b.f.s.DefaultListableBeanFactory     : Returning cached instance of singleton bean 'org.springframework.boot.autoconfigure.web.servlet.HttpEncodingAutoConfiguration'
2024-09-10T20:48:09.417+09:00 TRACE 86442 --- [learn-spring-boot] [           main] o.s.b.f.s.DefaultListableBeanFactory     : Returning cached instance of singleton bean 'characterEncodingFilter'
2024-09-10T20:48:09.417+09:00 TRACE 86442 --- [learn-spring-boot] [           main] o.s.b.f.s.DefaultListableBeanFactory     : Returning cached instance of singleton bean 'localeCharsetMappingsCustomizer'
2024-09-10T20:48:09.417+09:00 TRACE 86442 --- [learn-spring-boot] [           main] o.s.b.f.s.DefaultListableBeanFactory     : Returning cached instance of singleton bean 'org.springframework.boot.autoconfigure.web.servlet.MultipartAutoConfiguration'
2024-09-10T20:48:09.417+09:00 TRACE 86442 --- [learn-spring-boot] [           main] o.s.b.f.s.DefaultListableBeanFactory     : Returning cached instance of singleton bean 'multipartConfigElement'
2024-09-10T20:48:09.417+09:00 TRACE 86442 --- [learn-spring-boot] [           main] o.s.b.f.s.DefaultListableBeanFactory     : Returning cached instance of singleton bean 'multipartResolver'
2024-09-10T20:48:09.417+09:00 TRACE 86442 --- [learn-spring-boot] [           main] o.s.b.f.s.DefaultListableBeanFactory     : Returning cached instance of singleton bean 'spring.servlet.multipart-org.springframework.boot.autoconfigure.web.servlet.MultipartProperties'
2024-09-10T20:48:09.417+09:00 TRACE 86442 --- [learn-spring-boot] [           main] o.s.b.f.s.DefaultListableBeanFactory     : Returning cached instance of singleton bean 'org.springframework.boot.actuate.autoconfigure.endpoint.web.ServletEndpointManagementContextConfiguration$WebMvcServletEndpointManagementContextConfiguration'
2024-09-10T20:48:09.417+09:00 TRACE 86442 --- [learn-spring-boot] [           main] o.s.b.f.s.DefaultListableBeanFactory     : Returning cached instance of singleton bean 'servletEndpointRegistrar'
2024-09-10T20:48:09.417+09:00 TRACE 86442 --- [learn-spring-boot] [           main] o.s.b.f.s.DefaultListableBeanFactory     : Returning cached instance of singleton bean 'org.springframework.boot.actuate.autoconfigure.endpoint.web.ServletEndpointManagementContextConfiguration'
2024-09-10T20:48:09.417+09:00 TRACE 86442 --- [learn-spring-boot] [           main] o.s.b.f.s.DefaultListableBeanFactory     : Returning cached instance of singleton bean 'servletExposeExcludePropertyEndpointFilter'
2024-09-10T20:48:09.417+09:00 TRACE 86442 --- [learn-spring-boot] [           main] o.s.b.f.s.DefaultListableBeanFactory     : Returning cached instance of singleton bean 'org.springframework.boot.actuate.autoconfigure.endpoint.web.servlet.WebMvcEndpointManagementContextConfiguration'
2024-09-10T20:48:09.417+09:00 TRACE 86442 --- [learn-spring-boot] [           main] o.s.b.f.s.DefaultListableBeanFactory     : Returning cached instance of singleton bean 'webEndpointServletHandlerMapping'
2024-09-10T20:48:09.417+09:00 TRACE 86442 --- [learn-spring-boot] [           main] o.s.b.f.s.DefaultListableBeanFactory     : Returning cached instance of singleton bean 'controllerEndpointHandlerMapping'
2024-09-10T20:48:09.417+09:00 TRACE 86442 --- [learn-spring-boot] [           main] o.s.b.f.s.DefaultListableBeanFactory     : Returning cached instance of singleton bean 'endpointObjectMapperWebMvcConfigurer'
2024-09-10T20:48:09.417+09:00 TRACE 86442 --- [learn-spring-boot] [           main] o.s.b.f.s.DefaultListableBeanFactory     : Returning cached instance of singleton bean 'management.endpoints.web.cors-org.springframework.boot.actuate.autoconfigure.endpoint.web.CorsEndpointProperties'
2024-09-10T20:48:09.417+09:00 TRACE 86442 --- [learn-spring-boot] [           main] o.s.b.f.s.DefaultListableBeanFactory     : Returning cached instance of singleton bean 'org.springframework.boot.actuate.autoconfigure.web.server.ManagementContextAutoConfiguration$SameManagementContextConfiguration$EnableSameManagementContextConfiguration'
2024-09-10T20:48:09.417+09:00 TRACE 86442 --- [learn-spring-boot] [           main] o.s.b.f.s.DefaultListableBeanFactory     : Returning cached instance of singleton bean 'org.springframework.boot.actuate.autoconfigure.web.server.ManagementContextAutoConfiguration$SameManagementContextConfiguration'
2024-09-10T20:48:09.417+09:00 TRACE 86442 --- [learn-spring-boot] [           main] o.s.b.f.s.DefaultListableBeanFactory     : Returning cached instance of singleton bean 'org.springframework.boot.actuate.autoconfigure.web.server.ManagementContextAutoConfiguration'
2024-09-10T20:48:09.417+09:00 TRACE 86442 --- [learn-spring-boot] [           main] o.s.b.f.s.DefaultListableBeanFactory     : Returning cached instance of singleton bean 'management.server-org.springframework.boot.actuate.autoconfigure.web.server.ManagementServerProperties'
2024-09-10T20:48:09.417+09:00 TRACE 86442 --- [learn-spring-boot] [           main] o.s.b.f.s.DefaultListableBeanFactory     : Returning cached instance of singleton bean 'org.springframework.aop.config.internalAutoProxyCreator'
2024-09-10T20:48:09.417+09:00 TRACE 86442 --- [learn-spring-boot] [           main] o.s.b.f.s.DefaultListableBeanFactory     : Returning cached instance of singleton bean 'org.springframework.boot.test.mock.mockito.MockitoBeans'
2024-09-10T20:48:09.418+09:00 TRACE 86442 --- [learn-spring-boot] [           main] c.DefaultCacheAwareContextLoaderDelegate : Retrieved ApplicationContext [1638249646] from cache with key [WebMergedContextConfiguration@51e7589f testClass = com.in28minutes.springboot.learn_spring_boot.LearnSpringBootApplicationTests, locations = [], classes = [com.in28minutes.springboot.learn_spring_boot.LearnSpringBootApplication], contextInitializerClasses = [], activeProfiles = [], propertySourceDescriptors = [], propertySourceProperties = ["org.springframework.boot.test.context.SpringBootTestContextBootstrapper=true"], contextCustomizers = [org.springframework.boot.test.context.filter.ExcludeFilterContextCustomizer@4f32a3ad, org.springframework.boot.test.json.DuplicateJsonObjectContextCustomizerFactory$DuplicateJsonObjectContextCustomizer@7d900ecf, org.springframework.boot.test.mock.mockito.MockitoContextCustomizer@0, org.springframework.boot.test.web.client.TestRestTemplateContextCustomizer@5b38c1ec, org.springframework.boot.test.web.reactor.netty.DisableReactorResourceFactoryGlobalResourcesContextCustomizerFactory$DisableReactorResourceFactoryGlobalResourcesContextCustomizerCustomizer@2dfaea86, org.springframework.boot.test.autoconfigure.actuate.observability.ObservabilityContextCustomizerFactory$DisableObservabilityContextCustomizer@1f, org.springframework.boot.test.autoconfigure.properties.PropertyMappingContextCustomizer@0, org.springframework.boot.test.autoconfigure.web.servlet.WebDriverContextCustomizer@446a1e84, org.springframework.test.context.support.DynamicPropertiesContextCustomizer@0, org.springframework.boot.test.context.SpringBootTestAnnotation@1f88b976], resourceBasePath = "src/main/webapp", contextLoader = org.springframework.boot.test.context.SpringBootContextLoader, parent = null]
2024-09-10T20:48:09.418+09:00 DEBUG 86442 --- [learn-spring-boot] [           main] org.springframework.test.context.cache   : Spring test ApplicationContext cache statistics: [DefaultContextCache@65cc5252 size = 1, maxSize = 32, parentContextCount = 0, hitCount = 13, missCount = 1, failureCount = 0]
2024-09-10T20:48:09.418+09:00 TRACE 86442 --- [learn-spring-boot] [           main] o.s.b.f.s.DefaultListableBeanFactory     : Returning cached instance of singleton bean 'startupTimeMetrics'
2024-09-10T20:48:09.418+09:00 TRACE 86442 --- [learn-spring-boot] [           main] .c.s.DirtiesContextTestExecutionListener : After test method: context [DefaultTestContext@2dbfa972 testClass = com.in28minutes.springboot.learn_spring_boot.LearnSpringBootApplicationTests, testInstance = com.in28minutes.springboot.learn_spring_boot.LearnSpringBootApplicationTests@46f73ffa, testMethod = contextLoads(), testException = null, mergedContextConfiguration = [WebMergedContextConfiguration@51e7589f testClass = com.in28minutes.springboot.learn_spring_boot.LearnSpringBootApplicationTests, locations = [], classes = [com.in28minutes.springboot.learn_spring_boot.LearnSpringBootApplication], contextInitializerClasses = [], activeProfiles = [], propertySourceDescriptors = [], propertySourceProperties = ["org.springframework.boot.test.context.SpringBootTestContextBootstrapper=true"], contextCustomizers = [org.springframework.boot.test.context.filter.ExcludeFilterContextCustomizer@4f32a3ad, org.springframework.boot.test.json.DuplicateJsonObjectContextCustomizerFactory$DuplicateJsonObjectContextCustomizer@7d900ecf, org.springframework.boot.test.mock.mockito.MockitoContextCustomizer@0, org.springframework.boot.test.web.client.TestRestTemplateContextCustomizer@5b38c1ec, org.springframework.boot.test.web.reactor.netty.DisableReactorResourceFactoryGlobalResourcesContextCustomizerFactory$DisableReactorResourceFactoryGlobalResourcesContextCustomizerCustomizer@2dfaea86, org.springframework.boot.test.autoconfigure.actuate.observability.ObservabilityContextCustomizerFactory$DisableObservabilityContextCustomizer@1f, org.springframework.boot.test.autoconfigure.properties.PropertyMappingContextCustomizer@0, org.springframework.boot.test.autoconfigure.web.servlet.WebDriverContextCustomizer@446a1e84, org.springframework.test.context.support.DynamicPropertiesContextCustomizer@0, org.springframework.boot.test.context.SpringBootTestAnnotation@1f88b976], resourceBasePath = "src/main/webapp", contextLoader = org.springframework.boot.test.context.SpringBootContextLoader, parent = null], attributes = {"org.springframework.test.context.web.ServletTestExecutionListener.activateListener" -> true, "org.springframework.test.context.web.ServletTestExecutionListener.populatedRequestContextHolder" -> true, "org.springframework.test.context.web.ServletTestExecutionListener.resetRequestContextHolder" -> true, "org.springframework.test.context.event.ApplicationEventsTestExecutionListener.recordApplicationEvents" -> false}], class annotated with @DirtiesContext [false] with mode [null], method annotated with @DirtiesContext [false] with mode [null]
2024-09-10T20:48:09.418+09:00 TRACE 86442 --- [learn-spring-boot] [           main] o.s.t.c.w.ServletTestExecutionListener   : Resetting RequestContextHolder for test context [DefaultTestContext@2dbfa972 testClass = com.in28minutes.springboot.learn_spring_boot.LearnSpringBootApplicationTests, testInstance = com.in28minutes.springboot.learn_spring_boot.LearnSpringBootApplicationTests@46f73ffa, testMethod = contextLoads(), testException = null, mergedContextConfiguration = [WebMergedContextConfiguration@51e7589f testClass = com.in28minutes.springboot.learn_spring_boot.LearnSpringBootApplicationTests, locations = [], classes = [com.in28minutes.springboot.learn_spring_boot.LearnSpringBootApplication], contextInitializerClasses = [], activeProfiles = [], propertySourceDescriptors = [], propertySourceProperties = ["org.springframework.boot.test.context.SpringBootTestContextBootstrapper=true"], contextCustomizers = [org.springframework.boot.test.context.filter.ExcludeFilterContextCustomizer@4f32a3ad, org.springframework.boot.test.json.DuplicateJsonObjectContextCustomizerFactory$DuplicateJsonObjectContextCustomizer@7d900ecf, org.springframework.boot.test.mock.mockito.MockitoContextCustomizer@0, org.springframework.boot.test.web.client.TestRestTemplateContextCustomizer@5b38c1ec, org.springframework.boot.test.web.reactor.netty.DisableReactorResourceFactoryGlobalResourcesContextCustomizerFactory$DisableReactorResourceFactoryGlobalResourcesContextCustomizerCustomizer@2dfaea86, org.springframework.boot.test.autoconfigure.actuate.observability.ObservabilityContextCustomizerFactory$DisableObservabilityContextCustomizer@1f, org.springframework.boot.test.autoconfigure.properties.PropertyMappingContextCustomizer@0, org.springframework.boot.test.autoconfigure.web.servlet.WebDriverContextCustomizer@446a1e84, org.springframework.test.context.support.DynamicPropertiesContextCustomizer@0, org.springframework.boot.test.context.SpringBootTestAnnotation@1f88b976], resourceBasePath = "src/main/webapp", contextLoader = org.springframework.boot.test.context.SpringBootContextLoader, parent = null], attributes = {"org.springframework.test.context.web.ServletTestExecutionListener.activateListener" -> true, "org.springframework.test.context.web.ServletTestExecutionListener.populatedRequestContextHolder" -> true, "org.springframework.test.context.web.ServletTestExecutionListener.resetRequestContextHolder" -> true, "org.springframework.test.context.event.ApplicationEventsTestExecutionListener.recordApplicationEvents" -> false}]
]]></system-out>
    <system-err><![CDATA[WARNING: A Java agent has been loaded dynamically (/Users/hyojun/.m2/repository/net/bytebuddy/byte-buddy-agent/1.14.19/byte-buddy-agent-1.14.19.jar)
WARNING: If a serviceability tool is in use, please run with -XX:+EnableDynamicAgentLoading to hide this warning
WARNING: If a serviceability tool is not in use, please run with -Djdk.instrument.traceUsage for more information
WARNING: Dynamic loading of agents will be disallowed by default in a future release
]]></system-err>
  </testcase>
</testsuite>